
===========================================================================
 report_power
============================================================================
======================= Fastest Corner ===================================

Group                  Internal  Switching    Leakage      Total
                          Power      Power      Power      Power (Watts)
----------------------------------------------------------------
Sequential             9.68e-04   4.37e-05   7.26e-10   1.01e-03  48.8%
Combinational          1.04e-04   9.09e-05   5.58e-10   1.95e-04   9.4%
Clock                  5.24e-04   3.41e-04   8.58e-10   8.65e-04  41.8%
Macro                  0.00e+00   0.00e+00   0.00e+00   0.00e+00   0.0%
Pad                    0.00e+00   0.00e+00   0.00e+00   0.00e+00   0.0%
----------------------------------------------------------------
Total                  1.60e-03   4.75e-04   2.14e-09   2.07e-03 100.0%
                          77.0%      23.0%       0.0%

======================= Slowest Corner ===================================

Group                  Internal  Switching    Leakage      Total
                          Power      Power      Power      Power (Watts)
----------------------------------------------------------------
Sequential             6.49e-04   2.89e-05   7.32e-07   6.78e-04  48.0%
Combinational          7.74e-05   6.00e-05   6.45e-07   1.38e-04   9.8%
Clock                  3.77e-04   2.18e-04   1.34e-07   5.96e-04  42.2%
Macro                  0.00e+00   0.00e+00   0.00e+00   0.00e+00   0.0%
Pad                    0.00e+00   0.00e+00   0.00e+00   0.00e+00   0.0%
----------------------------------------------------------------
Total                  1.10e-03   3.07e-04   1.51e-06   1.41e-03 100.0%
                          78.2%      21.7%       0.1%

======================= Typical Corner ===================================

Group                  Internal  Switching    Leakage      Total
                          Power      Power      Power      Power (Watts)
----------------------------------------------------------------
Sequential             8.34e-04   3.69e-05   4.22e-10   8.71e-04  48.7%
Combinational          9.45e-05   7.68e-05   3.76e-10   1.71e-04   9.6%
Clock                  4.59e-04   2.86e-04   5.08e-10   7.45e-04  41.7%
Macro                  0.00e+00   0.00e+00   0.00e+00   0.00e+00   0.0%
Pad                    0.00e+00   0.00e+00   0.00e+00   0.00e+00   0.0%
----------------------------------------------------------------
Total                  1.39e-03   4.00e-04   1.30e-09   1.79e-03 100.0%
                          77.6%      22.4%       0.0%

