
===========================================================================
report_checks -path_delay max (Setup)
============================================================================
======================= Typical Corner ===================================

Startpoint: _188_ (rising edge-triggered flip-flop clocked by core_clock)
Endpoint: _170_ (rising edge-triggered flip-flop clocked by core_clock)
Path Group: core_clock
Path Type: max

Fanout     Cap    Slew   Delay    Time   Description
-----------------------------------------------------------------------------
                  0.00    0.00    0.00   clock core_clock (rise edge)
                          0.00    0.00   clock network delay (ideal)
                  0.00    0.00    0.00 ^ _188_/CLK (sky130_fd_sc_hd__dfxtp_1)
     2    0.00    0.06    0.29    0.29 ^ _188_/Q (sky130_fd_sc_hd__dfxtp_1)
                                         b_q[0] (net)
                  0.06    0.00    0.29 ^ _076_/B (sky130_fd_sc_hd__nand2_1)
     2    0.00    0.04    0.06    0.36 v _076_/Y (sky130_fd_sc_hd__nand2_1)
                                         _035_ (net)
                  0.04    0.00    0.36 v _079_/B1_N (sky130_fd_sc_hd__a21bo_1)
     2    0.01    0.09    0.21    0.57 ^ _079_/X (sky130_fd_sc_hd__a21bo_1)
                                         _037_ (net)
                  0.09    0.00    0.57 ^ _084_/A1 (sky130_fd_sc_hd__a21boi_2)
     3    0.01    0.06    0.08    0.64 v _084_/Y (sky130_fd_sc_hd__a21boi_2)
                                         _041_ (net)
                  0.06    0.00    0.64 v _100_/A1 (sky130_fd_sc_hd__o31a_1)
     4    0.01    0.09    0.35    0.99 v _100_/X (sky130_fd_sc_hd__o31a_1)
                                         _055_ (net)
                  0.09    0.00    0.99 v _121_/A1 (sky130_fd_sc_hd__o31a_1)
     4    0.01    0.10    0.37    1.36 v _121_/X (sky130_fd_sc_hd__o31a_1)
                                         _072_ (net)
                  0.10    0.00    1.36 v _145_/A1 (sky130_fd_sc_hd__o31ai_2)
     3    0.01    0.29    0.34    1.70 ^ _145_/Y (sky130_fd_sc_hd__o31ai_2)
                                         _017_ (net)
                  0.29    0.00    1.70 ^ _158_/A1 (sky130_fd_sc_hd__a211oi_1)
     2    0.01    0.10    0.14    1.84 v _158_/Y (sky130_fd_sc_hd__a211oi_1)
                                         _028_ (net)
                  0.10    0.00    1.84 v _164_/A3 (sky130_fd_sc_hd__o31a_1)
     2    0.01    0.07    0.28    2.11 v _164_/X (sky130_fd_sc_hd__o31a_1)
                                         _033_ (net)
                  0.07    0.00    2.11 v _165_/B (sky130_fd_sc_hd__xor2_1)
     1    0.00    0.05    0.14    2.26 v _165_/X (sky130_fd_sc_hd__xor2_1)
                                         sum_d[15] (net)
                  0.05    0.00    2.26 v _170_/D (sky130_fd_sc_hd__dfxtp_1)
                                  2.26   data arrival time

                  0.00    2.60    2.60   clock core_clock (rise edge)
                          0.00    2.60   clock network delay (ideal)
                          0.00    2.60   clock reconvergence pessimism
                                  2.60 ^ _170_/CLK (sky130_fd_sc_hd__dfxtp_1)
                         -0.12    2.48   library setup time
                                  2.48   data required time
-----------------------------------------------------------------------------
                                  2.48   data required time
                                 -2.26   data arrival time
-----------------------------------------------------------------------------
                                  0.22   slack (MET)


Startpoint: _188_ (rising edge-triggered flip-flop clocked by core_clock)
Endpoint: _171_ (rising edge-triggered flip-flop clocked by core_clock)
Path Group: core_clock
Path Type: max

Fanout     Cap    Slew   Delay    Time   Description
-----------------------------------------------------------------------------
                  0.00    0.00    0.00   clock core_clock (rise edge)
                          0.00    0.00   clock network delay (ideal)
                  0.00    0.00    0.00 ^ _188_/CLK (sky130_fd_sc_hd__dfxtp_1)
     2    0.00    0.06    0.29    0.29 ^ _188_/Q (sky130_fd_sc_hd__dfxtp_1)
                                         b_q[0] (net)
                  0.06    0.00    0.29 ^ _076_/B (sky130_fd_sc_hd__nand2_1)
     2    0.00    0.04    0.06    0.36 v _076_/Y (sky130_fd_sc_hd__nand2_1)
                                         _035_ (net)
                  0.04    0.00    0.36 v _079_/B1_N (sky130_fd_sc_hd__a21bo_1)
     2    0.01    0.09    0.21    0.57 ^ _079_/X (sky130_fd_sc_hd__a21bo_1)
                                         _037_ (net)
                  0.09    0.00    0.57 ^ _084_/A1 (sky130_fd_sc_hd__a21boi_2)
     3    0.01    0.06    0.08    0.64 v _084_/Y (sky130_fd_sc_hd__a21boi_2)
                                         _041_ (net)
                  0.06    0.00    0.64 v _100_/A1 (sky130_fd_sc_hd__o31a_1)
     4    0.01    0.09    0.35    0.99 v _100_/X (sky130_fd_sc_hd__o31a_1)
                                         _055_ (net)
                  0.09    0.00    0.99 v _121_/A1 (sky130_fd_sc_hd__o31a_1)
     4    0.01    0.10    0.37    1.36 v _121_/X (sky130_fd_sc_hd__o31a_1)
                                         _072_ (net)
                  0.10    0.00    1.36 v _145_/A1 (sky130_fd_sc_hd__o31ai_2)
     3    0.01    0.29    0.34    1.70 ^ _145_/Y (sky130_fd_sc_hd__o31ai_2)
                                         _017_ (net)
                  0.29    0.00    1.70 ^ _158_/A1 (sky130_fd_sc_hd__a211oi_1)
     2    0.01    0.10    0.14    1.84 v _158_/Y (sky130_fd_sc_hd__a211oi_1)
                                         _028_ (net)
                  0.10    0.00    1.84 v _164_/A3 (sky130_fd_sc_hd__o31a_1)
     2    0.01    0.07    0.28    2.11 v _164_/X (sky130_fd_sc_hd__o31a_1)
                                         _033_ (net)
                  0.07    0.00    2.11 v _166_/A2 (sky130_fd_sc_hd__o21ai_1)
     1    0.00    0.13    0.15    2.26 ^ _166_/Y (sky130_fd_sc_hd__o21ai_1)
                                         sum_d[16] (net)
                  0.13    0.00    2.26 ^ _171_/D (sky130_fd_sc_hd__dfxtp_1)
                                  2.26   data arrival time

                  0.00    2.60    2.60   clock core_clock (rise edge)
                          0.00    2.60   clock network delay (ideal)
                          0.00    2.60   clock reconvergence pessimism
                                  2.60 ^ _171_/CLK (sky130_fd_sc_hd__dfxtp_1)
                         -0.08    2.52   library setup time
                                  2.52   data required time
-----------------------------------------------------------------------------
                                  2.52   data required time
                                 -2.26   data arrival time
-----------------------------------------------------------------------------
                                  0.26   slack (MET)


Startpoint: _188_ (rising edge-triggered flip-flop clocked by core_clock)
Endpoint: _169_ (rising edge-triggered flip-flop clocked by core_clock)
Path Group: core_clock
Path Type: max

Fanout     Cap    Slew   Delay    Time   Description
-----------------------------------------------------------------------------
                  0.00    0.00    0.00   clock core_clock (rise edge)
                          0.00    0.00   clock network delay (ideal)
                  0.00    0.00    0.00 ^ _188_/CLK (sky130_fd_sc_hd__dfxtp_1)
     2    0.00    0.06    0.29    0.29 ^ _188_/Q (sky130_fd_sc_hd__dfxtp_1)
                                         b_q[0] (net)
                  0.06    0.00    0.29 ^ _076_/B (sky130_fd_sc_hd__nand2_1)
     2    0.00    0.04    0.06    0.36 v _076_/Y (sky130_fd_sc_hd__nand2_1)
                                         _035_ (net)
                  0.04    0.00    0.36 v _079_/B1_N (sky130_fd_sc_hd__a21bo_1)
     2    0.01    0.09    0.21    0.57 ^ _079_/X (sky130_fd_sc_hd__a21bo_1)
                                         _037_ (net)
                  0.09    0.00    0.57 ^ _084_/A1 (sky130_fd_sc_hd__a21boi_2)
     3    0.01    0.06    0.08    0.64 v _084_/Y (sky130_fd_sc_hd__a21boi_2)
                                         _041_ (net)
                  0.06    0.00    0.64 v _100_/A1 (sky130_fd_sc_hd__o31a_1)
     4    0.01    0.09    0.35    0.99 v _100_/X (sky130_fd_sc_hd__o31a_1)
                                         _055_ (net)
                  0.09    0.00    0.99 v _121_/A1 (sky130_fd_sc_hd__o31a_1)
     4    0.01    0.10    0.37    1.36 v _121_/X (sky130_fd_sc_hd__o31a_1)
                                         _072_ (net)
                  0.10    0.00    1.36 v _145_/A1 (sky130_fd_sc_hd__o31ai_2)
     3    0.01    0.29    0.34    1.70 ^ _145_/Y (sky130_fd_sc_hd__o31ai_2)
                                         _017_ (net)
                  0.29    0.00    1.70 ^ _158_/A1 (sky130_fd_sc_hd__a211oi_1)
     2    0.01    0.10    0.14    1.84 v _158_/Y (sky130_fd_sc_hd__a211oi_1)
                                         _028_ (net)
                  0.10    0.00    1.84 v _159_/B (sky130_fd_sc_hd__nor2_1)
     1    0.01    0.12    0.13    1.97 ^ _159_/Y (sky130_fd_sc_hd__nor2_1)
                                         _029_ (net)
                  0.12    0.00    1.97 ^ _160_/B (sky130_fd_sc_hd__xnor2_1)
     1    0.00    0.15    0.14    2.11 ^ _160_/Y (sky130_fd_sc_hd__xnor2_1)
                                         sum_d[14] (net)
                  0.15    0.00    2.11 ^ _169_/D (sky130_fd_sc_hd__dfxtp_1)
                                  2.11   data arrival time

                  0.00    2.60    2.60   clock core_clock (rise edge)
                          0.00    2.60   clock network delay (ideal)
                          0.00    2.60   clock reconvergence pessimism
                                  2.60 ^ _169_/CLK (sky130_fd_sc_hd__dfxtp_1)
                         -0.09    2.51   library setup time
                                  2.51   data required time
-----------------------------------------------------------------------------
                                  2.51   data required time
                                 -2.11   data arrival time
-----------------------------------------------------------------------------
                                  0.41   slack (MET)


Startpoint: _188_ (rising edge-triggered flip-flop clocked by core_clock)
Endpoint: _168_ (rising edge-triggered flip-flop clocked by core_clock)
Path Group: core_clock
Path Type: max

Fanout     Cap    Slew   Delay    Time   Description
-----------------------------------------------------------------------------
                  0.00    0.00    0.00   clock core_clock (rise edge)
                          0.00    0.00   clock network delay (ideal)
                  0.00    0.00    0.00 ^ _188_/CLK (sky130_fd_sc_hd__dfxtp_1)
     2    0.00    0.06    0.29    0.29 ^ _188_/Q (sky130_fd_sc_hd__dfxtp_1)
                                         b_q[0] (net)
                  0.06    0.00    0.29 ^ _076_/B (sky130_fd_sc_hd__nand2_1)
     2    0.00    0.04    0.06    0.36 v _076_/Y (sky130_fd_sc_hd__nand2_1)
                                         _035_ (net)
                  0.04    0.00    0.36 v _079_/B1_N (sky130_fd_sc_hd__a21bo_1)
     2    0.01    0.09    0.21    0.57 ^ _079_/X (sky130_fd_sc_hd__a21bo_1)
                                         _037_ (net)
                  0.09    0.00    0.57 ^ _084_/A1 (sky130_fd_sc_hd__a21boi_2)
     3    0.01    0.06    0.08    0.64 v _084_/Y (sky130_fd_sc_hd__a21boi_2)
                                         _041_ (net)
                  0.06    0.00    0.64 v _100_/A1 (sky130_fd_sc_hd__o31a_1)
     4    0.01    0.09    0.35    0.99 v _100_/X (sky130_fd_sc_hd__o31a_1)
                                         _055_ (net)
                  0.09    0.00    0.99 v _121_/A1 (sky130_fd_sc_hd__o31a_1)
     4    0.01    0.10    0.37    1.36 v _121_/X (sky130_fd_sc_hd__o31a_1)
                                         _072_ (net)
                  0.10    0.00    1.36 v _145_/A1 (sky130_fd_sc_hd__o31ai_2)
     3    0.01    0.29    0.34    1.70 ^ _145_/Y (sky130_fd_sc_hd__o31ai_2)
                                         _017_ (net)
                  0.29    0.00    1.70 ^ _153_/A1 (sky130_fd_sc_hd__a21o_1)
     1    0.01    0.06    0.17    1.87 ^ _153_/X (sky130_fd_sc_hd__a21o_1)
                                         _024_ (net)
                  0.06    0.00    1.87 ^ _154_/B (sky130_fd_sc_hd__xnor2_1)
     1    0.00    0.15    0.12    1.99 ^ _154_/Y (sky130_fd_sc_hd__xnor2_1)
                                         sum_d[13] (net)
                  0.15    0.00    1.99 ^ _168_/D (sky130_fd_sc_hd__dfxtp_1)
                                  1.99   data arrival time

                  0.00    2.60    2.60   clock core_clock (rise edge)
                          0.00    2.60   clock network delay (ideal)
                          0.00    2.60   clock reconvergence pessimism
                                  2.60 ^ _168_/CLK (sky130_fd_sc_hd__dfxtp_1)
                         -0.09    2.51   library setup time
                                  2.51   data required time
-----------------------------------------------------------------------------
                                  2.51   data required time
                                 -1.99   data arrival time
-----------------------------------------------------------------------------
                                  0.53   slack (MET)


Startpoint: _188_ (rising edge-triggered flip-flop clocked by core_clock)
Endpoint: _216_ (rising edge-triggered flip-flop clocked by core_clock)
Path Group: core_clock
Path Type: max

Fanout     Cap    Slew   Delay    Time   Description
-----------------------------------------------------------------------------
                  0.00    0.00    0.00   clock core_clock (rise edge)
                          0.00    0.00   clock network delay (ideal)
                  0.00    0.00    0.00 ^ _188_/CLK (sky130_fd_sc_hd__dfxtp_1)
     2    0.00    0.06    0.29    0.29 ^ _188_/Q (sky130_fd_sc_hd__dfxtp_1)
                                         b_q[0] (net)
                  0.06    0.00    0.29 ^ _076_/B (sky130_fd_sc_hd__nand2_1)
     2    0.00    0.04    0.06    0.36 v _076_/Y (sky130_fd_sc_hd__nand2_1)
                                         _035_ (net)
                  0.04    0.00    0.36 v _079_/B1_N (sky130_fd_sc_hd__a21bo_1)
     2    0.01    0.09    0.21    0.57 ^ _079_/X (sky130_fd_sc_hd__a21bo_1)
                                         _037_ (net)
                  0.09    0.00    0.57 ^ _084_/A1 (sky130_fd_sc_hd__a21boi_2)
     3    0.01    0.06    0.08    0.64 v _084_/Y (sky130_fd_sc_hd__a21boi_2)
                                         _041_ (net)
                  0.06    0.00    0.64 v _100_/A1 (sky130_fd_sc_hd__o31a_1)
     4    0.01    0.09    0.35    0.99 v _100_/X (sky130_fd_sc_hd__o31a_1)
                                         _055_ (net)
                  0.09    0.00    0.99 v _121_/A1 (sky130_fd_sc_hd__o31a_1)
     4    0.01    0.10    0.37    1.36 v _121_/X (sky130_fd_sc_hd__o31a_1)
                                         _072_ (net)
                  0.10    0.00    1.36 v _133_/A1 (sky130_fd_sc_hd__o21a_1)
     2    0.01    0.06    0.22    1.58 v _133_/X (sky130_fd_sc_hd__o21a_1)
                                         _007_ (net)
                  0.06    0.00    1.58 v _138_/A2 (sky130_fd_sc_hd__o21a_1)
     1    0.00    0.04    0.18    1.76 v _138_/X (sky130_fd_sc_hd__o21a_1)
                                         _011_ (net)
                  0.04    0.00    1.76 v _139_/B (sky130_fd_sc_hd__xnor2_1)
     1    0.00    0.06    0.12    1.88 v _139_/Y (sky130_fd_sc_hd__xnor2_1)
                                         sum_d[11] (net)
                  0.06    0.00    1.88 v _216_/D (sky130_fd_sc_hd__dfxtp_1)
                                  1.88   data arrival time

                  0.00    2.60    2.60   clock core_clock (rise edge)
                          0.00    2.60   clock network delay (ideal)
                          0.00    2.60   clock reconvergence pessimism
                                  2.60 ^ _216_/CLK (sky130_fd_sc_hd__dfxtp_1)
                         -0.13    2.47   library setup time
                                  2.47   data required time
-----------------------------------------------------------------------------
                                  2.47   data required time
                                 -1.88   data arrival time
-----------------------------------------------------------------------------
                                  0.59   slack (MET)


Startpoint: _188_ (rising edge-triggered flip-flop clocked by core_clock)
Endpoint: _167_ (rising edge-triggered flip-flop clocked by core_clock)
Path Group: core_clock
Path Type: max

Fanout     Cap    Slew   Delay    Time   Description
-----------------------------------------------------------------------------
                  0.00    0.00    0.00   clock core_clock (rise edge)
                          0.00    0.00   clock network delay (ideal)
                  0.00    0.00    0.00 ^ _188_/CLK (sky130_fd_sc_hd__dfxtp_1)
     2    0.00    0.06    0.29    0.29 ^ _188_/Q (sky130_fd_sc_hd__dfxtp_1)
                                         b_q[0] (net)
                  0.06    0.00    0.29 ^ _076_/B (sky130_fd_sc_hd__nand2_1)
     2    0.00    0.04    0.06    0.36 v _076_/Y (sky130_fd_sc_hd__nand2_1)
                                         _035_ (net)
                  0.04    0.00    0.36 v _079_/B1_N (sky130_fd_sc_hd__a21bo_1)
     2    0.01    0.09    0.21    0.57 ^ _079_/X (sky130_fd_sc_hd__a21bo_1)
                                         _037_ (net)
                  0.09    0.00    0.57 ^ _084_/A1 (sky130_fd_sc_hd__a21boi_2)
     3    0.01    0.06    0.08    0.64 v _084_/Y (sky130_fd_sc_hd__a21boi_2)
                                         _041_ (net)
                  0.06    0.00    0.64 v _100_/A1 (sky130_fd_sc_hd__o31a_1)
     4    0.01    0.09    0.35    0.99 v _100_/X (sky130_fd_sc_hd__o31a_1)
                                         _055_ (net)
                  0.09    0.00    0.99 v _121_/A1 (sky130_fd_sc_hd__o31a_1)
     4    0.01    0.10    0.37    1.36 v _121_/X (sky130_fd_sc_hd__o31a_1)
                                         _072_ (net)
                  0.10    0.00    1.36 v _145_/A1 (sky130_fd_sc_hd__o31ai_2)
     3    0.01    0.29    0.34    1.70 ^ _145_/Y (sky130_fd_sc_hd__o31ai_2)
                                         _017_ (net)
                  0.29    0.00    1.70 ^ _149_/A (sky130_fd_sc_hd__xor2_1)
     1    0.00    0.14    0.20    1.89 ^ _149_/X (sky130_fd_sc_hd__xor2_1)
                                         sum_d[12] (net)
                  0.14    0.00    1.89 ^ _167_/D (sky130_fd_sc_hd__dfxtp_1)
                                  1.89   data arrival time

                  0.00    2.60    2.60   clock core_clock (rise edge)
                          0.00    2.60   clock network delay (ideal)
                          0.00    2.60   clock reconvergence pessimism
                                  2.60 ^ _167_/CLK (sky130_fd_sc_hd__dfxtp_1)
                         -0.08    2.52   library setup time
                                  2.52   data required time
-----------------------------------------------------------------------------
                                  2.52   data required time
                                 -1.89   data arrival time
-----------------------------------------------------------------------------
                                  0.62   slack (MET)


Startpoint: _188_ (rising edge-triggered flip-flop clocked by core_clock)
Endpoint: _215_ (rising edge-triggered flip-flop clocked by core_clock)
Path Group: core_clock
Path Type: max

Fanout     Cap    Slew   Delay    Time   Description
-----------------------------------------------------------------------------
                  0.00    0.00    0.00   clock core_clock (rise edge)
                          0.00    0.00   clock network delay (ideal)
                  0.00    0.00    0.00 ^ _188_/CLK (sky130_fd_sc_hd__dfxtp_1)
     2    0.00    0.06    0.29    0.29 ^ _188_/Q (sky130_fd_sc_hd__dfxtp_1)
                                         b_q[0] (net)
                  0.06    0.00    0.29 ^ _076_/B (sky130_fd_sc_hd__nand2_1)
     2    0.00    0.04    0.06    0.36 v _076_/Y (sky130_fd_sc_hd__nand2_1)
                                         _035_ (net)
                  0.04    0.00    0.36 v _079_/B1_N (sky130_fd_sc_hd__a21bo_1)
     2    0.01    0.09    0.21    0.57 ^ _079_/X (sky130_fd_sc_hd__a21bo_1)
                                         _037_ (net)
                  0.09    0.00    0.57 ^ _084_/A1 (sky130_fd_sc_hd__a21boi_2)
     3    0.01    0.06    0.08    0.64 v _084_/Y (sky130_fd_sc_hd__a21boi_2)
                                         _041_ (net)
                  0.06    0.00    0.64 v _100_/A1 (sky130_fd_sc_hd__o31a_1)
     4    0.01    0.09    0.35    0.99 v _100_/X (sky130_fd_sc_hd__o31a_1)
                                         _055_ (net)
                  0.09    0.00    0.99 v _121_/A1 (sky130_fd_sc_hd__o31a_1)
     4    0.01    0.10    0.37    1.36 v _121_/X (sky130_fd_sc_hd__o31a_1)
                                         _072_ (net)
                  0.10    0.00    1.36 v _133_/A1 (sky130_fd_sc_hd__o21a_1)
     2    0.01    0.06    0.22    1.58 v _133_/X (sky130_fd_sc_hd__o21a_1)
                                         _007_ (net)
                  0.06    0.00    1.58 v _134_/B (sky130_fd_sc_hd__xnor2_1)
     1    0.00    0.06    0.13    1.71 v _134_/Y (sky130_fd_sc_hd__xnor2_1)
                                         sum_d[10] (net)
                  0.06    0.00    1.71 v _215_/D (sky130_fd_sc_hd__dfxtp_1)
                                  1.71   data arrival time

                  0.00    2.60    2.60   clock core_clock (rise edge)
                          0.00    2.60   clock network delay (ideal)
                          0.00    2.60   clock reconvergence pessimism
                                  2.60 ^ _215_/CLK (sky130_fd_sc_hd__dfxtp_1)
                         -0.13    2.47   library setup time
                                  2.47   data required time
-----------------------------------------------------------------------------
                                  2.47   data required time
                                 -1.71   data arrival time
-----------------------------------------------------------------------------
                                  0.76   slack (MET)


Startpoint: _188_ (rising edge-triggered flip-flop clocked by core_clock)
Endpoint: _214_ (rising edge-triggered flip-flop clocked by core_clock)
Path Group: core_clock
Path Type: max

Fanout     Cap    Slew   Delay    Time   Description
-----------------------------------------------------------------------------
                  0.00    0.00    0.00   clock core_clock (rise edge)
                          0.00    0.00   clock network delay (ideal)
                  0.00    0.00    0.00 ^ _188_/CLK (sky130_fd_sc_hd__dfxtp_1)
     2    0.00    0.06    0.29    0.29 ^ _188_/Q (sky130_fd_sc_hd__dfxtp_1)
                                         b_q[0] (net)
                  0.06    0.00    0.29 ^ _076_/B (sky130_fd_sc_hd__nand2_1)
     2    0.00    0.04    0.06    0.36 v _076_/Y (sky130_fd_sc_hd__nand2_1)
                                         _035_ (net)
                  0.04    0.00    0.36 v _079_/B1_N (sky130_fd_sc_hd__a21bo_1)
     2    0.01    0.09    0.21    0.57 ^ _079_/X (sky130_fd_sc_hd__a21bo_1)
                                         _037_ (net)
                  0.09    0.00    0.57 ^ _084_/A1 (sky130_fd_sc_hd__a21boi_2)
     3    0.01    0.06    0.08    0.64 v _084_/Y (sky130_fd_sc_hd__a21boi_2)
                                         _041_ (net)
                  0.06    0.00    0.64 v _100_/A1 (sky130_fd_sc_hd__o31a_1)
     4    0.01    0.09    0.35    0.99 v _100_/X (sky130_fd_sc_hd__o31a_1)
                                         _055_ (net)
                  0.09    0.00    0.99 v _121_/A1 (sky130_fd_sc_hd__o31a_1)
     4    0.01    0.10    0.37    1.36 v _121_/X (sky130_fd_sc_hd__o31a_1)
                                         _072_ (net)
                  0.10    0.00    1.36 v _127_/A1 (sky130_fd_sc_hd__o21a_1)
     1    0.00    0.04    0.21    1.57 v _127_/X (sky130_fd_sc_hd__o21a_1)
                                         _002_ (net)
                  0.04    0.00    1.57 v _128_/B (sky130_fd_sc_hd__xnor2_1)
     1    0.00    0.05    0.12    1.68 v _128_/Y (sky130_fd_sc_hd__xnor2_1)
                                         sum_d[9] (net)
                  0.05    0.00    1.68 v _214_/D (sky130_fd_sc_hd__dfxtp_1)
                                  1.68   data arrival time

                  0.00    2.60    2.60   clock core_clock (rise edge)
                          0.00    2.60   clock network delay (ideal)
                          0.00    2.60   clock reconvergence pessimism
                                  2.60 ^ _214_/CLK (sky130_fd_sc_hd__dfxtp_1)
                         -0.12    2.48   library setup time
                                  2.48   data required time
-----------------------------------------------------------------------------
                                  2.48   data required time
                                 -1.68   data arrival time
-----------------------------------------------------------------------------
                                  0.79   slack (MET)


Startpoint: _188_ (rising edge-triggered flip-flop clocked by core_clock)
Endpoint: _213_ (rising edge-triggered flip-flop clocked by core_clock)
Path Group: core_clock
Path Type: max

Fanout     Cap    Slew   Delay    Time   Description
-----------------------------------------------------------------------------
                  0.00    0.00    0.00   clock core_clock (rise edge)
                          0.00    0.00   clock network delay (ideal)
                  0.00    0.00    0.00 ^ _188_/CLK (sky130_fd_sc_hd__dfxtp_1)
     2    0.00    0.06    0.29    0.29 ^ _188_/Q (sky130_fd_sc_hd__dfxtp_1)
                                         b_q[0] (net)
                  0.06    0.00    0.29 ^ _076_/B (sky130_fd_sc_hd__nand2_1)
     2    0.00    0.04    0.06    0.36 v _076_/Y (sky130_fd_sc_hd__nand2_1)
                                         _035_ (net)
                  0.04    0.00    0.36 v _079_/B1_N (sky130_fd_sc_hd__a21bo_1)
     2    0.01    0.09    0.21    0.57 ^ _079_/X (sky130_fd_sc_hd__a21bo_1)
                                         _037_ (net)
                  0.09    0.00    0.57 ^ _084_/A1 (sky130_fd_sc_hd__a21boi_2)
     3    0.01    0.06    0.08    0.64 v _084_/Y (sky130_fd_sc_hd__a21boi_2)
                                         _041_ (net)
                  0.06    0.00    0.64 v _100_/A1 (sky130_fd_sc_hd__o31a_1)
     4    0.01    0.09    0.35    0.99 v _100_/X (sky130_fd_sc_hd__o31a_1)
                                         _055_ (net)
                  0.09    0.00    0.99 v _121_/A1 (sky130_fd_sc_hd__o31a_1)
     4    0.01    0.10    0.37    1.36 v _121_/X (sky130_fd_sc_hd__o31a_1)
                                         _072_ (net)
                  0.10    0.00    1.36 v _125_/A (sky130_fd_sc_hd__xor2_1)
     1    0.00    0.05    0.17    1.53 v _125_/X (sky130_fd_sc_hd__xor2_1)
                                         sum_d[8] (net)
                  0.05    0.00    1.53 v _213_/D (sky130_fd_sc_hd__dfxtp_1)
                                  1.53   data arrival time

                  0.00    2.60    2.60   clock core_clock (rise edge)
                          0.00    2.60   clock network delay (ideal)
                          0.00    2.60   clock reconvergence pessimism
                                  2.60 ^ _213_/CLK (sky130_fd_sc_hd__dfxtp_1)
                         -0.12    2.48   library setup time
                                  2.48   data required time
-----------------------------------------------------------------------------
                                  2.48   data required time
                                 -1.53   data arrival time
-----------------------------------------------------------------------------
                                  0.95   slack (MET)


Startpoint: _172_ (rising edge-triggered flip-flop clocked by core_clock)
Endpoint: _212_ (rising edge-triggered flip-flop clocked by core_clock)
Path Group: core_clock
Path Type: max

Fanout     Cap    Slew   Delay    Time   Description
-----------------------------------------------------------------------------
                  0.00    0.00    0.00   clock core_clock (rise edge)
                          0.00    0.00   clock network delay (ideal)
                  0.00    0.00    0.00 ^ _172_/CLK (sky130_fd_sc_hd__dfxtp_1)
     2    0.00    0.03    0.28    0.28 v _172_/Q (sky130_fd_sc_hd__dfxtp_1)
                                         a_q[0] (net)
                  0.03    0.00    0.28 v _075_/A (sky130_fd_sc_hd__or2_1)
     2    0.01    0.06    0.23    0.51 v _075_/X (sky130_fd_sc_hd__or2_1)
                                         _034_ (net)
                  0.06    0.00    0.51 v _079_/A2 (sky130_fd_sc_hd__a21bo_1)
     2    0.01    0.06    0.22    0.73 v _079_/X (sky130_fd_sc_hd__a21bo_1)
                                         _037_ (net)
                  0.06    0.00    0.73 v _084_/A1 (sky130_fd_sc_hd__a21boi_2)
     3    0.01    0.16    0.18    0.91 ^ _084_/Y (sky130_fd_sc_hd__a21boi_2)
                                         _041_ (net)
                  0.16    0.00    0.91 ^ _100_/A1 (sky130_fd_sc_hd__o31a_1)
     4    0.01    0.16    0.24    1.15 ^ _100_/X (sky130_fd_sc_hd__o31a_1)
                                         _055_ (net)
                  0.16    0.00    1.15 ^ _111_/A1 (sky130_fd_sc_hd__o21a_1)
     2    0.01    0.09    0.18    1.33 ^ _111_/X (sky130_fd_sc_hd__o21a_1)
                                         _064_ (net)
                  0.09    0.00    1.33 ^ _117_/A2 (sky130_fd_sc_hd__o21a_1)
     1    0.00    0.06    0.12    1.46 ^ _117_/X (sky130_fd_sc_hd__o21a_1)
                                         _069_ (net)
                  0.06    0.00    1.46 ^ _118_/B (sky130_fd_sc_hd__xnor2_1)
     1    0.00    0.10    0.10    1.56 ^ _118_/Y (sky130_fd_sc_hd__xnor2_1)
                                         sum_d[7] (net)
                  0.10    0.00    1.56 ^ _212_/D (sky130_fd_sc_hd__dfxtp_1)
                                  1.56   data arrival time

                  0.00    2.60    2.60   clock core_clock (rise edge)
                          0.00    2.60   clock network delay (ideal)
                          0.00    2.60   clock reconvergence pessimism
                                  2.60 ^ _212_/CLK (sky130_fd_sc_hd__dfxtp_1)
                         -0.07    2.53   library setup time
                                  2.53   data required time
-----------------------------------------------------------------------------
                                  2.53   data required time
                                 -1.56   data arrival time
-----------------------------------------------------------------------------
                                  0.97   slack (MET)


Startpoint: _172_ (rising edge-triggered flip-flop clocked by core_clock)
Endpoint: _211_ (rising edge-triggered flip-flop clocked by core_clock)
Path Group: core_clock
Path Type: max

Fanout     Cap    Slew   Delay    Time   Description
-----------------------------------------------------------------------------
                  0.00    0.00    0.00   clock core_clock (rise edge)
                          0.00    0.00   clock network delay (ideal)
                  0.00    0.00    0.00 ^ _172_/CLK (sky130_fd_sc_hd__dfxtp_1)
     2    0.00    0.03    0.28    0.28 v _172_/Q (sky130_fd_sc_hd__dfxtp_1)
                                         a_q[0] (net)
                  0.03    0.00    0.28 v _075_/A (sky130_fd_sc_hd__or2_1)
     2    0.01    0.06    0.23    0.51 v _075_/X (sky130_fd_sc_hd__or2_1)
                                         _034_ (net)
                  0.06    0.00    0.51 v _079_/A2 (sky130_fd_sc_hd__a21bo_1)
     2    0.01    0.06    0.22    0.73 v _079_/X (sky130_fd_sc_hd__a21bo_1)
                                         _037_ (net)
                  0.06    0.00    0.73 v _084_/A1 (sky130_fd_sc_hd__a21boi_2)
     3    0.01    0.16    0.18    0.91 ^ _084_/Y (sky130_fd_sc_hd__a21boi_2)
                                         _041_ (net)
                  0.16    0.00    0.91 ^ _100_/A1 (sky130_fd_sc_hd__o31a_1)
     4    0.01    0.16    0.24    1.15 ^ _100_/X (sky130_fd_sc_hd__o31a_1)
                                         _055_ (net)
                  0.16    0.00    1.15 ^ _111_/A1 (sky130_fd_sc_hd__o21a_1)
     2    0.01    0.09    0.18    1.33 ^ _111_/X (sky130_fd_sc_hd__o21a_1)
                                         _064_ (net)
                  0.09    0.00    1.33 ^ _112_/B (sky130_fd_sc_hd__xnor2_1)
     1    0.00    0.12    0.12    1.45 ^ _112_/Y (sky130_fd_sc_hd__xnor2_1)
                                         sum_d[6] (net)
                  0.12    0.00    1.45 ^ _211_/D (sky130_fd_sc_hd__dfxtp_1)
                                  1.45   data arrival time

                  0.00    2.60    2.60   clock core_clock (rise edge)
                          0.00    2.60   clock network delay (ideal)
                          0.00    2.60   clock reconvergence pessimism
                                  2.60 ^ _211_/CLK (sky130_fd_sc_hd__dfxtp_1)
                         -0.08    2.52   library setup time
                                  2.52   data required time
-----------------------------------------------------------------------------
                                  2.52   data required time
                                 -1.45   data arrival time
-----------------------------------------------------------------------------
                                  1.07   slack (MET)


Startpoint: _172_ (rising edge-triggered flip-flop clocked by core_clock)
Endpoint: _210_ (rising edge-triggered flip-flop clocked by core_clock)
Path Group: core_clock
Path Type: max

Fanout     Cap    Slew   Delay    Time   Description
-----------------------------------------------------------------------------
                  0.00    0.00    0.00   clock core_clock (rise edge)
                          0.00    0.00   clock network delay (ideal)
                  0.00    0.00    0.00 ^ _172_/CLK (sky130_fd_sc_hd__dfxtp_1)
     2    0.00    0.03    0.28    0.28 v _172_/Q (sky130_fd_sc_hd__dfxtp_1)
                                         a_q[0] (net)
                  0.03    0.00    0.28 v _075_/A (sky130_fd_sc_hd__or2_1)
     2    0.01    0.06    0.23    0.51 v _075_/X (sky130_fd_sc_hd__or2_1)
                                         _034_ (net)
                  0.06    0.00    0.51 v _079_/A2 (sky130_fd_sc_hd__a21bo_1)
     2    0.01    0.06    0.22    0.73 v _079_/X (sky130_fd_sc_hd__a21bo_1)
                                         _037_ (net)
                  0.06    0.00    0.73 v _084_/A1 (sky130_fd_sc_hd__a21boi_2)
     3    0.01    0.16    0.18    0.91 ^ _084_/Y (sky130_fd_sc_hd__a21boi_2)
                                         _041_ (net)
                  0.16    0.00    0.91 ^ _100_/A1 (sky130_fd_sc_hd__o31a_1)
     4    0.01    0.16    0.24    1.15 ^ _100_/X (sky130_fd_sc_hd__o31a_1)
                                         _055_ (net)
                  0.16    0.00    1.15 ^ _103_/A2 (sky130_fd_sc_hd__o21a_1)
     1    0.00    0.06    0.14    1.29 ^ _103_/X (sky130_fd_sc_hd__o21a_1)
                                         _057_ (net)
                  0.06    0.00    1.29 ^ _104_/B (sky130_fd_sc_hd__xnor2_1)
     1    0.00    0.06    0.06    1.35 v _104_/Y (sky130_fd_sc_hd__xnor2_1)
                                         sum_d[5] (net)
                  0.06    0.00    1.35 v _210_/D (sky130_fd_sc_hd__dfxtp_1)
                                  1.35   data arrival time

                  0.00    2.60    2.60   clock core_clock (rise edge)
                          0.00    2.60   clock network delay (ideal)
                          0.00    2.60   clock reconvergence pessimism
                                  2.60 ^ _210_/CLK (sky130_fd_sc_hd__dfxtp_1)
                         -0.13    2.47   library setup time
                                  2.47   data required time
-----------------------------------------------------------------------------
                                  2.47   data required time
                                 -1.35   data arrival time
-----------------------------------------------------------------------------
                                  1.12   slack (MET)


Startpoint: _172_ (rising edge-triggered flip-flop clocked by core_clock)
Endpoint: _209_ (rising edge-triggered flip-flop clocked by core_clock)
Path Group: core_clock
Path Type: max

Fanout     Cap    Slew   Delay    Time   Description
-----------------------------------------------------------------------------
                  0.00    0.00    0.00   clock core_clock (rise edge)
                          0.00    0.00   clock network delay (ideal)
                  0.00    0.00    0.00 ^ _172_/CLK (sky130_fd_sc_hd__dfxtp_1)
     2    0.00    0.03    0.28    0.28 v _172_/Q (sky130_fd_sc_hd__dfxtp_1)
                                         a_q[0] (net)
                  0.03    0.00    0.28 v _075_/A (sky130_fd_sc_hd__or2_1)
     2    0.01    0.06    0.23    0.51 v _075_/X (sky130_fd_sc_hd__or2_1)
                                         _034_ (net)
                  0.06    0.00    0.51 v _079_/A2 (sky130_fd_sc_hd__a21bo_1)
     2    0.01    0.06    0.22    0.73 v _079_/X (sky130_fd_sc_hd__a21bo_1)
                                         _037_ (net)
                  0.06    0.00    0.73 v _084_/A1 (sky130_fd_sc_hd__a21boi_2)
     3    0.01    0.16    0.18    0.91 ^ _084_/Y (sky130_fd_sc_hd__a21boi_2)
                                         _041_ (net)
                  0.16    0.00    0.91 ^ _100_/A1 (sky130_fd_sc_hd__o31a_1)
     4    0.01    0.16    0.24    1.15 ^ _100_/X (sky130_fd_sc_hd__o31a_1)
                                         _055_ (net)
                  0.16    0.00    1.15 ^ _101_/B (sky130_fd_sc_hd__xnor2_1)
     1    0.00    0.11    0.13    1.28 ^ _101_/Y (sky130_fd_sc_hd__xnor2_1)
                                         sum_d[4] (net)
                  0.11    0.00    1.28 ^ _209_/D (sky130_fd_sc_hd__dfxtp_1)
                                  1.28   data arrival time

                  0.00    2.60    2.60   clock core_clock (rise edge)
                          0.00    2.60   clock network delay (ideal)
                          0.00    2.60   clock reconvergence pessimism
                                  2.60 ^ _209_/CLK (sky130_fd_sc_hd__dfxtp_1)
                         -0.08    2.52   library setup time
                                  2.52   data required time
-----------------------------------------------------------------------------
                                  2.52   data required time
                                 -1.28   data arrival time
-----------------------------------------------------------------------------
                                  1.24   slack (MET)


Startpoint: _172_ (rising edge-triggered flip-flop clocked by core_clock)
Endpoint: _208_ (rising edge-triggered flip-flop clocked by core_clock)
Path Group: core_clock
Path Type: max

Fanout     Cap    Slew   Delay    Time   Description
-----------------------------------------------------------------------------
                  0.00    0.00    0.00   clock core_clock (rise edge)
                          0.00    0.00   clock network delay (ideal)
                  0.00    0.00    0.00 ^ _172_/CLK (sky130_fd_sc_hd__dfxtp_1)
     2    0.00    0.03    0.28    0.28 v _172_/Q (sky130_fd_sc_hd__dfxtp_1)
                                         a_q[0] (net)
                  0.03    0.00    0.28 v _075_/A (sky130_fd_sc_hd__or2_1)
     2    0.01    0.06    0.23    0.51 v _075_/X (sky130_fd_sc_hd__or2_1)
                                         _034_ (net)
                  0.06    0.00    0.51 v _079_/A2 (sky130_fd_sc_hd__a21bo_1)
     2    0.01    0.06    0.22    0.73 v _079_/X (sky130_fd_sc_hd__a21bo_1)
                                         _037_ (net)
                  0.06    0.00    0.73 v _084_/A1 (sky130_fd_sc_hd__a21boi_2)
     3    0.01    0.16    0.18    0.91 ^ _084_/Y (sky130_fd_sc_hd__a21boi_2)
                                         _041_ (net)
                  0.16    0.00    0.91 ^ _092_/A1 (sky130_fd_sc_hd__o21a_1)
     1    0.01    0.06    0.16    1.07 ^ _092_/X (sky130_fd_sc_hd__o21a_1)
                                         _048_ (net)
                  0.06    0.00    1.07 ^ _093_/B (sky130_fd_sc_hd__xnor2_1)
     1    0.00    0.05    0.05    1.13 v _093_/Y (sky130_fd_sc_hd__xnor2_1)
                                         sum_d[3] (net)
                  0.05    0.00    1.13 v _208_/D (sky130_fd_sc_hd__dfxtp_1)
                                  1.13   data arrival time

                  0.00    2.60    2.60   clock core_clock (rise edge)
                          0.00    2.60   clock network delay (ideal)
                          0.00    2.60   clock reconvergence pessimism
                                  2.60 ^ _208_/CLK (sky130_fd_sc_hd__dfxtp_1)
                         -0.12    2.48   library setup time
                                  2.48   data required time
-----------------------------------------------------------------------------
                                  2.48   data required time
                                 -1.13   data arrival time
-----------------------------------------------------------------------------
                                  1.35   slack (MET)


Startpoint: _172_ (rising edge-triggered flip-flop clocked by core_clock)
Endpoint: _207_ (rising edge-triggered flip-flop clocked by core_clock)
Path Group: core_clock
Path Type: max

Fanout     Cap    Slew   Delay    Time   Description
-----------------------------------------------------------------------------
                  0.00    0.00    0.00   clock core_clock (rise edge)
                          0.00    0.00   clock network delay (ideal)
                  0.00    0.00    0.00 ^ _172_/CLK (sky130_fd_sc_hd__dfxtp_1)
     2    0.00    0.03    0.28    0.28 v _172_/Q (sky130_fd_sc_hd__dfxtp_1)
                                         a_q[0] (net)
                  0.03    0.00    0.28 v _075_/A (sky130_fd_sc_hd__or2_1)
     2    0.01    0.06    0.23    0.51 v _075_/X (sky130_fd_sc_hd__or2_1)
                                         _034_ (net)
                  0.06    0.00    0.51 v _079_/A2 (sky130_fd_sc_hd__a21bo_1)
     2    0.01    0.06    0.22    0.73 v _079_/X (sky130_fd_sc_hd__a21bo_1)
                                         _037_ (net)
                  0.06    0.00    0.73 v _084_/A1 (sky130_fd_sc_hd__a21boi_2)
     3    0.01    0.16    0.18    0.91 ^ _084_/Y (sky130_fd_sc_hd__a21boi_2)
                                         _041_ (net)
                  0.16    0.00    0.91 ^ _088_/A (sky130_fd_sc_hd__xor2_1)
     1    0.00    0.12    0.16    1.07 ^ _088_/X (sky130_fd_sc_hd__xor2_1)
                                         sum_d[2] (net)
                  0.12    0.00    1.07 ^ _207_/D (sky130_fd_sc_hd__dfxtp_1)
                                  1.07   data arrival time

                  0.00    2.60    2.60   clock core_clock (rise edge)
                          0.00    2.60   clock network delay (ideal)
                          0.00    2.60   clock reconvergence pessimism
                                  2.60 ^ _207_/CLK (sky130_fd_sc_hd__dfxtp_1)
                         -0.08    2.52   library setup time
                                  2.52   data required time
-----------------------------------------------------------------------------
                                  2.52   data required time
                                 -1.07   data arrival time
-----------------------------------------------------------------------------
                                  1.45   slack (MET)


Startpoint: _172_ (rising edge-triggered flip-flop clocked by core_clock)
Endpoint: _206_ (rising edge-triggered flip-flop clocked by core_clock)
Path Group: core_clock
Path Type: max

Fanout     Cap    Slew   Delay    Time   Description
-----------------------------------------------------------------------------
                  0.00    0.00    0.00   clock core_clock (rise edge)
                          0.00    0.00   clock network delay (ideal)
                  0.00    0.00    0.00 ^ _172_/CLK (sky130_fd_sc_hd__dfxtp_1)
     2    0.00    0.03    0.28    0.28 v _172_/Q (sky130_fd_sc_hd__dfxtp_1)
                                         a_q[0] (net)
                  0.03    0.00    0.28 v _075_/A (sky130_fd_sc_hd__or2_1)
     2    0.01    0.06    0.23    0.51 v _075_/X (sky130_fd_sc_hd__or2_1)
                                         _034_ (net)
                  0.06    0.00    0.51 v _079_/A2 (sky130_fd_sc_hd__a21bo_1)
     2    0.01    0.06    0.22    0.73 v _079_/X (sky130_fd_sc_hd__a21bo_1)
                                         _037_ (net)
                  0.06    0.00    0.73 v _083_/A (sky130_fd_sc_hd__xnor2_1)
     1    0.00    0.05    0.13    0.86 v _083_/Y (sky130_fd_sc_hd__xnor2_1)
                                         sum_d[1] (net)
                  0.05    0.00    0.86 v _206_/D (sky130_fd_sc_hd__dfxtp_1)
                                  0.86   data arrival time

                  0.00    2.60    2.60   clock core_clock (rise edge)
                          0.00    2.60   clock network delay (ideal)
                          0.00    2.60   clock reconvergence pessimism
                                  2.60 ^ _206_/CLK (sky130_fd_sc_hd__dfxtp_1)
                         -0.12    2.48   library setup time
                                  2.48   data required time
-----------------------------------------------------------------------------
                                  2.48   data required time
                                 -0.86   data arrival time
-----------------------------------------------------------------------------
                                  1.61   slack (MET)


Startpoint: _172_ (rising edge-triggered flip-flop clocked by core_clock)
Endpoint: _205_ (rising edge-triggered flip-flop clocked by core_clock)
Path Group: core_clock
Path Type: max

Fanout     Cap    Slew   Delay    Time   Description
-----------------------------------------------------------------------------
                  0.00    0.00    0.00   clock core_clock (rise edge)
                          0.00    0.00   clock network delay (ideal)
                  0.00    0.00    0.00 ^ _172_/CLK (sky130_fd_sc_hd__dfxtp_1)
     2    0.00    0.03    0.28    0.28 v _172_/Q (sky130_fd_sc_hd__dfxtp_1)
                                         a_q[0] (net)
                  0.03    0.00    0.28 v _075_/A (sky130_fd_sc_hd__or2_1)
     2    0.01    0.06    0.23    0.51 v _075_/X (sky130_fd_sc_hd__or2_1)
                                         _034_ (net)
                  0.06    0.00    0.51 v _077_/A (sky130_fd_sc_hd__nand2_1)
     1    0.00    0.06    0.07    0.58 ^ _077_/Y (sky130_fd_sc_hd__nand2_1)
                                         _036_ (net)
                  0.06    0.00    0.58 ^ _078_/B (sky130_fd_sc_hd__xnor2_1)
     1    0.00    0.14    0.12    0.70 ^ _078_/Y (sky130_fd_sc_hd__xnor2_1)
                                         sum_d[0] (net)
                  0.14    0.00    0.70 ^ _205_/D (sky130_fd_sc_hd__dfxtp_1)
                                  0.70   data arrival time

                  0.00    2.60    2.60   clock core_clock (rise edge)
                          0.00    2.60   clock network delay (ideal)
                          0.00    2.60   clock reconvergence pessimism
                                  2.60 ^ _205_/CLK (sky130_fd_sc_hd__dfxtp_1)
                         -0.08    2.52   library setup time
                                  2.52   data required time
-----------------------------------------------------------------------------
                                  2.52   data required time
                                 -0.70   data arrival time
-----------------------------------------------------------------------------
                                  1.81   slack (MET)



worst slack corner Typical: 0.2230
