
===========================================================================
report_checks -path_delay min (Hold)
============================================================================
======================= Typical Corner ===================================

Startpoint: _204_ (rising edge-triggered flip-flop clocked by core_clock)
Endpoint: _205_ (rising edge-triggered flip-flop clocked by core_clock)
Path Group: core_clock
Path Type: min

Fanout     Cap    Slew   Delay    Time   Description
-----------------------------------------------------------------------------
                          0.00    0.00   clock core_clock (rise edge)
                          0.00    0.00   clock source latency
     1    0.01    0.00    0.00    0.00 ^ clk (in)
                                         clk (net)
                  0.00    0.00    0.00 ^ clkbuf_0_clk/A (sky130_fd_sc_hd__clkbuf_16)
     4    0.03    0.05    0.12    0.12 ^ clkbuf_0_clk/X (sky130_fd_sc_hd__clkbuf_16)
                                         clknet_0_clk (net)
                  0.05    0.00    0.12 ^ clkbuf_2_1__f_clk/A (sky130_fd_sc_hd__clkbuf_16)
    17    0.04    0.06    0.15    0.27 ^ clkbuf_2_1__f_clk/X (sky130_fd_sc_hd__clkbuf_16)
                                         clknet_2_1__leaf_clk (net)
                  0.06    0.00    0.27 ^ _204_/CLK (sky130_fd_sc_hd__dfxtp_1)
     2    0.01    0.10    0.35    0.62 ^ _204_/Q (sky130_fd_sc_hd__dfxtp_1)
                                         cin_q (net)
                  0.10    0.00    0.62 ^ _078_/A (sky130_fd_sc_hd__xnor2_1)
     1    0.00    0.03    0.07    0.69 v _078_/Y (sky130_fd_sc_hd__xnor2_1)
                                         sum_d[0] (net)
                  0.03    0.00    0.69 v _205_/D (sky130_fd_sc_hd__dfxtp_1)
                                  0.69   data arrival time

                          0.00    0.00   clock core_clock (rise edge)
                          0.00    0.00   clock source latency
     1    0.01    0.00    0.00    0.00 ^ clk (in)
                                         clk (net)
                  0.00    0.00    0.00 ^ clkbuf_0_clk/A (sky130_fd_sc_hd__clkbuf_16)
     4    0.03    0.05    0.12    0.12 ^ clkbuf_0_clk/X (sky130_fd_sc_hd__clkbuf_16)
                                         clknet_0_clk (net)
                  0.05    0.00    0.12 ^ clkbuf_2_0__f_clk/A (sky130_fd_sc_hd__clkbuf_16)
    14    0.04    0.06    0.15    0.27 ^ clkbuf_2_0__f_clk/X (sky130_fd_sc_hd__clkbuf_16)
                                         clknet_2_0__leaf_clk (net)
                  0.06    0.00    0.27 ^ _205_/CLK (sky130_fd_sc_hd__dfxtp_1)
                          0.00    0.27   clock reconvergence pessimism
                         -0.04    0.23   library hold time
                                  0.23   data required time
-----------------------------------------------------------------------------
                                  0.23   data required time
                                 -0.69   data arrival time
-----------------------------------------------------------------------------
                                  0.47   slack (MET)


Startpoint: _187_ (rising edge-triggered flip-flop clocked by core_clock)
Endpoint: _171_ (rising edge-triggered flip-flop clocked by core_clock)
Path Group: core_clock
Path Type: min

Fanout     Cap    Slew   Delay    Time   Description
-----------------------------------------------------------------------------
                          0.00    0.00   clock core_clock (rise edge)
                          0.00    0.00   clock source latency
     1    0.01    0.00    0.00    0.00 ^ clk (in)
                                         clk (net)
                  0.00    0.00    0.00 ^ clkbuf_0_clk/A (sky130_fd_sc_hd__clkbuf_16)
     4    0.03    0.05    0.12    0.12 ^ clkbuf_0_clk/X (sky130_fd_sc_hd__clkbuf_16)
                                         clknet_0_clk (net)
                  0.05    0.00    0.12 ^ clkbuf_2_3__f_clk/A (sky130_fd_sc_hd__clkbuf_16)
    10    0.04    0.06    0.14    0.26 ^ clkbuf_2_3__f_clk/X (sky130_fd_sc_hd__clkbuf_16)
                                         clknet_2_3__leaf_clk (net)
                  0.06    0.00    0.27 ^ _187_/CLK (sky130_fd_sc_hd__dfxtp_1)
     2    0.01    0.04    0.31    0.57 v _187_/Q (sky130_fd_sc_hd__dfxtp_1)
                                         a_q[15] (net)
                  0.04    0.00    0.57 v _162_/A (sky130_fd_sc_hd__nand2_1)
     2    0.01    0.07    0.07    0.65 ^ _162_/Y (sky130_fd_sc_hd__nand2_1)
                                         _031_ (net)
                  0.07    0.00    0.65 ^ _166_/B1 (sky130_fd_sc_hd__o21ai_1)
     1    0.01    0.05    0.08    0.73 v _166_/Y (sky130_fd_sc_hd__o21ai_1)
                                         sum_d[16] (net)
                  0.05    0.00    0.73 v _171_/D (sky130_fd_sc_hd__dfxtp_1)
                                  0.73   data arrival time

                          0.00    0.00   clock core_clock (rise edge)
                          0.00    0.00   clock source latency
     1    0.01    0.00    0.00    0.00 ^ clk (in)
                                         clk (net)
                  0.00    0.00    0.00 ^ clkbuf_0_clk/A (sky130_fd_sc_hd__clkbuf_16)
     4    0.03    0.05    0.12    0.12 ^ clkbuf_0_clk/X (sky130_fd_sc_hd__clkbuf_16)
                                         clknet_0_clk (net)
                  0.05    0.00    0.12 ^ clkbuf_2_1__f_clk/A (sky130_fd_sc_hd__clkbuf_16)
    17    0.04    0.06    0.15    0.27 ^ clkbuf_2_1__f_clk/X (sky130_fd_sc_hd__clkbuf_16)
                                         clknet_2_1__leaf_clk (net)
                  0.06    0.00    0.27 ^ _171_/CLK (sky130_fd_sc_hd__dfxtp_1)
                          0.00    0.27   clock reconvergence pessimism
                         -0.05    0.22   library hold time
                                  0.22   data required time
-----------------------------------------------------------------------------
                                  0.22   data required time
                                 -0.73   data arrival time
-----------------------------------------------------------------------------
                                  0.51   slack (MET)


Startpoint: _173_ (rising edge-triggered flip-flop clocked by core_clock)
Endpoint: _206_ (rising edge-triggered flip-flop clocked by core_clock)
Path Group: core_clock
Path Type: min

Fanout     Cap    Slew   Delay    Time   Description
-----------------------------------------------------------------------------
                          0.00    0.00   clock core_clock (rise edge)
                          0.00    0.00   clock source latency
     1    0.01    0.00    0.00    0.00 ^ clk (in)
                                         clk (net)
                  0.00    0.00    0.00 ^ clkbuf_0_clk/A (sky130_fd_sc_hd__clkbuf_16)
     4    0.03    0.05    0.12    0.12 ^ clkbuf_0_clk/X (sky130_fd_sc_hd__clkbuf_16)
                                         clknet_0_clk (net)
                  0.05    0.00    0.12 ^ clkbuf_2_1__f_clk/A (sky130_fd_sc_hd__clkbuf_16)
    17    0.04    0.06    0.15    0.27 ^ clkbuf_2_1__f_clk/X (sky130_fd_sc_hd__clkbuf_16)
                                         clknet_2_1__leaf_clk (net)
                  0.06    0.00    0.27 ^ _173_/CLK (sky130_fd_sc_hd__dfxtp_1)
     2    0.00    0.05    0.31    0.58 ^ _173_/Q (sky130_fd_sc_hd__dfxtp_1)
                                         a_q[1] (net)
                  0.05    0.00    0.58 ^ _081_/A (sky130_fd_sc_hd__nand2_1)
     2    0.00    0.04    0.05    0.64 v _081_/Y (sky130_fd_sc_hd__nand2_1)
                                         _039_ (net)
                  0.04    0.00    0.64 v _082_/B (sky130_fd_sc_hd__nand2_1)
     1    0.01    0.06    0.07    0.71 ^ _082_/Y (sky130_fd_sc_hd__nand2_1)
                                         _040_ (net)
                  0.06    0.00    0.71 ^ _083_/B (sky130_fd_sc_hd__xnor2_1)
     1    0.00    0.03    0.05    0.77 v _083_/Y (sky130_fd_sc_hd__xnor2_1)
                                         sum_d[1] (net)
                  0.03    0.00    0.77 v _206_/D (sky130_fd_sc_hd__dfxtp_1)
                                  0.77   data arrival time

                          0.00    0.00   clock core_clock (rise edge)
                          0.00    0.00   clock source latency
     1    0.01    0.00    0.00    0.00 ^ clk (in)
                                         clk (net)
                  0.00    0.00    0.00 ^ clkbuf_0_clk/A (sky130_fd_sc_hd__clkbuf_16)
     4    0.03    0.05    0.12    0.12 ^ clkbuf_0_clk/X (sky130_fd_sc_hd__clkbuf_16)
                                         clknet_0_clk (net)
                  0.05    0.00    0.12 ^ clkbuf_2_0__f_clk/A (sky130_fd_sc_hd__clkbuf_16)
    14    0.04    0.06    0.15    0.27 ^ clkbuf_2_0__f_clk/X (sky130_fd_sc_hd__clkbuf_16)
                                         clknet_2_0__leaf_clk (net)
                  0.06    0.00    0.27 ^ _206_/CLK (sky130_fd_sc_hd__dfxtp_1)
                          0.00    0.27   clock reconvergence pessimism
                         -0.04    0.23   library hold time
                                  0.23   data required time
-----------------------------------------------------------------------------
                                  0.23   data required time
                                 -0.77   data arrival time
-----------------------------------------------------------------------------
                                  0.54   slack (MET)


Startpoint: _186_ (rising edge-triggered flip-flop clocked by core_clock)
Endpoint: _169_ (rising edge-triggered flip-flop clocked by core_clock)
Path Group: core_clock
Path Type: min

Fanout     Cap    Slew   Delay    Time   Description
-----------------------------------------------------------------------------
                          0.00    0.00   clock core_clock (rise edge)
                          0.00    0.00   clock source latency
     1    0.01    0.00    0.00    0.00 ^ clk (in)
                                         clk (net)
                  0.00    0.00    0.00 ^ clkbuf_0_clk/A (sky130_fd_sc_hd__clkbuf_16)
     4    0.03    0.05    0.12    0.12 ^ clkbuf_0_clk/X (sky130_fd_sc_hd__clkbuf_16)
                                         clknet_0_clk (net)
                  0.05    0.00    0.12 ^ clkbuf_2_3__f_clk/A (sky130_fd_sc_hd__clkbuf_16)
    10    0.04    0.06    0.14    0.26 ^ clkbuf_2_3__f_clk/X (sky130_fd_sc_hd__clkbuf_16)
                                         clknet_2_3__leaf_clk (net)
                  0.06    0.00    0.26 ^ _186_/CLK (sky130_fd_sc_hd__dfxtp_1)
     2    0.00    0.06    0.32    0.58 ^ _186_/Q (sky130_fd_sc_hd__dfxtp_1)
                                         a_q[14] (net)
                  0.06    0.00    0.58 ^ _156_/A (sky130_fd_sc_hd__nand2_1)
     2    0.01    0.05    0.06    0.64 v _156_/Y (sky130_fd_sc_hd__nand2_1)
                                         _026_ (net)
                  0.05    0.00    0.64 v _157_/B (sky130_fd_sc_hd__nand2_1)
     2    0.01    0.08    0.10    0.74 ^ _157_/Y (sky130_fd_sc_hd__nand2_1)
                                         _027_ (net)
                  0.08    0.00    0.74 ^ _160_/A (sky130_fd_sc_hd__xnor2_1)
     1    0.01    0.06    0.09    0.83 v _160_/Y (sky130_fd_sc_hd__xnor2_1)
                                         sum_d[14] (net)
                  0.06    0.00    0.83 v _169_/D (sky130_fd_sc_hd__dfxtp_1)
                                  0.83   data arrival time

                          0.00    0.00   clock core_clock (rise edge)
                          0.00    0.00   clock source latency
     1    0.01    0.00    0.00    0.00 ^ clk (in)
                                         clk (net)
                  0.00    0.00    0.00 ^ clkbuf_0_clk/A (sky130_fd_sc_hd__clkbuf_16)
     4    0.03    0.05    0.12    0.12 ^ clkbuf_0_clk/X (sky130_fd_sc_hd__clkbuf_16)
                                         clknet_0_clk (net)
                  0.05    0.00    0.12 ^ clkbuf_2_1__f_clk/A (sky130_fd_sc_hd__clkbuf_16)
    17    0.04    0.06    0.15    0.27 ^ clkbuf_2_1__f_clk/X (sky130_fd_sc_hd__clkbuf_16)
                                         clknet_2_1__leaf_clk (net)
                  0.06    0.00    0.27 ^ _169_/CLK (sky130_fd_sc_hd__dfxtp_1)
                          0.00    0.27   clock reconvergence pessimism
                         -0.05    0.22   library hold time
                                  0.22   data required time
-----------------------------------------------------------------------------
                                  0.22   data required time
                                 -0.83   data arrival time
-----------------------------------------------------------------------------
                                  0.62   slack (MET)


Startpoint: _181_ (rising edge-triggered flip-flop clocked by core_clock)
Endpoint: _214_ (rising edge-triggered flip-flop clocked by core_clock)
Path Group: core_clock
Path Type: min

Fanout     Cap    Slew   Delay    Time   Description
-----------------------------------------------------------------------------
                          0.00    0.00   clock core_clock (rise edge)
                          0.00    0.00   clock source latency
     1    0.01    0.00    0.00    0.00 ^ clk (in)
                                         clk (net)
                  0.00    0.00    0.00 ^ clkbuf_0_clk/A (sky130_fd_sc_hd__clkbuf_16)
     4    0.03    0.05    0.12    0.12 ^ clkbuf_0_clk/X (sky130_fd_sc_hd__clkbuf_16)
                                         clknet_0_clk (net)
                  0.05    0.00    0.12 ^ clkbuf_2_3__f_clk/A (sky130_fd_sc_hd__clkbuf_16)
    10    0.04    0.06    0.14    0.26 ^ clkbuf_2_3__f_clk/X (sky130_fd_sc_hd__clkbuf_16)
                                         clknet_2_3__leaf_clk (net)
                  0.06    0.00    0.27 ^ _181_/CLK (sky130_fd_sc_hd__dfxtp_1)
     3    0.01    0.10    0.35    0.61 ^ _181_/Q (sky130_fd_sc_hd__dfxtp_1)
                                         a_q[9] (net)
                  0.10    0.00    0.61 ^ _126_/A (sky130_fd_sc_hd__xor2_1)
     2    0.01    0.06    0.10    0.72 v _126_/X (sky130_fd_sc_hd__xor2_1)
                                         _001_ (net)
                  0.06    0.00    0.72 v _128_/A (sky130_fd_sc_hd__xnor2_1)
     1    0.00    0.04    0.13    0.84 v _128_/Y (sky130_fd_sc_hd__xnor2_1)
                                         sum_d[9] (net)
                  0.04    0.00    0.84 v _214_/D (sky130_fd_sc_hd__dfxtp_1)
                                  0.84   data arrival time

                          0.00    0.00   clock core_clock (rise edge)
                          0.00    0.00   clock source latency
     1    0.01    0.00    0.00    0.00 ^ clk (in)
                                         clk (net)
                  0.00    0.00    0.00 ^ clkbuf_0_clk/A (sky130_fd_sc_hd__clkbuf_16)
     4    0.03    0.05    0.12    0.12 ^ clkbuf_0_clk/X (sky130_fd_sc_hd__clkbuf_16)
                                         clknet_0_clk (net)
                  0.05    0.00    0.12 ^ clkbuf_2_1__f_clk/A (sky130_fd_sc_hd__clkbuf_16)
    17    0.04    0.06    0.15    0.27 ^ clkbuf_2_1__f_clk/X (sky130_fd_sc_hd__clkbuf_16)
                                         clknet_2_1__leaf_clk (net)
                  0.06    0.00    0.27 ^ _214_/CLK (sky130_fd_sc_hd__dfxtp_1)
                          0.00    0.27   clock reconvergence pessimism
                         -0.05    0.22   library hold time
                                  0.22   data required time
-----------------------------------------------------------------------------
                                  0.22   data required time
                                 -0.84   data arrival time
-----------------------------------------------------------------------------
                                  0.62   slack (MET)


Startpoint: _178_ (rising edge-triggered flip-flop clocked by core_clock)
Endpoint: _212_ (rising edge-triggered flip-flop clocked by core_clock)
Path Group: core_clock
Path Type: min

Fanout     Cap    Slew   Delay    Time   Description
-----------------------------------------------------------------------------
                          0.00    0.00   clock core_clock (rise edge)
                          0.00    0.00   clock source latency
     1    0.01    0.00    0.00    0.00 ^ clk (in)
                                         clk (net)
                  0.00    0.00    0.00 ^ clkbuf_0_clk/A (sky130_fd_sc_hd__clkbuf_16)
     4    0.03    0.05    0.12    0.12 ^ clkbuf_0_clk/X (sky130_fd_sc_hd__clkbuf_16)
                                         clknet_0_clk (net)
                  0.05    0.00    0.12 ^ clkbuf_2_1__f_clk/A (sky130_fd_sc_hd__clkbuf_16)
    17    0.04    0.06    0.15    0.27 ^ clkbuf_2_1__f_clk/X (sky130_fd_sc_hd__clkbuf_16)
                                         clknet_2_1__leaf_clk (net)
                  0.06    0.00    0.27 ^ _178_/CLK (sky130_fd_sc_hd__dfxtp_1)
     3    0.01    0.04    0.31    0.58 v _178_/Q (sky130_fd_sc_hd__dfxtp_1)
                                         a_q[6] (net)
                  0.04    0.00    0.58 v _116_/A (sky130_fd_sc_hd__nand2_1)
     2    0.01    0.07    0.08    0.66 ^ _116_/Y (sky130_fd_sc_hd__nand2_1)
                                         _068_ (net)
                  0.07    0.00    0.66 ^ _117_/B1 (sky130_fd_sc_hd__o21a_1)
     1    0.01    0.06    0.13    0.79 ^ _117_/X (sky130_fd_sc_hd__o21a_1)
                                         _069_ (net)
                  0.06    0.00    0.79 ^ _118_/B (sky130_fd_sc_hd__xnor2_1)
     1    0.00    0.03    0.06    0.85 v _118_/Y (sky130_fd_sc_hd__xnor2_1)
                                         sum_d[7] (net)
                  0.03    0.00    0.85 v _212_/D (sky130_fd_sc_hd__dfxtp_1)
                                  0.85   data arrival time

                          0.00    0.00   clock core_clock (rise edge)
                          0.00    0.00   clock source latency
     1    0.01    0.00    0.00    0.00 ^ clk (in)
                                         clk (net)
                  0.00    0.00    0.00 ^ clkbuf_0_clk/A (sky130_fd_sc_hd__clkbuf_16)
     4    0.03    0.05    0.12    0.12 ^ clkbuf_0_clk/X (sky130_fd_sc_hd__clkbuf_16)
                                         clknet_0_clk (net)
                  0.05    0.00    0.12 ^ clkbuf_2_0__f_clk/A (sky130_fd_sc_hd__clkbuf_16)
    14    0.04    0.06    0.15    0.27 ^ clkbuf_2_0__f_clk/X (sky130_fd_sc_hd__clkbuf_16)
                                         clknet_2_0__leaf_clk (net)
                  0.06    0.00    0.27 ^ _212_/CLK (sky130_fd_sc_hd__dfxtp_1)
                          0.00    0.27   clock reconvergence pessimism
                         -0.04    0.22   library hold time
                                  0.22   data required time
-----------------------------------------------------------------------------
                                  0.22   data required time
                                 -0.85   data arrival time
-----------------------------------------------------------------------------
                                  0.63   slack (MET)


Startpoint: _174_ (rising edge-triggered flip-flop clocked by core_clock)
Endpoint: _207_ (rising edge-triggered flip-flop clocked by core_clock)
Path Group: core_clock
Path Type: min

Fanout     Cap    Slew   Delay    Time   Description
-----------------------------------------------------------------------------
                          0.00    0.00   clock core_clock (rise edge)
                          0.00    0.00   clock source latency
     1    0.01    0.00    0.00    0.00 ^ clk (in)
                                         clk (net)
                  0.00    0.00    0.00 ^ clkbuf_0_clk/A (sky130_fd_sc_hd__clkbuf_16)
     4    0.03    0.05    0.12    0.12 ^ clkbuf_0_clk/X (sky130_fd_sc_hd__clkbuf_16)
                                         clknet_0_clk (net)
                  0.05    0.00    0.12 ^ clkbuf_2_1__f_clk/A (sky130_fd_sc_hd__clkbuf_16)
    17    0.04    0.06    0.15    0.27 ^ clkbuf_2_1__f_clk/X (sky130_fd_sc_hd__clkbuf_16)
                                         clknet_2_1__leaf_clk (net)
                  0.06    0.00    0.27 ^ _174_/CLK (sky130_fd_sc_hd__dfxtp_1)
     3    0.01    0.07    0.33    0.60 ^ _174_/Q (sky130_fd_sc_hd__dfxtp_1)
                                         a_q[2] (net)
                  0.07    0.00    0.60 ^ _086_/A (sky130_fd_sc_hd__nand2_1)
     2    0.01    0.06    0.07    0.67 v _086_/Y (sky130_fd_sc_hd__nand2_1)
                                         _043_ (net)
                  0.06    0.00    0.67 v _087_/B (sky130_fd_sc_hd__nand2_1)
     3    0.01    0.10    0.11    0.79 ^ _087_/Y (sky130_fd_sc_hd__nand2_1)
                                         _044_ (net)
                  0.10    0.00    0.79 ^ _088_/B (sky130_fd_sc_hd__xor2_1)
     1    0.00    0.03    0.07    0.85 v _088_/X (sky130_fd_sc_hd__xor2_1)
                                         sum_d[2] (net)
                  0.03    0.00    0.85 v _207_/D (sky130_fd_sc_hd__dfxtp_1)
                                  0.85   data arrival time

                          0.00    0.00   clock core_clock (rise edge)
                          0.00    0.00   clock source latency
     1    0.01    0.00    0.00    0.00 ^ clk (in)
                                         clk (net)
                  0.00    0.00    0.00 ^ clkbuf_0_clk/A (sky130_fd_sc_hd__clkbuf_16)
     4    0.03    0.05    0.12    0.12 ^ clkbuf_0_clk/X (sky130_fd_sc_hd__clkbuf_16)
                                         clknet_0_clk (net)
                  0.05    0.00    0.12 ^ clkbuf_2_0__f_clk/A (sky130_fd_sc_hd__clkbuf_16)
    14    0.04    0.06    0.15    0.27 ^ clkbuf_2_0__f_clk/X (sky130_fd_sc_hd__clkbuf_16)
                                         clknet_2_0__leaf_clk (net)
                  0.06    0.00    0.27 ^ _207_/CLK (sky130_fd_sc_hd__dfxtp_1)
                          0.00    0.27   clock reconvergence pessimism
                         -0.04    0.22   library hold time
                                  0.22   data required time
-----------------------------------------------------------------------------
                                  0.22   data required time
                                 -0.85   data arrival time
-----------------------------------------------------------------------------
                                  0.63   slack (MET)


Startpoint: _174_ (rising edge-triggered flip-flop clocked by core_clock)
Endpoint: _208_ (rising edge-triggered flip-flop clocked by core_clock)
Path Group: core_clock
Path Type: min

Fanout     Cap    Slew   Delay    Time   Description
-----------------------------------------------------------------------------
                          0.00    0.00   clock core_clock (rise edge)
                          0.00    0.00   clock source latency
     1    0.01    0.00    0.00    0.00 ^ clk (in)
                                         clk (net)
                  0.00    0.00    0.00 ^ clkbuf_0_clk/A (sky130_fd_sc_hd__clkbuf_16)
     4    0.03    0.05    0.12    0.12 ^ clkbuf_0_clk/X (sky130_fd_sc_hd__clkbuf_16)
                                         clknet_0_clk (net)
                  0.05    0.00    0.12 ^ clkbuf_2_1__f_clk/A (sky130_fd_sc_hd__clkbuf_16)
    17    0.04    0.06    0.15    0.27 ^ clkbuf_2_1__f_clk/X (sky130_fd_sc_hd__clkbuf_16)
                                         clknet_2_1__leaf_clk (net)
                  0.06    0.00    0.27 ^ _174_/CLK (sky130_fd_sc_hd__dfxtp_1)
     3    0.01    0.04    0.31    0.58 v _174_/Q (sky130_fd_sc_hd__dfxtp_1)
                                         a_q[2] (net)
                  0.04    0.00    0.58 v _086_/A (sky130_fd_sc_hd__nand2_1)
     2    0.01    0.07    0.08    0.66 ^ _086_/Y (sky130_fd_sc_hd__nand2_1)
                                         _043_ (net)
                  0.07    0.00    0.66 ^ _092_/B1 (sky130_fd_sc_hd__o21a_1)
     1    0.01    0.06    0.13    0.79 ^ _092_/X (sky130_fd_sc_hd__o21a_1)
                                         _048_ (net)
                  0.06    0.00    0.79 ^ _093_/B (sky130_fd_sc_hd__xnor2_1)
     1    0.00    0.04    0.06    0.86 v _093_/Y (sky130_fd_sc_hd__xnor2_1)
                                         sum_d[3] (net)
                  0.04    0.00    0.86 v _208_/D (sky130_fd_sc_hd__dfxtp_1)
                                  0.86   data arrival time

                          0.00    0.00   clock core_clock (rise edge)
                          0.00    0.00   clock source latency
     1    0.01    0.00    0.00    0.00 ^ clk (in)
                                         clk (net)
                  0.00    0.00    0.00 ^ clkbuf_0_clk/A (sky130_fd_sc_hd__clkbuf_16)
     4    0.03    0.05    0.12    0.12 ^ clkbuf_0_clk/X (sky130_fd_sc_hd__clkbuf_16)
                                         clknet_0_clk (net)
                  0.05    0.00    0.12 ^ clkbuf_2_0__f_clk/A (sky130_fd_sc_hd__clkbuf_16)
    14    0.04    0.06    0.15    0.27 ^ clkbuf_2_0__f_clk/X (sky130_fd_sc_hd__clkbuf_16)
                                         clknet_2_0__leaf_clk (net)
                  0.06    0.00    0.27 ^ _208_/CLK (sky130_fd_sc_hd__dfxtp_1)
                          0.00    0.27   clock reconvergence pessimism
                         -0.05    0.22   library hold time
                                  0.22   data required time
-----------------------------------------------------------------------------
                                  0.22   data required time
                                 -0.86   data arrival time
-----------------------------------------------------------------------------
                                  0.63   slack (MET)


Startpoint: _182_ (rising edge-triggered flip-flop clocked by core_clock)
Endpoint: _216_ (rising edge-triggered flip-flop clocked by core_clock)
Path Group: core_clock
Path Type: min

Fanout     Cap    Slew   Delay    Time   Description
-----------------------------------------------------------------------------
                          0.00    0.00   clock core_clock (rise edge)
                          0.00    0.00   clock source latency
     1    0.01    0.00    0.00    0.00 ^ clk (in)
                                         clk (net)
                  0.00    0.00    0.00 ^ clkbuf_0_clk/A (sky130_fd_sc_hd__clkbuf_16)
     4    0.03    0.05    0.12    0.12 ^ clkbuf_0_clk/X (sky130_fd_sc_hd__clkbuf_16)
                                         clknet_0_clk (net)
                  0.05    0.00    0.12 ^ clkbuf_2_3__f_clk/A (sky130_fd_sc_hd__clkbuf_16)
    10    0.04    0.06    0.14    0.26 ^ clkbuf_2_3__f_clk/X (sky130_fd_sc_hd__clkbuf_16)
                                         clknet_2_3__leaf_clk (net)
                  0.06    0.00    0.27 ^ _182_/CLK (sky130_fd_sc_hd__dfxtp_1)
     4    0.01    0.06    0.33    0.59 v _182_/Q (sky130_fd_sc_hd__dfxtp_1)
                                         a_q[10] (net)
                  0.06    0.00    0.59 v _137_/A (sky130_fd_sc_hd__nand2_1)
     1    0.00    0.04    0.06    0.66 ^ _137_/Y (sky130_fd_sc_hd__nand2_1)
                                         _010_ (net)
                  0.04    0.00    0.66 ^ _138_/B1 (sky130_fd_sc_hd__o21a_1)
     1    0.01    0.06    0.12    0.78 ^ _138_/X (sky130_fd_sc_hd__o21a_1)
                                         _011_ (net)
                  0.06    0.00    0.78 ^ _139_/B (sky130_fd_sc_hd__xnor2_1)
     1    0.00    0.05    0.07    0.85 v _139_/Y (sky130_fd_sc_hd__xnor2_1)
                                         sum_d[11] (net)
                  0.05    0.00    0.85 v _216_/D (sky130_fd_sc_hd__dfxtp_1)
                                  0.85   data arrival time

                          0.00    0.00   clock core_clock (rise edge)
                          0.00    0.00   clock source latency
     1    0.01    0.00    0.00    0.00 ^ clk (in)
                                         clk (net)
                  0.00    0.00    0.00 ^ clkbuf_0_clk/A (sky130_fd_sc_hd__clkbuf_16)
     4    0.03    0.05    0.12    0.12 ^ clkbuf_0_clk/X (sky130_fd_sc_hd__clkbuf_16)
                                         clknet_0_clk (net)
                  0.05    0.00    0.12 ^ clkbuf_2_1__f_clk/A (sky130_fd_sc_hd__clkbuf_16)
    17    0.04    0.06    0.15    0.27 ^ clkbuf_2_1__f_clk/X (sky130_fd_sc_hd__clkbuf_16)
                                         clknet_2_1__leaf_clk (net)
                  0.06    0.00    0.27 ^ _216_/CLK (sky130_fd_sc_hd__dfxtp_1)
                          0.00    0.27   clock reconvergence pessimism
                         -0.05    0.22   library hold time
                                  0.22   data required time
-----------------------------------------------------------------------------
                                  0.22   data required time
                                 -0.85   data arrival time
-----------------------------------------------------------------------------
                                  0.64   slack (MET)


Startpoint: _177_ (rising edge-triggered flip-flop clocked by core_clock)
Endpoint: _210_ (rising edge-triggered flip-flop clocked by core_clock)
Path Group: core_clock
Path Type: min

Fanout     Cap    Slew   Delay    Time   Description
-----------------------------------------------------------------------------
                          0.00    0.00   clock core_clock (rise edge)
                          0.00    0.00   clock source latency
     1    0.01    0.00    0.00    0.00 ^ clk (in)
                                         clk (net)
                  0.00    0.00    0.00 ^ clkbuf_0_clk/A (sky130_fd_sc_hd__clkbuf_16)
     4    0.03    0.05    0.12    0.12 ^ clkbuf_0_clk/X (sky130_fd_sc_hd__clkbuf_16)
                                         clknet_0_clk (net)
                  0.05    0.00    0.12 ^ clkbuf_2_1__f_clk/A (sky130_fd_sc_hd__clkbuf_16)
    17    0.04    0.06    0.15    0.27 ^ clkbuf_2_1__f_clk/X (sky130_fd_sc_hd__clkbuf_16)
                                         clknet_2_1__leaf_clk (net)
                  0.06    0.00    0.27 ^ _177_/CLK (sky130_fd_sc_hd__dfxtp_1)
     3    0.01    0.10    0.35    0.62 ^ _177_/Q (sky130_fd_sc_hd__dfxtp_1)
                                         a_q[5] (net)
                  0.10    0.00    0.62 ^ _102_/A (sky130_fd_sc_hd__xor2_1)
     2    0.01    0.06    0.11    0.73 v _102_/X (sky130_fd_sc_hd__xor2_1)
                                         _056_ (net)
                  0.06    0.00    0.73 v _104_/A (sky130_fd_sc_hd__xnor2_1)
     1    0.00    0.04    0.13    0.85 v _104_/Y (sky130_fd_sc_hd__xnor2_1)
                                         sum_d[5] (net)
                  0.04    0.00    0.86 v _210_/D (sky130_fd_sc_hd__dfxtp_1)
                                  0.86   data arrival time

                          0.00    0.00   clock core_clock (rise edge)
                          0.00    0.00   clock source latency
     1    0.01    0.00    0.00    0.00 ^ clk (in)
                                         clk (net)
                  0.00    0.00    0.00 ^ clkbuf_0_clk/A (sky130_fd_sc_hd__clkbuf_16)
     4    0.03    0.05    0.12    0.12 ^ clkbuf_0_clk/X (sky130_fd_sc_hd__clkbuf_16)
                                         clknet_0_clk (net)
                  0.05    0.00    0.12 ^ clkbuf_2_2__f_clk/A (sky130_fd_sc_hd__clkbuf_16)
    12    0.04    0.06    0.14    0.26 ^ clkbuf_2_2__f_clk/X (sky130_fd_sc_hd__clkbuf_16)
                                         clknet_2_2__leaf_clk (net)
                  0.06    0.00    0.27 ^ _210_/CLK (sky130_fd_sc_hd__dfxtp_1)
                          0.00    0.27   clock reconvergence pessimism
                         -0.05    0.22   library hold time
                                  0.22   data required time
-----------------------------------------------------------------------------
                                  0.22   data required time
                                 -0.86   data arrival time
-----------------------------------------------------------------------------
                                  0.64   slack (MET)


Startpoint: _182_ (rising edge-triggered flip-flop clocked by core_clock)
Endpoint: _215_ (rising edge-triggered flip-flop clocked by core_clock)
Path Group: core_clock
Path Type: min

Fanout     Cap    Slew   Delay    Time   Description
-----------------------------------------------------------------------------
                          0.00    0.00   clock core_clock (rise edge)
                          0.00    0.00   clock source latency
     1    0.01    0.00    0.00    0.00 ^ clk (in)
                                         clk (net)
                  0.00    0.00    0.00 ^ clkbuf_0_clk/A (sky130_fd_sc_hd__clkbuf_16)
     4    0.03    0.05    0.12    0.12 ^ clkbuf_0_clk/X (sky130_fd_sc_hd__clkbuf_16)
                                         clknet_0_clk (net)
                  0.05    0.00    0.12 ^ clkbuf_2_3__f_clk/A (sky130_fd_sc_hd__clkbuf_16)
    10    0.04    0.06    0.14    0.26 ^ clkbuf_2_3__f_clk/X (sky130_fd_sc_hd__clkbuf_16)
                                         clknet_2_3__leaf_clk (net)
                  0.06    0.00    0.27 ^ _182_/CLK (sky130_fd_sc_hd__dfxtp_1)
     4    0.01    0.12    0.36    0.63 ^ _182_/Q (sky130_fd_sc_hd__dfxtp_1)
                                         a_q[10] (net)
                  0.12    0.00    0.63 ^ _129_/A (sky130_fd_sc_hd__xor2_1)
     2    0.01    0.06    0.11    0.74 v _129_/X (sky130_fd_sc_hd__xor2_1)
                                         _003_ (net)
                  0.06    0.00    0.74 v _134_/A (sky130_fd_sc_hd__xnor2_1)
     1    0.00    0.04    0.13    0.87 v _134_/Y (sky130_fd_sc_hd__xnor2_1)
                                         sum_d[10] (net)
                  0.04    0.00    0.87 v _215_/D (sky130_fd_sc_hd__dfxtp_1)
                                  0.87   data arrival time

                          0.00    0.00   clock core_clock (rise edge)
                          0.00    0.00   clock source latency
     1    0.01    0.00    0.00    0.00 ^ clk (in)
                                         clk (net)
                  0.00    0.00    0.00 ^ clkbuf_0_clk/A (sky130_fd_sc_hd__clkbuf_16)
     4    0.03    0.05    0.12    0.12 ^ clkbuf_0_clk/X (sky130_fd_sc_hd__clkbuf_16)
                                         clknet_0_clk (net)
                  0.05    0.00    0.12 ^ clkbuf_2_1__f_clk/A (sky130_fd_sc_hd__clkbuf_16)
    17    0.04    0.06    0.15    0.27 ^ clkbuf_2_1__f_clk/X (sky130_fd_sc_hd__clkbuf_16)
                                         clknet_2_1__leaf_clk (net)
                  0.06    0.00    0.27 ^ _215_/CLK (sky130_fd_sc_hd__dfxtp_1)
                          0.00    0.27   clock reconvergence pessimism
                         -0.05    0.22   library hold time
                                  0.22   data required time
-----------------------------------------------------------------------------
                                  0.22   data required time
                                 -0.87   data arrival time
-----------------------------------------------------------------------------
                                  0.65   slack (MET)


Startpoint: _180_ (rising edge-triggered flip-flop clocked by core_clock)
Endpoint: _213_ (rising edge-triggered flip-flop clocked by core_clock)
Path Group: core_clock
Path Type: min

Fanout     Cap    Slew   Delay    Time   Description
-----------------------------------------------------------------------------
                          0.00    0.00   clock core_clock (rise edge)
                          0.00    0.00   clock source latency
     1    0.01    0.00    0.00    0.00 ^ clk (in)
                                         clk (net)
                  0.00    0.00    0.00 ^ clkbuf_0_clk/A (sky130_fd_sc_hd__clkbuf_16)
     4    0.03    0.05    0.12    0.12 ^ clkbuf_0_clk/X (sky130_fd_sc_hd__clkbuf_16)
                                         clknet_0_clk (net)
                  0.05    0.00    0.12 ^ clkbuf_2_3__f_clk/A (sky130_fd_sc_hd__clkbuf_16)
    10    0.04    0.06    0.14    0.26 ^ clkbuf_2_3__f_clk/X (sky130_fd_sc_hd__clkbuf_16)
                                         clknet_2_3__leaf_clk (net)
                  0.06    0.00    0.27 ^ _180_/CLK (sky130_fd_sc_hd__dfxtp_1)
     3    0.01    0.09    0.35    0.61 ^ _180_/Q (sky130_fd_sc_hd__dfxtp_1)
                                         a_q[8] (net)
                  0.09    0.00    0.61 ^ _122_/A (sky130_fd_sc_hd__nand2_1)
     2    0.01    0.06    0.07    0.69 v _122_/Y (sky130_fd_sc_hd__nand2_1)
                                         _073_ (net)
                  0.06    0.00    0.69 v _124_/A (sky130_fd_sc_hd__nand2_1)
     3    0.01    0.11    0.11    0.80 ^ _124_/Y (sky130_fd_sc_hd__nand2_1)
                                         _000_ (net)
                  0.11    0.00    0.80 ^ _125_/B (sky130_fd_sc_hd__xor2_1)
     1    0.00    0.04    0.08    0.87 v _125_/X (sky130_fd_sc_hd__xor2_1)
                                         sum_d[8] (net)
                  0.04    0.00    0.87 v _213_/D (sky130_fd_sc_hd__dfxtp_1)
                                  0.87   data arrival time

                          0.00    0.00   clock core_clock (rise edge)
                          0.00    0.00   clock source latency
     1    0.01    0.00    0.00    0.00 ^ clk (in)
                                         clk (net)
                  0.00    0.00    0.00 ^ clkbuf_0_clk/A (sky130_fd_sc_hd__clkbuf_16)
     4    0.03    0.05    0.12    0.12 ^ clkbuf_0_clk/X (sky130_fd_sc_hd__clkbuf_16)
                                         clknet_0_clk (net)
                  0.05    0.00    0.12 ^ clkbuf_2_3__f_clk/A (sky130_fd_sc_hd__clkbuf_16)
    10    0.04    0.06    0.14    0.26 ^ clkbuf_2_3__f_clk/X (sky130_fd_sc_hd__clkbuf_16)
                                         clknet_2_3__leaf_clk (net)
                  0.06    0.00    0.27 ^ _213_/CLK (sky130_fd_sc_hd__dfxtp_1)
                          0.00    0.27   clock reconvergence pessimism
                         -0.05    0.22   library hold time
                                  0.22   data required time
-----------------------------------------------------------------------------
                                  0.22   data required time
                                 -0.87   data arrival time
-----------------------------------------------------------------------------
                                  0.65   slack (MET)


Startpoint: _186_ (rising edge-triggered flip-flop clocked by core_clock)
Endpoint: _170_ (rising edge-triggered flip-flop clocked by core_clock)
Path Group: core_clock
Path Type: min

Fanout     Cap    Slew   Delay    Time   Description
-----------------------------------------------------------------------------
                          0.00    0.00   clock core_clock (rise edge)
                          0.00    0.00   clock source latency
     1    0.01    0.00    0.00    0.00 ^ clk (in)
                                         clk (net)
                  0.00    0.00    0.00 ^ clkbuf_0_clk/A (sky130_fd_sc_hd__clkbuf_16)
     4    0.03    0.05    0.12    0.12 ^ clkbuf_0_clk/X (sky130_fd_sc_hd__clkbuf_16)
                                         clknet_0_clk (net)
                  0.05    0.00    0.12 ^ clkbuf_2_3__f_clk/A (sky130_fd_sc_hd__clkbuf_16)
    10    0.04    0.06    0.14    0.26 ^ clkbuf_2_3__f_clk/X (sky130_fd_sc_hd__clkbuf_16)
                                         clknet_2_3__leaf_clk (net)
                  0.06    0.00    0.26 ^ _186_/CLK (sky130_fd_sc_hd__dfxtp_1)
     2    0.00    0.03    0.30    0.57 v _186_/Q (sky130_fd_sc_hd__dfxtp_1)
                                         a_q[14] (net)
                  0.03    0.00    0.57 v _156_/A (sky130_fd_sc_hd__nand2_1)
     2    0.01    0.06    0.07    0.64 ^ _156_/Y (sky130_fd_sc_hd__nand2_1)
                                         _026_ (net)
                  0.06    0.00    0.64 ^ _164_/B1 (sky130_fd_sc_hd__o31a_1)
     2    0.01    0.10    0.17    0.80 ^ _164_/X (sky130_fd_sc_hd__o31a_1)
                                         _033_ (net)
                  0.10    0.00    0.80 ^ _165_/B (sky130_fd_sc_hd__xor2_1)
     1    0.00    0.04    0.07    0.88 v _165_/X (sky130_fd_sc_hd__xor2_1)
                                         sum_d[15] (net)
                  0.04    0.00    0.88 v _170_/D (sky130_fd_sc_hd__dfxtp_1)
                                  0.88   data arrival time

                          0.00    0.00   clock core_clock (rise edge)
                          0.00    0.00   clock source latency
     1    0.01    0.00    0.00    0.00 ^ clk (in)
                                         clk (net)
                  0.00    0.00    0.00 ^ clkbuf_0_clk/A (sky130_fd_sc_hd__clkbuf_16)
     4    0.03    0.05    0.12    0.12 ^ clkbuf_0_clk/X (sky130_fd_sc_hd__clkbuf_16)
                                         clknet_0_clk (net)
                  0.05    0.00    0.12 ^ clkbuf_2_3__f_clk/A (sky130_fd_sc_hd__clkbuf_16)
    10    0.04    0.06    0.14    0.26 ^ clkbuf_2_3__f_clk/X (sky130_fd_sc_hd__clkbuf_16)
                                         clknet_2_3__leaf_clk (net)
                  0.06    0.00    0.27 ^ _170_/CLK (sky130_fd_sc_hd__dfxtp_1)
                          0.00    0.27   clock reconvergence pessimism
                         -0.05    0.22   library hold time
                                  0.22   data required time
-----------------------------------------------------------------------------
                                  0.22   data required time
                                 -0.88   data arrival time
-----------------------------------------------------------------------------
                                  0.66   slack (MET)


Startpoint: _176_ (rising edge-triggered flip-flop clocked by core_clock)
Endpoint: _209_ (rising edge-triggered flip-flop clocked by core_clock)
Path Group: core_clock
Path Type: min

Fanout     Cap    Slew   Delay    Time   Description
-----------------------------------------------------------------------------
                          0.00    0.00   clock core_clock (rise edge)
                          0.00    0.00   clock source latency
     1    0.01    0.00    0.00    0.00 ^ clk (in)
                                         clk (net)
                  0.00    0.00    0.00 ^ clkbuf_0_clk/A (sky130_fd_sc_hd__clkbuf_16)
     4    0.03    0.05    0.12    0.12 ^ clkbuf_0_clk/X (sky130_fd_sc_hd__clkbuf_16)
                                         clknet_0_clk (net)
                  0.05    0.00    0.12 ^ clkbuf_2_1__f_clk/A (sky130_fd_sc_hd__clkbuf_16)
    17    0.04    0.06    0.15    0.27 ^ clkbuf_2_1__f_clk/X (sky130_fd_sc_hd__clkbuf_16)
                                         clknet_2_1__leaf_clk (net)
                  0.06    0.00    0.27 ^ _176_/CLK (sky130_fd_sc_hd__dfxtp_1)
     3    0.01    0.04    0.31    0.58 v _176_/Q (sky130_fd_sc_hd__dfxtp_1)
                                         a_q[4] (net)
                  0.04    0.00    0.58 v _095_/A (sky130_fd_sc_hd__nand2_1)
     2    0.01    0.07    0.07    0.66 ^ _095_/Y (sky130_fd_sc_hd__nand2_1)
                                         _050_ (net)
                  0.07    0.00    0.66 ^ _096_/B (sky130_fd_sc_hd__and2b_1)
     2    0.01    0.09    0.16    0.81 ^ _096_/X (sky130_fd_sc_hd__and2b_1)
                                         _051_ (net)
                  0.09    0.00    0.81 ^ _101_/A (sky130_fd_sc_hd__xnor2_1)
     1    0.00    0.04    0.08    0.89 v _101_/Y (sky130_fd_sc_hd__xnor2_1)
                                         sum_d[4] (net)
                  0.04    0.00    0.89 v _209_/D (sky130_fd_sc_hd__dfxtp_1)
                                  0.89   data arrival time

                          0.00    0.00   clock core_clock (rise edge)
                          0.00    0.00   clock source latency
     1    0.01    0.00    0.00    0.00 ^ clk (in)
                                         clk (net)
                  0.00    0.00    0.00 ^ clkbuf_0_clk/A (sky130_fd_sc_hd__clkbuf_16)
     4    0.03    0.05    0.12    0.12 ^ clkbuf_0_clk/X (sky130_fd_sc_hd__clkbuf_16)
                                         clknet_0_clk (net)
                  0.05    0.00    0.12 ^ clkbuf_2_2__f_clk/A (sky130_fd_sc_hd__clkbuf_16)
    12    0.04    0.06    0.14    0.26 ^ clkbuf_2_2__f_clk/X (sky130_fd_sc_hd__clkbuf_16)
                                         clknet_2_2__leaf_clk (net)
                  0.06    0.00    0.27 ^ _209_/CLK (sky130_fd_sc_hd__dfxtp_1)
                          0.00    0.27   clock reconvergence pessimism
                         -0.05    0.22   library hold time
                                  0.22   data required time
-----------------------------------------------------------------------------
                                  0.22   data required time
                                 -0.89   data arrival time
-----------------------------------------------------------------------------
                                  0.68   slack (MET)


Startpoint: _200_ (rising edge-triggered flip-flop clocked by core_clock)
Endpoint: _167_ (rising edge-triggered flip-flop clocked by core_clock)
Path Group: core_clock
Path Type: min

Fanout     Cap    Slew   Delay    Time   Description
-----------------------------------------------------------------------------
                          0.00    0.00   clock core_clock (rise edge)
                          0.00    0.00   clock source latency
     1    0.01    0.00    0.00    0.00 ^ clk (in)
                                         clk (net)
                  0.00    0.00    0.00 ^ clkbuf_0_clk/A (sky130_fd_sc_hd__clkbuf_16)
     4    0.03    0.05    0.12    0.12 ^ clkbuf_0_clk/X (sky130_fd_sc_hd__clkbuf_16)
                                         clknet_0_clk (net)
                  0.05    0.00    0.12 ^ clkbuf_2_2__f_clk/A (sky130_fd_sc_hd__clkbuf_16)
    12    0.04    0.06    0.14    0.26 ^ clkbuf_2_2__f_clk/X (sky130_fd_sc_hd__clkbuf_16)
                                         clknet_2_2__leaf_clk (net)
                  0.06    0.00    0.27 ^ _200_/CLK (sky130_fd_sc_hd__dfxtp_1)
     2    0.01    0.05    0.32    0.58 v _200_/Q (sky130_fd_sc_hd__dfxtp_1)
                                         b_q[12] (net)
                  0.05    0.00    0.58 v _147_/B (sky130_fd_sc_hd__nor2_1)
     1    0.00    0.08    0.09    0.67 ^ _147_/Y (sky130_fd_sc_hd__nor2_1)
                                         _019_ (net)
                  0.08    0.00    0.67 ^ _148_/B (sky130_fd_sc_hd__nor2_1)
     3    0.01    0.06    0.08    0.75 v _148_/Y (sky130_fd_sc_hd__nor2_1)
                                         _020_ (net)
                  0.06    0.00    0.75 v _149_/B (sky130_fd_sc_hd__xor2_1)
     1    0.01    0.05    0.15    0.90 v _149_/X (sky130_fd_sc_hd__xor2_1)
                                         sum_d[12] (net)
                  0.05    0.00    0.90 v _167_/D (sky130_fd_sc_hd__dfxtp_1)
                                  0.90   data arrival time

                          0.00    0.00   clock core_clock (rise edge)
                          0.00    0.00   clock source latency
     1    0.01    0.00    0.00    0.00 ^ clk (in)
                                         clk (net)
                  0.00    0.00    0.00 ^ clkbuf_0_clk/A (sky130_fd_sc_hd__clkbuf_16)
     4    0.03    0.05    0.12    0.12 ^ clkbuf_0_clk/X (sky130_fd_sc_hd__clkbuf_16)
                                         clknet_0_clk (net)
                  0.05    0.00    0.12 ^ clkbuf_2_1__f_clk/A (sky130_fd_sc_hd__clkbuf_16)
    17    0.04    0.06    0.15    0.27 ^ clkbuf_2_1__f_clk/X (sky130_fd_sc_hd__clkbuf_16)
                                         clknet_2_1__leaf_clk (net)
                  0.06    0.00    0.27 ^ _167_/CLK (sky130_fd_sc_hd__dfxtp_1)
                          0.00    0.27   clock reconvergence pessimism
                         -0.05    0.22   library hold time
                                  0.22   data required time
-----------------------------------------------------------------------------
                                  0.22   data required time
                                 -0.90   data arrival time
-----------------------------------------------------------------------------
                                  0.68   slack (MET)


Startpoint: _178_ (rising edge-triggered flip-flop clocked by core_clock)
Endpoint: _211_ (rising edge-triggered flip-flop clocked by core_clock)
Path Group: core_clock
Path Type: min

Fanout     Cap    Slew   Delay    Time   Description
-----------------------------------------------------------------------------
                          0.00    0.00   clock core_clock (rise edge)
                          0.00    0.00   clock source latency
     1    0.01    0.00    0.00    0.00 ^ clk (in)
                                         clk (net)
                  0.00    0.00    0.00 ^ clkbuf_0_clk/A (sky130_fd_sc_hd__clkbuf_16)
     4    0.03    0.05    0.12    0.12 ^ clkbuf_0_clk/X (sky130_fd_sc_hd__clkbuf_16)
                                         clknet_0_clk (net)
                  0.05    0.00    0.12 ^ clkbuf_2_1__f_clk/A (sky130_fd_sc_hd__clkbuf_16)
    17    0.04    0.06    0.15    0.27 ^ clkbuf_2_1__f_clk/X (sky130_fd_sc_hd__clkbuf_16)
                                         clknet_2_1__leaf_clk (net)
                  0.06    0.00    0.27 ^ _178_/CLK (sky130_fd_sc_hd__dfxtp_1)
     3    0.01    0.07    0.33    0.60 ^ _178_/Q (sky130_fd_sc_hd__dfxtp_1)
                                         a_q[6] (net)
                  0.07    0.00    0.60 ^ _106_/A (sky130_fd_sc_hd__nor2_1)
     2    0.01    0.04    0.06    0.66 v _106_/Y (sky130_fd_sc_hd__nor2_1)
                                         _059_ (net)
                  0.04    0.00    0.66 v _107_/B (sky130_fd_sc_hd__nor2_1)
     2    0.01    0.17    0.15    0.81 ^ _107_/Y (sky130_fd_sc_hd__nor2_1)
                                         _060_ (net)
                  0.17    0.00    0.81 ^ _112_/A (sky130_fd_sc_hd__xnor2_1)
     1    0.00    0.05    0.11    0.91 v _112_/Y (sky130_fd_sc_hd__xnor2_1)
                                         sum_d[6] (net)
                  0.05    0.00    0.91 v _211_/D (sky130_fd_sc_hd__dfxtp_1)
                                  0.91   data arrival time

                          0.00    0.00   clock core_clock (rise edge)
                          0.00    0.00   clock source latency
     1    0.01    0.00    0.00    0.00 ^ clk (in)
                                         clk (net)
                  0.00    0.00    0.00 ^ clkbuf_0_clk/A (sky130_fd_sc_hd__clkbuf_16)
     4    0.03    0.05    0.12    0.12 ^ clkbuf_0_clk/X (sky130_fd_sc_hd__clkbuf_16)
                                         clknet_0_clk (net)
                  0.05    0.00    0.12 ^ clkbuf_2_0__f_clk/A (sky130_fd_sc_hd__clkbuf_16)
    14    0.04    0.06    0.15    0.27 ^ clkbuf_2_0__f_clk/X (sky130_fd_sc_hd__clkbuf_16)
                                         clknet_2_0__leaf_clk (net)
                  0.06    0.00    0.27 ^ _211_/CLK (sky130_fd_sc_hd__dfxtp_1)
                          0.00    0.27   clock reconvergence pessimism
                         -0.05    0.22   library hold time
                                  0.22   data required time
-----------------------------------------------------------------------------
                                  0.22   data required time
                                 -0.91   data arrival time
-----------------------------------------------------------------------------
                                  0.70   slack (MET)


Startpoint: _185_ (rising edge-triggered flip-flop clocked by core_clock)
Endpoint: _168_ (rising edge-triggered flip-flop clocked by core_clock)
Path Group: core_clock
Path Type: min

Fanout     Cap    Slew   Delay    Time   Description
-----------------------------------------------------------------------------
                          0.00    0.00   clock core_clock (rise edge)
                          0.00    0.00   clock source latency
     1    0.01    0.00    0.00    0.00 ^ clk (in)
                                         clk (net)
                  0.00    0.00    0.00 ^ clkbuf_0_clk/A (sky130_fd_sc_hd__clkbuf_16)
     4    0.03    0.05    0.12    0.12 ^ clkbuf_0_clk/X (sky130_fd_sc_hd__clkbuf_16)
                                         clknet_0_clk (net)
                  0.05    0.00    0.12 ^ clkbuf_2_3__f_clk/A (sky130_fd_sc_hd__clkbuf_16)
    10    0.04    0.06    0.14    0.26 ^ clkbuf_2_3__f_clk/X (sky130_fd_sc_hd__clkbuf_16)
                                         clknet_2_3__leaf_clk (net)
                  0.06    0.00    0.27 ^ _185_/CLK (sky130_fd_sc_hd__dfxtp_1)
     2    0.01    0.06    0.32    0.59 ^ _185_/Q (sky130_fd_sc_hd__dfxtp_1)
                                         a_q[13] (net)
                  0.06    0.00    0.59 ^ _151_/A (sky130_fd_sc_hd__and2_1)
     2    0.01    0.08    0.14    0.73 ^ _151_/X (sky130_fd_sc_hd__and2_1)
                                         _022_ (net)
                  0.08    0.00    0.73 ^ _152_/B (sky130_fd_sc_hd__or2_1)
     1    0.01    0.07    0.12    0.85 ^ _152_/X (sky130_fd_sc_hd__or2_1)
                                         _023_ (net)
                  0.07    0.00    0.85 ^ _154_/A (sky130_fd_sc_hd__xnor2_1)
     1    0.00    0.05    0.08    0.94 v _154_/Y (sky130_fd_sc_hd__xnor2_1)
                                         sum_d[13] (net)
                  0.05    0.00    0.94 v _168_/D (sky130_fd_sc_hd__dfxtp_1)
                                  0.94   data arrival time

                          0.00    0.00   clock core_clock (rise edge)
                          0.00    0.00   clock source latency
     1    0.01    0.00    0.00    0.00 ^ clk (in)
                                         clk (net)
                  0.00    0.00    0.00 ^ clkbuf_0_clk/A (sky130_fd_sc_hd__clkbuf_16)
     4    0.03    0.05    0.12    0.12 ^ clkbuf_0_clk/X (sky130_fd_sc_hd__clkbuf_16)
                                         clknet_0_clk (net)
                  0.05    0.00    0.12 ^ clkbuf_2_1__f_clk/A (sky130_fd_sc_hd__clkbuf_16)
    17    0.04    0.06    0.15    0.27 ^ clkbuf_2_1__f_clk/X (sky130_fd_sc_hd__clkbuf_16)
                                         clknet_2_1__leaf_clk (net)
                  0.06    0.00    0.27 ^ _168_/CLK (sky130_fd_sc_hd__dfxtp_1)
                          0.00    0.27   clock reconvergence pessimism
                         -0.05    0.22   library hold time
                                  0.22   data required time
-----------------------------------------------------------------------------
                                  0.22   data required time
                                 -0.94   data arrival time
-----------------------------------------------------------------------------
                                  0.72   slack (MET)



worst slack corner Typical: 0.4658
