
===========================================================================
report_checks -path_delay max (Setup)
============================================================================
======================= Typical Corner ===================================

Startpoint: _304_ (rising edge-triggered flip-flop clocked by core_clock)
Endpoint: _281_ (rising edge-triggered flip-flop clocked by core_clock)
Path Group: core_clock
Path Type: max

Fanout     Cap    Slew   Delay    Time   Description
-----------------------------------------------------------------------------
                          0.00    0.00   clock core_clock (rise edge)
                          0.00    0.00   clock source latency
     1    0.01    0.00    0.00    0.00 ^ clk (in)
                                         clk (net)
                  0.00    0.00    0.00 ^ clkbuf_0_clk/A (sky130_fd_sc_hd__clkbuf_16)
     4    0.03    0.05    0.12    0.12 ^ clkbuf_0_clk/X (sky130_fd_sc_hd__clkbuf_16)
                                         clknet_0_clk (net)
                  0.05    0.00    0.12 ^ clkbuf_2_0__f_clk/A (sky130_fd_sc_hd__clkbuf_16)
    14    0.04    0.06    0.15    0.27 ^ clkbuf_2_0__f_clk/X (sky130_fd_sc_hd__clkbuf_16)
                                         clknet_2_0__leaf_clk (net)
                  0.06    0.00    0.27 ^ _304_/CLK (sky130_fd_sc_hd__dfxtp_2)
     4    0.02    0.06    0.35    0.62 v _304_/Q (sky130_fd_sc_hd__dfxtp_2)
                                         x6.B (net)
                  0.06    0.00    0.62 v rebuffer8/A (sky130_fd_sc_hd__buf_2)
     1    0.00    0.03    0.13    0.74 v rebuffer8/X (sky130_fd_sc_hd__buf_2)
                                         net58 (net)
                  0.03    0.00    0.74 v _140_/A1 (sky130_fd_sc_hd__o211a_1)
     1    0.01    0.05    0.22    0.96 v _140_/X (sky130_fd_sc_hd__o211a_1)
                                         _095_ (net)
                  0.05    0.00    0.96 v _141_/B1 (sky130_fd_sc_hd__a21oi_2)
     3    0.01    0.17    0.16    1.12 ^ _141_/Y (sky130_fd_sc_hd__a21oi_2)
                                         _096_ (net)
                  0.17    0.00    1.12 ^ _159_/A1 (sky130_fd_sc_hd__o21a_1)
     2    0.01    0.09    0.19    1.31 ^ _159_/X (sky130_fd_sc_hd__o21a_1)
                                         _112_ (net)
                  0.09    0.00    1.31 ^ _160_/B1 (sky130_fd_sc_hd__o31a_1)
     1    0.00    0.05    0.14    1.45 ^ _160_/X (sky130_fd_sc_hd__o31a_1)
                                         _113_ (net)
                  0.05    0.00    1.45 ^ _161_/B1_N (sky130_fd_sc_hd__a21bo_1)
     1    0.00    0.04    0.19    1.64 v _161_/X (sky130_fd_sc_hd__a21bo_1)
                                         _114_ (net)
                  0.04    0.00    1.64 v _162_/A (sky130_fd_sc_hd__clkbuf_1)
     2    0.01    0.05    0.10    1.74 v _162_/X (sky130_fd_sc_hd__clkbuf_1)
                                         x67.S (net)
                  0.05    0.00    1.74 v _235_/B2 (sky130_fd_sc_hd__a221o_1)
     1    0.00    0.05    0.31    2.05 v _235_/X (sky130_fd_sc_hd__a221o_1)
                                         x75.S (net)
                  0.05    0.00    2.05 v _281_/D (sky130_fd_sc_hd__dfxtp_1)
                                  2.05   data arrival time

                          2.19    2.19   clock core_clock (rise edge)
                          0.00    2.19   clock source latency
     1    0.01    0.00    0.00    2.19 ^ clk (in)
                                         clk (net)
                  0.00    0.00    2.19 ^ clkbuf_0_clk/A (sky130_fd_sc_hd__clkbuf_16)
     4    0.03    0.05    0.12    2.31 ^ clkbuf_0_clk/X (sky130_fd_sc_hd__clkbuf_16)
                                         clknet_0_clk (net)
                  0.05    0.00    2.31 ^ clkbuf_2_1__f_clk/A (sky130_fd_sc_hd__clkbuf_16)
    17    0.05    0.06    0.15    2.46 ^ clkbuf_2_1__f_clk/X (sky130_fd_sc_hd__clkbuf_16)
                                         clknet_2_1__leaf_clk (net)
                  0.06    0.00    2.46 ^ _281_/CLK (sky130_fd_sc_hd__dfxtp_1)
                          0.00    2.46   clock reconvergence pessimism
                         -0.11    2.35   library setup time
                                  2.35   data required time
-----------------------------------------------------------------------------
                                  2.35   data required time
                                 -2.05   data arrival time
-----------------------------------------------------------------------------
                                  0.30   slack (MET)


Startpoint: _304_ (rising edge-triggered flip-flop clocked by core_clock)
Endpoint: _280_ (rising edge-triggered flip-flop clocked by core_clock)
Path Group: core_clock
Path Type: max

Fanout     Cap    Slew   Delay    Time   Description
-----------------------------------------------------------------------------
                          0.00    0.00   clock core_clock (rise edge)
                          0.00    0.00   clock source latency
     1    0.01    0.00    0.00    0.00 ^ clk (in)
                                         clk (net)
                  0.00    0.00    0.00 ^ clkbuf_0_clk/A (sky130_fd_sc_hd__clkbuf_16)
     4    0.03    0.05    0.12    0.12 ^ clkbuf_0_clk/X (sky130_fd_sc_hd__clkbuf_16)
                                         clknet_0_clk (net)
                  0.05    0.00    0.12 ^ clkbuf_2_0__f_clk/A (sky130_fd_sc_hd__clkbuf_16)
    14    0.04    0.06    0.15    0.27 ^ clkbuf_2_0__f_clk/X (sky130_fd_sc_hd__clkbuf_16)
                                         clknet_2_0__leaf_clk (net)
                  0.06    0.00    0.27 ^ _304_/CLK (sky130_fd_sc_hd__dfxtp_2)
     4    0.02    0.06    0.35    0.62 v _304_/Q (sky130_fd_sc_hd__dfxtp_2)
                                         x6.B (net)
                  0.06    0.00    0.62 v _136_/B (sky130_fd_sc_hd__xnor2_2)
     3    0.01    0.06    0.14    0.76 v _136_/Y (sky130_fd_sc_hd__xnor2_2)
                                         _091_ (net)
                  0.06    0.00    0.76 v _137_/A (sky130_fd_sc_hd__or4_4)
     5    0.01    0.10    0.56    1.31 v _137_/X (sky130_fd_sc_hd__or4_4)
                                         _092_ (net)
                  0.10    0.00    1.31 v _181_/B2 (sky130_fd_sc_hd__o221a_1)
     2    0.00    0.05    0.23    1.54 v _181_/X (sky130_fd_sc_hd__o221a_1)
                                         _005_ (net)
                  0.05    0.00    1.54 v _222_/B (sky130_fd_sc_hd__or2_4)
     1    0.00    0.04    0.22    1.77 v _222_/X (sky130_fd_sc_hd__or2_4)
                                         _042_ (net)
                  0.04    0.00    1.77 v _223_/A1 (sky130_fd_sc_hd__a31oi_1)
     1    0.00    0.15    0.14    1.91 ^ _223_/Y (sky130_fd_sc_hd__a31oi_1)
                                         _043_ (net)
                  0.15    0.00    1.91 ^ _227_/A2 (sky130_fd_sc_hd__o31ai_1)
     1    0.00    0.05    0.09    2.00 v _227_/Y (sky130_fd_sc_hd__o31ai_1)
                                         x74.S (net)
                  0.05    0.00    2.00 v _280_/D (sky130_fd_sc_hd__dfxtp_1)
                                  2.00   data arrival time

                          2.19    2.19   clock core_clock (rise edge)
                          0.00    2.19   clock source latency
     1    0.01    0.00    0.00    2.19 ^ clk (in)
                                         clk (net)
                  0.00    0.00    2.19 ^ clkbuf_0_clk/A (sky130_fd_sc_hd__clkbuf_16)
     4    0.03    0.05    0.12    2.31 ^ clkbuf_0_clk/X (sky130_fd_sc_hd__clkbuf_16)
                                         clknet_0_clk (net)
                  0.05    0.00    2.31 ^ clkbuf_2_3__f_clk/A (sky130_fd_sc_hd__clkbuf_16)
    10    0.04    0.06    0.15    2.46 ^ clkbuf_2_3__f_clk/X (sky130_fd_sc_hd__clkbuf_16)
                                         clknet_2_3__leaf_clk (net)
                  0.06    0.00    2.46 ^ _280_/CLK (sky130_fd_sc_hd__dfxtp_1)
                          0.00    2.46   clock reconvergence pessimism
                         -0.11    2.35   library setup time
                                  2.35   data required time
-----------------------------------------------------------------------------
                                  2.35   data required time
                                 -2.00   data arrival time
-----------------------------------------------------------------------------
                                  0.35   slack (MET)


Startpoint: _290_ (rising edge-triggered flip-flop clocked by core_clock)
Endpoint: _284_ (rising edge-triggered flip-flop clocked by core_clock)
Path Group: core_clock
Path Type: max

Fanout     Cap    Slew   Delay    Time   Description
-----------------------------------------------------------------------------
                          0.00    0.00   clock core_clock (rise edge)
                          0.00    0.00   clock source latency
     1    0.01    0.00    0.00    0.00 ^ clk (in)
                                         clk (net)
                  0.00    0.00    0.00 ^ clkbuf_0_clk/A (sky130_fd_sc_hd__clkbuf_16)
     4    0.03    0.05    0.12    0.12 ^ clkbuf_0_clk/X (sky130_fd_sc_hd__clkbuf_16)
                                         clknet_0_clk (net)
                  0.05    0.00    0.12 ^ clkbuf_2_1__f_clk/A (sky130_fd_sc_hd__clkbuf_16)
    17    0.05    0.06    0.15    0.27 ^ clkbuf_2_1__f_clk/X (sky130_fd_sc_hd__clkbuf_16)
                                         clknet_2_1__leaf_clk (net)
                  0.06    0.00    0.27 ^ _290_/CLK (sky130_fd_sc_hd__dfxtp_1)
     3    0.01    0.04    0.31    0.58 v _290_/Q (sky130_fd_sc_hd__dfxtp_1)
                                         x10.A (net)
                  0.04    0.00    0.58 v _151_/B (sky130_fd_sc_hd__and2_1)
     2    0.01    0.05    0.16    0.74 v _151_/X (sky130_fd_sc_hd__and2_1)
                                         _104_ (net)
                  0.05    0.00    0.74 v _165_/A (sky130_fd_sc_hd__or4b_4)
     3    0.01    0.09    0.54    1.29 v _165_/X (sky130_fd_sc_hd__or4b_4)
                                         _117_ (net)
                  0.09    0.00    1.29 v _185_/A (sky130_fd_sc_hd__or2_4)
     3    0.01    0.06    0.29    1.57 v _185_/X (sky130_fd_sc_hd__or2_4)
                                         _009_ (net)
                  0.06    0.00    1.57 v _190_/A2 (sky130_fd_sc_hd__o21ai_2)
     4    0.01    0.19    0.19    1.76 ^ _190_/Y (sky130_fd_sc_hd__o21ai_2)
                                         _014_ (net)
                  0.19    0.00    1.77 ^ _267_/B (sky130_fd_sc_hd__nor2_1)
     1    0.00    0.05    0.06    1.83 v _267_/Y (sky130_fd_sc_hd__nor2_1)
                                         _082_ (net)
                  0.05    0.00    1.83 v _268_/A2 (sky130_fd_sc_hd__a21o_1)
     1    0.00    0.03    0.17    2.00 v _268_/X (sky130_fd_sc_hd__a21o_1)
                                         x78.S (net)
                  0.03    0.00    2.00 v _284_/D (sky130_fd_sc_hd__dfxtp_1)
                                  2.00   data arrival time

                          2.19    2.19   clock core_clock (rise edge)
                          0.00    2.19   clock source latency
     1    0.01    0.00    0.00    2.19 ^ clk (in)
                                         clk (net)
                  0.00    0.00    2.19 ^ clkbuf_0_clk/A (sky130_fd_sc_hd__clkbuf_16)
     4    0.03    0.05    0.12    2.31 ^ clkbuf_0_clk/X (sky130_fd_sc_hd__clkbuf_16)
                                         clknet_0_clk (net)
                  0.05    0.00    2.31 ^ clkbuf_2_1__f_clk/A (sky130_fd_sc_hd__clkbuf_16)
    17    0.05    0.06    0.15    2.46 ^ clkbuf_2_1__f_clk/X (sky130_fd_sc_hd__clkbuf_16)
                                         clknet_2_1__leaf_clk (net)
                  0.06    0.00    2.46 ^ _284_/CLK (sky130_fd_sc_hd__dfxtp_1)
                          0.00    2.46   clock reconvergence pessimism
                         -0.10    2.36   library setup time
                                  2.36   data required time
-----------------------------------------------------------------------------
                                  2.36   data required time
                                 -2.00   data arrival time
-----------------------------------------------------------------------------
                                  0.36   slack (MET)


Startpoint: _290_ (rising edge-triggered flip-flop clocked by core_clock)
Endpoint: _285_ (rising edge-triggered flip-flop clocked by core_clock)
Path Group: core_clock
Path Type: max

Fanout     Cap    Slew   Delay    Time   Description
-----------------------------------------------------------------------------
                          0.00    0.00   clock core_clock (rise edge)
                          0.00    0.00   clock source latency
     1    0.01    0.00    0.00    0.00 ^ clk (in)
                                         clk (net)
                  0.00    0.00    0.00 ^ clkbuf_0_clk/A (sky130_fd_sc_hd__clkbuf_16)
     4    0.03    0.05    0.12    0.12 ^ clkbuf_0_clk/X (sky130_fd_sc_hd__clkbuf_16)
                                         clknet_0_clk (net)
                  0.05    0.00    0.12 ^ clkbuf_2_1__f_clk/A (sky130_fd_sc_hd__clkbuf_16)
    17    0.05    0.06    0.15    0.27 ^ clkbuf_2_1__f_clk/X (sky130_fd_sc_hd__clkbuf_16)
                                         clknet_2_1__leaf_clk (net)
                  0.06    0.00    0.27 ^ _290_/CLK (sky130_fd_sc_hd__dfxtp_1)
     3    0.01    0.04    0.31    0.58 v _290_/Q (sky130_fd_sc_hd__dfxtp_1)
                                         x10.A (net)
                  0.04    0.00    0.58 v _151_/B (sky130_fd_sc_hd__and2_1)
     2    0.01    0.05    0.16    0.74 v _151_/X (sky130_fd_sc_hd__and2_1)
                                         _104_ (net)
                  0.05    0.00    0.74 v _165_/A (sky130_fd_sc_hd__or4b_4)
     3    0.01    0.09    0.54    1.29 v _165_/X (sky130_fd_sc_hd__or4b_4)
                                         _117_ (net)
                  0.09    0.00    1.29 v _185_/A (sky130_fd_sc_hd__or2_4)
     3    0.01    0.06    0.29    1.57 v _185_/X (sky130_fd_sc_hd__or2_4)
                                         _009_ (net)
                  0.06    0.00    1.57 v _190_/A2 (sky130_fd_sc_hd__o21ai_2)
     4    0.01    0.19    0.19    1.76 ^ _190_/Y (sky130_fd_sc_hd__o21ai_2)
                                         _014_ (net)
                  0.19    0.00    1.77 ^ _265_/A1 (sky130_fd_sc_hd__a211o_1)
     2    0.01    0.07    0.18    1.94 ^ _265_/X (sky130_fd_sc_hd__a211o_1)
                                         _081_ (net)
                  0.07    0.00    1.94 ^ _266_/B1 (sky130_fd_sc_hd__a21o_1)
     1    0.00    0.05    0.09    2.03 ^ _266_/X (sky130_fd_sc_hd__a21o_1)
                                         x113.C (net)
                  0.05    0.00    2.03 ^ _285_/D (sky130_fd_sc_hd__dfxtp_1)
                                  2.03   data arrival time

                          2.19    2.19   clock core_clock (rise edge)
                          0.00    2.19   clock source latency
     1    0.01    0.00    0.00    2.19 ^ clk (in)
                                         clk (net)
                  0.00    0.00    2.19 ^ clkbuf_0_clk/A (sky130_fd_sc_hd__clkbuf_16)
     4    0.03    0.05    0.12    2.31 ^ clkbuf_0_clk/X (sky130_fd_sc_hd__clkbuf_16)
                                         clknet_0_clk (net)
                  0.05    0.00    2.31 ^ clkbuf_2_1__f_clk/A (sky130_fd_sc_hd__clkbuf_16)
    17    0.05    0.06    0.15    2.46 ^ clkbuf_2_1__f_clk/X (sky130_fd_sc_hd__clkbuf_16)
                                         clknet_2_1__leaf_clk (net)
                  0.06    0.00    2.46 ^ _285_/CLK (sky130_fd_sc_hd__dfxtp_1)
                          0.00    2.46   clock reconvergence pessimism
                         -0.05    2.41   library setup time
                                  2.41   data required time
-----------------------------------------------------------------------------
                                  2.41   data required time
                                 -2.03   data arrival time
-----------------------------------------------------------------------------
                                  0.37   slack (MET)


Startpoint: _304_ (rising edge-triggered flip-flop clocked by core_clock)
Endpoint: _283_ (rising edge-triggered flip-flop clocked by core_clock)
Path Group: core_clock
Path Type: max

Fanout     Cap    Slew   Delay    Time   Description
-----------------------------------------------------------------------------
                          0.00    0.00   clock core_clock (rise edge)
                          0.00    0.00   clock source latency
     1    0.01    0.00    0.00    0.00 ^ clk (in)
                                         clk (net)
                  0.00    0.00    0.00 ^ clkbuf_0_clk/A (sky130_fd_sc_hd__clkbuf_16)
     4    0.03    0.05    0.12    0.12 ^ clkbuf_0_clk/X (sky130_fd_sc_hd__clkbuf_16)
                                         clknet_0_clk (net)
                  0.05    0.00    0.12 ^ clkbuf_2_0__f_clk/A (sky130_fd_sc_hd__clkbuf_16)
    14    0.04    0.06    0.15    0.27 ^ clkbuf_2_0__f_clk/X (sky130_fd_sc_hd__clkbuf_16)
                                         clknet_2_0__leaf_clk (net)
                  0.06    0.00    0.27 ^ _304_/CLK (sky130_fd_sc_hd__dfxtp_2)
     4    0.02    0.06    0.35    0.62 v _304_/Q (sky130_fd_sc_hd__dfxtp_2)
                                         x6.B (net)
                  0.06    0.00    0.62 v _136_/B (sky130_fd_sc_hd__xnor2_2)
     3    0.01    0.06    0.14    0.76 v _136_/Y (sky130_fd_sc_hd__xnor2_2)
                                         _091_ (net)
                  0.06    0.00    0.76 v _137_/A (sky130_fd_sc_hd__or4_4)
     5    0.01    0.10    0.56    1.31 v _137_/X (sky130_fd_sc_hd__or4_4)
                                         _092_ (net)
                  0.10    0.00    1.31 v rebuffer1/A (sky130_fd_sc_hd__dlymetal6s2s_1)
     1    0.00    0.04    0.16    1.48 v rebuffer1/X (sky130_fd_sc_hd__dlymetal6s2s_1)
                                         net51 (net)
                  0.04    0.00    1.48 v _154_/B (sky130_fd_sc_hd__nor2_1)
     2    0.01    0.14    0.13    1.61 ^ _154_/Y (sky130_fd_sc_hd__nor2_1)
                                         _107_ (net)
                  0.15    0.00    1.61 ^ _179_/A2 (sky130_fd_sc_hd__a31o_1)
     1    0.00    0.05    0.16    1.77 ^ _179_/X (sky130_fd_sc_hd__a31o_1)
                                         _004_ (net)
                  0.05    0.00    1.77 ^ _180_/B1 (sky130_fd_sc_hd__a21o_1)
     2    0.01    0.08    0.11    1.88 ^ _180_/X (sky130_fd_sc_hd__a21o_1)
                                         x69.S (net)
                  0.08    0.00    1.88 ^ _254_/A1 (sky130_fd_sc_hd__a211o_1)
     1    0.01    0.06    0.14    2.02 ^ _254_/X (sky130_fd_sc_hd__a211o_1)
                                         x77.S (net)
                  0.06    0.00    2.02 ^ _283_/D (sky130_fd_sc_hd__dfxtp_1)
                                  2.02   data arrival time

                          2.19    2.19   clock core_clock (rise edge)
                          0.00    2.19   clock source latency
     1    0.01    0.00    0.00    2.19 ^ clk (in)
                                         clk (net)
                  0.00    0.00    2.19 ^ clkbuf_0_clk/A (sky130_fd_sc_hd__clkbuf_16)
     4    0.03    0.05    0.12    2.31 ^ clkbuf_0_clk/X (sky130_fd_sc_hd__clkbuf_16)
                                         clknet_0_clk (net)
                  0.05    0.00    2.31 ^ clkbuf_2_1__f_clk/A (sky130_fd_sc_hd__clkbuf_16)
    17    0.05    0.06    0.15    2.46 ^ clkbuf_2_1__f_clk/X (sky130_fd_sc_hd__clkbuf_16)
                                         clknet_2_1__leaf_clk (net)
                  0.06    0.00    2.46 ^ _283_/CLK (sky130_fd_sc_hd__dfxtp_1)
                          0.00    2.46   clock reconvergence pessimism
                         -0.06    2.40   library setup time
                                  2.40   data required time
-----------------------------------------------------------------------------
                                  2.40   data required time
                                 -2.02   data arrival time
-----------------------------------------------------------------------------
                                  0.38   slack (MET)


Startpoint: _304_ (rising edge-triggered flip-flop clocked by core_clock)
Endpoint: _279_ (rising edge-triggered flip-flop clocked by core_clock)
Path Group: core_clock
Path Type: max

Fanout     Cap    Slew   Delay    Time   Description
-----------------------------------------------------------------------------
                          0.00    0.00   clock core_clock (rise edge)
                          0.00    0.00   clock source latency
     1    0.01    0.00    0.00    0.00 ^ clk (in)
                                         clk (net)
                  0.00    0.00    0.00 ^ clkbuf_0_clk/A (sky130_fd_sc_hd__clkbuf_16)
     4    0.03    0.05    0.12    0.12 ^ clkbuf_0_clk/X (sky130_fd_sc_hd__clkbuf_16)
                                         clknet_0_clk (net)
                  0.05    0.00    0.12 ^ clkbuf_2_0__f_clk/A (sky130_fd_sc_hd__clkbuf_16)
    14    0.04    0.06    0.15    0.27 ^ clkbuf_2_0__f_clk/X (sky130_fd_sc_hd__clkbuf_16)
                                         clknet_2_0__leaf_clk (net)
                  0.06    0.00    0.27 ^ _304_/CLK (sky130_fd_sc_hd__dfxtp_2)
     4    0.02    0.06    0.35    0.62 v _304_/Q (sky130_fd_sc_hd__dfxtp_2)
                                         x6.B (net)
                  0.06    0.00    0.62 v _136_/B (sky130_fd_sc_hd__xnor2_2)
     3    0.01    0.06    0.14    0.76 v _136_/Y (sky130_fd_sc_hd__xnor2_2)
                                         _091_ (net)
                  0.06    0.00    0.76 v _137_/A (sky130_fd_sc_hd__or4_4)
     5    0.01    0.10    0.56    1.31 v _137_/X (sky130_fd_sc_hd__or4_4)
                                         _092_ (net)
                  0.10    0.00    1.31 v rebuffer2/A (sky130_fd_sc_hd__dlygate4sd1_1)
     1    0.01    0.05    0.27    1.58 v rebuffer2/X (sky130_fd_sc_hd__dlygate4sd1_1)
                                         net52 (net)
                  0.05    0.00    1.58 v _138_/A (sky130_fd_sc_hd__inv_2)
     2    0.01    0.04    0.06    1.64 ^ _138_/Y (sky130_fd_sc_hd__inv_2)
                                         _093_ (net)
                  0.04    0.00    1.64 ^ _143_/A2 (sky130_fd_sc_hd__a21o_1)
     2    0.01    0.09    0.14    1.78 ^ _143_/X (sky130_fd_sc_hd__a21o_1)
                                         x65.S (net)
                  0.09    0.00    1.78 ^ _214_/A1 (sky130_fd_sc_hd__a21bo_1)
     1    0.00    0.04    0.11    1.89 ^ _214_/X (sky130_fd_sc_hd__a21bo_1)
                                         _035_ (net)
                  0.04    0.00    1.89 ^ _218_/A2 (sky130_fd_sc_hd__a21o_1)
     1    0.00    0.05    0.11    2.01 ^ _218_/X (sky130_fd_sc_hd__a21o_1)
                                         x73.S (net)
                  0.05    0.00    2.01 ^ _279_/D (sky130_fd_sc_hd__dfxtp_1)
                                  2.01   data arrival time

                          2.19    2.19   clock core_clock (rise edge)
                          0.00    2.19   clock source latency
     1    0.01    0.00    0.00    2.19 ^ clk (in)
                                         clk (net)
                  0.00    0.00    2.19 ^ clkbuf_0_clk/A (sky130_fd_sc_hd__clkbuf_16)
     4    0.03    0.05    0.12    2.31 ^ clkbuf_0_clk/X (sky130_fd_sc_hd__clkbuf_16)
                                         clknet_0_clk (net)
                  0.05    0.00    2.31 ^ clkbuf_2_1__f_clk/A (sky130_fd_sc_hd__clkbuf_16)
    17    0.05    0.06    0.15    2.46 ^ clkbuf_2_1__f_clk/X (sky130_fd_sc_hd__clkbuf_16)
                                         clknet_2_1__leaf_clk (net)
                  0.06    0.00    2.46 ^ _279_/CLK (sky130_fd_sc_hd__dfxtp_1)
                          0.00    2.46   clock reconvergence pessimism
                         -0.05    2.41   library setup time
                                  2.41   data required time
-----------------------------------------------------------------------------
                                  2.41   data required time
                                 -2.01   data arrival time
-----------------------------------------------------------------------------
                                  0.40   slack (MET)


Startpoint: _288_ (rising edge-triggered flip-flop clocked by core_clock)
Endpoint: _272_ (rising edge-triggered flip-flop clocked by core_clock)
Path Group: core_clock
Path Type: max

Fanout     Cap    Slew   Delay    Time   Description
-----------------------------------------------------------------------------
                          0.00    0.00   clock core_clock (rise edge)
                          0.00    0.00   clock source latency
     1    0.01    0.00    0.00    0.00 ^ clk (in)
                                         clk (net)
                  0.00    0.00    0.00 ^ clkbuf_0_clk/A (sky130_fd_sc_hd__clkbuf_16)
     4    0.03    0.05    0.12    0.12 ^ clkbuf_0_clk/X (sky130_fd_sc_hd__clkbuf_16)
                                         clknet_0_clk (net)
                  0.05    0.00    0.12 ^ clkbuf_2_1__f_clk/A (sky130_fd_sc_hd__clkbuf_16)
    17    0.05    0.06    0.15    0.27 ^ clkbuf_2_1__f_clk/X (sky130_fd_sc_hd__clkbuf_16)
                                         clknet_2_1__leaf_clk (net)
                  0.06    0.00    0.27 ^ _288_/CLK (sky130_fd_sc_hd__dfxtp_2)
     3    0.01    0.04    0.33    0.60 v _288_/Q (sky130_fd_sc_hd__dfxtp_2)
                                         x6.A (net)
                  0.04    0.00    0.60 v rebuffer4/A (sky130_fd_sc_hd__dlygate4sd1_1)
     2    0.01    0.05    0.25    0.85 v rebuffer4/X (sky130_fd_sc_hd__dlygate4sd1_1)
                                         net54 (net)
                  0.05    0.00    0.85 v rebuffer5/A (sky130_fd_sc_hd__dlymetal6s2s_1)
     1    0.00    0.04    0.14    1.00 v rebuffer5/X (sky130_fd_sc_hd__dlymetal6s2s_1)
                                         net55 (net)
                  0.04    0.00    1.00 v _146_/A2 (sky130_fd_sc_hd__a22o_1)
     1    0.00    0.04    0.22    1.22 v _146_/X (sky130_fd_sc_hd__a22o_1)
                                         _100_ (net)
                  0.04    0.00    1.22 v _147_/B1 (sky130_fd_sc_hd__o21ai_1)
     2    0.01    0.17    0.10    1.32 ^ _147_/Y (sky130_fd_sc_hd__o21ai_1)
                                         _101_ (net)
                  0.17    0.00    1.32 ^ _148_/B1 (sky130_fd_sc_hd__o21ai_1)
     3    0.01    0.10    0.13    1.45 v _148_/Y (sky130_fd_sc_hd__o21ai_1)
                                         _102_ (net)
                  0.10    0.00    1.45 v _149_/B1_N (sky130_fd_sc_hd__o21bai_1)
     2    0.01    0.09    0.20    1.65 v _149_/Y (sky130_fd_sc_hd__o21bai_1)
                                         _103_ (net)
                  0.09    0.00    1.65 v rebuffer9/A (sky130_fd_sc_hd__dlymetal6s2s_1)
     1    0.00    0.04    0.16    1.81 v rebuffer9/X (sky130_fd_sc_hd__dlymetal6s2s_1)
                                         net59 (net)
                  0.04    0.00    1.81 v _150_/B1 (sky130_fd_sc_hd__o31a_1)
     1    0.00    0.05    0.10    1.92 v _150_/X (sky130_fd_sc_hd__o31a_1)
                                         x66.S (net)
                  0.05    0.00    1.92 v _272_/D (sky130_fd_sc_hd__dfxtp_1)
                                  1.92   data arrival time

                          2.19    2.19   clock core_clock (rise edge)
                          0.00    2.19   clock source latency
     1    0.01    0.00    0.00    2.19 ^ clk (in)
                                         clk (net)
                  0.00    0.00    2.19 ^ clkbuf_0_clk/A (sky130_fd_sc_hd__clkbuf_16)
     4    0.03    0.05    0.12    2.31 ^ clkbuf_0_clk/X (sky130_fd_sc_hd__clkbuf_16)
                                         clknet_0_clk (net)
                  0.05    0.00    2.31 ^ clkbuf_2_0__f_clk/A (sky130_fd_sc_hd__clkbuf_16)
    14    0.04    0.06    0.15    2.46 ^ clkbuf_2_0__f_clk/X (sky130_fd_sc_hd__clkbuf_16)
                                         clknet_2_0__leaf_clk (net)
                  0.06    0.00    2.46 ^ _272_/CLK (sky130_fd_sc_hd__dfxtp_1)
                          0.00    2.46   clock reconvergence pessimism
                         -0.11    2.35   library setup time
                                  2.35   data required time
-----------------------------------------------------------------------------
                                  2.35   data required time
                                 -1.92   data arrival time
-----------------------------------------------------------------------------
                                  0.43   slack (MET)


Startpoint: _304_ (rising edge-triggered flip-flop clocked by core_clock)
Endpoint: _276_ (rising edge-triggered flip-flop clocked by core_clock)
Path Group: core_clock
Path Type: max

Fanout     Cap    Slew   Delay    Time   Description
-----------------------------------------------------------------------------
                          0.00    0.00   clock core_clock (rise edge)
                          0.00    0.00   clock source latency
     1    0.01    0.00    0.00    0.00 ^ clk (in)
                                         clk (net)
                  0.00    0.00    0.00 ^ clkbuf_0_clk/A (sky130_fd_sc_hd__clkbuf_16)
     4    0.03    0.05    0.12    0.12 ^ clkbuf_0_clk/X (sky130_fd_sc_hd__clkbuf_16)
                                         clknet_0_clk (net)
                  0.05    0.00    0.12 ^ clkbuf_2_0__f_clk/A (sky130_fd_sc_hd__clkbuf_16)
    14    0.04    0.06    0.15    0.27 ^ clkbuf_2_0__f_clk/X (sky130_fd_sc_hd__clkbuf_16)
                                         clknet_2_0__leaf_clk (net)
                  0.06    0.00    0.27 ^ _304_/CLK (sky130_fd_sc_hd__dfxtp_2)
     4    0.02    0.06    0.35    0.62 v _304_/Q (sky130_fd_sc_hd__dfxtp_2)
                                         x6.B (net)
                  0.06    0.00    0.62 v _136_/B (sky130_fd_sc_hd__xnor2_2)
     3    0.01    0.06    0.14    0.76 v _136_/Y (sky130_fd_sc_hd__xnor2_2)
                                         _091_ (net)
                  0.06    0.00    0.76 v _137_/A (sky130_fd_sc_hd__or4_4)
     5    0.01    0.10    0.56    1.31 v _137_/X (sky130_fd_sc_hd__or4_4)
                                         _092_ (net)
                  0.10    0.00    1.31 v _181_/B2 (sky130_fd_sc_hd__o221a_1)
     2    0.00    0.05    0.23    1.54 v _181_/X (sky130_fd_sc_hd__o221a_1)
                                         _005_ (net)
                  0.05    0.00    1.54 v rebuffer7/A (sky130_fd_sc_hd__dlygate4sd1_1)
     1    0.00    0.03    0.23    1.78 v rebuffer7/X (sky130_fd_sc_hd__dlygate4sd1_1)
                                         net57 (net)
                  0.03    0.00    1.78 v _191_/A1 (sky130_fd_sc_hd__a21o_1)
     1    0.00    0.03    0.15    1.92 v _191_/X (sky130_fd_sc_hd__a21o_1)
                                         x70.S (net)
                  0.03    0.00    1.92 v _276_/D (sky130_fd_sc_hd__dfxtp_1)
                                  1.92   data arrival time

                          2.19    2.19   clock core_clock (rise edge)
                          0.00    2.19   clock source latency
     1    0.01    0.00    0.00    2.19 ^ clk (in)
                                         clk (net)
                  0.00    0.00    2.19 ^ clkbuf_0_clk/A (sky130_fd_sc_hd__clkbuf_16)
     4    0.03    0.05    0.12    2.31 ^ clkbuf_0_clk/X (sky130_fd_sc_hd__clkbuf_16)
                                         clknet_0_clk (net)
                  0.05    0.00    2.31 ^ clkbuf_2_1__f_clk/A (sky130_fd_sc_hd__clkbuf_16)
    17    0.05    0.06    0.15    2.46 ^ clkbuf_2_1__f_clk/X (sky130_fd_sc_hd__clkbuf_16)
                                         clknet_2_1__leaf_clk (net)
                  0.06    0.00    2.46 ^ _276_/CLK (sky130_fd_sc_hd__dfxtp_1)
                          0.00    2.46   clock reconvergence pessimism
                         -0.10    2.36   library setup time
                                  2.36   data required time
-----------------------------------------------------------------------------
                                  2.36   data required time
                                 -1.92   data arrival time
-----------------------------------------------------------------------------
                                  0.44   slack (MET)


Startpoint: _304_ (rising edge-triggered flip-flop clocked by core_clock)
Endpoint: _275_ (rising edge-triggered flip-flop clocked by core_clock)
Path Group: core_clock
Path Type: max

Fanout     Cap    Slew   Delay    Time   Description
-----------------------------------------------------------------------------
                          0.00    0.00   clock core_clock (rise edge)
                          0.00    0.00   clock source latency
     1    0.01    0.00    0.00    0.00 ^ clk (in)
                                         clk (net)
                  0.00    0.00    0.00 ^ clkbuf_0_clk/A (sky130_fd_sc_hd__clkbuf_16)
     4    0.03    0.05    0.12    0.12 ^ clkbuf_0_clk/X (sky130_fd_sc_hd__clkbuf_16)
                                         clknet_0_clk (net)
                  0.05    0.00    0.12 ^ clkbuf_2_0__f_clk/A (sky130_fd_sc_hd__clkbuf_16)
    14    0.04    0.06    0.15    0.27 ^ clkbuf_2_0__f_clk/X (sky130_fd_sc_hd__clkbuf_16)
                                         clknet_2_0__leaf_clk (net)
                  0.06    0.00    0.27 ^ _304_/CLK (sky130_fd_sc_hd__dfxtp_2)
     4    0.02    0.06    0.35    0.62 v _304_/Q (sky130_fd_sc_hd__dfxtp_2)
                                         x6.B (net)
                  0.06    0.00    0.62 v _136_/B (sky130_fd_sc_hd__xnor2_2)
     3    0.01    0.06    0.14    0.76 v _136_/Y (sky130_fd_sc_hd__xnor2_2)
                                         _091_ (net)
                  0.06    0.00    0.76 v _137_/A (sky130_fd_sc_hd__or4_4)
     5    0.01    0.10    0.56    1.31 v _137_/X (sky130_fd_sc_hd__or4_4)
                                         _092_ (net)
                  0.10    0.00    1.31 v rebuffer1/A (sky130_fd_sc_hd__dlymetal6s2s_1)
     1    0.00    0.04    0.16    1.48 v rebuffer1/X (sky130_fd_sc_hd__dlymetal6s2s_1)
                                         net51 (net)
                  0.04    0.00    1.48 v _154_/B (sky130_fd_sc_hd__nor2_1)
     2    0.01    0.14    0.13    1.61 ^ _154_/Y (sky130_fd_sc_hd__nor2_1)
                                         _107_ (net)
                  0.15    0.00    1.61 ^ _179_/A2 (sky130_fd_sc_hd__a31o_1)
     1    0.00    0.05    0.16    1.77 ^ _179_/X (sky130_fd_sc_hd__a31o_1)
                                         _004_ (net)
                  0.05    0.00    1.77 ^ _180_/B1 (sky130_fd_sc_hd__a21o_1)
     2    0.01    0.08    0.11    1.88 ^ _180_/X (sky130_fd_sc_hd__a21o_1)
                                         x69.S (net)
                  0.08    0.00    1.88 ^ _275_/D (sky130_fd_sc_hd__dfxtp_1)
                                  1.88   data arrival time

                          2.19    2.19   clock core_clock (rise edge)
                          0.00    2.19   clock source latency
     1    0.01    0.00    0.00    2.19 ^ clk (in)
                                         clk (net)
                  0.00    0.00    2.19 ^ clkbuf_0_clk/A (sky130_fd_sc_hd__clkbuf_16)
     4    0.03    0.05    0.12    2.31 ^ clkbuf_0_clk/X (sky130_fd_sc_hd__clkbuf_16)
                                         clknet_0_clk (net)
                  0.05    0.00    2.31 ^ clkbuf_2_1__f_clk/A (sky130_fd_sc_hd__clkbuf_16)
    17    0.05    0.06    0.15    2.46 ^ clkbuf_2_1__f_clk/X (sky130_fd_sc_hd__clkbuf_16)
                                         clknet_2_1__leaf_clk (net)
                  0.06    0.00    2.46 ^ _275_/CLK (sky130_fd_sc_hd__dfxtp_1)
                          0.00    2.46   clock reconvergence pessimism
                         -0.06    2.40   library setup time
                                  2.40   data required time
-----------------------------------------------------------------------------
                                  2.40   data required time
                                 -1.88   data arrival time
-----------------------------------------------------------------------------
                                  0.52   slack (MET)


Startpoint: _304_ (rising edge-triggered flip-flop clocked by core_clock)
Endpoint: _273_ (rising edge-triggered flip-flop clocked by core_clock)
Path Group: core_clock
Path Type: max

Fanout     Cap    Slew   Delay    Time   Description
-----------------------------------------------------------------------------
                          0.00    0.00   clock core_clock (rise edge)
                          0.00    0.00   clock source latency
     1    0.01    0.00    0.00    0.00 ^ clk (in)
                                         clk (net)
                  0.00    0.00    0.00 ^ clkbuf_0_clk/A (sky130_fd_sc_hd__clkbuf_16)
     4    0.03    0.05    0.12    0.12 ^ clkbuf_0_clk/X (sky130_fd_sc_hd__clkbuf_16)
                                         clknet_0_clk (net)
                  0.05    0.00    0.12 ^ clkbuf_2_0__f_clk/A (sky130_fd_sc_hd__clkbuf_16)
    14    0.04    0.06    0.15    0.27 ^ clkbuf_2_0__f_clk/X (sky130_fd_sc_hd__clkbuf_16)
                                         clknet_2_0__leaf_clk (net)
                  0.06    0.00    0.27 ^ _304_/CLK (sky130_fd_sc_hd__dfxtp_2)
     4    0.02    0.06    0.35    0.62 v _304_/Q (sky130_fd_sc_hd__dfxtp_2)
                                         x6.B (net)
                  0.06    0.00    0.62 v _136_/B (sky130_fd_sc_hd__xnor2_2)
     3    0.01    0.06    0.14    0.76 v _136_/Y (sky130_fd_sc_hd__xnor2_2)
                                         _091_ (net)
                  0.06    0.00    0.76 v _137_/A (sky130_fd_sc_hd__or4_4)
     5    0.01    0.10    0.56    1.31 v _137_/X (sky130_fd_sc_hd__or4_4)
                                         _092_ (net)
                  0.10    0.00    1.31 v rebuffer1/A (sky130_fd_sc_hd__dlymetal6s2s_1)
     1    0.00    0.04    0.16    1.48 v rebuffer1/X (sky130_fd_sc_hd__dlymetal6s2s_1)
                                         net51 (net)
                  0.04    0.00    1.48 v _154_/B (sky130_fd_sc_hd__nor2_1)
     2    0.01    0.14    0.13    1.61 ^ _154_/Y (sky130_fd_sc_hd__nor2_1)
                                         _107_ (net)
                  0.15    0.00    1.61 ^ _161_/A1 (sky130_fd_sc_hd__a21bo_1)
     1    0.00    0.04    0.13    1.74 ^ _161_/X (sky130_fd_sc_hd__a21bo_1)
                                         _114_ (net)
                  0.04    0.00    1.74 ^ _162_/A (sky130_fd_sc_hd__clkbuf_1)
     2    0.01    0.09    0.11    1.85 ^ _162_/X (sky130_fd_sc_hd__clkbuf_1)
                                         x67.S (net)
                  0.09    0.00    1.85 ^ _273_/D (sky130_fd_sc_hd__dfxtp_1)
                                  1.85   data arrival time

                          2.19    2.19   clock core_clock (rise edge)
                          0.00    2.19   clock source latency
     1    0.01    0.00    0.00    2.19 ^ clk (in)
                                         clk (net)
                  0.00    0.00    2.19 ^ clkbuf_0_clk/A (sky130_fd_sc_hd__clkbuf_16)
     4    0.03    0.05    0.12    2.31 ^ clkbuf_0_clk/X (sky130_fd_sc_hd__clkbuf_16)
                                         clknet_0_clk (net)
                  0.05    0.00    2.31 ^ clkbuf_2_1__f_clk/A (sky130_fd_sc_hd__clkbuf_16)
    17    0.05    0.06    0.15    2.46 ^ clkbuf_2_1__f_clk/X (sky130_fd_sc_hd__clkbuf_16)
                                         clknet_2_1__leaf_clk (net)
                  0.06    0.00    2.46 ^ _273_/CLK (sky130_fd_sc_hd__dfxtp_1)
                          0.00    2.46   clock reconvergence pessimism
                         -0.06    2.40   library setup time
                                  2.40   data required time
-----------------------------------------------------------------------------
                                  2.40   data required time
                                 -1.85   data arrival time
-----------------------------------------------------------------------------
                                  0.55   slack (MET)


Startpoint: _304_ (rising edge-triggered flip-flop clocked by core_clock)
Endpoint: _282_ (rising edge-triggered flip-flop clocked by core_clock)
Path Group: core_clock
Path Type: max

Fanout     Cap    Slew   Delay    Time   Description
-----------------------------------------------------------------------------
                          0.00    0.00   clock core_clock (rise edge)
                          0.00    0.00   clock source latency
     1    0.01    0.00    0.00    0.00 ^ clk (in)
                                         clk (net)
                  0.00    0.00    0.00 ^ clkbuf_0_clk/A (sky130_fd_sc_hd__clkbuf_16)
     4    0.03    0.05    0.12    0.12 ^ clkbuf_0_clk/X (sky130_fd_sc_hd__clkbuf_16)
                                         clknet_0_clk (net)
                  0.05    0.00    0.12 ^ clkbuf_2_0__f_clk/A (sky130_fd_sc_hd__clkbuf_16)
    14    0.04    0.06    0.15    0.27 ^ clkbuf_2_0__f_clk/X (sky130_fd_sc_hd__clkbuf_16)
                                         clknet_2_0__leaf_clk (net)
                  0.06    0.00    0.27 ^ _304_/CLK (sky130_fd_sc_hd__dfxtp_2)
     4    0.02    0.06    0.35    0.62 v _304_/Q (sky130_fd_sc_hd__dfxtp_2)
                                         x6.B (net)
                  0.06    0.00    0.62 v rebuffer8/A (sky130_fd_sc_hd__buf_2)
     1    0.00    0.03    0.13    0.74 v rebuffer8/X (sky130_fd_sc_hd__buf_2)
                                         net58 (net)
                  0.03    0.00    0.74 v _140_/A1 (sky130_fd_sc_hd__o211a_1)
     1    0.01    0.05    0.22    0.96 v _140_/X (sky130_fd_sc_hd__o211a_1)
                                         _095_ (net)
                  0.05    0.00    0.96 v _141_/B1 (sky130_fd_sc_hd__a21oi_2)
     3    0.01    0.17    0.16    1.12 ^ _141_/Y (sky130_fd_sc_hd__a21oi_2)
                                         _096_ (net)
                  0.17    0.00    1.12 ^ _142_/B1 (sky130_fd_sc_hd__o21ai_1)
     3    0.01    0.09    0.13    1.25 v _142_/Y (sky130_fd_sc_hd__o21ai_1)
                                         _097_ (net)
                  0.09    0.00    1.25 v _167_/B1_N (sky130_fd_sc_hd__o21bai_1)
     1    0.00    0.05    0.17    1.42 v _167_/Y (sky130_fd_sc_hd__o21bai_1)
                                         _119_ (net)
                  0.05    0.00    1.42 v _170_/A2 (sky130_fd_sc_hd__a21o_1)
     2    0.01    0.04    0.19    1.61 v _170_/X (sky130_fd_sc_hd__a21o_1)
                                         x68.S (net)
                  0.04    0.00    1.61 v _244_/A1 (sky130_fd_sc_hd__a41o_1)
     1    0.01    0.05    0.19    1.80 v _244_/X (sky130_fd_sc_hd__a41o_1)
                                         x76.S (net)
                  0.05    0.00    1.80 v _282_/D (sky130_fd_sc_hd__dfxtp_1)
                                  1.80   data arrival time

                          2.19    2.19   clock core_clock (rise edge)
                          0.00    2.19   clock source latency
     1    0.01    0.00    0.00    2.19 ^ clk (in)
                                         clk (net)
                  0.00    0.00    2.19 ^ clkbuf_0_clk/A (sky130_fd_sc_hd__clkbuf_16)
     4    0.03    0.05    0.12    2.31 ^ clkbuf_0_clk/X (sky130_fd_sc_hd__clkbuf_16)
                                         clknet_0_clk (net)
                  0.05    0.00    2.31 ^ clkbuf_2_1__f_clk/A (sky130_fd_sc_hd__clkbuf_16)
    17    0.05    0.06    0.15    2.46 ^ clkbuf_2_1__f_clk/X (sky130_fd_sc_hd__clkbuf_16)
                                         clknet_2_1__leaf_clk (net)
                  0.06    0.00    2.46 ^ _282_/CLK (sky130_fd_sc_hd__dfxtp_1)
                          0.00    2.46   clock reconvergence pessimism
                         -0.11    2.35   library setup time
                                  2.35   data required time
-----------------------------------------------------------------------------
                                  2.35   data required time
                                 -1.80   data arrival time
-----------------------------------------------------------------------------
                                  0.56   slack (MET)


Startpoint: _288_ (rising edge-triggered flip-flop clocked by core_clock)
Endpoint: _277_ (rising edge-triggered flip-flop clocked by core_clock)
Path Group: core_clock
Path Type: max

Fanout     Cap    Slew   Delay    Time   Description
-----------------------------------------------------------------------------
                          0.00    0.00   clock core_clock (rise edge)
                          0.00    0.00   clock source latency
     1    0.01    0.00    0.00    0.00 ^ clk (in)
                                         clk (net)
                  0.00    0.00    0.00 ^ clkbuf_0_clk/A (sky130_fd_sc_hd__clkbuf_16)
     4    0.03    0.05    0.12    0.12 ^ clkbuf_0_clk/X (sky130_fd_sc_hd__clkbuf_16)
                                         clknet_0_clk (net)
                  0.05    0.00    0.12 ^ clkbuf_2_1__f_clk/A (sky130_fd_sc_hd__clkbuf_16)
    17    0.05    0.06    0.15    0.27 ^ clkbuf_2_1__f_clk/X (sky130_fd_sc_hd__clkbuf_16)
                                         clknet_2_1__leaf_clk (net)
                  0.06    0.00    0.27 ^ _288_/CLK (sky130_fd_sc_hd__dfxtp_2)
     3    0.01    0.04    0.33    0.60 v _288_/Q (sky130_fd_sc_hd__dfxtp_2)
                                         x6.A (net)
                  0.04    0.00    0.60 v rebuffer4/A (sky130_fd_sc_hd__dlygate4sd1_1)
     2    0.01    0.05    0.25    0.85 v rebuffer4/X (sky130_fd_sc_hd__dlygate4sd1_1)
                                         net54 (net)
                  0.05    0.00    0.85 v rebuffer5/A (sky130_fd_sc_hd__dlymetal6s2s_1)
     1    0.00    0.04    0.14    1.00 v rebuffer5/X (sky130_fd_sc_hd__dlymetal6s2s_1)
                                         net55 (net)
                  0.04    0.00    1.00 v _146_/A2 (sky130_fd_sc_hd__a22o_1)
     1    0.00    0.04    0.22    1.22 v _146_/X (sky130_fd_sc_hd__a22o_1)
                                         _100_ (net)
                  0.04    0.00    1.22 v _147_/B1 (sky130_fd_sc_hd__o21ai_1)
     2    0.01    0.17    0.10    1.32 ^ _147_/Y (sky130_fd_sc_hd__o21ai_1)
                                         _101_ (net)
                  0.17    0.00    1.32 ^ _169_/A1 (sky130_fd_sc_hd__o21ai_1)
     2    0.01    0.07    0.12    1.44 v _169_/Y (sky130_fd_sc_hd__o21ai_1)
                                         _121_ (net)
                  0.07    0.00    1.44 v _197_/B1 (sky130_fd_sc_hd__a21o_1)
     1    0.00    0.04    0.16    1.60 v _197_/X (sky130_fd_sc_hd__a21o_1)
                                         _020_ (net)
                  0.04    0.00    1.60 v _200_/A2 (sky130_fd_sc_hd__a21o_1)
     1    0.00    0.04    0.17    1.77 v _200_/X (sky130_fd_sc_hd__a21o_1)
                                         x71.S (net)
                  0.04    0.00    1.77 v _277_/D (sky130_fd_sc_hd__dfxtp_1)
                                  1.77   data arrival time

                          2.19    2.19   clock core_clock (rise edge)
                          0.00    2.19   clock source latency
     1    0.01    0.00    0.00    2.19 ^ clk (in)
                                         clk (net)
                  0.00    0.00    2.19 ^ clkbuf_0_clk/A (sky130_fd_sc_hd__clkbuf_16)
     4    0.03    0.05    0.12    2.31 ^ clkbuf_0_clk/X (sky130_fd_sc_hd__clkbuf_16)
                                         clknet_0_clk (net)
                  0.05    0.00    2.31 ^ clkbuf_2_1__f_clk/A (sky130_fd_sc_hd__clkbuf_16)
    17    0.05    0.06    0.15    2.46 ^ clkbuf_2_1__f_clk/X (sky130_fd_sc_hd__clkbuf_16)
                                         clknet_2_1__leaf_clk (net)
                  0.06    0.00    2.46 ^ _277_/CLK (sky130_fd_sc_hd__dfxtp_1)
                          0.00    2.46   clock reconvergence pessimism
                         -0.10    2.36   library setup time
                                  2.36   data required time
-----------------------------------------------------------------------------
                                  2.36   data required time
                                 -1.77   data arrival time
-----------------------------------------------------------------------------
                                  0.58   slack (MET)


Startpoint: _304_ (rising edge-triggered flip-flop clocked by core_clock)
Endpoint: _271_ (rising edge-triggered flip-flop clocked by core_clock)
Path Group: core_clock
Path Type: max

Fanout     Cap    Slew   Delay    Time   Description
-----------------------------------------------------------------------------
                          0.00    0.00   clock core_clock (rise edge)
                          0.00    0.00   clock source latency
     1    0.01    0.00    0.00    0.00 ^ clk (in)
                                         clk (net)
                  0.00    0.00    0.00 ^ clkbuf_0_clk/A (sky130_fd_sc_hd__clkbuf_16)
     4    0.03    0.05    0.12    0.12 ^ clkbuf_0_clk/X (sky130_fd_sc_hd__clkbuf_16)
                                         clknet_0_clk (net)
                  0.05    0.00    0.12 ^ clkbuf_2_0__f_clk/A (sky130_fd_sc_hd__clkbuf_16)
    14    0.04    0.06    0.15    0.27 ^ clkbuf_2_0__f_clk/X (sky130_fd_sc_hd__clkbuf_16)
                                         clknet_2_0__leaf_clk (net)
                  0.06    0.00    0.27 ^ _304_/CLK (sky130_fd_sc_hd__dfxtp_2)
     4    0.02    0.06    0.35    0.62 v _304_/Q (sky130_fd_sc_hd__dfxtp_2)
                                         x6.B (net)
                  0.06    0.00    0.62 v _136_/B (sky130_fd_sc_hd__xnor2_2)
     3    0.01    0.06    0.14    0.76 v _136_/Y (sky130_fd_sc_hd__xnor2_2)
                                         _091_ (net)
                  0.06    0.00    0.76 v _137_/A (sky130_fd_sc_hd__or4_4)
     5    0.01    0.10    0.56    1.31 v _137_/X (sky130_fd_sc_hd__or4_4)
                                         _092_ (net)
                  0.10    0.00    1.31 v rebuffer2/A (sky130_fd_sc_hd__dlygate4sd1_1)
     1    0.01    0.05    0.27    1.58 v rebuffer2/X (sky130_fd_sc_hd__dlygate4sd1_1)
                                         net52 (net)
                  0.05    0.00    1.58 v _138_/A (sky130_fd_sc_hd__inv_2)
     2    0.01    0.04    0.06    1.64 ^ _138_/Y (sky130_fd_sc_hd__inv_2)
                                         _093_ (net)
                  0.04    0.00    1.64 ^ _143_/A2 (sky130_fd_sc_hd__a21o_1)
     2    0.01    0.09    0.14    1.78 ^ _143_/X (sky130_fd_sc_hd__a21o_1)
                                         x65.S (net)
                  0.09    0.00    1.78 ^ _271_/D (sky130_fd_sc_hd__dfxtp_1)
                                  1.78   data arrival time

                          2.19    2.19   clock core_clock (rise edge)
                          0.00    2.19   clock source latency
     1    0.01    0.00    0.00    2.19 ^ clk (in)
                                         clk (net)
                  0.00    0.00    2.19 ^ clkbuf_0_clk/A (sky130_fd_sc_hd__clkbuf_16)
     4    0.03    0.05    0.12    2.31 ^ clkbuf_0_clk/X (sky130_fd_sc_hd__clkbuf_16)
                                         clknet_0_clk (net)
                  0.05    0.00    2.31 ^ clkbuf_2_0__f_clk/A (sky130_fd_sc_hd__clkbuf_16)
    14    0.04    0.06    0.15    2.46 ^ clkbuf_2_0__f_clk/X (sky130_fd_sc_hd__clkbuf_16)
                                         clknet_2_0__leaf_clk (net)
                  0.06    0.00    2.46 ^ _271_/CLK (sky130_fd_sc_hd__dfxtp_1)
                          0.00    2.46   clock reconvergence pessimism
                         -0.06    2.40   library setup time
                                  2.40   data required time
-----------------------------------------------------------------------------
                                  2.40   data required time
                                 -1.78   data arrival time
-----------------------------------------------------------------------------
                                  0.61   slack (MET)


Startpoint: _304_ (rising edge-triggered flip-flop clocked by core_clock)
Endpoint: _274_ (rising edge-triggered flip-flop clocked by core_clock)
Path Group: core_clock
Path Type: max

Fanout     Cap    Slew   Delay    Time   Description
-----------------------------------------------------------------------------
                          0.00    0.00   clock core_clock (rise edge)
                          0.00    0.00   clock source latency
     1    0.01    0.00    0.00    0.00 ^ clk (in)
                                         clk (net)
                  0.00    0.00    0.00 ^ clkbuf_0_clk/A (sky130_fd_sc_hd__clkbuf_16)
     4    0.03    0.05    0.12    0.12 ^ clkbuf_0_clk/X (sky130_fd_sc_hd__clkbuf_16)
                                         clknet_0_clk (net)
                  0.05    0.00    0.12 ^ clkbuf_2_0__f_clk/A (sky130_fd_sc_hd__clkbuf_16)
    14    0.04    0.06    0.15    0.27 ^ clkbuf_2_0__f_clk/X (sky130_fd_sc_hd__clkbuf_16)
                                         clknet_2_0__leaf_clk (net)
                  0.06    0.00    0.27 ^ _304_/CLK (sky130_fd_sc_hd__dfxtp_2)
     4    0.02    0.06    0.35    0.62 v _304_/Q (sky130_fd_sc_hd__dfxtp_2)
                                         x6.B (net)
                  0.06    0.00    0.62 v rebuffer8/A (sky130_fd_sc_hd__buf_2)
     1    0.00    0.03    0.13    0.74 v rebuffer8/X (sky130_fd_sc_hd__buf_2)
                                         net58 (net)
                  0.03    0.00    0.74 v _140_/A1 (sky130_fd_sc_hd__o211a_1)
     1    0.01    0.05    0.22    0.96 v _140_/X (sky130_fd_sc_hd__o211a_1)
                                         _095_ (net)
                  0.05    0.00    0.96 v _141_/B1 (sky130_fd_sc_hd__a21oi_2)
     3    0.01    0.17    0.16    1.12 ^ _141_/Y (sky130_fd_sc_hd__a21oi_2)
                                         _096_ (net)
                  0.17    0.00    1.12 ^ _142_/B1 (sky130_fd_sc_hd__o21ai_1)
     3    0.01    0.09    0.13    1.25 v _142_/Y (sky130_fd_sc_hd__o21ai_1)
                                         _097_ (net)
                  0.09    0.00    1.25 v _167_/B1_N (sky130_fd_sc_hd__o21bai_1)
     1    0.00    0.05    0.17    1.42 v _167_/Y (sky130_fd_sc_hd__o21bai_1)
                                         _119_ (net)
                  0.05    0.00    1.42 v _170_/A2 (sky130_fd_sc_hd__a21o_1)
     2    0.01    0.04    0.19    1.61 v _170_/X (sky130_fd_sc_hd__a21o_1)
                                         x68.S (net)
                  0.04    0.00    1.61 v _274_/D (sky130_fd_sc_hd__dfxtp_1)
                                  1.61   data arrival time

                          2.19    2.19   clock core_clock (rise edge)
                          0.00    2.19   clock source latency
     1    0.01    0.00    0.00    2.19 ^ clk (in)
                                         clk (net)
                  0.00    0.00    2.19 ^ clkbuf_0_clk/A (sky130_fd_sc_hd__clkbuf_16)
     4    0.03    0.05    0.12    2.31 ^ clkbuf_0_clk/X (sky130_fd_sc_hd__clkbuf_16)
                                         clknet_0_clk (net)
                  0.05    0.00    2.31 ^ clkbuf_2_0__f_clk/A (sky130_fd_sc_hd__clkbuf_16)
    14    0.04    0.06    0.15    2.46 ^ clkbuf_2_0__f_clk/X (sky130_fd_sc_hd__clkbuf_16)
                                         clknet_2_0__leaf_clk (net)
                  0.06    0.00    2.46 ^ _274_/CLK (sky130_fd_sc_hd__dfxtp_1)
                          0.00    2.46   clock reconvergence pessimism
                         -0.11    2.35   library setup time
                                  2.35   data required time
-----------------------------------------------------------------------------
                                  2.35   data required time
                                 -1.61   data arrival time
-----------------------------------------------------------------------------
                                  0.74   slack (MET)


Startpoint: _305_ (rising edge-triggered flip-flop clocked by core_clock)
Endpoint: _278_ (rising edge-triggered flip-flop clocked by core_clock)
Path Group: core_clock
Path Type: max

Fanout     Cap    Slew   Delay    Time   Description
-----------------------------------------------------------------------------
                          0.00    0.00   clock core_clock (rise edge)
                          0.00    0.00   clock source latency
     1    0.01    0.00    0.00    0.00 ^ clk (in)
                                         clk (net)
                  0.00    0.00    0.00 ^ clkbuf_0_clk/A (sky130_fd_sc_hd__clkbuf_16)
     4    0.03    0.05    0.12    0.12 ^ clkbuf_0_clk/X (sky130_fd_sc_hd__clkbuf_16)
                                         clknet_0_clk (net)
                  0.05    0.00    0.12 ^ clkbuf_2_0__f_clk/A (sky130_fd_sc_hd__clkbuf_16)
    14    0.04    0.06    0.15    0.27 ^ clkbuf_2_0__f_clk/X (sky130_fd_sc_hd__clkbuf_16)
                                         clknet_2_0__leaf_clk (net)
                  0.06    0.00    0.27 ^ _305_/CLK (sky130_fd_sc_hd__dfxtp_1)
     4    0.01    0.14    0.38    0.65 ^ _305_/Q (sky130_fd_sc_hd__dfxtp_1)
                                         x8.B (net)
                  0.14    0.00    0.65 ^ _144_/A (sky130_fd_sc_hd__xnor2_1)
     4    0.01    0.11    0.14    0.80 v _144_/Y (sky130_fd_sc_hd__xnor2_1)
                                         _098_ (net)
                  0.11    0.00    0.80 v _153_/A (sky130_fd_sc_hd__or3_4)
     5    0.02    0.09    0.44    1.24 v _153_/X (sky130_fd_sc_hd__or3_4)
                                         _106_ (net)
                  0.09    0.00    1.24 v _173_/A (sky130_fd_sc_hd__nor2_1)
     2    0.01    0.13    0.15    1.39 ^ _173_/Y (sky130_fd_sc_hd__nor2_1)
                                         _124_ (net)
                  0.13    0.00    1.39 ^ _205_/A2 (sky130_fd_sc_hd__a21oi_1)
     1    0.00    0.06    0.08    1.47 v _205_/Y (sky130_fd_sc_hd__a21oi_1)
                                         _027_ (net)
                  0.06    0.00    1.47 v _209_/A2 (sky130_fd_sc_hd__o21bai_1)
     1    0.00    0.13    0.14    1.61 ^ _209_/Y (sky130_fd_sc_hd__o21bai_1)
                                         x72.S (net)
                  0.13    0.00    1.61 ^ _278_/D (sky130_fd_sc_hd__dfxtp_1)
                                  1.61   data arrival time

                          2.19    2.19   clock core_clock (rise edge)
                          0.00    2.19   clock source latency
     1    0.01    0.00    0.00    2.19 ^ clk (in)
                                         clk (net)
                  0.00    0.00    2.19 ^ clkbuf_0_clk/A (sky130_fd_sc_hd__clkbuf_16)
     4    0.03    0.05    0.12    2.31 ^ clkbuf_0_clk/X (sky130_fd_sc_hd__clkbuf_16)
                                         clknet_0_clk (net)
                  0.05    0.00    2.31 ^ clkbuf_2_1__f_clk/A (sky130_fd_sc_hd__clkbuf_16)
    17    0.05    0.06    0.15    2.46 ^ clkbuf_2_1__f_clk/X (sky130_fd_sc_hd__clkbuf_16)
                                         clknet_2_1__leaf_clk (net)
                  0.06    0.00    2.46 ^ _278_/CLK (sky130_fd_sc_hd__dfxtp_1)
                          0.00    2.46   clock reconvergence pessimism
                         -0.07    2.39   library setup time
                                  2.39   data required time
-----------------------------------------------------------------------------
                                  2.39   data required time
                                 -1.61   data arrival time
-----------------------------------------------------------------------------
                                  0.78   slack (MET)


Startpoint: _286_ (rising edge-triggered flip-flop clocked by core_clock)
Endpoint: _270_ (rising edge-triggered flip-flop clocked by core_clock)
Path Group: core_clock
Path Type: max

Fanout     Cap    Slew   Delay    Time   Description
-----------------------------------------------------------------------------
                          0.00    0.00   clock core_clock (rise edge)
                          0.00    0.00   clock source latency
     1    0.01    0.00    0.00    0.00 ^ clk (in)
                                         clk (net)
                  0.00    0.00    0.00 ^ clkbuf_0_clk/A (sky130_fd_sc_hd__clkbuf_16)
     4    0.03    0.05    0.12    0.12 ^ clkbuf_0_clk/X (sky130_fd_sc_hd__clkbuf_16)
                                         clknet_0_clk (net)
                  0.05    0.00    0.12 ^ clkbuf_2_0__f_clk/A (sky130_fd_sc_hd__clkbuf_16)
    14    0.04    0.06    0.15    0.27 ^ clkbuf_2_0__f_clk/X (sky130_fd_sc_hd__clkbuf_16)
                                         clknet_2_0__leaf_clk (net)
                  0.06    0.00    0.27 ^ _286_/CLK (sky130_fd_sc_hd__dfxtp_1)
     4    0.01    0.05    0.32    0.59 v _286_/Q (sky130_fd_sc_hd__dfxtp_1)
                                         x2.A (net)
                  0.05    0.00    0.59 v _129_/B (sky130_fd_sc_hd__and2_1)
     2    0.01    0.04    0.17    0.76 v _129_/X (sky130_fd_sc_hd__and2_1)
                                         _085_ (net)
                  0.04    0.00    0.76 v _131_/A (sky130_fd_sc_hd__or3_4)
     3    0.01    0.07    0.39    1.15 v _131_/X (sky130_fd_sc_hd__or3_4)
                                         _087_ (net)
                  0.07    0.00    1.15 v _134_/A2 (sky130_fd_sc_hd__o21ai_1)
     2    0.01    0.17    0.17    1.32 ^ _134_/Y (sky130_fd_sc_hd__o21ai_1)
                                         x64.S (net)
                  0.17    0.00    1.32 ^ _270_/D (sky130_fd_sc_hd__dfxtp_1)
                                  1.32   data arrival time

                          2.19    2.19   clock core_clock (rise edge)
                          0.00    2.19   clock source latency
     1    0.01    0.00    0.00    2.19 ^ clk (in)
                                         clk (net)
                  0.00    0.00    2.19 ^ clkbuf_0_clk/A (sky130_fd_sc_hd__clkbuf_16)
     4    0.03    0.05    0.12    2.31 ^ clkbuf_0_clk/X (sky130_fd_sc_hd__clkbuf_16)
                                         clknet_0_clk (net)
                  0.05    0.00    2.31 ^ clkbuf_2_0__f_clk/A (sky130_fd_sc_hd__clkbuf_16)
    14    0.04    0.06    0.15    2.46 ^ clkbuf_2_0__f_clk/X (sky130_fd_sc_hd__clkbuf_16)
                                         clknet_2_0__leaf_clk (net)
                  0.06    0.00    2.46 ^ _270_/CLK (sky130_fd_sc_hd__dfxtp_1)
                          0.00    2.46   clock reconvergence pessimism
                         -0.08    2.38   library setup time
                                  2.38   data required time
-----------------------------------------------------------------------------
                                  2.38   data required time
                                 -1.32   data arrival time
-----------------------------------------------------------------------------
                                  1.05   slack (MET)


Startpoint: _302_ (rising edge-triggered flip-flop clocked by core_clock)
Endpoint: _269_ (rising edge-triggered flip-flop clocked by core_clock)
Path Group: core_clock
Path Type: max

Fanout     Cap    Slew   Delay    Time   Description
-----------------------------------------------------------------------------
                          0.00    0.00   clock core_clock (rise edge)
                          0.00    0.00   clock source latency
     1    0.01    0.00    0.00    0.00 ^ clk (in)
                                         clk (net)
                  0.00    0.00    0.00 ^ clkbuf_0_clk/A (sky130_fd_sc_hd__clkbuf_16)
     4    0.03    0.05    0.12    0.12 ^ clkbuf_0_clk/X (sky130_fd_sc_hd__clkbuf_16)
                                         clknet_0_clk (net)
                  0.05    0.00    0.12 ^ clkbuf_2_0__f_clk/A (sky130_fd_sc_hd__clkbuf_16)
    14    0.04    0.06    0.15    0.27 ^ clkbuf_2_0__f_clk/X (sky130_fd_sc_hd__clkbuf_16)
                                         clknet_2_0__leaf_clk (net)
                  0.06    0.00    0.27 ^ _302_/CLK (sky130_fd_sc_hd__dfxtp_1)
     4    0.01    0.12    0.36    0.63 ^ _302_/Q (sky130_fd_sc_hd__dfxtp_1)
                                         x2.B (net)
                  0.12    0.00    0.63 ^ _126_/A (sky130_fd_sc_hd__nand2_1)
     4    0.01    0.10    0.12    0.75 v _126_/Y (sky130_fd_sc_hd__nand2_1)
                                         _083_ (net)
                  0.10    0.00    0.75 v _128_/A2 (sky130_fd_sc_hd__a21oi_1)
     2    0.00    0.14    0.18    0.94 ^ _128_/Y (sky130_fd_sc_hd__a21oi_1)
                                         x63.S (net)
                  0.14    0.00    0.94 ^ _269_/D (sky130_fd_sc_hd__dfxtp_1)
                                  0.94   data arrival time

                          2.19    2.19   clock core_clock (rise edge)
                          0.00    2.19   clock source latency
     1    0.01    0.00    0.00    2.19 ^ clk (in)
                                         clk (net)
                  0.00    0.00    2.19 ^ clkbuf_0_clk/A (sky130_fd_sc_hd__clkbuf_16)
     4    0.03    0.05    0.12    2.31 ^ clkbuf_0_clk/X (sky130_fd_sc_hd__clkbuf_16)
                                         clknet_0_clk (net)
                  0.05    0.00    2.31 ^ clkbuf_2_0__f_clk/A (sky130_fd_sc_hd__clkbuf_16)
    14    0.04    0.06    0.15    2.46 ^ clkbuf_2_0__f_clk/X (sky130_fd_sc_hd__clkbuf_16)
                                         clknet_2_0__leaf_clk (net)
                  0.06    0.00    2.46 ^ _269_/CLK (sky130_fd_sc_hd__dfxtp_1)
                          0.00    2.46   clock reconvergence pessimism
                         -0.07    2.38   library setup time
                                  2.38   data required time
-----------------------------------------------------------------------------
                                  2.38   data required time
                                 -0.94   data arrival time
-----------------------------------------------------------------------------
                                  1.45   slack (MET)



worst slack corner Typical: 0.2967
