
===========================================================================
report_checks -path_delay max (Setup)
============================================================================
======================= Typical Corner ===================================

Startpoint: _188_ (rising edge-triggered flip-flop clocked by core_clock)
Endpoint: _170_ (rising edge-triggered flip-flop clocked by core_clock)
Path Group: core_clock
Path Type: max

Fanout     Cap    Slew   Delay    Time   Description
-----------------------------------------------------------------------------
                          0.00    0.00   clock core_clock (rise edge)
                          0.00    0.00   clock source latency
     1    0.01    0.00    0.00    0.00 ^ clk (in)
                                         clk (net)
                  0.00    0.00    0.00 ^ clkbuf_0_clk/A (sky130_fd_sc_hd__clkbuf_16)
     4    0.03    0.05    0.12    0.12 ^ clkbuf_0_clk/X (sky130_fd_sc_hd__clkbuf_16)
                                         clknet_0_clk (net)
                  0.05    0.00    0.12 ^ clkbuf_2_1__f_clk/A (sky130_fd_sc_hd__clkbuf_16)
    17    0.03    0.05    0.14    0.26 ^ clkbuf_2_1__f_clk/X (sky130_fd_sc_hd__clkbuf_16)
                                         clknet_2_1__leaf_clk (net)
                  0.05    0.00    0.26 ^ _188_/CLK (sky130_fd_sc_hd__dfxtp_1)
     2    0.00    0.05    0.31    0.57 ^ _188_/Q (sky130_fd_sc_hd__dfxtp_1)
                                         b_q[0] (net)
                  0.05    0.00    0.57 ^ _076_/B (sky130_fd_sc_hd__nand2_1)
     2    0.00    0.04    0.06    0.63 v _076_/Y (sky130_fd_sc_hd__nand2_1)
                                         _035_ (net)
                  0.04    0.00    0.63 v _079_/B1_N (sky130_fd_sc_hd__a21bo_1)
     2    0.01    0.09    0.20    0.83 ^ _079_/X (sky130_fd_sc_hd__a21bo_1)
                                         _037_ (net)
                  0.09    0.00    0.83 ^ _084_/A1 (sky130_fd_sc_hd__a21boi_2)
     3    0.01    0.05    0.07    0.90 v _084_/Y (sky130_fd_sc_hd__a21boi_2)
                                         _041_ (net)
                  0.05    0.00    0.90 v _100_/A1 (sky130_fd_sc_hd__o31a_1)
     4    0.01    0.09    0.34    1.24 v _100_/X (sky130_fd_sc_hd__o31a_1)
                                         _055_ (net)
                  0.09    0.00    1.24 v _121_/A1 (sky130_fd_sc_hd__o31a_1)
     4    0.01    0.09    0.36    1.60 v _121_/X (sky130_fd_sc_hd__o31a_1)
                                         _072_ (net)
                  0.09    0.00    1.60 v _145_/A1 (sky130_fd_sc_hd__o31ai_2)
     3    0.01    0.28    0.33    1.92 ^ _145_/Y (sky130_fd_sc_hd__o31ai_2)
                                         _017_ (net)
                  0.28    0.00    1.92 ^ _158_/A1 (sky130_fd_sc_hd__a211oi_1)
     2    0.00    0.10    0.13    2.05 v _158_/Y (sky130_fd_sc_hd__a211oi_1)
                                         _028_ (net)
                  0.10    0.00    2.05 v _164_/A3 (sky130_fd_sc_hd__o31a_1)
     2    0.01    0.07    0.27    2.33 v _164_/X (sky130_fd_sc_hd__o31a_1)
                                         _033_ (net)
                  0.07    0.00    2.33 v _165_/B (sky130_fd_sc_hd__xor2_1)
     1    0.00    0.04    0.14    2.46 v _165_/X (sky130_fd_sc_hd__xor2_1)
                                         sum_d[15] (net)
                  0.04    0.00    2.46 v _170_/D (sky130_fd_sc_hd__dfxtp_1)
                                  2.46   data arrival time

                          5.00    5.00   clock core_clock (rise edge)
                          0.00    5.00   clock source latency
     1    0.01    0.00    0.00    5.00 ^ clk (in)
                                         clk (net)
                  0.00    0.00    5.00 ^ clkbuf_0_clk/A (sky130_fd_sc_hd__clkbuf_16)
     4    0.03    0.05    0.12    5.12 ^ clkbuf_0_clk/X (sky130_fd_sc_hd__clkbuf_16)
                                         clknet_0_clk (net)
                  0.05    0.00    5.12 ^ clkbuf_2_3__f_clk/A (sky130_fd_sc_hd__clkbuf_16)
    10    0.03    0.05    0.14    5.26 ^ clkbuf_2_3__f_clk/X (sky130_fd_sc_hd__clkbuf_16)
                                         clknet_2_3__leaf_clk (net)
                  0.05    0.00    5.26 ^ _170_/CLK (sky130_fd_sc_hd__dfxtp_1)
                          0.00    5.26   clock reconvergence pessimism
                         -0.11    5.15   library setup time
                                  5.15   data required time
-----------------------------------------------------------------------------
                                  5.15   data required time
                                 -2.46   data arrival time
-----------------------------------------------------------------------------
                                  2.69   slack (MET)


Startpoint: _188_ (rising edge-triggered flip-flop clocked by core_clock)
Endpoint: _171_ (rising edge-triggered flip-flop clocked by core_clock)
Path Group: core_clock
Path Type: max

Fanout     Cap    Slew   Delay    Time   Description
-----------------------------------------------------------------------------
                          0.00    0.00   clock core_clock (rise edge)
                          0.00    0.00   clock source latency
     1    0.01    0.00    0.00    0.00 ^ clk (in)
                                         clk (net)
                  0.00    0.00    0.00 ^ clkbuf_0_clk/A (sky130_fd_sc_hd__clkbuf_16)
     4    0.03    0.05    0.12    0.12 ^ clkbuf_0_clk/X (sky130_fd_sc_hd__clkbuf_16)
                                         clknet_0_clk (net)
                  0.05    0.00    0.12 ^ clkbuf_2_1__f_clk/A (sky130_fd_sc_hd__clkbuf_16)
    17    0.03    0.05    0.14    0.26 ^ clkbuf_2_1__f_clk/X (sky130_fd_sc_hd__clkbuf_16)
                                         clknet_2_1__leaf_clk (net)
                  0.05    0.00    0.26 ^ _188_/CLK (sky130_fd_sc_hd__dfxtp_1)
     2    0.00    0.05    0.31    0.57 ^ _188_/Q (sky130_fd_sc_hd__dfxtp_1)
                                         b_q[0] (net)
                  0.05    0.00    0.57 ^ _076_/B (sky130_fd_sc_hd__nand2_1)
     2    0.00    0.04    0.06    0.63 v _076_/Y (sky130_fd_sc_hd__nand2_1)
                                         _035_ (net)
                  0.04    0.00    0.63 v _079_/B1_N (sky130_fd_sc_hd__a21bo_1)
     2    0.01    0.09    0.20    0.83 ^ _079_/X (sky130_fd_sc_hd__a21bo_1)
                                         _037_ (net)
                  0.09    0.00    0.83 ^ _084_/A1 (sky130_fd_sc_hd__a21boi_2)
     3    0.01    0.05    0.07    0.90 v _084_/Y (sky130_fd_sc_hd__a21boi_2)
                                         _041_ (net)
                  0.05    0.00    0.90 v _100_/A1 (sky130_fd_sc_hd__o31a_1)
     4    0.01    0.09    0.34    1.24 v _100_/X (sky130_fd_sc_hd__o31a_1)
                                         _055_ (net)
                  0.09    0.00    1.24 v _121_/A1 (sky130_fd_sc_hd__o31a_1)
     4    0.01    0.09    0.36    1.60 v _121_/X (sky130_fd_sc_hd__o31a_1)
                                         _072_ (net)
                  0.09    0.00    1.60 v _145_/A1 (sky130_fd_sc_hd__o31ai_2)
     3    0.01    0.28    0.33    1.92 ^ _145_/Y (sky130_fd_sc_hd__o31ai_2)
                                         _017_ (net)
                  0.28    0.00    1.92 ^ _158_/A1 (sky130_fd_sc_hd__a211oi_1)
     2    0.00    0.10    0.13    2.05 v _158_/Y (sky130_fd_sc_hd__a211oi_1)
                                         _028_ (net)
                  0.10    0.00    2.05 v _164_/A3 (sky130_fd_sc_hd__o31a_1)
     2    0.01    0.07    0.27    2.33 v _164_/X (sky130_fd_sc_hd__o31a_1)
                                         _033_ (net)
                  0.07    0.00    2.33 v _166_/A2 (sky130_fd_sc_hd__o21ai_1)
     1    0.00    0.08    0.10    2.43 ^ _166_/Y (sky130_fd_sc_hd__o21ai_1)
                                         sum_d[16] (net)
                  0.08    0.00    2.43 ^ _171_/D (sky130_fd_sc_hd__dfxtp_1)
                                  2.43   data arrival time

                          5.00    5.00   clock core_clock (rise edge)
                          0.00    5.00   clock source latency
     1    0.01    0.00    0.00    5.00 ^ clk (in)
                                         clk (net)
                  0.00    0.00    5.00 ^ clkbuf_0_clk/A (sky130_fd_sc_hd__clkbuf_16)
     4    0.03    0.05    0.12    5.12 ^ clkbuf_0_clk/X (sky130_fd_sc_hd__clkbuf_16)
                                         clknet_0_clk (net)
                  0.05    0.00    5.12 ^ clkbuf_2_1__f_clk/A (sky130_fd_sc_hd__clkbuf_16)
    17    0.03    0.05    0.14    5.26 ^ clkbuf_2_1__f_clk/X (sky130_fd_sc_hd__clkbuf_16)
                                         clknet_2_1__leaf_clk (net)
                  0.05    0.00    5.26 ^ _171_/CLK (sky130_fd_sc_hd__dfxtp_1)
                          0.00    5.26   clock reconvergence pessimism
                         -0.06    5.20   library setup time
                                  5.20   data required time
-----------------------------------------------------------------------------
                                  5.20   data required time
                                 -2.43   data arrival time
-----------------------------------------------------------------------------
                                  2.77   slack (MET)


Startpoint: _188_ (rising edge-triggered flip-flop clocked by core_clock)
Endpoint: _169_ (rising edge-triggered flip-flop clocked by core_clock)
Path Group: core_clock
Path Type: max

Fanout     Cap    Slew   Delay    Time   Description
-----------------------------------------------------------------------------
                          0.00    0.00   clock core_clock (rise edge)
                          0.00    0.00   clock source latency
     1    0.01    0.00    0.00    0.00 ^ clk (in)
                                         clk (net)
                  0.00    0.00    0.00 ^ clkbuf_0_clk/A (sky130_fd_sc_hd__clkbuf_16)
     4    0.03    0.05    0.12    0.12 ^ clkbuf_0_clk/X (sky130_fd_sc_hd__clkbuf_16)
                                         clknet_0_clk (net)
                  0.05    0.00    0.12 ^ clkbuf_2_1__f_clk/A (sky130_fd_sc_hd__clkbuf_16)
    17    0.03    0.05    0.14    0.26 ^ clkbuf_2_1__f_clk/X (sky130_fd_sc_hd__clkbuf_16)
                                         clknet_2_1__leaf_clk (net)
                  0.05    0.00    0.26 ^ _188_/CLK (sky130_fd_sc_hd__dfxtp_1)
     2    0.00    0.05    0.31    0.57 ^ _188_/Q (sky130_fd_sc_hd__dfxtp_1)
                                         b_q[0] (net)
                  0.05    0.00    0.57 ^ _076_/B (sky130_fd_sc_hd__nand2_1)
     2    0.00    0.04    0.06    0.63 v _076_/Y (sky130_fd_sc_hd__nand2_1)
                                         _035_ (net)
                  0.04    0.00    0.63 v _079_/B1_N (sky130_fd_sc_hd__a21bo_1)
     2    0.01    0.09    0.20    0.83 ^ _079_/X (sky130_fd_sc_hd__a21bo_1)
                                         _037_ (net)
                  0.09    0.00    0.83 ^ _084_/A1 (sky130_fd_sc_hd__a21boi_2)
     3    0.01    0.05    0.07    0.90 v _084_/Y (sky130_fd_sc_hd__a21boi_2)
                                         _041_ (net)
                  0.05    0.00    0.90 v _100_/A1 (sky130_fd_sc_hd__o31a_1)
     4    0.01    0.09    0.34    1.24 v _100_/X (sky130_fd_sc_hd__o31a_1)
                                         _055_ (net)
                  0.09    0.00    1.24 v _121_/A1 (sky130_fd_sc_hd__o31a_1)
     4    0.01    0.09    0.36    1.60 v _121_/X (sky130_fd_sc_hd__o31a_1)
                                         _072_ (net)
                  0.09    0.00    1.60 v _145_/A1 (sky130_fd_sc_hd__o31ai_2)
     3    0.01    0.28    0.33    1.92 ^ _145_/Y (sky130_fd_sc_hd__o31ai_2)
                                         _017_ (net)
                  0.28    0.00    1.92 ^ _158_/A1 (sky130_fd_sc_hd__a211oi_1)
     2    0.00    0.10    0.13    2.05 v _158_/Y (sky130_fd_sc_hd__a211oi_1)
                                         _028_ (net)
                  0.10    0.00    2.05 v _159_/B (sky130_fd_sc_hd__nor2_1)
     1    0.00    0.11    0.12    2.18 ^ _159_/Y (sky130_fd_sc_hd__nor2_1)
                                         _029_ (net)
                  0.11    0.00    2.18 ^ _160_/B (sky130_fd_sc_hd__xnor2_1)
     1    0.00    0.10    0.11    2.29 ^ _160_/Y (sky130_fd_sc_hd__xnor2_1)
                                         sum_d[14] (net)
                  0.10    0.00    2.29 ^ _169_/D (sky130_fd_sc_hd__dfxtp_1)
                                  2.29   data arrival time

                          5.00    5.00   clock core_clock (rise edge)
                          0.00    5.00   clock source latency
     1    0.01    0.00    0.00    5.00 ^ clk (in)
                                         clk (net)
                  0.00    0.00    5.00 ^ clkbuf_0_clk/A (sky130_fd_sc_hd__clkbuf_16)
     4    0.03    0.05    0.12    5.12 ^ clkbuf_0_clk/X (sky130_fd_sc_hd__clkbuf_16)
                                         clknet_0_clk (net)
                  0.05    0.00    5.12 ^ clkbuf_2_1__f_clk/A (sky130_fd_sc_hd__clkbuf_16)
    17    0.03    0.05    0.14    5.26 ^ clkbuf_2_1__f_clk/X (sky130_fd_sc_hd__clkbuf_16)
                                         clknet_2_1__leaf_clk (net)
                  0.05    0.00    5.26 ^ _169_/CLK (sky130_fd_sc_hd__dfxtp_1)
                          0.00    5.26   clock reconvergence pessimism
                         -0.06    5.20   library setup time
                                  5.20   data required time
-----------------------------------------------------------------------------
                                  5.20   data required time
                                 -2.29   data arrival time
-----------------------------------------------------------------------------
                                  2.90   slack (MET)


Startpoint: _188_ (rising edge-triggered flip-flop clocked by core_clock)
Endpoint: _168_ (rising edge-triggered flip-flop clocked by core_clock)
Path Group: core_clock
Path Type: max

Fanout     Cap    Slew   Delay    Time   Description
-----------------------------------------------------------------------------
                          0.00    0.00   clock core_clock (rise edge)
                          0.00    0.00   clock source latency
     1    0.01    0.00    0.00    0.00 ^ clk (in)
                                         clk (net)
                  0.00    0.00    0.00 ^ clkbuf_0_clk/A (sky130_fd_sc_hd__clkbuf_16)
     4    0.03    0.05    0.12    0.12 ^ clkbuf_0_clk/X (sky130_fd_sc_hd__clkbuf_16)
                                         clknet_0_clk (net)
                  0.05    0.00    0.12 ^ clkbuf_2_1__f_clk/A (sky130_fd_sc_hd__clkbuf_16)
    17    0.03    0.05    0.14    0.26 ^ clkbuf_2_1__f_clk/X (sky130_fd_sc_hd__clkbuf_16)
                                         clknet_2_1__leaf_clk (net)
                  0.05    0.00    0.26 ^ _188_/CLK (sky130_fd_sc_hd__dfxtp_1)
     2    0.00    0.05    0.31    0.57 ^ _188_/Q (sky130_fd_sc_hd__dfxtp_1)
                                         b_q[0] (net)
                  0.05    0.00    0.57 ^ _076_/B (sky130_fd_sc_hd__nand2_1)
     2    0.00    0.04    0.06    0.63 v _076_/Y (sky130_fd_sc_hd__nand2_1)
                                         _035_ (net)
                  0.04    0.00    0.63 v _079_/B1_N (sky130_fd_sc_hd__a21bo_1)
     2    0.01    0.09    0.20    0.83 ^ _079_/X (sky130_fd_sc_hd__a21bo_1)
                                         _037_ (net)
                  0.09    0.00    0.83 ^ _084_/A1 (sky130_fd_sc_hd__a21boi_2)
     3    0.01    0.05    0.07    0.90 v _084_/Y (sky130_fd_sc_hd__a21boi_2)
                                         _041_ (net)
                  0.05    0.00    0.90 v _100_/A1 (sky130_fd_sc_hd__o31a_1)
     4    0.01    0.09    0.34    1.24 v _100_/X (sky130_fd_sc_hd__o31a_1)
                                         _055_ (net)
                  0.09    0.00    1.24 v _121_/A1 (sky130_fd_sc_hd__o31a_1)
     4    0.01    0.09    0.36    1.60 v _121_/X (sky130_fd_sc_hd__o31a_1)
                                         _072_ (net)
                  0.09    0.00    1.60 v _145_/A1 (sky130_fd_sc_hd__o31ai_2)
     3    0.01    0.28    0.33    1.92 ^ _145_/Y (sky130_fd_sc_hd__o31ai_2)
                                         _017_ (net)
                  0.28    0.00    1.92 ^ _153_/A1 (sky130_fd_sc_hd__a21o_1)
     1    0.00    0.06    0.17    2.09 ^ _153_/X (sky130_fd_sc_hd__a21o_1)
                                         _024_ (net)
                  0.06    0.00    2.09 ^ _154_/B (sky130_fd_sc_hd__xnor2_1)
     1    0.00    0.10    0.10    2.19 ^ _154_/Y (sky130_fd_sc_hd__xnor2_1)
                                         sum_d[13] (net)
                  0.10    0.00    2.19 ^ _168_/D (sky130_fd_sc_hd__dfxtp_1)
                                  2.19   data arrival time

                          5.00    5.00   clock core_clock (rise edge)
                          0.00    5.00   clock source latency
     1    0.01    0.00    0.00    5.00 ^ clk (in)
                                         clk (net)
                  0.00    0.00    5.00 ^ clkbuf_0_clk/A (sky130_fd_sc_hd__clkbuf_16)
     4    0.03    0.05    0.12    5.12 ^ clkbuf_0_clk/X (sky130_fd_sc_hd__clkbuf_16)
                                         clknet_0_clk (net)
                  0.05    0.00    5.12 ^ clkbuf_2_1__f_clk/A (sky130_fd_sc_hd__clkbuf_16)
    17    0.03    0.05    0.14    5.26 ^ clkbuf_2_1__f_clk/X (sky130_fd_sc_hd__clkbuf_16)
                                         clknet_2_1__leaf_clk (net)
                  0.05    0.00    5.26 ^ _168_/CLK (sky130_fd_sc_hd__dfxtp_1)
                          0.00    5.26   clock reconvergence pessimism
                         -0.06    5.20   library setup time
                                  5.20   data required time
-----------------------------------------------------------------------------
                                  5.20   data required time
                                 -2.19   data arrival time
-----------------------------------------------------------------------------
                                  3.01   slack (MET)


Startpoint: _188_ (rising edge-triggered flip-flop clocked by core_clock)
Endpoint: _216_ (rising edge-triggered flip-flop clocked by core_clock)
Path Group: core_clock
Path Type: max

Fanout     Cap    Slew   Delay    Time   Description
-----------------------------------------------------------------------------
                          0.00    0.00   clock core_clock (rise edge)
                          0.00    0.00   clock source latency
     1    0.01    0.00    0.00    0.00 ^ clk (in)
                                         clk (net)
                  0.00    0.00    0.00 ^ clkbuf_0_clk/A (sky130_fd_sc_hd__clkbuf_16)
     4    0.03    0.05    0.12    0.12 ^ clkbuf_0_clk/X (sky130_fd_sc_hd__clkbuf_16)
                                         clknet_0_clk (net)
                  0.05    0.00    0.12 ^ clkbuf_2_1__f_clk/A (sky130_fd_sc_hd__clkbuf_16)
    17    0.03    0.05    0.14    0.26 ^ clkbuf_2_1__f_clk/X (sky130_fd_sc_hd__clkbuf_16)
                                         clknet_2_1__leaf_clk (net)
                  0.05    0.00    0.26 ^ _188_/CLK (sky130_fd_sc_hd__dfxtp_1)
     2    0.00    0.05    0.31    0.57 ^ _188_/Q (sky130_fd_sc_hd__dfxtp_1)
                                         b_q[0] (net)
                  0.05    0.00    0.57 ^ _076_/B (sky130_fd_sc_hd__nand2_1)
     2    0.00    0.04    0.06    0.63 v _076_/Y (sky130_fd_sc_hd__nand2_1)
                                         _035_ (net)
                  0.04    0.00    0.63 v _079_/B1_N (sky130_fd_sc_hd__a21bo_1)
     2    0.01    0.09    0.20    0.83 ^ _079_/X (sky130_fd_sc_hd__a21bo_1)
                                         _037_ (net)
                  0.09    0.00    0.83 ^ _084_/A1 (sky130_fd_sc_hd__a21boi_2)
     3    0.01    0.05    0.07    0.90 v _084_/Y (sky130_fd_sc_hd__a21boi_2)
                                         _041_ (net)
                  0.05    0.00    0.90 v _100_/A1 (sky130_fd_sc_hd__o31a_1)
     4    0.01    0.09    0.34    1.24 v _100_/X (sky130_fd_sc_hd__o31a_1)
                                         _055_ (net)
                  0.09    0.00    1.24 v _121_/A1 (sky130_fd_sc_hd__o31a_1)
     4    0.01    0.09    0.36    1.60 v _121_/X (sky130_fd_sc_hd__o31a_1)
                                         _072_ (net)
                  0.09    0.00    1.60 v _133_/A1 (sky130_fd_sc_hd__o21a_1)
     2    0.01    0.05    0.22    1.81 v _133_/X (sky130_fd_sc_hd__o21a_1)
                                         _007_ (net)
                  0.05    0.00    1.81 v _138_/A2 (sky130_fd_sc_hd__o21a_1)
     1    0.00    0.04    0.17    1.99 v _138_/X (sky130_fd_sc_hd__o21a_1)
                                         _011_ (net)
                  0.04    0.00    1.99 v _139_/B (sky130_fd_sc_hd__xnor2_1)
     1    0.00    0.05    0.11    2.10 v _139_/Y (sky130_fd_sc_hd__xnor2_1)
                                         sum_d[11] (net)
                  0.05    0.00    2.10 v _216_/D (sky130_fd_sc_hd__dfxtp_1)
                                  2.10   data arrival time

                          5.00    5.00   clock core_clock (rise edge)
                          0.00    5.00   clock source latency
     1    0.01    0.00    0.00    5.00 ^ clk (in)
                                         clk (net)
                  0.00    0.00    5.00 ^ clkbuf_0_clk/A (sky130_fd_sc_hd__clkbuf_16)
     4    0.03    0.05    0.12    5.12 ^ clkbuf_0_clk/X (sky130_fd_sc_hd__clkbuf_16)
                                         clknet_0_clk (net)
                  0.05    0.00    5.12 ^ clkbuf_2_1__f_clk/A (sky130_fd_sc_hd__clkbuf_16)
    17    0.03    0.05    0.14    5.26 ^ clkbuf_2_1__f_clk/X (sky130_fd_sc_hd__clkbuf_16)
                                         clknet_2_1__leaf_clk (net)
                  0.05    0.00    5.26 ^ _216_/CLK (sky130_fd_sc_hd__dfxtp_1)
                          0.00    5.26   clock reconvergence pessimism
                         -0.11    5.15   library setup time
                                  5.15   data required time
-----------------------------------------------------------------------------
                                  5.15   data required time
                                 -2.10   data arrival time
-----------------------------------------------------------------------------
                                  3.05   slack (MET)


Startpoint: _188_ (rising edge-triggered flip-flop clocked by core_clock)
Endpoint: _167_ (rising edge-triggered flip-flop clocked by core_clock)
Path Group: core_clock
Path Type: max

Fanout     Cap    Slew   Delay    Time   Description
-----------------------------------------------------------------------------
                          0.00    0.00   clock core_clock (rise edge)
                          0.00    0.00   clock source latency
     1    0.01    0.00    0.00    0.00 ^ clk (in)
                                         clk (net)
                  0.00    0.00    0.00 ^ clkbuf_0_clk/A (sky130_fd_sc_hd__clkbuf_16)
     4    0.03    0.05    0.12    0.12 ^ clkbuf_0_clk/X (sky130_fd_sc_hd__clkbuf_16)
                                         clknet_0_clk (net)
                  0.05    0.00    0.12 ^ clkbuf_2_1__f_clk/A (sky130_fd_sc_hd__clkbuf_16)
    17    0.03    0.05    0.14    0.26 ^ clkbuf_2_1__f_clk/X (sky130_fd_sc_hd__clkbuf_16)
                                         clknet_2_1__leaf_clk (net)
                  0.05    0.00    0.26 ^ _188_/CLK (sky130_fd_sc_hd__dfxtp_1)
     2    0.00    0.05    0.31    0.57 ^ _188_/Q (sky130_fd_sc_hd__dfxtp_1)
                                         b_q[0] (net)
                  0.05    0.00    0.57 ^ _076_/B (sky130_fd_sc_hd__nand2_1)
     2    0.00    0.04    0.06    0.63 v _076_/Y (sky130_fd_sc_hd__nand2_1)
                                         _035_ (net)
                  0.04    0.00    0.63 v _079_/B1_N (sky130_fd_sc_hd__a21bo_1)
     2    0.01    0.09    0.20    0.83 ^ _079_/X (sky130_fd_sc_hd__a21bo_1)
                                         _037_ (net)
                  0.09    0.00    0.83 ^ _084_/A1 (sky130_fd_sc_hd__a21boi_2)
     3    0.01    0.05    0.07    0.90 v _084_/Y (sky130_fd_sc_hd__a21boi_2)
                                         _041_ (net)
                  0.05    0.00    0.90 v _100_/A1 (sky130_fd_sc_hd__o31a_1)
     4    0.01    0.09    0.34    1.24 v _100_/X (sky130_fd_sc_hd__o31a_1)
                                         _055_ (net)
                  0.09    0.00    1.24 v _121_/A1 (sky130_fd_sc_hd__o31a_1)
     4    0.01    0.09    0.36    1.60 v _121_/X (sky130_fd_sc_hd__o31a_1)
                                         _072_ (net)
                  0.09    0.00    1.60 v _145_/A1 (sky130_fd_sc_hd__o31ai_2)
     3    0.01    0.28    0.33    1.92 ^ _145_/Y (sky130_fd_sc_hd__o31ai_2)
                                         _017_ (net)
                  0.28    0.00    1.92 ^ _149_/A (sky130_fd_sc_hd__xor2_1)
     1    0.00    0.09    0.16    2.08 ^ _149_/X (sky130_fd_sc_hd__xor2_1)
                                         sum_d[12] (net)
                  0.09    0.00    2.08 ^ _167_/D (sky130_fd_sc_hd__dfxtp_1)
                                  2.08   data arrival time

                          5.00    5.00   clock core_clock (rise edge)
                          0.00    5.00   clock source latency
     1    0.01    0.00    0.00    5.00 ^ clk (in)
                                         clk (net)
                  0.00    0.00    5.00 ^ clkbuf_0_clk/A (sky130_fd_sc_hd__clkbuf_16)
     4    0.03    0.05    0.12    5.12 ^ clkbuf_0_clk/X (sky130_fd_sc_hd__clkbuf_16)
                                         clknet_0_clk (net)
                  0.05    0.00    5.12 ^ clkbuf_2_1__f_clk/A (sky130_fd_sc_hd__clkbuf_16)
    17    0.03    0.05    0.14    5.26 ^ clkbuf_2_1__f_clk/X (sky130_fd_sc_hd__clkbuf_16)
                                         clknet_2_1__leaf_clk (net)
                  0.05    0.00    5.26 ^ _167_/CLK (sky130_fd_sc_hd__dfxtp_1)
                          0.00    5.26   clock reconvergence pessimism
                         -0.06    5.20   library setup time
                                  5.20   data required time
-----------------------------------------------------------------------------
                                  5.20   data required time
                                 -2.08   data arrival time
-----------------------------------------------------------------------------
                                  3.12   slack (MET)


Startpoint: _188_ (rising edge-triggered flip-flop clocked by core_clock)
Endpoint: _215_ (rising edge-triggered flip-flop clocked by core_clock)
Path Group: core_clock
Path Type: max

Fanout     Cap    Slew   Delay    Time   Description
-----------------------------------------------------------------------------
                          0.00    0.00   clock core_clock (rise edge)
                          0.00    0.00   clock source latency
     1    0.01    0.00    0.00    0.00 ^ clk (in)
                                         clk (net)
                  0.00    0.00    0.00 ^ clkbuf_0_clk/A (sky130_fd_sc_hd__clkbuf_16)
     4    0.03    0.05    0.12    0.12 ^ clkbuf_0_clk/X (sky130_fd_sc_hd__clkbuf_16)
                                         clknet_0_clk (net)
                  0.05    0.00    0.12 ^ clkbuf_2_1__f_clk/A (sky130_fd_sc_hd__clkbuf_16)
    17    0.03    0.05    0.14    0.26 ^ clkbuf_2_1__f_clk/X (sky130_fd_sc_hd__clkbuf_16)
                                         clknet_2_1__leaf_clk (net)
                  0.05    0.00    0.26 ^ _188_/CLK (sky130_fd_sc_hd__dfxtp_1)
     2    0.00    0.05    0.31    0.57 ^ _188_/Q (sky130_fd_sc_hd__dfxtp_1)
                                         b_q[0] (net)
                  0.05    0.00    0.57 ^ _076_/B (sky130_fd_sc_hd__nand2_1)
     2    0.00    0.04    0.06    0.63 v _076_/Y (sky130_fd_sc_hd__nand2_1)
                                         _035_ (net)
                  0.04    0.00    0.63 v _079_/B1_N (sky130_fd_sc_hd__a21bo_1)
     2    0.01    0.09    0.20    0.83 ^ _079_/X (sky130_fd_sc_hd__a21bo_1)
                                         _037_ (net)
                  0.09    0.00    0.83 ^ _084_/A1 (sky130_fd_sc_hd__a21boi_2)
     3    0.01    0.05    0.07    0.90 v _084_/Y (sky130_fd_sc_hd__a21boi_2)
                                         _041_ (net)
                  0.05    0.00    0.90 v _100_/A1 (sky130_fd_sc_hd__o31a_1)
     4    0.01    0.09    0.34    1.24 v _100_/X (sky130_fd_sc_hd__o31a_1)
                                         _055_ (net)
                  0.09    0.00    1.24 v _121_/A1 (sky130_fd_sc_hd__o31a_1)
     4    0.01    0.09    0.36    1.60 v _121_/X (sky130_fd_sc_hd__o31a_1)
                                         _072_ (net)
                  0.09    0.00    1.60 v _133_/A1 (sky130_fd_sc_hd__o21a_1)
     2    0.01    0.05    0.22    1.81 v _133_/X (sky130_fd_sc_hd__o21a_1)
                                         _007_ (net)
                  0.05    0.00    1.81 v _134_/B (sky130_fd_sc_hd__xnor2_1)
     1    0.00    0.05    0.11    1.93 v _134_/Y (sky130_fd_sc_hd__xnor2_1)
                                         sum_d[10] (net)
                  0.05    0.00    1.93 v _215_/D (sky130_fd_sc_hd__dfxtp_1)
                                  1.93   data arrival time

                          5.00    5.00   clock core_clock (rise edge)
                          0.00    5.00   clock source latency
     1    0.01    0.00    0.00    5.00 ^ clk (in)
                                         clk (net)
                  0.00    0.00    5.00 ^ clkbuf_0_clk/A (sky130_fd_sc_hd__clkbuf_16)
     4    0.03    0.05    0.12    5.12 ^ clkbuf_0_clk/X (sky130_fd_sc_hd__clkbuf_16)
                                         clknet_0_clk (net)
                  0.05    0.00    5.12 ^ clkbuf_2_1__f_clk/A (sky130_fd_sc_hd__clkbuf_16)
    17    0.03    0.05    0.14    5.26 ^ clkbuf_2_1__f_clk/X (sky130_fd_sc_hd__clkbuf_16)
                                         clknet_2_1__leaf_clk (net)
                  0.05    0.00    5.26 ^ _215_/CLK (sky130_fd_sc_hd__dfxtp_1)
                          0.00    5.26   clock reconvergence pessimism
                         -0.11    5.15   library setup time
                                  5.15   data required time
-----------------------------------------------------------------------------
                                  5.15   data required time
                                 -1.93   data arrival time
-----------------------------------------------------------------------------
                                  3.22   slack (MET)


Startpoint: _188_ (rising edge-triggered flip-flop clocked by core_clock)
Endpoint: _214_ (rising edge-triggered flip-flop clocked by core_clock)
Path Group: core_clock
Path Type: max

Fanout     Cap    Slew   Delay    Time   Description
-----------------------------------------------------------------------------
                          0.00    0.00   clock core_clock (rise edge)
                          0.00    0.00   clock source latency
     1    0.01    0.00    0.00    0.00 ^ clk (in)
                                         clk (net)
                  0.00    0.00    0.00 ^ clkbuf_0_clk/A (sky130_fd_sc_hd__clkbuf_16)
     4    0.03    0.05    0.12    0.12 ^ clkbuf_0_clk/X (sky130_fd_sc_hd__clkbuf_16)
                                         clknet_0_clk (net)
                  0.05    0.00    0.12 ^ clkbuf_2_1__f_clk/A (sky130_fd_sc_hd__clkbuf_16)
    17    0.03    0.05    0.14    0.26 ^ clkbuf_2_1__f_clk/X (sky130_fd_sc_hd__clkbuf_16)
                                         clknet_2_1__leaf_clk (net)
                  0.05    0.00    0.26 ^ _188_/CLK (sky130_fd_sc_hd__dfxtp_1)
     2    0.00    0.05    0.31    0.57 ^ _188_/Q (sky130_fd_sc_hd__dfxtp_1)
                                         b_q[0] (net)
                  0.05    0.00    0.57 ^ _076_/B (sky130_fd_sc_hd__nand2_1)
     2    0.00    0.04    0.06    0.63 v _076_/Y (sky130_fd_sc_hd__nand2_1)
                                         _035_ (net)
                  0.04    0.00    0.63 v _079_/B1_N (sky130_fd_sc_hd__a21bo_1)
     2    0.01    0.09    0.20    0.83 ^ _079_/X (sky130_fd_sc_hd__a21bo_1)
                                         _037_ (net)
                  0.09    0.00    0.83 ^ _084_/A1 (sky130_fd_sc_hd__a21boi_2)
     3    0.01    0.05    0.07    0.90 v _084_/Y (sky130_fd_sc_hd__a21boi_2)
                                         _041_ (net)
                  0.05    0.00    0.90 v _100_/A1 (sky130_fd_sc_hd__o31a_1)
     4    0.01    0.09    0.34    1.24 v _100_/X (sky130_fd_sc_hd__o31a_1)
                                         _055_ (net)
                  0.09    0.00    1.24 v _121_/A1 (sky130_fd_sc_hd__o31a_1)
     4    0.01    0.09    0.36    1.60 v _121_/X (sky130_fd_sc_hd__o31a_1)
                                         _072_ (net)
                  0.09    0.00    1.60 v _127_/A1 (sky130_fd_sc_hd__o21a_1)
     1    0.00    0.04    0.21    1.80 v _127_/X (sky130_fd_sc_hd__o21a_1)
                                         _002_ (net)
                  0.04    0.00    1.80 v _128_/B (sky130_fd_sc_hd__xnor2_1)
     1    0.00    0.05    0.11    1.91 v _128_/Y (sky130_fd_sc_hd__xnor2_1)
                                         sum_d[9] (net)
                  0.05    0.00    1.91 v _214_/D (sky130_fd_sc_hd__dfxtp_1)
                                  1.91   data arrival time

                          5.00    5.00   clock core_clock (rise edge)
                          0.00    5.00   clock source latency
     1    0.01    0.00    0.00    5.00 ^ clk (in)
                                         clk (net)
                  0.00    0.00    5.00 ^ clkbuf_0_clk/A (sky130_fd_sc_hd__clkbuf_16)
     4    0.03    0.05    0.12    5.12 ^ clkbuf_0_clk/X (sky130_fd_sc_hd__clkbuf_16)
                                         clknet_0_clk (net)
                  0.05    0.00    5.12 ^ clkbuf_2_1__f_clk/A (sky130_fd_sc_hd__clkbuf_16)
    17    0.03    0.05    0.14    5.26 ^ clkbuf_2_1__f_clk/X (sky130_fd_sc_hd__clkbuf_16)
                                         clknet_2_1__leaf_clk (net)
                  0.05    0.00    5.26 ^ _214_/CLK (sky130_fd_sc_hd__dfxtp_1)
                          0.00    5.26   clock reconvergence pessimism
                         -0.11    5.15   library setup time
                                  5.15   data required time
-----------------------------------------------------------------------------
                                  5.15   data required time
                                 -1.91   data arrival time
-----------------------------------------------------------------------------
                                  3.24   slack (MET)


Startpoint: _188_ (rising edge-triggered flip-flop clocked by core_clock)
Endpoint: _213_ (rising edge-triggered flip-flop clocked by core_clock)
Path Group: core_clock
Path Type: max

Fanout     Cap    Slew   Delay    Time   Description
-----------------------------------------------------------------------------
                          0.00    0.00   clock core_clock (rise edge)
                          0.00    0.00   clock source latency
     1    0.01    0.00    0.00    0.00 ^ clk (in)
                                         clk (net)
                  0.00    0.00    0.00 ^ clkbuf_0_clk/A (sky130_fd_sc_hd__clkbuf_16)
     4    0.03    0.05    0.12    0.12 ^ clkbuf_0_clk/X (sky130_fd_sc_hd__clkbuf_16)
                                         clknet_0_clk (net)
                  0.05    0.00    0.12 ^ clkbuf_2_1__f_clk/A (sky130_fd_sc_hd__clkbuf_16)
    17    0.03    0.05    0.14    0.26 ^ clkbuf_2_1__f_clk/X (sky130_fd_sc_hd__clkbuf_16)
                                         clknet_2_1__leaf_clk (net)
                  0.05    0.00    0.26 ^ _188_/CLK (sky130_fd_sc_hd__dfxtp_1)
     2    0.00    0.05    0.31    0.57 ^ _188_/Q (sky130_fd_sc_hd__dfxtp_1)
                                         b_q[0] (net)
                  0.05    0.00    0.57 ^ _076_/B (sky130_fd_sc_hd__nand2_1)
     2    0.00    0.04    0.06    0.63 v _076_/Y (sky130_fd_sc_hd__nand2_1)
                                         _035_ (net)
                  0.04    0.00    0.63 v _079_/B1_N (sky130_fd_sc_hd__a21bo_1)
     2    0.01    0.09    0.20    0.83 ^ _079_/X (sky130_fd_sc_hd__a21bo_1)
                                         _037_ (net)
                  0.09    0.00    0.83 ^ _084_/A1 (sky130_fd_sc_hd__a21boi_2)
     3    0.01    0.05    0.07    0.90 v _084_/Y (sky130_fd_sc_hd__a21boi_2)
                                         _041_ (net)
                  0.05    0.00    0.90 v _100_/A1 (sky130_fd_sc_hd__o31a_1)
     4    0.01    0.09    0.34    1.24 v _100_/X (sky130_fd_sc_hd__o31a_1)
                                         _055_ (net)
                  0.09    0.00    1.24 v _121_/A1 (sky130_fd_sc_hd__o31a_1)
     4    0.01    0.09    0.36    1.60 v _121_/X (sky130_fd_sc_hd__o31a_1)
                                         _072_ (net)
                  0.09    0.00    1.60 v _125_/A (sky130_fd_sc_hd__xor2_1)
     1    0.00    0.05    0.17    1.76 v _125_/X (sky130_fd_sc_hd__xor2_1)
                                         sum_d[8] (net)
                  0.05    0.00    1.76 v _213_/D (sky130_fd_sc_hd__dfxtp_1)
                                  1.76   data arrival time

                          5.00    5.00   clock core_clock (rise edge)
                          0.00    5.00   clock source latency
     1    0.01    0.00    0.00    5.00 ^ clk (in)
                                         clk (net)
                  0.00    0.00    5.00 ^ clkbuf_0_clk/A (sky130_fd_sc_hd__clkbuf_16)
     4    0.03    0.05    0.12    5.12 ^ clkbuf_0_clk/X (sky130_fd_sc_hd__clkbuf_16)
                                         clknet_0_clk (net)
                  0.05    0.00    5.12 ^ clkbuf_2_3__f_clk/A (sky130_fd_sc_hd__clkbuf_16)
    10    0.03    0.05    0.14    5.26 ^ clkbuf_2_3__f_clk/X (sky130_fd_sc_hd__clkbuf_16)
                                         clknet_2_3__leaf_clk (net)
                  0.05    0.00    5.26 ^ _213_/CLK (sky130_fd_sc_hd__dfxtp_1)
                          0.00    5.26   clock reconvergence pessimism
                         -0.11    5.15   library setup time
                                  5.15   data required time
-----------------------------------------------------------------------------
                                  5.15   data required time
                                 -1.76   data arrival time
-----------------------------------------------------------------------------
                                  3.39   slack (MET)


Startpoint: _172_ (rising edge-triggered flip-flop clocked by core_clock)
Endpoint: _212_ (rising edge-triggered flip-flop clocked by core_clock)
Path Group: core_clock
Path Type: max

Fanout     Cap    Slew   Delay    Time   Description
-----------------------------------------------------------------------------
                          0.00    0.00   clock core_clock (rise edge)
                          0.00    0.00   clock source latency
     1    0.01    0.00    0.00    0.00 ^ clk (in)
                                         clk (net)
                  0.00    0.00    0.00 ^ clkbuf_0_clk/A (sky130_fd_sc_hd__clkbuf_16)
     4    0.03    0.05    0.12    0.12 ^ clkbuf_0_clk/X (sky130_fd_sc_hd__clkbuf_16)
                                         clknet_0_clk (net)
                  0.05    0.00    0.12 ^ clkbuf_2_1__f_clk/A (sky130_fd_sc_hd__clkbuf_16)
    17    0.03    0.05    0.14    0.26 ^ clkbuf_2_1__f_clk/X (sky130_fd_sc_hd__clkbuf_16)
                                         clknet_2_1__leaf_clk (net)
                  0.05    0.00    0.26 ^ _172_/CLK (sky130_fd_sc_hd__dfxtp_1)
     2    0.00    0.03    0.30    0.56 v _172_/Q (sky130_fd_sc_hd__dfxtp_1)
                                         a_q[0] (net)
                  0.03    0.00    0.56 v _075_/A (sky130_fd_sc_hd__or2_1)
     2    0.00    0.06    0.23    0.78 v _075_/X (sky130_fd_sc_hd__or2_1)
                                         _034_ (net)
                  0.06    0.00    0.78 v _079_/A2 (sky130_fd_sc_hd__a21bo_1)
     2    0.01    0.06    0.22    1.00 v _079_/X (sky130_fd_sc_hd__a21bo_1)
                                         _037_ (net)
                  0.06    0.00    1.00 v _084_/A1 (sky130_fd_sc_hd__a21boi_2)
     3    0.01    0.15    0.17    1.17 ^ _084_/Y (sky130_fd_sc_hd__a21boi_2)
                                         _041_ (net)
                  0.15    0.00    1.17 ^ _100_/A1 (sky130_fd_sc_hd__o31a_1)
     4    0.01    0.14    0.22    1.39 ^ _100_/X (sky130_fd_sc_hd__o31a_1)
                                         _055_ (net)
                  0.14    0.00    1.39 ^ _111_/A1 (sky130_fd_sc_hd__o21a_1)
     2    0.01    0.08    0.17    1.56 ^ _111_/X (sky130_fd_sc_hd__o21a_1)
                                         _064_ (net)
                  0.08    0.00    1.56 ^ _117_/A2 (sky130_fd_sc_hd__o21a_1)
     1    0.00    0.06    0.12    1.68 ^ _117_/X (sky130_fd_sc_hd__o21a_1)
                                         _069_ (net)
                  0.06    0.00    1.68 ^ _118_/B (sky130_fd_sc_hd__xnor2_1)
     1    0.00    0.10    0.10    1.78 ^ _118_/Y (sky130_fd_sc_hd__xnor2_1)
                                         sum_d[7] (net)
                  0.10    0.00    1.78 ^ _212_/D (sky130_fd_sc_hd__dfxtp_1)
                                  1.78   data arrival time

                          5.00    5.00   clock core_clock (rise edge)
                          0.00    5.00   clock source latency
     1    0.01    0.00    0.00    5.00 ^ clk (in)
                                         clk (net)
                  0.00    0.00    5.00 ^ clkbuf_0_clk/A (sky130_fd_sc_hd__clkbuf_16)
     4    0.03    0.05    0.12    5.12 ^ clkbuf_0_clk/X (sky130_fd_sc_hd__clkbuf_16)
                                         clknet_0_clk (net)
                  0.05    0.00    5.12 ^ clkbuf_2_0__f_clk/A (sky130_fd_sc_hd__clkbuf_16)
    14    0.03    0.05    0.14    5.26 ^ clkbuf_2_0__f_clk/X (sky130_fd_sc_hd__clkbuf_16)
                                         clknet_2_0__leaf_clk (net)
                  0.05    0.00    5.26 ^ _212_/CLK (sky130_fd_sc_hd__dfxtp_1)
                          0.00    5.26   clock reconvergence pessimism
                         -0.06    5.19   library setup time
                                  5.19   data required time
-----------------------------------------------------------------------------
                                  5.19   data required time
                                 -1.78   data arrival time
-----------------------------------------------------------------------------
                                  3.41   slack (MET)


Startpoint: _172_ (rising edge-triggered flip-flop clocked by core_clock)
Endpoint: _211_ (rising edge-triggered flip-flop clocked by core_clock)
Path Group: core_clock
Path Type: max

Fanout     Cap    Slew   Delay    Time   Description
-----------------------------------------------------------------------------
                          0.00    0.00   clock core_clock (rise edge)
                          0.00    0.00   clock source latency
     1    0.01    0.00    0.00    0.00 ^ clk (in)
                                         clk (net)
                  0.00    0.00    0.00 ^ clkbuf_0_clk/A (sky130_fd_sc_hd__clkbuf_16)
     4    0.03    0.05    0.12    0.12 ^ clkbuf_0_clk/X (sky130_fd_sc_hd__clkbuf_16)
                                         clknet_0_clk (net)
                  0.05    0.00    0.12 ^ clkbuf_2_1__f_clk/A (sky130_fd_sc_hd__clkbuf_16)
    17    0.03    0.05    0.14    0.26 ^ clkbuf_2_1__f_clk/X (sky130_fd_sc_hd__clkbuf_16)
                                         clknet_2_1__leaf_clk (net)
                  0.05    0.00    0.26 ^ _172_/CLK (sky130_fd_sc_hd__dfxtp_1)
     2    0.00    0.03    0.30    0.56 v _172_/Q (sky130_fd_sc_hd__dfxtp_1)
                                         a_q[0] (net)
                  0.03    0.00    0.56 v _075_/A (sky130_fd_sc_hd__or2_1)
     2    0.00    0.06    0.23    0.78 v _075_/X (sky130_fd_sc_hd__or2_1)
                                         _034_ (net)
                  0.06    0.00    0.78 v _079_/A2 (sky130_fd_sc_hd__a21bo_1)
     2    0.01    0.06    0.22    1.00 v _079_/X (sky130_fd_sc_hd__a21bo_1)
                                         _037_ (net)
                  0.06    0.00    1.00 v _084_/A1 (sky130_fd_sc_hd__a21boi_2)
     3    0.01    0.15    0.17    1.17 ^ _084_/Y (sky130_fd_sc_hd__a21boi_2)
                                         _041_ (net)
                  0.15    0.00    1.17 ^ _100_/A1 (sky130_fd_sc_hd__o31a_1)
     4    0.01    0.14    0.22    1.39 ^ _100_/X (sky130_fd_sc_hd__o31a_1)
                                         _055_ (net)
                  0.14    0.00    1.39 ^ _111_/A1 (sky130_fd_sc_hd__o21a_1)
     2    0.01    0.08    0.17    1.56 ^ _111_/X (sky130_fd_sc_hd__o21a_1)
                                         _064_ (net)
                  0.08    0.00    1.56 ^ _112_/B (sky130_fd_sc_hd__xnor2_1)
     1    0.00    0.10    0.11    1.67 ^ _112_/Y (sky130_fd_sc_hd__xnor2_1)
                                         sum_d[6] (net)
                  0.10    0.00    1.67 ^ _211_/D (sky130_fd_sc_hd__dfxtp_1)
                                  1.67   data arrival time

                          5.00    5.00   clock core_clock (rise edge)
                          0.00    5.00   clock source latency
     1    0.01    0.00    0.00    5.00 ^ clk (in)
                                         clk (net)
                  0.00    0.00    5.00 ^ clkbuf_0_clk/A (sky130_fd_sc_hd__clkbuf_16)
     4    0.03    0.05    0.12    5.12 ^ clkbuf_0_clk/X (sky130_fd_sc_hd__clkbuf_16)
                                         clknet_0_clk (net)
                  0.05    0.00    5.12 ^ clkbuf_2_0__f_clk/A (sky130_fd_sc_hd__clkbuf_16)
    14    0.03    0.05    0.14    5.26 ^ clkbuf_2_0__f_clk/X (sky130_fd_sc_hd__clkbuf_16)
                                         clknet_2_0__leaf_clk (net)
                  0.05    0.00    5.26 ^ _211_/CLK (sky130_fd_sc_hd__dfxtp_1)
                          0.00    5.26   clock reconvergence pessimism
                         -0.06    5.19   library setup time
                                  5.19   data required time
-----------------------------------------------------------------------------
                                  5.19   data required time
                                 -1.67   data arrival time
-----------------------------------------------------------------------------
                                  3.53   slack (MET)


Startpoint: _172_ (rising edge-triggered flip-flop clocked by core_clock)
Endpoint: _210_ (rising edge-triggered flip-flop clocked by core_clock)
Path Group: core_clock
Path Type: max

Fanout     Cap    Slew   Delay    Time   Description
-----------------------------------------------------------------------------
                          0.00    0.00   clock core_clock (rise edge)
                          0.00    0.00   clock source latency
     1    0.01    0.00    0.00    0.00 ^ clk (in)
                                         clk (net)
                  0.00    0.00    0.00 ^ clkbuf_0_clk/A (sky130_fd_sc_hd__clkbuf_16)
     4    0.03    0.05    0.12    0.12 ^ clkbuf_0_clk/X (sky130_fd_sc_hd__clkbuf_16)
                                         clknet_0_clk (net)
                  0.05    0.00    0.12 ^ clkbuf_2_1__f_clk/A (sky130_fd_sc_hd__clkbuf_16)
    17    0.03    0.05    0.14    0.26 ^ clkbuf_2_1__f_clk/X (sky130_fd_sc_hd__clkbuf_16)
                                         clknet_2_1__leaf_clk (net)
                  0.05    0.00    0.26 ^ _172_/CLK (sky130_fd_sc_hd__dfxtp_1)
     2    0.00    0.03    0.30    0.56 v _172_/Q (sky130_fd_sc_hd__dfxtp_1)
                                         a_q[0] (net)
                  0.03    0.00    0.56 v _075_/A (sky130_fd_sc_hd__or2_1)
     2    0.00    0.06    0.23    0.78 v _075_/X (sky130_fd_sc_hd__or2_1)
                                         _034_ (net)
                  0.06    0.00    0.78 v _079_/A2 (sky130_fd_sc_hd__a21bo_1)
     2    0.01    0.06    0.22    1.00 v _079_/X (sky130_fd_sc_hd__a21bo_1)
                                         _037_ (net)
                  0.06    0.00    1.00 v _084_/A1 (sky130_fd_sc_hd__a21boi_2)
     3    0.01    0.15    0.17    1.17 ^ _084_/Y (sky130_fd_sc_hd__a21boi_2)
                                         _041_ (net)
                  0.15    0.00    1.17 ^ _100_/A1 (sky130_fd_sc_hd__o31a_1)
     4    0.01    0.14    0.22    1.39 ^ _100_/X (sky130_fd_sc_hd__o31a_1)
                                         _055_ (net)
                  0.14    0.00    1.39 ^ _103_/A2 (sky130_fd_sc_hd__o21a_1)
     1    0.00    0.06    0.14    1.53 ^ _103_/X (sky130_fd_sc_hd__o21a_1)
                                         _057_ (net)
                  0.06    0.00    1.53 ^ _104_/B (sky130_fd_sc_hd__xnor2_1)
     1    0.00    0.10    0.10    1.63 ^ _104_/Y (sky130_fd_sc_hd__xnor2_1)
                                         sum_d[5] (net)
                  0.10    0.00    1.63 ^ _210_/D (sky130_fd_sc_hd__dfxtp_1)
                                  1.63   data arrival time

                          5.00    5.00   clock core_clock (rise edge)
                          0.00    5.00   clock source latency
     1    0.01    0.00    0.00    5.00 ^ clk (in)
                                         clk (net)
                  0.00    0.00    5.00 ^ clkbuf_0_clk/A (sky130_fd_sc_hd__clkbuf_16)
     4    0.03    0.05    0.12    5.12 ^ clkbuf_0_clk/X (sky130_fd_sc_hd__clkbuf_16)
                                         clknet_0_clk (net)
                  0.05    0.00    5.12 ^ clkbuf_2_2__f_clk/A (sky130_fd_sc_hd__clkbuf_16)
    12    0.03    0.05    0.14    5.26 ^ clkbuf_2_2__f_clk/X (sky130_fd_sc_hd__clkbuf_16)
                                         clknet_2_2__leaf_clk (net)
                  0.05    0.00    5.26 ^ _210_/CLK (sky130_fd_sc_hd__dfxtp_1)
                          0.00    5.26   clock reconvergence pessimism
                         -0.06    5.19   library setup time
                                  5.19   data required time
-----------------------------------------------------------------------------
                                  5.19   data required time
                                 -1.63   data arrival time
-----------------------------------------------------------------------------
                                  3.57   slack (MET)


Startpoint: _172_ (rising edge-triggered flip-flop clocked by core_clock)
Endpoint: _209_ (rising edge-triggered flip-flop clocked by core_clock)
Path Group: core_clock
Path Type: max

Fanout     Cap    Slew   Delay    Time   Description
-----------------------------------------------------------------------------
                          0.00    0.00   clock core_clock (rise edge)
                          0.00    0.00   clock source latency
     1    0.01    0.00    0.00    0.00 ^ clk (in)
                                         clk (net)
                  0.00    0.00    0.00 ^ clkbuf_0_clk/A (sky130_fd_sc_hd__clkbuf_16)
     4    0.03    0.05    0.12    0.12 ^ clkbuf_0_clk/X (sky130_fd_sc_hd__clkbuf_16)
                                         clknet_0_clk (net)
                  0.05    0.00    0.12 ^ clkbuf_2_1__f_clk/A (sky130_fd_sc_hd__clkbuf_16)
    17    0.03    0.05    0.14    0.26 ^ clkbuf_2_1__f_clk/X (sky130_fd_sc_hd__clkbuf_16)
                                         clknet_2_1__leaf_clk (net)
                  0.05    0.00    0.26 ^ _172_/CLK (sky130_fd_sc_hd__dfxtp_1)
     2    0.00    0.03    0.30    0.56 v _172_/Q (sky130_fd_sc_hd__dfxtp_1)
                                         a_q[0] (net)
                  0.03    0.00    0.56 v _075_/A (sky130_fd_sc_hd__or2_1)
     2    0.00    0.06    0.23    0.78 v _075_/X (sky130_fd_sc_hd__or2_1)
                                         _034_ (net)
                  0.06    0.00    0.78 v _079_/A2 (sky130_fd_sc_hd__a21bo_1)
     2    0.01    0.06    0.22    1.00 v _079_/X (sky130_fd_sc_hd__a21bo_1)
                                         _037_ (net)
                  0.06    0.00    1.00 v _084_/A1 (sky130_fd_sc_hd__a21boi_2)
     3    0.01    0.15    0.17    1.17 ^ _084_/Y (sky130_fd_sc_hd__a21boi_2)
                                         _041_ (net)
                  0.15    0.00    1.17 ^ _100_/A1 (sky130_fd_sc_hd__o31a_1)
     4    0.01    0.14    0.22    1.39 ^ _100_/X (sky130_fd_sc_hd__o31a_1)
                                         _055_ (net)
                  0.14    0.00    1.39 ^ _101_/B (sky130_fd_sc_hd__xnor2_1)
     1    0.00    0.10    0.12    1.51 ^ _101_/Y (sky130_fd_sc_hd__xnor2_1)
                                         sum_d[4] (net)
                  0.10    0.00    1.51 ^ _209_/D (sky130_fd_sc_hd__dfxtp_1)
                                  1.51   data arrival time

                          5.00    5.00   clock core_clock (rise edge)
                          0.00    5.00   clock source latency
     1    0.01    0.00    0.00    5.00 ^ clk (in)
                                         clk (net)
                  0.00    0.00    5.00 ^ clkbuf_0_clk/A (sky130_fd_sc_hd__clkbuf_16)
     4    0.03    0.05    0.12    5.12 ^ clkbuf_0_clk/X (sky130_fd_sc_hd__clkbuf_16)
                                         clknet_0_clk (net)
                  0.05    0.00    5.12 ^ clkbuf_2_2__f_clk/A (sky130_fd_sc_hd__clkbuf_16)
    12    0.03    0.05    0.14    5.26 ^ clkbuf_2_2__f_clk/X (sky130_fd_sc_hd__clkbuf_16)
                                         clknet_2_2__leaf_clk (net)
                  0.05    0.00    5.26 ^ _209_/CLK (sky130_fd_sc_hd__dfxtp_1)
                          0.00    5.26   clock reconvergence pessimism
                         -0.06    5.19   library setup time
                                  5.19   data required time
-----------------------------------------------------------------------------
                                  5.19   data required time
                                 -1.51   data arrival time
-----------------------------------------------------------------------------
                                  3.68   slack (MET)


Startpoint: _172_ (rising edge-triggered flip-flop clocked by core_clock)
Endpoint: _208_ (rising edge-triggered flip-flop clocked by core_clock)
Path Group: core_clock
Path Type: max

Fanout     Cap    Slew   Delay    Time   Description
-----------------------------------------------------------------------------
                          0.00    0.00   clock core_clock (rise edge)
                          0.00    0.00   clock source latency
     1    0.01    0.00    0.00    0.00 ^ clk (in)
                                         clk (net)
                  0.00    0.00    0.00 ^ clkbuf_0_clk/A (sky130_fd_sc_hd__clkbuf_16)
     4    0.03    0.05    0.12    0.12 ^ clkbuf_0_clk/X (sky130_fd_sc_hd__clkbuf_16)
                                         clknet_0_clk (net)
                  0.05    0.00    0.12 ^ clkbuf_2_1__f_clk/A (sky130_fd_sc_hd__clkbuf_16)
    17    0.03    0.05    0.14    0.26 ^ clkbuf_2_1__f_clk/X (sky130_fd_sc_hd__clkbuf_16)
                                         clknet_2_1__leaf_clk (net)
                  0.05    0.00    0.26 ^ _172_/CLK (sky130_fd_sc_hd__dfxtp_1)
     2    0.00    0.03    0.30    0.56 v _172_/Q (sky130_fd_sc_hd__dfxtp_1)
                                         a_q[0] (net)
                  0.03    0.00    0.56 v _075_/A (sky130_fd_sc_hd__or2_1)
     2    0.00    0.06    0.23    0.78 v _075_/X (sky130_fd_sc_hd__or2_1)
                                         _034_ (net)
                  0.06    0.00    0.78 v _079_/A2 (sky130_fd_sc_hd__a21bo_1)
     2    0.01    0.06    0.22    1.00 v _079_/X (sky130_fd_sc_hd__a21bo_1)
                                         _037_ (net)
                  0.06    0.00    1.00 v _084_/A1 (sky130_fd_sc_hd__a21boi_2)
     3    0.01    0.15    0.17    1.17 ^ _084_/Y (sky130_fd_sc_hd__a21boi_2)
                                         _041_ (net)
                  0.15    0.00    1.17 ^ _092_/A1 (sky130_fd_sc_hd__o21a_1)
     1    0.00    0.06    0.15    1.33 ^ _092_/X (sky130_fd_sc_hd__o21a_1)
                                         _048_ (net)
                  0.06    0.00    1.33 ^ _093_/B (sky130_fd_sc_hd__xnor2_1)
     1    0.00    0.10    0.10    1.42 ^ _093_/Y (sky130_fd_sc_hd__xnor2_1)
                                         sum_d[3] (net)
                  0.10    0.00    1.42 ^ _208_/D (sky130_fd_sc_hd__dfxtp_1)
                                  1.42   data arrival time

                          5.00    5.00   clock core_clock (rise edge)
                          0.00    5.00   clock source latency
     1    0.01    0.00    0.00    5.00 ^ clk (in)
                                         clk (net)
                  0.00    0.00    5.00 ^ clkbuf_0_clk/A (sky130_fd_sc_hd__clkbuf_16)
     4    0.03    0.05    0.12    5.12 ^ clkbuf_0_clk/X (sky130_fd_sc_hd__clkbuf_16)
                                         clknet_0_clk (net)
                  0.05    0.00    5.12 ^ clkbuf_2_0__f_clk/A (sky130_fd_sc_hd__clkbuf_16)
    14    0.03    0.05    0.14    5.26 ^ clkbuf_2_0__f_clk/X (sky130_fd_sc_hd__clkbuf_16)
                                         clknet_2_0__leaf_clk (net)
                  0.05    0.00    5.26 ^ _208_/CLK (sky130_fd_sc_hd__dfxtp_1)
                          0.00    5.26   clock reconvergence pessimism
                         -0.06    5.19   library setup time
                                  5.19   data required time
-----------------------------------------------------------------------------
                                  5.19   data required time
                                 -1.42   data arrival time
-----------------------------------------------------------------------------
                                  3.77   slack (MET)


Startpoint: _172_ (rising edge-triggered flip-flop clocked by core_clock)
Endpoint: _207_ (rising edge-triggered flip-flop clocked by core_clock)
Path Group: core_clock
Path Type: max

Fanout     Cap    Slew   Delay    Time   Description
-----------------------------------------------------------------------------
                          0.00    0.00   clock core_clock (rise edge)
                          0.00    0.00   clock source latency
     1    0.01    0.00    0.00    0.00 ^ clk (in)
                                         clk (net)
                  0.00    0.00    0.00 ^ clkbuf_0_clk/A (sky130_fd_sc_hd__clkbuf_16)
     4    0.03    0.05    0.12    0.12 ^ clkbuf_0_clk/X (sky130_fd_sc_hd__clkbuf_16)
                                         clknet_0_clk (net)
                  0.05    0.00    0.12 ^ clkbuf_2_1__f_clk/A (sky130_fd_sc_hd__clkbuf_16)
    17    0.03    0.05    0.14    0.26 ^ clkbuf_2_1__f_clk/X (sky130_fd_sc_hd__clkbuf_16)
                                         clknet_2_1__leaf_clk (net)
                  0.05    0.00    0.26 ^ _172_/CLK (sky130_fd_sc_hd__dfxtp_1)
     2    0.00    0.03    0.30    0.56 v _172_/Q (sky130_fd_sc_hd__dfxtp_1)
                                         a_q[0] (net)
                  0.03    0.00    0.56 v _075_/A (sky130_fd_sc_hd__or2_1)
     2    0.00    0.06    0.23    0.78 v _075_/X (sky130_fd_sc_hd__or2_1)
                                         _034_ (net)
                  0.06    0.00    0.78 v _079_/A2 (sky130_fd_sc_hd__a21bo_1)
     2    0.01    0.06    0.22    1.00 v _079_/X (sky130_fd_sc_hd__a21bo_1)
                                         _037_ (net)
                  0.06    0.00    1.00 v _084_/A1 (sky130_fd_sc_hd__a21boi_2)
     3    0.01    0.15    0.17    1.17 ^ _084_/Y (sky130_fd_sc_hd__a21boi_2)
                                         _041_ (net)
                  0.15    0.00    1.17 ^ _088_/A (sky130_fd_sc_hd__xor2_1)
     1    0.00    0.09    0.14    1.31 ^ _088_/X (sky130_fd_sc_hd__xor2_1)
                                         sum_d[2] (net)
                  0.09    0.00    1.31 ^ _207_/D (sky130_fd_sc_hd__dfxtp_1)
                                  1.31   data arrival time

                          5.00    5.00   clock core_clock (rise edge)
                          0.00    5.00   clock source latency
     1    0.01    0.00    0.00    5.00 ^ clk (in)
                                         clk (net)
                  0.00    0.00    5.00 ^ clkbuf_0_clk/A (sky130_fd_sc_hd__clkbuf_16)
     4    0.03    0.05    0.12    5.12 ^ clkbuf_0_clk/X (sky130_fd_sc_hd__clkbuf_16)
                                         clknet_0_clk (net)
                  0.05    0.00    5.12 ^ clkbuf_2_0__f_clk/A (sky130_fd_sc_hd__clkbuf_16)
    14    0.03    0.05    0.14    5.26 ^ clkbuf_2_0__f_clk/X (sky130_fd_sc_hd__clkbuf_16)
                                         clknet_2_0__leaf_clk (net)
                  0.05    0.00    5.26 ^ _207_/CLK (sky130_fd_sc_hd__dfxtp_1)
                          0.00    5.26   clock reconvergence pessimism
                         -0.06    5.20   library setup time
                                  5.20   data required time
-----------------------------------------------------------------------------
                                  5.20   data required time
                                 -1.31   data arrival time
-----------------------------------------------------------------------------
                                  3.89   slack (MET)


Startpoint: _172_ (rising edge-triggered flip-flop clocked by core_clock)
Endpoint: _206_ (rising edge-triggered flip-flop clocked by core_clock)
Path Group: core_clock
Path Type: max

Fanout     Cap    Slew   Delay    Time   Description
-----------------------------------------------------------------------------
                          0.00    0.00   clock core_clock (rise edge)
                          0.00    0.00   clock source latency
     1    0.01    0.00    0.00    0.00 ^ clk (in)
                                         clk (net)
                  0.00    0.00    0.00 ^ clkbuf_0_clk/A (sky130_fd_sc_hd__clkbuf_16)
     4    0.03    0.05    0.12    0.12 ^ clkbuf_0_clk/X (sky130_fd_sc_hd__clkbuf_16)
                                         clknet_0_clk (net)
                  0.05    0.00    0.12 ^ clkbuf_2_1__f_clk/A (sky130_fd_sc_hd__clkbuf_16)
    17    0.03    0.05    0.14    0.26 ^ clkbuf_2_1__f_clk/X (sky130_fd_sc_hd__clkbuf_16)
                                         clknet_2_1__leaf_clk (net)
                  0.05    0.00    0.26 ^ _172_/CLK (sky130_fd_sc_hd__dfxtp_1)
     2    0.00    0.03    0.30    0.56 v _172_/Q (sky130_fd_sc_hd__dfxtp_1)
                                         a_q[0] (net)
                  0.03    0.00    0.56 v _075_/A (sky130_fd_sc_hd__or2_1)
     2    0.00    0.06    0.23    0.78 v _075_/X (sky130_fd_sc_hd__or2_1)
                                         _034_ (net)
                  0.06    0.00    0.78 v _079_/A2 (sky130_fd_sc_hd__a21bo_1)
     2    0.01    0.06    0.22    1.00 v _079_/X (sky130_fd_sc_hd__a21bo_1)
                                         _037_ (net)
                  0.06    0.00    1.00 v _083_/A (sky130_fd_sc_hd__xnor2_1)
     1    0.00    0.04    0.12    1.12 v _083_/Y (sky130_fd_sc_hd__xnor2_1)
                                         sum_d[1] (net)
                  0.04    0.00    1.12 v _206_/D (sky130_fd_sc_hd__dfxtp_1)
                                  1.12   data arrival time

                          5.00    5.00   clock core_clock (rise edge)
                          0.00    5.00   clock source latency
     1    0.01    0.00    0.00    5.00 ^ clk (in)
                                         clk (net)
                  0.00    0.00    5.00 ^ clkbuf_0_clk/A (sky130_fd_sc_hd__clkbuf_16)
     4    0.03    0.05    0.12    5.12 ^ clkbuf_0_clk/X (sky130_fd_sc_hd__clkbuf_16)
                                         clknet_0_clk (net)
                  0.05    0.00    5.12 ^ clkbuf_2_0__f_clk/A (sky130_fd_sc_hd__clkbuf_16)
    14    0.03    0.05    0.14    5.26 ^ clkbuf_2_0__f_clk/X (sky130_fd_sc_hd__clkbuf_16)
                                         clknet_2_0__leaf_clk (net)
                  0.05    0.00    5.26 ^ _206_/CLK (sky130_fd_sc_hd__dfxtp_1)
                          0.00    5.26   clock reconvergence pessimism
                         -0.11    5.15   library setup time
                                  5.15   data required time
-----------------------------------------------------------------------------
                                  5.15   data required time
                                 -1.12   data arrival time
-----------------------------------------------------------------------------
                                  4.03   slack (MET)


Startpoint: _172_ (rising edge-triggered flip-flop clocked by core_clock)
Endpoint: _205_ (rising edge-triggered flip-flop clocked by core_clock)
Path Group: core_clock
Path Type: max

Fanout     Cap    Slew   Delay    Time   Description
-----------------------------------------------------------------------------
                          0.00    0.00   clock core_clock (rise edge)
                          0.00    0.00   clock source latency
     1    0.01    0.00    0.00    0.00 ^ clk (in)
                                         clk (net)
                  0.00    0.00    0.00 ^ clkbuf_0_clk/A (sky130_fd_sc_hd__clkbuf_16)
     4    0.03    0.05    0.12    0.12 ^ clkbuf_0_clk/X (sky130_fd_sc_hd__clkbuf_16)
                                         clknet_0_clk (net)
                  0.05    0.00    0.12 ^ clkbuf_2_1__f_clk/A (sky130_fd_sc_hd__clkbuf_16)
    17    0.03    0.05    0.14    0.26 ^ clkbuf_2_1__f_clk/X (sky130_fd_sc_hd__clkbuf_16)
                                         clknet_2_1__leaf_clk (net)
                  0.05    0.00    0.26 ^ _172_/CLK (sky130_fd_sc_hd__dfxtp_1)
     2    0.00    0.03    0.30    0.56 v _172_/Q (sky130_fd_sc_hd__dfxtp_1)
                                         a_q[0] (net)
                  0.03    0.00    0.56 v _075_/A (sky130_fd_sc_hd__or2_1)
     2    0.00    0.06    0.23    0.78 v _075_/X (sky130_fd_sc_hd__or2_1)
                                         _034_ (net)
                  0.06    0.00    0.78 v _077_/A (sky130_fd_sc_hd__nand2_1)
     1    0.00    0.06    0.07    0.86 ^ _077_/Y (sky130_fd_sc_hd__nand2_1)
                                         _036_ (net)
                  0.06    0.00    0.86 ^ _078_/B (sky130_fd_sc_hd__xnor2_1)
     1    0.00    0.10    0.10    0.96 ^ _078_/Y (sky130_fd_sc_hd__xnor2_1)
                                         sum_d[0] (net)
                  0.10    0.00    0.96 ^ _205_/D (sky130_fd_sc_hd__dfxtp_1)
                                  0.96   data arrival time

                          5.00    5.00   clock core_clock (rise edge)
                          0.00    5.00   clock source latency
     1    0.01    0.00    0.00    5.00 ^ clk (in)
                                         clk (net)
                  0.00    0.00    5.00 ^ clkbuf_0_clk/A (sky130_fd_sc_hd__clkbuf_16)
     4    0.03    0.05    0.12    5.12 ^ clkbuf_0_clk/X (sky130_fd_sc_hd__clkbuf_16)
                                         clknet_0_clk (net)
                  0.05    0.00    5.12 ^ clkbuf_2_0__f_clk/A (sky130_fd_sc_hd__clkbuf_16)
    14    0.03    0.05    0.14    5.26 ^ clkbuf_2_0__f_clk/X (sky130_fd_sc_hd__clkbuf_16)
                                         clknet_2_0__leaf_clk (net)
                  0.05    0.00    5.26 ^ _205_/CLK (sky130_fd_sc_hd__dfxtp_1)
                          0.00    5.26   clock reconvergence pessimism
                         -0.06    5.19   library setup time
                                  5.19   data required time
-----------------------------------------------------------------------------
                                  5.19   data required time
                                 -0.96   data arrival time
-----------------------------------------------------------------------------
                                  4.24   slack (MET)



worst slack corner Typical: 2.6882
