
===========================================================================
report_checks -path_delay max (Setup)
============================================================================
======================= Typical Corner ===================================

Startpoint: _165_ (rising edge-triggered flip-flop clocked by core_clock)
Endpoint: _157_ (rising edge-triggered flip-flop clocked by core_clock)
Path Group: core_clock
Path Type: max

Fanout     Cap    Slew   Delay    Time   Description
-----------------------------------------------------------------------------
                  0.00    0.00    0.00   clock core_clock (rise edge)
                          0.00    0.00   clock network delay (ideal)
                  0.00    0.00    0.00 ^ _165_/CLK (sky130_fd_sc_hd__dfxtp_1)
     2    0.00    0.03    0.28    0.28 v _165_/Q (sky130_fd_sc_hd__dfxtp_1)
                                         x12.A (net)
                  0.03    0.00    0.28 v _084_/B (sky130_fd_sc_hd__and2_1)
     2    0.00    0.04    0.15    0.43 v _084_/X (sky130_fd_sc_hd__and2_1)
                                         _035_ (net)
                  0.04    0.00    0.43 v _086_/A (sky130_fd_sc_hd__or2b_1)
     3    0.01    0.07    0.24    0.67 v _086_/X (sky130_fd_sc_hd__or2b_1)
                                         _037_ (net)
                  0.07    0.00    0.67 v _088_/B (sky130_fd_sc_hd__nor3b_1)
     2    0.01    0.23    0.23    0.91 ^ _088_/Y (sky130_fd_sc_hd__nor3b_1)
                                         _039_ (net)
                  0.23    0.00    0.91 ^ _094_/A2 (sky130_fd_sc_hd__a21oi_1)
     3    0.01    0.08    0.13    1.04 v _094_/Y (sky130_fd_sc_hd__a21oi_1)
                                         _045_ (net)
                  0.08    0.00    1.04 v _100_/A (sky130_fd_sc_hd__or4_1)
     2    0.01    0.10    0.55    1.58 v _100_/X (sky130_fd_sc_hd__or4_1)
                                         _051_ (net)
                  0.10    0.00    1.58 v _105_/A2 (sky130_fd_sc_hd__a211oi_1)
     3    0.01    0.29    0.32    1.91 ^ _105_/Y (sky130_fd_sc_hd__a211oi_1)
                                         _056_ (net)
                  0.29    0.00    1.91 ^ _139_/A1_N (sky130_fd_sc_hd__a2bb2o_1)
     1    0.00    0.05    0.32    2.22 v _139_/X (sky130_fd_sc_hd__a2bb2o_1)
                                         _012_ (net)
                  0.05    0.00    2.22 v _140_/B1 (sky130_fd_sc_hd__o21a_1)
     1    0.00    0.04    0.11    2.33 v _140_/X (sky130_fd_sc_hd__o21a_1)
                                         x77.S (net)
                  0.04    0.00    2.33 v _157_/D (sky130_fd_sc_hd__dfxtp_1)
                                  2.33   data arrival time

                  0.00    2.60    2.60   clock core_clock (rise edge)
                          0.00    2.60   clock network delay (ideal)
                          0.00    2.60   clock reconvergence pessimism
                                  2.60 ^ _157_/CLK (sky130_fd_sc_hd__dfxtp_1)
                         -0.12    2.48   library setup time
                                  2.48   data required time
-----------------------------------------------------------------------------
                                  2.48   data required time
                                 -2.33   data arrival time
-----------------------------------------------------------------------------
                                  0.15   slack (MET)


Startpoint: _165_ (rising edge-triggered flip-flop clocked by core_clock)
Endpoint: _158_ (rising edge-triggered flip-flop clocked by core_clock)
Path Group: core_clock
Path Type: max

Fanout     Cap    Slew   Delay    Time   Description
-----------------------------------------------------------------------------
                  0.00    0.00    0.00   clock core_clock (rise edge)
                          0.00    0.00   clock network delay (ideal)
                  0.00    0.00    0.00 ^ _165_/CLK (sky130_fd_sc_hd__dfxtp_1)
     2    0.00    0.03    0.28    0.28 v _165_/Q (sky130_fd_sc_hd__dfxtp_1)
                                         x12.A (net)
                  0.03    0.00    0.28 v _084_/B (sky130_fd_sc_hd__and2_1)
     2    0.00    0.04    0.15    0.43 v _084_/X (sky130_fd_sc_hd__and2_1)
                                         _035_ (net)
                  0.04    0.00    0.43 v _086_/A (sky130_fd_sc_hd__or2b_1)
     3    0.01    0.07    0.24    0.67 v _086_/X (sky130_fd_sc_hd__or2b_1)
                                         _037_ (net)
                  0.07    0.00    0.67 v _088_/B (sky130_fd_sc_hd__nor3b_1)
     2    0.01    0.23    0.23    0.91 ^ _088_/Y (sky130_fd_sc_hd__nor3b_1)
                                         _039_ (net)
                  0.23    0.00    0.91 ^ _094_/A2 (sky130_fd_sc_hd__a21oi_1)
     3    0.01    0.08    0.13    1.04 v _094_/Y (sky130_fd_sc_hd__a21oi_1)
                                         _045_ (net)
                  0.08    0.00    1.04 v _100_/A (sky130_fd_sc_hd__or4_1)
     2    0.01    0.10    0.55    1.58 v _100_/X (sky130_fd_sc_hd__or4_1)
                                         _051_ (net)
                  0.10    0.00    1.58 v _105_/A2 (sky130_fd_sc_hd__a211oi_1)
     3    0.01    0.29    0.32    1.91 ^ _105_/Y (sky130_fd_sc_hd__a211oi_1)
                                         _056_ (net)
                  0.29    0.00    1.91 ^ _111_/A1 (sky130_fd_sc_hd__o32a_1)
     1    0.00    0.05    0.21    2.11 ^ _111_/X (sky130_fd_sc_hd__o32a_1)
                                         _062_ (net)
                  0.05    0.00    2.11 ^ _112_/A (sky130_fd_sc_hd__clkbuf_1)
     2    0.00    0.07    0.10    2.21 ^ _112_/X (sky130_fd_sc_hd__clkbuf_1)
                                         x62.C (net)
                  0.07    0.00    2.21 ^ _142_/A2 (sky130_fd_sc_hd__a21boi_1)
     1    0.00    0.04    0.06    2.27 v _142_/Y (sky130_fd_sc_hd__a21boi_1)
                                         x78.S (net)
                  0.04    0.00    2.27 v _158_/D (sky130_fd_sc_hd__dfxtp_1)
                                  2.27   data arrival time

                  0.00    2.60    2.60   clock core_clock (rise edge)
                          0.00    2.60   clock network delay (ideal)
                          0.00    2.60   clock reconvergence pessimism
                                  2.60 ^ _158_/CLK (sky130_fd_sc_hd__dfxtp_1)
                         -0.12    2.48   library setup time
                                  2.48   data required time
-----------------------------------------------------------------------------
                                  2.48   data required time
                                 -2.27   data arrival time
-----------------------------------------------------------------------------
                                  0.21   slack (MET)


Startpoint: _165_ (rising edge-triggered flip-flop clocked by core_clock)
Endpoint: _156_ (rising edge-triggered flip-flop clocked by core_clock)
Path Group: core_clock
Path Type: max

Fanout     Cap    Slew   Delay    Time   Description
-----------------------------------------------------------------------------
                  0.00    0.00    0.00   clock core_clock (rise edge)
                          0.00    0.00   clock network delay (ideal)
                  0.00    0.00    0.00 ^ _165_/CLK (sky130_fd_sc_hd__dfxtp_1)
     2    0.00    0.03    0.28    0.28 v _165_/Q (sky130_fd_sc_hd__dfxtp_1)
                                         x12.A (net)
                  0.03    0.00    0.28 v _084_/B (sky130_fd_sc_hd__and2_1)
     2    0.00    0.04    0.15    0.43 v _084_/X (sky130_fd_sc_hd__and2_1)
                                         _035_ (net)
                  0.04    0.00    0.43 v _086_/A (sky130_fd_sc_hd__or2b_1)
     3    0.01    0.07    0.24    0.67 v _086_/X (sky130_fd_sc_hd__or2b_1)
                                         _037_ (net)
                  0.07    0.00    0.67 v _088_/B (sky130_fd_sc_hd__nor3b_1)
     2    0.01    0.23    0.23    0.91 ^ _088_/Y (sky130_fd_sc_hd__nor3b_1)
                                         _039_ (net)
                  0.23    0.00    0.91 ^ _094_/A2 (sky130_fd_sc_hd__a21oi_1)
     3    0.01    0.08    0.13    1.04 v _094_/Y (sky130_fd_sc_hd__a21oi_1)
                                         _045_ (net)
                  0.08    0.00    1.04 v _100_/A (sky130_fd_sc_hd__or4_1)
     2    0.01    0.10    0.55    1.58 v _100_/X (sky130_fd_sc_hd__or4_1)
                                         _051_ (net)
                  0.10    0.00    1.58 v _105_/A2 (sky130_fd_sc_hd__a211oi_1)
     3    0.01    0.29    0.32    1.91 ^ _105_/Y (sky130_fd_sc_hd__a211oi_1)
                                         _056_ (net)
                  0.29    0.00    1.91 ^ _138_/A2_N (sky130_fd_sc_hd__a2bb2o_1)
     1    0.01    0.06    0.33    2.23 v _138_/X (sky130_fd_sc_hd__a2bb2o_1)
                                         x76.S (net)
                  0.06    0.00    2.23 v _156_/D (sky130_fd_sc_hd__dfxtp_1)
                                  2.23   data arrival time

                  0.00    2.60    2.60   clock core_clock (rise edge)
                          0.00    2.60   clock network delay (ideal)
                          0.00    2.60   clock reconvergence pessimism
                                  2.60 ^ _156_/CLK (sky130_fd_sc_hd__dfxtp_1)
                         -0.13    2.47   library setup time
                                  2.47   data required time
-----------------------------------------------------------------------------
                                  2.47   data required time
                                 -2.23   data arrival time
-----------------------------------------------------------------------------
                                  0.24   slack (MET)


Startpoint: _165_ (rising edge-triggered flip-flop clocked by core_clock)
Endpoint: _159_ (rising edge-triggered flip-flop clocked by core_clock)
Path Group: core_clock
Path Type: max

Fanout     Cap    Slew   Delay    Time   Description
-----------------------------------------------------------------------------
                  0.00    0.00    0.00   clock core_clock (rise edge)
                          0.00    0.00   clock network delay (ideal)
                  0.00    0.00    0.00 ^ _165_/CLK (sky130_fd_sc_hd__dfxtp_1)
     2    0.00    0.03    0.28    0.28 v _165_/Q (sky130_fd_sc_hd__dfxtp_1)
                                         x12.A (net)
                  0.03    0.00    0.28 v _084_/B (sky130_fd_sc_hd__and2_1)
     2    0.00    0.04    0.15    0.43 v _084_/X (sky130_fd_sc_hd__and2_1)
                                         _035_ (net)
                  0.04    0.00    0.43 v _086_/A (sky130_fd_sc_hd__or2b_1)
     3    0.01    0.07    0.24    0.67 v _086_/X (sky130_fd_sc_hd__or2b_1)
                                         _037_ (net)
                  0.07    0.00    0.67 v _088_/B (sky130_fd_sc_hd__nor3b_1)
     2    0.01    0.23    0.23    0.91 ^ _088_/Y (sky130_fd_sc_hd__nor3b_1)
                                         _039_ (net)
                  0.23    0.00    0.91 ^ _094_/A2 (sky130_fd_sc_hd__a21oi_1)
     3    0.01    0.08    0.13    1.04 v _094_/Y (sky130_fd_sc_hd__a21oi_1)
                                         _045_ (net)
                  0.08    0.00    1.04 v _100_/A (sky130_fd_sc_hd__or4_1)
     2    0.01    0.10    0.55    1.58 v _100_/X (sky130_fd_sc_hd__or4_1)
                                         _051_ (net)
                  0.10    0.00    1.58 v _105_/A2 (sky130_fd_sc_hd__a211oi_1)
     3    0.01    0.29    0.32    1.91 ^ _105_/Y (sky130_fd_sc_hd__a211oi_1)
                                         _056_ (net)
                  0.29    0.00    1.91 ^ _111_/A1 (sky130_fd_sc_hd__o32a_1)
     1    0.00    0.05    0.21    2.11 ^ _111_/X (sky130_fd_sc_hd__o32a_1)
                                         _062_ (net)
                  0.05    0.00    2.11 ^ _112_/A (sky130_fd_sc_hd__clkbuf_1)
     2    0.00    0.07    0.10    2.21 ^ _112_/X (sky130_fd_sc_hd__clkbuf_1)
                                         x62.C (net)
                  0.07    0.00    2.21 ^ _159_/D (sky130_fd_sc_hd__dfxtp_1)
                                  2.21   data arrival time

                  0.00    2.60    2.60   clock core_clock (rise edge)
                          0.00    2.60   clock network delay (ideal)
                          0.00    2.60   clock reconvergence pessimism
                                  2.60 ^ _159_/CLK (sky130_fd_sc_hd__dfxtp_1)
                         -0.07    2.53   library setup time
                                  2.53   data required time
-----------------------------------------------------------------------------
                                  2.53   data required time
                                 -2.21   data arrival time
-----------------------------------------------------------------------------
                                  0.33   slack (MET)


Startpoint: _165_ (rising edge-triggered flip-flop clocked by core_clock)
Endpoint: _154_ (rising edge-triggered flip-flop clocked by core_clock)
Path Group: core_clock
Path Type: max

Fanout     Cap    Slew   Delay    Time   Description
-----------------------------------------------------------------------------
                  0.00    0.00    0.00   clock core_clock (rise edge)
                          0.00    0.00   clock network delay (ideal)
                  0.00    0.00    0.00 ^ _165_/CLK (sky130_fd_sc_hd__dfxtp_1)
     2    0.00    0.03    0.28    0.28 v _165_/Q (sky130_fd_sc_hd__dfxtp_1)
                                         x12.A (net)
                  0.03    0.00    0.28 v _084_/B (sky130_fd_sc_hd__and2_1)
     2    0.00    0.04    0.15    0.43 v _084_/X (sky130_fd_sc_hd__and2_1)
                                         _035_ (net)
                  0.04    0.00    0.43 v _086_/A (sky130_fd_sc_hd__or2b_1)
     3    0.01    0.07    0.24    0.67 v _086_/X (sky130_fd_sc_hd__or2b_1)
                                         _037_ (net)
                  0.07    0.00    0.67 v _088_/B (sky130_fd_sc_hd__nor3b_1)
     2    0.01    0.23    0.23    0.91 ^ _088_/Y (sky130_fd_sc_hd__nor3b_1)
                                         _039_ (net)
                  0.23    0.00    0.91 ^ _094_/A2 (sky130_fd_sc_hd__a21oi_1)
     3    0.01    0.08    0.13    1.04 v _094_/Y (sky130_fd_sc_hd__a21oi_1)
                                         _045_ (net)
                  0.08    0.00    1.04 v _100_/A (sky130_fd_sc_hd__or4_1)
     2    0.01    0.10    0.55    1.58 v _100_/X (sky130_fd_sc_hd__or4_1)
                                         _051_ (net)
                  0.10    0.00    1.58 v _134_/B (sky130_fd_sc_hd__nand2_1)
     2    0.01    0.07    0.10    1.68 ^ _134_/Y (sky130_fd_sc_hd__nand2_1)
                                         _010_ (net)
                  0.07    0.00    1.68 ^ _135_/A2 (sky130_fd_sc_hd__a21oi_1)
     1    0.00    0.05    0.07    1.75 v _135_/Y (sky130_fd_sc_hd__a21oi_1)
                                         x74.S (net)
                  0.05    0.00    1.75 v _154_/D (sky130_fd_sc_hd__dfxtp_1)
                                  1.75   data arrival time

                  0.00    2.60    2.60   clock core_clock (rise edge)
                          0.00    2.60   clock network delay (ideal)
                          0.00    2.60   clock reconvergence pessimism
                                  2.60 ^ _154_/CLK (sky130_fd_sc_hd__dfxtp_1)
                         -0.12    2.48   library setup time
                                  2.48   data required time
-----------------------------------------------------------------------------
                                  2.48   data required time
                                 -1.75   data arrival time
-----------------------------------------------------------------------------
                                  0.72   slack (MET)


Startpoint: _165_ (rising edge-triggered flip-flop clocked by core_clock)
Endpoint: _155_ (rising edge-triggered flip-flop clocked by core_clock)
Path Group: core_clock
Path Type: max

Fanout     Cap    Slew   Delay    Time   Description
-----------------------------------------------------------------------------
                  0.00    0.00    0.00   clock core_clock (rise edge)
                          0.00    0.00   clock network delay (ideal)
                  0.00    0.00    0.00 ^ _165_/CLK (sky130_fd_sc_hd__dfxtp_1)
     2    0.00    0.03    0.28    0.28 v _165_/Q (sky130_fd_sc_hd__dfxtp_1)
                                         x12.A (net)
                  0.03    0.00    0.28 v _084_/B (sky130_fd_sc_hd__and2_1)
     2    0.00    0.04    0.15    0.43 v _084_/X (sky130_fd_sc_hd__and2_1)
                                         _035_ (net)
                  0.04    0.00    0.43 v _086_/A (sky130_fd_sc_hd__or2b_1)
     3    0.01    0.07    0.24    0.67 v _086_/X (sky130_fd_sc_hd__or2b_1)
                                         _037_ (net)
                  0.07    0.00    0.67 v _088_/B (sky130_fd_sc_hd__nor3b_1)
     2    0.01    0.23    0.23    0.91 ^ _088_/Y (sky130_fd_sc_hd__nor3b_1)
                                         _039_ (net)
                  0.23    0.00    0.91 ^ _094_/A2 (sky130_fd_sc_hd__a21oi_1)
     3    0.01    0.08    0.13    1.04 v _094_/Y (sky130_fd_sc_hd__a21oi_1)
                                         _045_ (net)
                  0.08    0.00    1.04 v _100_/A (sky130_fd_sc_hd__or4_1)
     2    0.01    0.10    0.55    1.58 v _100_/X (sky130_fd_sc_hd__or4_1)
                                         _051_ (net)
                  0.10    0.00    1.58 v _134_/B (sky130_fd_sc_hd__nand2_1)
     2    0.01    0.07    0.10    1.68 ^ _134_/Y (sky130_fd_sc_hd__nand2_1)
                                         _010_ (net)
                  0.07    0.00    1.68 ^ _137_/A1 (sky130_fd_sc_hd__o21ai_1)
     1    0.00    0.04    0.07    1.76 v _137_/Y (sky130_fd_sc_hd__o21ai_1)
                                         x75.S (net)
                  0.04    0.00    1.76 v _155_/D (sky130_fd_sc_hd__dfxtp_1)
                                  1.76   data arrival time

                  0.00    2.60    2.60   clock core_clock (rise edge)
                          0.00    2.60   clock network delay (ideal)
                          0.00    2.60   clock reconvergence pessimism
                                  2.60 ^ _155_/CLK (sky130_fd_sc_hd__dfxtp_1)
                         -0.12    2.48   library setup time
                                  2.48   data required time
-----------------------------------------------------------------------------
                                  2.48   data required time
                                 -1.76   data arrival time
-----------------------------------------------------------------------------
                                  0.72   slack (MET)


Startpoint: _177_ (rising edge-triggered flip-flop clocked by core_clock)
Endpoint: _153_ (rising edge-triggered flip-flop clocked by core_clock)
Path Group: core_clock
Path Type: max

Fanout     Cap    Slew   Delay    Time   Description
-----------------------------------------------------------------------------
                  0.00    0.00    0.00   clock core_clock (rise edge)
                          0.00    0.00   clock network delay (ideal)
                  0.00    0.00    0.00 ^ _177_/CLK (sky130_fd_sc_hd__dfxtp_1)
     4    0.01    0.06    0.31    0.31 v _177_/Q (sky130_fd_sc_hd__dfxtp_1)
                                         x4.B (net)
                  0.06    0.00    0.31 v _078_/A1 (sky130_fd_sc_hd__o221a_1)
     2    0.00    0.05    0.27    0.58 v _078_/X (sky130_fd_sc_hd__o221a_1)
                                         _029_ (net)
                  0.05    0.00    0.58 v _080_/B2 (sky130_fd_sc_hd__a221o_1)
     1    0.00    0.05    0.31    0.89 v _080_/X (sky130_fd_sc_hd__a221o_1)
                                         _031_ (net)
                  0.05    0.00    0.89 v _082_/B2 (sky130_fd_sc_hd__o221a_1)
     4    0.01    0.08    0.25    1.14 v _082_/X (sky130_fd_sc_hd__o221a_1)
                                         _033_ (net)
                  0.08    0.00    1.14 v _094_/A1 (sky130_fd_sc_hd__a21oi_1)
     3    0.01    0.18    0.19    1.32 ^ _094_/Y (sky130_fd_sc_hd__a21oi_1)
                                         _045_ (net)
                  0.18    0.00    1.32 ^ _130_/A (sky130_fd_sc_hd__or3_1)
     1    0.00    0.04    0.14    1.46 ^ _130_/X (sky130_fd_sc_hd__or3_1)
                                         _008_ (net)
                  0.04    0.00    1.46 ^ _131_/A (sky130_fd_sc_hd__nand2_1)
     2    0.01    0.05    0.05    1.52 v _131_/Y (sky130_fd_sc_hd__nand2_1)
                                         _009_ (net)
                  0.05    0.00    1.52 v _133_/A2 (sky130_fd_sc_hd__a21oi_1)
     1    0.00    0.11    0.14    1.66 ^ _133_/Y (sky130_fd_sc_hd__a21oi_1)
                                         x73.S (net)
                  0.11    0.00    1.66 ^ _153_/D (sky130_fd_sc_hd__dfxtp_1)
                                  1.66   data arrival time

                  0.00    2.60    2.60   clock core_clock (rise edge)
                          0.00    2.60   clock network delay (ideal)
                          0.00    2.60   clock reconvergence pessimism
                                  2.60 ^ _153_/CLK (sky130_fd_sc_hd__dfxtp_1)
                         -0.08    2.52   library setup time
                                  2.52   data required time
-----------------------------------------------------------------------------
                                  2.52   data required time
                                 -1.66   data arrival time
-----------------------------------------------------------------------------
                                  0.87   slack (MET)


Startpoint: _177_ (rising edge-triggered flip-flop clocked by core_clock)
Endpoint: _152_ (rising edge-triggered flip-flop clocked by core_clock)
Path Group: core_clock
Path Type: max

Fanout     Cap    Slew   Delay    Time   Description
-----------------------------------------------------------------------------
                  0.00    0.00    0.00   clock core_clock (rise edge)
                          0.00    0.00   clock network delay (ideal)
                  0.00    0.00    0.00 ^ _177_/CLK (sky130_fd_sc_hd__dfxtp_1)
     4    0.01    0.06    0.31    0.31 v _177_/Q (sky130_fd_sc_hd__dfxtp_1)
                                         x4.B (net)
                  0.06    0.00    0.31 v _078_/A1 (sky130_fd_sc_hd__o221a_1)
     2    0.00    0.05    0.27    0.58 v _078_/X (sky130_fd_sc_hd__o221a_1)
                                         _029_ (net)
                  0.05    0.00    0.58 v _080_/B2 (sky130_fd_sc_hd__a221o_1)
     1    0.00    0.05    0.31    0.89 v _080_/X (sky130_fd_sc_hd__a221o_1)
                                         _031_ (net)
                  0.05    0.00    0.89 v _082_/B2 (sky130_fd_sc_hd__o221a_1)
     4    0.01    0.08    0.25    1.14 v _082_/X (sky130_fd_sc_hd__o221a_1)
                                         _033_ (net)
                  0.08    0.00    1.14 v _094_/A1 (sky130_fd_sc_hd__a21oi_1)
     3    0.01    0.18    0.19    1.32 ^ _094_/Y (sky130_fd_sc_hd__a21oi_1)
                                         _045_ (net)
                  0.18    0.00    1.32 ^ _130_/A (sky130_fd_sc_hd__or3_1)
     1    0.00    0.04    0.14    1.46 ^ _130_/X (sky130_fd_sc_hd__or3_1)
                                         _008_ (net)
                  0.04    0.00    1.46 ^ _131_/A (sky130_fd_sc_hd__nand2_1)
     2    0.01    0.05    0.05    1.52 v _131_/Y (sky130_fd_sc_hd__nand2_1)
                                         _009_ (net)
                  0.05    0.00    1.52 v _132_/A2 (sky130_fd_sc_hd__o21ai_1)
     1    0.00    0.09    0.10    1.62 ^ _132_/Y (sky130_fd_sc_hd__o21ai_1)
                                         x72.S (net)
                  0.09    0.00    1.62 ^ _152_/D (sky130_fd_sc_hd__dfxtp_1)
                                  1.62   data arrival time

                  0.00    2.60    2.60   clock core_clock (rise edge)
                          0.00    2.60   clock network delay (ideal)
                          0.00    2.60   clock reconvergence pessimism
                                  2.60 ^ _152_/CLK (sky130_fd_sc_hd__dfxtp_1)
                         -0.07    2.53   library setup time
                                  2.53   data required time
-----------------------------------------------------------------------------
                                  2.53   data required time
                                 -1.62   data arrival time
-----------------------------------------------------------------------------
                                  0.91   slack (MET)


Startpoint: _177_ (rising edge-triggered flip-flop clocked by core_clock)
Endpoint: _150_ (rising edge-triggered flip-flop clocked by core_clock)
Path Group: core_clock
Path Type: max

Fanout     Cap    Slew   Delay    Time   Description
-----------------------------------------------------------------------------
                  0.00    0.00    0.00   clock core_clock (rise edge)
                          0.00    0.00   clock network delay (ideal)
                  0.00    0.00    0.00 ^ _177_/CLK (sky130_fd_sc_hd__dfxtp_1)
     4    0.01    0.06    0.31    0.31 v _177_/Q (sky130_fd_sc_hd__dfxtp_1)
                                         x4.B (net)
                  0.06    0.00    0.31 v _078_/A1 (sky130_fd_sc_hd__o221a_1)
     2    0.00    0.05    0.27    0.58 v _078_/X (sky130_fd_sc_hd__o221a_1)
                                         _029_ (net)
                  0.05    0.00    0.58 v _080_/B2 (sky130_fd_sc_hd__a221o_1)
     1    0.00    0.05    0.31    0.89 v _080_/X (sky130_fd_sc_hd__a221o_1)
                                         _031_ (net)
                  0.05    0.00    0.89 v _082_/B2 (sky130_fd_sc_hd__o221a_1)
     4    0.01    0.08    0.25    1.14 v _082_/X (sky130_fd_sc_hd__o221a_1)
                                         _033_ (net)
                  0.08    0.00    1.14 v _094_/A1 (sky130_fd_sc_hd__a21oi_1)
     3    0.01    0.18    0.19    1.32 ^ _094_/Y (sky130_fd_sc_hd__a21oi_1)
                                         _045_ (net)
                  0.18    0.00    1.32 ^ _127_/A (sky130_fd_sc_hd__nor2_1)
     2    0.01    0.06    0.09    1.41 v _127_/Y (sky130_fd_sc_hd__nor2_1)
                                         _007_ (net)
                  0.06    0.00    1.41 v _128_/A2 (sky130_fd_sc_hd__a21oi_1)
     1    0.00    0.12    0.15    1.56 ^ _128_/Y (sky130_fd_sc_hd__a21oi_1)
                                         x70.S (net)
                  0.12    0.00    1.56 ^ _150_/D (sky130_fd_sc_hd__dfxtp_1)
                                  1.56   data arrival time

                  0.00    2.60    2.60   clock core_clock (rise edge)
                          0.00    2.60   clock network delay (ideal)
                          0.00    2.60   clock reconvergence pessimism
                                  2.60 ^ _150_/CLK (sky130_fd_sc_hd__dfxtp_1)
                         -0.08    2.52   library setup time
                                  2.52   data required time
-----------------------------------------------------------------------------
                                  2.52   data required time
                                 -1.56   data arrival time
-----------------------------------------------------------------------------
                                  0.96   slack (MET)


Startpoint: _177_ (rising edge-triggered flip-flop clocked by core_clock)
Endpoint: _151_ (rising edge-triggered flip-flop clocked by core_clock)
Path Group: core_clock
Path Type: max

Fanout     Cap    Slew   Delay    Time   Description
-----------------------------------------------------------------------------
                  0.00    0.00    0.00   clock core_clock (rise edge)
                          0.00    0.00   clock network delay (ideal)
                  0.00    0.00    0.00 ^ _177_/CLK (sky130_fd_sc_hd__dfxtp_1)
     4    0.01    0.06    0.31    0.31 v _177_/Q (sky130_fd_sc_hd__dfxtp_1)
                                         x4.B (net)
                  0.06    0.00    0.31 v _078_/A1 (sky130_fd_sc_hd__o221a_1)
     2    0.00    0.05    0.27    0.58 v _078_/X (sky130_fd_sc_hd__o221a_1)
                                         _029_ (net)
                  0.05    0.00    0.58 v _080_/B2 (sky130_fd_sc_hd__a221o_1)
     1    0.00    0.05    0.31    0.89 v _080_/X (sky130_fd_sc_hd__a221o_1)
                                         _031_ (net)
                  0.05    0.00    0.89 v _082_/B2 (sky130_fd_sc_hd__o221a_1)
     4    0.01    0.08    0.25    1.14 v _082_/X (sky130_fd_sc_hd__o221a_1)
                                         _033_ (net)
                  0.08    0.00    1.14 v _094_/A1 (sky130_fd_sc_hd__a21oi_1)
     3    0.01    0.18    0.19    1.32 ^ _094_/Y (sky130_fd_sc_hd__a21oi_1)
                                         _045_ (net)
                  0.18    0.00    1.32 ^ _127_/A (sky130_fd_sc_hd__nor2_1)
     2    0.01    0.06    0.09    1.41 v _127_/Y (sky130_fd_sc_hd__nor2_1)
                                         _007_ (net)
                  0.06    0.00    1.41 v _129_/A1 (sky130_fd_sc_hd__a21boi_1)
     1    0.00    0.10    0.11    1.52 ^ _129_/Y (sky130_fd_sc_hd__a21boi_1)
                                         x71.S (net)
                  0.10    0.00    1.52 ^ _151_/D (sky130_fd_sc_hd__dfxtp_1)
                                  1.52   data arrival time

                  0.00    2.60    2.60   clock core_clock (rise edge)
                          0.00    2.60   clock network delay (ideal)
                          0.00    2.60   clock reconvergence pessimism
                                  2.60 ^ _151_/CLK (sky130_fd_sc_hd__dfxtp_1)
                         -0.07    2.53   library setup time
                                  2.53   data required time
-----------------------------------------------------------------------------
                                  2.53   data required time
                                 -1.52   data arrival time
-----------------------------------------------------------------------------
                                  1.00   slack (MET)


Startpoint: _177_ (rising edge-triggered flip-flop clocked by core_clock)
Endpoint: _146_ (rising edge-triggered flip-flop clocked by core_clock)
Path Group: core_clock
Path Type: max

Fanout     Cap    Slew   Delay    Time   Description
-----------------------------------------------------------------------------
                  0.00    0.00    0.00   clock core_clock (rise edge)
                          0.00    0.00   clock network delay (ideal)
                  0.00    0.00    0.00 ^ _177_/CLK (sky130_fd_sc_hd__dfxtp_1)
     4    0.01    0.06    0.31    0.31 v _177_/Q (sky130_fd_sc_hd__dfxtp_1)
                                         x4.B (net)
                  0.06    0.00    0.31 v _078_/A1 (sky130_fd_sc_hd__o221a_1)
     2    0.00    0.05    0.27    0.58 v _078_/X (sky130_fd_sc_hd__o221a_1)
                                         _029_ (net)
                  0.05    0.00    0.58 v _080_/B2 (sky130_fd_sc_hd__a221o_1)
     1    0.00    0.05    0.31    0.89 v _080_/X (sky130_fd_sc_hd__a221o_1)
                                         _031_ (net)
                  0.05    0.00    0.89 v _082_/B2 (sky130_fd_sc_hd__o221a_1)
     4    0.01    0.08    0.25    1.14 v _082_/X (sky130_fd_sc_hd__o221a_1)
                                         _033_ (net)
                  0.08    0.00    1.14 v _120_/B1_N (sky130_fd_sc_hd__o21ba_1)
     1    0.00    0.05    0.22    1.35 ^ _120_/X (sky130_fd_sc_hd__o21ba_1)
                                         _004_ (net)
                  0.05    0.00    1.35 ^ _121_/B1 (sky130_fd_sc_hd__a21o_1)
     1    0.00    0.03    0.07    1.43 ^ _121_/X (sky130_fd_sc_hd__a21o_1)
                                         x66.S (net)
                  0.03    0.00    1.43 ^ _146_/D (sky130_fd_sc_hd__dfxtp_1)
                                  1.43   data arrival time

                  0.00    2.60    2.60   clock core_clock (rise edge)
                          0.00    2.60   clock network delay (ideal)
                          0.00    2.60   clock reconvergence pessimism
                                  2.60 ^ _146_/CLK (sky130_fd_sc_hd__dfxtp_1)
                         -0.06    2.54   library setup time
                                  2.54   data required time
-----------------------------------------------------------------------------
                                  2.54   data required time
                                 -1.43   data arrival time
-----------------------------------------------------------------------------
                                  1.12   slack (MET)


Startpoint: _177_ (rising edge-triggered flip-flop clocked by core_clock)
Endpoint: _148_ (rising edge-triggered flip-flop clocked by core_clock)
Path Group: core_clock
Path Type: max

Fanout     Cap    Slew   Delay    Time   Description
-----------------------------------------------------------------------------
                  0.00    0.00    0.00   clock core_clock (rise edge)
                          0.00    0.00   clock network delay (ideal)
                  0.00    0.00    0.00 ^ _177_/CLK (sky130_fd_sc_hd__dfxtp_1)
     4    0.01    0.06    0.31    0.31 v _177_/Q (sky130_fd_sc_hd__dfxtp_1)
                                         x4.B (net)
                  0.06    0.00    0.31 v _078_/A1 (sky130_fd_sc_hd__o221a_1)
     2    0.00    0.05    0.27    0.58 v _078_/X (sky130_fd_sc_hd__o221a_1)
                                         _029_ (net)
                  0.05    0.00    0.58 v _080_/B2 (sky130_fd_sc_hd__a221o_1)
     1    0.00    0.05    0.31    0.89 v _080_/X (sky130_fd_sc_hd__a221o_1)
                                         _031_ (net)
                  0.05    0.00    0.89 v _082_/B2 (sky130_fd_sc_hd__o221a_1)
     4    0.01    0.08    0.25    1.14 v _082_/X (sky130_fd_sc_hd__o221a_1)
                                         _033_ (net)
                  0.08    0.00    1.14 v _123_/A (sky130_fd_sc_hd__nand2_1)
     2    0.01    0.07    0.09    1.22 ^ _123_/Y (sky130_fd_sc_hd__nand2_1)
                                         _005_ (net)
                  0.07    0.00    1.22 ^ _124_/A3 (sky130_fd_sc_hd__a31o_1)
     1    0.00    0.04    0.14    1.36 ^ _124_/X (sky130_fd_sc_hd__a31o_1)
                                         x68.S (net)
                  0.04    0.00    1.36 ^ _148_/D (sky130_fd_sc_hd__dfxtp_1)
                                  1.36   data arrival time

                  0.00    2.60    2.60   clock core_clock (rise edge)
                          0.00    2.60   clock network delay (ideal)
                          0.00    2.60   clock reconvergence pessimism
                                  2.60 ^ _148_/CLK (sky130_fd_sc_hd__dfxtp_1)
                         -0.06    2.54   library setup time
                                  2.54   data required time
-----------------------------------------------------------------------------
                                  2.54   data required time
                                 -1.36   data arrival time
-----------------------------------------------------------------------------
                                  1.18   slack (MET)


Startpoint: _177_ (rising edge-triggered flip-flop clocked by core_clock)
Endpoint: _149_ (rising edge-triggered flip-flop clocked by core_clock)
Path Group: core_clock
Path Type: max

Fanout     Cap    Slew   Delay    Time   Description
-----------------------------------------------------------------------------
                  0.00    0.00    0.00   clock core_clock (rise edge)
                          0.00    0.00   clock network delay (ideal)
                  0.00    0.00    0.00 ^ _177_/CLK (sky130_fd_sc_hd__dfxtp_1)
     4    0.01    0.06    0.31    0.31 v _177_/Q (sky130_fd_sc_hd__dfxtp_1)
                                         x4.B (net)
                  0.06    0.00    0.31 v _078_/A1 (sky130_fd_sc_hd__o221a_1)
     2    0.00    0.05    0.27    0.58 v _078_/X (sky130_fd_sc_hd__o221a_1)
                                         _029_ (net)
                  0.05    0.00    0.58 v _080_/B2 (sky130_fd_sc_hd__a221o_1)
     1    0.00    0.05    0.31    0.89 v _080_/X (sky130_fd_sc_hd__a221o_1)
                                         _031_ (net)
                  0.05    0.00    0.89 v _082_/B2 (sky130_fd_sc_hd__o221a_1)
     4    0.01    0.08    0.25    1.14 v _082_/X (sky130_fd_sc_hd__o221a_1)
                                         _033_ (net)
                  0.08    0.00    1.14 v _123_/A (sky130_fd_sc_hd__nand2_1)
     2    0.01    0.07    0.09    1.22 ^ _123_/Y (sky130_fd_sc_hd__nand2_1)
                                         _005_ (net)
                  0.07    0.00    1.22 ^ _126_/A1 (sky130_fd_sc_hd__a21bo_1)
     1    0.00    0.04    0.11    1.33 ^ _126_/X (sky130_fd_sc_hd__a21bo_1)
                                         x69.S (net)
                  0.04    0.00    1.33 ^ _149_/D (sky130_fd_sc_hd__dfxtp_1)
                                  1.33   data arrival time

                  0.00    2.60    2.60   clock core_clock (rise edge)
                          0.00    2.60   clock network delay (ideal)
                          0.00    2.60   clock reconvergence pessimism
                                  2.60 ^ _149_/CLK (sky130_fd_sc_hd__dfxtp_1)
                         -0.06    2.54   library setup time
                                  2.54   data required time
-----------------------------------------------------------------------------
                                  2.54   data required time
                                 -1.33   data arrival time
-----------------------------------------------------------------------------
                                  1.21   slack (MET)


Startpoint: _177_ (rising edge-triggered flip-flop clocked by core_clock)
Endpoint: _147_ (rising edge-triggered flip-flop clocked by core_clock)
Path Group: core_clock
Path Type: max

Fanout     Cap    Slew   Delay    Time   Description
-----------------------------------------------------------------------------
                  0.00    0.00    0.00   clock core_clock (rise edge)
                          0.00    0.00   clock network delay (ideal)
                  0.00    0.00    0.00 ^ _177_/CLK (sky130_fd_sc_hd__dfxtp_1)
     4    0.01    0.06    0.31    0.31 v _177_/Q (sky130_fd_sc_hd__dfxtp_1)
                                         x4.B (net)
                  0.06    0.00    0.31 v _078_/A1 (sky130_fd_sc_hd__o221a_1)
     2    0.00    0.05    0.27    0.58 v _078_/X (sky130_fd_sc_hd__o221a_1)
                                         _029_ (net)
                  0.05    0.00    0.58 v _080_/B2 (sky130_fd_sc_hd__a221o_1)
     1    0.00    0.05    0.31    0.89 v _080_/X (sky130_fd_sc_hd__a221o_1)
                                         _031_ (net)
                  0.05    0.00    0.89 v _082_/B2 (sky130_fd_sc_hd__o221a_1)
     4    0.01    0.08    0.25    1.14 v _082_/X (sky130_fd_sc_hd__o221a_1)
                                         _033_ (net)
                  0.08    0.00    1.14 v _122_/A1 (sky130_fd_sc_hd__a21oi_1)
     1    0.00    0.10    0.13    1.26 ^ _122_/Y (sky130_fd_sc_hd__a21oi_1)
                                         x67.S (net)
                  0.10    0.00    1.26 ^ _147_/D (sky130_fd_sc_hd__dfxtp_1)
                                  1.26   data arrival time

                  0.00    2.60    2.60   clock core_clock (rise edge)
                          0.00    2.60   clock network delay (ideal)
                          0.00    2.60   clock reconvergence pessimism
                                  2.60 ^ _147_/CLK (sky130_fd_sc_hd__dfxtp_1)
                         -0.07    2.53   library setup time
                                  2.53   data required time
-----------------------------------------------------------------------------
                                  2.53   data required time
                                 -1.26   data arrival time
-----------------------------------------------------------------------------
                                  1.26   slack (MET)


Startpoint: _161_ (rising edge-triggered flip-flop clocked by core_clock)
Endpoint: _145_ (rising edge-triggered flip-flop clocked by core_clock)
Path Group: core_clock
Path Type: max

Fanout     Cap    Slew   Delay    Time   Description
-----------------------------------------------------------------------------
                  0.00    0.00    0.00   clock core_clock (rise edge)
                          0.00    0.00   clock network delay (ideal)
                  0.00    0.00    0.00 ^ _161_/CLK (sky130_fd_sc_hd__dfxtp_1)
     4    0.01    0.06    0.30    0.30 v _161_/Q (sky130_fd_sc_hd__dfxtp_1)
                                         x4.A (net)
                  0.06    0.00    0.30 v _075_/A2 (sky130_fd_sc_hd__a22oi_1)
     2    0.01    0.20    0.22    0.52 ^ _075_/Y (sky130_fd_sc_hd__a22oi_1)
                                         _026_ (net)
                  0.20    0.00    0.52 ^ _077_/A (sky130_fd_sc_hd__nor2_1)
     2    0.00    0.06    0.08    0.61 v _077_/Y (sky130_fd_sc_hd__nor2_1)
                                         _028_ (net)
                  0.06    0.00    0.61 v _116_/B (sky130_fd_sc_hd__or2_1)
     2    0.00    0.06    0.21    0.82 v _116_/X (sky130_fd_sc_hd__or2_1)
                                         _002_ (net)
                  0.06    0.00    0.82 v _118_/B1_N (sky130_fd_sc_hd__o21ba_1)
     1    0.00    0.05    0.21    1.03 ^ _118_/X (sky130_fd_sc_hd__o21ba_1)
                                         _003_ (net)
                  0.05    0.00    1.03 ^ _119_/B1 (sky130_fd_sc_hd__a21o_1)
     1    0.00    0.04    0.08    1.11 ^ _119_/X (sky130_fd_sc_hd__a21o_1)
                                         x65.S (net)
                  0.04    0.00    1.11 ^ _145_/D (sky130_fd_sc_hd__dfxtp_1)
                                  1.11   data arrival time

                  0.00    2.60    2.60   clock core_clock (rise edge)
                          0.00    2.60   clock network delay (ideal)
                          0.00    2.60   clock reconvergence pessimism
                                  2.60 ^ _145_/CLK (sky130_fd_sc_hd__dfxtp_1)
                         -0.06    2.54   library setup time
                                  2.54   data required time
-----------------------------------------------------------------------------
                                  2.54   data required time
                                 -1.11   data arrival time
-----------------------------------------------------------------------------
                                  1.43   slack (MET)


Startpoint: _161_ (rising edge-triggered flip-flop clocked by core_clock)
Endpoint: _144_ (rising edge-triggered flip-flop clocked by core_clock)
Path Group: core_clock
Path Type: max

Fanout     Cap    Slew   Delay    Time   Description
-----------------------------------------------------------------------------
                  0.00    0.00    0.00   clock core_clock (rise edge)
                          0.00    0.00   clock network delay (ideal)
                  0.00    0.00    0.00 ^ _161_/CLK (sky130_fd_sc_hd__dfxtp_1)
     4    0.01    0.06    0.30    0.30 v _161_/Q (sky130_fd_sc_hd__dfxtp_1)
                                         x4.A (net)
                  0.06    0.00    0.30 v _075_/A2 (sky130_fd_sc_hd__a22oi_1)
     2    0.01    0.20    0.22    0.52 ^ _075_/Y (sky130_fd_sc_hd__a22oi_1)
                                         _026_ (net)
                  0.20    0.00    0.52 ^ _077_/A (sky130_fd_sc_hd__nor2_1)
     2    0.00    0.06    0.08    0.61 v _077_/Y (sky130_fd_sc_hd__nor2_1)
                                         _028_ (net)
                  0.06    0.00    0.61 v _116_/B (sky130_fd_sc_hd__or2_1)
     2    0.00    0.06    0.21    0.82 v _116_/X (sky130_fd_sc_hd__or2_1)
                                         _002_ (net)
                  0.06    0.00    0.82 v _117_/A2 (sky130_fd_sc_hd__a21oi_1)
     1    0.00    0.13    0.16    0.98 ^ _117_/Y (sky130_fd_sc_hd__a21oi_1)
                                         x64.S (net)
                  0.13    0.00    0.98 ^ _144_/D (sky130_fd_sc_hd__dfxtp_1)
                                  0.98   data arrival time

                  0.00    2.60    2.60   clock core_clock (rise edge)
                          0.00    2.60   clock network delay (ideal)
                          0.00    2.60   clock reconvergence pessimism
                                  2.60 ^ _144_/CLK (sky130_fd_sc_hd__dfxtp_1)
                         -0.08    2.52   library setup time
                                  2.52   data required time
-----------------------------------------------------------------------------
                                  2.52   data required time
                                 -0.98   data arrival time
-----------------------------------------------------------------------------
                                  1.54   slack (MET)


Startpoint: _176_ (rising edge-triggered flip-flop clocked by core_clock)
Endpoint: _143_ (rising edge-triggered flip-flop clocked by core_clock)
Path Group: core_clock
Path Type: max

Fanout     Cap    Slew   Delay    Time   Description
-----------------------------------------------------------------------------
                  0.00    0.00    0.00   clock core_clock (rise edge)
                          0.00    0.00   clock network delay (ideal)
                  0.00    0.00    0.00 ^ _176_/CLK (sky130_fd_sc_hd__dfxtp_1)
     4    0.01    0.06    0.30    0.30 v _176_/Q (sky130_fd_sc_hd__dfxtp_1)
                                         x2.B (net)
                  0.06    0.00    0.30 v _113_/A1 (sky130_fd_sc_hd__o21ba_1)
     1    0.00    0.03    0.18    0.48 v _113_/X (sky130_fd_sc_hd__o21ba_1)
                                         _000_ (net)
                  0.03    0.00    0.48 v _114_/B1 (sky130_fd_sc_hd__a21o_1)
     1    0.00    0.04    0.15    0.63 v _114_/X (sky130_fd_sc_hd__a21o_1)
                                         x63.S (net)
                  0.04    0.00    0.63 v _143_/D (sky130_fd_sc_hd__dfxtp_1)
                                  0.63   data arrival time

                  0.00    2.60    2.60   clock core_clock (rise edge)
                          0.00    2.60   clock network delay (ideal)
                          0.00    2.60   clock reconvergence pessimism
                                  2.60 ^ _143_/CLK (sky130_fd_sc_hd__dfxtp_1)
                         -0.12    2.48   library setup time
                                  2.48   data required time
-----------------------------------------------------------------------------
                                  2.48   data required time
                                 -0.63   data arrival time
-----------------------------------------------------------------------------
                                  1.85   slack (MET)



worst slack corner Typical: 0.1504
