
Circuit 1 cell sky130_fd_pr__pfet_01v8 and Circuit 2 cell sky130_fd_pr__pfet_01v8 are black boxes.
Warning: Equate pins:  cell sky130_fd_pr__pfet_01v8 is a placeholder, treated as a black box.
Warning: Equate pins:  cell sky130_fd_pr__pfet_01v8 is a placeholder, treated as a black box.

Subcircuit pins:
Circuit 1: sky130_fd_pr__pfet_01v8         |Circuit 2: sky130_fd_pr__pfet_01v8         
-------------------------------------------|-------------------------------------------
1                                          |1                                          
2                                          |2                                          
3                                          |3                                          
4                                          |4                                          
---------------------------------------------------------------------------------------
Cell pin lists are equivalent.
Device classes sky130_fd_pr__pfet_01v8 and sky130_fd_pr__pfet_01v8 are equivalent.

Circuit 1 cell sky130_fd_pr__nfet_01v8 and Circuit 2 cell sky130_fd_pr__nfet_01v8 are black boxes.
Warning: Equate pins:  cell sky130_fd_pr__nfet_01v8 is a placeholder, treated as a black box.
Warning: Equate pins:  cell sky130_fd_pr__nfet_01v8 is a placeholder, treated as a black box.

Subcircuit pins:
Circuit 1: sky130_fd_pr__nfet_01v8         |Circuit 2: sky130_fd_pr__nfet_01v8         
-------------------------------------------|-------------------------------------------
1                                          |1                                          
2                                          |2                                          
3                                          |3                                          
4                                          |4                                          
---------------------------------------------------------------------------------------
Cell pin lists are equivalent.
Device classes sky130_fd_pr__nfet_01v8 and sky130_fd_pr__nfet_01v8 are equivalent.

Class carry (0):  Merged 11 parallel devices.
Class carry (1):  Merged 11 parallel devices.
Subcircuit summary:
Circuit 1: carry                           |Circuit 2: carry                           
-------------------------------------------|-------------------------------------------
sky130_fd_pr__pfet_01v8 (16->7)            |sky130_fd_pr__pfet_01v8 (16->7)            
sky130_fd_pr__nfet_01v8 (9->7)             |sky130_fd_pr__nfet_01v8 (9->7)             
Number of devices: 14                      |Number of devices: 14                      
Number of nets: 12                         |Number of nets: 12                         
---------------------------------------------------------------------------------------
Netlists match uniquely with property errors.
sky130_fd_pr__nfet_01v8:M26 vs. sky130_fd_pr__nfet_01v8:1:
 W circuit1: 0.42   circuit2: 0.84   (delta=66.7%, cutoff=1%)
sky130_fd_pr__nfet_01v8:M30 vs. sky130_fd_pr__nfet_01v8:0:
 W circuit1: 0.42   circuit2: 0.84   (delta=66.7%, cutoff=1%)
sky130_fd_pr__nfet_01v8:M28 vs. sky130_fd_pr__nfet_01v8:2:
 W circuit1: 0.42   circuit2: 0.84   (delta=66.7%, cutoff=1%)
sky130_fd_pr__nfet_01v8:M27 vs. sky130_fd_pr__nfet_01v8:11:
 W circuit1: 0.42   circuit2: 0.84   (delta=66.7%, cutoff=1%)
sky130_fd_pr__nfet_01v8:M25 vs. sky130_fd_pr__nfet_01v8:23:
 W circuit1: 0.42   circuit2: 0.84   (delta=66.7%, cutoff=1%)
sky130_fd_pr__pfet_01v8:M11 vs. sky130_fd_pr__pfet_01v8:3:
 W circuit1: 0.42   circuit2: 0.84   (delta=66.7%, cutoff=1%)
sky130_fd_pr__pfet_01v8:M1 vs. sky130_fd_pr__pfet_01v8:9:
 W circuit1: 0.42   circuit2: 0.84   (delta=66.7%, cutoff=1%)
sky130_fd_pr__pfet_01v8:M7 vs. sky130_fd_pr__pfet_01v8:8:
 W circuit1: 0.42   circuit2: 0.84   (delta=66.7%, cutoff=1%)
sky130_fd_pr__pfet_01v8:M3 vs. sky130_fd_pr__pfet_01v8:10:
 W circuit1: 0.42   circuit2: 0.84   (delta=66.7%, cutoff=1%)
sky130_fd_pr__pfet_01v8:M13 vs. sky130_fd_pr__pfet_01v8:22:
 W circuit1: 0.42   circuit2: 0.84   (delta=66.7%, cutoff=1%)

Subcircuit pins:
Circuit 1: carry                           |Circuit 2: carry                           
-------------------------------------------|-------------------------------------------
cout_n                                     |cout_n                                     
DGND                                       |DGND                                       
DVDD                                       |DVDD                                       
bn                                         |bn                                         
an                                         |an                                         
cin                                        |cin                                        
---------------------------------------------------------------------------------------
Cell pin lists are equivalent.
Device classes carry and carry are equivalent.

Final result: Circuits match uniquely.
Property errors were found.

The following cells had property errors:
 carry
