OpenROAD b16bda7e82721d10566ff7e2b68f1ff0be9f9e38 
Features included (+) or not (-): +Charts +GPU +GUI +Python
This program is licensed under the BSD-3 license. See the LICENSE file for details.
Components of this program may be licensed under more restrictive licenses which must be honored.
Top-level design name: adder
Block boundaries: 0 0 73420 84140
Horizontal Tracks Origin: 340, Count: 124, Step: 680
Vertical Tracks Origin: 230, Count: 159, Step: 460
Placement details for the #N side
Virtual pin count:  0
Actual pin count:  16
Total pin count:  16
Tracks count:  159
Tracks per pin:  9
Used tracks count:  136
Unused track count:  23
Starting track index:  11
Placement Map:
[230, 690, 1150, 1610, 2070, 2530, 2990, 3450, 3910, 4370, 4830, [91m5290[0m, 5750, 6210, 6670, 7130, 7590, 8050, 8510, 8970, [91m9430[0m, 9890, 10350, 10810, 11270, 11730, 12190, 12650, 13110, [91m13570[0m, 14030, 14490, 14950, 15410, 15870, 16330, 16790, 17250, [91m17710[0m, 18170, 18630, 19090, 19550, 20010, 20470, 20930, 21390, [91m21850[0m, 22310, 22770, 23230, 23690, 24150, 24610, 25070, 25530, [91m25990[0m, 26450, 26910, 27370, 27830, 28290, 28750, 29210, 29670, [91m30130[0m, 30590, 31050, 31510, 31970, 32430, 32890, 33350, 33810, [91m34270[0m, 34730, 35190, 35650, 36110, 36570, 37030, 37490, 37950, [91m38410[0m, 38870, 39330, 39790, 40250, 40710, 41170, 41630, 42090, [91m42550[0m, 43010, 43470, 43930, 44390, 44850, 45310, 45770, 46230, [91m46690[0m, 47150, 47610, 48070, 48530, 48990, 49450, 49910, 50370, [91m50830[0m, 51290, 51750, 52210, 52670, 53130, 53590, 54050, 54510, [91m54970[0m, 55430, 55890, 56350, 56810, 57270, 57730, 58190, 58650, [91m59110[0m, 59570, 60030, 60490, 60950, 61410, 61870, 62330, 62790, [91m63250[0m, 63710, 64170, 64630, 65090, 65550, 66010, 66470, 66930, [91m67390[0m, 67850, 68310, 68770, 69230, 69690, 70150, 70610, 71070, 71530, 71990, 72450, 72910, ]
Indices of used tracks: [11, 20, 29, 38, 47, 56, 65, 74, 83, 92, 101, 110, 119, 128, 137, 146]
---
Placement details for the #E side
Virtual pin count:  0
Actual pin count:  2
Total pin count:  2
Tracks count:  62
Tracks per pin:  31
Used tracks count:  32
Unused track count:  30
Starting track index:  15
Placement Map:
[340, 1700, 3060, 4420, 5780, 7140, 8500, 9860, 11220, 12580, 13940, 15300, 16660, 18020, 19380, [91m20740[0m, 22100, 23460, 24820, 26180, 27540, 28900, 30260, 31620, 32980, 34340, 35700, 37060, 38420, 39780, 41140, 42500, 43860, 45220, 46580, 47940, 49300, 50660, 52020, 53380, 54740, 56100, 57460, 58820, 60180, 61540, [91m62900[0m, 64260, 65620, 66980, 68340, 69700, 71060, 72420, 73780, 75140, 76500, 77860, 79220, 80580, 81940, 83300, ]
Indices of used tracks: [15, 46]
---
Placement details for the #S side
Virtual pin count:  0
Actual pin count:  16
Total pin count:  16
Tracks count:  159
Tracks per pin:  9
Used tracks count:  136
Unused track count:  23
Starting track index:  11
Placement Map:
[230, 690, 1150, 1610, 2070, 2530, 2990, 3450, 3910, 4370, 4830, [91m5290[0m, 5750, 6210, 6670, 7130, 7590, 8050, 8510, 8970, [91m9430[0m, 9890, 10350, 10810, 11270, 11730, 12190, 12650, 13110, [91m13570[0m, 14030, 14490, 14950, 15410, 15870, 16330, 16790, 17250, [91m17710[0m, 18170, 18630, 19090, 19550, 20010, 20470, 20930, 21390, [91m21850[0m, 22310, 22770, 23230, 23690, 24150, 24610, 25070, 25530, [91m25990[0m, 26450, 26910, 27370, 27830, 28290, 28750, 29210, 29670, [91m30130[0m, 30590, 31050, 31510, 31970, 32430, 32890, 33350, 33810, [91m34270[0m, 34730, 35190, 35650, 36110, 36570, 37030, 37490, 37950, [91m38410[0m, 38870, 39330, 39790, 40250, 40710, 41170, 41630, 42090, [91m42550[0m, 43010, 43470, 43930, 44390, 44850, 45310, 45770, 46230, [91m46690[0m, 47150, 47610, 48070, 48530, 48990, 49450, 49910, 50370, [91m50830[0m, 51290, 51750, 52210, 52670, 53130, 53590, 54050, 54510, [91m54970[0m, 55430, 55890, 56350, 56810, 57270, 57730, 58190, 58650, [91m59110[0m, 59570, 60030, 60490, 60950, 61410, 61870, 62330, 62790, [91m63250[0m, 63710, 64170, 64630, 65090, 65550, 66010, 66470, 66930, [91m67390[0m, 67850, 68310, 68770, 69230, 69690, 70150, 70610, 71070, 71530, 71990, 72450, 72910, ]
Indices of used tracks: [11, 20, 29, 38, 47, 56, 65, 74, 83, 92, 101, 110, 119, 128, 137, 146]
---
Placement details for the #W side
Virtual pin count:  0
Actual pin count:  17
Total pin count:  17
Tracks count:  62
Tracks per pin:  3
Used tracks count:  49
Unused track count:  13
Starting track index:  6
Placement Map:
[340, 1700, 3060, 4420, 5780, 7140, [91m8500[0m, 9860, 11220, [91m12580[0m, 13940, 15300, [91m16660[0m, 18020, 19380, [91m20740[0m, 22100, 23460, [91m24820[0m, 26180, 27540, [91m28900[0m, 30260, 31620, [91m32980[0m, 34340, 35700, [91m37060[0m, 38420, 39780, [91m41140[0m, 42500, 43860, [91m45220[0m, 46580, 47940, [91m49300[0m, 50660, 52020, [91m53380[0m, 54740, 56100, [91m57460[0m, 58820, 60180, [91m61540[0m, 62900, 64260, [91m65620[0m, 66980, 68340, [91m69700[0m, 71060, 72420, [91m73780[0m, 75140, 76500, 77860, 79220, 80580, 81940, 83300, ]
Indices of used tracks: [6, 9, 12, 15, 18, 21, 24, 27, 30, 33, 36, 39, 42, 45, 48, 51, 54]
---
