
===========================================================================
report_checks -path_delay max (Setup)
============================================================================
======================= Typical Corner ===================================

Startpoint: _137_ (rising edge-triggered flip-flop clocked by core_clock)
Endpoint: _186_ (rising edge-triggered flip-flop clocked by core_clock)
Path Group: core_clock
Path Type: max

Fanout     Cap    Slew   Delay    Time   Description
-----------------------------------------------------------------------------
                  0.00    0.00    0.00   clock core_clock (rise edge)
                          0.00    0.00   clock network delay (ideal)
                  0.00    0.00    0.00 ^ _137_/CLK (sky130_fd_sc_hd__dfxtp_2)
     3    0.01    0.05    0.32    0.32 v _137_/Q (sky130_fd_sc_hd__dfxtp_2)
                                         x1.a (net)
                  0.05    0.00    0.32 v _062_/B (sky130_fd_sc_hd__or2_4)
     2    0.01    0.05    0.24    0.55 v _062_/X (sky130_fd_sc_hd__or2_4)
                                         _014_ (net)
                  0.05    0.00    0.55 v _064_/A2 (sky130_fd_sc_hd__a21bo_4)
     2    0.01    0.05    0.23    0.78 v _064_/X (sky130_fd_sc_hd__a21bo_4)
                                         _016_ (net)
                  0.05    0.00    0.78 v _066_/B (sky130_fd_sc_hd__xor2_2)
     2    0.01    0.05    0.14    0.92 v _066_/X (sky130_fd_sc_hd__xor2_2)
                                         _018_ (net)
                  0.05    0.00    0.92 v _067_/B (sky130_fd_sc_hd__nand2_2)
     3    0.01    0.08    0.09    1.01 ^ _067_/Y (sky130_fd_sc_hd__nand2_2)
                                         _019_ (net)
                  0.08    0.00    1.01 ^ _068_/C (sky130_fd_sc_hd__nand3b_2)
     2    0.01    0.07    0.09    1.10 v _068_/Y (sky130_fd_sc_hd__nand3b_2)
                                         _020_ (net)
                  0.07    0.00    1.10 v _070_/A2 (sky130_fd_sc_hd__a21o_4)
     2    0.01    0.04    0.23    1.33 v _070_/X (sky130_fd_sc_hd__a21o_4)
                                         _022_ (net)
                  0.04    0.00    1.33 v _077_/A2 (sky130_fd_sc_hd__a21bo_2)
     1    0.00    0.04    0.21    1.54 v _077_/X (sky130_fd_sc_hd__a21bo_2)
                                         _029_ (net)
                  0.04    0.00    1.54 v _078_/B1 (sky130_fd_sc_hd__a21o_4)
     2    0.01    0.04    0.18    1.72 v _078_/X (sky130_fd_sc_hd__a21o_4)
                                         _030_ (net)
                  0.04    0.00    1.72 v _080_/A1 (sky130_fd_sc_hd__a21o_4)
     2    0.01    0.05    0.21    1.92 v _080_/X (sky130_fd_sc_hd__a21o_4)
                                         _032_ (net)
                  0.05    0.00    1.92 v _082_/A2 (sky130_fd_sc_hd__a21oi_4)
     2    0.01    0.13    0.16    2.08 ^ _082_/Y (sky130_fd_sc_hd__a21oi_4)
                                         _034_ (net)
                  0.13    0.00    2.08 ^ _084_/A_N (sky130_fd_sc_hd__and2b_2)
     1    0.00    0.04    0.23    2.32 v _084_/X (sky130_fd_sc_hd__and2b_2)
                                         _036_ (net)
                  0.04    0.00    2.32 v _085_/B1 (sky130_fd_sc_hd__a21oi_2)
     2    0.01    0.16    0.15    2.46 ^ _085_/Y (sky130_fd_sc_hd__a21oi_2)
                                         _037_ (net)
                  0.16    0.00    2.46 ^ _087_/A_N (sky130_fd_sc_hd__and2b_2)
     1    0.00    0.04    0.24    2.70 v _087_/X (sky130_fd_sc_hd__and2b_2)
                                         _039_ (net)
                  0.04    0.00    2.70 v _088_/B1 (sky130_fd_sc_hd__a21oi_2)
     2    0.01    0.16    0.15    2.85 ^ _088_/Y (sky130_fd_sc_hd__a21oi_2)
                                         _040_ (net)
                  0.16    0.00    2.85 ^ _090_/A_N (sky130_fd_sc_hd__and2b_2)
     1    0.00    0.04    0.24    3.09 v _090_/X (sky130_fd_sc_hd__and2b_2)
                                         _042_ (net)
                  0.04    0.00    3.09 v _091_/B1 (sky130_fd_sc_hd__a21o_4)
     2    0.02    0.05    0.20    3.29 v _091_/X (sky130_fd_sc_hd__a21o_4)
                                         _043_ (net)
                  0.05    0.00    3.29 v _092_/B (sky130_fd_sc_hd__xnor2_4)
     2    0.01    0.07    0.13    3.42 v _092_/Y (sky130_fd_sc_hd__xnor2_4)
                                         _044_ (net)
                  0.07    0.00    3.42 v _094_/A2 (sky130_fd_sc_hd__o21a_4)
     2    0.01    0.04    0.21    3.63 v _094_/X (sky130_fd_sc_hd__o21a_4)
                                         _046_ (net)
                  0.04    0.00    3.63 v _095_/B (sky130_fd_sc_hd__xnor2_2)
     2    0.01    0.08    0.15    3.78 v _095_/Y (sky130_fd_sc_hd__xnor2_2)
                                         _047_ (net)
                  0.08    0.00    3.78 v _097_/A2 (sky130_fd_sc_hd__a21oi_2)
     2    0.01    0.16    0.19    3.97 ^ _097_/Y (sky130_fd_sc_hd__a21oi_2)
                                         _049_ (net)
                  0.16    0.00    3.97 ^ _099_/A_N (sky130_fd_sc_hd__and2b_2)
     1    0.00    0.04    0.24    4.21 v _099_/X (sky130_fd_sc_hd__and2b_2)
                                         _051_ (net)
                  0.04    0.00    4.21 v _100_/B1 (sky130_fd_sc_hd__a21oi_2)
     2    0.01    0.16    0.15    4.36 ^ _100_/Y (sky130_fd_sc_hd__a21oi_2)
                                         _052_ (net)
                  0.16    0.00    4.36 ^ _102_/A_N (sky130_fd_sc_hd__and2b_2)
     1    0.00    0.04    0.24    4.60 v _102_/X (sky130_fd_sc_hd__and2b_2)
                                         _054_ (net)
                  0.04    0.00    4.60 v _103_/B1 (sky130_fd_sc_hd__a21o_4)
     2    0.02    0.05    0.20    4.80 v _103_/X (sky130_fd_sc_hd__a21o_4)
                                         _055_ (net)
                  0.05    0.00    4.80 v _104_/B (sky130_fd_sc_hd__xnor2_4)
     2    0.01    0.07    0.13    4.93 v _104_/Y (sky130_fd_sc_hd__xnor2_4)
                                         _056_ (net)
                  0.07    0.00    4.93 v _106_/A2 (sky130_fd_sc_hd__o21a_4)
     2    0.01    0.04    0.21    5.14 v _106_/X (sky130_fd_sc_hd__o21a_4)
                                         _058_ (net)
                  0.04    0.00    5.14 v _107_/B (sky130_fd_sc_hd__xnor2_2)
     2    0.01    0.08    0.15    5.29 v _107_/Y (sky130_fd_sc_hd__xnor2_2)
                                         _059_ (net)
                  0.08    0.00    5.29 v _109_/A2 (sky130_fd_sc_hd__a21oi_2)
     2    0.01    0.16    0.19    5.48 ^ _109_/Y (sky130_fd_sc_hd__a21oi_2)
                                         _001_ (net)
                  0.16    0.00    5.48 ^ _111_/A_N (sky130_fd_sc_hd__and2b_2)
     1    0.00    0.04    0.24    5.72 v _111_/X (sky130_fd_sc_hd__and2b_2)
                                         _003_ (net)
                  0.04    0.00    5.72 v _112_/B1 (sky130_fd_sc_hd__a21oi_2)
     2    0.01    0.16    0.15    5.87 ^ _112_/Y (sky130_fd_sc_hd__a21oi_2)
                                         _004_ (net)
                  0.16    0.00    5.87 ^ _114_/A_N (sky130_fd_sc_hd__and2b_2)
     1    0.00    0.04    0.24    6.10 v _114_/X (sky130_fd_sc_hd__and2b_2)
                                         _006_ (net)
                  0.04    0.00    6.10 v _115_/B1 (sky130_fd_sc_hd__a21o_4)
     1    0.00    0.03    0.17    6.27 v _115_/X (sky130_fd_sc_hd__a21o_4)
                                         x20.out (net)
                  0.03    0.00    6.27 v _186_/D (sky130_fd_sc_hd__dfxtp_2)
                                  6.27   data arrival time

                  0.00    5.65    5.65   clock core_clock (rise edge)
                          0.00    5.65   clock network delay (ideal)
                          0.00    5.65   clock reconvergence pessimism
                                  5.65 ^ _186_/CLK (sky130_fd_sc_hd__dfxtp_2)
                         -0.12    5.53   library setup time
                                  5.53   data required time
-----------------------------------------------------------------------------
                                  5.53   data required time
                                 -6.27   data arrival time
-----------------------------------------------------------------------------
                                 -0.74   slack (VIOLATED)


Startpoint: _137_ (rising edge-triggered flip-flop clocked by core_clock)
Endpoint: _185_ (rising edge-triggered flip-flop clocked by core_clock)
Path Group: core_clock
Path Type: max

Fanout     Cap    Slew   Delay    Time   Description
-----------------------------------------------------------------------------
                  0.00    0.00    0.00   clock core_clock (rise edge)
                          0.00    0.00   clock network delay (ideal)
                  0.00    0.00    0.00 ^ _137_/CLK (sky130_fd_sc_hd__dfxtp_2)
     3    0.01    0.05    0.32    0.32 v _137_/Q (sky130_fd_sc_hd__dfxtp_2)
                                         x1.a (net)
                  0.05    0.00    0.32 v _062_/B (sky130_fd_sc_hd__or2_4)
     2    0.01    0.05    0.24    0.55 v _062_/X (sky130_fd_sc_hd__or2_4)
                                         _014_ (net)
                  0.05    0.00    0.55 v _064_/A2 (sky130_fd_sc_hd__a21bo_4)
     2    0.01    0.05    0.23    0.78 v _064_/X (sky130_fd_sc_hd__a21bo_4)
                                         _016_ (net)
                  0.05    0.00    0.78 v _066_/B (sky130_fd_sc_hd__xor2_2)
     2    0.01    0.05    0.14    0.92 v _066_/X (sky130_fd_sc_hd__xor2_2)
                                         _018_ (net)
                  0.05    0.00    0.92 v _067_/B (sky130_fd_sc_hd__nand2_2)
     3    0.01    0.08    0.09    1.01 ^ _067_/Y (sky130_fd_sc_hd__nand2_2)
                                         _019_ (net)
                  0.08    0.00    1.01 ^ _068_/C (sky130_fd_sc_hd__nand3b_2)
     2    0.01    0.07    0.09    1.10 v _068_/Y (sky130_fd_sc_hd__nand3b_2)
                                         _020_ (net)
                  0.07    0.00    1.10 v _070_/A2 (sky130_fd_sc_hd__a21o_4)
     2    0.01    0.04    0.23    1.33 v _070_/X (sky130_fd_sc_hd__a21o_4)
                                         _022_ (net)
                  0.04    0.00    1.33 v _077_/A2 (sky130_fd_sc_hd__a21bo_2)
     1    0.00    0.04    0.21    1.54 v _077_/X (sky130_fd_sc_hd__a21bo_2)
                                         _029_ (net)
                  0.04    0.00    1.54 v _078_/B1 (sky130_fd_sc_hd__a21o_4)
     2    0.01    0.04    0.18    1.72 v _078_/X (sky130_fd_sc_hd__a21o_4)
                                         _030_ (net)
                  0.04    0.00    1.72 v _080_/A1 (sky130_fd_sc_hd__a21o_4)
     2    0.01    0.05    0.21    1.92 v _080_/X (sky130_fd_sc_hd__a21o_4)
                                         _032_ (net)
                  0.05    0.00    1.92 v _082_/A2 (sky130_fd_sc_hd__a21oi_4)
     2    0.01    0.13    0.16    2.08 ^ _082_/Y (sky130_fd_sc_hd__a21oi_4)
                                         _034_ (net)
                  0.13    0.00    2.08 ^ _084_/A_N (sky130_fd_sc_hd__and2b_2)
     1    0.00    0.04    0.23    2.32 v _084_/X (sky130_fd_sc_hd__and2b_2)
                                         _036_ (net)
                  0.04    0.00    2.32 v _085_/B1 (sky130_fd_sc_hd__a21oi_2)
     2    0.01    0.16    0.15    2.46 ^ _085_/Y (sky130_fd_sc_hd__a21oi_2)
                                         _037_ (net)
                  0.16    0.00    2.46 ^ _087_/A_N (sky130_fd_sc_hd__and2b_2)
     1    0.00    0.04    0.24    2.70 v _087_/X (sky130_fd_sc_hd__and2b_2)
                                         _039_ (net)
                  0.04    0.00    2.70 v _088_/B1 (sky130_fd_sc_hd__a21oi_2)
     2    0.01    0.16    0.15    2.85 ^ _088_/Y (sky130_fd_sc_hd__a21oi_2)
                                         _040_ (net)
                  0.16    0.00    2.85 ^ _090_/A_N (sky130_fd_sc_hd__and2b_2)
     1    0.00    0.04    0.24    3.09 v _090_/X (sky130_fd_sc_hd__and2b_2)
                                         _042_ (net)
                  0.04    0.00    3.09 v _091_/B1 (sky130_fd_sc_hd__a21o_4)
     2    0.02    0.05    0.20    3.29 v _091_/X (sky130_fd_sc_hd__a21o_4)
                                         _043_ (net)
                  0.05    0.00    3.29 v _092_/B (sky130_fd_sc_hd__xnor2_4)
     2    0.01    0.07    0.13    3.42 v _092_/Y (sky130_fd_sc_hd__xnor2_4)
                                         _044_ (net)
                  0.07    0.00    3.42 v _094_/A2 (sky130_fd_sc_hd__o21a_4)
     2    0.01    0.04    0.21    3.63 v _094_/X (sky130_fd_sc_hd__o21a_4)
                                         _046_ (net)
                  0.04    0.00    3.63 v _095_/B (sky130_fd_sc_hd__xnor2_2)
     2    0.01    0.08    0.15    3.78 v _095_/Y (sky130_fd_sc_hd__xnor2_2)
                                         _047_ (net)
                  0.08    0.00    3.78 v _097_/A2 (sky130_fd_sc_hd__a21oi_2)
     2    0.01    0.16    0.19    3.97 ^ _097_/Y (sky130_fd_sc_hd__a21oi_2)
                                         _049_ (net)
                  0.16    0.00    3.97 ^ _099_/A_N (sky130_fd_sc_hd__and2b_2)
     1    0.00    0.04    0.24    4.21 v _099_/X (sky130_fd_sc_hd__and2b_2)
                                         _051_ (net)
                  0.04    0.00    4.21 v _100_/B1 (sky130_fd_sc_hd__a21oi_2)
     2    0.01    0.16    0.15    4.36 ^ _100_/Y (sky130_fd_sc_hd__a21oi_2)
                                         _052_ (net)
                  0.16    0.00    4.36 ^ _102_/A_N (sky130_fd_sc_hd__and2b_2)
     1    0.00    0.04    0.24    4.60 v _102_/X (sky130_fd_sc_hd__and2b_2)
                                         _054_ (net)
                  0.04    0.00    4.60 v _103_/B1 (sky130_fd_sc_hd__a21o_4)
     2    0.02    0.05    0.20    4.80 v _103_/X (sky130_fd_sc_hd__a21o_4)
                                         _055_ (net)
                  0.05    0.00    4.80 v _104_/B (sky130_fd_sc_hd__xnor2_4)
     2    0.01    0.07    0.13    4.93 v _104_/Y (sky130_fd_sc_hd__xnor2_4)
                                         _056_ (net)
                  0.07    0.00    4.93 v _106_/A2 (sky130_fd_sc_hd__o21a_4)
     2    0.01    0.04    0.21    5.14 v _106_/X (sky130_fd_sc_hd__o21a_4)
                                         _058_ (net)
                  0.04    0.00    5.14 v _107_/B (sky130_fd_sc_hd__xnor2_2)
     2    0.01    0.08    0.15    5.29 v _107_/Y (sky130_fd_sc_hd__xnor2_2)
                                         _059_ (net)
                  0.08    0.00    5.29 v _109_/A2 (sky130_fd_sc_hd__a21oi_2)
     2    0.01    0.16    0.19    5.48 ^ _109_/Y (sky130_fd_sc_hd__a21oi_2)
                                         _001_ (net)
                  0.16    0.00    5.48 ^ _111_/A_N (sky130_fd_sc_hd__and2b_2)
     1    0.00    0.04    0.24    5.72 v _111_/X (sky130_fd_sc_hd__and2b_2)
                                         _003_ (net)
                  0.04    0.00    5.72 v _112_/B1 (sky130_fd_sc_hd__a21oi_2)
     2    0.01    0.16    0.15    5.87 ^ _112_/Y (sky130_fd_sc_hd__a21oi_2)
                                         _004_ (net)
                  0.16    0.00    5.87 ^ _113_/B (sky130_fd_sc_hd__xnor2_2)
     2    0.01    0.08    0.11    5.97 v _113_/Y (sky130_fd_sc_hd__xnor2_2)
                                         _005_ (net)
                  0.08    0.00    5.97 v _135_/B (sky130_fd_sc_hd__xor2_2)
     1    0.00    0.06    0.14    6.12 v _135_/X (sky130_fd_sc_hd__xor2_2)
                                         x19.sum (net)
                  0.06    0.00    6.12 v _185_/D (sky130_fd_sc_hd__dfxtp_2)
                                  6.12   data arrival time

                  0.00    5.65    5.65   clock core_clock (rise edge)
                          0.00    5.65   clock network delay (ideal)
                          0.00    5.65   clock reconvergence pessimism
                                  5.65 ^ _185_/CLK (sky130_fd_sc_hd__dfxtp_2)
                         -0.13    5.52   library setup time
                                  5.52   data required time
-----------------------------------------------------------------------------
                                  5.52   data required time
                                 -6.12   data arrival time
-----------------------------------------------------------------------------
                                 -0.60   slack (VIOLATED)


Startpoint: _137_ (rising edge-triggered flip-flop clocked by core_clock)
Endpoint: _184_ (rising edge-triggered flip-flop clocked by core_clock)
Path Group: core_clock
Path Type: max

Fanout     Cap    Slew   Delay    Time   Description
-----------------------------------------------------------------------------
                  0.00    0.00    0.00   clock core_clock (rise edge)
                          0.00    0.00   clock network delay (ideal)
                  0.00    0.00    0.00 ^ _137_/CLK (sky130_fd_sc_hd__dfxtp_2)
     3    0.01    0.05    0.32    0.32 v _137_/Q (sky130_fd_sc_hd__dfxtp_2)
                                         x1.a (net)
                  0.05    0.00    0.32 v _062_/B (sky130_fd_sc_hd__or2_4)
     2    0.01    0.05    0.24    0.55 v _062_/X (sky130_fd_sc_hd__or2_4)
                                         _014_ (net)
                  0.05    0.00    0.55 v _064_/A2 (sky130_fd_sc_hd__a21bo_4)
     2    0.01    0.05    0.23    0.78 v _064_/X (sky130_fd_sc_hd__a21bo_4)
                                         _016_ (net)
                  0.05    0.00    0.78 v _066_/B (sky130_fd_sc_hd__xor2_2)
     2    0.01    0.05    0.14    0.92 v _066_/X (sky130_fd_sc_hd__xor2_2)
                                         _018_ (net)
                  0.05    0.00    0.92 v _067_/B (sky130_fd_sc_hd__nand2_2)
     3    0.01    0.08    0.09    1.01 ^ _067_/Y (sky130_fd_sc_hd__nand2_2)
                                         _019_ (net)
                  0.08    0.00    1.01 ^ _068_/C (sky130_fd_sc_hd__nand3b_2)
     2    0.01    0.07    0.09    1.10 v _068_/Y (sky130_fd_sc_hd__nand3b_2)
                                         _020_ (net)
                  0.07    0.00    1.10 v _070_/A2 (sky130_fd_sc_hd__a21o_4)
     2    0.01    0.04    0.23    1.33 v _070_/X (sky130_fd_sc_hd__a21o_4)
                                         _022_ (net)
                  0.04    0.00    1.33 v _077_/A2 (sky130_fd_sc_hd__a21bo_2)
     1    0.00    0.04    0.21    1.54 v _077_/X (sky130_fd_sc_hd__a21bo_2)
                                         _029_ (net)
                  0.04    0.00    1.54 v _078_/B1 (sky130_fd_sc_hd__a21o_4)
     2    0.01    0.04    0.18    1.72 v _078_/X (sky130_fd_sc_hd__a21o_4)
                                         _030_ (net)
                  0.04    0.00    1.72 v _080_/A1 (sky130_fd_sc_hd__a21o_4)
     2    0.01    0.05    0.21    1.92 v _080_/X (sky130_fd_sc_hd__a21o_4)
                                         _032_ (net)
                  0.05    0.00    1.92 v _082_/A2 (sky130_fd_sc_hd__a21oi_4)
     2    0.01    0.13    0.16    2.08 ^ _082_/Y (sky130_fd_sc_hd__a21oi_4)
                                         _034_ (net)
                  0.13    0.00    2.08 ^ _084_/A_N (sky130_fd_sc_hd__and2b_2)
     1    0.00    0.04    0.23    2.32 v _084_/X (sky130_fd_sc_hd__and2b_2)
                                         _036_ (net)
                  0.04    0.00    2.32 v _085_/B1 (sky130_fd_sc_hd__a21oi_2)
     2    0.01    0.16    0.15    2.46 ^ _085_/Y (sky130_fd_sc_hd__a21oi_2)
                                         _037_ (net)
                  0.16    0.00    2.46 ^ _087_/A_N (sky130_fd_sc_hd__and2b_2)
     1    0.00    0.04    0.24    2.70 v _087_/X (sky130_fd_sc_hd__and2b_2)
                                         _039_ (net)
                  0.04    0.00    2.70 v _088_/B1 (sky130_fd_sc_hd__a21oi_2)
     2    0.01    0.16    0.15    2.85 ^ _088_/Y (sky130_fd_sc_hd__a21oi_2)
                                         _040_ (net)
                  0.16    0.00    2.85 ^ _090_/A_N (sky130_fd_sc_hd__and2b_2)
     1    0.00    0.04    0.24    3.09 v _090_/X (sky130_fd_sc_hd__and2b_2)
                                         _042_ (net)
                  0.04    0.00    3.09 v _091_/B1 (sky130_fd_sc_hd__a21o_4)
     2    0.02    0.05    0.20    3.29 v _091_/X (sky130_fd_sc_hd__a21o_4)
                                         _043_ (net)
                  0.05    0.00    3.29 v _092_/B (sky130_fd_sc_hd__xnor2_4)
     2    0.01    0.07    0.13    3.42 v _092_/Y (sky130_fd_sc_hd__xnor2_4)
                                         _044_ (net)
                  0.07    0.00    3.42 v _094_/A2 (sky130_fd_sc_hd__o21a_4)
     2    0.01    0.04    0.21    3.63 v _094_/X (sky130_fd_sc_hd__o21a_4)
                                         _046_ (net)
                  0.04    0.00    3.63 v _095_/B (sky130_fd_sc_hd__xnor2_2)
     2    0.01    0.08    0.15    3.78 v _095_/Y (sky130_fd_sc_hd__xnor2_2)
                                         _047_ (net)
                  0.08    0.00    3.78 v _097_/A2 (sky130_fd_sc_hd__a21oi_2)
     2    0.01    0.16    0.19    3.97 ^ _097_/Y (sky130_fd_sc_hd__a21oi_2)
                                         _049_ (net)
                  0.16    0.00    3.97 ^ _099_/A_N (sky130_fd_sc_hd__and2b_2)
     1    0.00    0.04    0.24    4.21 v _099_/X (sky130_fd_sc_hd__and2b_2)
                                         _051_ (net)
                  0.04    0.00    4.21 v _100_/B1 (sky130_fd_sc_hd__a21oi_2)
     2    0.01    0.16    0.15    4.36 ^ _100_/Y (sky130_fd_sc_hd__a21oi_2)
                                         _052_ (net)
                  0.16    0.00    4.36 ^ _102_/A_N (sky130_fd_sc_hd__and2b_2)
     1    0.00    0.04    0.24    4.60 v _102_/X (sky130_fd_sc_hd__and2b_2)
                                         _054_ (net)
                  0.04    0.00    4.60 v _103_/B1 (sky130_fd_sc_hd__a21o_4)
     2    0.02    0.05    0.20    4.80 v _103_/X (sky130_fd_sc_hd__a21o_4)
                                         _055_ (net)
                  0.05    0.00    4.80 v _104_/B (sky130_fd_sc_hd__xnor2_4)
     2    0.01    0.07    0.13    4.93 v _104_/Y (sky130_fd_sc_hd__xnor2_4)
                                         _056_ (net)
                  0.07    0.00    4.93 v _106_/A2 (sky130_fd_sc_hd__o21a_4)
     2    0.01    0.04    0.21    5.14 v _106_/X (sky130_fd_sc_hd__o21a_4)
                                         _058_ (net)
                  0.04    0.00    5.14 v _107_/B (sky130_fd_sc_hd__xnor2_2)
     2    0.01    0.22    0.20    5.34 ^ _107_/Y (sky130_fd_sc_hd__xnor2_2)
                                         _059_ (net)
                  0.22    0.00    5.34 ^ _109_/A2 (sky130_fd_sc_hd__a21oi_2)
     2    0.01    0.07    0.11    5.44 v _109_/Y (sky130_fd_sc_hd__a21oi_2)
                                         _001_ (net)
                  0.07    0.00    5.44 v _110_/B (sky130_fd_sc_hd__xnor2_2)
     2    0.01    0.08    0.16    5.61 v _110_/Y (sky130_fd_sc_hd__xnor2_2)
                                         _002_ (net)
                  0.08    0.00    5.61 v _126_/B (sky130_fd_sc_hd__xor2_2)
     1    0.00    0.06    0.14    5.75 v _126_/X (sky130_fd_sc_hd__xor2_2)
                                         x18.sum (net)
                  0.06    0.00    5.75 v _184_/D (sky130_fd_sc_hd__dfxtp_2)
                                  5.75   data arrival time

                  0.00    5.65    5.65   clock core_clock (rise edge)
                          0.00    5.65   clock network delay (ideal)
                          0.00    5.65   clock reconvergence pessimism
                                  5.65 ^ _184_/CLK (sky130_fd_sc_hd__dfxtp_2)
                         -0.13    5.52   library setup time
                                  5.52   data required time
-----------------------------------------------------------------------------
                                  5.52   data required time
                                 -5.75   data arrival time
-----------------------------------------------------------------------------
                                 -0.23   slack (VIOLATED)


Startpoint: _137_ (rising edge-triggered flip-flop clocked by core_clock)
Endpoint: _183_ (rising edge-triggered flip-flop clocked by core_clock)
Path Group: core_clock
Path Type: max

Fanout     Cap    Slew   Delay    Time   Description
-----------------------------------------------------------------------------
                  0.00    0.00    0.00   clock core_clock (rise edge)
                          0.00    0.00   clock network delay (ideal)
                  0.00    0.00    0.00 ^ _137_/CLK (sky130_fd_sc_hd__dfxtp_2)
     3    0.01    0.05    0.32    0.32 v _137_/Q (sky130_fd_sc_hd__dfxtp_2)
                                         x1.a (net)
                  0.05    0.00    0.32 v _062_/B (sky130_fd_sc_hd__or2_4)
     2    0.01    0.05    0.24    0.55 v _062_/X (sky130_fd_sc_hd__or2_4)
                                         _014_ (net)
                  0.05    0.00    0.55 v _064_/A2 (sky130_fd_sc_hd__a21bo_4)
     2    0.01    0.05    0.23    0.78 v _064_/X (sky130_fd_sc_hd__a21bo_4)
                                         _016_ (net)
                  0.05    0.00    0.78 v _066_/B (sky130_fd_sc_hd__xor2_2)
     2    0.01    0.05    0.14    0.92 v _066_/X (sky130_fd_sc_hd__xor2_2)
                                         _018_ (net)
                  0.05    0.00    0.92 v _067_/B (sky130_fd_sc_hd__nand2_2)
     3    0.01    0.08    0.09    1.01 ^ _067_/Y (sky130_fd_sc_hd__nand2_2)
                                         _019_ (net)
                  0.08    0.00    1.01 ^ _068_/C (sky130_fd_sc_hd__nand3b_2)
     2    0.01    0.07    0.09    1.10 v _068_/Y (sky130_fd_sc_hd__nand3b_2)
                                         _020_ (net)
                  0.07    0.00    1.10 v _070_/A2 (sky130_fd_sc_hd__a21o_4)
     2    0.01    0.04    0.23    1.33 v _070_/X (sky130_fd_sc_hd__a21o_4)
                                         _022_ (net)
                  0.04    0.00    1.33 v _077_/A2 (sky130_fd_sc_hd__a21bo_2)
     1    0.00    0.04    0.21    1.54 v _077_/X (sky130_fd_sc_hd__a21bo_2)
                                         _029_ (net)
                  0.04    0.00    1.54 v _078_/B1 (sky130_fd_sc_hd__a21o_4)
     2    0.01    0.04    0.18    1.72 v _078_/X (sky130_fd_sc_hd__a21o_4)
                                         _030_ (net)
                  0.04    0.00    1.72 v _080_/A1 (sky130_fd_sc_hd__a21o_4)
     2    0.01    0.05    0.21    1.92 v _080_/X (sky130_fd_sc_hd__a21o_4)
                                         _032_ (net)
                  0.05    0.00    1.92 v _082_/A2 (sky130_fd_sc_hd__a21oi_4)
     2    0.01    0.13    0.16    2.08 ^ _082_/Y (sky130_fd_sc_hd__a21oi_4)
                                         _034_ (net)
                  0.13    0.00    2.08 ^ _084_/A_N (sky130_fd_sc_hd__and2b_2)
     1    0.00    0.04    0.23    2.32 v _084_/X (sky130_fd_sc_hd__and2b_2)
                                         _036_ (net)
                  0.04    0.00    2.32 v _085_/B1 (sky130_fd_sc_hd__a21oi_2)
     2    0.01    0.16    0.15    2.46 ^ _085_/Y (sky130_fd_sc_hd__a21oi_2)
                                         _037_ (net)
                  0.16    0.00    2.46 ^ _087_/A_N (sky130_fd_sc_hd__and2b_2)
     1    0.00    0.04    0.24    2.70 v _087_/X (sky130_fd_sc_hd__and2b_2)
                                         _039_ (net)
                  0.04    0.00    2.70 v _088_/B1 (sky130_fd_sc_hd__a21oi_2)
     2    0.01    0.16    0.15    2.85 ^ _088_/Y (sky130_fd_sc_hd__a21oi_2)
                                         _040_ (net)
                  0.16    0.00    2.85 ^ _090_/A_N (sky130_fd_sc_hd__and2b_2)
     1    0.00    0.04    0.24    3.09 v _090_/X (sky130_fd_sc_hd__and2b_2)
                                         _042_ (net)
                  0.04    0.00    3.09 v _091_/B1 (sky130_fd_sc_hd__a21o_4)
     2    0.02    0.05    0.20    3.29 v _091_/X (sky130_fd_sc_hd__a21o_4)
                                         _043_ (net)
                  0.05    0.00    3.29 v _092_/B (sky130_fd_sc_hd__xnor2_4)
     2    0.01    0.07    0.13    3.42 v _092_/Y (sky130_fd_sc_hd__xnor2_4)
                                         _044_ (net)
                  0.07    0.00    3.42 v _094_/A2 (sky130_fd_sc_hd__o21a_4)
     2    0.01    0.04    0.21    3.63 v _094_/X (sky130_fd_sc_hd__o21a_4)
                                         _046_ (net)
                  0.04    0.00    3.63 v _095_/B (sky130_fd_sc_hd__xnor2_2)
     2    0.01    0.08    0.15    3.78 v _095_/Y (sky130_fd_sc_hd__xnor2_2)
                                         _047_ (net)
                  0.08    0.00    3.78 v _097_/A2 (sky130_fd_sc_hd__a21oi_2)
     2    0.01    0.16    0.19    3.97 ^ _097_/Y (sky130_fd_sc_hd__a21oi_2)
                                         _049_ (net)
                  0.16    0.00    3.97 ^ _099_/A_N (sky130_fd_sc_hd__and2b_2)
     1    0.00    0.04    0.24    4.21 v _099_/X (sky130_fd_sc_hd__and2b_2)
                                         _051_ (net)
                  0.04    0.00    4.21 v _100_/B1 (sky130_fd_sc_hd__a21oi_2)
     2    0.01    0.16    0.15    4.36 ^ _100_/Y (sky130_fd_sc_hd__a21oi_2)
                                         _052_ (net)
                  0.16    0.00    4.36 ^ _102_/A_N (sky130_fd_sc_hd__and2b_2)
     1    0.00    0.04    0.24    4.60 v _102_/X (sky130_fd_sc_hd__and2b_2)
                                         _054_ (net)
                  0.04    0.00    4.60 v _103_/B1 (sky130_fd_sc_hd__a21o_4)
     2    0.02    0.05    0.20    4.80 v _103_/X (sky130_fd_sc_hd__a21o_4)
                                         _055_ (net)
                  0.05    0.00    4.80 v _104_/B (sky130_fd_sc_hd__xnor2_4)
     2    0.01    0.07    0.13    4.93 v _104_/Y (sky130_fd_sc_hd__xnor2_4)
                                         _056_ (net)
                  0.07    0.00    4.93 v _106_/A2 (sky130_fd_sc_hd__o21a_4)
     2    0.01    0.04    0.21    5.14 v _106_/X (sky130_fd_sc_hd__o21a_4)
                                         _058_ (net)
                  0.04    0.00    5.14 v _107_/B (sky130_fd_sc_hd__xnor2_2)
     2    0.01    0.08    0.15    5.29 v _107_/Y (sky130_fd_sc_hd__xnor2_2)
                                         _059_ (net)
                  0.08    0.00    5.29 v _125_/B (sky130_fd_sc_hd__xor2_2)
     1    0.00    0.06    0.14    5.43 v _125_/X (sky130_fd_sc_hd__xor2_2)
                                         x17.sum (net)
                  0.06    0.00    5.43 v _183_/D (sky130_fd_sc_hd__dfxtp_2)
                                  5.43   data arrival time

                  0.00    5.65    5.65   clock core_clock (rise edge)
                          0.00    5.65   clock network delay (ideal)
                          0.00    5.65   clock reconvergence pessimism
                                  5.65 ^ _183_/CLK (sky130_fd_sc_hd__dfxtp_2)
                         -0.13    5.52   library setup time
                                  5.52   data required time
-----------------------------------------------------------------------------
                                  5.52   data required time
                                 -5.43   data arrival time
-----------------------------------------------------------------------------
                                  0.09   slack (MET)


Startpoint: _137_ (rising edge-triggered flip-flop clocked by core_clock)
Endpoint: _182_ (rising edge-triggered flip-flop clocked by core_clock)
Path Group: core_clock
Path Type: max

Fanout     Cap    Slew   Delay    Time   Description
-----------------------------------------------------------------------------
                  0.00    0.00    0.00   clock core_clock (rise edge)
                          0.00    0.00   clock network delay (ideal)
                  0.00    0.00    0.00 ^ _137_/CLK (sky130_fd_sc_hd__dfxtp_2)
     3    0.01    0.05    0.32    0.32 v _137_/Q (sky130_fd_sc_hd__dfxtp_2)
                                         x1.a (net)
                  0.05    0.00    0.32 v _062_/B (sky130_fd_sc_hd__or2_4)
     2    0.01    0.05    0.24    0.55 v _062_/X (sky130_fd_sc_hd__or2_4)
                                         _014_ (net)
                  0.05    0.00    0.55 v _064_/A2 (sky130_fd_sc_hd__a21bo_4)
     2    0.01    0.05    0.23    0.78 v _064_/X (sky130_fd_sc_hd__a21bo_4)
                                         _016_ (net)
                  0.05    0.00    0.78 v _066_/B (sky130_fd_sc_hd__xor2_2)
     2    0.01    0.05    0.14    0.92 v _066_/X (sky130_fd_sc_hd__xor2_2)
                                         _018_ (net)
                  0.05    0.00    0.92 v _067_/B (sky130_fd_sc_hd__nand2_2)
     3    0.01    0.08    0.09    1.01 ^ _067_/Y (sky130_fd_sc_hd__nand2_2)
                                         _019_ (net)
                  0.08    0.00    1.01 ^ _068_/C (sky130_fd_sc_hd__nand3b_2)
     2    0.01    0.07    0.09    1.10 v _068_/Y (sky130_fd_sc_hd__nand3b_2)
                                         _020_ (net)
                  0.07    0.00    1.10 v _070_/A2 (sky130_fd_sc_hd__a21o_4)
     2    0.01    0.04    0.23    1.33 v _070_/X (sky130_fd_sc_hd__a21o_4)
                                         _022_ (net)
                  0.04    0.00    1.33 v _077_/A2 (sky130_fd_sc_hd__a21bo_2)
     1    0.00    0.04    0.21    1.54 v _077_/X (sky130_fd_sc_hd__a21bo_2)
                                         _029_ (net)
                  0.04    0.00    1.54 v _078_/B1 (sky130_fd_sc_hd__a21o_4)
     2    0.01    0.04    0.18    1.72 v _078_/X (sky130_fd_sc_hd__a21o_4)
                                         _030_ (net)
                  0.04    0.00    1.72 v _080_/A1 (sky130_fd_sc_hd__a21o_4)
     2    0.01    0.05    0.21    1.92 v _080_/X (sky130_fd_sc_hd__a21o_4)
                                         _032_ (net)
                  0.05    0.00    1.92 v _082_/A2 (sky130_fd_sc_hd__a21oi_4)
     2    0.01    0.13    0.16    2.08 ^ _082_/Y (sky130_fd_sc_hd__a21oi_4)
                                         _034_ (net)
                  0.13    0.00    2.08 ^ _084_/A_N (sky130_fd_sc_hd__and2b_2)
     1    0.00    0.04    0.23    2.32 v _084_/X (sky130_fd_sc_hd__and2b_2)
                                         _036_ (net)
                  0.04    0.00    2.32 v _085_/B1 (sky130_fd_sc_hd__a21oi_2)
     2    0.01    0.16    0.15    2.46 ^ _085_/Y (sky130_fd_sc_hd__a21oi_2)
                                         _037_ (net)
                  0.16    0.00    2.46 ^ _087_/A_N (sky130_fd_sc_hd__and2b_2)
     1    0.00    0.04    0.24    2.70 v _087_/X (sky130_fd_sc_hd__and2b_2)
                                         _039_ (net)
                  0.04    0.00    2.70 v _088_/B1 (sky130_fd_sc_hd__a21oi_2)
     2    0.01    0.16    0.15    2.85 ^ _088_/Y (sky130_fd_sc_hd__a21oi_2)
                                         _040_ (net)
                  0.16    0.00    2.85 ^ _090_/A_N (sky130_fd_sc_hd__and2b_2)
     1    0.00    0.04    0.24    3.09 v _090_/X (sky130_fd_sc_hd__and2b_2)
                                         _042_ (net)
                  0.04    0.00    3.09 v _091_/B1 (sky130_fd_sc_hd__a21o_4)
     2    0.02    0.05    0.20    3.29 v _091_/X (sky130_fd_sc_hd__a21o_4)
                                         _043_ (net)
                  0.05    0.00    3.29 v _092_/B (sky130_fd_sc_hd__xnor2_4)
     2    0.01    0.07    0.13    3.42 v _092_/Y (sky130_fd_sc_hd__xnor2_4)
                                         _044_ (net)
                  0.07    0.00    3.42 v _094_/A2 (sky130_fd_sc_hd__o21a_4)
     2    0.01    0.04    0.21    3.63 v _094_/X (sky130_fd_sc_hd__o21a_4)
                                         _046_ (net)
                  0.04    0.00    3.63 v _095_/B (sky130_fd_sc_hd__xnor2_2)
     2    0.01    0.08    0.15    3.78 v _095_/Y (sky130_fd_sc_hd__xnor2_2)
                                         _047_ (net)
                  0.08    0.00    3.78 v _097_/A2 (sky130_fd_sc_hd__a21oi_2)
     2    0.01    0.16    0.19    3.97 ^ _097_/Y (sky130_fd_sc_hd__a21oi_2)
                                         _049_ (net)
                  0.16    0.00    3.97 ^ _099_/A_N (sky130_fd_sc_hd__and2b_2)
     1    0.00    0.04    0.24    4.21 v _099_/X (sky130_fd_sc_hd__and2b_2)
                                         _051_ (net)
                  0.04    0.00    4.21 v _100_/B1 (sky130_fd_sc_hd__a21oi_2)
     2    0.01    0.16    0.15    4.36 ^ _100_/Y (sky130_fd_sc_hd__a21oi_2)
                                         _052_ (net)
                  0.16    0.00    4.36 ^ _102_/A_N (sky130_fd_sc_hd__and2b_2)
     1    0.00    0.04    0.24    4.60 v _102_/X (sky130_fd_sc_hd__and2b_2)
                                         _054_ (net)
                  0.04    0.00    4.60 v _103_/B1 (sky130_fd_sc_hd__a21o_4)
     2    0.02    0.05    0.20    4.80 v _103_/X (sky130_fd_sc_hd__a21o_4)
                                         _055_ (net)
                  0.05    0.00    4.80 v _104_/B (sky130_fd_sc_hd__xnor2_4)
     2    0.01    0.07    0.13    4.93 v _104_/Y (sky130_fd_sc_hd__xnor2_4)
                                         _056_ (net)
                  0.07    0.00    4.93 v _124_/B (sky130_fd_sc_hd__xnor2_2)
     1    0.00    0.04    0.12    5.06 v _124_/Y (sky130_fd_sc_hd__xnor2_2)
                                         x16.sum (net)
                  0.04    0.00    5.06 v _182_/D (sky130_fd_sc_hd__dfxtp_2)
                                  5.06   data arrival time

                  0.00    5.65    5.65   clock core_clock (rise edge)
                          0.00    5.65   clock network delay (ideal)
                          0.00    5.65   clock reconvergence pessimism
                                  5.65 ^ _182_/CLK (sky130_fd_sc_hd__dfxtp_2)
                         -0.12    5.53   library setup time
                                  5.53   data required time
-----------------------------------------------------------------------------
                                  5.53   data required time
                                 -5.06   data arrival time
-----------------------------------------------------------------------------
                                  0.47   slack (MET)


Startpoint: _137_ (rising edge-triggered flip-flop clocked by core_clock)
Endpoint: _181_ (rising edge-triggered flip-flop clocked by core_clock)
Path Group: core_clock
Path Type: max

Fanout     Cap    Slew   Delay    Time   Description
-----------------------------------------------------------------------------
                  0.00    0.00    0.00   clock core_clock (rise edge)
                          0.00    0.00   clock network delay (ideal)
                  0.00    0.00    0.00 ^ _137_/CLK (sky130_fd_sc_hd__dfxtp_2)
     3    0.01    0.05    0.32    0.32 v _137_/Q (sky130_fd_sc_hd__dfxtp_2)
                                         x1.a (net)
                  0.05    0.00    0.32 v _062_/B (sky130_fd_sc_hd__or2_4)
     2    0.01    0.05    0.24    0.55 v _062_/X (sky130_fd_sc_hd__or2_4)
                                         _014_ (net)
                  0.05    0.00    0.55 v _064_/A2 (sky130_fd_sc_hd__a21bo_4)
     2    0.01    0.05    0.23    0.78 v _064_/X (sky130_fd_sc_hd__a21bo_4)
                                         _016_ (net)
                  0.05    0.00    0.78 v _066_/B (sky130_fd_sc_hd__xor2_2)
     2    0.01    0.05    0.14    0.92 v _066_/X (sky130_fd_sc_hd__xor2_2)
                                         _018_ (net)
                  0.05    0.00    0.92 v _067_/B (sky130_fd_sc_hd__nand2_2)
     3    0.01    0.08    0.09    1.01 ^ _067_/Y (sky130_fd_sc_hd__nand2_2)
                                         _019_ (net)
                  0.08    0.00    1.01 ^ _068_/C (sky130_fd_sc_hd__nand3b_2)
     2    0.01    0.07    0.09    1.10 v _068_/Y (sky130_fd_sc_hd__nand3b_2)
                                         _020_ (net)
                  0.07    0.00    1.10 v _070_/A2 (sky130_fd_sc_hd__a21o_4)
     2    0.01    0.04    0.23    1.33 v _070_/X (sky130_fd_sc_hd__a21o_4)
                                         _022_ (net)
                  0.04    0.00    1.33 v _077_/A2 (sky130_fd_sc_hd__a21bo_2)
     1    0.00    0.04    0.21    1.54 v _077_/X (sky130_fd_sc_hd__a21bo_2)
                                         _029_ (net)
                  0.04    0.00    1.54 v _078_/B1 (sky130_fd_sc_hd__a21o_4)
     2    0.01    0.04    0.18    1.72 v _078_/X (sky130_fd_sc_hd__a21o_4)
                                         _030_ (net)
                  0.04    0.00    1.72 v _080_/A1 (sky130_fd_sc_hd__a21o_4)
     2    0.01    0.05    0.21    1.92 v _080_/X (sky130_fd_sc_hd__a21o_4)
                                         _032_ (net)
                  0.05    0.00    1.92 v _082_/A2 (sky130_fd_sc_hd__a21oi_4)
     2    0.01    0.13    0.16    2.08 ^ _082_/Y (sky130_fd_sc_hd__a21oi_4)
                                         _034_ (net)
                  0.13    0.00    2.08 ^ _084_/A_N (sky130_fd_sc_hd__and2b_2)
     1    0.00    0.04    0.23    2.32 v _084_/X (sky130_fd_sc_hd__and2b_2)
                                         _036_ (net)
                  0.04    0.00    2.32 v _085_/B1 (sky130_fd_sc_hd__a21oi_2)
     2    0.01    0.16    0.15    2.46 ^ _085_/Y (sky130_fd_sc_hd__a21oi_2)
                                         _037_ (net)
                  0.16    0.00    2.46 ^ _087_/A_N (sky130_fd_sc_hd__and2b_2)
     1    0.00    0.04    0.24    2.70 v _087_/X (sky130_fd_sc_hd__and2b_2)
                                         _039_ (net)
                  0.04    0.00    2.70 v _088_/B1 (sky130_fd_sc_hd__a21oi_2)
     2    0.01    0.16    0.15    2.85 ^ _088_/Y (sky130_fd_sc_hd__a21oi_2)
                                         _040_ (net)
                  0.16    0.00    2.85 ^ _090_/A_N (sky130_fd_sc_hd__and2b_2)
     1    0.00    0.04    0.24    3.09 v _090_/X (sky130_fd_sc_hd__and2b_2)
                                         _042_ (net)
                  0.04    0.00    3.09 v _091_/B1 (sky130_fd_sc_hd__a21o_4)
     2    0.02    0.05    0.20    3.29 v _091_/X (sky130_fd_sc_hd__a21o_4)
                                         _043_ (net)
                  0.05    0.00    3.29 v _092_/B (sky130_fd_sc_hd__xnor2_4)
     2    0.01    0.07    0.13    3.42 v _092_/Y (sky130_fd_sc_hd__xnor2_4)
                                         _044_ (net)
                  0.07    0.00    3.42 v _094_/A2 (sky130_fd_sc_hd__o21a_4)
     2    0.01    0.04    0.21    3.63 v _094_/X (sky130_fd_sc_hd__o21a_4)
                                         _046_ (net)
                  0.04    0.00    3.63 v _095_/B (sky130_fd_sc_hd__xnor2_2)
     2    0.01    0.08    0.15    3.78 v _095_/Y (sky130_fd_sc_hd__xnor2_2)
                                         _047_ (net)
                  0.08    0.00    3.78 v _097_/A2 (sky130_fd_sc_hd__a21oi_2)
     2    0.01    0.16    0.19    3.97 ^ _097_/Y (sky130_fd_sc_hd__a21oi_2)
                                         _049_ (net)
                  0.16    0.00    3.97 ^ _099_/A_N (sky130_fd_sc_hd__and2b_2)
     1    0.00    0.04    0.24    4.21 v _099_/X (sky130_fd_sc_hd__and2b_2)
                                         _051_ (net)
                  0.04    0.00    4.21 v _100_/B1 (sky130_fd_sc_hd__a21oi_2)
     2    0.01    0.16    0.15    4.36 ^ _100_/Y (sky130_fd_sc_hd__a21oi_2)
                                         _052_ (net)
                  0.16    0.00    4.36 ^ _101_/B (sky130_fd_sc_hd__xnor2_2)
     2    0.01    0.08    0.11    4.47 v _101_/Y (sky130_fd_sc_hd__xnor2_2)
                                         _053_ (net)
                  0.08    0.00    4.47 v _130_/B (sky130_fd_sc_hd__xor2_2)
     1    0.00    0.06    0.14    4.61 v _130_/X (sky130_fd_sc_hd__xor2_2)
                                         x14.sum (net)
                  0.06    0.00    4.61 v _181_/D (sky130_fd_sc_hd__dfxtp_2)
                                  4.61   data arrival time

                  0.00    5.65    5.65   clock core_clock (rise edge)
                          0.00    5.65   clock network delay (ideal)
                          0.00    5.65   clock reconvergence pessimism
                                  5.65 ^ _181_/CLK (sky130_fd_sc_hd__dfxtp_2)
                         -0.13    5.52   library setup time
                                  5.52   data required time
-----------------------------------------------------------------------------
                                  5.52   data required time
                                 -4.61   data arrival time
-----------------------------------------------------------------------------
                                  0.91   slack (MET)


Startpoint: _137_ (rising edge-triggered flip-flop clocked by core_clock)
Endpoint: _180_ (rising edge-triggered flip-flop clocked by core_clock)
Path Group: core_clock
Path Type: max

Fanout     Cap    Slew   Delay    Time   Description
-----------------------------------------------------------------------------
                  0.00    0.00    0.00   clock core_clock (rise edge)
                          0.00    0.00   clock network delay (ideal)
                  0.00    0.00    0.00 ^ _137_/CLK (sky130_fd_sc_hd__dfxtp_2)
     3    0.01    0.05    0.32    0.32 v _137_/Q (sky130_fd_sc_hd__dfxtp_2)
                                         x1.a (net)
                  0.05    0.00    0.32 v _062_/B (sky130_fd_sc_hd__or2_4)
     2    0.01    0.05    0.24    0.55 v _062_/X (sky130_fd_sc_hd__or2_4)
                                         _014_ (net)
                  0.05    0.00    0.55 v _064_/A2 (sky130_fd_sc_hd__a21bo_4)
     2    0.01    0.05    0.23    0.78 v _064_/X (sky130_fd_sc_hd__a21bo_4)
                                         _016_ (net)
                  0.05    0.00    0.78 v _066_/B (sky130_fd_sc_hd__xor2_2)
     2    0.01    0.05    0.14    0.92 v _066_/X (sky130_fd_sc_hd__xor2_2)
                                         _018_ (net)
                  0.05    0.00    0.92 v _067_/B (sky130_fd_sc_hd__nand2_2)
     3    0.01    0.08    0.09    1.01 ^ _067_/Y (sky130_fd_sc_hd__nand2_2)
                                         _019_ (net)
                  0.08    0.00    1.01 ^ _068_/C (sky130_fd_sc_hd__nand3b_2)
     2    0.01    0.07    0.09    1.10 v _068_/Y (sky130_fd_sc_hd__nand3b_2)
                                         _020_ (net)
                  0.07    0.00    1.10 v _070_/A2 (sky130_fd_sc_hd__a21o_4)
     2    0.01    0.04    0.23    1.33 v _070_/X (sky130_fd_sc_hd__a21o_4)
                                         _022_ (net)
                  0.04    0.00    1.33 v _077_/A2 (sky130_fd_sc_hd__a21bo_2)
     1    0.00    0.04    0.21    1.54 v _077_/X (sky130_fd_sc_hd__a21bo_2)
                                         _029_ (net)
                  0.04    0.00    1.54 v _078_/B1 (sky130_fd_sc_hd__a21o_4)
     2    0.01    0.04    0.18    1.72 v _078_/X (sky130_fd_sc_hd__a21o_4)
                                         _030_ (net)
                  0.04    0.00    1.72 v _080_/A1 (sky130_fd_sc_hd__a21o_4)
     2    0.01    0.05    0.21    1.92 v _080_/X (sky130_fd_sc_hd__a21o_4)
                                         _032_ (net)
                  0.05    0.00    1.92 v _082_/A2 (sky130_fd_sc_hd__a21oi_4)
     2    0.01    0.13    0.16    2.08 ^ _082_/Y (sky130_fd_sc_hd__a21oi_4)
                                         _034_ (net)
                  0.13    0.00    2.08 ^ _084_/A_N (sky130_fd_sc_hd__and2b_2)
     1    0.00    0.04    0.23    2.32 v _084_/X (sky130_fd_sc_hd__and2b_2)
                                         _036_ (net)
                  0.04    0.00    2.32 v _085_/B1 (sky130_fd_sc_hd__a21oi_2)
     2    0.01    0.16    0.15    2.46 ^ _085_/Y (sky130_fd_sc_hd__a21oi_2)
                                         _037_ (net)
                  0.16    0.00    2.46 ^ _087_/A_N (sky130_fd_sc_hd__and2b_2)
     1    0.00    0.04    0.24    2.70 v _087_/X (sky130_fd_sc_hd__and2b_2)
                                         _039_ (net)
                  0.04    0.00    2.70 v _088_/B1 (sky130_fd_sc_hd__a21oi_2)
     2    0.01    0.16    0.15    2.85 ^ _088_/Y (sky130_fd_sc_hd__a21oi_2)
                                         _040_ (net)
                  0.16    0.00    2.85 ^ _090_/A_N (sky130_fd_sc_hd__and2b_2)
     1    0.00    0.04    0.24    3.09 v _090_/X (sky130_fd_sc_hd__and2b_2)
                                         _042_ (net)
                  0.04    0.00    3.09 v _091_/B1 (sky130_fd_sc_hd__a21o_4)
     2    0.02    0.05    0.20    3.29 v _091_/X (sky130_fd_sc_hd__a21o_4)
                                         _043_ (net)
                  0.05    0.00    3.29 v _092_/B (sky130_fd_sc_hd__xnor2_4)
     2    0.01    0.07    0.13    3.42 v _092_/Y (sky130_fd_sc_hd__xnor2_4)
                                         _044_ (net)
                  0.07    0.00    3.42 v _094_/A2 (sky130_fd_sc_hd__o21a_4)
     2    0.01    0.04    0.21    3.63 v _094_/X (sky130_fd_sc_hd__o21a_4)
                                         _046_ (net)
                  0.04    0.00    3.63 v _095_/B (sky130_fd_sc_hd__xnor2_2)
     2    0.01    0.22    0.20    3.83 ^ _095_/Y (sky130_fd_sc_hd__xnor2_2)
                                         _047_ (net)
                  0.22    0.00    3.83 ^ _097_/A2 (sky130_fd_sc_hd__a21oi_2)
     2    0.01    0.07    0.11    3.94 v _097_/Y (sky130_fd_sc_hd__a21oi_2)
                                         _049_ (net)
                  0.07    0.00    3.94 v _098_/B (sky130_fd_sc_hd__xnor2_2)
     2    0.01    0.08    0.16    4.10 v _098_/Y (sky130_fd_sc_hd__xnor2_2)
                                         _050_ (net)
                  0.08    0.00    4.10 v _129_/B (sky130_fd_sc_hd__xor2_2)
     1    0.00    0.06    0.14    4.24 v _129_/X (sky130_fd_sc_hd__xor2_2)
                                         x13.sum (net)
                  0.06    0.00    4.24 v _180_/D (sky130_fd_sc_hd__dfxtp_2)
                                  4.24   data arrival time

                  0.00    5.65    5.65   clock core_clock (rise edge)
                          0.00    5.65   clock network delay (ideal)
                          0.00    5.65   clock reconvergence pessimism
                                  5.65 ^ _180_/CLK (sky130_fd_sc_hd__dfxtp_2)
                         -0.13    5.52   library setup time
                                  5.52   data required time
-----------------------------------------------------------------------------
                                  5.52   data required time
                                 -4.24   data arrival time
-----------------------------------------------------------------------------
                                  1.28   slack (MET)


Startpoint: _137_ (rising edge-triggered flip-flop clocked by core_clock)
Endpoint: _179_ (rising edge-triggered flip-flop clocked by core_clock)
Path Group: core_clock
Path Type: max

Fanout     Cap    Slew   Delay    Time   Description
-----------------------------------------------------------------------------
                  0.00    0.00    0.00   clock core_clock (rise edge)
                          0.00    0.00   clock network delay (ideal)
                  0.00    0.00    0.00 ^ _137_/CLK (sky130_fd_sc_hd__dfxtp_2)
     3    0.01    0.05    0.32    0.32 v _137_/Q (sky130_fd_sc_hd__dfxtp_2)
                                         x1.a (net)
                  0.05    0.00    0.32 v _062_/B (sky130_fd_sc_hd__or2_4)
     2    0.01    0.05    0.24    0.55 v _062_/X (sky130_fd_sc_hd__or2_4)
                                         _014_ (net)
                  0.05    0.00    0.55 v _064_/A2 (sky130_fd_sc_hd__a21bo_4)
     2    0.01    0.05    0.23    0.78 v _064_/X (sky130_fd_sc_hd__a21bo_4)
                                         _016_ (net)
                  0.05    0.00    0.78 v _066_/B (sky130_fd_sc_hd__xor2_2)
     2    0.01    0.05    0.14    0.92 v _066_/X (sky130_fd_sc_hd__xor2_2)
                                         _018_ (net)
                  0.05    0.00    0.92 v _067_/B (sky130_fd_sc_hd__nand2_2)
     3    0.01    0.08    0.09    1.01 ^ _067_/Y (sky130_fd_sc_hd__nand2_2)
                                         _019_ (net)
                  0.08    0.00    1.01 ^ _068_/C (sky130_fd_sc_hd__nand3b_2)
     2    0.01    0.07    0.09    1.10 v _068_/Y (sky130_fd_sc_hd__nand3b_2)
                                         _020_ (net)
                  0.07    0.00    1.10 v _070_/A2 (sky130_fd_sc_hd__a21o_4)
     2    0.01    0.04    0.23    1.33 v _070_/X (sky130_fd_sc_hd__a21o_4)
                                         _022_ (net)
                  0.04    0.00    1.33 v _077_/A2 (sky130_fd_sc_hd__a21bo_2)
     1    0.00    0.04    0.21    1.54 v _077_/X (sky130_fd_sc_hd__a21bo_2)
                                         _029_ (net)
                  0.04    0.00    1.54 v _078_/B1 (sky130_fd_sc_hd__a21o_4)
     2    0.01    0.04    0.18    1.72 v _078_/X (sky130_fd_sc_hd__a21o_4)
                                         _030_ (net)
                  0.04    0.00    1.72 v _080_/A1 (sky130_fd_sc_hd__a21o_4)
     2    0.01    0.05    0.21    1.92 v _080_/X (sky130_fd_sc_hd__a21o_4)
                                         _032_ (net)
                  0.05    0.00    1.92 v _082_/A2 (sky130_fd_sc_hd__a21oi_4)
     2    0.01    0.13    0.16    2.08 ^ _082_/Y (sky130_fd_sc_hd__a21oi_4)
                                         _034_ (net)
                  0.13    0.00    2.08 ^ _084_/A_N (sky130_fd_sc_hd__and2b_2)
     1    0.00    0.04    0.23    2.32 v _084_/X (sky130_fd_sc_hd__and2b_2)
                                         _036_ (net)
                  0.04    0.00    2.32 v _085_/B1 (sky130_fd_sc_hd__a21oi_2)
     2    0.01    0.16    0.15    2.46 ^ _085_/Y (sky130_fd_sc_hd__a21oi_2)
                                         _037_ (net)
                  0.16    0.00    2.46 ^ _087_/A_N (sky130_fd_sc_hd__and2b_2)
     1    0.00    0.04    0.24    2.70 v _087_/X (sky130_fd_sc_hd__and2b_2)
                                         _039_ (net)
                  0.04    0.00    2.70 v _088_/B1 (sky130_fd_sc_hd__a21oi_2)
     2    0.01    0.16    0.15    2.85 ^ _088_/Y (sky130_fd_sc_hd__a21oi_2)
                                         _040_ (net)
                  0.16    0.00    2.85 ^ _090_/A_N (sky130_fd_sc_hd__and2b_2)
     1    0.00    0.04    0.24    3.09 v _090_/X (sky130_fd_sc_hd__and2b_2)
                                         _042_ (net)
                  0.04    0.00    3.09 v _091_/B1 (sky130_fd_sc_hd__a21o_4)
     2    0.02    0.05    0.20    3.29 v _091_/X (sky130_fd_sc_hd__a21o_4)
                                         _043_ (net)
                  0.05    0.00    3.29 v _092_/B (sky130_fd_sc_hd__xnor2_4)
     2    0.01    0.07    0.13    3.42 v _092_/Y (sky130_fd_sc_hd__xnor2_4)
                                         _044_ (net)
                  0.07    0.00    3.42 v _094_/A2 (sky130_fd_sc_hd__o21a_4)
     2    0.01    0.04    0.21    3.63 v _094_/X (sky130_fd_sc_hd__o21a_4)
                                         _046_ (net)
                  0.04    0.00    3.63 v _095_/B (sky130_fd_sc_hd__xnor2_2)
     2    0.01    0.08    0.15    3.78 v _095_/Y (sky130_fd_sc_hd__xnor2_2)
                                         _047_ (net)
                  0.08    0.00    3.78 v _128_/B (sky130_fd_sc_hd__xor2_2)
     1    0.00    0.06    0.14    3.92 v _128_/X (sky130_fd_sc_hd__xor2_2)
                                         x12.sum (net)
                  0.06    0.00    3.92 v _179_/D (sky130_fd_sc_hd__dfxtp_2)
                                  3.92   data arrival time

                  0.00    5.65    5.65   clock core_clock (rise edge)
                          0.00    5.65   clock network delay (ideal)
                          0.00    5.65   clock reconvergence pessimism
                                  5.65 ^ _179_/CLK (sky130_fd_sc_hd__dfxtp_2)
                         -0.13    5.52   library setup time
                                  5.52   data required time
-----------------------------------------------------------------------------
                                  5.52   data required time
                                 -3.92   data arrival time
-----------------------------------------------------------------------------
                                  1.60   slack (MET)


Startpoint: _137_ (rising edge-triggered flip-flop clocked by core_clock)
Endpoint: _178_ (rising edge-triggered flip-flop clocked by core_clock)
Path Group: core_clock
Path Type: max

Fanout     Cap    Slew   Delay    Time   Description
-----------------------------------------------------------------------------
                  0.00    0.00    0.00   clock core_clock (rise edge)
                          0.00    0.00   clock network delay (ideal)
                  0.00    0.00    0.00 ^ _137_/CLK (sky130_fd_sc_hd__dfxtp_2)
     3    0.01    0.05    0.32    0.32 v _137_/Q (sky130_fd_sc_hd__dfxtp_2)
                                         x1.a (net)
                  0.05    0.00    0.32 v _062_/B (sky130_fd_sc_hd__or2_4)
     2    0.01    0.05    0.24    0.55 v _062_/X (sky130_fd_sc_hd__or2_4)
                                         _014_ (net)
                  0.05    0.00    0.55 v _064_/A2 (sky130_fd_sc_hd__a21bo_4)
     2    0.01    0.05    0.23    0.78 v _064_/X (sky130_fd_sc_hd__a21bo_4)
                                         _016_ (net)
                  0.05    0.00    0.78 v _066_/B (sky130_fd_sc_hd__xor2_2)
     2    0.01    0.05    0.14    0.92 v _066_/X (sky130_fd_sc_hd__xor2_2)
                                         _018_ (net)
                  0.05    0.00    0.92 v _067_/B (sky130_fd_sc_hd__nand2_2)
     3    0.01    0.08    0.09    1.01 ^ _067_/Y (sky130_fd_sc_hd__nand2_2)
                                         _019_ (net)
                  0.08    0.00    1.01 ^ _068_/C (sky130_fd_sc_hd__nand3b_2)
     2    0.01    0.07    0.09    1.10 v _068_/Y (sky130_fd_sc_hd__nand3b_2)
                                         _020_ (net)
                  0.07    0.00    1.10 v _070_/A2 (sky130_fd_sc_hd__a21o_4)
     2    0.01    0.04    0.23    1.33 v _070_/X (sky130_fd_sc_hd__a21o_4)
                                         _022_ (net)
                  0.04    0.00    1.33 v _077_/A2 (sky130_fd_sc_hd__a21bo_2)
     1    0.00    0.04    0.21    1.54 v _077_/X (sky130_fd_sc_hd__a21bo_2)
                                         _029_ (net)
                  0.04    0.00    1.54 v _078_/B1 (sky130_fd_sc_hd__a21o_4)
     2    0.01    0.04    0.18    1.72 v _078_/X (sky130_fd_sc_hd__a21o_4)
                                         _030_ (net)
                  0.04    0.00    1.72 v _080_/A1 (sky130_fd_sc_hd__a21o_4)
     2    0.01    0.05    0.21    1.92 v _080_/X (sky130_fd_sc_hd__a21o_4)
                                         _032_ (net)
                  0.05    0.00    1.92 v _082_/A2 (sky130_fd_sc_hd__a21oi_4)
     2    0.01    0.13    0.16    2.08 ^ _082_/Y (sky130_fd_sc_hd__a21oi_4)
                                         _034_ (net)
                  0.13    0.00    2.08 ^ _084_/A_N (sky130_fd_sc_hd__and2b_2)
     1    0.00    0.04    0.23    2.32 v _084_/X (sky130_fd_sc_hd__and2b_2)
                                         _036_ (net)
                  0.04    0.00    2.32 v _085_/B1 (sky130_fd_sc_hd__a21oi_2)
     2    0.01    0.16    0.15    2.46 ^ _085_/Y (sky130_fd_sc_hd__a21oi_2)
                                         _037_ (net)
                  0.16    0.00    2.46 ^ _087_/A_N (sky130_fd_sc_hd__and2b_2)
     1    0.00    0.04    0.24    2.70 v _087_/X (sky130_fd_sc_hd__and2b_2)
                                         _039_ (net)
                  0.04    0.00    2.70 v _088_/B1 (sky130_fd_sc_hd__a21oi_2)
     2    0.01    0.16    0.15    2.85 ^ _088_/Y (sky130_fd_sc_hd__a21oi_2)
                                         _040_ (net)
                  0.16    0.00    2.85 ^ _090_/A_N (sky130_fd_sc_hd__and2b_2)
     1    0.00    0.04    0.24    3.09 v _090_/X (sky130_fd_sc_hd__and2b_2)
                                         _042_ (net)
                  0.04    0.00    3.09 v _091_/B1 (sky130_fd_sc_hd__a21o_4)
     2    0.02    0.05    0.20    3.29 v _091_/X (sky130_fd_sc_hd__a21o_4)
                                         _043_ (net)
                  0.05    0.00    3.29 v _092_/B (sky130_fd_sc_hd__xnor2_4)
     2    0.01    0.07    0.13    3.42 v _092_/Y (sky130_fd_sc_hd__xnor2_4)
                                         _044_ (net)
                  0.07    0.00    3.42 v _127_/B (sky130_fd_sc_hd__xnor2_2)
     1    0.00    0.04    0.12    3.55 v _127_/Y (sky130_fd_sc_hd__xnor2_2)
                                         x11.sum (net)
                  0.04    0.00    3.55 v _178_/D (sky130_fd_sc_hd__dfxtp_2)
                                  3.55   data arrival time

                  0.00    5.65    5.65   clock core_clock (rise edge)
                          0.00    5.65   clock network delay (ideal)
                          0.00    5.65   clock reconvergence pessimism
                                  5.65 ^ _178_/CLK (sky130_fd_sc_hd__dfxtp_2)
                         -0.12    5.53   library setup time
                                  5.53   data required time
-----------------------------------------------------------------------------
                                  5.53   data required time
                                 -3.55   data arrival time
-----------------------------------------------------------------------------
                                  1.98   slack (MET)


Startpoint: _137_ (rising edge-triggered flip-flop clocked by core_clock)
Endpoint: _177_ (rising edge-triggered flip-flop clocked by core_clock)
Path Group: core_clock
Path Type: max

Fanout     Cap    Slew   Delay    Time   Description
-----------------------------------------------------------------------------
                  0.00    0.00    0.00   clock core_clock (rise edge)
                          0.00    0.00   clock network delay (ideal)
                  0.00    0.00    0.00 ^ _137_/CLK (sky130_fd_sc_hd__dfxtp_2)
     3    0.01    0.05    0.32    0.32 v _137_/Q (sky130_fd_sc_hd__dfxtp_2)
                                         x1.a (net)
                  0.05    0.00    0.32 v _062_/B (sky130_fd_sc_hd__or2_4)
     2    0.01    0.05    0.24    0.55 v _062_/X (sky130_fd_sc_hd__or2_4)
                                         _014_ (net)
                  0.05    0.00    0.55 v _064_/A2 (sky130_fd_sc_hd__a21bo_4)
     2    0.01    0.05    0.23    0.78 v _064_/X (sky130_fd_sc_hd__a21bo_4)
                                         _016_ (net)
                  0.05    0.00    0.78 v _066_/B (sky130_fd_sc_hd__xor2_2)
     2    0.01    0.05    0.14    0.92 v _066_/X (sky130_fd_sc_hd__xor2_2)
                                         _018_ (net)
                  0.05    0.00    0.92 v _067_/B (sky130_fd_sc_hd__nand2_2)
     3    0.01    0.08    0.09    1.01 ^ _067_/Y (sky130_fd_sc_hd__nand2_2)
                                         _019_ (net)
                  0.08    0.00    1.01 ^ _068_/C (sky130_fd_sc_hd__nand3b_2)
     2    0.01    0.07    0.09    1.10 v _068_/Y (sky130_fd_sc_hd__nand3b_2)
                                         _020_ (net)
                  0.07    0.00    1.10 v _070_/A2 (sky130_fd_sc_hd__a21o_4)
     2    0.01    0.04    0.23    1.33 v _070_/X (sky130_fd_sc_hd__a21o_4)
                                         _022_ (net)
                  0.04    0.00    1.33 v _077_/A2 (sky130_fd_sc_hd__a21bo_2)
     1    0.00    0.04    0.21    1.54 v _077_/X (sky130_fd_sc_hd__a21bo_2)
                                         _029_ (net)
                  0.04    0.00    1.54 v _078_/B1 (sky130_fd_sc_hd__a21o_4)
     2    0.01    0.04    0.18    1.72 v _078_/X (sky130_fd_sc_hd__a21o_4)
                                         _030_ (net)
                  0.04    0.00    1.72 v _080_/A1 (sky130_fd_sc_hd__a21o_4)
     2    0.01    0.05    0.21    1.92 v _080_/X (sky130_fd_sc_hd__a21o_4)
                                         _032_ (net)
                  0.05    0.00    1.92 v _082_/A2 (sky130_fd_sc_hd__a21oi_4)
     2    0.01    0.13    0.16    2.08 ^ _082_/Y (sky130_fd_sc_hd__a21oi_4)
                                         _034_ (net)
                  0.13    0.00    2.08 ^ _084_/A_N (sky130_fd_sc_hd__and2b_2)
     1    0.00    0.04    0.23    2.32 v _084_/X (sky130_fd_sc_hd__and2b_2)
                                         _036_ (net)
                  0.04    0.00    2.32 v _085_/B1 (sky130_fd_sc_hd__a21oi_2)
     2    0.01    0.16    0.15    2.46 ^ _085_/Y (sky130_fd_sc_hd__a21oi_2)
                                         _037_ (net)
                  0.16    0.00    2.46 ^ _087_/A_N (sky130_fd_sc_hd__and2b_2)
     1    0.00    0.04    0.24    2.70 v _087_/X (sky130_fd_sc_hd__and2b_2)
                                         _039_ (net)
                  0.04    0.00    2.70 v _088_/B1 (sky130_fd_sc_hd__a21oi_2)
     2    0.01    0.16    0.15    2.85 ^ _088_/Y (sky130_fd_sc_hd__a21oi_2)
                                         _040_ (net)
                  0.16    0.00    2.85 ^ _089_/B (sky130_fd_sc_hd__xnor2_2)
     2    0.01    0.08    0.11    2.96 v _089_/Y (sky130_fd_sc_hd__xnor2_2)
                                         _041_ (net)
                  0.08    0.00    2.96 v _136_/B (sky130_fd_sc_hd__xor2_2)
     1    0.00    0.06    0.14    3.10 v _136_/X (sky130_fd_sc_hd__xor2_2)
                                         x9.sum (net)
                  0.06    0.00    3.10 v _177_/D (sky130_fd_sc_hd__dfxtp_2)
                                  3.10   data arrival time

                  0.00    5.65    5.65   clock core_clock (rise edge)
                          0.00    5.65   clock network delay (ideal)
                          0.00    5.65   clock reconvergence pessimism
                                  5.65 ^ _177_/CLK (sky130_fd_sc_hd__dfxtp_2)
                         -0.13    5.52   library setup time
                                  5.52   data required time
-----------------------------------------------------------------------------
                                  5.52   data required time
                                 -3.10   data arrival time
-----------------------------------------------------------------------------
                                  2.42   slack (MET)


Startpoint: _137_ (rising edge-triggered flip-flop clocked by core_clock)
Endpoint: _176_ (rising edge-triggered flip-flop clocked by core_clock)
Path Group: core_clock
Path Type: max

Fanout     Cap    Slew   Delay    Time   Description
-----------------------------------------------------------------------------
                  0.00    0.00    0.00   clock core_clock (rise edge)
                          0.00    0.00   clock network delay (ideal)
                  0.00    0.00    0.00 ^ _137_/CLK (sky130_fd_sc_hd__dfxtp_2)
     3    0.01    0.05    0.32    0.32 v _137_/Q (sky130_fd_sc_hd__dfxtp_2)
                                         x1.a (net)
                  0.05    0.00    0.32 v _062_/B (sky130_fd_sc_hd__or2_4)
     2    0.01    0.05    0.24    0.55 v _062_/X (sky130_fd_sc_hd__or2_4)
                                         _014_ (net)
                  0.05    0.00    0.55 v _064_/A2 (sky130_fd_sc_hd__a21bo_4)
     2    0.01    0.05    0.23    0.78 v _064_/X (sky130_fd_sc_hd__a21bo_4)
                                         _016_ (net)
                  0.05    0.00    0.78 v _066_/B (sky130_fd_sc_hd__xor2_2)
     2    0.01    0.05    0.14    0.92 v _066_/X (sky130_fd_sc_hd__xor2_2)
                                         _018_ (net)
                  0.05    0.00    0.92 v _067_/B (sky130_fd_sc_hd__nand2_2)
     3    0.01    0.08    0.09    1.01 ^ _067_/Y (sky130_fd_sc_hd__nand2_2)
                                         _019_ (net)
                  0.08    0.00    1.01 ^ _068_/C (sky130_fd_sc_hd__nand3b_2)
     2    0.01    0.07    0.09    1.10 v _068_/Y (sky130_fd_sc_hd__nand3b_2)
                                         _020_ (net)
                  0.07    0.00    1.10 v _070_/A2 (sky130_fd_sc_hd__a21o_4)
     2    0.01    0.04    0.23    1.33 v _070_/X (sky130_fd_sc_hd__a21o_4)
                                         _022_ (net)
                  0.04    0.00    1.33 v _077_/A2 (sky130_fd_sc_hd__a21bo_2)
     1    0.00    0.04    0.21    1.54 v _077_/X (sky130_fd_sc_hd__a21bo_2)
                                         _029_ (net)
                  0.04    0.00    1.54 v _078_/B1 (sky130_fd_sc_hd__a21o_4)
     2    0.01    0.04    0.18    1.72 v _078_/X (sky130_fd_sc_hd__a21o_4)
                                         _030_ (net)
                  0.04    0.00    1.72 v _080_/A1 (sky130_fd_sc_hd__a21o_4)
     2    0.01    0.05    0.21    1.92 v _080_/X (sky130_fd_sc_hd__a21o_4)
                                         _032_ (net)
                  0.05    0.00    1.92 v _082_/A2 (sky130_fd_sc_hd__a21oi_4)
     2    0.01    0.13    0.16    2.08 ^ _082_/Y (sky130_fd_sc_hd__a21oi_4)
                                         _034_ (net)
                  0.13    0.00    2.08 ^ _084_/A_N (sky130_fd_sc_hd__and2b_2)
     1    0.00    0.04    0.23    2.32 v _084_/X (sky130_fd_sc_hd__and2b_2)
                                         _036_ (net)
                  0.04    0.00    2.32 v _085_/B1 (sky130_fd_sc_hd__a21oi_2)
     2    0.01    0.16    0.15    2.46 ^ _085_/Y (sky130_fd_sc_hd__a21oi_2)
                                         _037_ (net)
                  0.16    0.00    2.46 ^ _086_/B (sky130_fd_sc_hd__xnor2_2)
     2    0.01    0.08    0.11    2.57 v _086_/Y (sky130_fd_sc_hd__xnor2_2)
                                         _038_ (net)
                  0.08    0.00    2.57 v _134_/B (sky130_fd_sc_hd__xor2_2)
     1    0.00    0.06    0.14    2.71 v _134_/X (sky130_fd_sc_hd__xor2_2)
                                         x8.sum (net)
                  0.06    0.00    2.71 v _176_/D (sky130_fd_sc_hd__dfxtp_2)
                                  2.71   data arrival time

                  0.00    5.65    5.65   clock core_clock (rise edge)
                          0.00    5.65   clock network delay (ideal)
                          0.00    5.65   clock reconvergence pessimism
                                  5.65 ^ _176_/CLK (sky130_fd_sc_hd__dfxtp_2)
                         -0.13    5.52   library setup time
                                  5.52   data required time
-----------------------------------------------------------------------------
                                  5.52   data required time
                                 -2.71   data arrival time
-----------------------------------------------------------------------------
                                  2.81   slack (MET)


Startpoint: _137_ (rising edge-triggered flip-flop clocked by core_clock)
Endpoint: _175_ (rising edge-triggered flip-flop clocked by core_clock)
Path Group: core_clock
Path Type: max

Fanout     Cap    Slew   Delay    Time   Description
-----------------------------------------------------------------------------
                  0.00    0.00    0.00   clock core_clock (rise edge)
                          0.00    0.00   clock network delay (ideal)
                  0.00    0.00    0.00 ^ _137_/CLK (sky130_fd_sc_hd__dfxtp_2)
     3    0.01    0.05    0.32    0.32 v _137_/Q (sky130_fd_sc_hd__dfxtp_2)
                                         x1.a (net)
                  0.05    0.00    0.32 v _062_/B (sky130_fd_sc_hd__or2_4)
     2    0.01    0.05    0.24    0.55 v _062_/X (sky130_fd_sc_hd__or2_4)
                                         _014_ (net)
                  0.05    0.00    0.55 v _064_/A2 (sky130_fd_sc_hd__a21bo_4)
     2    0.01    0.05    0.23    0.78 v _064_/X (sky130_fd_sc_hd__a21bo_4)
                                         _016_ (net)
                  0.05    0.00    0.78 v _066_/B (sky130_fd_sc_hd__xor2_2)
     2    0.01    0.05    0.14    0.92 v _066_/X (sky130_fd_sc_hd__xor2_2)
                                         _018_ (net)
                  0.05    0.00    0.92 v _067_/B (sky130_fd_sc_hd__nand2_2)
     3    0.01    0.08    0.09    1.01 ^ _067_/Y (sky130_fd_sc_hd__nand2_2)
                                         _019_ (net)
                  0.08    0.00    1.01 ^ _068_/C (sky130_fd_sc_hd__nand3b_2)
     2    0.01    0.07    0.09    1.10 v _068_/Y (sky130_fd_sc_hd__nand3b_2)
                                         _020_ (net)
                  0.07    0.00    1.10 v _070_/A2 (sky130_fd_sc_hd__a21o_4)
     2    0.01    0.04    0.23    1.33 v _070_/X (sky130_fd_sc_hd__a21o_4)
                                         _022_ (net)
                  0.04    0.00    1.33 v _077_/A2 (sky130_fd_sc_hd__a21bo_2)
     1    0.00    0.04    0.21    1.54 v _077_/X (sky130_fd_sc_hd__a21bo_2)
                                         _029_ (net)
                  0.04    0.00    1.54 v _078_/B1 (sky130_fd_sc_hd__a21o_4)
     2    0.01    0.04    0.18    1.72 v _078_/X (sky130_fd_sc_hd__a21o_4)
                                         _030_ (net)
                  0.04    0.00    1.72 v _080_/A1 (sky130_fd_sc_hd__a21o_4)
     2    0.01    0.05    0.21    1.92 v _080_/X (sky130_fd_sc_hd__a21o_4)
                                         _032_ (net)
                  0.05    0.00    1.92 v _082_/A2 (sky130_fd_sc_hd__a21oi_4)
     2    0.01    0.13    0.16    2.08 ^ _082_/Y (sky130_fd_sc_hd__a21oi_4)
                                         _034_ (net)
                  0.13    0.00    2.08 ^ _083_/B (sky130_fd_sc_hd__xnor2_2)
     2    0.01    0.08    0.10    2.19 v _083_/Y (sky130_fd_sc_hd__xnor2_2)
                                         _035_ (net)
                  0.08    0.00    2.19 v _133_/B (sky130_fd_sc_hd__xor2_2)
     1    0.00    0.06    0.14    2.33 v _133_/X (sky130_fd_sc_hd__xor2_2)
                                         x7.sum (net)
                  0.06    0.00    2.33 v _175_/D (sky130_fd_sc_hd__dfxtp_2)
                                  2.33   data arrival time

                  0.00    5.65    5.65   clock core_clock (rise edge)
                          0.00    5.65   clock network delay (ideal)
                          0.00    5.65   clock reconvergence pessimism
                                  5.65 ^ _175_/CLK (sky130_fd_sc_hd__dfxtp_2)
                         -0.13    5.52   library setup time
                                  5.52   data required time
-----------------------------------------------------------------------------
                                  5.52   data required time
                                 -2.33   data arrival time
-----------------------------------------------------------------------------
                                  3.19   slack (MET)


Startpoint: _137_ (rising edge-triggered flip-flop clocked by core_clock)
Endpoint: _174_ (rising edge-triggered flip-flop clocked by core_clock)
Path Group: core_clock
Path Type: max

Fanout     Cap    Slew   Delay    Time   Description
-----------------------------------------------------------------------------
                  0.00    0.00    0.00   clock core_clock (rise edge)
                          0.00    0.00   clock network delay (ideal)
                  0.00    0.00    0.00 ^ _137_/CLK (sky130_fd_sc_hd__dfxtp_2)
     3    0.01    0.05    0.32    0.32 v _137_/Q (sky130_fd_sc_hd__dfxtp_2)
                                         x1.a (net)
                  0.05    0.00    0.32 v _062_/B (sky130_fd_sc_hd__or2_4)
     2    0.01    0.05    0.24    0.55 v _062_/X (sky130_fd_sc_hd__or2_4)
                                         _014_ (net)
                  0.05    0.00    0.55 v _064_/A2 (sky130_fd_sc_hd__a21bo_4)
     2    0.01    0.05    0.23    0.78 v _064_/X (sky130_fd_sc_hd__a21bo_4)
                                         _016_ (net)
                  0.05    0.00    0.78 v _066_/B (sky130_fd_sc_hd__xor2_2)
     2    0.01    0.05    0.14    0.92 v _066_/X (sky130_fd_sc_hd__xor2_2)
                                         _018_ (net)
                  0.05    0.00    0.92 v _067_/B (sky130_fd_sc_hd__nand2_2)
     3    0.01    0.08    0.09    1.01 ^ _067_/Y (sky130_fd_sc_hd__nand2_2)
                                         _019_ (net)
                  0.08    0.00    1.01 ^ _068_/C (sky130_fd_sc_hd__nand3b_2)
     2    0.01    0.07    0.09    1.10 v _068_/Y (sky130_fd_sc_hd__nand3b_2)
                                         _020_ (net)
                  0.07    0.00    1.10 v _070_/A2 (sky130_fd_sc_hd__a21o_4)
     2    0.01    0.04    0.23    1.33 v _070_/X (sky130_fd_sc_hd__a21o_4)
                                         _022_ (net)
                  0.04    0.00    1.33 v _077_/A2 (sky130_fd_sc_hd__a21bo_2)
     1    0.00    0.04    0.21    1.54 v _077_/X (sky130_fd_sc_hd__a21bo_2)
                                         _029_ (net)
                  0.04    0.00    1.54 v _078_/B1 (sky130_fd_sc_hd__a21o_4)
     2    0.01    0.04    0.18    1.72 v _078_/X (sky130_fd_sc_hd__a21o_4)
                                         _030_ (net)
                  0.04    0.00    1.72 v _081_/B (sky130_fd_sc_hd__and3_4)
     2    0.01    0.04    0.17    1.89 v _081_/X (sky130_fd_sc_hd__and3_4)
                                         _033_ (net)
                  0.04    0.00    1.89 v _131_/A_N (sky130_fd_sc_hd__nand2b_2)
     1    0.01    0.06    0.18    2.07 v _131_/Y (sky130_fd_sc_hd__nand2b_2)
                                         _011_ (net)
                  0.06    0.00    2.07 v _132_/B (sky130_fd_sc_hd__xnor2_2)
     1    0.00    0.04    0.12    2.19 v _132_/Y (sky130_fd_sc_hd__xnor2_2)
                                         x6.sum (net)
                  0.04    0.00    2.19 v _174_/D (sky130_fd_sc_hd__dfxtp_2)
                                  2.19   data arrival time

                  0.00    5.65    5.65   clock core_clock (rise edge)
                          0.00    5.65   clock network delay (ideal)
                          0.00    5.65   clock reconvergence pessimism
                                  5.65 ^ _174_/CLK (sky130_fd_sc_hd__dfxtp_2)
                         -0.12    5.53   library setup time
                                  5.53   data required time
-----------------------------------------------------------------------------
                                  5.53   data required time
                                 -2.19   data arrival time
-----------------------------------------------------------------------------
                                  3.34   slack (MET)


Startpoint: _137_ (rising edge-triggered flip-flop clocked by core_clock)
Endpoint: _173_ (rising edge-triggered flip-flop clocked by core_clock)
Path Group: core_clock
Path Type: max

Fanout     Cap    Slew   Delay    Time   Description
-----------------------------------------------------------------------------
                  0.00    0.00    0.00   clock core_clock (rise edge)
                          0.00    0.00   clock network delay (ideal)
                  0.00    0.00    0.00 ^ _137_/CLK (sky130_fd_sc_hd__dfxtp_2)
     3    0.01    0.05    0.32    0.32 v _137_/Q (sky130_fd_sc_hd__dfxtp_2)
                                         x1.a (net)
                  0.05    0.00    0.32 v _062_/B (sky130_fd_sc_hd__or2_4)
     2    0.01    0.05    0.24    0.55 v _062_/X (sky130_fd_sc_hd__or2_4)
                                         _014_ (net)
                  0.05    0.00    0.55 v _064_/A2 (sky130_fd_sc_hd__a21bo_4)
     2    0.01    0.05    0.23    0.78 v _064_/X (sky130_fd_sc_hd__a21bo_4)
                                         _016_ (net)
                  0.05    0.00    0.78 v _066_/B (sky130_fd_sc_hd__xor2_2)
     2    0.01    0.05    0.14    0.92 v _066_/X (sky130_fd_sc_hd__xor2_2)
                                         _018_ (net)
                  0.05    0.00    0.92 v _067_/B (sky130_fd_sc_hd__nand2_2)
     3    0.01    0.08    0.09    1.01 ^ _067_/Y (sky130_fd_sc_hd__nand2_2)
                                         _019_ (net)
                  0.08    0.00    1.01 ^ _068_/C (sky130_fd_sc_hd__nand3b_2)
     2    0.01    0.07    0.09    1.10 v _068_/Y (sky130_fd_sc_hd__nand3b_2)
                                         _020_ (net)
                  0.07    0.00    1.10 v _070_/A2 (sky130_fd_sc_hd__a21o_4)
     2    0.01    0.04    0.23    1.33 v _070_/X (sky130_fd_sc_hd__a21o_4)
                                         _022_ (net)
                  0.04    0.00    1.33 v _071_/B (sky130_fd_sc_hd__xor2_2)
     2    0.01    0.08    0.16    1.49 v _071_/X (sky130_fd_sc_hd__xor2_2)
                                         _023_ (net)
                  0.08    0.00    1.49 v _123_/B (sky130_fd_sc_hd__xor2_2)
     1    0.00    0.06    0.14    1.63 v _123_/X (sky130_fd_sc_hd__xor2_2)
                                         x4.sum (net)
                  0.06    0.00    1.63 v _173_/D (sky130_fd_sc_hd__dfxtp_2)
                                  1.63   data arrival time

                  0.00    5.65    5.65   clock core_clock (rise edge)
                          0.00    5.65   clock network delay (ideal)
                          0.00    5.65   clock reconvergence pessimism
                                  5.65 ^ _173_/CLK (sky130_fd_sc_hd__dfxtp_2)
                         -0.13    5.52   library setup time
                                  5.52   data required time
-----------------------------------------------------------------------------
                                  5.52   data required time
                                 -1.63   data arrival time
-----------------------------------------------------------------------------
                                  3.89   slack (MET)


Startpoint: _137_ (rising edge-triggered flip-flop clocked by core_clock)
Endpoint: _172_ (rising edge-triggered flip-flop clocked by core_clock)
Path Group: core_clock
Path Type: max

Fanout     Cap    Slew   Delay    Time   Description
-----------------------------------------------------------------------------
                  0.00    0.00    0.00   clock core_clock (rise edge)
                          0.00    0.00   clock network delay (ideal)
                  0.00    0.00    0.00 ^ _137_/CLK (sky130_fd_sc_hd__dfxtp_2)
     3    0.01    0.05    0.32    0.32 v _137_/Q (sky130_fd_sc_hd__dfxtp_2)
                                         x1.a (net)
                  0.05    0.00    0.32 v _062_/B (sky130_fd_sc_hd__or2_4)
     2    0.01    0.05    0.24    0.55 v _062_/X (sky130_fd_sc_hd__or2_4)
                                         _014_ (net)
                  0.05    0.00    0.55 v _064_/A2 (sky130_fd_sc_hd__a21bo_4)
     2    0.01    0.05    0.23    0.78 v _064_/X (sky130_fd_sc_hd__a21bo_4)
                                         _016_ (net)
                  0.05    0.00    0.78 v _066_/B (sky130_fd_sc_hd__xor2_2)
     2    0.01    0.13    0.14    0.91 ^ _066_/X (sky130_fd_sc_hd__xor2_2)
                                         _018_ (net)
                  0.13    0.00    0.91 ^ _067_/B (sky130_fd_sc_hd__nand2_2)
     3    0.01    0.06    0.09    1.00 v _067_/Y (sky130_fd_sc_hd__nand2_2)
                                         _019_ (net)
                  0.06    0.00    1.00 v _069_/A2 (sky130_fd_sc_hd__a21boi_2)
     2    0.01    0.12    0.16    1.15 ^ _069_/Y (sky130_fd_sc_hd__a21boi_2)
                                         _021_ (net)
                  0.12    0.00    1.15 ^ _121_/A_N (sky130_fd_sc_hd__and2b_2)
     1    0.01    0.05    0.24    1.40 v _121_/X (sky130_fd_sc_hd__and2b_2)
                                         _010_ (net)
                  0.05    0.00    1.40 v _122_/B (sky130_fd_sc_hd__xor2_2)
     1    0.00    0.04    0.13    1.53 v _122_/X (sky130_fd_sc_hd__xor2_2)
                                         x3.sum (net)
                  0.04    0.00    1.53 v _172_/D (sky130_fd_sc_hd__dfxtp_2)
                                  1.53   data arrival time

                  0.00    5.65    5.65   clock core_clock (rise edge)
                          0.00    5.65   clock network delay (ideal)
                          0.00    5.65   clock reconvergence pessimism
                                  5.65 ^ _172_/CLK (sky130_fd_sc_hd__dfxtp_2)
                         -0.12    5.53   library setup time
                                  5.53   data required time
-----------------------------------------------------------------------------
                                  5.53   data required time
                                 -1.53   data arrival time
-----------------------------------------------------------------------------
                                  4.00   slack (MET)


Startpoint: _137_ (rising edge-triggered flip-flop clocked by core_clock)
Endpoint: _171_ (rising edge-triggered flip-flop clocked by core_clock)
Path Group: core_clock
Path Type: max

Fanout     Cap    Slew   Delay    Time   Description
-----------------------------------------------------------------------------
                  0.00    0.00    0.00   clock core_clock (rise edge)
                          0.00    0.00   clock network delay (ideal)
                  0.00    0.00    0.00 ^ _137_/CLK (sky130_fd_sc_hd__dfxtp_2)
     3    0.01    0.05    0.32    0.32 v _137_/Q (sky130_fd_sc_hd__dfxtp_2)
                                         x1.a (net)
                  0.05    0.00    0.32 v _062_/B (sky130_fd_sc_hd__or2_4)
     2    0.01    0.05    0.24    0.55 v _062_/X (sky130_fd_sc_hd__or2_4)
                                         _014_ (net)
                  0.05    0.00    0.55 v _064_/A2 (sky130_fd_sc_hd__a21bo_4)
     2    0.01    0.05    0.23    0.78 v _064_/X (sky130_fd_sc_hd__a21bo_4)
                                         _016_ (net)
                  0.05    0.00    0.78 v _066_/B (sky130_fd_sc_hd__xor2_2)
     2    0.01    0.05    0.14    0.92 v _066_/X (sky130_fd_sc_hd__xor2_2)
                                         _018_ (net)
                  0.05    0.00    0.92 v _118_/B (sky130_fd_sc_hd__or2_2)
     1    0.00    0.05    0.26    1.18 v _118_/X (sky130_fd_sc_hd__or2_2)
                                         _008_ (net)
                  0.05    0.00    1.18 v _119_/B (sky130_fd_sc_hd__and2_2)
     1    0.00    0.03    0.18    1.36 v _119_/X (sky130_fd_sc_hd__and2_2)
                                         _009_ (net)
                  0.03    0.00    1.36 v _120_/A (sky130_fd_sc_hd__buf_1)
     1    0.00    0.02    0.08    1.44 v _120_/X (sky130_fd_sc_hd__buf_1)
                                         x2.sum (net)
                  0.02    0.00    1.44 v _171_/D (sky130_fd_sc_hd__dfxtp_2)
                                  1.44   data arrival time

                  0.00    5.65    5.65   clock core_clock (rise edge)
                          0.00    5.65   clock network delay (ideal)
                          0.00    5.65   clock reconvergence pessimism
                                  5.65 ^ _171_/CLK (sky130_fd_sc_hd__dfxtp_2)
                         -0.11    5.54   library setup time
                                  5.54   data required time
-----------------------------------------------------------------------------
                                  5.54   data required time
                                 -1.44   data arrival time
-----------------------------------------------------------------------------
                                  4.10   slack (MET)


Startpoint: _137_ (rising edge-triggered flip-flop clocked by core_clock)
Endpoint: _170_ (rising edge-triggered flip-flop clocked by core_clock)
Path Group: core_clock
Path Type: max

Fanout     Cap    Slew   Delay    Time   Description
-----------------------------------------------------------------------------
                  0.00    0.00    0.00   clock core_clock (rise edge)
                          0.00    0.00   clock network delay (ideal)
                  0.00    0.00    0.00 ^ _137_/CLK (sky130_fd_sc_hd__dfxtp_2)
     3    0.01    0.05    0.32    0.32 v _137_/Q (sky130_fd_sc_hd__dfxtp_2)
                                         x1.a (net)
                  0.05    0.00    0.32 v _062_/B (sky130_fd_sc_hd__or2_4)
     2    0.01    0.05    0.24    0.55 v _062_/X (sky130_fd_sc_hd__or2_4)
                                         _014_ (net)
                  0.05    0.00    0.55 v _116_/B (sky130_fd_sc_hd__nand2_2)
     1    0.01    0.06    0.08    0.63 ^ _116_/Y (sky130_fd_sc_hd__nand2_2)
                                         _007_ (net)
                  0.06    0.00    0.63 ^ _117_/B (sky130_fd_sc_hd__xnor2_2)
     1    0.00    0.04    0.05    0.68 v _117_/Y (sky130_fd_sc_hd__xnor2_2)
                                         x1.sum (net)
                  0.04    0.00    0.68 v _170_/D (sky130_fd_sc_hd__dfxtp_2)
                                  0.68   data arrival time

                  0.00    5.65    5.65   clock core_clock (rise edge)
                          0.00    5.65   clock network delay (ideal)
                          0.00    5.65   clock reconvergence pessimism
                                  5.65 ^ _170_/CLK (sky130_fd_sc_hd__dfxtp_2)
                         -0.12    5.53   library setup time
                                  5.53   data required time
-----------------------------------------------------------------------------
                                  5.53   data required time
                                 -0.68   data arrival time
-----------------------------------------------------------------------------
                                  4.85   slack (MET)



worst slack corner Typical: -0.7380
