
===========================================================================
 report_power
============================================================================
======================= Fastest Corner ===================================

Group                  Internal  Switching    Leakage      Total
                          Power      Power      Power      Power (Watts)
----------------------------------------------------------------
Sequential             5.03e-04   2.17e-05   7.26e-10   5.25e-04  49.7%
Combinational          4.40e-05   4.19e-05   4.96e-10   8.59e-05   8.1%
Clock                  2.72e-04   1.73e-04   8.71e-10   4.45e-04  42.1%
Macro                  0.00e+00   0.00e+00   0.00e+00   0.00e+00   0.0%
Pad                    0.00e+00   0.00e+00   0.00e+00   0.00e+00   0.0%
----------------------------------------------------------------
Total                  8.20e-04   2.36e-04   2.09e-09   1.06e-03 100.0%
                          77.6%      22.4%       0.0%

======================= Slowest Corner ===================================

Group                  Internal  Switching    Leakage      Total
                          Power      Power      Power      Power (Watts)
----------------------------------------------------------------
Sequential             3.37e-04   1.43e-05   7.32e-07   3.52e-04  48.9%
Combinational          3.31e-05   2.77e-05   5.55e-07   6.14e-05   8.5%
Clock                  1.96e-04   1.10e-04   1.34e-07   3.07e-04  42.6%
Macro                  0.00e+00   0.00e+00   0.00e+00   0.00e+00   0.0%
Pad                    0.00e+00   0.00e+00   0.00e+00   0.00e+00   0.0%
----------------------------------------------------------------
Total                  5.67e-04   1.52e-04   1.42e-06   7.20e-04 100.0%
                          78.7%      21.1%       0.2%

======================= Typical Corner ===================================

Group                  Internal  Switching    Leakage      Total
                          Power      Power      Power      Power (Watts)
----------------------------------------------------------------
Sequential             4.34e-04   1.83e-05   4.22e-10   4.52e-04  49.6%
Combinational          4.03e-05   3.55e-05   3.29e-10   7.57e-05   8.3%
Clock                  2.38e-04   1.45e-04   5.21e-10   3.83e-04  42.1%
Macro                  0.00e+00   0.00e+00   0.00e+00   0.00e+00   0.0%
Pad                    0.00e+00   0.00e+00   0.00e+00   0.00e+00   0.0%
----------------------------------------------------------------
Total                  7.13e-04   1.99e-04   1.27e-09   9.11e-04 100.0%
                          78.2%      21.8%       0.0%

