OpenROAD b16bda7e82721d10566ff7e2b68f1ff0be9f9e38 
Features included (+) or not (-): +Charts +GPU +GUI +Python
This program is licensed under the BSD-3 license. See the LICENSE file for details.
Components of this program may be licensed under more restrictive licenses which must be honored.
Top-level design name: adder
Block boundaries: 0 0 78305 89025
Horizontal Tracks Origin: 340, Count: 131, Step: 680
Vertical Tracks Origin: 230, Count: 170, Step: 460
Placement details for the #N side
Virtual pin count:  0
Actual pin count:  16
Total pin count:  16
Tracks count:  170
Tracks per pin:  10
Used tracks count:  151
Unused track count:  19
Starting track index:  9
Placement Map:
[230, 690, 1150, 1610, 2070, 2530, 2990, 3450, 3910, [91m4370[0m, 4830, 5290, 5750, 6210, 6670, 7130, 7590, 8050, 8510, [91m8970[0m, 9430, 9890, 10350, 10810, 11270, 11730, 12190, 12650, 13110, [91m13570[0m, 14030, 14490, 14950, 15410, 15870, 16330, 16790, 17250, 17710, [91m18170[0m, 18630, 19090, 19550, 20010, 20470, 20930, 21390, 21850, 22310, [91m22770[0m, 23230, 23690, 24150, 24610, 25070, 25530, 25990, 26450, 26910, [91m27370[0m, 27830, 28290, 28750, 29210, 29670, 30130, 30590, 31050, 31510, [91m31970[0m, 32430, 32890, 33350, 33810, 34270, 34730, 35190, 35650, 36110, [91m36570[0m, 37030, 37490, 37950, 38410, 38870, 39330, 39790, 40250, 40710, [91m41170[0m, 41630, 42090, 42550, 43010, 43470, 43930, 44390, 44850, 45310, [91m45770[0m, 46230, 46690, 47150, 47610, 48070, 48530, 48990, 49450, 49910, [91m50370[0m, 50830, 51290, 51750, 52210, 52670, 53130, 53590, 54050, 54510, [91m54970[0m, 55430, 55890, 56350, 56810, 57270, 57730, 58190, 58650, 59110, [91m59570[0m, 60030, 60490, 60950, 61410, 61870, 62330, 62790, 63250, 63710, [91m64170[0m, 64630, 65090, 65550, 66010, 66470, 66930, 67390, 67850, 68310, [91m68770[0m, 69230, 69690, 70150, 70610, 71070, 71530, 71990, 72450, 72910, [91m73370[0m, 73830, 74290, 74750, 75210, 75670, 76130, 76590, 77050, 77510, 77970, ]
Indices of used tracks: [9, 19, 29, 39, 49, 59, 69, 79, 89, 99, 109, 119, 129, 139, 149, 159]
---
Placement details for the #E side
Virtual pin count:  0
Actual pin count:  2
Total pin count:  2
Tracks count:  66
Tracks per pin:  33
Used tracks count:  34
Unused track count:  32
Starting track index:  16
Placement Map:
[340, 1700, 3060, 4420, 5780, 7140, 8500, 9860, 11220, 12580, 13940, 15300, 16660, 18020, 19380, 20740, [91m22100[0m, 23460, 24820, 26180, 27540, 28900, 30260, 31620, 32980, 34340, 35700, 37060, 38420, 39780, 41140, 42500, 43860, 45220, 46580, 47940, 49300, 50660, 52020, 53380, 54740, 56100, 57460, 58820, 60180, 61540, 62900, 64260, 65620, [91m66980[0m, 68340, 69700, 71060, 72420, 73780, 75140, 76500, 77860, 79220, 80580, 81940, 83300, 84660, 86020, 87380, 88740, ]
Indices of used tracks: [16, 49]
---
Placement details for the #S side
Virtual pin count:  0
Actual pin count:  16
Total pin count:  16
Tracks count:  170
Tracks per pin:  10
Used tracks count:  151
Unused track count:  19
Starting track index:  9
Placement Map:
[230, 690, 1150, 1610, 2070, 2530, 2990, 3450, 3910, [91m4370[0m, 4830, 5290, 5750, 6210, 6670, 7130, 7590, 8050, 8510, [91m8970[0m, 9430, 9890, 10350, 10810, 11270, 11730, 12190, 12650, 13110, [91m13570[0m, 14030, 14490, 14950, 15410, 15870, 16330, 16790, 17250, 17710, [91m18170[0m, 18630, 19090, 19550, 20010, 20470, 20930, 21390, 21850, 22310, [91m22770[0m, 23230, 23690, 24150, 24610, 25070, 25530, 25990, 26450, 26910, [91m27370[0m, 27830, 28290, 28750, 29210, 29670, 30130, 30590, 31050, 31510, [91m31970[0m, 32430, 32890, 33350, 33810, 34270, 34730, 35190, 35650, 36110, [91m36570[0m, 37030, 37490, 37950, 38410, 38870, 39330, 39790, 40250, 40710, [91m41170[0m, 41630, 42090, 42550, 43010, 43470, 43930, 44390, 44850, 45310, [91m45770[0m, 46230, 46690, 47150, 47610, 48070, 48530, 48990, 49450, 49910, [91m50370[0m, 50830, 51290, 51750, 52210, 52670, 53130, 53590, 54050, 54510, [91m54970[0m, 55430, 55890, 56350, 56810, 57270, 57730, 58190, 58650, 59110, [91m59570[0m, 60030, 60490, 60950, 61410, 61870, 62330, 62790, 63250, 63710, [91m64170[0m, 64630, 65090, 65550, 66010, 66470, 66930, 67390, 67850, 68310, [91m68770[0m, 69230, 69690, 70150, 70610, 71070, 71530, 71990, 72450, 72910, [91m73370[0m, 73830, 74290, 74750, 75210, 75670, 76130, 76590, 77050, 77510, 77970, ]
Indices of used tracks: [9, 19, 29, 39, 49, 59, 69, 79, 89, 99, 109, 119, 129, 139, 149, 159]
---
Placement details for the #W side
Virtual pin count:  0
Actual pin count:  17
Total pin count:  17
Tracks count:  66
Tracks per pin:  3
Used tracks count:  49
Unused track count:  17
Starting track index:  8
Placement Map:
[340, 1700, 3060, 4420, 5780, 7140, 8500, 9860, [91m11220[0m, 12580, 13940, [91m15300[0m, 16660, 18020, [91m19380[0m, 20740, 22100, [91m23460[0m, 24820, 26180, [91m27540[0m, 28900, 30260, [91m31620[0m, 32980, 34340, [91m35700[0m, 37060, 38420, [91m39780[0m, 41140, 42500, [91m43860[0m, 45220, 46580, [91m47940[0m, 49300, 50660, [91m52020[0m, 53380, 54740, [91m56100[0m, 57460, 58820, [91m60180[0m, 61540, 62900, [91m64260[0m, 65620, 66980, [91m68340[0m, 69700, 71060, [91m72420[0m, 73780, 75140, [91m76500[0m, 77860, 79220, 80580, 81940, 83300, 84660, 86020, 87380, 88740, ]
Indices of used tracks: [8, 11, 14, 17, 20, 23, 26, 29, 32, 35, 38, 41, 44, 47, 50, 53, 56]
---
