Mon Apr 21 04:43:43 +0000 2025 - Executing "{openroad -exit -no_init -python /openlane/scripts/odbpy/lefutil.py get_metal_layers -o /openlane/designs/adder/runs/auto_pnr/tmp/layers.list /volare/sky130A/libs.ref/sky130_fd_sc_hd/techlef/sky130_fd_sc_hd__nom.tlef}"

Mon Apr 21 04:43:43 +0000 2025 - Executing "{/openlane/scripts/mergeLef.py -o /openlane/designs/adder/runs/auto_pnr/tmp/merged.nom.lef -i /volare/sky130A/libs.ref/sky130_fd_sc_hd/techlef/sky130_fd_sc_hd__nom.tlef {/volare/sky130A/libs.ref/sky130_fd_sc_hd/lef/sky130_fd_sc_hd.lef /volare/sky130A/libs.ref/sky130_fd_sc_hd/lef/sky130_ef_sc_hd.lef} |& tee /dev/null}"

Mon Apr 21 04:43:43 +0000 2025 - Executing "{/openlane/scripts/mergeLef.py -o /openlane/designs/adder/runs/auto_pnr/tmp/merged.min.lef -i /volare/sky130A/libs.ref/sky130_fd_sc_hd/techlef/sky130_fd_sc_hd__min.tlef {/volare/sky130A/libs.ref/sky130_fd_sc_hd/lef/sky130_fd_sc_hd.lef /volare/sky130A/libs.ref/sky130_fd_sc_hd/lef/sky130_ef_sc_hd.lef} |& tee /dev/null}"

Mon Apr 21 04:43:43 +0000 2025 - Executing "{/openlane/scripts/mergeLef.py -o /openlane/designs/adder/runs/auto_pnr/tmp/merged.max.lef -i /volare/sky130A/libs.ref/sky130_fd_sc_hd/techlef/sky130_fd_sc_hd__max.tlef {/volare/sky130A/libs.ref/sky130_fd_sc_hd/lef/sky130_fd_sc_hd.lef /volare/sky130A/libs.ref/sky130_fd_sc_hd/lef/sky130_ef_sc_hd.lef} |& tee /dev/null}"

Mon Apr 21 04:43:43 +0000 2025 - Executing "{python3 /openlane/scripts/mergeLib.py --output /openlane/designs/adder/runs/auto_pnr/tmp/synthesis/merged.lib --name sky130A_merged /volare/sky130A/libs.ref/sky130_fd_sc_hd/lib/sky130_fd_sc_hd__tt_025C_1v80.lib}"

Mon Apr 21 04:43:43 +0000 2025 - Executing "{python3 /openlane/scripts/libtrim.py --cell-file /openlane/designs/adder/runs/auto_pnr/tmp/synthesis/trimmed.lib.exclude.list --output /openlane/designs/adder/runs/auto_pnr/tmp/synthesis/trimmed.lib /openlane/designs/adder/runs/auto_pnr/tmp/synthesis/merged.lib}"

Mon Apr 21 04:43:43 +0000 2025 - Executing "{python3 /openlane/scripts/libtrim.py --cell-file /openlane/designs/adder/runs/auto_pnr/tmp/cts/cts.lib.exclude.list --output /openlane/designs/adder/runs/auto_pnr/tmp/cts/cts.lib /volare/sky130A/libs.ref/sky130_fd_sc_hd/lib/sky130_fd_sc_hd__tt_025C_1v80.lib}"

Mon Apr 21 04:43:43 +0000 2025 - Executing "{python3 /openlane/scripts/libtrim.py --cell-file /openlane/designs/adder/runs/auto_pnr/tmp/cts/cts-fastest.lib.exclude.list --output /openlane/designs/adder/runs/auto_pnr/tmp/cts/cts-fastest.lib /volare/sky130A/libs.ref/sky130_fd_sc_hd/lib/sky130_fd_sc_hd__ff_n40C_1v95.lib}"

Mon Apr 21 04:43:44 +0000 2025 - Executing "{python3 /openlane/scripts/libtrim.py --cell-file /openlane/designs/adder/runs/auto_pnr/tmp/cts/cts-slowest.lib.exclude.list --output /openlane/designs/adder/runs/auto_pnr/tmp/cts/cts-slowest.lib /volare/sky130A/libs.ref/sky130_fd_sc_hd/lib/sky130_fd_sc_hd__ss_100C_1v60.lib}"

Mon Apr 21 04:43:44 +0000 2025 - Executing "{python3 /openlane/scripts/new_tracks.py -i /volare/sky130A/libs.tech/openlane/sky130_fd_sc_hd/tracks.info -o /openlane/designs/adder/runs/auto_pnr/tmp/routing/config.tracks}"

Mon Apr 21 04:43:44 +0000 2025 - Executing "{echo {OpenLane } > /openlane/designs/adder/runs/auto_pnr/OPENLANE_COMMIT}"

Mon Apr 21 04:43:44 +0000 2025 - Executing "{yosys -c /openlane/scripts/yosys/blackbox.tcl}"

Mon Apr 21 04:43:44 +0000 2025 - Executing "{verilator -Wall --lint-only --Wno-DECLFILENAME --top-module adder /openlane/designs/adder/runs/auto_pnr/tmp/synthesis/blackbox/sky130_fd_sc_hd__blackbox.v /openlane/designs/adder/src/adder.v -Wno-fatal --relative-includes |& tee /openlane/designs/adder/runs/auto_pnr/logs/synthesis/linter.log /dev/null}"

Mon Apr 21 04:43:44 +0000 2025 - Executing "{sed -E {s/^([[:space:]]+)pg_pin(.*)/\1pin\2\n\1    direction : "inout";/g} /volare/sky130A/libs.ref/sky130_fd_sc_hd/lib/sky130_fd_sc_hd__tt_025C_1v80.lib > /openlane/designs/adder/runs/auto_pnr/tmp/synthesis/1-sky130_fd_sc_hd__tt_025C_1v80.no_pg.lib}"

Mon Apr 21 04:43:44 +0000 2025 - Executing "{sed -E {s/^([[:space:]]+)pg_pin(.*)/\1pin\2\n\1    direction : "inout";/g} /openlane/designs/adder/runs/auto_pnr/tmp/synthesis/trimmed.lib > /openlane/designs/adder/runs/auto_pnr/tmp/synthesis/1-trimmed.no_pg.lib}"

Mon Apr 21 04:43:44 +0000 2025 - Executing "yosys -c /openlane/scripts/yosys/synth.tcl |& tee /dev/null /openlane/designs/adder/runs/auto_pnr/logs/synthesis/1-synthesis.log"

Mon Apr 21 04:43:44 +0000 2025 - Executing "{yosys -c /openlane/scripts/yosys/synth.tcl |& tee /dev/null /openlane/designs/adder/runs/auto_pnr/logs/synthesis/1-synthesis.log}"

Mon Apr 21 04:43:45 +0000 2025 - Executing "{sed -i.bak -e {s/\(set ::env(CURRENT_NETLIST)\).*/\1 \/openlane\/designs\/adder\/runs\/auto_pnr\/results\/synthesis\/adder.v/} /openlane/designs/adder/runs/auto_pnr/config.tcl}"

Mon Apr 21 04:43:45 +0000 2025 - Executing "{sed -i.bak /defparam/d /openlane/designs/adder/runs/auto_pnr/results/synthesis/adder.v}"

Mon Apr 21 04:43:45 +0000 2025 - Executing "sta -exit -no_init /openlane/scripts/openroad/sta/multi_corner.tcl |& tee /dev/null /openlane/designs/adder/runs/auto_pnr/logs/synthesis/2-sta.log"

Mon Apr 21 04:43:45 +0000 2025 - Executing "{sta -exit -no_init /openlane/scripts/openroad/sta/multi_corner.tcl |& tee /dev/null /openlane/designs/adder/runs/auto_pnr/logs/synthesis/2-sta.log}"

Mon Apr 21 04:43:45 +0000 2025 - Executing "openroad -exit /openlane/scripts/openroad/floorplan.tcl |& tee /dev/null /openlane/designs/adder/runs/auto_pnr/logs/floorplan/3-initial_fp.log"

Mon Apr 21 04:43:45 +0000 2025 - Executing "{openroad -exit /openlane/scripts/openroad/floorplan.tcl |& tee /dev/null /openlane/designs/adder/runs/auto_pnr/logs/floorplan/3-initial_fp.log}"

Mon Apr 21 04:43:45 +0000 2025 - Executing "{openroad -exit -no_init -python /openlane/scripts/odbpy/snap_to_grid.py --output /openlane/designs/adder/runs/auto_pnr/tmp/floorplan/3-minimized_pdn.txt --input-lef /openlane/designs/adder/runs/auto_pnr/tmp/merged.nom.lef 7.9925 7.819999999999999 15.985 15.639999999999999}"

Mon Apr 21 04:43:45 +0000 2025 - Executing "{openroad -exit -no_init -python /openlane/scripts/odbpy/defutil.py extract_core_dims --output-data /openlane/designs/adder/runs/auto_pnr/tmp/dimensions.txt --input-lef /openlane/designs/adder/runs/auto_pnr/tmp/merged.nom.lef /openlane/designs/adder/runs/auto_pnr/tmp/floorplan/3-initial_fp.def}"

Mon Apr 21 04:43:46 +0000 2025 - Executing "{openroad -exit -no_init -python /openlane/scripts/odbpy/io_place.py --config /openlane/designs/adder/pin_order.cfg --hor-layer met3 --ver-layer met2 --ver-width-mult 2 --hor-width-mult 2 --hor-extension 0 --ver-extension 0 --length 4 --unmatched-error --input-lef /openlane/designs/adder/runs/auto_pnr/tmp/merged.nom.lef --output-def /openlane/designs/adder/runs/auto_pnr/tmp/floorplan/4-io.def --output /openlane/designs/adder/runs/auto_pnr/tmp/floorplan/4-io.odb /openlane/designs/adder/runs/auto_pnr/tmp/floorplan/3-initial_fp.odb |& tee /dev/null /openlane/designs/adder/runs/auto_pnr/logs/floorplan/4-place_io.log}"

Mon Apr 21 04:43:46 +0000 2025 - Executing "openroad -exit /openlane/scripts/openroad/tapcell.tcl |& tee /dev/null /openlane/designs/adder/runs/auto_pnr/logs/floorplan/5-tap.log"

Mon Apr 21 04:43:46 +0000 2025 - Executing "{openroad -exit /openlane/scripts/openroad/tapcell.tcl |& tee /dev/null /openlane/designs/adder/runs/auto_pnr/logs/floorplan/5-tap.log}"

Mon Apr 21 04:43:46 +0000 2025 - Executing "openroad -exit /openlane/scripts/openroad/pdn.tcl |& tee /dev/null /openlane/designs/adder/runs/auto_pnr/logs/floorplan/6-pdn.log"

Mon Apr 21 04:43:46 +0000 2025 - Executing "{openroad -exit /openlane/scripts/openroad/pdn.tcl |& tee /dev/null /openlane/designs/adder/runs/auto_pnr/logs/floorplan/6-pdn.log}"

Mon Apr 21 04:43:47 +0000 2025 - Executing "openroad -exit /openlane/scripts/openroad/gpl.tcl |& tee /dev/null /openlane/designs/adder/runs/auto_pnr/logs/placement/6-global.log"

Mon Apr 21 04:43:47 +0000 2025 - Executing "{openroad -exit /openlane/scripts/openroad/gpl.tcl |& tee /dev/null /openlane/designs/adder/runs/auto_pnr/logs/placement/6-global.log}"

Mon Apr 21 04:43:47 +0000 2025 - Executing "{sed -i.bak -e {s/\(set ::env(CURRENT_NETLIST)\).*/\1 \/openlane\/designs\/adder\/runs\/auto_pnr\/tmp\/placement\/7-global.nl.v/} /openlane/designs/adder/runs/auto_pnr/config.tcl}"

Mon Apr 21 04:43:47 +0000 2025 - Executing "openroad -exit /openlane/scripts/openroad/sta/multi_corner.tcl |& tee /dev/null /openlane/designs/adder/runs/auto_pnr/logs/placement/8-gpl_sta.log"

Mon Apr 21 04:43:47 +0000 2025 - Executing "{openroad -exit /openlane/scripts/openroad/sta/multi_corner.tcl |& tee /dev/null /openlane/designs/adder/runs/auto_pnr/logs/placement/8-gpl_sta.log}"

Mon Apr 21 04:43:47 +0000 2025 - Executing "openroad -exit /openlane/scripts/openroad/resizer.tcl |& tee /dev/null /openlane/designs/adder/runs/auto_pnr/logs/placement/9-resizer.log"

Mon Apr 21 04:43:47 +0000 2025 - Executing "{openroad -exit /openlane/scripts/openroad/resizer.tcl |& tee /dev/null /openlane/designs/adder/runs/auto_pnr/logs/placement/9-resizer.log}"

Mon Apr 21 04:43:48 +0000 2025 - Executing "{sed -i.bak -e {s/\(set ::env(CURRENT_NETLIST)\).*/\1 \/openlane\/designs\/adder\/runs\/auto_pnr\/tmp\/placement\/9-resizer.nl.v/} /openlane/designs/adder/runs/auto_pnr/config.tcl}"

Mon Apr 21 04:43:49 +0000 2025 - Executing "openroad -exit /openlane/scripts/openroad/dpl.tcl |& tee /dev/null /openlane/designs/adder/runs/auto_pnr/logs/placement/10-detailed.log"

Mon Apr 21 04:43:49 +0000 2025 - Executing "{openroad -exit /openlane/scripts/openroad/dpl.tcl |& tee /dev/null /openlane/designs/adder/runs/auto_pnr/logs/placement/10-detailed.log}"

Mon Apr 21 04:43:49 +0000 2025 - Executing "{sed -i.bak -e {s/\(set ::env(CURRENT_NETLIST)\).*/\1 \/openlane\/designs\/adder\/runs\/auto_pnr\/results\/placement\/adder.nl.v/} /openlane/designs/adder/runs/auto_pnr/config.tcl}"

Mon Apr 21 04:43:49 +0000 2025 - Executing "openroad -exit /openlane/scripts/openroad/sta/multi_corner.tcl |& tee /dev/null /openlane/designs/adder/runs/auto_pnr/logs/placement/11-dpl_sta.log"

Mon Apr 21 04:43:49 +0000 2025 - Executing "{openroad -exit /openlane/scripts/openroad/sta/multi_corner.tcl |& tee /dev/null /openlane/designs/adder/runs/auto_pnr/logs/placement/11-dpl_sta.log}"

Mon Apr 21 04:43:49 +0000 2025 - Executing "openroad -exit /openlane/scripts/openroad/cts.tcl |& tee /dev/null /openlane/designs/adder/runs/auto_pnr/logs/cts/12-cts.log"

Mon Apr 21 04:43:49 +0000 2025 - Executing "{openroad -exit /openlane/scripts/openroad/cts.tcl |& tee /dev/null /openlane/designs/adder/runs/auto_pnr/logs/cts/12-cts.log}"

Mon Apr 21 04:43:52 +0000 2025 - Executing "openroad -exit /openlane/scripts/openroad/sta/multi_corner.tcl |& tee /dev/null /openlane/designs/adder/runs/auto_pnr/logs/cts/13-cts_sta.log"

Mon Apr 21 04:43:52 +0000 2025 - Executing "{openroad -exit /openlane/scripts/openroad/sta/multi_corner.tcl |& tee /dev/null /openlane/designs/adder/runs/auto_pnr/logs/cts/13-cts_sta.log}"

Mon Apr 21 04:43:53 +0000 2025 - Executing "openroad -exit /openlane/scripts/openroad/resizer_timing.tcl |& tee /dev/null /openlane/designs/adder/runs/auto_pnr/logs/cts/14-resizer.log"

Mon Apr 21 04:43:53 +0000 2025 - Executing "{openroad -exit /openlane/scripts/openroad/resizer_timing.tcl |& tee /dev/null /openlane/designs/adder/runs/auto_pnr/logs/cts/14-resizer.log}"

Mon Apr 21 04:43:54 +0000 2025 - Executing "{sed -i.bak -e {s/\(set ::env(CURRENT_NETLIST)\).*/\1 \/openlane\/designs\/adder\/runs\/auto_pnr\/tmp\/cts\/14-adder.resized.nl.v/} /openlane/designs/adder/runs/auto_pnr/config.tcl}"

Mon Apr 21 04:43:54 +0000 2025 - Executing "openroad -exit /openlane/scripts/openroad/resizer_routing_design.tcl |& tee /dev/null /openlane/designs/adder/runs/auto_pnr/logs/routing/15-resizer_design.log"

Mon Apr 21 04:43:54 +0000 2025 - Executing "{openroad -exit /openlane/scripts/openroad/resizer_routing_design.tcl |& tee /dev/null /openlane/designs/adder/runs/auto_pnr/logs/routing/15-resizer_design.log}"

Mon Apr 21 04:43:55 +0000 2025 - Executing "{sed -i.bak -e {s/\(set ::env(CURRENT_NETLIST)\).*/\1 \/openlane\/designs\/adder\/runs\/auto_pnr\/tmp\/15-adder.nl.v/} /openlane/designs/adder/runs/auto_pnr/config.tcl}"

Mon Apr 21 04:43:55 +0000 2025 - Executing "openroad -exit /openlane/scripts/openroad/sta/multi_corner.tcl |& tee /dev/null /openlane/designs/adder/runs/auto_pnr/logs/routing/16-rsz_design_sta.log"

Mon Apr 21 04:43:55 +0000 2025 - Executing "{openroad -exit /openlane/scripts/openroad/sta/multi_corner.tcl |& tee /dev/null /openlane/designs/adder/runs/auto_pnr/logs/routing/16-rsz_design_sta.log}"

Mon Apr 21 04:43:55 +0000 2025 - Executing "openroad -exit /openlane/scripts/openroad/resizer_routing_timing.tcl |& tee /dev/null /openlane/designs/adder/runs/auto_pnr/logs/routing/17-resizer_timing.log"

Mon Apr 21 04:43:55 +0000 2025 - Executing "{openroad -exit /openlane/scripts/openroad/resizer_routing_timing.tcl |& tee /dev/null /openlane/designs/adder/runs/auto_pnr/logs/routing/17-resizer_timing.log}"

Mon Apr 21 04:43:56 +0000 2025 - Executing "{sed -i.bak -e {s/\(set ::env(CURRENT_NETLIST)\).*/\1 \/openlane\/designs\/adder\/runs\/auto_pnr\/tmp\/17-adder.nl.v/} /openlane/designs/adder/runs/auto_pnr/config.tcl}"

Mon Apr 21 04:43:56 +0000 2025 - Executing "openroad -exit /openlane/scripts/openroad/sta/multi_corner.tcl |& tee /dev/null /openlane/designs/adder/runs/auto_pnr/logs/routing/18-rsz_timing_sta.log"

Mon Apr 21 04:43:56 +0000 2025 - Executing "{openroad -exit /openlane/scripts/openroad/sta/multi_corner.tcl |& tee /dev/null /openlane/designs/adder/runs/auto_pnr/logs/routing/18-rsz_timing_sta.log}"

Mon Apr 21 04:43:57 +0000 2025 - Executing "openroad -exit /openlane/scripts/openroad/repair_antennas.tcl |& tee /dev/null /openlane/designs/adder/runs/auto_pnr/logs/routing/19-global.log"

Mon Apr 21 04:43:57 +0000 2025 - Executing "{openroad -exit /openlane/scripts/openroad/repair_antennas.tcl |& tee /dev/null /openlane/designs/adder/runs/auto_pnr/logs/routing/19-global.log}"

Mon Apr 21 04:43:57 +0000 2025 - Executing "openroad -exit /openlane/scripts/openroad/write_views.tcl |& tee /dev/null /openlane/designs/adder/runs/auto_pnr/logs/routing/19-global_write_netlist.log"

Mon Apr 21 04:43:57 +0000 2025 - Executing "{openroad -exit /openlane/scripts/openroad/write_views.tcl |& tee /dev/null /openlane/designs/adder/runs/auto_pnr/logs/routing/19-global_write_netlist.log}"

Mon Apr 21 04:43:57 +0000 2025 - Executing "{sed -i.bak -e {s/\(set ::env(CURRENT_NETLIST)\).*/\1 \/openlane\/designs\/adder\/runs\/auto_pnr\/tmp\/routing\/global.nl.v/} /openlane/designs/adder/runs/auto_pnr/config.tcl}"

Mon Apr 21 04:43:57 +0000 2025 - Executing "openroad -exit /openlane/scripts/openroad/sta/multi_corner.tcl |& tee /dev/null /openlane/designs/adder/runs/auto_pnr/logs/routing/21-grt_sta.log"

Mon Apr 21 04:43:57 +0000 2025 - Executing "{openroad -exit /openlane/scripts/openroad/sta/multi_corner.tcl |& tee /dev/null /openlane/designs/adder/runs/auto_pnr/logs/routing/21-grt_sta.log}"

Mon Apr 21 04:43:58 +0000 2025 - Executing "openroad -exit /openlane/scripts/openroad/fill.tcl |& tee /dev/null /openlane/designs/adder/runs/auto_pnr/logs/routing/22-fill.log"

Mon Apr 21 04:43:58 +0000 2025 - Executing "{openroad -exit /openlane/scripts/openroad/fill.tcl |& tee /dev/null /openlane/designs/adder/runs/auto_pnr/logs/routing/22-fill.log}"

Mon Apr 21 04:43:58 +0000 2025 - Executing "{sed -i.bak -e {s/\(set ::env(CURRENT_NETLIST)\).*/\1 \/openlane\/designs\/adder\/runs\/auto_pnr\/tmp\/routing\/22-fill.nl.v/} /openlane/designs/adder/runs/auto_pnr/config.tcl}"

Mon Apr 21 04:43:58 +0000 2025 - Executing "openroad -exit -metrics /openlane/designs/adder/runs/auto_pnr/reports/routing/23-drt_metrics.json /openlane/scripts/openroad/droute.tcl |& tee /dev/null /openlane/designs/adder/runs/auto_pnr/logs/routing/23-detailed.log"

Mon Apr 21 04:43:58 +0000 2025 - Executing "{openroad -exit -metrics /openlane/designs/adder/runs/auto_pnr/reports/routing/23-drt_metrics.json /openlane/scripts/openroad/droute.tcl |& tee /dev/null /openlane/designs/adder/runs/auto_pnr/logs/routing/23-detailed.log}"

Mon Apr 21 04:44:01 +0000 2025 - Executing "{sed -i.bak -e {s/\(set ::env(CURRENT_NETLIST)\).*/\1 \/openlane\/designs\/adder\/runs\/auto_pnr\/results\/routing\/adder.nl.v/} /openlane/designs/adder/runs/auto_pnr/config.tcl}"

Mon Apr 21 04:44:01 +0000 2025 - Executing "{python3 /openlane/scripts/drc_rosetta.py tr to_klayout -o /openlane/designs/adder/runs/auto_pnr/reports/routing/drt.klayout.xml --design-name adder /openlane/designs/adder/runs/auto_pnr/reports/routing/drt.drc}"

Mon Apr 21 04:44:01 +0000 2025 - Executing "{openroad -exit -no_init -python /openlane/scripts/odbpy/wire_lengths.py --report-out /openlane/designs/adder/runs/auto_pnr/reports/routing/24-wire_lengths.csv --input-lef /openlane/designs/adder/runs/auto_pnr/tmp/merged.nom.lef --output-def /openlane/designs/adder/runs/auto_pnr/results/routing/adder.def --output /openlane/designs/adder/runs/auto_pnr/results/routing/adder.odb /openlane/designs/adder/runs/auto_pnr/results/routing/adder.odb |& tee /dev/null /openlane/designs/adder/runs/auto_pnr/logs/routing/24-wire_lengths.log}"

Mon Apr 21 04:44:01 +0000 2025 - Executing "openroad -exit /openlane/scripts/openroad/rcx.tcl |& tee /dev/null /openlane/designs/adder/runs/auto_pnr/logs/signoff/25-parasitics_extraction.min.log"

Mon Apr 21 04:44:01 +0000 2025 - Executing "{openroad -exit /openlane/scripts/openroad/rcx.tcl |& tee /dev/null /openlane/designs/adder/runs/auto_pnr/logs/signoff/25-parasitics_extraction.min.log}"

Mon Apr 21 04:44:01 +0000 2025 - Executing "sta -exit -no_init /openlane/scripts/openroad/sta/multi_corner.tcl |& tee /dev/null /openlane/designs/adder/runs/auto_pnr/logs/signoff/26-rcx_mcsta.min.log"

Mon Apr 21 04:44:01 +0000 2025 - Executing "{sta -exit -no_init /openlane/scripts/openroad/sta/multi_corner.tcl |& tee /dev/null /openlane/designs/adder/runs/auto_pnr/logs/signoff/26-rcx_mcsta.min.log}"

Mon Apr 21 04:44:02 +0000 2025 - Executing "openroad -exit /openlane/scripts/openroad/rcx.tcl |& tee /dev/null /openlane/designs/adder/runs/auto_pnr/logs/signoff/27-parasitics_extraction.max.log"

Mon Apr 21 04:44:02 +0000 2025 - Executing "{openroad -exit /openlane/scripts/openroad/rcx.tcl |& tee /dev/null /openlane/designs/adder/runs/auto_pnr/logs/signoff/27-parasitics_extraction.max.log}"

Mon Apr 21 04:44:03 +0000 2025 - Executing "sta -exit -no_init /openlane/scripts/openroad/sta/multi_corner.tcl |& tee /dev/null /openlane/designs/adder/runs/auto_pnr/logs/signoff/28-rcx_mcsta.max.log"

Mon Apr 21 04:44:03 +0000 2025 - Executing "{sta -exit -no_init /openlane/scripts/openroad/sta/multi_corner.tcl |& tee /dev/null /openlane/designs/adder/runs/auto_pnr/logs/signoff/28-rcx_mcsta.max.log}"

Mon Apr 21 04:44:04 +0000 2025 - Executing "openroad -exit /openlane/scripts/openroad/rcx.tcl |& tee /dev/null /openlane/designs/adder/runs/auto_pnr/logs/signoff/29-parasitics_extraction.nom.log"

Mon Apr 21 04:44:04 +0000 2025 - Executing "{openroad -exit /openlane/scripts/openroad/rcx.tcl |& tee /dev/null /openlane/designs/adder/runs/auto_pnr/logs/signoff/29-parasitics_extraction.nom.log}"

Mon Apr 21 04:44:04 +0000 2025 - Executing "sta -exit -no_init /openlane/scripts/openroad/sta/multi_corner.tcl |& tee /dev/null /openlane/designs/adder/runs/auto_pnr/logs/signoff/30-rcx_mcsta.nom.log"

Mon Apr 21 04:44:04 +0000 2025 - Executing "{sta -exit -no_init /openlane/scripts/openroad/sta/multi_corner.tcl |& tee /dev/null /openlane/designs/adder/runs/auto_pnr/logs/signoff/30-rcx_mcsta.nom.log}"

Mon Apr 21 04:44:05 +0000 2025 - Executing "openroad -exit /openlane/scripts/openroad/irdrop.tcl |& tee /dev/null /openlane/designs/adder/runs/auto_pnr/logs/signoff/31-irdrop.log"

Mon Apr 21 04:44:05 +0000 2025 - Executing "{openroad -exit /openlane/scripts/openroad/irdrop.tcl |& tee /dev/null /openlane/designs/adder/runs/auto_pnr/logs/signoff/31-irdrop.log}"

Mon Apr 21 04:44:05 +0000 2025 - Executing "magic -noconsole -dnull -rcfile /volare/sky130A/libs.tech/magic/sky130A.magicrc < /openlane/scripts/magic/wrapper.tcl |& tee /dev/null /openlane/designs/adder/runs/auto_pnr/logs/signoff/32-gdsii.log"

Mon Apr 21 04:44:05 +0000 2025 - Executing "{magic -noconsole -dnull -rcfile /volare/sky130A/libs.tech/magic/sky130A.magicrc < /openlane/scripts/magic/wrapper.tcl |& tee /dev/null /openlane/designs/adder/runs/auto_pnr/logs/signoff/32-gdsii.log}"

Mon Apr 21 04:44:06 +0000 2025 - Executing "magic -noconsole -dnull -rcfile /volare/sky130A/libs.tech/magic/sky130A.magicrc < /openlane/scripts/magic/wrapper.tcl |& tee /dev/null /openlane/designs/adder/runs/auto_pnr/logs/signoff/32-gds_ptrs.log"

Mon Apr 21 04:44:06 +0000 2025 - Executing "{magic -noconsole -dnull -rcfile /volare/sky130A/libs.tech/magic/sky130A.magicrc < /openlane/scripts/magic/wrapper.tcl |& tee /dev/null /openlane/designs/adder/runs/auto_pnr/logs/signoff/32-gds_ptrs.log}"

Mon Apr 21 04:44:06 +0000 2025 - Executing "{sed -i.bak -n {/^<< properties >>/,/^<< end >>/p} /openlane/designs/adder/runs/auto_pnr/tmp/signoff/gds_ptrs.mag}"

Mon Apr 21 04:44:06 +0000 2025 - Executing "magic -noconsole -dnull -rcfile /volare/sky130A/libs.tech/magic/sky130A.magicrc < /openlane/scripts/magic/wrapper.tcl |& tee /dev/null /openlane/designs/adder/runs/auto_pnr/logs/signoff/32-lef.log"

Mon Apr 21 04:44:06 +0000 2025 - Executing "{magic -noconsole -dnull -rcfile /volare/sky130A/libs.tech/magic/sky130A.magicrc < /openlane/scripts/magic/wrapper.tcl |& tee /dev/null /openlane/designs/adder/runs/auto_pnr/logs/signoff/32-lef.log}"

Mon Apr 21 04:44:06 +0000 2025 - Executing "magic -noconsole -dnull -rcfile /volare/sky130A/libs.tech/magic/sky130A.magicrc < /openlane/scripts/magic/wrapper.tcl |& tee /dev/null /openlane/designs/adder/runs/auto_pnr/logs/signoff/32-maglef.log"

Mon Apr 21 04:44:06 +0000 2025 - Executing "{magic -noconsole -dnull -rcfile /volare/sky130A/libs.tech/magic/sky130A.magicrc < /openlane/scripts/magic/wrapper.tcl |& tee /dev/null /openlane/designs/adder/runs/auto_pnr/logs/signoff/32-maglef.log}"

Mon Apr 21 04:44:06 +0000 2025 - Executing "{python3 /openlane/scripts/klayout/stream_out.py --output /openlane/designs/adder/runs/auto_pnr/results/signoff/adder.klayout.gds --lyt /volare/sky130A/libs.tech/klayout/tech/sky130A.lyt --lym /volare/sky130A/libs.tech/klayout/tech/sky130A.map --lyp /volare/sky130A/libs.tech/klayout/tech/sky130A.lyp --top adder --with-gds-file /volare/sky130A/libs.ref/sky130_fd_sc_hd/gds/sky130_fd_sc_hd.gds --input-lef /openlane/designs/adder/runs/auto_pnr/tmp/merged.nom.lef /openlane/designs/adder/runs/auto_pnr/results/routing/adder.def |& tee /dev/null /openlane/designs/adder/runs/auto_pnr/logs/signoff/33-gdsii-klayout.log}"

Mon Apr 21 04:44:06 +0000 2025 - Executing "{klayout -b -r /openlane/scripts/klayout/xor.drc -rd a=/openlane/designs/adder/runs/auto_pnr/results/signoff/adder.gds -rd b=/openlane/designs/adder/runs/auto_pnr/results/signoff/adder.klayout.gds -rd jobs=1 -rd rdb_out=/openlane/designs/adder/runs/auto_pnr/reports/signoff/34-xor.xml -rd ignore=81/14 -rd rpt_out=/openlane/designs/adder/runs/auto_pnr/reports/signoff/34-xor.rpt |& tee /dev/null /openlane/designs/adder/runs/auto_pnr/logs/signoff/34-xor.log}"

Mon Apr 21 04:44:07 +0000 2025 - Executing "magic -noconsole -dnull -rcfile /volare/sky130A/libs.tech/magic/sky130A.magicrc < /openlane/scripts/magic/wrapper.tcl |& tee /dev/null /openlane/designs/adder/runs/auto_pnr/logs/signoff/35-spice.log"

Mon Apr 21 04:44:07 +0000 2025 - Executing "{magic -noconsole -dnull -rcfile /volare/sky130A/libs.tech/magic/sky130A.magicrc < /openlane/scripts/magic/wrapper.tcl |& tee /dev/null /openlane/designs/adder/runs/auto_pnr/logs/signoff/35-spice.log}"

Mon Apr 21 04:44:07 +0000 2025 - Executing "{openroad -exit -no_init -python /openlane/scripts/odbpy/power_utils.py write_powered_def --output /openlane/designs/adder/runs/auto_pnr/tmp/signoff/35-adder.p.def --input-lef /openlane/designs/adder/runs/auto_pnr/tmp/merged.nom.lef --power-port VPWR --ground-port VGND --powered-netlist {} /openlane/designs/adder/runs/auto_pnr/results/routing/adder.def |& tee /dev/null /openlane/designs/adder/runs/auto_pnr/logs/signoff/36-write_powered_def.log}"

Mon Apr 21 04:44:07 +0000 2025 - Executing "openroad -exit /openlane/scripts/openroad/write_views.tcl |& tee /dev/null /openlane/designs/adder/runs/auto_pnr/logs/signoff/36-write_powered_verilog.log"

Mon Apr 21 04:44:07 +0000 2025 - Executing "{openroad -exit /openlane/scripts/openroad/write_views.tcl |& tee /dev/null /openlane/designs/adder/runs/auto_pnr/logs/signoff/36-write_powered_verilog.log}"

Mon Apr 21 04:44:07 +0000 2025 - Executing "{sed -i.bak -e {s/\(set ::env(CURRENT_NETLIST)\).*/\1 \/openlane\/designs\/adder\/runs\/auto_pnr\/tmp\/signoff\/35-adder.nl.v/} /openlane/designs/adder/runs/auto_pnr/config.tcl}"

Mon Apr 21 04:44:08 +0000 2025 - Executing "{netgen -batch source /openlane/designs/adder/runs/auto_pnr/tmp/signoff/38-setup_file.lef.lvs |& tee /dev/null /openlane/designs/adder/runs/auto_pnr/logs/signoff/38-lvs.lef.log}"

Mon Apr 21 04:44:08 +0000 2025 - Executing "magic -noconsole -dnull -rcfile /volare/sky130A/libs.tech/magic/sky130A.magicrc < /openlane/scripts/magic/wrapper.tcl |& tee /dev/null /openlane/designs/adder/runs/auto_pnr/logs/signoff/39-drc.log"

Mon Apr 21 04:44:08 +0000 2025 - Executing "{magic -noconsole -dnull -rcfile /volare/sky130A/libs.tech/magic/sky130A.magicrc < /openlane/scripts/magic/wrapper.tcl |& tee /dev/null /openlane/designs/adder/runs/auto_pnr/logs/signoff/39-drc.log}"

Mon Apr 21 04:44:08 +0000 2025 - Executing "{python3 /openlane/scripts/drc_rosetta.py magic to_tcl -o /openlane/designs/adder/runs/auto_pnr/reports/signoff/drc.tcl /openlane/designs/adder/runs/auto_pnr/reports/signoff/drc.rpt}"

Mon Apr 21 04:44:08 +0000 2025 - Executing "{python3 /openlane/scripts/drc_rosetta.py magic to_tr -o /openlane/designs/adder/runs/auto_pnr/reports/signoff/drc.tr /openlane/designs/adder/runs/auto_pnr/reports/signoff/drc.rpt}"

Mon Apr 21 04:44:08 +0000 2025 - Executing "{python3 /openlane/scripts/drc_rosetta.py tr to_klayout -o /openlane/designs/adder/runs/auto_pnr/reports/signoff/drc.klayout.xml --design-name adder /openlane/designs/adder/runs/auto_pnr/reports/signoff/drc.tr}"

Mon Apr 21 04:44:08 +0000 2025 - Executing "{python3 /openlane/scripts/drc_rosetta.py magic to_rdb -o /openlane/designs/adder/runs/auto_pnr/reports/signoff/drc.rdb /openlane/designs/adder/runs/auto_pnr/reports/signoff/drc.rpt}"

Mon Apr 21 04:44:08 +0000 2025 - Executing "{klayout -b -zz -r /volare/sky130A/libs.tech/klayout/drc/sky130A_mr.drc -rd topcell=adder -rd input=/openlane/designs/adder/runs/auto_pnr/results/signoff/adder.gds -rd report=/openlane/designs/adder/runs/auto_pnr/reports/signoff/violations.xml -rd feol=true -rd beol=true -rd floating_metal=false -rd seal=true -rd thread=1 |& tee /dev/null /openlane/designs/adder/runs/auto_pnr/logs/signoff/40-drc-klayout.log}"

Mon Apr 21 04:44:09 +0000 2025 - Executing "{python3 /openlane/scripts/klayout/xml_drc_report_to_json.py --xml-file /openlane/designs/adder/runs/auto_pnr/reports/signoff/violations.xml --json-file /openlane/designs/adder/runs/auto_pnr/reports/signoff/violations.json}"

Mon Apr 21 04:44:09 +0000 2025 - Executing "openroad -exit /openlane/scripts/openroad/antenna_check.tcl |& tee /dev/null /openlane/designs/adder/runs/auto_pnr/logs/signoff/41-arc.log"

Mon Apr 21 04:44:09 +0000 2025 - Executing "{openroad -exit /openlane/scripts/openroad/antenna_check.tcl |& tee /dev/null /openlane/designs/adder/runs/auto_pnr/logs/signoff/41-arc.log}"

Mon Apr 21 04:44:09 +0000 2025 - Executing "{python3 /openlane/scripts/extract_antenna_violators.py --output /openlane/designs/adder/runs/auto_pnr/reports/signoff/41-antenna_violators.rpt --plain-out /openlane/designs/adder/runs/auto_pnr/reports/signoff/41-antenna_violators_pins.txt /openlane/designs/adder/runs/auto_pnr/logs/signoff/41-arc.log}"

Mon Apr 21 04:44:09 +0000 2025 - Executing "{python3 /openlane/scripts/write_runtime.py --conclude --seconds --time-in 1745210649 {flow completed}}"

Mon Apr 21 04:44:10 +0000 2025 - Executing "{python3 /openlane/scripts/generate_reports.py -d /openlane/designs/adder --design_name adder --tag auto_pnr --output_file /openlane/designs/adder/runs/auto_pnr/reports/metrics.csv --man_report /openlane/designs/adder/runs/auto_pnr/reports/manufacturability.rpt --run_path /openlane/designs/adder/runs/auto_pnr}"

Mon Apr 21 04:44:10 +0000 2025 - Executing "{python3 /openlane/scripts/write_runtime.py --conclude --seconds --time-in 1745210650 {flow failed}}"

Mon Apr 21 04:44:10 +0000 2025 - Executing "{python3 /openlane/scripts/generate_reports.py -d /openlane/designs/adder --design_name adder --tag auto_pnr --output_file /openlane/designs/adder/runs/auto_pnr/reports/metrics.csv --man_report /openlane/designs/adder/runs/auto_pnr/reports/manufacturability.rpt --run_path /openlane/designs/adder/runs/auto_pnr}"

