
===========================================================================
report_checks -unconstrained
===========================================================================
======================= Fastest Corner ===================================

Startpoint: _188_ (rising edge-triggered flip-flop clocked by core_clock)
Endpoint: _170_ (rising edge-triggered flip-flop clocked by core_clock)
Path Group: core_clock
Path Type: max
Corner: Fastest

Fanout     Cap    Slew   Delay    Time   Description
-----------------------------------------------------------------------------
                          0.00    0.00   clock core_clock (rise edge)
                          0.00    0.00   clock source latency
     1    0.01    0.00    0.00    0.00 ^ clk (in)
                                         clk (net)
                  0.00    0.00    0.00 ^ clkbuf_0_clk/A (sky130_fd_sc_hd__clkbuf_16)
     4    0.04    0.05    0.09    0.09 ^ clkbuf_0_clk/X (sky130_fd_sc_hd__clkbuf_16)
                                         clknet_0_clk (net)
                  0.05    0.00    0.09 ^ clkbuf_2_1__f_clk/A (sky130_fd_sc_hd__clkbuf_16)
    17    0.05    0.05    0.11    0.20 ^ clkbuf_2_1__f_clk/X (sky130_fd_sc_hd__clkbuf_16)
                                         clknet_2_1__leaf_clk (net)
                  0.05    0.00    0.20 ^ _188_/CLK (sky130_fd_sc_hd__dfxtp_1)
     2    0.00    0.04    0.20    0.40 ^ _188_/Q (sky130_fd_sc_hd__dfxtp_1)
                                         b_q[0] (net)
                  0.04    0.00    0.40 ^ _076_/B (sky130_fd_sc_hd__nand2_1)
     2    0.01    0.03    0.04    0.44 v _076_/Y (sky130_fd_sc_hd__nand2_1)
                                         _035_ (net)
                  0.03    0.00    0.44 v _079_/B1_N (sky130_fd_sc_hd__a21bo_1)
     2    0.01    0.07    0.14    0.58 ^ _079_/X (sky130_fd_sc_hd__a21bo_1)
                                         _037_ (net)
                  0.07    0.00    0.58 ^ _084_/A1 (sky130_fd_sc_hd__a21boi_2)
     3    0.01    0.04    0.04    0.62 v _084_/Y (sky130_fd_sc_hd__a21boi_2)
                                         _041_ (net)
                  0.04    0.00    0.62 v _100_/A1 (sky130_fd_sc_hd__o31a_1)
     4    0.02    0.07    0.22    0.85 v _100_/X (sky130_fd_sc_hd__o31a_1)
                                         _055_ (net)
                  0.07    0.00    0.85 v _121_/A1 (sky130_fd_sc_hd__o31a_1)
     4    0.02    0.07    0.24    1.09 v _121_/X (sky130_fd_sc_hd__o31a_1)
                                         _072_ (net)
                  0.07    0.00    1.09 v _145_/A1 (sky130_fd_sc_hd__o31ai_2)
     3    0.01    0.22    0.24    1.33 ^ _145_/Y (sky130_fd_sc_hd__o31ai_2)
                                         _017_ (net)
                  0.22    0.00    1.33 ^ _158_/A1 (sky130_fd_sc_hd__a211oi_1)
     2    0.01    0.08    0.07    1.40 v _158_/Y (sky130_fd_sc_hd__a211oi_1)
                                         _028_ (net)
                  0.08    0.00    1.40 v _164_/A3 (sky130_fd_sc_hd__o31a_1)
     2    0.01    0.05    0.18    1.58 v _164_/X (sky130_fd_sc_hd__o31a_1)
                                         _033_ (net)
                  0.05    0.00    1.58 v _165_/B (sky130_fd_sc_hd__xor2_1)
     1    0.00    0.03    0.09    1.67 v _165_/X (sky130_fd_sc_hd__xor2_1)
                                         sum_d[15] (net)
                  0.03    0.00    1.67 v _170_/D (sky130_fd_sc_hd__dfxtp_1)
                                  1.67   data arrival time

                          5.00    5.00   clock core_clock (rise edge)
                          0.00    5.00   clock source latency
     1    0.01    0.00    0.00    5.00 ^ clk (in)
                                         clk (net)
                  0.00    0.00    5.00 ^ clkbuf_0_clk/A (sky130_fd_sc_hd__clkbuf_16)
     4    0.04    0.05    0.09    5.09 ^ clkbuf_0_clk/X (sky130_fd_sc_hd__clkbuf_16)
                                         clknet_0_clk (net)
                  0.05    0.00    5.09 ^ clkbuf_2_3__f_clk/A (sky130_fd_sc_hd__clkbuf_16)
    10    0.04    0.05    0.10    5.19 ^ clkbuf_2_3__f_clk/X (sky130_fd_sc_hd__clkbuf_16)
                                         clknet_2_3__leaf_clk (net)
                  0.05    0.00    5.19 ^ _170_/CLK (sky130_fd_sc_hd__dfxtp_1)
                          0.00    5.19   clock reconvergence pessimism
                         -0.07    5.12   library setup time
                                  5.12   data required time
-----------------------------------------------------------------------------
                                  5.12   data required time
                                 -1.67   data arrival time
-----------------------------------------------------------------------------
                                  3.46   slack (MET)



======================= Slowest Corner ===================================

Startpoint: _188_ (rising edge-triggered flip-flop clocked by core_clock)
Endpoint: _170_ (rising edge-triggered flip-flop clocked by core_clock)
Path Group: core_clock
Path Type: max
Corner: Slowest

Fanout     Cap    Slew   Delay    Time   Description
-----------------------------------------------------------------------------
                          0.00    0.00   clock core_clock (rise edge)
                          0.00    0.00   clock source latency
     1    0.01    0.00    0.00    0.00 ^ clk (in)
                                         clk (net)
                  0.00    0.00    0.00 ^ clkbuf_0_clk/A (sky130_fd_sc_hd__clkbuf_16)
     4    0.04    0.10    0.22    0.22 ^ clkbuf_0_clk/X (sky130_fd_sc_hd__clkbuf_16)
                                         clknet_0_clk (net)
                  0.10    0.00    0.22 ^ clkbuf_2_1__f_clk/A (sky130_fd_sc_hd__clkbuf_16)
    17    0.04    0.10    0.27    0.49 ^ clkbuf_2_1__f_clk/X (sky130_fd_sc_hd__clkbuf_16)
                                         clknet_2_1__leaf_clk (net)
                  0.10    0.00    0.49 ^ _188_/CLK (sky130_fd_sc_hd__dfxtp_1)
     2    0.00    0.09    0.66    1.15 ^ _188_/Q (sky130_fd_sc_hd__dfxtp_1)
                                         b_q[0] (net)
                  0.09    0.00    1.15 ^ _076_/B (sky130_fd_sc_hd__nand2_1)
     2    0.01    0.11    0.15    1.30 v _076_/Y (sky130_fd_sc_hd__nand2_1)
                                         _035_ (net)
                  0.11    0.00    1.30 v _079_/B1_N (sky130_fd_sc_hd__a21bo_1)
     2    0.01    0.15    0.43    1.73 ^ _079_/X (sky130_fd_sc_hd__a21bo_1)
                                         _037_ (net)
                  0.15    0.00    1.73 ^ _084_/A1 (sky130_fd_sc_hd__a21boi_2)
     3    0.01    0.12    0.17    1.90 v _084_/Y (sky130_fd_sc_hd__a21boi_2)
                                         _041_ (net)
                  0.12    0.00    1.90 v _100_/A1 (sky130_fd_sc_hd__o31a_1)
     4    0.02    0.19    0.69    2.59 v _100_/X (sky130_fd_sc_hd__o31a_1)
                                         _055_ (net)
                  0.19    0.00    2.59 v _121_/A1 (sky130_fd_sc_hd__o31a_1)
     4    0.02    0.19    0.72    3.31 v _121_/X (sky130_fd_sc_hd__o31a_1)
                                         _072_ (net)
                  0.19    0.00    3.31 v _145_/A1 (sky130_fd_sc_hd__o31ai_2)
     3    0.01    0.48    0.59    3.91 ^ _145_/Y (sky130_fd_sc_hd__o31ai_2)
                                         _017_ (net)
                  0.48    0.00    3.91 ^ _158_/A1 (sky130_fd_sc_hd__a211oi_1)
     2    0.01    0.20    0.34    4.24 v _158_/Y (sky130_fd_sc_hd__a211oi_1)
                                         _028_ (net)
                  0.20    0.00    4.25 v _164_/A3 (sky130_fd_sc_hd__o31a_1)
     2    0.01    0.13    0.56    4.80 v _164_/X (sky130_fd_sc_hd__o31a_1)
                                         _033_ (net)
                  0.13    0.00    4.80 v _165_/B (sky130_fd_sc_hd__xor2_1)
     1    0.00    0.10    0.28    5.09 v _165_/X (sky130_fd_sc_hd__xor2_1)
                                         sum_d[15] (net)
                  0.10    0.00    5.09 v _170_/D (sky130_fd_sc_hd__dfxtp_1)
                                  5.09   data arrival time

                          5.00    5.00   clock core_clock (rise edge)
                          0.00    5.00   clock source latency
     1    0.01    0.00    0.00    5.00 ^ clk (in)
                                         clk (net)
                  0.00    0.00    5.00 ^ clkbuf_0_clk/A (sky130_fd_sc_hd__clkbuf_16)
     4    0.04    0.10    0.22    5.22 ^ clkbuf_0_clk/X (sky130_fd_sc_hd__clkbuf_16)
                                         clknet_0_clk (net)
                  0.10    0.00    5.22 ^ clkbuf_2_3__f_clk/A (sky130_fd_sc_hd__clkbuf_16)
    10    0.04    0.09    0.26    5.49 ^ clkbuf_2_3__f_clk/X (sky130_fd_sc_hd__clkbuf_16)
                                         clknet_2_3__leaf_clk (net)
                  0.09    0.00    5.49 ^ _170_/CLK (sky130_fd_sc_hd__dfxtp_1)
                          0.00    5.49   clock reconvergence pessimism
                         -0.27    5.21   library setup time
                                  5.21   data required time
-----------------------------------------------------------------------------
                                  5.21   data required time
                                 -5.09   data arrival time
-----------------------------------------------------------------------------
                                  0.13   slack (MET)



======================= Typical Corner ===================================

Startpoint: _188_ (rising edge-triggered flip-flop clocked by core_clock)
Endpoint: _170_ (rising edge-triggered flip-flop clocked by core_clock)
Path Group: core_clock
Path Type: max
Corner: Typical

Fanout     Cap    Slew   Delay    Time   Description
-----------------------------------------------------------------------------
                          0.00    0.00   clock core_clock (rise edge)
                          0.00    0.00   clock source latency
     1    0.01    0.00    0.00    0.00 ^ clk (in)
                                         clk (net)
                  0.00    0.00    0.00 ^ clkbuf_0_clk/A (sky130_fd_sc_hd__clkbuf_16)
     4    0.04    0.06    0.13    0.13 ^ clkbuf_0_clk/X (sky130_fd_sc_hd__clkbuf_16)
                                         clknet_0_clk (net)
                  0.06    0.00    0.13 ^ clkbuf_2_1__f_clk/A (sky130_fd_sc_hd__clkbuf_16)
    17    0.05    0.07    0.15    0.28 ^ clkbuf_2_1__f_clk/X (sky130_fd_sc_hd__clkbuf_16)
                                         clknet_2_1__leaf_clk (net)
                  0.07    0.00    0.28 ^ _188_/CLK (sky130_fd_sc_hd__dfxtp_1)
     2    0.00    0.06    0.32    0.61 ^ _188_/Q (sky130_fd_sc_hd__dfxtp_1)
                                         b_q[0] (net)
                  0.06    0.00    0.61 ^ _076_/B (sky130_fd_sc_hd__nand2_1)
     2    0.01    0.05    0.07    0.67 v _076_/Y (sky130_fd_sc_hd__nand2_1)
                                         _035_ (net)
                  0.05    0.00    0.67 v _079_/B1_N (sky130_fd_sc_hd__a21bo_1)
     2    0.01    0.10    0.22    0.89 ^ _079_/X (sky130_fd_sc_hd__a21bo_1)
                                         _037_ (net)
                  0.10    0.00    0.89 ^ _084_/A1 (sky130_fd_sc_hd__a21boi_2)
     3    0.01    0.06    0.08    0.97 v _084_/Y (sky130_fd_sc_hd__a21boi_2)
                                         _041_ (net)
                  0.06    0.00    0.97 v _100_/A1 (sky130_fd_sc_hd__o31a_1)
     4    0.02    0.10    0.36    1.32 v _100_/X (sky130_fd_sc_hd__o31a_1)
                                         _055_ (net)
                  0.10    0.00    1.32 v _121_/A1 (sky130_fd_sc_hd__o31a_1)
     4    0.02    0.10    0.38    1.70 v _121_/X (sky130_fd_sc_hd__o31a_1)
                                         _072_ (net)
                  0.10    0.00    1.70 v _145_/A1 (sky130_fd_sc_hd__o31ai_2)
     3    0.01    0.29    0.35    2.05 ^ _145_/Y (sky130_fd_sc_hd__o31ai_2)
                                         _017_ (net)
                  0.29    0.00    2.05 ^ _158_/A1 (sky130_fd_sc_hd__a211oi_1)
     2    0.01    0.11    0.15    2.20 v _158_/Y (sky130_fd_sc_hd__a211oi_1)
                                         _028_ (net)
                  0.11    0.00    2.20 v _164_/A3 (sky130_fd_sc_hd__o31a_1)
     2    0.01    0.07    0.29    2.48 v _164_/X (sky130_fd_sc_hd__o31a_1)
                                         _033_ (net)
                  0.07    0.00    2.48 v _165_/B (sky130_fd_sc_hd__xor2_1)
     1    0.00    0.05    0.14    2.63 v _165_/X (sky130_fd_sc_hd__xor2_1)
                                         sum_d[15] (net)
                  0.05    0.00    2.63 v _170_/D (sky130_fd_sc_hd__dfxtp_1)
                                  2.63   data arrival time

                          5.00    5.00   clock core_clock (rise edge)
                          0.00    5.00   clock source latency
     1    0.01    0.00    0.00    5.00 ^ clk (in)
                                         clk (net)
                  0.00    0.00    5.00 ^ clkbuf_0_clk/A (sky130_fd_sc_hd__clkbuf_16)
     4    0.04    0.06    0.13    5.13 ^ clkbuf_0_clk/X (sky130_fd_sc_hd__clkbuf_16)
                                         clknet_0_clk (net)
                  0.06    0.00    5.13 ^ clkbuf_2_3__f_clk/A (sky130_fd_sc_hd__clkbuf_16)
    10    0.04    0.06    0.15    5.28 ^ clkbuf_2_3__f_clk/X (sky130_fd_sc_hd__clkbuf_16)
                                         clknet_2_3__leaf_clk (net)
                  0.06    0.00    5.28 ^ _170_/CLK (sky130_fd_sc_hd__dfxtp_1)
                          0.00    5.28   clock reconvergence pessimism
                         -0.11    5.17   library setup time
                                  5.17   data required time
-----------------------------------------------------------------------------
                                  5.17   data required time
                                 -2.63   data arrival time
-----------------------------------------------------------------------------
                                  2.54   slack (MET)




===========================================================================
report_checks --slack_max -0.01
============================================================================
======================= Fastest Corner ===================================

No paths found.

======================= Slowest Corner ===================================

No paths found.

======================= Typical Corner ===================================

No paths found.


===========================================================================
 report_check_types -max_slew -max_cap -max_fanout -violators
============================================================================
======================= Fastest Corner ===================================


max slew violations count Fastest: 0
max fanout violations count Fastest: 0
max cap violations count Fastest: 0
======================= Slowest Corner ===================================


max slew violations count Slowest: 0
max fanout violations count Slowest: 0
max cap violations count Slowest: 0
======================= Typical Corner ===================================


max slew violations count Typical: 0
max fanout violations count Typical: 0
max cap violations count Typical: 0

===========================================================================
report_parasitic_annotation -report_unannotated
============================================================================
Found 3 unannotated drivers.
 clkload0/Y
 clkload1/Y
 clkload2/Y
Found 0 partially unannotated drivers.

===========================================================================
max slew violation count 0
max fanout violation count 0
max cap violation count 0
============================================================================

===========================================================================
check_setup -verbose -unconstrained_endpoints -multiple_clock -no_clock -no_input_delay -loops -generated_clocks
===========================================================================
Warning: There are 33 input ports missing set_input_delay.
  a[0]
  a[10]
  a[11]
  a[12]
  a[13]
  a[14]
  a[15]
  a[1]
  a[2]
  a[3]
  a[4]
  a[5]
  a[6]
  a[7]
  a[8]
  a[9]
  b[0]
  b[10]
  b[11]
  b[12]
  b[13]
  b[14]
  b[15]
  b[1]
  b[2]
  b[3]
  b[4]
  b[5]
  b[6]
  b[7]
  b[8]
  b[9]
  cin
Warning: There are 50 unconstrained endpoints.
  sum[0]
  sum[10]
  sum[11]
  sum[12]
  sum[13]
  sum[14]
  sum[15]
  sum[16]
  sum[1]
  sum[2]
  sum[3]
  sum[4]
  sum[5]
  sum[6]
  sum[7]
  sum[8]
  sum[9]
  _172_/D
  _173_/D
  _174_/D
  _175_/D
  _176_/D
  _177_/D
  _178_/D
  _179_/D
  _180_/D
  _181_/D
  _182_/D
  _183_/D
  _184_/D
  _185_/D
  _186_/D
  _187_/D
  _188_/D
  _189_/D
  _190_/D
  _191_/D
  _192_/D
  _193_/D
  _194_/D
  _195_/D
  _196_/D
  _197_/D
  _198_/D
  _199_/D
  _200_/D
  _201_/D
  _202_/D
  _203_/D
  _204_/D
