
Circuit 1 cell sky130_fd_pr__nfet_01v8 and Circuit 2 cell sky130_fd_pr__nfet_01v8 are black boxes.
Warning: Equate pins:  cell sky130_fd_pr__nfet_01v8 is a placeholder, treated as a black box.
Warning: Equate pins:  cell sky130_fd_pr__nfet_01v8 is a placeholder, treated as a black box.

Subcircuit pins:
Circuit 1: sky130_fd_pr__nfet_01v8         |Circuit 2: sky130_fd_pr__nfet_01v8         
-------------------------------------------|-------------------------------------------
1                                          |1                                          
2                                          |2                                          
3                                          |3                                          
4                                          |4                                          
---------------------------------------------------------------------------------------
Cell pin lists are equivalent.
Device classes sky130_fd_pr__nfet_01v8 and sky130_fd_pr__nfet_01v8 are equivalent.

Circuit 1 cell sky130_fd_pr__pfet_01v8 and Circuit 2 cell sky130_fd_pr__pfet_01v8 are black boxes.
Warning: Equate pins:  cell sky130_fd_pr__pfet_01v8 is a placeholder, treated as a black box.
Warning: Equate pins:  cell sky130_fd_pr__pfet_01v8 is a placeholder, treated as a black box.

Subcircuit pins:
Circuit 1: sky130_fd_pr__pfet_01v8         |Circuit 2: sky130_fd_pr__pfet_01v8         
-------------------------------------------|-------------------------------------------
1                                          |1                                          
2                                          |2                                          
3                                          |3                                          
4                                          |4                                          
---------------------------------------------------------------------------------------
Cell pin lists are equivalent.
Device classes sky130_fd_pr__pfet_01v8 and sky130_fd_pr__pfet_01v8 are equivalent.

Subcircuit summary:
Circuit 1: fa                              |Circuit 2: fa                              
-------------------------------------------|-------------------------------------------
sky130_fd_pr__nfet_01v8 (12)               |sky130_fd_pr__nfet_01v8 (21) **Mismatch**  
sky130_fd_pr__pfet_01v8 (12)               |sky130_fd_pr__pfet_01v8 (21) **Mismatch**  
Number of devices: 24 **Mismatch**         |Number of devices: 42 **Mismatch**         
Number of nets: 17 **Mismatch**            |Number of nets: 36 **Mismatch**            
---------------------------------------------------------------------------------------
NET mismatches: Class fragments follow (with fanout counts):
Circuit 1: fa                              |Circuit 2: fa                              

---------------------------------------------------------------------------------------
Net: a                                     |Net: a                                     
  sky130_fd_pr__pfet_01v8/2 = 4            |  sky130_fd_pr__pfet_01v8/2 = 8            
  sky130_fd_pr__nfet_01v8/2 = 4            |  sky130_fd_pr__nfet_01v8/2 = 8            
                                           |                                           
Net: b                                     |Net: b                                     
  sky130_fd_pr__pfet_01v8/2 = 4            |  sky130_fd_pr__pfet_01v8/2 = 8            
  sky130_fd_pr__nfet_01v8/2 = 4            |  sky130_fd_pr__nfet_01v8/2 = 8            
                                           |                                           
Net: DGND                                  |Net: DGND                                  
  sky130_fd_pr__nfet_01v8/4 = 12           |  sky130_fd_pr__nfet_01v8/4 = 21           
  sky130_fd_pr__nfet_01v8/(1|3) = 7        |  sky130_fd_pr__nfet_01v8/(1|3) = 7        
                                           |                                           
Net: DVDD                                  |Net: DVDD                                  
  sky130_fd_pr__pfet_01v8/4 = 12           |  sky130_fd_pr__pfet_01v8/4 = 21           
  sky130_fd_pr__pfet_01v8/(1|3) = 7        |  sky130_fd_pr__pfet_01v8/(1|3) = 7        
                                           |                                           
Net: cin                                   |Net: cin                                   
  sky130_fd_pr__pfet_01v8/2 = 3            |  sky130_fd_pr__pfet_01v8/2 = 4            
  sky130_fd_pr__nfet_01v8/2 = 3            |  sky130_fd_pr__nfet_01v8/2 = 4            
                                           |                                           
Net: cout_n                                |Net: cout_n                                
  sky130_fd_pr__nfet_01v8/(1|3) = 2        |  sky130_fd_pr__nfet_01v8/(1|3) = 2        
  sky130_fd_pr__nfet_01v8/2 = 1            |  sky130_fd_pr__nfet_01v8/2 = 1            
  sky130_fd_pr__pfet_01v8/2 = 1            |  sky130_fd_pr__pfet_01v8/2 = 1            
  sky130_fd_pr__pfet_01v8/(1|3) = 2        |                                           
                                           |                                           
Net: net9                                  |Net: a_n1144_n64#                          
  sky130_fd_pr__nfet_01v8/(1|3) = 2        |  sky130_fd_pr__nfet_01v8/(1|3) = 2        
                                           |                                           
Net: net10                                 |Net: a_n1274_n64#                          
  sky130_fd_pr__pfet_01v8/(1|3) = 2        |  sky130_fd_pr__nfet_01v8/(1|3) = 2        
                                           |                                           
(no matching net)                          |Net: a_n1534_n64#                          
                                           |  sky130_fd_pr__nfet_01v8/(1|3) = 2        
                                           |                                           
(no matching net)                          |Net: a_n2314_190#                          
                                           |  sky130_fd_pr__pfet_01v8/(1|3) = 2        
                                           |                                           
(no matching net)                          |Net: a_n2444_190#                          
                                           |  sky130_fd_pr__pfet_01v8/(1|3) = 2        
                                           |                                           
(no matching net)                          |Net: a_n2184_190#                          
                                           |  sky130_fd_pr__pfet_01v8/(1|3) = 2        
                                           |                                           
(no matching net)                          |Net: a_n1664_190#                          
                                           |  sky130_fd_pr__pfet_01v8/(1|3) = 2        
                                           |                                           
(no matching net)                          |Net: a_n1144_190#                          
                                           |  sky130_fd_pr__pfet_01v8/(1|3) = 2        
                                           |                                           
(no matching net)                          |Net: a_n1274_190#                          
                                           |  sky130_fd_pr__pfet_01v8/(1|3) = 2        
                                           |                                           
(no matching net)                          |Net: a_n2574_190#                          
                                           |  sky130_fd_pr__pfet_01v8/(1|3) = 2        
                                           |                                           
(no matching net)                          |Net: a_n1534_190#                          
                                           |  sky130_fd_pr__pfet_01v8/(1|3) = 2        
                                           |                                           
(no matching net)                          |Net: a_n1794_190#                          
                                           |  sky130_fd_pr__pfet_01v8/(1|3) = 2        
                                           |                                           
(no matching net)                          |Net: a_n1014_190#                          
                                           |  sky130_fd_pr__pfet_01v8/(1|3) = 2        
                                           |                                           
(no matching net)                          |Net: a_n2054_190#                          
                                           |  sky130_fd_pr__pfet_01v8/(1|3) = 2        
                                           |                                           
(no matching net)                          |Net: a_n2054_n64#                          
                                           |  sky130_fd_pr__nfet_01v8/(1|3) = 2        
                                           |                                           
(no matching net)                          |Net: a_n1794_n64#                          
                                           |  sky130_fd_pr__nfet_01v8/(1|3) = 2        
                                           |                                           
(no matching net)                          |Net: a_n1014_n64#                          
                                           |  sky130_fd_pr__nfet_01v8/(1|3) = 2        
                                           |                                           
(no matching net)                          |Net: a_n2314_n64#                          
                                           |  sky130_fd_pr__nfet_01v8/(1|3) = 2        
                                           |                                           
(no matching net)                          |Net: a_n1664_n64#                          
                                           |  sky130_fd_pr__nfet_01v8/(1|3) = 2        
                                           |                                           
(no matching net)                          |Net: a_n2574_n64#                          
                                           |  sky130_fd_pr__nfet_01v8/(1|3) = 2        
                                           |                                           
(no matching net)                          |Net: a_n2444_n64#                          
                                           |  sky130_fd_pr__nfet_01v8/(1|3) = 2        
---------------------------------------------------------------------------------------
DEVICE mismatches: Class fragments follow (with node fanout counts):
Circuit 1: fa                              |Circuit 2: fa                              

---------------------------------------------------------------------------------------
Instance: sky130_fd_pr__nfet_01v8:M23      |Instance: sky130_fd_pr__nfet_01v8:12       
  (1,3) = (6,2)                            |  (1,3) = (4,2)                            
  2 = 8                                    |  2 = 8                                    
  4 = 19                                   |  4 = 28                                   
                                           |                                           
Instance: sky130_fd_pr__nfet_01v8:M24      |Instance: sky130_fd_pr__nfet_01v8:14       
  (1,3) = (19,2)                           |  (1,3) = (2,2)                            
  2 = 8                                    |  2 = 16                                   
  4 = 19                                   |  4 = 28                                   
                                           |                                           
Instance: sky130_fd_pr__pfet_01v8:M21      |Instance: sky130_fd_pr__nfet_01v8:16       
  (1,3) = (19,2)                           |  (1,3) = (2,2)                            
  2 = 8                                    |  2 = 16                                   
  4 = 19                                   |  4 = 28                                   
                                           |                                           
Instance: sky130_fd_pr__pfet_01v8:M22      |Instance: sky130_fd_pr__nfet_01v8:18       
  (1,3) = (6,2)                            |  (1,3) = (4,2)                            
  2 = 8                                    |  2 = 16                                   
  4 = 19                                   |  4 = 28                                   
                                           |                                           
(no matching instance)                     |Instance: sky130_fd_pr__nfet_01v8:19       
                                           |  (1,3) = (2,2)                            
                                           |  2 = 16                                   
                                           |  4 = 28                                   
                                           |                                           
                                           |                                           
(no matching instance)                     |Instance: sky130_fd_pr__nfet_01v8:20       
                                           |  (1,3) = (2,2)                            
                                           |  2 = 16                                   
                                           |  4 = 28                                   
                                           |                                           
                                           |                                           
(no matching instance)                     |Instance: sky130_fd_pr__nfet_01v8:23       
                                           |  (1,3) = (28,2)                           
                                           |  2 = 16                                   
                                           |  4 = 28                                   
                                           |                                           
                                           |                                           
(no matching instance)                     |Instance: sky130_fd_pr__nfet_01v8:24       
                                           |  (1,3) = (2,2)                            
                                           |  2 = 16                                   
                                           |  4 = 28                                   
                                           |                                           
                                           |                                           
(no matching instance)                     |Instance: sky130_fd_pr__nfet_01v8:25       
                                           |  (1,3) = (2,2)                            
                                           |  2 = 16                                   
                                           |  4 = 28                                   
                                           |                                           
                                           |                                           
(no matching instance)                     |Instance: sky130_fd_pr__nfet_01v8:28       
                                           |  (1,3) = (28,2)                           
                                           |  2 = 16                                   
                                           |  4 = 28                                   
                                           |                                           
                                           |                                           
(no matching instance)                     |Instance: sky130_fd_pr__nfet_01v8:33       
                                           |  (1,3) = (28,2)                           
                                           |  2 = 16                                   
                                           |  4 = 28                                   
                                           |                                           
                                           |                                           
(no matching instance)                     |Instance: sky130_fd_pr__pfet_01v8:0        
                                           |  (1,3) = (2,2)                            
                                           |  2 = 16                                   
                                           |  4 = 28                                   
                                           |                                           
                                           |                                           
(no matching instance)                     |Instance: sky130_fd_pr__pfet_01v8:1        
                                           |  (1,3) = (2,2)                            
                                           |  2 = 16                                   
                                           |  4 = 28                                   
                                           |                                           
                                           |                                           
(no matching instance)                     |Instance: sky130_fd_pr__pfet_01v8:2        
                                           |  (1,3) = (2,2)                            
                                           |  2 = 16                                   
                                           |  4 = 28                                   
                                           |                                           
                                           |                                           
(no matching instance)                     |Instance: sky130_fd_pr__pfet_01v8:3        
                                           |  (1,3) = (2,2)                            
                                           |  2 = 16                                   
                                           |  4 = 28                                   
                                           |                                           
                                           |                                           
(no matching instance)                     |Instance: sky130_fd_pr__pfet_01v8:4        
                                           |  (1,3) = (28,2)                           
                                           |  2 = 16                                   
                                           |  4 = 28                                   
                                           |                                           
                                           |                                           
(no matching instance)                     |Instance: sky130_fd_pr__pfet_01v8:5        
                                           |  (1,3) = (2,2)                            
                                           |  2 = 16                                   
                                           |  4 = 28                                   
                                           |                                           
                                           |                                           
(no matching instance)                     |Instance: sky130_fd_pr__pfet_01v8:6        
                                           |  (1,3) = (2,2)                            
                                           |  2 = 16                                   
                                           |  4 = 28                                   
                                           |                                           
                                           |                                           
(no matching instance)                     |Instance: sky130_fd_pr__pfet_01v8:8        
                                           |  (1,3) = (28,2)                           
                                           |  2 = 16                                   
                                           |  4 = 28                                   
                                           |                                           
                                           |                                           
(no matching instance)                     |Instance: sky130_fd_pr__pfet_01v8:11       
                                           |  (1,3) = (28,2)                           
                                           |  2 = 16                                   
                                           |  4 = 28                                   
                                           |                                           
                                           |                                           
(no matching instance)                     |Instance: sky130_fd_pr__pfet_01v8:38       
                                           |  (1,3) = (2,2)                            
                                           |  2 = 8                                    
                                           |  4 = 28                                   
                                           |                                           
                                           |                                           
(no matching instance)                     |Instance: sky130_fd_pr__pfet_01v8:41       
                                           |  (1,3) = (2,2)                            
                                           |  2 = 16                                   
                                           |  4 = 28                                   
                                           |                                           
---------------------------------------------------------------------------------------
Netlists do not match.
Port matching may fail to disambiguate symmetries.

Subcircuit pins:
Circuit 1: fa                              |Circuit 2: fa                              
-------------------------------------------|-------------------------------------------
a                                          |cout_n **Mismatch**                        
b                                          |cin **Mismatch**                           
DGND                                       |(no pin, node is a_n2444_n64#              
DVDD                                       |(no pin, node is a_n2574_n64#              
cin                                        |(no pin, node is a_n2314_n64#              
cout_n                                     |(no pin, node is a_n1664_n64#              
sum_n                                      |sum_n                                      
(no matching pin)                          |a                                          
(no matching pin)                          |b                                          
(no matching pin)                          |DVDD                                       
(no matching pin)                          |DGND                                       
---------------------------------------------------------------------------------------
Cell pin lists for fa and fa altered to match.
Device classes fa and fa are equivalent.

Final result: Top level cell failed pin matching.
