
===========================================================================
report_checks -unconstrained
===========================================================================
======================= Typical Corner ===================================

Startpoint: _169_ (rising edge-triggered flip-flop clocked by core_clock)
Endpoint: _185_ (rising edge-triggered flip-flop clocked by core_clock)
Path Group: core_clock
Path Type: max

Fanout     Cap    Slew   Delay    Time   Description
-----------------------------------------------------------------------------
                          0.00    0.00   clock core_clock (rise edge)
                          0.00    0.00   clock source latency
     1    0.01    0.00    0.00    0.00 ^ clk (in)
                                         clk (net)
                  0.00    0.00    0.00 ^ clkbuf_0_clk/A (sky130_fd_sc_hd__clkbuf_16)
     4    0.03    0.05    0.12    0.12 ^ clkbuf_0_clk/X (sky130_fd_sc_hd__clkbuf_16)
                                         clknet_0_clk (net)
                  0.05    0.00    0.12 ^ clkbuf_2_1__f_clk/A (sky130_fd_sc_hd__clkbuf_16)
    15    0.04    0.06    0.14    0.26 ^ clkbuf_2_1__f_clk/X (sky130_fd_sc_hd__clkbuf_16)
                                         clknet_2_1__leaf_clk (net)
                  0.06    0.00    0.27 ^ _169_/CLK (sky130_fd_sc_hd__dfxtp_1)
     2    0.01    0.04    0.31    0.58 v _169_/Q (sky130_fd_sc_hd__dfxtp_1)
                                         x1.cin (net)
                  0.04    0.00    0.58 v _062_/A (sky130_fd_sc_hd__or2_4)
     2    0.01    0.05    0.24    0.82 v _062_/X (sky130_fd_sc_hd__or2_4)
                                         _014_ (net)
                  0.05    0.00    0.82 v _064_/A2 (sky130_fd_sc_hd__a21bo_1)
     2    0.01    0.06    0.21    1.03 v _064_/X (sky130_fd_sc_hd__a21bo_1)
                                         _016_ (net)
                  0.06    0.00    1.03 v _066_/B (sky130_fd_sc_hd__xor2_1)
     2    0.00    0.06    0.15    1.18 v _066_/X (sky130_fd_sc_hd__xor2_1)
                                         _018_ (net)
                  0.06    0.00    1.18 v _067_/A (sky130_fd_sc_hd__nand2_1)
     3    0.01    0.09    0.09    1.27 ^ _067_/Y (sky130_fd_sc_hd__nand2_1)
                                         _019_ (net)
                  0.09    0.00    1.27 ^ _068_/B (sky130_fd_sc_hd__nand3b_1)
     2    0.01    0.08    0.10    1.37 v _068_/Y (sky130_fd_sc_hd__nand3b_1)
                                         _020_ (net)
                  0.08    0.00    1.37 v _070_/A2 (sky130_fd_sc_hd__a21o_1)
     2    0.01    0.06    0.21    1.58 v _070_/X (sky130_fd_sc_hd__a21o_1)
                                         _022_ (net)
                  0.06    0.00    1.58 v _071_/B (sky130_fd_sc_hd__xor2_1)
     2    0.01    0.07    0.16    1.75 v _071_/X (sky130_fd_sc_hd__xor2_1)
                                         _023_ (net)
                  0.07    0.00    1.75 v _078_/A1 (sky130_fd_sc_hd__a21o_1)
     2    0.01    0.04    0.17    1.92 v _078_/X (sky130_fd_sc_hd__a21o_1)
                                         _030_ (net)
                  0.04    0.00    1.92 v _080_/A1 (sky130_fd_sc_hd__a21o_1)
     2    0.01    0.05    0.17    2.09 v _080_/X (sky130_fd_sc_hd__a21o_1)
                                         _032_ (net)
                  0.05    0.00    2.09 v _082_/A2 (sky130_fd_sc_hd__a21oi_2)
     2    0.01    0.13    0.16    2.25 ^ _082_/Y (sky130_fd_sc_hd__a21oi_2)
                                         _034_ (net)
                  0.13    0.00    2.25 ^ _084_/A_N (sky130_fd_sc_hd__and2b_1)
     1    0.00    0.04    0.20    2.45 v _084_/X (sky130_fd_sc_hd__and2b_1)
                                         _036_ (net)
                  0.04    0.00    2.45 v _085_/B1 (sky130_fd_sc_hd__a21oi_2)
     2    0.01    0.18    0.17    2.63 ^ _085_/Y (sky130_fd_sc_hd__a21oi_2)
                                         _037_ (net)
                  0.18    0.00    2.63 ^ _087_/A_N (sky130_fd_sc_hd__and2b_1)
     1    0.00    0.04    0.21    2.84 v _087_/X (sky130_fd_sc_hd__and2b_1)
                                         _039_ (net)
                  0.04    0.00    2.84 v _088_/B1 (sky130_fd_sc_hd__a21oi_2)
     2    0.01    0.12    0.12    2.95 ^ _088_/Y (sky130_fd_sc_hd__a21oi_2)
                                         _040_ (net)
                  0.12    0.00    2.95 ^ _090_/A_N (sky130_fd_sc_hd__and2b_1)
     1    0.00    0.04    0.19    3.15 v _090_/X (sky130_fd_sc_hd__and2b_1)
                                         _042_ (net)
                  0.04    0.00    3.15 v _091_/B1 (sky130_fd_sc_hd__a21o_1)
     2    0.01    0.07    0.19    3.34 v _091_/X (sky130_fd_sc_hd__a21o_1)
                                         _043_ (net)
                  0.07    0.00    3.34 v _092_/B (sky130_fd_sc_hd__xnor2_2)
     2    0.01    0.14    0.15    3.49 ^ _092_/Y (sky130_fd_sc_hd__xnor2_2)
                                         _044_ (net)
                  0.14    0.00    3.49 ^ _094_/A2 (sky130_fd_sc_hd__o21a_1)
     2    0.01    0.12    0.18    3.67 ^ _094_/X (sky130_fd_sc_hd__o21a_1)
                                         _046_ (net)
                  0.12    0.00    3.67 ^ _096_/A_N (sky130_fd_sc_hd__and2b_1)
     1    0.01    0.05    0.20    3.87 v _096_/X (sky130_fd_sc_hd__and2b_1)
                                         _048_ (net)
                  0.05    0.00    3.87 v _097_/B1 (sky130_fd_sc_hd__a21oi_2)
     2    0.01    0.13    0.14    4.01 ^ _097_/Y (sky130_fd_sc_hd__a21oi_2)
                                         _049_ (net)
                  0.13    0.00    4.01 ^ _099_/A_N (sky130_fd_sc_hd__and2b_1)
     1    0.00    0.04    0.20    4.21 v _099_/X (sky130_fd_sc_hd__and2b_1)
                                         _051_ (net)
                  0.04    0.00    4.21 v _100_/B1 (sky130_fd_sc_hd__a21oi_2)
     2    0.01    0.14    0.14    4.35 ^ _100_/Y (sky130_fd_sc_hd__a21oi_2)
                                         _052_ (net)
                  0.14    0.00    4.35 ^ _102_/A_N (sky130_fd_sc_hd__and2b_1)
     1    0.00    0.04    0.20    4.54 v _102_/X (sky130_fd_sc_hd__and2b_1)
                                         _054_ (net)
                  0.04    0.00    4.54 v _103_/B1 (sky130_fd_sc_hd__a21o_1)
     2    0.01    0.07    0.19    4.73 v _103_/X (sky130_fd_sc_hd__a21o_1)
                                         _055_ (net)
                  0.07    0.00    4.73 v _104_/B (sky130_fd_sc_hd__xnor2_2)
     2    0.01    0.05    0.14    4.87 v _104_/Y (sky130_fd_sc_hd__xnor2_2)
                                         _056_ (net)
                  0.05    0.00    4.87 v _106_/A2 (sky130_fd_sc_hd__o21a_1)
     2    0.01    0.08    0.21    5.08 v _106_/X (sky130_fd_sc_hd__o21a_1)
                                         _058_ (net)
                  0.08    0.00    5.08 v _107_/B (sky130_fd_sc_hd__xnor2_2)
     2    0.01    0.18    0.19    5.27 ^ _107_/Y (sky130_fd_sc_hd__xnor2_2)
                                         _059_ (net)
                  0.18    0.00    5.27 ^ _109_/A1 (sky130_fd_sc_hd__a21oi_2)
     2    0.01    0.06    0.09    5.36 v _109_/Y (sky130_fd_sc_hd__a21oi_2)
                                         _001_ (net)
                  0.06    0.00    5.36 v _110_/B (sky130_fd_sc_hd__xnor2_1)
     2    0.01    0.28    0.26    5.62 ^ _110_/Y (sky130_fd_sc_hd__xnor2_1)
                                         _002_ (net)
                  0.28    0.00    5.62 ^ _112_/A2 (sky130_fd_sc_hd__a21oi_2)
     2    0.01    0.07    0.11    5.73 v _112_/Y (sky130_fd_sc_hd__a21oi_2)
                                         _004_ (net)
                  0.07    0.00    5.73 v _113_/B (sky130_fd_sc_hd__xnor2_1)
     2    0.01    0.23    0.22    5.96 ^ _113_/Y (sky130_fd_sc_hd__xnor2_1)
                                         _005_ (net)
                  0.23    0.00    5.96 ^ _135_/B (sky130_fd_sc_hd__xor2_1)
     1    0.01    0.15    0.20    6.15 ^ _135_/X (sky130_fd_sc_hd__xor2_1)
                                         x19.sum (net)
                  0.15    0.00    6.15 ^ _185_/D (sky130_fd_sc_hd__dfxtp_1)
                                  6.15   data arrival time

                          5.65    5.65   clock core_clock (rise edge)
                          0.00    5.65   clock source latency
     1    0.01    0.00    0.00    5.65 ^ clk (in)
                                         clk (net)
                  0.00    0.00    5.65 ^ clkbuf_0_clk/A (sky130_fd_sc_hd__clkbuf_16)
     4    0.03    0.05    0.12    5.77 ^ clkbuf_0_clk/X (sky130_fd_sc_hd__clkbuf_16)
                                         clknet_0_clk (net)
                  0.05    0.00    5.77 ^ clkbuf_2_1__f_clk/A (sky130_fd_sc_hd__clkbuf_16)
    15    0.04    0.06    0.14    5.91 ^ clkbuf_2_1__f_clk/X (sky130_fd_sc_hd__clkbuf_16)
                                         clknet_2_1__leaf_clk (net)
                  0.06    0.00    5.92 ^ _185_/CLK (sky130_fd_sc_hd__dfxtp_1)
                          0.00    5.92   clock reconvergence pessimism
                         -0.08    5.84   library setup time
                                  5.84   data required time
-----------------------------------------------------------------------------
                                  5.84   data required time
                                 -6.15   data arrival time
-----------------------------------------------------------------------------
                                 -0.31   slack (VIOLATED)




===========================================================================
report_checks --slack_max -0.01
============================================================================
======================= Typical Corner ===================================

Startpoint: _169_ (rising edge-triggered flip-flop clocked by core_clock)
Endpoint: _185_ (rising edge-triggered flip-flop clocked by core_clock)
Path Group: core_clock
Path Type: max

Fanout     Cap    Slew   Delay    Time   Description
-----------------------------------------------------------------------------
                          0.00    0.00   clock core_clock (rise edge)
                          0.00    0.00   clock source latency
     1    0.01    0.00    0.00    0.00 ^ clk (in)
                                         clk (net)
                  0.00    0.00    0.00 ^ clkbuf_0_clk/A (sky130_fd_sc_hd__clkbuf_16)
     4    0.03    0.05    0.12    0.12 ^ clkbuf_0_clk/X (sky130_fd_sc_hd__clkbuf_16)
                                         clknet_0_clk (net)
                  0.05    0.00    0.12 ^ clkbuf_2_1__f_clk/A (sky130_fd_sc_hd__clkbuf_16)
    15    0.04    0.06    0.14    0.26 ^ clkbuf_2_1__f_clk/X (sky130_fd_sc_hd__clkbuf_16)
                                         clknet_2_1__leaf_clk (net)
                  0.06    0.00    0.27 ^ _169_/CLK (sky130_fd_sc_hd__dfxtp_1)
     2    0.01    0.04    0.31    0.58 v _169_/Q (sky130_fd_sc_hd__dfxtp_1)
                                         x1.cin (net)
                  0.04    0.00    0.58 v _062_/A (sky130_fd_sc_hd__or2_4)
     2    0.01    0.05    0.24    0.82 v _062_/X (sky130_fd_sc_hd__or2_4)
                                         _014_ (net)
                  0.05    0.00    0.82 v _064_/A2 (sky130_fd_sc_hd__a21bo_1)
     2    0.01    0.06    0.21    1.03 v _064_/X (sky130_fd_sc_hd__a21bo_1)
                                         _016_ (net)
                  0.06    0.00    1.03 v _066_/B (sky130_fd_sc_hd__xor2_1)
     2    0.00    0.06    0.15    1.18 v _066_/X (sky130_fd_sc_hd__xor2_1)
                                         _018_ (net)
                  0.06    0.00    1.18 v _067_/A (sky130_fd_sc_hd__nand2_1)
     3    0.01    0.09    0.09    1.27 ^ _067_/Y (sky130_fd_sc_hd__nand2_1)
                                         _019_ (net)
                  0.09    0.00    1.27 ^ _068_/B (sky130_fd_sc_hd__nand3b_1)
     2    0.01    0.08    0.10    1.37 v _068_/Y (sky130_fd_sc_hd__nand3b_1)
                                         _020_ (net)
                  0.08    0.00    1.37 v _070_/A2 (sky130_fd_sc_hd__a21o_1)
     2    0.01    0.06    0.21    1.58 v _070_/X (sky130_fd_sc_hd__a21o_1)
                                         _022_ (net)
                  0.06    0.00    1.58 v _071_/B (sky130_fd_sc_hd__xor2_1)
     2    0.01    0.07    0.16    1.75 v _071_/X (sky130_fd_sc_hd__xor2_1)
                                         _023_ (net)
                  0.07    0.00    1.75 v _078_/A1 (sky130_fd_sc_hd__a21o_1)
     2    0.01    0.04    0.17    1.92 v _078_/X (sky130_fd_sc_hd__a21o_1)
                                         _030_ (net)
                  0.04    0.00    1.92 v _080_/A1 (sky130_fd_sc_hd__a21o_1)
     2    0.01    0.05    0.17    2.09 v _080_/X (sky130_fd_sc_hd__a21o_1)
                                         _032_ (net)
                  0.05    0.00    2.09 v _082_/A2 (sky130_fd_sc_hd__a21oi_2)
     2    0.01    0.13    0.16    2.25 ^ _082_/Y (sky130_fd_sc_hd__a21oi_2)
                                         _034_ (net)
                  0.13    0.00    2.25 ^ _084_/A_N (sky130_fd_sc_hd__and2b_1)
     1    0.00    0.04    0.20    2.45 v _084_/X (sky130_fd_sc_hd__and2b_1)
                                         _036_ (net)
                  0.04    0.00    2.45 v _085_/B1 (sky130_fd_sc_hd__a21oi_2)
     2    0.01    0.18    0.17    2.63 ^ _085_/Y (sky130_fd_sc_hd__a21oi_2)
                                         _037_ (net)
                  0.18    0.00    2.63 ^ _087_/A_N (sky130_fd_sc_hd__and2b_1)
     1    0.00    0.04    0.21    2.84 v _087_/X (sky130_fd_sc_hd__and2b_1)
                                         _039_ (net)
                  0.04    0.00    2.84 v _088_/B1 (sky130_fd_sc_hd__a21oi_2)
     2    0.01    0.12    0.12    2.95 ^ _088_/Y (sky130_fd_sc_hd__a21oi_2)
                                         _040_ (net)
                  0.12    0.00    2.95 ^ _090_/A_N (sky130_fd_sc_hd__and2b_1)
     1    0.00    0.04    0.19    3.15 v _090_/X (sky130_fd_sc_hd__and2b_1)
                                         _042_ (net)
                  0.04    0.00    3.15 v _091_/B1 (sky130_fd_sc_hd__a21o_1)
     2    0.01    0.07    0.19    3.34 v _091_/X (sky130_fd_sc_hd__a21o_1)
                                         _043_ (net)
                  0.07    0.00    3.34 v _092_/B (sky130_fd_sc_hd__xnor2_2)
     2    0.01    0.14    0.15    3.49 ^ _092_/Y (sky130_fd_sc_hd__xnor2_2)
                                         _044_ (net)
                  0.14    0.00    3.49 ^ _094_/A2 (sky130_fd_sc_hd__o21a_1)
     2    0.01    0.12    0.18    3.67 ^ _094_/X (sky130_fd_sc_hd__o21a_1)
                                         _046_ (net)
                  0.12    0.00    3.67 ^ _096_/A_N (sky130_fd_sc_hd__and2b_1)
     1    0.01    0.05    0.20    3.87 v _096_/X (sky130_fd_sc_hd__and2b_1)
                                         _048_ (net)
                  0.05    0.00    3.87 v _097_/B1 (sky130_fd_sc_hd__a21oi_2)
     2    0.01    0.13    0.14    4.01 ^ _097_/Y (sky130_fd_sc_hd__a21oi_2)
                                         _049_ (net)
                  0.13    0.00    4.01 ^ _099_/A_N (sky130_fd_sc_hd__and2b_1)
     1    0.00    0.04    0.20    4.21 v _099_/X (sky130_fd_sc_hd__and2b_1)
                                         _051_ (net)
                  0.04    0.00    4.21 v _100_/B1 (sky130_fd_sc_hd__a21oi_2)
     2    0.01    0.14    0.14    4.35 ^ _100_/Y (sky130_fd_sc_hd__a21oi_2)
                                         _052_ (net)
                  0.14    0.00    4.35 ^ _102_/A_N (sky130_fd_sc_hd__and2b_1)
     1    0.00    0.04    0.20    4.54 v _102_/X (sky130_fd_sc_hd__and2b_1)
                                         _054_ (net)
                  0.04    0.00    4.54 v _103_/B1 (sky130_fd_sc_hd__a21o_1)
     2    0.01    0.07    0.19    4.73 v _103_/X (sky130_fd_sc_hd__a21o_1)
                                         _055_ (net)
                  0.07    0.00    4.73 v _104_/B (sky130_fd_sc_hd__xnor2_2)
     2    0.01    0.05    0.14    4.87 v _104_/Y (sky130_fd_sc_hd__xnor2_2)
                                         _056_ (net)
                  0.05    0.00    4.87 v _106_/A2 (sky130_fd_sc_hd__o21a_1)
     2    0.01    0.08    0.21    5.08 v _106_/X (sky130_fd_sc_hd__o21a_1)
                                         _058_ (net)
                  0.08    0.00    5.08 v _107_/B (sky130_fd_sc_hd__xnor2_2)
     2    0.01    0.18    0.19    5.27 ^ _107_/Y (sky130_fd_sc_hd__xnor2_2)
                                         _059_ (net)
                  0.18    0.00    5.27 ^ _109_/A1 (sky130_fd_sc_hd__a21oi_2)
     2    0.01    0.06    0.09    5.36 v _109_/Y (sky130_fd_sc_hd__a21oi_2)
                                         _001_ (net)
                  0.06    0.00    5.36 v _110_/B (sky130_fd_sc_hd__xnor2_1)
     2    0.01    0.28    0.26    5.62 ^ _110_/Y (sky130_fd_sc_hd__xnor2_1)
                                         _002_ (net)
                  0.28    0.00    5.62 ^ _112_/A2 (sky130_fd_sc_hd__a21oi_2)
     2    0.01    0.07    0.11    5.73 v _112_/Y (sky130_fd_sc_hd__a21oi_2)
                                         _004_ (net)
                  0.07    0.00    5.73 v _113_/B (sky130_fd_sc_hd__xnor2_1)
     2    0.01    0.23    0.22    5.96 ^ _113_/Y (sky130_fd_sc_hd__xnor2_1)
                                         _005_ (net)
                  0.23    0.00    5.96 ^ _135_/B (sky130_fd_sc_hd__xor2_1)
     1    0.01    0.15    0.20    6.15 ^ _135_/X (sky130_fd_sc_hd__xor2_1)
                                         x19.sum (net)
                  0.15    0.00    6.15 ^ _185_/D (sky130_fd_sc_hd__dfxtp_1)
                                  6.15   data arrival time

                          5.65    5.65   clock core_clock (rise edge)
                          0.00    5.65   clock source latency
     1    0.01    0.00    0.00    5.65 ^ clk (in)
                                         clk (net)
                  0.00    0.00    5.65 ^ clkbuf_0_clk/A (sky130_fd_sc_hd__clkbuf_16)
     4    0.03    0.05    0.12    5.77 ^ clkbuf_0_clk/X (sky130_fd_sc_hd__clkbuf_16)
                                         clknet_0_clk (net)
                  0.05    0.00    5.77 ^ clkbuf_2_1__f_clk/A (sky130_fd_sc_hd__clkbuf_16)
    15    0.04    0.06    0.14    5.91 ^ clkbuf_2_1__f_clk/X (sky130_fd_sc_hd__clkbuf_16)
                                         clknet_2_1__leaf_clk (net)
                  0.06    0.00    5.92 ^ _185_/CLK (sky130_fd_sc_hd__dfxtp_1)
                          0.00    5.92   clock reconvergence pessimism
                         -0.08    5.84   library setup time
                                  5.84   data required time
-----------------------------------------------------------------------------
                                  5.84   data required time
                                 -6.15   data arrival time
-----------------------------------------------------------------------------
                                 -0.31   slack (VIOLATED)




===========================================================================
 report_check_types -max_slew -max_cap -max_fanout -violators
============================================================================
======================= Typical Corner ===================================


max slew violations count Typical: 0
max fanout violations count Typical: 0
max cap violations count Typical: 0

===========================================================================
report_parasitic_annotation -report_unannotated
============================================================================
Found 3 unannotated drivers.
 clkload0/Y
 clkload1/Y
 clkload2/Y
Found 30 partially unannotated drivers.
 a1
 a2
 clk
 _087_/X
 _088_/Y
 _119_/X
 _123_/X
 _139_/Q
 _141_/Q
 _143_/Q
 _145_/Q
 _147_/Q
 _149_/Q
 _151_/Q
 _153_/Q
 _168_/Q
 _171_/Q
 _176_/Q
 _182_/Q
 clkbuf_0_clk/X
 input11/X
 input2/X
 input3/X
 input5/X
 output34/X
 output41/X
 output42/X
 output43/X
 output44/X
 output48/X

===========================================================================
max slew violation count 0
max fanout violation count 0
max cap violation count 0
============================================================================

===========================================================================
check_setup -verbose -unconstrained_endpoints -multiple_clock -no_clock -no_input_delay -loops -generated_clocks
===========================================================================
Warning: There are 33 input ports missing set_input_delay.
  a1
  a10
  a11
  a12
  a13
  a14
  a15
  a16
  a2
  a3
  a4
  a5
  a6
  a7
  a8
  a9
  b1
  b10
  b11
  b12
  b13
  b14
  b15
  b16
  b2
  b3
  b4
  b5
  b6
  b7
  b8
  b9
  cin
Warning: There are 50 unconstrained endpoints.
  cout
  s1
  s10
  s11
  s12
  s13
  s14
  s15
  s16
  s2
  s3
  s4
  s5
  s6
  s7
  s8
  s9
  _137_/D
  _138_/D
  _139_/D
  _140_/D
  _141_/D
  _142_/D
  _143_/D
  _144_/D
  _145_/D
  _146_/D
  _147_/D
  _148_/D
  _149_/D
  _150_/D
  _151_/D
  _152_/D
  _153_/D
  _154_/D
  _155_/D
  _156_/D
  _157_/D
  _158_/D
  _159_/D
  _160_/D
  _161_/D
  _162_/D
  _163_/D
  _164_/D
  _165_/D
  _166_/D
  _167_/D
  _168_/D
  _169_/D
