
===========================================================================
report_checks -unconstrained
===========================================================================
======================= Typical Corner ===================================

Startpoint: _137_ (rising edge-triggered flip-flop clocked by core_clock)
Endpoint: _186_ (rising edge-triggered flip-flop clocked by core_clock)
Path Group: core_clock
Path Type: max

Fanout     Cap    Slew   Delay    Time   Description
-----------------------------------------------------------------------------
                          0.00    0.00   clock core_clock (rise edge)
                          0.00    0.00   clock source latency
     1    0.01    0.00    0.00    0.00 ^ clk (in)
                                         clk (net)
                  0.00    0.00    0.00 ^ clkbuf_0_clk/A (sky130_fd_sc_hd__clkbuf_16)
     4    0.03    0.05    0.12    0.12 ^ clkbuf_0_clk/X (sky130_fd_sc_hd__clkbuf_16)
                                         clknet_0_clk (net)
                  0.05    0.00    0.12 ^ clkbuf_2_1__f_clk/A (sky130_fd_sc_hd__clkbuf_16)
    15    0.03    0.05    0.14    0.26 ^ clkbuf_2_1__f_clk/X (sky130_fd_sc_hd__clkbuf_16)
                                         clknet_2_1__leaf_clk (net)
                  0.05    0.00    0.26 ^ _137_/CLK (sky130_fd_sc_hd__dfxtp_2)
     3    0.01    0.04    0.32    0.58 v _137_/Q (sky130_fd_sc_hd__dfxtp_2)
                                         x1.a (net)
                  0.04    0.00    0.58 v _062_/B (sky130_fd_sc_hd__or2_4)
     2    0.00    0.05    0.22    0.80 v _062_/X (sky130_fd_sc_hd__or2_4)
                                         _014_ (net)
                  0.05    0.00    0.80 v _064_/A2 (sky130_fd_sc_hd__a21bo_1)
     2    0.01    0.07    0.22    1.02 v _064_/X (sky130_fd_sc_hd__a21bo_1)
                                         _016_ (net)
                  0.07    0.00    1.02 v _066_/B (sky130_fd_sc_hd__xor2_2)
     2    0.01    0.06    0.15    1.17 v _066_/X (sky130_fd_sc_hd__xor2_2)
                                         _018_ (net)
                  0.06    0.00    1.17 v _067_/A (sky130_fd_sc_hd__nand2_2)
     3    0.01    0.08    0.09    1.26 ^ _067_/Y (sky130_fd_sc_hd__nand2_2)
                                         _019_ (net)
                  0.08    0.00    1.26 ^ _068_/B (sky130_fd_sc_hd__nand3b_4)
     2    0.00    0.05    0.07    1.33 v _068_/Y (sky130_fd_sc_hd__nand3b_4)
                                         _020_ (net)
                  0.05    0.00    1.33 v _070_/A2 (sky130_fd_sc_hd__a21o_1)
     2    0.01    0.07    0.21    1.53 v _070_/X (sky130_fd_sc_hd__a21o_1)
                                         _022_ (net)
                  0.07    0.00    1.53 v _071_/B (sky130_fd_sc_hd__xor2_2)
     2    0.01    0.06    0.15    1.69 v _071_/X (sky130_fd_sc_hd__xor2_2)
                                         _023_ (net)
                  0.06    0.00    1.69 v _078_/A1 (sky130_fd_sc_hd__a21o_1)
     2    0.00    0.04    0.16    1.85 v _078_/X (sky130_fd_sc_hd__a21o_1)
                                         _030_ (net)
                  0.04    0.00    1.85 v _080_/A1 (sky130_fd_sc_hd__a21o_1)
     2    0.01    0.05    0.17    2.02 v _080_/X (sky130_fd_sc_hd__a21o_1)
                                         _032_ (net)
                  0.05    0.00    2.02 v _082_/A2 (sky130_fd_sc_hd__a21oi_2)
     2    0.01    0.12    0.15    2.17 ^ _082_/Y (sky130_fd_sc_hd__a21oi_2)
                                         _034_ (net)
                  0.12    0.00    2.17 ^ _084_/A_N (sky130_fd_sc_hd__and2b_1)
     1    0.00    0.04    0.20    2.36 v _084_/X (sky130_fd_sc_hd__and2b_1)
                                         _036_ (net)
                  0.04    0.00    2.36 v _085_/B1 (sky130_fd_sc_hd__a21oi_2)
     2    0.01    0.12    0.12    2.48 ^ _085_/Y (sky130_fd_sc_hd__a21oi_2)
                                         _037_ (net)
                  0.12    0.00    2.48 ^ _087_/A_N (sky130_fd_sc_hd__and2b_1)
     1    0.00    0.04    0.20    2.68 v _087_/X (sky130_fd_sc_hd__and2b_1)
                                         _039_ (net)
                  0.04    0.00    2.68 v _088_/B1 (sky130_fd_sc_hd__a21oi_2)
     2    0.01    0.12    0.12    2.79 ^ _088_/Y (sky130_fd_sc_hd__a21oi_2)
                                         _040_ (net)
                  0.12    0.00    2.79 ^ _090_/A_N (sky130_fd_sc_hd__and2b_1)
     1    0.00    0.03    0.19    2.98 v _090_/X (sky130_fd_sc_hd__and2b_1)
                                         _042_ (net)
                  0.03    0.00    2.98 v _091_/B1 (sky130_fd_sc_hd__a21o_1)
     2    0.01    0.07    0.18    3.16 v _091_/X (sky130_fd_sc_hd__a21o_1)
                                         _043_ (net)
                  0.07    0.00    3.16 v _092_/B (sky130_fd_sc_hd__xnor2_2)
     2    0.00    0.05    0.13    3.29 v _092_/Y (sky130_fd_sc_hd__xnor2_2)
                                         _044_ (net)
                  0.05    0.00    3.29 v _094_/A2 (sky130_fd_sc_hd__o21a_1)
     2    0.01    0.07    0.20    3.49 v _094_/X (sky130_fd_sc_hd__o21a_1)
                                         _046_ (net)
                  0.07    0.00    3.49 v _095_/B (sky130_fd_sc_hd__xnor2_2)
     2    0.01    0.07    0.15    3.64 v _095_/Y (sky130_fd_sc_hd__xnor2_2)
                                         _047_ (net)
                  0.07    0.00    3.64 v _097_/A1 (sky130_fd_sc_hd__a21oi_2)
     2    0.01    0.12    0.14    3.78 ^ _097_/Y (sky130_fd_sc_hd__a21oi_2)
                                         _049_ (net)
                  0.12    0.00    3.78 ^ _099_/A_N (sky130_fd_sc_hd__and2b_1)
     1    0.00    0.04    0.20    3.98 v _099_/X (sky130_fd_sc_hd__and2b_1)
                                         _051_ (net)
                  0.04    0.00    3.98 v _100_/B1 (sky130_fd_sc_hd__a21oi_2)
     2    0.01    0.12    0.12    4.09 ^ _100_/Y (sky130_fd_sc_hd__a21oi_2)
                                         _052_ (net)
                  0.12    0.00    4.09 ^ _102_/A_N (sky130_fd_sc_hd__and2b_1)
     1    0.00    0.03    0.19    4.28 v _102_/X (sky130_fd_sc_hd__and2b_1)
                                         _054_ (net)
                  0.03    0.00    4.28 v _103_/B1 (sky130_fd_sc_hd__a21o_1)
     2    0.01    0.06    0.18    4.46 v _103_/X (sky130_fd_sc_hd__a21o_1)
                                         _055_ (net)
                  0.06    0.00    4.46 v _104_/B (sky130_fd_sc_hd__xnor2_2)
     2    0.00    0.05    0.13    4.59 v _104_/Y (sky130_fd_sc_hd__xnor2_2)
                                         _056_ (net)
                  0.05    0.00    4.59 v _106_/A2 (sky130_fd_sc_hd__o21a_1)
     2    0.01    0.07    0.20    4.79 v _106_/X (sky130_fd_sc_hd__o21a_1)
                                         _058_ (net)
                  0.07    0.00    4.79 v _107_/B (sky130_fd_sc_hd__xnor2_2)
     2    0.01    0.07    0.15    4.94 v _107_/Y (sky130_fd_sc_hd__xnor2_2)
                                         _059_ (net)
                  0.07    0.00    4.94 v _109_/A1 (sky130_fd_sc_hd__a21oi_2)
     2    0.01    0.12    0.14    5.08 ^ _109_/Y (sky130_fd_sc_hd__a21oi_2)
                                         _001_ (net)
                  0.12    0.00    5.08 ^ _111_/A_N (sky130_fd_sc_hd__and2b_1)
     1    0.00    0.04    0.20    5.27 v _111_/X (sky130_fd_sc_hd__and2b_1)
                                         _003_ (net)
                  0.04    0.00    5.27 v _112_/B1 (sky130_fd_sc_hd__a21oi_2)
     2    0.01    0.12    0.12    5.39 ^ _112_/Y (sky130_fd_sc_hd__a21oi_2)
                                         _004_ (net)
                  0.12    0.00    5.39 ^ _114_/A_N (sky130_fd_sc_hd__and2b_1)
     1    0.00    0.03    0.19    5.58 v _114_/X (sky130_fd_sc_hd__and2b_1)
                                         _006_ (net)
                  0.03    0.00    5.58 v _115_/B1 (sky130_fd_sc_hd__a21o_1)
     1    0.00    0.03    0.14    5.71 v _115_/X (sky130_fd_sc_hd__a21o_1)
                                         x20.out (net)
                  0.03    0.00    5.71 v _186_/D (sky130_fd_sc_hd__dfxtp_1)
                                  5.71   data arrival time

                          3.00    3.00   clock core_clock (rise edge)
                          0.00    3.00   clock source latency
     1    0.01    0.00    0.00    3.00 ^ clk (in)
                                         clk (net)
                  0.00    0.00    3.00 ^ clkbuf_0_clk/A (sky130_fd_sc_hd__clkbuf_16)
     4    0.03    0.05    0.12    3.12 ^ clkbuf_0_clk/X (sky130_fd_sc_hd__clkbuf_16)
                                         clknet_0_clk (net)
                  0.05    0.00    3.12 ^ clkbuf_2_3__f_clk/A (sky130_fd_sc_hd__clkbuf_16)
    12    0.03    0.05    0.14    3.26 ^ clkbuf_2_3__f_clk/X (sky130_fd_sc_hd__clkbuf_16)
                                         clknet_2_3__leaf_clk (net)
                  0.05    0.00    3.26 ^ _186_/CLK (sky130_fd_sc_hd__dfxtp_1)
                          0.00    3.26   clock reconvergence pessimism
                         -0.10    3.15   library setup time
                                  3.15   data required time
-----------------------------------------------------------------------------
                                  3.15   data required time
                                 -5.71   data arrival time
-----------------------------------------------------------------------------
                                 -2.56   slack (VIOLATED)




===========================================================================
report_checks --slack_max -0.01
============================================================================
======================= Typical Corner ===================================

Startpoint: _137_ (rising edge-triggered flip-flop clocked by core_clock)
Endpoint: _186_ (rising edge-triggered flip-flop clocked by core_clock)
Path Group: core_clock
Path Type: max

Fanout     Cap    Slew   Delay    Time   Description
-----------------------------------------------------------------------------
                          0.00    0.00   clock core_clock (rise edge)
                          0.00    0.00   clock source latency
     1    0.01    0.00    0.00    0.00 ^ clk (in)
                                         clk (net)
                  0.00    0.00    0.00 ^ clkbuf_0_clk/A (sky130_fd_sc_hd__clkbuf_16)
     4    0.03    0.05    0.12    0.12 ^ clkbuf_0_clk/X (sky130_fd_sc_hd__clkbuf_16)
                                         clknet_0_clk (net)
                  0.05    0.00    0.12 ^ clkbuf_2_1__f_clk/A (sky130_fd_sc_hd__clkbuf_16)
    15    0.03    0.05    0.14    0.26 ^ clkbuf_2_1__f_clk/X (sky130_fd_sc_hd__clkbuf_16)
                                         clknet_2_1__leaf_clk (net)
                  0.05    0.00    0.26 ^ _137_/CLK (sky130_fd_sc_hd__dfxtp_2)
     3    0.01    0.04    0.32    0.58 v _137_/Q (sky130_fd_sc_hd__dfxtp_2)
                                         x1.a (net)
                  0.04    0.00    0.58 v _062_/B (sky130_fd_sc_hd__or2_4)
     2    0.00    0.05    0.22    0.80 v _062_/X (sky130_fd_sc_hd__or2_4)
                                         _014_ (net)
                  0.05    0.00    0.80 v _064_/A2 (sky130_fd_sc_hd__a21bo_1)
     2    0.01    0.07    0.22    1.02 v _064_/X (sky130_fd_sc_hd__a21bo_1)
                                         _016_ (net)
                  0.07    0.00    1.02 v _066_/B (sky130_fd_sc_hd__xor2_2)
     2    0.01    0.06    0.15    1.17 v _066_/X (sky130_fd_sc_hd__xor2_2)
                                         _018_ (net)
                  0.06    0.00    1.17 v _067_/A (sky130_fd_sc_hd__nand2_2)
     3    0.01    0.08    0.09    1.26 ^ _067_/Y (sky130_fd_sc_hd__nand2_2)
                                         _019_ (net)
                  0.08    0.00    1.26 ^ _068_/B (sky130_fd_sc_hd__nand3b_4)
     2    0.00    0.05    0.07    1.33 v _068_/Y (sky130_fd_sc_hd__nand3b_4)
                                         _020_ (net)
                  0.05    0.00    1.33 v _070_/A2 (sky130_fd_sc_hd__a21o_1)
     2    0.01    0.07    0.21    1.53 v _070_/X (sky130_fd_sc_hd__a21o_1)
                                         _022_ (net)
                  0.07    0.00    1.53 v _071_/B (sky130_fd_sc_hd__xor2_2)
     2    0.01    0.06    0.15    1.69 v _071_/X (sky130_fd_sc_hd__xor2_2)
                                         _023_ (net)
                  0.06    0.00    1.69 v _078_/A1 (sky130_fd_sc_hd__a21o_1)
     2    0.00    0.04    0.16    1.85 v _078_/X (sky130_fd_sc_hd__a21o_1)
                                         _030_ (net)
                  0.04    0.00    1.85 v _080_/A1 (sky130_fd_sc_hd__a21o_1)
     2    0.01    0.05    0.17    2.02 v _080_/X (sky130_fd_sc_hd__a21o_1)
                                         _032_ (net)
                  0.05    0.00    2.02 v _082_/A2 (sky130_fd_sc_hd__a21oi_2)
     2    0.01    0.12    0.15    2.17 ^ _082_/Y (sky130_fd_sc_hd__a21oi_2)
                                         _034_ (net)
                  0.12    0.00    2.17 ^ _084_/A_N (sky130_fd_sc_hd__and2b_1)
     1    0.00    0.04    0.20    2.36 v _084_/X (sky130_fd_sc_hd__and2b_1)
                                         _036_ (net)
                  0.04    0.00    2.36 v _085_/B1 (sky130_fd_sc_hd__a21oi_2)
     2    0.01    0.12    0.12    2.48 ^ _085_/Y (sky130_fd_sc_hd__a21oi_2)
                                         _037_ (net)
                  0.12    0.00    2.48 ^ _087_/A_N (sky130_fd_sc_hd__and2b_1)
     1    0.00    0.04    0.20    2.68 v _087_/X (sky130_fd_sc_hd__and2b_1)
                                         _039_ (net)
                  0.04    0.00    2.68 v _088_/B1 (sky130_fd_sc_hd__a21oi_2)
     2    0.01    0.12    0.12    2.79 ^ _088_/Y (sky130_fd_sc_hd__a21oi_2)
                                         _040_ (net)
                  0.12    0.00    2.79 ^ _090_/A_N (sky130_fd_sc_hd__and2b_1)
     1    0.00    0.03    0.19    2.98 v _090_/X (sky130_fd_sc_hd__and2b_1)
                                         _042_ (net)
                  0.03    0.00    2.98 v _091_/B1 (sky130_fd_sc_hd__a21o_1)
     2    0.01    0.07    0.18    3.16 v _091_/X (sky130_fd_sc_hd__a21o_1)
                                         _043_ (net)
                  0.07    0.00    3.16 v _092_/B (sky130_fd_sc_hd__xnor2_2)
     2    0.00    0.05    0.13    3.29 v _092_/Y (sky130_fd_sc_hd__xnor2_2)
                                         _044_ (net)
                  0.05    0.00    3.29 v _094_/A2 (sky130_fd_sc_hd__o21a_1)
     2    0.01    0.07    0.20    3.49 v _094_/X (sky130_fd_sc_hd__o21a_1)
                                         _046_ (net)
                  0.07    0.00    3.49 v _095_/B (sky130_fd_sc_hd__xnor2_2)
     2    0.01    0.07    0.15    3.64 v _095_/Y (sky130_fd_sc_hd__xnor2_2)
                                         _047_ (net)
                  0.07    0.00    3.64 v _097_/A1 (sky130_fd_sc_hd__a21oi_2)
     2    0.01    0.12    0.14    3.78 ^ _097_/Y (sky130_fd_sc_hd__a21oi_2)
                                         _049_ (net)
                  0.12    0.00    3.78 ^ _099_/A_N (sky130_fd_sc_hd__and2b_1)
     1    0.00    0.04    0.20    3.98 v _099_/X (sky130_fd_sc_hd__and2b_1)
                                         _051_ (net)
                  0.04    0.00    3.98 v _100_/B1 (sky130_fd_sc_hd__a21oi_2)
     2    0.01    0.12    0.12    4.09 ^ _100_/Y (sky130_fd_sc_hd__a21oi_2)
                                         _052_ (net)
                  0.12    0.00    4.09 ^ _102_/A_N (sky130_fd_sc_hd__and2b_1)
     1    0.00    0.03    0.19    4.28 v _102_/X (sky130_fd_sc_hd__and2b_1)
                                         _054_ (net)
                  0.03    0.00    4.28 v _103_/B1 (sky130_fd_sc_hd__a21o_1)
     2    0.01    0.06    0.18    4.46 v _103_/X (sky130_fd_sc_hd__a21o_1)
                                         _055_ (net)
                  0.06    0.00    4.46 v _104_/B (sky130_fd_sc_hd__xnor2_2)
     2    0.00    0.05    0.13    4.59 v _104_/Y (sky130_fd_sc_hd__xnor2_2)
                                         _056_ (net)
                  0.05    0.00    4.59 v _106_/A2 (sky130_fd_sc_hd__o21a_1)
     2    0.01    0.07    0.20    4.79 v _106_/X (sky130_fd_sc_hd__o21a_1)
                                         _058_ (net)
                  0.07    0.00    4.79 v _107_/B (sky130_fd_sc_hd__xnor2_2)
     2    0.01    0.07    0.15    4.94 v _107_/Y (sky130_fd_sc_hd__xnor2_2)
                                         _059_ (net)
                  0.07    0.00    4.94 v _109_/A1 (sky130_fd_sc_hd__a21oi_2)
     2    0.01    0.12    0.14    5.08 ^ _109_/Y (sky130_fd_sc_hd__a21oi_2)
                                         _001_ (net)
                  0.12    0.00    5.08 ^ _111_/A_N (sky130_fd_sc_hd__and2b_1)
     1    0.00    0.04    0.20    5.27 v _111_/X (sky130_fd_sc_hd__and2b_1)
                                         _003_ (net)
                  0.04    0.00    5.27 v _112_/B1 (sky130_fd_sc_hd__a21oi_2)
     2    0.01    0.12    0.12    5.39 ^ _112_/Y (sky130_fd_sc_hd__a21oi_2)
                                         _004_ (net)
                  0.12    0.00    5.39 ^ _114_/A_N (sky130_fd_sc_hd__and2b_1)
     1    0.00    0.03    0.19    5.58 v _114_/X (sky130_fd_sc_hd__and2b_1)
                                         _006_ (net)
                  0.03    0.00    5.58 v _115_/B1 (sky130_fd_sc_hd__a21o_1)
     1    0.00    0.03    0.14    5.71 v _115_/X (sky130_fd_sc_hd__a21o_1)
                                         x20.out (net)
                  0.03    0.00    5.71 v _186_/D (sky130_fd_sc_hd__dfxtp_1)
                                  5.71   data arrival time

                          3.00    3.00   clock core_clock (rise edge)
                          0.00    3.00   clock source latency
     1    0.01    0.00    0.00    3.00 ^ clk (in)
                                         clk (net)
                  0.00    0.00    3.00 ^ clkbuf_0_clk/A (sky130_fd_sc_hd__clkbuf_16)
     4    0.03    0.05    0.12    3.12 ^ clkbuf_0_clk/X (sky130_fd_sc_hd__clkbuf_16)
                                         clknet_0_clk (net)
                  0.05    0.00    3.12 ^ clkbuf_2_3__f_clk/A (sky130_fd_sc_hd__clkbuf_16)
    12    0.03    0.05    0.14    3.26 ^ clkbuf_2_3__f_clk/X (sky130_fd_sc_hd__clkbuf_16)
                                         clknet_2_3__leaf_clk (net)
                  0.05    0.00    3.26 ^ _186_/CLK (sky130_fd_sc_hd__dfxtp_1)
                          0.00    3.26   clock reconvergence pessimism
                         -0.10    3.15   library setup time
                                  3.15   data required time
-----------------------------------------------------------------------------
                                  3.15   data required time
                                 -5.71   data arrival time
-----------------------------------------------------------------------------
                                 -2.56   slack (VIOLATED)




===========================================================================
 report_check_types -max_slew -max_cap -max_fanout -violators
============================================================================
======================= Typical Corner ===================================


max slew violations count Typical: 0
max fanout violations count Typical: 0
max cap violations count Typical: 0

===========================================================================
report_parasitic_annotation -report_unannotated
============================================================================
Found 223 unannotated drivers.
 a1
 a10
 a11
 a12
 a13
 a14
 a15
 a16
 a2
 a3
 a4
 a5
 a6
 a7
 a8
 a9
 b1
 b10
 b11
 b12
 b13
 b14
 b15
 b16
 b2
 b3
 b4
 b5
 b6
 b7
 b8
 b9
 cin
 clk
 _060_/Y
 _061_/Y
 _062_/X
 _063_/Y
 _064_/X
 _065_/Y
 _066_/X
 _067_/Y
 _068_/Y
 _069_/Y
 _070_/X
 _071_/X
 _072_/Y
 _073_/Y
 _074_/Y
 _075_/Y
 _076_/X
 _077_/X
 _078_/X
 _079_/X
 _080_/X
 _081_/X
 _082_/Y
 _083_/Y
 _084_/X
 _085_/Y
 _086_/Y
 _087_/X
 _088_/Y
 _089_/Y
 _090_/X
 _091_/X
 _092_/Y
 _093_/Y
 _094_/X
 _095_/Y
 _096_/X
 _097_/Y
 _098_/Y
 _099_/X
 _100_/Y
 _101_/Y
 _102_/X
 _103_/X
 _104_/Y
 _105_/Y
 _106_/X
 _107_/Y
 _108_/X
 _109_/Y
 _110_/Y
 _111_/X
 _112_/Y
 _113_/Y
 _114_/X
 _115_/X
 _116_/Y
 _117_/Y
 _118_/X
 _119_/X
 _120_/X
 _121_/X
 _122_/X
 _123_/X
 _124_/Y
 _125_/X
 _126_/X
 _127_/Y
 _128_/X
 _129_/X
 _130_/X
 _131_/Y
 _132_/Y
 _133_/X
 _134_/X
 _135_/X
 _136_/X
 _137_/Q
 _138_/Q
 _139_/Q
 _140_/Q
 _141_/Q
 _142_/Q
 _143_/Q
 _144_/Q
 _145_/Q
 _146_/Q
 _147_/Q
 _148_/Q
 _149_/Q
 _150_/Q
 _151_/Q
 _152_/Q
 _153_/Q
 _154_/Q
 _155_/Q
 _156_/Q
 _157_/Q
 _158_/Q
 _159_/Q
 _160_/Q
 _161_/Q
 _162_/Q
 _163_/Q
 _164_/Q
 _165_/Q
 _166_/Q
 _167_/Q
 _168_/Q
 _169_/Q
 _170_/Q
 _171_/Q
 _172_/Q
 _173_/Q
 _174_/Q
 _175_/Q
 _176_/Q
 _177_/Q
 _178_/Q
 _179_/Q
 _180_/Q
 _181_/Q
 _182_/Q
 _183_/Q
 _184_/Q
 _185_/Q
 _186_/Q
 clkbuf_0_clk/X
 clkbuf_2_0__f_clk/X
 clkbuf_2_1__f_clk/X
 clkbuf_2_2__f_clk/X
 clkbuf_2_3__f_clk/X
 clkload0/Y
 clkload1/Y
 clkload2/Y
 input1/X
 input10/X
 input11/X
 input12/X
 input13/X
 input14/X
 input15/X
 input16/X
 input17/X
 input18/X
 input19/X
 input2/X
 input20/X
 input21/X
 input22/X
 input23/X
 input24/X
 input25/X
 input26/X
 input27/X
 input28/X
 input29/X
 input3/X
 input30/X
 input31/X
 input32/X
 input33/X
 input4/X
 input5/X
 input6/X
 input7/X
 input8/X
 input9/X
 output34/X
 output35/X
 output36/X
 output37/X
 output38/X
 output39/X
 output40/X
 output41/X
 output42/X
 output43/X
 output44/X
 output45/X
 output46/X
 output47/X
 output48/X
 output49/X
 output50/X
 rebuffer1/X
 rebuffer2/X
 rebuffer3/X
 rebuffer4/X
Found 0 partially unannotated drivers.

===========================================================================
max slew violation count 0
max fanout violation count 0
max cap violation count 0
============================================================================

===========================================================================
check_setup -verbose -unconstrained_endpoints -multiple_clock -no_clock -no_input_delay -loops -generated_clocks
===========================================================================
Warning: There are 33 input ports missing set_input_delay.
  a1
  a10
  a11
  a12
  a13
  a14
  a15
  a16
  a2
  a3
  a4
  a5
  a6
  a7
  a8
  a9
  b1
  b10
  b11
  b12
  b13
  b14
  b15
  b16
  b2
  b3
  b4
  b5
  b6
  b7
  b8
  b9
  cin
Warning: There are 50 unconstrained endpoints.
  cout
  s1
  s10
  s11
  s12
  s13
  s14
  s15
  s16
  s2
  s3
  s4
  s5
  s6
  s7
  s8
  s9
  _137_/D
  _138_/D
  _139_/D
  _140_/D
  _141_/D
  _142_/D
  _143_/D
  _144_/D
  _145_/D
  _146_/D
  _147_/D
  _148_/D
  _149_/D
  _150_/D
  _151_/D
  _152_/D
  _153_/D
  _154_/D
  _155_/D
  _156_/D
  _157_/D
  _158_/D
  _159_/D
  _160_/D
  _161_/D
  _162_/D
  _163_/D
  _164_/D
  _165_/D
  _166_/D
  _167_/D
  _168_/D
  _169_/D
