Instance,Terminal,Layer,X location,Y location,Voltage
FILLER_0_22_128,VPWR,li1,64.8600,73.4400,1.800000
FILLER_0_22_124,VPWR,li1,62.7900,73.4400,1.800000
FILLER_0_22_118,VPWR,li1,61.1800,73.4400,1.800000
FILLER_0_22_113,VPWR,li1,57.9600,73.4400,1.799999
FILLER_0_22_108,VPWR,li1,56.1200,73.4400,1.799999
FILLER_0_22_104,VPWR,li1,53.5900,73.4400,1.799999
FILLER_0_22_98,VPWR,li1,51.9800,73.4400,1.799999
FILLER_0_22_94,VPWR,li1,48.9900,73.4400,1.799999
FILLER_0_22_88,VPWR,li1,47.3800,73.4400,1.799999
FILLER_0_22_78,VPWR,li1,42.7800,73.4400,1.799999
FILLER_0_22_74,VPWR,li1,39.7900,73.4400,1.799998
FILLER_0_22_68,VPWR,li1,38.1800,73.4400,1.799998
FILLER_0_22_64,VPWR,li1,35.1900,73.4400,1.799998
FILLER_0_22_60,VPWR,li1,34.0400,73.4400,1.799998
FILLER_0_22_48,VPWR,li1,29.4400,73.4400,1.799997
FILLER_0_22_44,VPWR,li1,25.9900,73.4400,1.799995
FILLER_0_22_38,VPWR,li1,24.3800,73.4400,1.799995
FILLER_0_22_32,VPWR,li1,20.9300,73.4400,1.799993
FILLER_0_22_23,VPWR,li1,16.5600,73.4400,1.799992
FILLER_0_22_3,VPWR,li1,7.1300,73.4400,1.799988
FILLER_0_21_133,VPWR,li1,67.3900,68.0000,1.799973
FILLER_0_21_125,VPWR,li1,64.8600,68.0000,1.799973
FILLER_0_21_113,VPWR,li1,60.2600,68.0000,1.799976
FILLER_0_21_111,VPWR,li1,56.8100,68.0000,1.799970
FILLER_0_21_105,VPWR,li1,55.2000,68.0000,1.799970
FILLER_0_21_93,VPWR,li1,51.0600,68.0000,1.799970
FILLER_0_21_73,VPWR,li1,39.3300,68.0000,1.799966
FILLER_0_21_69,VPWR,li1,38.1800,68.0000,1.799966
FILLER_0_21_57,VPWR,li1,34.5000,68.0000,1.799966
FILLER_0_21_54,VPWR,li1,30.8200,68.0000,1.799968
FILLER_0_21_46,VPWR,li1,28.5200,68.0000,1.799971
FILLER_0_21_29,VPWR,li1,19.0900,68.0000,1.799967
FILLER_0_21_23,VPWR,li1,17.4800,68.0000,1.799967
FILLER_0_21_6,VPWR,li1,8.5100,68.0000,1.799966
FILLER_0_20_35,VPWR,li1,21.8500,68.0000,1.799966
FILLER_0_20_29,VPWR,li1,20.2400,68.0000,1.799966
FILLER_0_20_11,VPWR,li1,10.8100,68.0000,1.799966
FILLER_0_20_3,VPWR,li1,7.3600,68.0000,1.799966
FILLER_0_19_134,VPWR,li1,67.6200,62.5600,1.799979
FILLER_0_19_117,VPWR,li1,59.5700,62.5600,1.799982
FILLER_0_19_113,VPWR,li1,58.4200,62.5600,1.799982
FILLER_0_19_97,VPWR,li1,50.3700,62.5600,1.799983
FILLER_0_19_89,VPWR,li1,48.3000,62.5600,1.799983
FILLER_0_19_79,VPWR,li1,42.5500,62.5600,1.799982
FILLER_0_19_57,VPWR,li1,33.1200,62.5600,1.799978
FILLER_0_19_37,VPWR,li1,23.2300,62.5600,1.799969
FILLER_0_19_29,VPWR,li1,20.7000,62.5600,1.799970
FILLER_0_19_9,VPWR,li1,10.5800,62.5600,1.799968
FILLER_0_18_134,VPWR,li1,67.6200,62.5600,1.799979
FILLER_0_18_101,VPWR,li1,52.2100,62.5600,1.799982
FILLER_0_18_81,VPWR,li1,43.4700,62.5600,1.799982
FILLER_0_18_69,VPWR,li1,40.0200,62.5600,1.799980
FILLER_0_18_57,VPWR,li1,34.5000,62.5600,1.799977
FILLER_0_18_45,VPWR,li1,28.9800,62.5600,1.799974
FILLER_0_18_20,VPWR,li1,16.5600,62.5600,1.799971
FILLER_0_18_3,VPWR,li1,7.1300,62.5600,1.799967
FILLER_0_17_135,VPWR,li1,67.8500,57.1200,1.799989
FILLER_0_17_129,VPWR,li1,66.2400,57.1200,1.799989
FILLER_0_17_113,VPWR,li1,57.9600,57.1200,1.799988
FILLER_0_17_111,VPWR,li1,56.8100,57.1200,1.799987
FILLER_0_17_105,VPWR,li1,55.2000,57.1200,1.799987
FILLER_0_17_93,VPWR,li1,51.0600,57.1200,1.799984
FILLER_0_17_81,VPWR,li1,45.5400,57.1200,1.799980
FILLER_0_17_69,VPWR,li1,40.0200,57.1200,1.799969
FILLER_0_17_57,VPWR,li1,34.5000,57.1200,1.799962
FILLER_0_17_30,VPWR,li1,20.7000,57.1200,1.799951
FILLER_0_17_18,VPWR,li1,16.5600,57.1200,1.799960
FILLER_0_17_6,VPWR,li1,11.0400,57.1200,1.799963
FILLER_0_16_133,VPWR,li1,67.3900,57.1200,1.799989
FILLER_0_16_121,VPWR,li1,63.9400,57.1200,1.799989
FILLER_0_16_109,VPWR,li1,58.4200,57.1200,1.799988
FILLER_0_16_97,VPWR,li1,52.9000,57.1200,1.799985
FILLER_0_16_85,VPWR,li1,47.3800,57.1200,1.799982
FILLER_0_16_65,VPWR,li1,36.1100,57.1200,1.799962
FILLER_0_16_53,VPWR,li1,32.6600,57.1200,1.799957
FILLER_0_16_41,VPWR,li1,27.1400,57.1200,1.799938
FILLER_0_16_29,VPWR,li1,21.6200,57.1200,1.799951
FILLER_0_16_27,VPWR,li1,18.1700,57.1200,1.799960
FILLER_0_16_21,VPWR,li1,16.5600,57.1200,1.799960
FILLER_0_16_3,VPWR,li1,7.1300,57.1200,1.799963
FILLER_0_15_132,VPWR,li1,67.1600,51.6800,1.799954
FILLER_0_15_120,VPWR,li1,63.4800,51.6800,1.799954
FILLER_0_15_109,VPWR,li1,56.3500,51.6800,1.799933
FILLER_0_15_101,VPWR,li1,53.8200,51.6800,1.799939
FILLER_0_15_85,VPWR,li1,45.0800,51.6800,1.799965
FILLER_0_15_73,VPWR,li1,41.8600,51.6800,1.799965
FILLER_0_15_52,VPWR,li1,30.3600,51.6800,1.799973
FILLER_0_15_28,VPWR,li1,20.2400,51.6800,1.799978
FILLER_0_15_17,VPWR,li1,13.5700,51.6800,1.799985
FILLER_0_15_9,VPWR,li1,11.5000,51.6800,1.799985
FILLER_0_14_135,VPWR,li1,67.8500,51.6800,1.799954
FILLER_0_14_131,VPWR,li1,66.7000,51.6800,1.799954
FILLER_0_14_122,VPWR,li1,62.3300,51.6800,1.799955
FILLER_0_14_95,VPWR,li1,49.9100,51.6800,1.799950
FILLER_0_14_85,VPWR,li1,45.3100,51.6800,1.799965
FILLER_0_14_75,VPWR,li1,40.7100,51.6800,1.799965
FILLER_0_14_63,VPWR,li1,37.2600,51.6800,1.799965
FILLER_0_14_44,VPWR,li1,26.4500,51.6800,1.799972
FILLER_0_14_32,VPWR,li1,23.0000,51.6800,1.799975
FILLER_0_14_11,VPWR,li1,11.0400,51.6800,1.799985
FILLER_0_14_3,VPWR,li1,8.7400,51.6800,1.799984
FILLER_0_13_110,VPWR,li1,56.5800,46.2400,1.799903
FILLER_0_13_73,VPWR,li1,39.7900,46.2400,1.799903
FILLER_0_13_55,VPWR,li1,31.0500,46.2400,1.799956
FILLER_0_13_43,VPWR,li1,28.0600,46.2400,1.799960
FILLER_0_13_31,VPWR,li1,22.5400,46.2400,1.799969
FILLER_0_13_19,VPWR,li1,17.0200,46.2400,1.799975
FILLER_0_13_6,VPWR,li1,8.9700,46.2400,1.799980
FILLER_0_12_134,VPWR,li1,67.6200,46.2400,1.799920
FILLER_0_12_85,VPWR,li1,46.0000,46.2400,1.799924
FILLER_0_12_60,VPWR,li1,34.0400,46.2400,1.799929
FILLER_0_12_48,VPWR,li1,30.3600,46.2400,1.799956
FILLER_0_12_29,VPWR,li1,19.0900,46.2400,1.799972
FILLER_0_12_12,VPWR,li1,11.2700,46.2400,1.799980
FILLER_0_12_6,VPWR,li1,9.6600,46.2400,1.799980
FILLER_0_11_107,VPWR,li1,55.2000,40.8000,1.799988
FILLER_0_11_94,VPWR,li1,48.9900,40.8000,1.799986
FILLER_0_11_73,VPWR,li1,40.9400,40.8000,1.799985
FILLER_0_11_55,VPWR,li1,31.0500,40.8000,1.799988
FILLER_0_11_51,VPWR,li1,29.9000,40.8000,1.799988
FILLER_0_11_39,VPWR,li1,26.2200,40.8000,1.799988
FILLER_0_11_28,VPWR,li1,19.0900,40.8000,1.799989
FILLER_0_11_3,VPWR,li1,7.1300,40.8000,1.799989
FILLER_0_10_135,VPWR,li1,67.8500,40.8000,1.799990
FILLER_0_10_123,VPWR,li1,64.8600,40.8000,1.799991
FILLER_0_10_111,VPWR,li1,59.3400,40.8000,1.799989
FILLER_0_10_99,VPWR,li1,52.4400,40.8000,1.799986
FILLER_0_10_83,VPWR,li1,43.9300,40.8000,1.799987
FILLER_0_10_62,VPWR,li1,35.8800,40.8000,1.799983
FILLER_0_10_50,VPWR,li1,31.2800,40.8000,1.799987
FILLER_0_10_37,VPWR,li1,23.0000,40.8000,1.799988
FILLER_0_10_29,VPWR,li1,19.0900,40.8000,1.799989
FILLER_0_10_26,VPWR,li1,17.9400,40.8000,1.799989
FILLER_0_10_6,VPWR,li1,10.1200,40.8000,1.799990
FILLER_0_9_133,VPWR,li1,67.3900,35.3600,1.799990
FILLER_0_9_125,VPWR,li1,64.8600,35.3600,1.799990
FILLER_0_9_113,VPWR,li1,60.2600,35.3600,1.799990
FILLER_0_9_111,VPWR,li1,56.8100,35.3600,1.799985
FILLER_0_9_105,VPWR,li1,55.2000,35.3600,1.799985
FILLER_0_9_93,VPWR,li1,51.0600,35.3600,1.799981
FILLER_0_9_81,VPWR,li1,45.5400,35.3600,1.799983
FILLER_0_9_69,VPWR,li1,40.0200,35.3600,1.799975
FILLER_0_9_57,VPWR,li1,34.5000,35.3600,1.799966
FILLER_0_9_53,VPWR,li1,30.5900,35.3600,1.799962
FILLER_0_9_45,VPWR,li1,28.0600,35.3600,1.799959
FILLER_0_9_30,VPWR,li1,19.7800,35.3600,1.799956
FILLER_0_9_18,VPWR,li1,16.5600,35.3600,1.799962
FILLER_0_9_6,VPWR,li1,11.0400,35.3600,1.799970
FILLER_0_8_130,VPWR,li1,66.7000,35.3600,1.799990
FILLER_0_8_118,VPWR,li1,62.5600,35.3600,1.799990
FILLER_0_8_106,VPWR,li1,57.0400,35.3600,1.799987
FILLER_0_8_89,VPWR,li1,46.6900,35.3600,1.799983
FILLER_0_8_85,VPWR,li1,45.5400,35.3600,1.799983
FILLER_0_8_78,VPWR,li1,42.7800,35.3600,1.799979
FILLER_0_8_66,VPWR,li1,38.6400,35.3600,1.799972
FILLER_0_8_54,VPWR,li1,33.1200,35.3600,1.799966
FILLER_0_8_29,VPWR,li1,19.0900,35.3600,1.799956
FILLER_0_8_26,VPWR,li1,17.9400,35.3600,1.799962
FILLER_0_8_14,VPWR,li1,14.7200,35.3600,1.799971
FILLER_0_8_3,VPWR,li1,8.7400,35.3600,1.799970
FILLER_0_7_135,VPWR,li1,67.8500,29.9200,1.799953
FILLER_0_7_129,VPWR,li1,66.2400,29.9200,1.799953
FILLER_0_7_91,VPWR,li1,47.6100,29.9200,1.799947
FILLER_0_7_63,VPWR,li1,36.3400,29.9200,1.799963
FILLER_0_7_54,VPWR,li1,30.8200,29.9200,1.799970
FILLER_0_7_46,VPWR,li1,26.9100,29.9200,1.799978
FILLER_0_7_30,VPWR,li1,20.2400,29.9200,1.799982
FILLER_0_7_18,VPWR,li1,16.5600,29.9200,1.799986
FILLER_0_7_6,VPWR,li1,11.0400,29.9200,1.799989
FILLER_0_6_132,VPWR,li1,67.1600,29.9200,1.799953
FILLER_0_6_120,VPWR,li1,63.4800,29.9200,1.799953
FILLER_0_6_108,VPWR,li1,57.9600,29.9200,1.799939
FILLER_0_6_83,VPWR,li1,43.9300,29.9200,1.799957
FILLER_0_6_79,VPWR,li1,42.7800,29.9200,1.799957
FILLER_0_6_35,VPWR,li1,21.8500,29.9200,1.799982
FILLER_0_6_29,VPWR,li1,20.2400,29.9200,1.799982
FILLER_0_6_27,VPWR,li1,18.1700,29.9200,1.799984
FILLER_0_6_3,VPWR,li1,7.1300,29.9200,1.799988
FILLER_0_5_133,VPWR,li1,67.3900,24.4800,1.799995
FILLER_0_5_125,VPWR,li1,64.8600,24.4800,1.799995
FILLER_0_5_113,VPWR,li1,60.2600,24.4800,1.799995
FILLER_0_5_110,VPWR,li1,56.5800,24.4800,1.799993
FILLER_0_5_102,VPWR,li1,54.2800,24.4800,1.799992
FILLER_0_5_90,VPWR,li1,49.6800,24.4800,1.799990
FILLER_0_5_64,VPWR,li1,35.6500,24.4800,1.799981
FILLER_0_5_53,VPWR,li1,30.5900,24.4800,1.799980
FILLER_0_5_36,VPWR,li1,22.3100,24.4800,1.799970
FILLER_0_5_24,VPWR,li1,19.3200,24.4800,1.799971
FILLER_0_5_6,VPWR,li1,8.7400,24.4800,1.799973
FILLER_0_4_133,VPWR,li1,67.3900,24.4800,1.799995
FILLER_0_4_121,VPWR,li1,63.9400,24.4800,1.799995
FILLER_0_4_109,VPWR,li1,58.4200,24.4800,1.799994
FILLER_0_4_97,VPWR,li1,52.9000,24.4800,1.799992
FILLER_0_4_85,VPWR,li1,47.3800,24.4800,1.799989
FILLER_0_4_81,VPWR,li1,43.4700,24.4800,1.799984
FILLER_0_4_69,VPWR,li1,40.0200,24.4800,1.799983
FILLER_0_4_57,VPWR,li1,34.5000,24.4800,1.799981
FILLER_0_4_45,VPWR,li1,28.9800,24.4800,1.799980
FILLER_0_4_27,VPWR,li1,18.1700,24.4800,1.799972
FILLER_0_4_23,VPWR,li1,17.0200,24.4800,1.799972
FILLER_0_4_6,VPWR,li1,8.5100,24.4800,1.799973
FILLER_0_3_134,VPWR,li1,67.6200,19.0400,1.799973
FILLER_0_3_117,VPWR,li1,59.5700,19.0400,1.799971
FILLER_0_3_113,VPWR,li1,58.4200,19.0400,1.799971
FILLER_0_3_111,VPWR,li1,56.8100,19.0400,1.799968
FILLER_0_3_107,VPWR,li1,55.6600,19.0400,1.799968
FILLER_0_3_95,VPWR,li1,51.9800,19.0400,1.799967
FILLER_0_3_83,VPWR,li1,46.4600,19.0400,1.799969
FILLER_0_3_65,VPWR,li1,35.8800,19.0400,1.799965
FILLER_0_3_57,VPWR,li1,33.5800,19.0400,1.799966
FILLER_0_3_55,VPWR,li1,31.0500,19.0400,1.799970
FILLER_0_3_51,VPWR,li1,29.9000,19.0400,1.799970
FILLER_0_3_39,VPWR,li1,26.2200,19.0400,1.799964
FILLER_0_3_3,VPWR,li1,7.1300,19.0400,1.799962
FILLER_0_2_134,VPWR,li1,67.6200,19.0400,1.799973
FILLER_0_2_85,VPWR,li1,44.8500,19.0400,1.799971
FILLER_0_2_35,VPWR,li1,21.8500,19.0400,1.799963
FILLER_0_2_29,VPWR,li1,20.2400,19.0400,1.799962
FILLER_0_2_3,VPWR,li1,7.3600,19.0400,1.799962
FILLER_0_1_134,VPWR,li1,67.6200,13.6000,1.799986
FILLER_0_1_117,VPWR,li1,59.5700,13.6000,1.799989
FILLER_0_1_113,VPWR,li1,58.4200,13.6000,1.799989
FILLER_0_1_111,VPWR,li1,56.8100,13.6000,1.799989
FILLER_0_1_103,VPWR,li1,54.7400,13.6000,1.799989
FILLER_0_1_91,VPWR,li1,50.1400,13.6000,1.799989
FILLER_0_1_69,VPWR,li1,38.6400,13.6000,1.799988
FILLER_0_1_57,VPWR,li1,34.5000,13.6000,1.799988
FILLER_0_1_48,VPWR,li1,29.4400,13.6000,1.799989
FILLER_0_1_20,VPWR,li1,17.4800,13.6000,1.799984
FILLER_0_1_3,VPWR,li1,7.1300,13.6000,1.799982
FILLER_0_0_128,VPWR,li1,64.8600,13.6000,1.799986
FILLER_0_0_124,VPWR,li1,62.7900,13.6000,1.799989
FILLER_0_0_118,VPWR,li1,61.1800,13.6000,1.799989
FILLER_0_0_113,VPWR,li1,57.9600,13.6000,1.799989
FILLER_0_0_108,VPWR,li1,56.1200,13.6000,1.799989
FILLER_0_0_104,VPWR,li1,53.5900,13.6000,1.799989
FILLER_0_0_98,VPWR,li1,51.9800,13.6000,1.799989
FILLER_0_0_94,VPWR,li1,48.9900,13.6000,1.799989
FILLER_0_0_88,VPWR,li1,47.3800,13.6000,1.799989
FILLER_0_0_78,VPWR,li1,42.7800,13.6000,1.799987
FILLER_0_0_74,VPWR,li1,39.7900,13.6000,1.799988
FILLER_0_0_68,VPWR,li1,38.1800,13.6000,1.799988
FILLER_0_0_64,VPWR,li1,35.1900,13.6000,1.799988
FILLER_0_0_60,VPWR,li1,34.0400,13.6000,1.799988
FILLER_0_0_48,VPWR,li1,29.4400,13.6000,1.799989
FILLER_0_0_44,VPWR,li1,25.9900,13.6000,1.799985
FILLER_0_0_38,VPWR,li1,24.3800,13.6000,1.799985
FILLER_0_0_29,VPWR,li1,20.2400,13.6000,1.799983
FILLER_0_0_24,VPWR,li1,16.7900,13.6000,1.799984
FILLER_0_0_18,VPWR,li1,15.1800,13.6000,1.799984
rebuffer3,VPWR,li1,44.3900,40.8000,1.799987
rebuffer2,VPWR,li1,66.4700,46.2400,1.799920
rebuffer1,VPWR,li1,50.3700,51.6800,1.799950
clkload2,VPWR,li1,56.1200,51.6800,1.799933
clkload1,VPWR,li1,54.2800,29.9200,1.799928
clkload0,VPWR,li1,20.2400,35.3600,1.799956
clkbuf_2_3__f_clk,VPWR,li1,55.2000,46.2400,1.799893
clkbuf_2_2__f_clk,VPWR,li1,52.4400,29.9200,1.799921
clkbuf_2_1__f_clk,VPWR,li1,26.6800,57.1200,1.799938
clkbuf_2_0__f_clk,VPWR,li1,25.7600,35.3600,1.799941
clkbuf_0_clk,VPWR,li1,39.5600,46.2400,1.799903
output50,VPWR,li1,7.5900,46.2400,1.799980
output49,VPWR,li1,7.5900,40.8000,1.799989
output48,VPWR,li1,7.5900,35.3600,1.799970
output47,VPWR,li1,7.5900,29.9200,1.799988
output46,VPWR,li1,7.5900,24.4800,1.799972
output45,VPWR,li1,7.5900,24.4800,1.799972
output44,VPWR,li1,15.4100,19.0400,1.799965
output43,VPWR,li1,7.5900,13.6000,1.799982
output42,VPWR,li1,8.9700,62.5600,1.799968
output41,VPWR,li1,7.5900,68.0000,1.799966
output40,VPWR,li1,7.5900,62.5600,1.799967
output39,VPWR,li1,7.5900,57.1200,1.799963
output38,VPWR,li1,7.5900,51.6800,1.799984
output37,VPWR,li1,8.9700,51.6800,1.799984
output36,VPWR,li1,7.5900,46.2400,1.799980
output35,VPWR,li1,11.7300,13.6000,1.799982
output34,VPWR,li1,19.5500,73.4400,1.799993
input33,VPWR,li1,67.3900,68.0000,1.799973
input32,VPWR,li1,40.7100,13.6000,1.799987
input31,VPWR,li1,36.1100,13.6000,1.799988
input30,VPWR,li1,32.4300,13.6000,1.799989
input29,VPWR,li1,26.9100,13.6000,1.799987
input28,VPWR,li1,22.3100,13.6000,1.799983
input27,VPWR,li1,17.7100,13.6000,1.799984
input26,VPWR,li1,13.1100,13.6000,1.799985
input25,VPWR,li1,8.9700,13.6000,1.799982
input24,VPWR,li1,66.0100,13.6000,1.799986
input23,VPWR,li1,67.3900,13.6000,1.799986
input22,VPWR,li1,63.7100,13.6000,1.799986
input21,VPWR,li1,59.1100,13.6000,1.799989
input20,VPWR,li1,54.5100,13.6000,1.799989
input19,VPWR,li1,49.9100,13.6000,1.799989
input18,VPWR,li1,45.3100,13.6000,1.799989
input17,VPWR,li1,10.3500,13.6000,1.799982
input16,VPWR,li1,40.7100,73.4400,1.799999
input15,VPWR,li1,36.1100,73.4400,1.799998
input14,VPWR,li1,32.4300,73.4400,1.799997
input13,VPWR,li1,26.9100,73.4400,1.799996
input12,VPWR,li1,22.3100,73.4400,1.799994
input11,VPWR,li1,17.7100,73.4400,1.799993
input10,VPWR,li1,15.4100,73.4400,1.799992
input9,VPWR,li1,8.5100,68.0000,1.799966
input8,VPWR,li1,66.0100,73.4400,1.800000
input7,VPWR,li1,67.3900,73.4400,1.800000
input6,VPWR,li1,63.7100,73.4400,1.800000
input5,VPWR,li1,59.1100,73.4400,1.800000
input4,VPWR,li1,54.5100,73.4400,1.799999
input3,VPWR,li1,49.9100,73.4400,1.799999
input2,VPWR,li1,45.3100,73.4400,1.799999
input1,VPWR,li1,9.8900,68.0000,1.799966
TAP_TAPCELL_ROW_22_95,VPWR,li1,57.2700,73.1330,1.799999
TAP_TAPCELL_ROW_22_94,VPWR,li1,44.3900,73.1330,1.799999
TAP_TAPCELL_ROW_22_93,VPWR,li1,31.5100,73.1330,1.799997
TAP_TAPCELL_ROW_22_92,VPWR,li1,18.6300,73.1330,1.799993
TAP_TAPCELL_ROW_21_91,VPWR,li1,57.2700,68.3060,1.799972
TAP_TAPCELL_ROW_21_90,VPWR,li1,31.5100,68.3060,1.799968
TAP_TAPCELL_ROW_20_89,VPWR,li1,44.3900,67.6930,1.799973
TAP_TAPCELL_ROW_20_88,VPWR,li1,18.6300,67.6930,1.799967
TAP_TAPCELL_ROW_19_87,VPWR,li1,57.2700,62.8660,1.799982
TAP_TAPCELL_ROW_19_86,VPWR,li1,31.5100,62.8660,1.799978
TAP_TAPCELL_ROW_18_85,VPWR,li1,44.3900,62.2530,1.799984
TAP_TAPCELL_ROW_18_84,VPWR,li1,18.6300,62.2530,1.799970
TAP_TAPCELL_ROW_17_83,VPWR,li1,57.2700,57.4260,1.799988
TAP_TAPCELL_ROW_17_82,VPWR,li1,31.5100,57.4260,1.799957
TAP_TAPCELL_ROW_16_81,VPWR,li1,44.3900,56.8130,1.799980
TAP_TAPCELL_ROW_16_80,VPWR,li1,18.6300,56.8130,1.799955
TAP_TAPCELL_ROW_15_79,VPWR,li1,57.2700,51.9860,1.799933
TAP_TAPCELL_ROW_15_78,VPWR,li1,31.5100,51.9860,1.799970
TAP_TAPCELL_ROW_14_77,VPWR,li1,44.3900,51.3730,1.799965
TAP_TAPCELL_ROW_14_76,VPWR,li1,18.6300,51.3730,1.799980
TAP_TAPCELL_ROW_13_75,VPWR,li1,57.2700,46.5460,1.799903
TAP_TAPCELL_ROW_13_74,VPWR,li1,31.5100,46.5460,1.799944
TAP_TAPCELL_ROW_12_73,VPWR,li1,44.3900,45.9330,1.799917
TAP_TAPCELL_ROW_12_72,VPWR,li1,18.6300,45.9330,1.799975
TAP_TAPCELL_ROW_11_71,VPWR,li1,57.2700,41.1060,1.799988
TAP_TAPCELL_ROW_11_70,VPWR,li1,31.5100,41.1060,1.799987
TAP_TAPCELL_ROW_10_69,VPWR,li1,44.3900,40.4930,1.799987
TAP_TAPCELL_ROW_10_68,VPWR,li1,18.6300,40.4930,1.799989
TAP_TAPCELL_ROW_9_67,VPWR,li1,57.2700,35.6660,1.799987
TAP_TAPCELL_ROW_9_66,VPWR,li1,31.5100,35.6660,1.799962
TAP_TAPCELL_ROW_8_65,VPWR,li1,44.3900,35.0530,1.799979
TAP_TAPCELL_ROW_8_64,VPWR,li1,18.6300,35.0530,1.799956
TAP_TAPCELL_ROW_7_63,VPWR,li1,57.2700,30.2260,1.799939
TAP_TAPCELL_ROW_7_62,VPWR,li1,31.5100,30.2260,1.799970
TAP_TAPCELL_ROW_6_61,VPWR,li1,44.3900,29.6130,1.799956
TAP_TAPCELL_ROW_6_60,VPWR,li1,18.6300,29.6130,1.799984
TAP_TAPCELL_ROW_5_59,VPWR,li1,57.2700,24.7860,1.799993
TAP_TAPCELL_ROW_5_58,VPWR,li1,31.5100,24.7860,1.799980
TAP_TAPCELL_ROW_4_57,VPWR,li1,44.3900,24.1730,1.799984
TAP_TAPCELL_ROW_4_56,VPWR,li1,18.6300,24.1730,1.799972
TAP_TAPCELL_ROW_3_55,VPWR,li1,57.2700,19.3460,1.799968
TAP_TAPCELL_ROW_3_54,VPWR,li1,31.5100,19.3460,1.799966
TAP_TAPCELL_ROW_2_53,VPWR,li1,44.3900,18.7330,1.799971
TAP_TAPCELL_ROW_2_52,VPWR,li1,18.6300,18.7330,1.799962
TAP_TAPCELL_ROW_1_51,VPWR,li1,57.2700,13.9060,1.799989
TAP_TAPCELL_ROW_1_50,VPWR,li1,31.5100,13.9060,1.799989
TAP_TAPCELL_ROW_0_49,VPWR,li1,57.2700,13.2930,1.799989
TAP_TAPCELL_ROW_0_48,VPWR,li1,44.3900,13.2930,1.799987
TAP_TAPCELL_ROW_0_47,VPWR,li1,31.5100,13.2930,1.799989
TAP_TAPCELL_ROW_0_46,VPWR,li1,18.6300,13.2930,1.799984
PHY_EDGE_ROW_22_Left_45,VPWR,li1,6.2100,73.4400,1.799988
PHY_EDGE_ROW_21_Left_44,VPWR,li1,6.2100,68.0000,1.799966
PHY_EDGE_ROW_20_Left_43,VPWR,li1,6.2100,68.0000,1.799966
PHY_EDGE_ROW_19_Left_42,VPWR,li1,6.2100,62.5600,1.799967
PHY_EDGE_ROW_18_Left_41,VPWR,li1,6.2100,62.5600,1.799967
PHY_EDGE_ROW_17_Left_40,VPWR,li1,6.2100,57.1200,1.799963
PHY_EDGE_ROW_16_Left_39,VPWR,li1,6.2100,57.1200,1.799963
PHY_EDGE_ROW_15_Left_38,VPWR,li1,6.2100,51.6800,1.799984
PHY_EDGE_ROW_14_Left_37,VPWR,li1,6.2100,51.6800,1.799984
PHY_EDGE_ROW_13_Left_36,VPWR,li1,6.2100,46.2400,1.799980
PHY_EDGE_ROW_12_Left_35,VPWR,li1,6.2100,46.2400,1.799980
PHY_EDGE_ROW_11_Left_34,VPWR,li1,6.2100,40.8000,1.799989
PHY_EDGE_ROW_10_Left_33,VPWR,li1,6.2100,40.8000,1.799989
PHY_EDGE_ROW_9_Left_32,VPWR,li1,6.2100,35.3600,1.799970
PHY_EDGE_ROW_8_Left_31,VPWR,li1,6.2100,35.3600,1.799970
PHY_EDGE_ROW_7_Left_30,VPWR,li1,6.2100,29.9200,1.799988
PHY_EDGE_ROW_6_Left_29,VPWR,li1,6.2100,29.9200,1.799988
PHY_EDGE_ROW_5_Left_28,VPWR,li1,6.2100,24.4800,1.799972
PHY_EDGE_ROW_4_Left_27,VPWR,li1,6.2100,24.4800,1.799972
PHY_EDGE_ROW_3_Left_26,VPWR,li1,6.2100,19.0400,1.799962
PHY_EDGE_ROW_2_Left_25,VPWR,li1,6.2100,19.0400,1.799962
PHY_EDGE_ROW_1_Left_24,VPWR,li1,6.2100,13.6000,1.799982
PHY_EDGE_ROW_0_Left_23,VPWR,li1,6.2100,13.6000,1.799982
PHY_EDGE_ROW_22_Right_22,VPWR,li1,68.7700,73.4400,1.800000
PHY_EDGE_ROW_21_Right_21,VPWR,li1,68.7700,68.0000,1.799973
PHY_EDGE_ROW_20_Right_20,VPWR,li1,68.7700,68.0000,1.799973
PHY_EDGE_ROW_19_Right_19,VPWR,li1,68.7700,62.5600,1.799979
PHY_EDGE_ROW_18_Right_18,VPWR,li1,68.7700,62.5600,1.799979
PHY_EDGE_ROW_17_Right_17,VPWR,li1,68.7700,57.1200,1.799989
PHY_EDGE_ROW_16_Right_16,VPWR,li1,68.7700,57.1200,1.799989
PHY_EDGE_ROW_15_Right_15,VPWR,li1,68.7700,51.6800,1.799954
PHY_EDGE_ROW_14_Right_14,VPWR,li1,68.7700,51.6800,1.799954
PHY_EDGE_ROW_13_Right_13,VPWR,li1,68.7700,46.2400,1.799920
PHY_EDGE_ROW_12_Right_12,VPWR,li1,68.7700,46.2400,1.799920
PHY_EDGE_ROW_11_Right_11,VPWR,li1,68.7700,40.8000,1.799990
PHY_EDGE_ROW_10_Right_10,VPWR,li1,68.7700,40.8000,1.799990
PHY_EDGE_ROW_9_Right_9,VPWR,li1,68.7700,35.3600,1.799990
PHY_EDGE_ROW_8_Right_8,VPWR,li1,68.7700,35.3600,1.799990
PHY_EDGE_ROW_7_Right_7,VPWR,li1,68.7700,29.9200,1.799953
PHY_EDGE_ROW_6_Right_6,VPWR,li1,68.7700,29.9200,1.799953
PHY_EDGE_ROW_5_Right_5,VPWR,li1,68.7700,24.4800,1.799995
PHY_EDGE_ROW_4_Right_4,VPWR,li1,68.7700,24.4800,1.799995
PHY_EDGE_ROW_3_Right_3,VPWR,li1,68.7700,19.0400,1.799973
PHY_EDGE_ROW_2_Right_2,VPWR,li1,68.7700,19.0400,1.799973
PHY_EDGE_ROW_1_Right_1,VPWR,li1,68.7700,13.6000,1.799986
PHY_EDGE_ROW_0_Right_0,VPWR,li1,68.7700,13.6000,1.799986
_186_,VPWR,li1,14.7200,68.0000,1.799969
_185_,VPWR,li1,15.1800,62.5600,1.799971
_184_,VPWR,li1,25.7600,68.0000,1.799965
_183_,VPWR,li1,11.0400,62.5600,1.799968
_182_,VPWR,li1,63.4800,46.2400,1.799921
_181_,VPWR,li1,35.4200,51.6800,1.799965
_180_,VPWR,li1,30.8200,51.6800,1.799973
_179_,VPWR,li1,35.4200,46.2400,1.799929
_178_,VPWR,li1,35.4200,40.8000,1.799983
_177_,VPWR,li1,50.6000,35.3600,1.799981
_176_,VPWR,li1,43.2400,24.4800,1.799984
_175_,VPWR,li1,32.2000,29.9200,1.799970
_174_,VPWR,li1,26.2200,24.4800,1.799974
_173_,VPWR,li1,22.5400,24.4800,1.799970
_172_,VPWR,li1,12.4200,24.4800,1.799973
_171_,VPWR,li1,11.0400,29.9200,1.799989
_170_,VPWR,li1,14.7200,19.0400,1.799967
_169_,VPWR,li1,25.7600,51.6800,1.799972
_168_,VPWR,li1,63.4800,19.0400,1.799973
_167_,VPWR,li1,48.3000,68.0000,1.799969
_166_,VPWR,li1,63.4800,13.6000,1.799986
_165_,VPWR,li1,63.4800,62.5600,1.799980
_164_,VPWR,li1,63.4800,19.0400,1.799973
_163_,VPWR,li1,63.0200,68.0000,1.799973
_162_,VPWR,li1,61.1800,29.9200,1.799953
_161_,VPWR,li1,61.1800,46.2400,1.799925
_160_,VPWR,li1,56.1200,19.0400,1.799968
_159_,VPWR,li1,55.6600,68.0000,1.799970
_158_,VPWR,li1,48.7600,19.0400,1.799967
_157_,VPWR,li1,48.3000,62.5600,1.799983
_156_,VPWR,li1,43.7000,13.6000,1.799987
_155_,VPWR,li1,40.4800,57.1200,1.799969
_154_,VPWR,li1,40.4800,19.0400,1.799963
_153_,VPWR,li1,40.4800,68.0000,1.799966
_152_,VPWR,li1,40.0200,19.0400,1.799963
_151_,VPWR,li1,38.1800,62.5600,1.799977
_150_,VPWR,li1,33.1200,19.0400,1.799966
_149_,VPWR,li1,33.1200,68.0000,1.799965
_148_,VPWR,li1,25.7600,19.0400,1.799964
_147_,VPWR,li1,27.6000,62.5600,1.799974
_146_,VPWR,li1,23.9200,13.6000,1.799983
_145_,VPWR,li1,23.0000,68.0000,1.799964
_144_,VPWR,li1,19.7800,19.0400,1.799962
_143_,VPWR,li1,22.5400,62.5600,1.799969
_142_,VPWR,li1,12.8800,24.4800,1.799973
_141_,VPWR,li1,12.4200,68.0000,1.799966
_140_,VPWR,li1,11.0400,19.0400,1.799962
_139_,VPWR,li1,11.0400,73.4400,1.799988
_138_,VPWR,li1,11.0400,13.6000,1.799982
_137_,VPWR,li1,11.2700,57.1200,1.799963
_136_,VPWR,li1,45.7700,29.9200,1.799956
_135_,VPWR,li1,43.9300,68.0000,1.799973
_134_,VPWR,li1,37.9500,24.4800,1.799982
_133_,VPWR,li1,33.3500,24.4800,1.799981
_132_,VPWR,li1,23.6900,29.9200,1.799980
_131_,VPWR,li1,25.5300,29.9200,1.799978
_130_,VPWR,li1,59.1100,51.6800,1.799945
_129_,VPWR,li1,47.6100,51.6800,1.799958
_128_,VPWR,li1,48.0700,46.2400,1.799915
_127_,VPWR,li1,46.2300,40.8000,1.799986
_126_,VPWR,li1,55.4300,62.5600,1.799981
_125_,VPWR,li1,56.8100,62.5600,1.799981
_124_,VPWR,li1,65.0900,40.8000,1.799991
_123_,VPWR,li1,21.8500,35.3600,1.799948
_122_,VPWR,li1,16.3300,29.9200,1.799986
_121_,VPWR,li1,16.1000,40.8000,1.799989
_120_,VPWR,li1,11.2700,35.3600,1.799970
_119_,VPWR,li1,8.5100,40.8000,1.799990
_118_,VPWR,li1,17.2500,46.2400,1.799975
_117_,VPWR,li1,9.4300,19.0400,1.799962
_116_,VPWR,li1,19.5500,51.6800,1.799978
_115_,VPWR,li1,40.9400,68.0000,1.799966
_114_,VPWR,li1,46.9200,68.0000,1.799969
_113_,VPWR,li1,44.8500,62.5600,1.799984
_112_,VPWR,li1,52.2100,62.5600,1.799982
_111_,VPWR,li1,65.7800,62.5600,1.799979
_110_,VPWR,li1,60.0300,57.1200,1.799990
_109_,VPWR,li1,63.2500,57.1200,1.799989
_108_,VPWR,li1,53.8200,62.5600,1.799982
_107_,VPWR,li1,61.4100,62.5600,1.799982
_106_,VPWR,li1,64.4000,51.6800,1.799954
_105_,VPWR,li1,56.3500,40.8000,1.799988
_104_,VPWR,li1,60.4900,40.8000,1.799989
_103_,VPWR,li1,53.3600,40.8000,1.799986
_102_,VPWR,li1,55.2000,40.8000,1.799988
_101_,VPWR,li1,54.5100,46.2400,1.799893
_100_,VPWR,li1,48.9900,46.2400,1.799915
_099_,VPWR,li1,50.6000,40.8000,1.799986
_098_,VPWR,li1,47.1500,51.6800,1.799958
_097_,VPWR,li1,51.2900,46.2400,1.799903
_096_,VPWR,li1,42.7800,51.6800,1.799965
_095_,VPWR,li1,43.4700,46.2400,1.799917
_094_,VPWR,li1,47.3800,40.8000,1.799986
_093_,VPWR,li1,50.3700,40.8000,1.799986
_092_,VPWR,li1,40.7100,40.8000,1.799985
_091_,VPWR,li1,39.5600,29.9200,1.799960
_090_,VPWR,li1,49.2200,29.9200,1.799933
_089_,VPWR,li1,42.5500,29.9200,1.799957
_088_,VPWR,li1,46.2300,29.9200,1.799947
_087_,VPWR,li1,51.9800,29.9200,1.799921
_086_,VPWR,li1,38.8700,29.9200,1.799960
_085_,VPWR,li1,26.9100,29.9200,1.799978
_084_,VPWR,li1,33.1200,29.9200,1.799967
_083_,VPWR,li1,28.7500,29.9200,1.799976
_082_,VPWR,li1,22.7700,29.9200,1.799980
_081_,VPWR,li1,27.3700,40.8000,1.799988
_080_,VPWR,li1,24.8400,40.8000,1.799988
_079_,VPWR,li1,26.4500,46.2400,1.799960
_078_,VPWR,li1,24.8400,35.3600,1.799941
_077_,VPWR,li1,21.6200,40.8000,1.799988
_076_,VPWR,li1,23.9200,46.2400,1.799964
_075_,VPWR,li1,14.0300,40.8000,1.799990
_074_,VPWR,li1,20.9300,46.2400,1.799969
_073_,VPWR,li1,16.7900,51.6800,1.799982
_072_,VPWR,li1,14.4900,46.2400,1.799981
_071_,VPWR,li1,20.9300,40.8000,1.799988
_070_,VPWR,li1,13.3400,40.8000,1.799990
_069_,VPWR,li1,11.0400,40.8000,1.799990
_068_,VPWR,li1,17.0200,40.8000,1.799989
_067_,VPWR,li1,12.1900,46.2400,1.799980
_066_,VPWR,li1,11.2700,46.2400,1.799980
_065_,VPWR,li1,13.5700,46.2400,1.799981
_064_,VPWR,li1,13.3400,51.6800,1.799985
_063_,VPWR,li1,17.7100,51.6800,1.799980
_062_,VPWR,li1,15.4100,51.6800,1.799982
_061_,VPWR,li1,48.7600,40.8000,1.799986
_060_,VPWR,li1,67.3900,40.8000,1.799990
