Instance,Terminal,Layer,X location,Y location,Voltage
FILLER_0_22_128,VGND,li1,64.8600,70.7200,0.000020
FILLER_0_22_124,VGND,li1,62.7900,70.7200,0.000020
FILLER_0_22_118,VGND,li1,61.1800,70.7200,0.000020
FILLER_0_22_113,VGND,li1,57.9600,70.7200,0.000020
FILLER_0_22_108,VGND,li1,56.1200,70.7200,0.000020
FILLER_0_22_104,VGND,li1,53.5900,70.7200,0.000019
FILLER_0_22_98,VGND,li1,51.9800,70.7200,0.000019
FILLER_0_22_94,VGND,li1,48.9900,70.7200,0.000017
FILLER_0_22_88,VGND,li1,47.3800,70.7200,0.000017
FILLER_0_22_78,VGND,li1,42.7800,70.7200,0.000020
FILLER_0_22_74,VGND,li1,39.7900,70.7200,0.000024
FILLER_0_22_68,VGND,li1,38.1800,70.7200,0.000024
FILLER_0_22_64,VGND,li1,35.1900,70.7200,0.000022
FILLER_0_22_60,VGND,li1,34.0400,70.7200,0.000022
FILLER_0_22_48,VGND,li1,29.4400,70.7200,0.000019
FILLER_0_22_44,VGND,li1,25.9900,70.7200,0.000021
FILLER_0_22_38,VGND,li1,24.3800,70.7200,0.000021
FILLER_0_22_29,VGND,li1,20.2400,70.7200,0.000024
FILLER_0_22_21,VGND,li1,16.1000,70.7200,0.000031
FILLER_0_21_134,VGND,li1,67.6200,70.7200,0.000020
FILLER_0_21_117,VGND,li1,59.5700,70.7200,0.000020
FILLER_0_21_113,VGND,li1,58.4200,70.7200,0.000020
FILLER_0_21_103,VGND,li1,53.3600,70.7200,0.000019
FILLER_0_21_95,VGND,li1,51.0600,70.7200,0.000018
FILLER_0_21_78,VGND,li1,42.3200,70.7200,0.000022
FILLER_0_21_61,VGND,li1,33.8100,70.7200,0.000022
FILLER_0_21_57,VGND,li1,32.6600,70.7200,0.000019
FILLER_0_21_48,VGND,li1,29.4400,70.7200,0.000019
FILLER_0_21_36,VGND,li1,24.8400,70.7200,0.000021
FILLER_0_21_24,VGND,li1,19.3200,70.7200,0.000024
FILLER_0_21_6,VGND,li1,8.7400,70.7200,0.000039
FILLER_0_20_128,VGND,li1,66.2400,65.2800,0.000048
FILLER_0_20_85,VGND,li1,45.5400,65.2800,0.000070
FILLER_0_20_64,VGND,li1,35.8800,65.2800,0.000075
FILLER_0_20_45,VGND,li1,26.9100,65.2800,0.000092
FILLER_0_20_27,VGND,li1,18.1700,65.2800,0.000081
FILLER_0_20_21,VGND,li1,16.5600,65.2800,0.000081
FILLER_0_20_3,VGND,li1,7.1300,65.2800,0.000104
FILLER_0_19_113,VGND,li1,57.7300,65.2800,0.000071
FILLER_0_19_101,VGND,li1,52.9000,65.2800,0.000069
FILLER_0_19_87,VGND,li1,45.7700,65.2800,0.000070
FILLER_0_19_83,VGND,li1,44.6200,65.2800,0.000070
FILLER_0_19_65,VGND,li1,35.8800,65.2800,0.000075
FILLER_0_19_57,VGND,li1,33.5800,65.2800,0.000070
FILLER_0_19_54,VGND,li1,30.8200,65.2800,0.000080
FILLER_0_19_37,VGND,li1,22.7700,65.2800,0.000094
FILLER_0_19_3,VGND,li1,7.3600,65.2800,0.000104
FILLER_0_18_132,VGND,li1,66.4700,59.8400,0.000016
FILLER_0_18_128,VGND,li1,65.3200,59.8400,0.000016
FILLER_0_18_105,VGND,li1,54.5100,59.8400,0.000024
FILLER_0_18_97,VGND,li1,51.9800,59.8400,0.000024
FILLER_0_18_85,VGND,li1,47.3800,59.8400,0.000030
FILLER_0_18_83,VGND,li1,43.9300,59.8400,0.000032
FILLER_0_18_79,VGND,li1,42.7800,59.8400,0.000032
FILLER_0_18_67,VGND,li1,39.1000,59.8400,0.000033
FILLER_0_18_49,VGND,li1,28.5200,59.8400,0.000042
FILLER_0_18_41,VGND,li1,26.2200,59.8400,0.000046
FILLER_0_18_29,VGND,li1,21.6200,59.8400,0.000054
FILLER_0_18_27,VGND,li1,18.1700,59.8400,0.000051
FILLER_0_18_23,VGND,li1,17.0200,59.8400,0.000051
FILLER_0_18_6,VGND,li1,8.5100,59.8400,0.000078
FILLER_0_17_134,VGND,li1,67.6200,59.8400,0.000016
FILLER_0_17_126,VGND,li1,65.3200,59.8400,0.000016
FILLER_0_17_109,VGND,li1,56.3500,59.8400,0.000024
FILLER_0_17_97,VGND,li1,52.9000,59.8400,0.000024
FILLER_0_17_69,VGND,li1,40.0200,59.8400,0.000032
FILLER_0_17_57,VGND,li1,34.5000,59.8400,0.000034
FILLER_0_17_54,VGND,li1,30.8200,59.8400,0.000038
FILLER_0_17_46,VGND,li1,28.5200,59.8400,0.000042
FILLER_0_17_28,VGND,li1,18.8600,59.8400,0.000052
FILLER_0_17_20,VGND,li1,16.5600,59.8400,0.000051
FILLER_0_17_3,VGND,li1,7.1300,59.8400,0.000078
FILLER_0_16_133,VGND,li1,67.3900,54.4000,0.000019
FILLER_0_16_121,VGND,li1,63.9400,54.4000,0.000019
FILLER_0_16_109,VGND,li1,58.4200,54.4000,0.000029
FILLER_0_16_97,VGND,li1,52.9000,54.4000,0.000036
FILLER_0_16_85,VGND,li1,47.3800,54.4000,0.000040
FILLER_0_16_67,VGND,li1,36.5700,54.4000,0.000079
FILLER_0_16_59,VGND,li1,34.5000,54.4000,0.000083
FILLER_0_16_37,VGND,li1,23.0000,54.4000,0.000111
FILLER_0_16_29,VGND,li1,20.7000,54.4000,0.000096
FILLER_0_16_26,VGND,li1,17.9400,54.4000,0.000070
FILLER_0_16_18,VGND,li1,15.6400,54.4000,0.000070
FILLER_0_16_6,VGND,li1,11.0400,54.4000,0.000071
FILLER_0_15_132,VGND,li1,67.1600,54.4000,0.000019
FILLER_0_15_127,VGND,li1,64.4000,54.4000,0.000019
FILLER_0_15_119,VGND,li1,62.1000,54.4000,0.000022
FILLER_0_15_106,VGND,li1,55.6600,54.4000,0.000032
FILLER_0_15_90,VGND,li1,47.3800,54.4000,0.000040
FILLER_0_15_82,VGND,li1,45.0800,54.4000,0.000053
FILLER_0_15_75,VGND,li1,40.2500,54.4000,0.000075
FILLER_0_15_69,VGND,li1,38.6400,54.4000,0.000075
FILLER_0_15_57,VGND,li1,34.5000,54.4000,0.000083
FILLER_0_15_55,VGND,li1,31.0500,54.4000,0.000118
FILLER_0_15_51,VGND,li1,29.9000,54.4000,0.000118
FILLER_0_15_27,VGND,li1,19.7800,54.4000,0.000082
FILLER_0_15_14,VGND,li1,12.6500,54.4000,0.000071
FILLER_0_15_6,VGND,li1,10.1200,54.4000,0.000071
FILLER_0_14_134,VGND,li1,67.6200,48.9600,0.000089
FILLER_0_14_99,VGND,li1,51.5200,48.9600,0.000095
FILLER_0_14_65,VGND,li1,36.8000,48.9600,0.000060
FILLER_0_14_41,VGND,li1,26.2200,48.9600,0.000042
FILLER_0_14_29,VGND,li1,21.6200,48.9600,0.000034
FILLER_0_14_27,VGND,li1,18.1700,48.9600,0.000028
FILLER_0_14_11,VGND,li1,10.8100,48.9600,0.000028
FILLER_0_14_3,VGND,li1,8.7400,48.9600,0.000029
FILLER_0_13_111,VGND,li1,56.8100,48.9600,0.000124
FILLER_0_13_107,VGND,li1,55.6600,48.9600,0.000124
FILLER_0_13_91,VGND,li1,47.8400,48.9600,0.000075
FILLER_0_13_73,VGND,li1,40.0200,48.9600,0.000069
FILLER_0_13_55,VGND,li1,31.0500,48.9600,0.000051
FILLER_0_13_43,VGND,li1,28.0600,48.9600,0.000045
FILLER_0_13_31,VGND,li1,22.5400,48.9600,0.000034
FILLER_0_13_19,VGND,li1,17.0200,48.9600,0.000025
FILLER_0_12_134,VGND,li1,67.6200,43.5200,0.000115
FILLER_0_12_93,VGND,li1,48.7600,43.5200,0.000119
FILLER_0_12_85,VGND,li1,45.0800,43.5200,0.000140
FILLER_0_12_58,VGND,li1,33.5800,43.5200,0.000101
FILLER_0_12_46,VGND,li1,29.4400,43.5200,0.000075
FILLER_0_12_29,VGND,li1,19.7800,43.5200,0.000048
FILLER_0_12_9,VGND,li1,10.3500,43.5200,0.000047
FILLER_0_11_134,VGND,li1,67.6200,43.5200,0.000115
FILLER_0_11_117,VGND,li1,59.5700,43.5200,0.000158
FILLER_0_11_113,VGND,li1,58.4200,43.5200,0.000158
FILLER_0_11_100,VGND,li1,54.2800,43.5200,0.000157
FILLER_0_11_88,VGND,li1,48.7600,43.5200,0.000119
FILLER_0_11_69,VGND,li1,39.1000,43.5200,0.000141
FILLER_0_11_57,VGND,li1,34.5000,43.5200,0.000101
FILLER_0_11_55,VGND,li1,31.0500,43.5200,0.000075
FILLER_0_11_51,VGND,li1,29.9000,43.5200,0.000075
FILLER_0_11_3,VGND,li1,7.1300,43.5200,0.000048
FILLER_0_10_135,VGND,li1,67.8500,38.0800,0.000010
FILLER_0_10_129,VGND,li1,66.2400,38.0800,0.000010
FILLER_0_10_113,VGND,li1,58.8800,38.0800,0.000014
FILLER_0_10_101,VGND,li1,54.7400,38.0800,0.000017
FILLER_0_10_83,VGND,li1,43.9300,38.0800,0.000029
FILLER_0_10_69,VGND,li1,37.4900,38.0800,0.000025
FILLER_0_10_63,VGND,li1,35.8800,38.0800,0.000021
FILLER_0_10_51,VGND,li1,31.7400,38.0800,0.000018
FILLER_0_10_44,VGND,li1,25.9900,38.0800,0.000023
FILLER_0_10_29,VGND,li1,19.3200,38.0800,0.000021
FILLER_0_10_24,VGND,li1,17.4800,38.0800,0.000020
FILLER_0_10_6,VGND,li1,8.7400,38.0800,0.000022
FILLER_0_9_133,VGND,li1,67.3900,38.0800,0.000010
FILLER_0_9_125,VGND,li1,64.8600,38.0800,0.000010
FILLER_0_9_113,VGND,li1,60.2600,38.0800,0.000014
FILLER_0_9_111,VGND,li1,56.8100,38.0800,0.000016
FILLER_0_9_103,VGND,li1,54.7400,38.0800,0.000017
FILLER_0_9_91,VGND,li1,50.1400,38.0800,0.000022
FILLER_0_9_69,VGND,li1,38.6400,38.0800,0.000025
FILLER_0_9_57,VGND,li1,34.5000,38.0800,0.000021
FILLER_0_9_50,VGND,li1,29.9000,38.0800,0.000020
FILLER_0_9_39,VGND,li1,23.6900,38.0800,0.000023
FILLER_0_9_32,VGND,li1,21.1600,38.0800,0.000022
FILLER_0_9_20,VGND,li1,17.4800,38.0800,0.000020
FILLER_0_9_6,VGND,li1,10.1200,38.0800,0.000022
FILLER_0_8_135,VGND,li1,67.8500,32.6400,0.000096
FILLER_0_8_97,VGND,li1,50.6000,32.6400,0.000125
FILLER_0_8_85,VGND,li1,47.3800,32.6400,0.000099
FILLER_0_8_82,VGND,li1,43.7000,32.6400,0.000100
FILLER_0_8_74,VGND,li1,41.4000,32.6400,0.000100
FILLER_0_8_62,VGND,li1,36.8000,32.6400,0.000099
FILLER_0_8_27,VGND,li1,18.1700,32.6400,0.000115
FILLER_0_8_15,VGND,li1,15.1800,32.6400,0.000094
FILLER_0_8_3,VGND,li1,9.6600,32.6400,0.000106
FILLER_0_7_133,VGND,li1,67.3900,32.6400,0.000096
FILLER_0_7_125,VGND,li1,64.8600,32.6400,0.000096
FILLER_0_7_113,VGND,li1,60.2600,32.6400,0.000123
FILLER_0_7_111,VGND,li1,56.8100,32.6400,0.000161
FILLER_0_7_105,VGND,li1,55.2000,32.6400,0.000161
FILLER_0_7_88,VGND,li1,46.2300,32.6400,0.000100
FILLER_0_7_84,VGND,li1,45.0800,32.6400,0.000100
FILLER_0_7_75,VGND,li1,40.7100,32.6400,0.000100
FILLER_0_7_61,VGND,li1,33.8100,32.6400,0.000097
FILLER_0_7_57,VGND,li1,32.6600,32.6400,0.000097
FILLER_0_7_53,VGND,li1,30.5900,32.6400,0.000115
FILLER_0_7_31,VGND,li1,20.0100,32.6400,0.000128
FILLER_0_7_27,VGND,li1,18.8600,32.6400,0.000115
FILLER_0_7_3,VGND,li1,7.1300,32.6400,0.000106
FILLER_0_6_135,VGND,li1,67.8500,27.2000,0.000065
FILLER_0_6_123,VGND,li1,64.8600,27.2000,0.000065
FILLER_0_6_98,VGND,li1,50.8300,27.2000,0.000085
FILLER_0_6_92,VGND,li1,49.2200,27.2000,0.000072
FILLER_0_6_60,VGND,li1,33.3500,27.2000,0.000059
FILLER_0_6_41,VGND,li1,25.0700,27.2000,0.000062
FILLER_0_6_29,VGND,li1,21.6200,27.2000,0.000056
FILLER_0_6_26,VGND,li1,17.9400,27.2000,0.000046
FILLER_0_6_14,VGND,li1,14.7200,27.2000,0.000052
FILLER_0_6_9,VGND,li1,10.1200,27.2000,0.000062
FILLER_0_5_133,VGND,li1,67.3900,27.2000,0.000065
FILLER_0_5_125,VGND,li1,64.8600,27.2000,0.000065
FILLER_0_5_113,VGND,li1,60.2600,27.2000,0.000095
FILLER_0_5_109,VGND,li1,56.3500,27.2000,0.000120
FILLER_0_5_101,VGND,li1,53.8200,27.2000,0.000104
FILLER_0_5_89,VGND,li1,49.2200,27.2000,0.000072
FILLER_0_5_72,VGND,li1,39.5600,27.2000,0.000075
FILLER_0_5_64,VGND,li1,35.1900,27.2000,0.000064
FILLER_0_5_52,VGND,li1,30.3600,27.2000,0.000060
FILLER_0_5_24,VGND,li1,19.3200,27.2000,0.000050
FILLER_0_5_6,VGND,li1,8.7400,27.2000,0.000062
FILLER_0_4_133,VGND,li1,67.3900,21.7600,0.000021
FILLER_0_4_121,VGND,li1,63.9400,21.7600,0.000021
FILLER_0_4_109,VGND,li1,58.4200,21.7600,0.000020
FILLER_0_4_97,VGND,li1,52.9000,21.7600,0.000019
FILLER_0_4_85,VGND,li1,47.3800,21.7600,0.000023
FILLER_0_4_82,VGND,li1,43.7000,21.7600,0.000027
FILLER_0_4_74,VGND,li1,41.4000,21.7600,0.000031
FILLER_0_4_62,VGND,li1,36.8000,21.7600,0.000032
FILLER_0_4_50,VGND,li1,31.2800,21.7600,0.000036
FILLER_0_4_33,VGND,li1,20.9300,21.7600,0.000053
FILLER_0_4_29,VGND,li1,19.7800,21.7600,0.000049
FILLER_0_4_27,VGND,li1,18.1700,21.7600,0.000049
FILLER_0_4_3,VGND,li1,7.1300,21.7600,0.000054
FILLER_0_3_134,VGND,li1,67.6200,21.7600,0.000021
FILLER_0_3_117,VGND,li1,59.5700,21.7600,0.000020
FILLER_0_3_113,VGND,li1,58.4200,21.7600,0.000020
FILLER_0_3_106,VGND,li1,55.6600,21.7600,0.000019
FILLER_0_3_94,VGND,li1,51.5200,21.7600,0.000019
FILLER_0_3_82,VGND,li1,46.0000,21.7600,0.000023
FILLER_0_3_65,VGND,li1,35.6500,21.7600,0.000032
FILLER_0_3_57,VGND,li1,33.5800,21.7600,0.000031
FILLER_0_3_55,VGND,li1,31.0500,21.7600,0.000036
FILLER_0_3_47,VGND,li1,28.9800,21.7600,0.000041
FILLER_0_3_20,VGND,li1,15.6400,21.7600,0.000044
FILLER_0_3_3,VGND,li1,7.1300,21.7600,0.000054
FILLER_0_2_133,VGND,li1,67.3900,16.3200,0.000054
FILLER_0_2_35,VGND,li1,21.8500,16.3200,0.000075
FILLER_0_2_29,VGND,li1,20.2400,16.3200,0.000068
FILLER_0_2_6,VGND,li1,9.6600,16.3200,0.000081
FILLER_0_1_134,VGND,li1,67.6200,16.3200,0.000054
FILLER_0_1_117,VGND,li1,59.5700,16.3200,0.000068
FILLER_0_1_113,VGND,li1,58.4200,16.3200,0.000068
FILLER_0_1_109,VGND,li1,56.3500,16.3200,0.000070
FILLER_0_1_97,VGND,li1,52.9000,16.3200,0.000067
FILLER_0_1_85,VGND,li1,47.3800,16.3200,0.000060
FILLER_0_1_57,VGND,li1,34.5000,16.3200,0.000068
FILLER_0_1_55,VGND,li1,31.0500,16.3200,0.000068
FILLER_0_1_49,VGND,li1,29.4400,16.3200,0.000068
FILLER_0_1_25,VGND,li1,18.8600,16.3200,0.000068
FILLER_0_1_6,VGND,li1,8.9700,16.3200,0.000081
FILLER_0_0_128,VGND,li1,64.8600,10.8800,0.000000
FILLER_0_0_124,VGND,li1,62.7900,10.8800,0.000000
FILLER_0_0_118,VGND,li1,61.1800,10.8800,0.000000
FILLER_0_0_113,VGND,li1,57.9600,10.8800,0.000000
FILLER_0_0_108,VGND,li1,56.1200,10.8800,0.000000
FILLER_0_0_104,VGND,li1,53.5900,10.8800,0.000000
FILLER_0_0_98,VGND,li1,51.9800,10.8800,0.000000
FILLER_0_0_94,VGND,li1,48.9900,10.8800,0.000000
FILLER_0_0_88,VGND,li1,47.3800,10.8800,0.000000
FILLER_0_0_78,VGND,li1,42.7800,10.8800,0.000000
FILLER_0_0_74,VGND,li1,39.7900,10.8800,0.000000
FILLER_0_0_68,VGND,li1,38.1800,10.8800,0.000000
FILLER_0_0_64,VGND,li1,35.1900,10.8800,0.000000
FILLER_0_0_60,VGND,li1,34.0400,10.8800,0.000000
FILLER_0_0_48,VGND,li1,29.4400,10.8800,0.000000
FILLER_0_0_44,VGND,li1,25.9900,10.8800,0.000000
FILLER_0_0_38,VGND,li1,24.3800,10.8800,0.000000
FILLER_0_0_29,VGND,li1,20.2400,10.8800,0.000001
FILLER_0_0_24,VGND,li1,16.7900,10.8800,0.000001
FILLER_0_0_18,VGND,li1,15.1800,10.8800,0.000001
FILLER_0_0_14,VGND,li1,12.1900,10.8800,0.000001
FILLER_0_0_3,VGND,li1,7.3600,10.8800,0.000001
rebuffer4,VGND,li1,66.4700,48.9600,0.000089
rebuffer3,VGND,li1,66.4700,48.9600,0.000089
rebuffer2,VGND,li1,44.3900,38.0800,0.000029
rebuffer1,VGND,li1,52.6700,54.4000,0.000036
clkload2,VGND,li1,57.5000,48.9600,0.000137
clkload1,VGND,li1,56.5800,27.2000,0.000120
clkload0,VGND,li1,22.7700,38.0800,0.000022
clkbuf_2_3__f_clk,VGND,li1,56.5800,43.5200,0.000173
clkbuf_2_2__f_clk,VGND,li1,55.6600,32.6400,0.000161
clkbuf_2_1__f_clk,VGND,li1,28.0600,54.4000,0.000138
clkbuf_2_0__f_clk,VGND,li1,26.6800,32.6400,0.000162
clkbuf_0_clk,VGND,li1,39.5600,43.5200,0.000162
output50,VGND,li1,8.9700,43.5200,0.000048
output49,VGND,li1,7.5900,38.0800,0.000022
output48,VGND,li1,7.5900,38.0800,0.000022
output47,VGND,li1,7.5900,27.2000,0.000062
output46,VGND,li1,8.9700,27.2000,0.000062
output45,VGND,li1,7.5900,27.2000,0.000062
output44,VGND,li1,7.5900,16.3200,0.000081
output43,VGND,li1,7.5900,16.3200,0.000081
output42,VGND,li1,14.4900,70.7200,0.000031
output41,VGND,li1,7.5900,70.7200,0.000039
output40,VGND,li1,7.5900,70.7200,0.000039
output39,VGND,li1,7.5900,59.8400,0.000078
output38,VGND,li1,7.5900,54.4000,0.000071
output37,VGND,li1,7.5900,54.4000,0.000071
output36,VGND,li1,7.5900,43.5200,0.000048
output35,VGND,li1,11.2700,10.8800,0.000001
output34,VGND,li1,11.7300,70.7200,0.000038
input33,VGND,li1,67.3900,59.8400,0.000016
input32,VGND,li1,40.7100,10.8800,0.000000
input31,VGND,li1,36.1100,10.8800,0.000000
input30,VGND,li1,32.4300,10.8800,0.000000
input29,VGND,li1,26.9100,10.8800,0.000000
input28,VGND,li1,22.3100,10.8800,0.000000
input27,VGND,li1,17.7100,10.8800,0.000001
input26,VGND,li1,13.1100,10.8800,0.000001
input25,VGND,li1,8.5100,10.8800,0.000001
input24,VGND,li1,66.0100,10.8800,0.000000
input23,VGND,li1,67.3900,10.8800,0.000000
input22,VGND,li1,63.7100,10.8800,0.000000
input21,VGND,li1,59.1100,10.8800,0.000000
input20,VGND,li1,54.5100,10.8800,0.000000
input19,VGND,li1,49.9100,10.8800,0.000000
input18,VGND,li1,45.3100,10.8800,0.000000
input17,VGND,li1,9.8900,10.8800,0.000001
input16,VGND,li1,40.7100,70.7200,0.000022
input15,VGND,li1,36.1100,70.7200,0.000025
input14,VGND,li1,32.4300,70.7200,0.000019
input13,VGND,li1,26.9100,70.7200,0.000020
input12,VGND,li1,22.3100,70.7200,0.000022
input11,VGND,li1,17.7100,70.7200,0.000024
input10,VGND,li1,13.1100,70.7200,0.000038
input9,VGND,li1,8.9700,70.7200,0.000039
input8,VGND,li1,66.0100,70.7200,0.000020
input7,VGND,li1,67.3900,70.7200,0.000020
input6,VGND,li1,63.7100,70.7200,0.000020
input5,VGND,li1,59.1100,70.7200,0.000020
input4,VGND,li1,54.5100,70.7200,0.000020
input3,VGND,li1,49.9100,70.7200,0.000018
input2,VGND,li1,45.3100,70.7200,0.000019
input1,VGND,li1,10.3500,70.7200,0.000039
TAP_TAPCELL_ROW_22_95,VGND,li1,57.2700,71.0110,0.000020
TAP_TAPCELL_ROW_22_94,VGND,li1,44.3900,71.0110,0.000020
TAP_TAPCELL_ROW_22_93,VGND,li1,31.5100,71.0110,0.000019
TAP_TAPCELL_ROW_22_92,VGND,li1,18.6300,71.0110,0.000024
TAP_TAPCELL_ROW_21_91,VGND,li1,57.2700,70.4280,0.000020
TAP_TAPCELL_ROW_21_90,VGND,li1,31.5100,70.4280,0.000019
TAP_TAPCELL_ROW_20_89,VGND,li1,44.3900,65.5710,0.000070
TAP_TAPCELL_ROW_20_88,VGND,li1,18.6300,65.5710,0.000089
TAP_TAPCELL_ROW_19_87,VGND,li1,57.2700,64.9880,0.000071
TAP_TAPCELL_ROW_19_86,VGND,li1,31.5100,64.9880,0.000080
TAP_TAPCELL_ROW_18_85,VGND,li1,44.3900,60.1310,0.000032
TAP_TAPCELL_ROW_18_84,VGND,li1,18.6300,60.1310,0.000052
TAP_TAPCELL_ROW_17_83,VGND,li1,57.2700,59.5480,0.000024
TAP_TAPCELL_ROW_17_82,VGND,li1,31.5100,59.5480,0.000038
TAP_TAPCELL_ROW_16_81,VGND,li1,44.3900,54.6910,0.000053
TAP_TAPCELL_ROW_16_80,VGND,li1,18.6300,54.6910,0.000082
TAP_TAPCELL_ROW_15_79,VGND,li1,57.2700,54.1080,0.000032
TAP_TAPCELL_ROW_15_78,VGND,li1,31.5100,54.1080,0.000118
TAP_TAPCELL_ROW_14_77,VGND,li1,44.3900,49.2510,0.000073
TAP_TAPCELL_ROW_14_76,VGND,li1,18.6300,49.2510,0.000028
TAP_TAPCELL_ROW_13_75,VGND,li1,57.2700,48.6680,0.000124
TAP_TAPCELL_ROW_13_74,VGND,li1,31.5100,48.6680,0.000051
TAP_TAPCELL_ROW_12_73,VGND,li1,44.3900,43.8110,0.000140
TAP_TAPCELL_ROW_12_72,VGND,li1,18.6300,43.8110,0.000048
TAP_TAPCELL_ROW_11_71,VGND,li1,57.2700,43.2280,0.000173
TAP_TAPCELL_ROW_11_70,VGND,li1,31.5100,43.2280,0.000080
TAP_TAPCELL_ROW_10_69,VGND,li1,44.3900,38.3710,0.000029
TAP_TAPCELL_ROW_10_68,VGND,li1,18.6300,38.3710,0.000020
TAP_TAPCELL_ROW_9_67,VGND,li1,57.2700,37.7880,0.000016
TAP_TAPCELL_ROW_9_66,VGND,li1,31.5100,37.7880,0.000020
TAP_TAPCELL_ROW_8_65,VGND,li1,44.3900,32.9310,0.000100
TAP_TAPCELL_ROW_8_64,VGND,li1,18.6300,32.9310,0.000115
TAP_TAPCELL_ROW_7_63,VGND,li1,57.2700,32.3480,0.000145
TAP_TAPCELL_ROW_7_62,VGND,li1,31.5100,32.3480,0.000115
TAP_TAPCELL_ROW_6_61,VGND,li1,44.3900,27.4910,0.000074
TAP_TAPCELL_ROW_6_60,VGND,li1,18.6300,27.4910,0.000050
TAP_TAPCELL_ROW_5_59,VGND,li1,57.2700,26.9080,0.000120
TAP_TAPCELL_ROW_5_58,VGND,li1,31.5100,26.9080,0.000055
TAP_TAPCELL_ROW_4_57,VGND,li1,44.3900,22.0510,0.000027
TAP_TAPCELL_ROW_4_56,VGND,li1,18.6300,22.0510,0.000049
TAP_TAPCELL_ROW_3_55,VGND,li1,57.2700,21.4680,0.000019
TAP_TAPCELL_ROW_3_54,VGND,li1,31.5100,21.4680,0.000036
TAP_TAPCELL_ROW_2_53,VGND,li1,44.3900,16.6110,0.000068
TAP_TAPCELL_ROW_2_52,VGND,li1,18.6300,16.6110,0.000068
TAP_TAPCELL_ROW_1_51,VGND,li1,57.2700,16.0280,0.000070
TAP_TAPCELL_ROW_1_50,VGND,li1,31.5100,16.0280,0.000063
TAP_TAPCELL_ROW_0_49,VGND,li1,57.2700,11.1710,0.000000
TAP_TAPCELL_ROW_0_48,VGND,li1,44.3900,11.1710,0.000000
TAP_TAPCELL_ROW_0_47,VGND,li1,31.5100,11.1710,0.000000
TAP_TAPCELL_ROW_0_46,VGND,li1,18.6300,11.1710,0.000001
PHY_EDGE_ROW_22_Left_45,VGND,li1,6.2100,70.7200,0.000039
PHY_EDGE_ROW_21_Left_44,VGND,li1,6.2100,70.7200,0.000039
PHY_EDGE_ROW_20_Left_43,VGND,li1,6.2100,65.2800,0.000104
PHY_EDGE_ROW_19_Left_42,VGND,li1,6.2100,65.2800,0.000104
PHY_EDGE_ROW_18_Left_41,VGND,li1,6.2100,59.8400,0.000078
PHY_EDGE_ROW_17_Left_40,VGND,li1,6.2100,59.8400,0.000078
PHY_EDGE_ROW_16_Left_39,VGND,li1,6.2100,54.4000,0.000071
PHY_EDGE_ROW_15_Left_38,VGND,li1,6.2100,54.4000,0.000071
PHY_EDGE_ROW_14_Left_37,VGND,li1,6.2100,48.9600,0.000029
PHY_EDGE_ROW_13_Left_36,VGND,li1,6.2100,48.9600,0.000029
PHY_EDGE_ROW_12_Left_35,VGND,li1,6.2100,43.5200,0.000048
PHY_EDGE_ROW_11_Left_34,VGND,li1,6.2100,43.5200,0.000048
PHY_EDGE_ROW_10_Left_33,VGND,li1,6.2100,38.0800,0.000022
PHY_EDGE_ROW_9_Left_32,VGND,li1,6.2100,38.0800,0.000022
PHY_EDGE_ROW_8_Left_31,VGND,li1,6.2100,32.6400,0.000106
PHY_EDGE_ROW_7_Left_30,VGND,li1,6.2100,32.6400,0.000106
PHY_EDGE_ROW_6_Left_29,VGND,li1,6.2100,27.2000,0.000062
PHY_EDGE_ROW_5_Left_28,VGND,li1,6.2100,27.2000,0.000062
PHY_EDGE_ROW_4_Left_27,VGND,li1,6.2100,21.7600,0.000054
PHY_EDGE_ROW_3_Left_26,VGND,li1,6.2100,21.7600,0.000054
PHY_EDGE_ROW_2_Left_25,VGND,li1,6.2100,16.3200,0.000081
PHY_EDGE_ROW_1_Left_24,VGND,li1,6.2100,16.3200,0.000081
PHY_EDGE_ROW_0_Left_23,VGND,li1,6.2100,10.8800,0.000001
PHY_EDGE_ROW_22_Right_22,VGND,li1,68.7700,70.7200,0.000020
PHY_EDGE_ROW_21_Right_21,VGND,li1,68.7700,70.7200,0.000020
PHY_EDGE_ROW_20_Right_20,VGND,li1,68.7700,65.2800,0.000049
PHY_EDGE_ROW_19_Right_19,VGND,li1,68.7700,65.2800,0.000049
PHY_EDGE_ROW_18_Right_18,VGND,li1,68.7700,59.8400,0.000016
PHY_EDGE_ROW_17_Right_17,VGND,li1,68.7700,59.8400,0.000016
PHY_EDGE_ROW_16_Right_16,VGND,li1,68.7700,54.4000,0.000019
PHY_EDGE_ROW_15_Right_15,VGND,li1,68.7700,54.4000,0.000019
PHY_EDGE_ROW_14_Right_14,VGND,li1,68.7700,48.9600,0.000089
PHY_EDGE_ROW_13_Right_13,VGND,li1,68.7700,48.9600,0.000089
PHY_EDGE_ROW_12_Right_12,VGND,li1,68.7700,43.5200,0.000115
PHY_EDGE_ROW_11_Right_11,VGND,li1,68.7700,43.5200,0.000115
PHY_EDGE_ROW_10_Right_10,VGND,li1,68.7700,38.0800,0.000010
PHY_EDGE_ROW_9_Right_9,VGND,li1,68.7700,38.0800,0.000010
PHY_EDGE_ROW_8_Right_8,VGND,li1,68.7700,32.6400,0.000096
PHY_EDGE_ROW_7_Right_7,VGND,li1,68.7700,32.6400,0.000096
PHY_EDGE_ROW_6_Right_6,VGND,li1,68.7700,27.2000,0.000065
PHY_EDGE_ROW_5_Right_5,VGND,li1,68.7700,27.2000,0.000065
PHY_EDGE_ROW_4_Right_4,VGND,li1,68.7700,21.7600,0.000021
PHY_EDGE_ROW_3_Right_3,VGND,li1,68.7700,21.7600,0.000021
PHY_EDGE_ROW_2_Right_2,VGND,li1,68.7700,16.3200,0.000054
PHY_EDGE_ROW_1_Right_1,VGND,li1,68.7700,16.3200,0.000054
PHY_EDGE_ROW_0_Right_0,VGND,li1,68.7700,10.8800,0.000000
_186_,VGND,li1,40.4800,65.2800,0.000083
_185_,VGND,li1,12.8800,70.7200,0.000038
_184_,VGND,li1,31.2800,65.2800,0.000080
_183_,VGND,li1,12.4200,59.8400,0.000078
_182_,VGND,li1,63.4800,43.5200,0.000115
_181_,VGND,li1,25.3000,54.4000,0.000126
_180_,VGND,li1,31.7400,48.9600,0.000051
_179_,VGND,li1,35.4200,48.9600,0.000060
_178_,VGND,li1,48.3000,38.0800,0.000028
_177_,VGND,li1,50.1400,32.6400,0.000125
_176_,VGND,li1,40.4800,27.2000,0.000075
_175_,VGND,li1,29.4400,27.2000,0.000060
_174_,VGND,li1,25.7600,27.2000,0.000062
_173_,VGND,li1,24.8400,21.7600,0.000052
_172_,VGND,li1,12.8800,27.2000,0.000061
_171_,VGND,li1,11.0400,21.7600,0.000054
_170_,VGND,li1,14.7200,16.3200,0.000080
_169_,VGND,li1,23.0000,59.8400,0.000054
_168_,VGND,li1,63.4800,21.7600,0.000021
_167_,VGND,li1,50.1400,65.2800,0.000068
_166_,VGND,li1,63.4800,16.3200,0.000063
_165_,VGND,li1,63.4800,70.7200,0.000020
_164_,VGND,li1,63.0200,16.3200,0.000063
_163_,VGND,li1,61.6400,65.2800,0.000062
_162_,VGND,li1,63.9400,32.6400,0.000096
_161_,VGND,li1,61.1800,48.9600,0.000115
_160_,VGND,li1,55.6600,16.3200,0.000070
_159_,VGND,li1,57.5000,65.2800,0.000071
_158_,VGND,li1,48.3000,16.3200,0.000060
_157_,VGND,li1,46.4600,59.8400,0.000030
_156_,VGND,li1,40.4800,16.3200,0.000078
_155_,VGND,li1,40.4800,54.4000,0.000071
_154_,VGND,li1,40.9400,16.3200,0.000078
_153_,VGND,li1,40.0200,65.2800,0.000083
_152_,VGND,li1,39.5600,21.7600,0.000034
_151_,VGND,li1,37.7200,70.7200,0.000025
_150_,VGND,li1,33.1200,16.3200,0.000063
_149_,VGND,li1,32.6600,59.8400,0.000035
_148_,VGND,li1,25.7600,16.3200,0.000080
_147_,VGND,li1,26.6800,65.2800,0.000092
_146_,VGND,li1,24.3800,16.3200,0.000080
_145_,VGND,li1,22.5400,65.2800,0.000094
_144_,VGND,li1,20.2400,21.7600,0.000053
_143_,VGND,li1,18.8600,65.2800,0.000089
_142_,VGND,li1,13.3400,16.3200,0.000080
_141_,VGND,li1,11.5000,65.2800,0.000104
_140_,VGND,li1,11.0400,32.6400,0.000106
_139_,VGND,li1,11.0400,59.8400,0.000078
_138_,VGND,li1,11.0400,21.7600,0.000054
_137_,VGND,li1,11.2700,65.2800,0.000104
_136_,VGND,li1,46.2300,27.2000,0.000073
_135_,VGND,li1,44.8500,70.7200,0.000019
_134_,VGND,li1,37.0300,27.2000,0.000069
_133_,VGND,li1,25.0700,32.6400,0.000161
_132_,VGND,li1,21.8500,32.6400,0.000141
_131_,VGND,li1,27.3700,38.0800,0.000023
_130_,VGND,li1,49.9100,48.9600,0.000075
_129_,VGND,li1,49.4500,48.9600,0.000075
_128_,VGND,li1,45.7700,48.9600,0.000073
_127_,VGND,li1,42.5500,43.5200,0.000149
_126_,VGND,li1,55.4300,65.2800,0.000070
_125_,VGND,li1,60.0300,59.8400,0.000023
_124_,VGND,li1,61.8700,38.0800,0.000012
_123_,VGND,li1,25.5300,21.7600,0.000052
_122_,VGND,li1,16.3300,32.6400,0.000094
_121_,VGND,li1,13.3400,38.0800,0.000020
_120_,VGND,li1,11.2700,27.2000,0.000061
_119_,VGND,li1,10.3500,38.0800,0.000022
_118_,VGND,li1,15.4100,38.0800,0.000018
_117_,VGND,li1,16.3300,21.7600,0.000044
_116_,VGND,li1,13.5700,48.9600,0.000028
_115_,VGND,li1,47.8400,70.7200,0.000017
_114_,VGND,li1,50.6000,65.2800,0.000068
_113_,VGND,li1,47.6100,65.2800,0.000061
_112_,VGND,li1,55.4300,70.7200,0.000020
_111_,VGND,li1,66.7000,65.2800,0.000049
_110_,VGND,li1,62.7900,65.2800,0.000062
_109_,VGND,li1,56.8100,59.8400,0.000024
_108_,VGND,li1,63.0200,59.8400,0.000019
_107_,VGND,li1,60.4900,59.8400,0.000023
_106_,VGND,li1,64.4000,48.9600,0.000088
_105_,VGND,li1,65.5500,54.4000,0.000019
_104_,VGND,li1,64.1700,43.5200,0.000115
_103_,VGND,li1,58.8800,54.4000,0.000029
_102_,VGND,li1,50.6000,43.5200,0.000132
_101_,VGND,li1,53.1300,48.9600,0.000095
_100_,VGND,li1,49.4500,54.4000,0.000039
_099_,VGND,li1,46.9200,43.5200,0.000129
_098_,VGND,li1,46.2300,48.9600,0.000075
_097_,VGND,li1,42.5500,48.9600,0.000072
_096_,VGND,li1,41.8600,54.4000,0.000071
_095_,VGND,li1,41.1700,48.9600,0.000069
_094_,VGND,li1,41.4000,38.0800,0.000028
_093_,VGND,li1,46.6900,38.0800,0.000028
_092_,VGND,li1,40.7100,38.0800,0.000028
_091_,VGND,li1,42.7800,32.6400,0.000100
_090_,VGND,li1,45.0800,27.2000,0.000074
_089_,VGND,li1,42.0900,27.2000,0.000075
_088_,VGND,li1,38.4100,32.6400,0.000100
_087_,VGND,li1,35.4200,32.6400,0.000099
_086_,VGND,li1,35.1900,27.2000,0.000064
_085_,VGND,li1,33.3500,27.2000,0.000059
_084_,VGND,li1,32.6600,32.6400,0.000097
_083_,VGND,li1,28.2900,32.6400,0.000135
_082_,VGND,li1,20.4700,32.6400,0.000128
_081_,VGND,li1,25.0700,38.0800,0.000023
_080_,VGND,li1,27.6000,38.0800,0.000023
_079_,VGND,li1,25.5300,43.5200,0.000067
_078_,VGND,li1,24.3800,38.0800,0.000023
_077_,VGND,li1,22.5400,43.5200,0.000059
_076_,VGND,li1,17.0200,43.5200,0.000042
_075_,VGND,li1,14.0300,43.5200,0.000044
_074_,VGND,li1,21.3900,38.0800,0.000022
_073_,VGND,li1,16.3300,48.9600,0.000025
_072_,VGND,li1,14.0300,43.5200,0.000044
_071_,VGND,li1,25.9900,43.5200,0.000067
_070_,VGND,li1,12.8800,38.0800,0.000020
_069_,VGND,li1,11.0400,43.5200,0.000047
_068_,VGND,li1,19.3200,43.5200,0.000048
_067_,VGND,li1,8.5100,43.5200,0.000048
_066_,VGND,li1,9.8900,48.9600,0.000029
_065_,VGND,li1,11.7300,43.5200,0.000047
_064_,VGND,li1,12.8800,48.9600,0.000028
_063_,VGND,li1,17.2500,54.4000,0.000070
_062_,VGND,li1,14.9500,54.4000,0.000070
_061_,VGND,li1,45.0800,43.5200,0.000140
_060_,VGND,li1,64.1700,38.0800,0.000010
