
===========================================================================
 report_power
============================================================================
======================= Fastest Corner ===================================

Group                  Internal  Switching    Leakage      Total
                          Power      Power      Power      Power (Watts)
----------------------------------------------------------------
Sequential             9.68e-04   4.02e-05   7.26e-10   1.01e-03  49.3%
Combinational          1.04e-04   8.56e-05   5.58e-10   1.89e-04   9.3%
Clock                  5.24e-04   3.22e-04   8.58e-10   8.46e-04  41.4%
Macro                  0.00e+00   0.00e+00   0.00e+00   0.00e+00   0.0%
Pad                    0.00e+00   0.00e+00   0.00e+00   0.00e+00   0.0%
----------------------------------------------------------------
Total                  1.60e-03   4.48e-04   2.14e-09   2.04e-03 100.0%
                          78.1%      21.9%       0.0%

======================= Slowest Corner ===================================

Group                  Internal  Switching    Leakage      Total
                          Power      Power      Power      Power (Watts)
----------------------------------------------------------------
Sequential             6.49e-04   2.65e-05   7.32e-07   6.76e-04  48.5%
Combinational          7.74e-05   5.64e-05   6.45e-07   1.34e-04   9.6%
Clock                  3.77e-04   2.05e-04   1.34e-07   5.83e-04  41.8%
Macro                  0.00e+00   0.00e+00   0.00e+00   0.00e+00   0.0%
Pad                    0.00e+00   0.00e+00   0.00e+00   0.00e+00   0.0%
----------------------------------------------------------------
Total                  1.10e-03   2.88e-04   1.51e-06   1.39e-03 100.0%
                          79.2%      20.7%       0.1%

======================= Typical Corner ===================================

Group                  Internal  Switching    Leakage      Total
                          Power      Power      Power      Power (Watts)
----------------------------------------------------------------
Sequential             8.35e-04   3.39e-05   4.22e-10   8.69e-04  49.3%
Combinational          9.45e-05   7.22e-05   3.76e-10   1.67e-04   9.5%
Clock                  4.58e-04   2.70e-04   5.08e-10   7.28e-04  41.3%
Macro                  0.00e+00   0.00e+00   0.00e+00   0.00e+00   0.0%
Pad                    0.00e+00   0.00e+00   0.00e+00   0.00e+00   0.0%
----------------------------------------------------------------
Total                  1.39e-03   3.76e-04   1.30e-09   1.76e-03 100.0%
                          78.7%      21.3%       0.0%

