
===========================================================================
report_checks -unconstrained
===========================================================================
======================= Fastest Corner ===================================

Startpoint: _191_ (rising edge-triggered flip-flop clocked by core_clock)
Endpoint: _170_ (rising edge-triggered flip-flop clocked by core_clock)
Path Group: core_clock
Path Type: max
Corner: Fastest

Fanout     Cap    Slew   Delay    Time   Description
-----------------------------------------------------------------------------
                          0.00    0.00   clock core_clock (rise edge)
                          0.00    0.00   clock source latency
     1    0.01    0.00    0.00    0.00 ^ clk (in)
                                         clk (net)
                  0.00    0.00    0.00 ^ clkbuf_0_clk/A (sky130_fd_sc_hd__clkbuf_16)
     4    0.04    0.05    0.09    0.09 ^ clkbuf_0_clk/X (sky130_fd_sc_hd__clkbuf_16)
                                         clknet_0_clk (net)
                  0.05    0.00    0.09 ^ clkbuf_2_0__f_clk/A (sky130_fd_sc_hd__clkbuf_16)
    14    0.04    0.05    0.10    0.20 ^ clkbuf_2_0__f_clk/X (sky130_fd_sc_hd__clkbuf_16)
                                         clknet_2_0__leaf_clk (net)
                  0.05    0.00    0.20 ^ _191_/CLK (sky130_fd_sc_hd__dfxtp_1)
     3    0.01    0.04    0.21    0.40 v _191_/Q (sky130_fd_sc_hd__dfxtp_1)
                                         b_q[3] (net)
                  0.04    0.00    0.40 v _090_/B (sky130_fd_sc_hd__and2_4)
     2    0.01    0.03    0.10    0.51 v _090_/X (sky130_fd_sc_hd__and2_4)
                                         _046_ (net)
                  0.03    0.00    0.51 v _091_/A (sky130_fd_sc_hd__nor2_2)
     2    0.01    0.08    0.09    0.59 ^ _091_/Y (sky130_fd_sc_hd__nor2_2)
                                         _047_ (net)
                  0.08    0.00    0.59 ^ _097_/A (sky130_fd_sc_hd__inv_2)
     1    0.00    0.02    0.01    0.61 v _097_/Y (sky130_fd_sc_hd__inv_2)
                                         _052_ (net)
                  0.02    0.00    0.61 v _100_/A1 (sky130_fd_sc_hd__o31a_1)
     4    0.01    0.06    0.20    0.81 v _100_/X (sky130_fd_sc_hd__o31a_1)
                                         _055_ (net)
                  0.06    0.00    0.81 v _121_/A3 (sky130_fd_sc_hd__o31a_1)
     3    0.01    0.07    0.19    1.00 v _121_/X (sky130_fd_sc_hd__o31a_1)
                                         _072_ (net)
                  0.07    0.00    1.00 v _145_/A3 (sky130_fd_sc_hd__o31ai_4)
     2    0.01    0.14    0.14    1.14 ^ _145_/Y (sky130_fd_sc_hd__o31ai_4)
                                         _017_ (net)
                  0.14    0.00    1.14 ^ _158_/A1 (sky130_fd_sc_hd__a211oi_2)
     2    0.01    0.06    0.06    1.20 v _158_/Y (sky130_fd_sc_hd__a211oi_2)
                                         _028_ (net)
                  0.06    0.00    1.20 v _164_/A3 (sky130_fd_sc_hd__o31a_1)
     2    0.01    0.05    0.17    1.37 v _164_/X (sky130_fd_sc_hd__o31a_1)
                                         _033_ (net)
                  0.05    0.00    1.37 v _165_/B (sky130_fd_sc_hd__xor2_1)
     1    0.00    0.03    0.09    1.46 v _165_/X (sky130_fd_sc_hd__xor2_1)
                                         sum_d[15] (net)
                  0.03    0.00    1.46 v _170_/D (sky130_fd_sc_hd__dfxtp_1)
                                  1.46   data arrival time

                          2.60    2.60   clock core_clock (rise edge)
                          0.00    2.60   clock source latency
     1    0.01    0.00    0.00    2.60 ^ clk (in)
                                         clk (net)
                  0.00    0.00    2.60 ^ clkbuf_0_clk/A (sky130_fd_sc_hd__clkbuf_16)
     4    0.04    0.05    0.09    2.69 ^ clkbuf_0_clk/X (sky130_fd_sc_hd__clkbuf_16)
                                         clknet_0_clk (net)
                  0.05    0.00    2.69 ^ clkbuf_2_3__f_clk/A (sky130_fd_sc_hd__clkbuf_16)
    10    0.04    0.05    0.10    2.79 ^ clkbuf_2_3__f_clk/X (sky130_fd_sc_hd__clkbuf_16)
                                         clknet_2_3__leaf_clk (net)
                  0.05    0.00    2.79 ^ _170_/CLK (sky130_fd_sc_hd__dfxtp_1)
                          0.00    2.79   clock reconvergence pessimism
                         -0.07    2.73   library setup time
                                  2.73   data required time
-----------------------------------------------------------------------------
                                  2.73   data required time
                                 -1.46   data arrival time
-----------------------------------------------------------------------------
                                  1.26   slack (MET)



======================= Slowest Corner ===================================

Startpoint: _172_ (rising edge-triggered flip-flop clocked by core_clock)
Endpoint: _170_ (rising edge-triggered flip-flop clocked by core_clock)
Path Group: core_clock
Path Type: max
Corner: Slowest

Fanout     Cap    Slew   Delay    Time   Description
-----------------------------------------------------------------------------
                          0.00    0.00   clock core_clock (rise edge)
                          0.00    0.00   clock source latency
     1    0.01    0.00    0.00    0.00 ^ clk (in)
                                         clk (net)
                  0.00    0.00    0.00 ^ clkbuf_0_clk/A (sky130_fd_sc_hd__clkbuf_16)
     4    0.04    0.10    0.22    0.22 ^ clkbuf_0_clk/X (sky130_fd_sc_hd__clkbuf_16)
                                         clknet_0_clk (net)
                  0.10    0.00    0.22 ^ clkbuf_2_1__f_clk/A (sky130_fd_sc_hd__clkbuf_16)
    17    0.04    0.10    0.27    0.49 ^ clkbuf_2_1__f_clk/X (sky130_fd_sc_hd__clkbuf_16)
                                         clknet_2_1__leaf_clk (net)
                  0.10    0.00    0.49 ^ _172_/CLK (sky130_fd_sc_hd__dfxtp_1)
     2    0.00    0.09    0.66    1.15 ^ _172_/Q (sky130_fd_sc_hd__dfxtp_1)
                                         a_q[0] (net)
                  0.09    0.00    1.15 ^ _076_/B (sky130_fd_sc_hd__nand2_1)
     2    0.01    0.11    0.15    1.30 v _076_/Y (sky130_fd_sc_hd__nand2_1)
                                         _035_ (net)
                  0.11    0.00    1.30 v _079_/B1_N (sky130_fd_sc_hd__a21bo_1)
     2    0.01    0.12    0.40    1.70 ^ _079_/X (sky130_fd_sc_hd__a21bo_1)
                                         _037_ (net)
                  0.12    0.00    1.70 ^ _084_/A1 (sky130_fd_sc_hd__a21boi_2)
     3    0.01    0.12    0.16    1.86 v _084_/Y (sky130_fd_sc_hd__a21boi_2)
                                         _041_ (net)
                  0.12    0.00    1.86 v _100_/A3 (sky130_fd_sc_hd__o31a_1)
     4    0.01    0.15    0.55    2.41 v _100_/X (sky130_fd_sc_hd__o31a_1)
                                         _055_ (net)
                  0.15    0.00    2.41 v _121_/A3 (sky130_fd_sc_hd__o31a_1)
     3    0.01    0.17    0.59    3.00 v _121_/X (sky130_fd_sc_hd__o31a_1)
                                         _072_ (net)
                  0.17    0.00    3.00 v _145_/A3 (sky130_fd_sc_hd__o31ai_4)
     2    0.01    0.30    0.34    3.34 ^ _145_/Y (sky130_fd_sc_hd__o31ai_4)
                                         _017_ (net)
                  0.30    0.00    3.34 ^ _158_/A1 (sky130_fd_sc_hd__a211oi_2)
     2    0.01    0.14    0.23    3.57 v _158_/Y (sky130_fd_sc_hd__a211oi_2)
                                         _028_ (net)
                  0.14    0.00    3.57 v _164_/A3 (sky130_fd_sc_hd__o31a_1)
     2    0.01    0.13    0.54    4.11 v _164_/X (sky130_fd_sc_hd__o31a_1)
                                         _033_ (net)
                  0.13    0.00    4.11 v _165_/B (sky130_fd_sc_hd__xor2_1)
     1    0.00    0.10    0.28    4.39 v _165_/X (sky130_fd_sc_hd__xor2_1)
                                         sum_d[15] (net)
                  0.10    0.00    4.39 v _170_/D (sky130_fd_sc_hd__dfxtp_1)
                                  4.39   data arrival time

                          2.60    2.60   clock core_clock (rise edge)
                          0.00    2.60   clock source latency
     1    0.01    0.00    0.00    2.60 ^ clk (in)
                                         clk (net)
                  0.00    0.00    2.60 ^ clkbuf_0_clk/A (sky130_fd_sc_hd__clkbuf_16)
     4    0.04    0.10    0.22    2.82 ^ clkbuf_0_clk/X (sky130_fd_sc_hd__clkbuf_16)
                                         clknet_0_clk (net)
                  0.10    0.00    2.83 ^ clkbuf_2_3__f_clk/A (sky130_fd_sc_hd__clkbuf_16)
    10    0.04    0.09    0.26    3.09 ^ clkbuf_2_3__f_clk/X (sky130_fd_sc_hd__clkbuf_16)
                                         clknet_2_3__leaf_clk (net)
                  0.09    0.00    3.09 ^ _170_/CLK (sky130_fd_sc_hd__dfxtp_1)
                          0.00    3.09   clock reconvergence pessimism
                         -0.27    2.81   library setup time
                                  2.81   data required time
-----------------------------------------------------------------------------
                                  2.81   data required time
                                 -4.39   data arrival time
-----------------------------------------------------------------------------
                                 -1.58   slack (VIOLATED)



======================= Typical Corner ===================================

Startpoint: _191_ (rising edge-triggered flip-flop clocked by core_clock)
Endpoint: _170_ (rising edge-triggered flip-flop clocked by core_clock)
Path Group: core_clock
Path Type: max
Corner: Typical

Fanout     Cap    Slew   Delay    Time   Description
-----------------------------------------------------------------------------
                          0.00    0.00   clock core_clock (rise edge)
                          0.00    0.00   clock source latency
     1    0.01    0.00    0.00    0.00 ^ clk (in)
                                         clk (net)
                  0.00    0.00    0.00 ^ clkbuf_0_clk/A (sky130_fd_sc_hd__clkbuf_16)
     4    0.04    0.06    0.13    0.13 ^ clkbuf_0_clk/X (sky130_fd_sc_hd__clkbuf_16)
                                         clknet_0_clk (net)
                  0.06    0.00    0.13 ^ clkbuf_2_0__f_clk/A (sky130_fd_sc_hd__clkbuf_16)
    14    0.04    0.06    0.15    0.28 ^ clkbuf_2_0__f_clk/X (sky130_fd_sc_hd__clkbuf_16)
                                         clknet_2_0__leaf_clk (net)
                  0.06    0.00    0.28 ^ _191_/CLK (sky130_fd_sc_hd__dfxtp_1)
     3    0.01    0.05    0.32    0.61 v _191_/Q (sky130_fd_sc_hd__dfxtp_1)
                                         b_q[3] (net)
                  0.05    0.00    0.61 v _090_/B (sky130_fd_sc_hd__and2_4)
     2    0.01    0.03    0.16    0.77 v _090_/X (sky130_fd_sc_hd__and2_4)
                                         _046_ (net)
                  0.03    0.00    0.77 v _091_/A (sky130_fd_sc_hd__nor2_2)
     2    0.01    0.11    0.12    0.89 ^ _091_/Y (sky130_fd_sc_hd__nor2_2)
                                         _047_ (net)
                  0.11    0.00    0.89 ^ _097_/A (sky130_fd_sc_hd__inv_2)
     1    0.00    0.02    0.03    0.92 v _097_/Y (sky130_fd_sc_hd__inv_2)
                                         _052_ (net)
                  0.02    0.00    0.92 v _100_/A1 (sky130_fd_sc_hd__o31a_1)
     4    0.01    0.08    0.32    1.25 v _100_/X (sky130_fd_sc_hd__o31a_1)
                                         _055_ (net)
                  0.08    0.00    1.25 v _121_/A3 (sky130_fd_sc_hd__o31a_1)
     3    0.01    0.09    0.30    1.55 v _121_/X (sky130_fd_sc_hd__o31a_1)
                                         _072_ (net)
                  0.09    0.00    1.55 v _145_/A3 (sky130_fd_sc_hd__o31ai_4)
     2    0.01    0.19    0.20    1.75 ^ _145_/Y (sky130_fd_sc_hd__o31ai_4)
                                         _017_ (net)
                  0.19    0.00    1.75 ^ _158_/A1 (sky130_fd_sc_hd__a211oi_2)
     2    0.01    0.08    0.11    1.86 v _158_/Y (sky130_fd_sc_hd__a211oi_2)
                                         _028_ (net)
                  0.08    0.00    1.86 v _164_/A3 (sky130_fd_sc_hd__o31a_1)
     2    0.01    0.07    0.28    2.13 v _164_/X (sky130_fd_sc_hd__o31a_1)
                                         _033_ (net)
                  0.07    0.00    2.13 v _165_/B (sky130_fd_sc_hd__xor2_1)
     1    0.00    0.05    0.14    2.28 v _165_/X (sky130_fd_sc_hd__xor2_1)
                                         sum_d[15] (net)
                  0.05    0.00    2.28 v _170_/D (sky130_fd_sc_hd__dfxtp_1)
                                  2.28   data arrival time

                          2.60    2.60   clock core_clock (rise edge)
                          0.00    2.60   clock source latency
     1    0.01    0.00    0.00    2.60 ^ clk (in)
                                         clk (net)
                  0.00    0.00    2.60 ^ clkbuf_0_clk/A (sky130_fd_sc_hd__clkbuf_16)
     4    0.04    0.06    0.13    2.73 ^ clkbuf_0_clk/X (sky130_fd_sc_hd__clkbuf_16)
                                         clknet_0_clk (net)
                  0.06    0.00    2.73 ^ clkbuf_2_3__f_clk/A (sky130_fd_sc_hd__clkbuf_16)
    10    0.04    0.06    0.15    2.88 ^ clkbuf_2_3__f_clk/X (sky130_fd_sc_hd__clkbuf_16)
                                         clknet_2_3__leaf_clk (net)
                  0.06    0.00    2.88 ^ _170_/CLK (sky130_fd_sc_hd__dfxtp_1)
                          0.00    2.88   clock reconvergence pessimism
                         -0.11    2.77   library setup time
                                  2.77   data required time
-----------------------------------------------------------------------------
                                  2.77   data required time
                                 -2.28   data arrival time
-----------------------------------------------------------------------------
                                  0.49   slack (MET)




===========================================================================
report_checks --slack_max -0.01
============================================================================
======================= Fastest Corner ===================================

No paths found.

======================= Slowest Corner ===================================

Startpoint: _172_ (rising edge-triggered flip-flop clocked by core_clock)
Endpoint: _170_ (rising edge-triggered flip-flop clocked by core_clock)
Path Group: core_clock
Path Type: max
Corner: Slowest

Fanout     Cap    Slew   Delay    Time   Description
-----------------------------------------------------------------------------
                          0.00    0.00   clock core_clock (rise edge)
                          0.00    0.00   clock source latency
     1    0.01    0.00    0.00    0.00 ^ clk (in)
                                         clk (net)
                  0.00    0.00    0.00 ^ clkbuf_0_clk/A (sky130_fd_sc_hd__clkbuf_16)
     4    0.04    0.10    0.22    0.22 ^ clkbuf_0_clk/X (sky130_fd_sc_hd__clkbuf_16)
                                         clknet_0_clk (net)
                  0.10    0.00    0.22 ^ clkbuf_2_1__f_clk/A (sky130_fd_sc_hd__clkbuf_16)
    17    0.04    0.10    0.27    0.49 ^ clkbuf_2_1__f_clk/X (sky130_fd_sc_hd__clkbuf_16)
                                         clknet_2_1__leaf_clk (net)
                  0.10    0.00    0.49 ^ _172_/CLK (sky130_fd_sc_hd__dfxtp_1)
     2    0.00    0.09    0.66    1.15 ^ _172_/Q (sky130_fd_sc_hd__dfxtp_1)
                                         a_q[0] (net)
                  0.09    0.00    1.15 ^ _076_/B (sky130_fd_sc_hd__nand2_1)
     2    0.01    0.11    0.15    1.30 v _076_/Y (sky130_fd_sc_hd__nand2_1)
                                         _035_ (net)
                  0.11    0.00    1.30 v _079_/B1_N (sky130_fd_sc_hd__a21bo_1)
     2    0.01    0.12    0.40    1.70 ^ _079_/X (sky130_fd_sc_hd__a21bo_1)
                                         _037_ (net)
                  0.12    0.00    1.70 ^ _084_/A1 (sky130_fd_sc_hd__a21boi_2)
     3    0.01    0.12    0.16    1.86 v _084_/Y (sky130_fd_sc_hd__a21boi_2)
                                         _041_ (net)
                  0.12    0.00    1.86 v _100_/A3 (sky130_fd_sc_hd__o31a_1)
     4    0.01    0.15    0.55    2.41 v _100_/X (sky130_fd_sc_hd__o31a_1)
                                         _055_ (net)
                  0.15    0.00    2.41 v _121_/A3 (sky130_fd_sc_hd__o31a_1)
     3    0.01    0.17    0.59    3.00 v _121_/X (sky130_fd_sc_hd__o31a_1)
                                         _072_ (net)
                  0.17    0.00    3.00 v _145_/A3 (sky130_fd_sc_hd__o31ai_4)
     2    0.01    0.30    0.34    3.34 ^ _145_/Y (sky130_fd_sc_hd__o31ai_4)
                                         _017_ (net)
                  0.30    0.00    3.34 ^ _158_/A1 (sky130_fd_sc_hd__a211oi_2)
     2    0.01    0.14    0.23    3.57 v _158_/Y (sky130_fd_sc_hd__a211oi_2)
                                         _028_ (net)
                  0.14    0.00    3.57 v _164_/A3 (sky130_fd_sc_hd__o31a_1)
     2    0.01    0.13    0.54    4.11 v _164_/X (sky130_fd_sc_hd__o31a_1)
                                         _033_ (net)
                  0.13    0.00    4.11 v _165_/B (sky130_fd_sc_hd__xor2_1)
     1    0.00    0.10    0.28    4.39 v _165_/X (sky130_fd_sc_hd__xor2_1)
                                         sum_d[15] (net)
                  0.10    0.00    4.39 v _170_/D (sky130_fd_sc_hd__dfxtp_1)
                                  4.39   data arrival time

                          2.60    2.60   clock core_clock (rise edge)
                          0.00    2.60   clock source latency
     1    0.01    0.00    0.00    2.60 ^ clk (in)
                                         clk (net)
                  0.00    0.00    2.60 ^ clkbuf_0_clk/A (sky130_fd_sc_hd__clkbuf_16)
     4    0.04    0.10    0.22    2.82 ^ clkbuf_0_clk/X (sky130_fd_sc_hd__clkbuf_16)
                                         clknet_0_clk (net)
                  0.10    0.00    2.83 ^ clkbuf_2_3__f_clk/A (sky130_fd_sc_hd__clkbuf_16)
    10    0.04    0.09    0.26    3.09 ^ clkbuf_2_3__f_clk/X (sky130_fd_sc_hd__clkbuf_16)
                                         clknet_2_3__leaf_clk (net)
                  0.09    0.00    3.09 ^ _170_/CLK (sky130_fd_sc_hd__dfxtp_1)
                          0.00    3.09   clock reconvergence pessimism
                         -0.27    2.81   library setup time
                                  2.81   data required time
-----------------------------------------------------------------------------
                                  2.81   data required time
                                 -4.39   data arrival time
-----------------------------------------------------------------------------
                                 -1.58   slack (VIOLATED)



======================= Typical Corner ===================================

No paths found.


===========================================================================
 report_check_types -max_slew -max_cap -max_fanout -violators
============================================================================
======================= Fastest Corner ===================================


max slew violations count Fastest: 0
max fanout violations count Fastest: 0
max cap violations count Fastest: 0
======================= Slowest Corner ===================================


max slew violations count Slowest: 0
max fanout violations count Slowest: 0
max cap violations count Slowest: 0
======================= Typical Corner ===================================


max slew violations count Typical: 0
max fanout violations count Typical: 0
max cap violations count Typical: 0

===========================================================================
report_parasitic_annotation -report_unannotated
============================================================================
Found 3 unannotated drivers.
 clkload0/Y
 clkload1/Y
 clkload2/Y
Found 0 partially unannotated drivers.

===========================================================================
max slew violation count 0
max fanout violation count 0
max cap violation count 0
============================================================================

===========================================================================
check_setup -verbose -unconstrained_endpoints -multiple_clock -no_clock -no_input_delay -loops -generated_clocks
===========================================================================
Warning: There are 33 input ports missing set_input_delay.
  a[0]
  a[10]
  a[11]
  a[12]
  a[13]
  a[14]
  a[15]
  a[1]
  a[2]
  a[3]
  a[4]
  a[5]
  a[6]
  a[7]
  a[8]
  a[9]
  b[0]
  b[10]
  b[11]
  b[12]
  b[13]
  b[14]
  b[15]
  b[1]
  b[2]
  b[3]
  b[4]
  b[5]
  b[6]
  b[7]
  b[8]
  b[9]
  cin
Warning: There are 50 unconstrained endpoints.
  sum[0]
  sum[10]
  sum[11]
  sum[12]
  sum[13]
  sum[14]
  sum[15]
  sum[16]
  sum[1]
  sum[2]
  sum[3]
  sum[4]
  sum[5]
  sum[6]
  sum[7]
  sum[8]
  sum[9]
  _172_/D
  _173_/D
  _174_/D
  _175_/D
  _176_/D
  _177_/D
  _178_/D
  _179_/D
  _180_/D
  _181_/D
  _182_/D
  _183_/D
  _184_/D
  _185_/D
  _186_/D
  _187_/D
  _188_/D
  _189_/D
  _190_/D
  _191_/D
  _192_/D
  _193_/D
  _194_/D
  _195_/D
  _196_/D
  _197_/D
  _198_/D
  _199_/D
  _200_/D
  _201_/D
  _202_/D
  _203_/D
  _204_/D
