
===========================================================================
report_checks -path_delay min (Hold)
============================================================================
======================= Typical Corner ===================================

Startpoint: _204_ (rising edge-triggered flip-flop clocked by core_clock)
Endpoint: _205_ (rising edge-triggered flip-flop clocked by core_clock)
Path Group: core_clock
Path Type: min

Fanout     Cap    Slew   Delay    Time   Description
-----------------------------------------------------------------------------
                  0.00    0.00    0.00   clock core_clock (rise edge)
                          0.00    0.00   clock network delay (ideal)
                  0.00    0.00    0.00 ^ _204_/CLK (sky130_fd_sc_hd__dfxtp_1)
     2    0.01    0.09    0.32    0.32 ^ _204_/Q (sky130_fd_sc_hd__dfxtp_1)
                                         cin_q (net)
                  0.09    0.00    0.32 ^ _078_/A (sky130_fd_sc_hd__xnor2_1)
     1    0.00    0.04    0.09    0.41 v _078_/Y (sky130_fd_sc_hd__xnor2_1)
                                         sum_d[0] (net)
                  0.04    0.00    0.41 v _205_/D (sky130_fd_sc_hd__dfxtp_1)
                                  0.41   data arrival time

                  0.00    0.00    0.00   clock core_clock (rise edge)
                          0.00    0.00   clock network delay (ideal)
                          0.00    0.00   clock reconvergence pessimism
                                  0.00 ^ _205_/CLK (sky130_fd_sc_hd__dfxtp_1)
                         -0.06   -0.06   library hold time
                                 -0.06   data required time
-----------------------------------------------------------------------------
                                 -0.06   data required time
                                 -0.41   data arrival time
-----------------------------------------------------------------------------
                                  0.47   slack (MET)


Startpoint: _187_ (rising edge-triggered flip-flop clocked by core_clock)
Endpoint: _171_ (rising edge-triggered flip-flop clocked by core_clock)
Path Group: core_clock
Path Type: min

Fanout     Cap    Slew   Delay    Time   Description
-----------------------------------------------------------------------------
                  0.00    0.00    0.00   clock core_clock (rise edge)
                          0.00    0.00   clock network delay (ideal)
                  0.00    0.00    0.00 ^ _187_/CLK (sky130_fd_sc_hd__dfxtp_1)
     2    0.01    0.04    0.29    0.29 v _187_/Q (sky130_fd_sc_hd__dfxtp_1)
                                         a_q[15] (net)
                  0.04    0.00    0.29 v _162_/A (sky130_fd_sc_hd__nand2_1)
     2    0.00    0.05    0.06    0.35 ^ _162_/Y (sky130_fd_sc_hd__nand2_1)
                                         _031_ (net)
                  0.05    0.00    0.35 ^ _166_/B1 (sky130_fd_sc_hd__o21ai_1)
     1    0.00    0.05    0.07    0.42 v _166_/Y (sky130_fd_sc_hd__o21ai_1)
                                         sum_d[16] (net)
                  0.05    0.00    0.42 v _171_/D (sky130_fd_sc_hd__dfxtp_1)
                                  0.42   data arrival time

                  0.00    0.00    0.00   clock core_clock (rise edge)
                          0.00    0.00   clock network delay (ideal)
                          0.00    0.00   clock reconvergence pessimism
                                  0.00 ^ _171_/CLK (sky130_fd_sc_hd__dfxtp_1)
                         -0.06   -0.06   library hold time
                                 -0.06   data required time
-----------------------------------------------------------------------------
                                 -0.06   data required time
                                 -0.42   data arrival time
-----------------------------------------------------------------------------
                                  0.48   slack (MET)


Startpoint: _189_ (rising edge-triggered flip-flop clocked by core_clock)
Endpoint: _206_ (rising edge-triggered flip-flop clocked by core_clock)
Path Group: core_clock
Path Type: min

Fanout     Cap    Slew   Delay    Time   Description
-----------------------------------------------------------------------------
                  0.00    0.00    0.00   clock core_clock (rise edge)
                          0.00    0.00   clock network delay (ideal)
                  0.00    0.00    0.00 ^ _189_/CLK (sky130_fd_sc_hd__dfxtp_1)
     2    0.01    0.07    0.30    0.30 ^ _189_/Q (sky130_fd_sc_hd__dfxtp_1)
                                         b_q[1] (net)
                  0.07    0.00    0.30 ^ _081_/B (sky130_fd_sc_hd__nand2_1)
     2    0.00    0.04    0.06    0.36 v _081_/Y (sky130_fd_sc_hd__nand2_1)
                                         _039_ (net)
                  0.04    0.00    0.36 v _082_/B (sky130_fd_sc_hd__nand2_1)
     1    0.00    0.06    0.07    0.43 ^ _082_/Y (sky130_fd_sc_hd__nand2_1)
                                         _040_ (net)
                  0.06    0.00    0.43 ^ _083_/B (sky130_fd_sc_hd__xnor2_1)
     1    0.00    0.04    0.06    0.50 v _083_/Y (sky130_fd_sc_hd__xnor2_1)
                                         sum_d[1] (net)
                  0.04    0.00    0.50 v _206_/D (sky130_fd_sc_hd__dfxtp_1)
                                  0.50   data arrival time

                  0.00    0.00    0.00   clock core_clock (rise edge)
                          0.00    0.00   clock network delay (ideal)
                          0.00    0.00   clock reconvergence pessimism
                                  0.00 ^ _206_/CLK (sky130_fd_sc_hd__dfxtp_1)
                         -0.06   -0.06   library hold time
                                 -0.06   data required time
-----------------------------------------------------------------------------
                                 -0.06   data required time
                                 -0.50   data arrival time
-----------------------------------------------------------------------------
                                  0.56   slack (MET)


Startpoint: _186_ (rising edge-triggered flip-flop clocked by core_clock)
Endpoint: _169_ (rising edge-triggered flip-flop clocked by core_clock)
Path Group: core_clock
Path Type: min

Fanout     Cap    Slew   Delay    Time   Description
-----------------------------------------------------------------------------
                  0.00    0.00    0.00   clock core_clock (rise edge)
                          0.00    0.00   clock network delay (ideal)
                  0.00    0.00    0.00 ^ _186_/CLK (sky130_fd_sc_hd__dfxtp_1)
     2    0.00    0.05    0.29    0.29 ^ _186_/Q (sky130_fd_sc_hd__dfxtp_1)
                                         a_q[14] (net)
                  0.05    0.00    0.29 ^ _156_/A (sky130_fd_sc_hd__nand2_1)
     2    0.01    0.05    0.06    0.36 v _156_/Y (sky130_fd_sc_hd__nand2_1)
                                         _026_ (net)
                  0.05    0.00    0.36 v _157_/B (sky130_fd_sc_hd__nand2_1)
     2    0.01    0.08    0.09    0.45 ^ _157_/Y (sky130_fd_sc_hd__nand2_1)
                                         _027_ (net)
                  0.08    0.00    0.45 ^ _160_/A (sky130_fd_sc_hd__xnor2_1)
     1    0.00    0.05    0.08    0.53 v _160_/Y (sky130_fd_sc_hd__xnor2_1)
                                         sum_d[14] (net)
                  0.05    0.00    0.53 v _169_/D (sky130_fd_sc_hd__dfxtp_1)
                                  0.53   data arrival time

                  0.00    0.00    0.00   clock core_clock (rise edge)
                          0.00    0.00   clock network delay (ideal)
                          0.00    0.00   clock reconvergence pessimism
                                  0.00 ^ _169_/CLK (sky130_fd_sc_hd__dfxtp_1)
                         -0.07   -0.07   library hold time
                                 -0.07   data required time
-----------------------------------------------------------------------------
                                 -0.07   data required time
                                 -0.53   data arrival time
-----------------------------------------------------------------------------
                                  0.60   slack (MET)


Startpoint: _180_ (rising edge-triggered flip-flop clocked by core_clock)
Endpoint: _214_ (rising edge-triggered flip-flop clocked by core_clock)
Path Group: core_clock
Path Type: min

Fanout     Cap    Slew   Delay    Time   Description
-----------------------------------------------------------------------------
                  0.00    0.00    0.00   clock core_clock (rise edge)
                          0.00    0.00   clock network delay (ideal)
                  0.00    0.00    0.00 ^ _180_/CLK (sky130_fd_sc_hd__dfxtp_1)
     3    0.01    0.05    0.29    0.29 v _180_/Q (sky130_fd_sc_hd__dfxtp_1)
                                         a_q[8] (net)
                  0.05    0.00    0.29 v _122_/A (sky130_fd_sc_hd__nand2_1)
     2    0.01    0.06    0.07    0.36 ^ _122_/Y (sky130_fd_sc_hd__nand2_1)
                                         _073_ (net)
                  0.06    0.00    0.36 ^ _127_/B1 (sky130_fd_sc_hd__o21a_1)
     1    0.00    0.06    0.13    0.49 ^ _127_/X (sky130_fd_sc_hd__o21a_1)
                                         _002_ (net)
                  0.06    0.00    0.49 ^ _128_/B (sky130_fd_sc_hd__xnor2_1)
     1    0.00    0.03    0.06    0.55 v _128_/Y (sky130_fd_sc_hd__xnor2_1)
                                         sum_d[9] (net)
                  0.03    0.00    0.55 v _214_/D (sky130_fd_sc_hd__dfxtp_1)
                                  0.55   data arrival time

                  0.00    0.00    0.00   clock core_clock (rise edge)
                          0.00    0.00   clock network delay (ideal)
                          0.00    0.00   clock reconvergence pessimism
                                  0.00 ^ _214_/CLK (sky130_fd_sc_hd__dfxtp_1)
                         -0.06   -0.06   library hold time
                                 -0.06   data required time
-----------------------------------------------------------------------------
                                 -0.06   data required time
                                 -0.55   data arrival time
-----------------------------------------------------------------------------
                                  0.61   slack (MET)


Startpoint: _178_ (rising edge-triggered flip-flop clocked by core_clock)
Endpoint: _212_ (rising edge-triggered flip-flop clocked by core_clock)
Path Group: core_clock
Path Type: min

Fanout     Cap    Slew   Delay    Time   Description
-----------------------------------------------------------------------------
                  0.00    0.00    0.00   clock core_clock (rise edge)
                          0.00    0.00   clock network delay (ideal)
                  0.00    0.00    0.00 ^ _178_/CLK (sky130_fd_sc_hd__dfxtp_1)
     3    0.01    0.05    0.30    0.30 v _178_/Q (sky130_fd_sc_hd__dfxtp_1)
                                         a_q[6] (net)
                  0.05    0.00    0.30 v _116_/A (sky130_fd_sc_hd__nand2_1)
     2    0.01    0.06    0.08    0.37 ^ _116_/Y (sky130_fd_sc_hd__nand2_1)
                                         _068_ (net)
                  0.06    0.00    0.37 ^ _117_/B1 (sky130_fd_sc_hd__o21a_1)
     1    0.00    0.06    0.13    0.50 ^ _117_/X (sky130_fd_sc_hd__o21a_1)
                                         _069_ (net)
                  0.06    0.00    0.50 ^ _118_/B (sky130_fd_sc_hd__xnor2_1)
     1    0.00    0.03    0.05    0.55 v _118_/Y (sky130_fd_sc_hd__xnor2_1)
                                         sum_d[7] (net)
                  0.03    0.00    0.55 v _212_/D (sky130_fd_sc_hd__dfxtp_1)
                                  0.55   data arrival time

                  0.00    0.00    0.00   clock core_clock (rise edge)
                          0.00    0.00   clock network delay (ideal)
                          0.00    0.00   clock reconvergence pessimism
                                  0.00 ^ _212_/CLK (sky130_fd_sc_hd__dfxtp_1)
                         -0.06   -0.06   library hold time
                                 -0.06   data required time
-----------------------------------------------------------------------------
                                 -0.06   data required time
                                 -0.55   data arrival time
-----------------------------------------------------------------------------
                                  0.61   slack (MET)


Startpoint: _180_ (rising edge-triggered flip-flop clocked by core_clock)
Endpoint: _213_ (rising edge-triggered flip-flop clocked by core_clock)
Path Group: core_clock
Path Type: min

Fanout     Cap    Slew   Delay    Time   Description
-----------------------------------------------------------------------------
                  0.00    0.00    0.00   clock core_clock (rise edge)
                          0.00    0.00   clock network delay (ideal)
                  0.00    0.00    0.00 ^ _180_/CLK (sky130_fd_sc_hd__dfxtp_1)
     3    0.01    0.08    0.32    0.32 ^ _180_/Q (sky130_fd_sc_hd__dfxtp_1)
                                         a_q[8] (net)
                  0.08    0.00    0.32 ^ _122_/A (sky130_fd_sc_hd__nand2_1)
     2    0.01    0.05    0.07    0.38 v _122_/Y (sky130_fd_sc_hd__nand2_1)
                                         _073_ (net)
                  0.05    0.00    0.38 v _124_/A (sky130_fd_sc_hd__nand2_1)
     3    0.01    0.10    0.10    0.48 ^ _124_/Y (sky130_fd_sc_hd__nand2_1)
                                         _000_ (net)
                  0.10    0.00    0.49 ^ _125_/B (sky130_fd_sc_hd__xor2_1)
     1    0.00    0.03    0.07    0.55 v _125_/X (sky130_fd_sc_hd__xor2_1)
                                         sum_d[8] (net)
                  0.03    0.00    0.55 v _213_/D (sky130_fd_sc_hd__dfxtp_1)
                                  0.55   data arrival time

                  0.00    0.00    0.00   clock core_clock (rise edge)
                          0.00    0.00   clock network delay (ideal)
                          0.00    0.00   clock reconvergence pessimism
                                  0.00 ^ _213_/CLK (sky130_fd_sc_hd__dfxtp_1)
                         -0.06   -0.06   library hold time
                                 -0.06   data required time
-----------------------------------------------------------------------------
                                 -0.06   data required time
                                 -0.55   data arrival time
-----------------------------------------------------------------------------
                                  0.61   slack (MET)


Startpoint: _190_ (rising edge-triggered flip-flop clocked by core_clock)
Endpoint: _208_ (rising edge-triggered flip-flop clocked by core_clock)
Path Group: core_clock
Path Type: min

Fanout     Cap    Slew   Delay    Time   Description
-----------------------------------------------------------------------------
                  0.00    0.00    0.00   clock core_clock (rise edge)
                          0.00    0.00   clock network delay (ideal)
                  0.00    0.00    0.00 ^ _190_/CLK (sky130_fd_sc_hd__dfxtp_1)
     3    0.01    0.05    0.30    0.30 v _190_/Q (sky130_fd_sc_hd__dfxtp_1)
                                         b_q[2] (net)
                  0.05    0.00    0.30 v _086_/B (sky130_fd_sc_hd__nand2_1)
     2    0.01    0.06    0.08    0.38 ^ _086_/Y (sky130_fd_sc_hd__nand2_1)
                                         _043_ (net)
                  0.06    0.00    0.38 ^ _092_/B1 (sky130_fd_sc_hd__o21a_1)
     1    0.01    0.06    0.13    0.51 ^ _092_/X (sky130_fd_sc_hd__o21a_1)
                                         _048_ (net)
                  0.06    0.00    0.51 ^ _093_/B (sky130_fd_sc_hd__xnor2_1)
     1    0.00    0.03    0.05    0.56 v _093_/Y (sky130_fd_sc_hd__xnor2_1)
                                         sum_d[3] (net)
                  0.03    0.00    0.56 v _208_/D (sky130_fd_sc_hd__dfxtp_1)
                                  0.56   data arrival time

                  0.00    0.00    0.00   clock core_clock (rise edge)
                          0.00    0.00   clock network delay (ideal)
                          0.00    0.00   clock reconvergence pessimism
                                  0.00 ^ _208_/CLK (sky130_fd_sc_hd__dfxtp_1)
                         -0.06   -0.06   library hold time
                                 -0.06   data required time
-----------------------------------------------------------------------------
                                 -0.06   data required time
                                 -0.56   data arrival time
-----------------------------------------------------------------------------
                                  0.62   slack (MET)


Startpoint: _192_ (rising edge-triggered flip-flop clocked by core_clock)
Endpoint: _210_ (rising edge-triggered flip-flop clocked by core_clock)
Path Group: core_clock
Path Type: min

Fanout     Cap    Slew   Delay    Time   Description
-----------------------------------------------------------------------------
                  0.00    0.00    0.00   clock core_clock (rise edge)
                          0.00    0.00   clock network delay (ideal)
                  0.00    0.00    0.00 ^ _192_/CLK (sky130_fd_sc_hd__dfxtp_1)
     3    0.01    0.05    0.30    0.30 v _192_/Q (sky130_fd_sc_hd__dfxtp_1)
                                         b_q[4] (net)
                  0.05    0.00    0.30 v _095_/B (sky130_fd_sc_hd__nand2_1)
     2    0.00    0.06    0.08    0.37 ^ _095_/Y (sky130_fd_sc_hd__nand2_1)
                                         _050_ (net)
                  0.06    0.00    0.37 ^ _103_/B1 (sky130_fd_sc_hd__o21a_1)
     1    0.00    0.06    0.13    0.50 ^ _103_/X (sky130_fd_sc_hd__o21a_1)
                                         _057_ (net)
                  0.06    0.00    0.50 ^ _104_/B (sky130_fd_sc_hd__xnor2_1)
     1    0.00    0.03    0.06    0.56 v _104_/Y (sky130_fd_sc_hd__xnor2_1)
                                         sum_d[5] (net)
                  0.03    0.00    0.56 v _210_/D (sky130_fd_sc_hd__dfxtp_1)
                                  0.56   data arrival time

                  0.00    0.00    0.00   clock core_clock (rise edge)
                          0.00    0.00   clock network delay (ideal)
                          0.00    0.00   clock reconvergence pessimism
                                  0.00 ^ _210_/CLK (sky130_fd_sc_hd__dfxtp_1)
                         -0.06   -0.06   library hold time
                                 -0.06   data required time
-----------------------------------------------------------------------------
                                 -0.06   data required time
                                 -0.56   data arrival time
-----------------------------------------------------------------------------
                                  0.62   slack (MET)


Startpoint: _183_ (rising edge-triggered flip-flop clocked by core_clock)
Endpoint: _216_ (rising edge-triggered flip-flop clocked by core_clock)
Path Group: core_clock
Path Type: min

Fanout     Cap    Slew   Delay    Time   Description
-----------------------------------------------------------------------------
                  0.00    0.00    0.00   clock core_clock (rise edge)
                          0.00    0.00   clock network delay (ideal)
                  0.00    0.00    0.00 ^ _183_/CLK (sky130_fd_sc_hd__dfxtp_1)
     3    0.01    0.11    0.33    0.33 ^ _183_/Q (sky130_fd_sc_hd__dfxtp_1)
                                         a_q[11] (net)
                  0.11    0.00    0.33 ^ _135_/A (sky130_fd_sc_hd__xor2_1)
     2    0.01    0.05    0.10    0.43 v _135_/X (sky130_fd_sc_hd__xor2_1)
                                         _008_ (net)
                  0.05    0.00    0.43 v _139_/A (sky130_fd_sc_hd__xnor2_1)
     1    0.00    0.04    0.13    0.56 v _139_/Y (sky130_fd_sc_hd__xnor2_1)
                                         sum_d[11] (net)
                  0.04    0.00    0.56 v _216_/D (sky130_fd_sc_hd__dfxtp_1)
                                  0.56   data arrival time

                  0.00    0.00    0.00   clock core_clock (rise edge)
                          0.00    0.00   clock network delay (ideal)
                          0.00    0.00   clock reconvergence pessimism
                                  0.00 ^ _216_/CLK (sky130_fd_sc_hd__dfxtp_1)
                         -0.06   -0.06   library hold time
                                 -0.06   data required time
-----------------------------------------------------------------------------
                                 -0.06   data required time
                                 -0.56   data arrival time
-----------------------------------------------------------------------------
                                  0.63   slack (MET)


Startpoint: _186_ (rising edge-triggered flip-flop clocked by core_clock)
Endpoint: _170_ (rising edge-triggered flip-flop clocked by core_clock)
Path Group: core_clock
Path Type: min

Fanout     Cap    Slew   Delay    Time   Description
-----------------------------------------------------------------------------
                  0.00    0.00    0.00   clock core_clock (rise edge)
                          0.00    0.00   clock network delay (ideal)
                  0.00    0.00    0.00 ^ _186_/CLK (sky130_fd_sc_hd__dfxtp_1)
     2    0.00    0.03    0.28    0.28 v _186_/Q (sky130_fd_sc_hd__dfxtp_1)
                                         a_q[14] (net)
                  0.03    0.00    0.28 v _156_/A (sky130_fd_sc_hd__nand2_1)
     2    0.01    0.06    0.07    0.35 ^ _156_/Y (sky130_fd_sc_hd__nand2_1)
                                         _026_ (net)
                  0.06    0.00    0.35 ^ _164_/B1 (sky130_fd_sc_hd__o31a_1)
     2    0.01    0.09    0.16    0.51 ^ _164_/X (sky130_fd_sc_hd__o31a_1)
                                         _033_ (net)
                  0.09    0.00    0.51 ^ _165_/B (sky130_fd_sc_hd__xor2_1)
     1    0.00    0.03    0.07    0.58 v _165_/X (sky130_fd_sc_hd__xor2_1)
                                         sum_d[15] (net)
                  0.03    0.00    0.58 v _170_/D (sky130_fd_sc_hd__dfxtp_1)
                                  0.58   data arrival time

                  0.00    0.00    0.00   clock core_clock (rise edge)
                          0.00    0.00   clock network delay (ideal)
                          0.00    0.00   clock reconvergence pessimism
                                  0.00 ^ _170_/CLK (sky130_fd_sc_hd__dfxtp_1)
                         -0.06   -0.06   library hold time
                                 -0.06   data required time
-----------------------------------------------------------------------------
                                 -0.06   data required time
                                 -0.58   data arrival time
-----------------------------------------------------------------------------
                                  0.63   slack (MET)


Startpoint: _190_ (rising edge-triggered flip-flop clocked by core_clock)
Endpoint: _207_ (rising edge-triggered flip-flop clocked by core_clock)
Path Group: core_clock
Path Type: min

Fanout     Cap    Slew   Delay    Time   Description
-----------------------------------------------------------------------------
                  0.00    0.00    0.00   clock core_clock (rise edge)
                          0.00    0.00   clock network delay (ideal)
                  0.00    0.00    0.00 ^ _190_/CLK (sky130_fd_sc_hd__dfxtp_1)
     3    0.01    0.09    0.32    0.32 ^ _190_/Q (sky130_fd_sc_hd__dfxtp_1)
                                         b_q[2] (net)
                  0.09    0.00    0.32 ^ _086_/B (sky130_fd_sc_hd__nand2_1)
     2    0.01    0.05    0.07    0.39 v _086_/Y (sky130_fd_sc_hd__nand2_1)
                                         _043_ (net)
                  0.05    0.00    0.39 v _087_/B (sky130_fd_sc_hd__nand2_1)
     3    0.01    0.10    0.11    0.51 ^ _087_/Y (sky130_fd_sc_hd__nand2_1)
                                         _044_ (net)
                  0.10    0.00    0.51 ^ _088_/B (sky130_fd_sc_hd__xor2_1)
     1    0.00    0.04    0.08    0.58 v _088_/X (sky130_fd_sc_hd__xor2_1)
                                         sum_d[2] (net)
                  0.04    0.00    0.58 v _207_/D (sky130_fd_sc_hd__dfxtp_1)
                                  0.58   data arrival time

                  0.00    0.00    0.00   clock core_clock (rise edge)
                          0.00    0.00   clock network delay (ideal)
                          0.00    0.00   clock reconvergence pessimism
                                  0.00 ^ _207_/CLK (sky130_fd_sc_hd__dfxtp_1)
                         -0.06   -0.06   library hold time
                                 -0.06   data required time
-----------------------------------------------------------------------------
                                 -0.06   data required time
                                 -0.58   data arrival time
-----------------------------------------------------------------------------
                                  0.64   slack (MET)


Startpoint: _200_ (rising edge-triggered flip-flop clocked by core_clock)
Endpoint: _167_ (rising edge-triggered flip-flop clocked by core_clock)
Path Group: core_clock
Path Type: min

Fanout     Cap    Slew   Delay    Time   Description
-----------------------------------------------------------------------------
                  0.00    0.00    0.00   clock core_clock (rise edge)
                          0.00    0.00   clock network delay (ideal)
                  0.00    0.00    0.00 ^ _200_/CLK (sky130_fd_sc_hd__dfxtp_1)
     2    0.01    0.04    0.29    0.29 v _200_/Q (sky130_fd_sc_hd__dfxtp_1)
                                         b_q[12] (net)
                  0.04    0.00    0.29 v _147_/B (sky130_fd_sc_hd__nor2_1)
     1    0.00    0.08    0.08    0.37 ^ _147_/Y (sky130_fd_sc_hd__nor2_1)
                                         _019_ (net)
                  0.08    0.00    0.37 ^ _148_/B (sky130_fd_sc_hd__nor2_1)
     3    0.01    0.05    0.07    0.44 v _148_/Y (sky130_fd_sc_hd__nor2_1)
                                         _020_ (net)
                  0.05    0.00    0.44 v _149_/B (sky130_fd_sc_hd__xor2_1)
     1    0.00    0.13    0.15    0.59 ^ _149_/X (sky130_fd_sc_hd__xor2_1)
                                         sum_d[12] (net)
                  0.13    0.00    0.59 ^ _167_/D (sky130_fd_sc_hd__dfxtp_1)
                                  0.59   data arrival time

                  0.00    0.00    0.00   clock core_clock (rise edge)
                          0.00    0.00   clock network delay (ideal)
                          0.00    0.00   clock reconvergence pessimism
                                  0.00 ^ _167_/CLK (sky130_fd_sc_hd__dfxtp_1)
                         -0.05   -0.05   library hold time
                                 -0.05   data required time
-----------------------------------------------------------------------------
                                 -0.05   data required time
                                 -0.59   data arrival time
-----------------------------------------------------------------------------
                                  0.64   slack (MET)


Startpoint: _192_ (rising edge-triggered flip-flop clocked by core_clock)
Endpoint: _209_ (rising edge-triggered flip-flop clocked by core_clock)
Path Group: core_clock
Path Type: min

Fanout     Cap    Slew   Delay    Time   Description
-----------------------------------------------------------------------------
                  0.00    0.00    0.00   clock core_clock (rise edge)
                          0.00    0.00   clock network delay (ideal)
                  0.00    0.00    0.00 ^ _192_/CLK (sky130_fd_sc_hd__dfxtp_1)
     3    0.01    0.05    0.30    0.30 v _192_/Q (sky130_fd_sc_hd__dfxtp_1)
                                         b_q[4] (net)
                  0.05    0.00    0.30 v _095_/B (sky130_fd_sc_hd__nand2_1)
     2    0.00    0.06    0.08    0.37 ^ _095_/Y (sky130_fd_sc_hd__nand2_1)
                                         _050_ (net)
                  0.06    0.00    0.37 ^ _096_/B (sky130_fd_sc_hd__and2b_1)
     2    0.01    0.08    0.15    0.52 ^ _096_/X (sky130_fd_sc_hd__and2b_1)
                                         _051_ (net)
                  0.08    0.00    0.52 ^ _101_/A (sky130_fd_sc_hd__xnor2_1)
     1    0.00    0.04    0.07    0.59 v _101_/Y (sky130_fd_sc_hd__xnor2_1)
                                         sum_d[4] (net)
                  0.04    0.00    0.59 v _209_/D (sky130_fd_sc_hd__dfxtp_1)
                                  0.59   data arrival time

                  0.00    0.00    0.00   clock core_clock (rise edge)
                          0.00    0.00   clock network delay (ideal)
                          0.00    0.00   clock reconvergence pessimism
                                  0.00 ^ _209_/CLK (sky130_fd_sc_hd__dfxtp_1)
                         -0.06   -0.06   library hold time
                                 -0.06   data required time
-----------------------------------------------------------------------------
                                 -0.06   data required time
                                 -0.59   data arrival time
-----------------------------------------------------------------------------
                                  0.65   slack (MET)


Startpoint: _198_ (rising edge-triggered flip-flop clocked by core_clock)
Endpoint: _215_ (rising edge-triggered flip-flop clocked by core_clock)
Path Group: core_clock
Path Type: min

Fanout     Cap    Slew   Delay    Time   Description
-----------------------------------------------------------------------------
                  0.00    0.00    0.00   clock core_clock (rise edge)
                          0.00    0.00   clock network delay (ideal)
                  0.00    0.00    0.00 ^ _198_/CLK (sky130_fd_sc_hd__dfxtp_1)
     4    0.01    0.14    0.36    0.36 ^ _198_/Q (sky130_fd_sc_hd__dfxtp_1)
                                         b_q[10] (net)
                  0.14    0.00    0.36 ^ _129_/B (sky130_fd_sc_hd__xor2_1)
     2    0.01    0.05    0.11    0.47 v _129_/X (sky130_fd_sc_hd__xor2_1)
                                         _003_ (net)
                  0.05    0.00    0.47 v _134_/A (sky130_fd_sc_hd__xnor2_1)
     1    0.00    0.04    0.13    0.60 v _134_/Y (sky130_fd_sc_hd__xnor2_1)
                                         sum_d[10] (net)
                  0.04    0.00    0.60 v _215_/D (sky130_fd_sc_hd__dfxtp_1)
                                  0.60   data arrival time

                  0.00    0.00    0.00   clock core_clock (rise edge)
                          0.00    0.00   clock network delay (ideal)
                          0.00    0.00   clock reconvergence pessimism
                                  0.00 ^ _215_/CLK (sky130_fd_sc_hd__dfxtp_1)
                         -0.06   -0.06   library hold time
                                 -0.06   data required time
-----------------------------------------------------------------------------
                                 -0.06   data required time
                                 -0.60   data arrival time
-----------------------------------------------------------------------------
                                  0.66   slack (MET)


Startpoint: _194_ (rising edge-triggered flip-flop clocked by core_clock)
Endpoint: _211_ (rising edge-triggered flip-flop clocked by core_clock)
Path Group: core_clock
Path Type: min

Fanout     Cap    Slew   Delay    Time   Description
-----------------------------------------------------------------------------
                  0.00    0.00    0.00   clock core_clock (rise edge)
                          0.00    0.00   clock network delay (ideal)
                  0.00    0.00    0.00 ^ _194_/CLK (sky130_fd_sc_hd__dfxtp_1)
     3    0.01    0.09    0.32    0.32 ^ _194_/Q (sky130_fd_sc_hd__dfxtp_1)
                                         b_q[6] (net)
                  0.09    0.00    0.32 ^ _106_/B (sky130_fd_sc_hd__nor2_1)
     2    0.01    0.04    0.06    0.38 v _106_/Y (sky130_fd_sc_hd__nor2_1)
                                         _059_ (net)
                  0.04    0.00    0.38 v _107_/B (sky130_fd_sc_hd__nor2_1)
     2    0.01    0.16    0.14    0.52 ^ _107_/Y (sky130_fd_sc_hd__nor2_1)
                                         _060_ (net)
                  0.16    0.00    0.52 ^ _112_/A (sky130_fd_sc_hd__xnor2_1)
     1    0.00    0.04    0.09    0.61 v _112_/Y (sky130_fd_sc_hd__xnor2_1)
                                         sum_d[6] (net)
                  0.04    0.00    0.61 v _211_/D (sky130_fd_sc_hd__dfxtp_1)
                                  0.61   data arrival time

                  0.00    0.00    0.00   clock core_clock (rise edge)
                          0.00    0.00   clock network delay (ideal)
                          0.00    0.00   clock reconvergence pessimism
                                  0.00 ^ _211_/CLK (sky130_fd_sc_hd__dfxtp_1)
                         -0.06   -0.06   library hold time
                                 -0.06   data required time
-----------------------------------------------------------------------------
                                 -0.06   data required time
                                 -0.61   data arrival time
-----------------------------------------------------------------------------
                                  0.67   slack (MET)


Startpoint: _185_ (rising edge-triggered flip-flop clocked by core_clock)
Endpoint: _168_ (rising edge-triggered flip-flop clocked by core_clock)
Path Group: core_clock
Path Type: min

Fanout     Cap    Slew   Delay    Time   Description
-----------------------------------------------------------------------------
                  0.00    0.00    0.00   clock core_clock (rise edge)
                          0.00    0.00   clock network delay (ideal)
                  0.00    0.00    0.00 ^ _185_/CLK (sky130_fd_sc_hd__dfxtp_1)
     2    0.00    0.06    0.30    0.30 ^ _185_/Q (sky130_fd_sc_hd__dfxtp_1)
                                         a_q[13] (net)
                  0.06    0.00    0.30 ^ _151_/A (sky130_fd_sc_hd__and2_1)
     2    0.00    0.06    0.13    0.43 ^ _151_/X (sky130_fd_sc_hd__and2_1)
                                         _022_ (net)
                  0.06    0.00    0.43 ^ _152_/B (sky130_fd_sc_hd__or2_1)
     1    0.00    0.06    0.11    0.53 ^ _152_/X (sky130_fd_sc_hd__or2_1)
                                         _023_ (net)
                  0.06    0.00    0.53 ^ _154_/A (sky130_fd_sc_hd__xnor2_1)
     1    0.00    0.05    0.08    0.61 v _154_/Y (sky130_fd_sc_hd__xnor2_1)
                                         sum_d[13] (net)
                  0.05    0.00    0.61 v _168_/D (sky130_fd_sc_hd__dfxtp_1)
                                  0.61   data arrival time

                  0.00    0.00    0.00   clock core_clock (rise edge)
                          0.00    0.00   clock network delay (ideal)
                          0.00    0.00   clock reconvergence pessimism
                                  0.00 ^ _168_/CLK (sky130_fd_sc_hd__dfxtp_1)
                         -0.06   -0.06   library hold time
                                 -0.06   data required time
-----------------------------------------------------------------------------
                                 -0.06   data required time
                                 -0.61   data arrival time
-----------------------------------------------------------------------------
                                  0.68   slack (MET)



worst slack corner Typical: 0.4730
