
===========================================================================
report_checks -path_delay min (Hold)
============================================================================
======================= Typical Corner ===================================

Startpoint: _318_ (rising edge-triggered flip-flop clocked by core_clock)
Endpoint: _269_ (rising edge-triggered flip-flop clocked by core_clock)
Path Group: core_clock
Path Type: min

Fanout     Cap    Slew   Delay    Time   Description
-----------------------------------------------------------------------------
                  0.00    0.00    0.00   clock core_clock (rise edge)
                          0.00    0.00   clock network delay (ideal)
                  0.00    0.00    0.00 ^ _318_/CLK (sky130_fd_sc_hd__dfxtp_2)
     5    0.03    0.14    0.37    0.37 ^ _318_/Q (sky130_fd_sc_hd__dfxtp_2)
                                         x101.c (net)
                  0.14    0.00    0.37 ^ _128_/A1 (sky130_fd_sc_hd__a21oi_2)
     2    0.01    0.04    0.08    0.45 v _128_/Y (sky130_fd_sc_hd__a21oi_2)
                                         x63.S (net)
                  0.04    0.00    0.45 v _269_/D (sky130_fd_sc_hd__dfxtp_2)
                                  0.45   data arrival time

                  0.00    0.00    0.00   clock core_clock (rise edge)
                          0.00    0.00   clock network delay (ideal)
                          0.00    0.00   clock reconvergence pessimism
                                  0.00 ^ _269_/CLK (sky130_fd_sc_hd__dfxtp_2)
                         -0.05   -0.05   library hold time
                                 -0.05   data required time
-----------------------------------------------------------------------------
                                 -0.05   data required time
                                 -0.45   data arrival time
-----------------------------------------------------------------------------
                                  0.50   slack (MET)


Startpoint: _318_ (rising edge-triggered flip-flop clocked by core_clock)
Endpoint: _270_ (rising edge-triggered flip-flop clocked by core_clock)
Path Group: core_clock
Path Type: min

Fanout     Cap    Slew   Delay    Time   Description
-----------------------------------------------------------------------------
                  0.00    0.00    0.00   clock core_clock (rise edge)
                          0.00    0.00   clock network delay (ideal)
                  0.00    0.00    0.00 ^ _318_/CLK (sky130_fd_sc_hd__dfxtp_2)
     5    0.03    0.14    0.37    0.37 ^ _318_/Q (sky130_fd_sc_hd__dfxtp_2)
                                         x101.c (net)
                  0.14    0.00    0.37 ^ _134_/A1 (sky130_fd_sc_hd__o21ai_2)
     2    0.01    0.04    0.09    0.47 v _134_/Y (sky130_fd_sc_hd__o21ai_2)
                                         x64.S (net)
                  0.04    0.00    0.47 v _270_/D (sky130_fd_sc_hd__dfxtp_2)
                                  0.47   data arrival time

                  0.00    0.00    0.00   clock core_clock (rise edge)
                          0.00    0.00   clock network delay (ideal)
                          0.00    0.00   clock reconvergence pessimism
                                  0.00 ^ _270_/CLK (sky130_fd_sc_hd__dfxtp_2)
                         -0.06   -0.06   library hold time
                                 -0.06   data required time
-----------------------------------------------------------------------------
                                 -0.06   data required time
                                 -0.47   data arrival time
-----------------------------------------------------------------------------
                                  0.52   slack (MET)


Startpoint: _318_ (rising edge-triggered flip-flop clocked by core_clock)
Endpoint: _271_ (rising edge-triggered flip-flop clocked by core_clock)
Path Group: core_clock
Path Type: min

Fanout     Cap    Slew   Delay    Time   Description
-----------------------------------------------------------------------------
                  0.00    0.00    0.00   clock core_clock (rise edge)
                          0.00    0.00   clock network delay (ideal)
                  0.00    0.00    0.00 ^ _318_/CLK (sky130_fd_sc_hd__dfxtp_2)
     5    0.02    0.07    0.33    0.33 v _318_/Q (sky130_fd_sc_hd__dfxtp_2)
                                         x101.c (net)
                  0.07    0.00    0.33 v _135_/A (sky130_fd_sc_hd__inv_2)
     4    0.01    0.06    0.07    0.41 ^ _135_/Y (sky130_fd_sc_hd__inv_2)
                                         _090_ (net)
                  0.06    0.00    0.41 ^ _143_/A1 (sky130_fd_sc_hd__a21o_2)
     2    0.01    0.05    0.13    0.54 ^ _143_/X (sky130_fd_sc_hd__a21o_2)
                                         x65.S (net)
                  0.05    0.00    0.54 ^ _271_/D (sky130_fd_sc_hd__dfxtp_2)
                                  0.54   data arrival time

                  0.00    0.00    0.00   clock core_clock (rise edge)
                          0.00    0.00   clock network delay (ideal)
                          0.00    0.00   clock reconvergence pessimism
                                  0.00 ^ _271_/CLK (sky130_fd_sc_hd__dfxtp_2)
                         -0.04   -0.04   library hold time
                                 -0.04   data required time
-----------------------------------------------------------------------------
                                 -0.04   data required time
                                 -0.54   data arrival time
-----------------------------------------------------------------------------
                                  0.58   slack (MET)


Startpoint: _318_ (rising edge-triggered flip-flop clocked by core_clock)
Endpoint: _272_ (rising edge-triggered flip-flop clocked by core_clock)
Path Group: core_clock
Path Type: min

Fanout     Cap    Slew   Delay    Time   Description
-----------------------------------------------------------------------------
                  0.00    0.00    0.00   clock core_clock (rise edge)
                          0.00    0.00   clock network delay (ideal)
                  0.00    0.00    0.00 ^ _318_/CLK (sky130_fd_sc_hd__dfxtp_2)
     5    0.02    0.07    0.33    0.33 v _318_/Q (sky130_fd_sc_hd__dfxtp_2)
                                         x101.c (net)
                  0.07    0.00    0.33 v _135_/A (sky130_fd_sc_hd__inv_2)
     4    0.01    0.06    0.07    0.41 ^ _135_/Y (sky130_fd_sc_hd__inv_2)
                                         _090_ (net)
                  0.06    0.00    0.41 ^ _150_/A1 (sky130_fd_sc_hd__o31a_2)
     1    0.00    0.04    0.14    0.55 ^ _150_/X (sky130_fd_sc_hd__o31a_2)
                                         x66.S (net)
                  0.04    0.00    0.55 ^ _272_/D (sky130_fd_sc_hd__dfxtp_2)
                                  0.55   data arrival time

                  0.00    0.00    0.00   clock core_clock (rise edge)
                          0.00    0.00   clock network delay (ideal)
                          0.00    0.00   clock reconvergence pessimism
                                  0.00 ^ _272_/CLK (sky130_fd_sc_hd__dfxtp_2)
                         -0.04   -0.04   library hold time
                                 -0.04   data required time
-----------------------------------------------------------------------------
                                 -0.04   data required time
                                 -0.55   data arrival time
-----------------------------------------------------------------------------
                                  0.58   slack (MET)


Startpoint: _298_ (rising edge-triggered flip-flop clocked by core_clock)
Endpoint: _281_ (rising edge-triggered flip-flop clocked by core_clock)
Path Group: core_clock
Path Type: min

Fanout     Cap    Slew   Delay    Time   Description
-----------------------------------------------------------------------------
                  0.00    0.00    0.00   clock core_clock (rise edge)
                          0.00    0.00   clock network delay (ideal)
                  0.00    0.00    0.00 ^ _298_/CLK (sky130_fd_sc_hd__dfxtp_2)
     4    0.02    0.11    0.35    0.35 ^ _298_/Q (sky130_fd_sc_hd__dfxtp_2)
                                         x26.A (net)
                  0.11    0.00    0.35 ^ _233_/A2 (sky130_fd_sc_hd__o21ai_2)
     2    0.01    0.04    0.07    0.42 v _233_/Y (sky130_fd_sc_hd__o21ai_2)
                                         _052_ (net)
                  0.04    0.00    0.42 v _234_/B1 (sky130_fd_sc_hd__o21ai_2)
     2    0.01    0.05    0.06    0.48 ^ _234_/Y (sky130_fd_sc_hd__o21ai_2)
                                         _053_ (net)
                  0.05    0.00    0.48 ^ _235_/C1 (sky130_fd_sc_hd__a221o_2)
     1    0.00    0.03    0.10    0.58 ^ _235_/X (sky130_fd_sc_hd__a221o_2)
                                         x75.S (net)
                  0.03    0.00    0.58 ^ _281_/D (sky130_fd_sc_hd__dfxtp_2)
                                  0.58   data arrival time

                  0.00    0.00    0.00   clock core_clock (rise edge)
                          0.00    0.00   clock network delay (ideal)
                          0.00    0.00   clock reconvergence pessimism
                                  0.00 ^ _281_/CLK (sky130_fd_sc_hd__dfxtp_2)
                         -0.03   -0.03   library hold time
                                 -0.03   data required time
-----------------------------------------------------------------------------
                                 -0.03   data required time
                                 -0.58   data arrival time
-----------------------------------------------------------------------------
                                  0.61   slack (MET)


Startpoint: _296_ (rising edge-triggered flip-flop clocked by core_clock)
Endpoint: _279_ (rising edge-triggered flip-flop clocked by core_clock)
Path Group: core_clock
Path Type: min

Fanout     Cap    Slew   Delay    Time   Description
-----------------------------------------------------------------------------
                  0.00    0.00    0.00   clock core_clock (rise edge)
                          0.00    0.00   clock network delay (ideal)
                  0.00    0.00    0.00 ^ _296_/CLK (sky130_fd_sc_hd__dfxtp_2)
     4    0.02    0.11    0.35    0.35 ^ _296_/Q (sky130_fd_sc_hd__dfxtp_2)
                                         x22.A (net)
                  0.11    0.00    0.35 ^ _216_/A2 (sky130_fd_sc_hd__o21ai_2)
     2    0.01    0.05    0.08    0.43 v _216_/Y (sky130_fd_sc_hd__o21ai_2)
                                         _037_ (net)
                  0.05    0.00    0.43 v _217_/B1 (sky130_fd_sc_hd__o21ai_2)
     2    0.01    0.06    0.06    0.50 ^ _217_/Y (sky130_fd_sc_hd__o21ai_2)
                                         _038_ (net)
                  0.06    0.00    0.50 ^ _218_/B1 (sky130_fd_sc_hd__a21o_2)
     1    0.00    0.03    0.09    0.58 ^ _218_/X (sky130_fd_sc_hd__a21o_2)
                                         x73.S (net)
                  0.03    0.00    0.58 ^ _279_/D (sky130_fd_sc_hd__dfxtp_2)
                                  0.58   data arrival time

                  0.00    0.00    0.00   clock core_clock (rise edge)
                          0.00    0.00   clock network delay (ideal)
                          0.00    0.00   clock reconvergence pessimism
                                  0.00 ^ _279_/CLK (sky130_fd_sc_hd__dfxtp_2)
                         -0.03   -0.03   library hold time
                                 -0.03   data required time
-----------------------------------------------------------------------------
                                 -0.03   data required time
                                 -0.58   data arrival time
-----------------------------------------------------------------------------
                                  0.62   slack (MET)


Startpoint: _318_ (rising edge-triggered flip-flop clocked by core_clock)
Endpoint: _274_ (rising edge-triggered flip-flop clocked by core_clock)
Path Group: core_clock
Path Type: min

Fanout     Cap    Slew   Delay    Time   Description
-----------------------------------------------------------------------------
                  0.00    0.00    0.00   clock core_clock (rise edge)
                          0.00    0.00   clock network delay (ideal)
                  0.00    0.00    0.00 ^ _318_/CLK (sky130_fd_sc_hd__dfxtp_2)
     5    0.02    0.07    0.33    0.33 v _318_/Q (sky130_fd_sc_hd__dfxtp_2)
                                         x101.c (net)
                  0.07    0.00    0.33 v _167_/A1 (sky130_fd_sc_hd__o21bai_2)
     1    0.00    0.04    0.13    0.47 ^ _167_/Y (sky130_fd_sc_hd__o21bai_2)
                                         _119_ (net)
                  0.04    0.00    0.47 ^ _170_/A2 (sky130_fd_sc_hd__a21o_2)
     2    0.01    0.05    0.13    0.60 ^ _170_/X (sky130_fd_sc_hd__a21o_2)
                                         x68.S (net)
                  0.05    0.00    0.60 ^ _274_/D (sky130_fd_sc_hd__dfxtp_2)
                                  0.60   data arrival time

                  0.00    0.00    0.00   clock core_clock (rise edge)
                          0.00    0.00   clock network delay (ideal)
                          0.00    0.00   clock reconvergence pessimism
                                  0.00 ^ _274_/CLK (sky130_fd_sc_hd__dfxtp_2)
                         -0.04   -0.04   library hold time
                                 -0.04   data required time
-----------------------------------------------------------------------------
                                 -0.04   data required time
                                 -0.60   data arrival time
-----------------------------------------------------------------------------
                                  0.63   slack (MET)


Startpoint: _300_ (rising edge-triggered flip-flop clocked by core_clock)
Endpoint: _283_ (rising edge-triggered flip-flop clocked by core_clock)
Path Group: core_clock
Path Type: min

Fanout     Cap    Slew   Delay    Time   Description
-----------------------------------------------------------------------------
                  0.00    0.00    0.00   clock core_clock (rise edge)
                          0.00    0.00   clock network delay (ideal)
                  0.00    0.00    0.00 ^ _300_/CLK (sky130_fd_sc_hd__dfxtp_2)
     3    0.01    0.06    0.31    0.31 ^ _300_/Q (sky130_fd_sc_hd__dfxtp_2)
                                         x30.A (net)
                  0.06    0.00    0.31 ^ _250_/B (sky130_fd_sc_hd__or2_2)
     1    0.00    0.03    0.10    0.41 ^ _250_/X (sky130_fd_sc_hd__or2_2)
                                         _067_ (net)
                  0.03    0.00    0.41 ^ _251_/A2 (sky130_fd_sc_hd__a21o_2)
     1    0.00    0.03    0.11    0.52 ^ _251_/X (sky130_fd_sc_hd__a21o_2)
                                         _068_ (net)
                  0.03    0.00    0.52 ^ _254_/B1 (sky130_fd_sc_hd__a211o_2)
     1    0.01    0.04    0.09    0.61 ^ _254_/X (sky130_fd_sc_hd__a211o_2)
                                         x77.S (net)
                  0.04    0.00    0.61 ^ _283_/D (sky130_fd_sc_hd__dfxtp_2)
                                  0.61   data arrival time

                  0.00    0.00    0.00   clock core_clock (rise edge)
                          0.00    0.00   clock network delay (ideal)
                          0.00    0.00   clock reconvergence pessimism
                                  0.00 ^ _283_/CLK (sky130_fd_sc_hd__dfxtp_2)
                         -0.04   -0.04   library hold time
                                 -0.04   data required time
-----------------------------------------------------------------------------
                                 -0.04   data required time
                                 -0.61   data arrival time
-----------------------------------------------------------------------------
                                  0.65   slack (MET)


Startpoint: _297_ (rising edge-triggered flip-flop clocked by core_clock)
Endpoint: _280_ (rising edge-triggered flip-flop clocked by core_clock)
Path Group: core_clock
Path Type: min

Fanout     Cap    Slew   Delay    Time   Description
-----------------------------------------------------------------------------
                  0.00    0.00    0.00   clock core_clock (rise edge)
                          0.00    0.00   clock network delay (ideal)
                  0.00    0.00    0.00 ^ _297_/CLK (sky130_fd_sc_hd__dfxtp_2)
     4    0.01    0.04    0.31    0.31 v _297_/Q (sky130_fd_sc_hd__dfxtp_2)
                                         x24.A (net)
                  0.04    0.00    0.31 v _219_/B (sky130_fd_sc_hd__nor2_2)
     2    0.00    0.07    0.07    0.38 ^ _219_/Y (sky130_fd_sc_hd__nor2_2)
                                         _039_ (net)
                  0.07    0.00    0.38 ^ _221_/B (sky130_fd_sc_hd__or3_2)
     4    0.02    0.10    0.17    0.55 ^ _221_/X (sky130_fd_sc_hd__or3_2)
                                         _041_ (net)
                  0.10    0.00    0.55 ^ _227_/A2 (sky130_fd_sc_hd__o31ai_2)
     1    0.00    0.03    0.07    0.62 v _227_/Y (sky130_fd_sc_hd__o31ai_2)
                                         x74.S (net)
                  0.03    0.00    0.62 v _280_/D (sky130_fd_sc_hd__dfxtp_2)
                                  0.62   data arrival time

                  0.00    0.00    0.00   clock core_clock (rise edge)
                          0.00    0.00   clock network delay (ideal)
                          0.00    0.00   clock reconvergence pessimism
                                  0.00 ^ _280_/CLK (sky130_fd_sc_hd__dfxtp_2)
                         -0.05   -0.05   library hold time
                                 -0.05   data required time
-----------------------------------------------------------------------------
                                 -0.05   data required time
                                 -0.62   data arrival time
-----------------------------------------------------------------------------
                                  0.66   slack (MET)


Startpoint: _289_ (rising edge-triggered flip-flop clocked by core_clock)
Endpoint: _275_ (rising edge-triggered flip-flop clocked by core_clock)
Path Group: core_clock
Path Type: min

Fanout     Cap    Slew   Delay    Time   Description
-----------------------------------------------------------------------------
                  0.00    0.00    0.00   clock core_clock (rise edge)
                          0.00    0.00   clock network delay (ideal)
                  0.00    0.00    0.00 ^ _289_/CLK (sky130_fd_sc_hd__dfxtp_2)
     4    0.02    0.13    0.37    0.37 ^ _289_/Q (sky130_fd_sc_hd__dfxtp_2)
                                         x8.A (net)
                  0.13    0.00    0.37 ^ _147_/A2 (sky130_fd_sc_hd__o21ai_2)
     2    0.01    0.05    0.08    0.45 v _147_/Y (sky130_fd_sc_hd__o21ai_2)
                                         _101_ (net)
                  0.05    0.00    0.45 v _148_/B1 (sky130_fd_sc_hd__o21ai_2)
     3    0.01    0.06    0.07    0.52 ^ _148_/Y (sky130_fd_sc_hd__o21ai_2)
                                         _102_ (net)
                  0.06    0.00    0.52 ^ _180_/A1 (sky130_fd_sc_hd__a21o_2)
     2    0.01    0.05    0.13    0.65 ^ _180_/X (sky130_fd_sc_hd__a21o_2)
                                         x69.S (net)
                  0.05    0.00    0.65 ^ _275_/D (sky130_fd_sc_hd__dfxtp_2)
                                  0.65   data arrival time

                  0.00    0.00    0.00   clock core_clock (rise edge)
                          0.00    0.00   clock network delay (ideal)
                          0.00    0.00   clock reconvergence pessimism
                                  0.00 ^ _275_/CLK (sky130_fd_sc_hd__dfxtp_2)
                         -0.04   -0.04   library hold time
                                 -0.04   data required time
-----------------------------------------------------------------------------
                                 -0.04   data required time
                                 -0.65   data arrival time
-----------------------------------------------------------------------------
                                  0.69   slack (MET)


Startpoint: _318_ (rising edge-triggered flip-flop clocked by core_clock)
Endpoint: _278_ (rising edge-triggered flip-flop clocked by core_clock)
Path Group: core_clock
Path Type: min

Fanout     Cap    Slew   Delay    Time   Description
-----------------------------------------------------------------------------
                  0.00    0.00    0.00   clock core_clock (rise edge)
                          0.00    0.00   clock network delay (ideal)
                  0.00    0.00    0.00 ^ _318_/CLK (sky130_fd_sc_hd__dfxtp_2)
     5    0.02    0.07    0.33    0.33 v _318_/Q (sky130_fd_sc_hd__dfxtp_2)
                                         x101.c (net)
                  0.07    0.00    0.33 v _134_/A1 (sky130_fd_sc_hd__o21ai_2)
     2    0.01    0.07    0.18    0.51 ^ _134_/Y (sky130_fd_sc_hd__o21ai_2)
                                         x64.S (net)
                  0.07    0.00    0.51 ^ _205_/A1 (sky130_fd_sc_hd__a21oi_2)
     1    0.00    0.03    0.05    0.56 v _205_/Y (sky130_fd_sc_hd__a21oi_2)
                                         _027_ (net)
                  0.03    0.00    0.56 v _209_/A2 (sky130_fd_sc_hd__o21bai_2)
     1    0.00    0.04    0.09    0.66 ^ _209_/Y (sky130_fd_sc_hd__o21bai_2)
                                         x72.S (net)
                  0.04    0.00    0.66 ^ _278_/D (sky130_fd_sc_hd__dfxtp_2)
                                  0.66   data arrival time

                  0.00    0.00    0.00   clock core_clock (rise edge)
                          0.00    0.00   clock network delay (ideal)
                          0.00    0.00   clock reconvergence pessimism
                                  0.00 ^ _278_/CLK (sky130_fd_sc_hd__dfxtp_2)
                         -0.04   -0.04   library hold time
                                 -0.04   data required time
-----------------------------------------------------------------------------
                                 -0.04   data required time
                                 -0.66   data arrival time
-----------------------------------------------------------------------------
                                  0.69   slack (MET)


Startpoint: _298_ (rising edge-triggered flip-flop clocked by core_clock)
Endpoint: _282_ (rising edge-triggered flip-flop clocked by core_clock)
Path Group: core_clock
Path Type: min

Fanout     Cap    Slew   Delay    Time   Description
-----------------------------------------------------------------------------
                  0.00    0.00    0.00   clock core_clock (rise edge)
                          0.00    0.00   clock network delay (ideal)
                  0.00    0.00    0.00 ^ _298_/CLK (sky130_fd_sc_hd__dfxtp_2)
     4    0.02    0.11    0.35    0.35 ^ _298_/Q (sky130_fd_sc_hd__dfxtp_2)
                                         x26.A (net)
                  0.11    0.00    0.35 ^ _242_/A2 (sky130_fd_sc_hd__a31o_2)
     2    0.01    0.05    0.18    0.53 ^ _242_/X (sky130_fd_sc_hd__a31o_2)
                                         _060_ (net)
                  0.05    0.00    0.53 ^ _243_/B1 (sky130_fd_sc_hd__a21o_2)
     1    0.00    0.03    0.08    0.61 ^ _243_/X (sky130_fd_sc_hd__a21o_2)
                                         _061_ (net)
                  0.03    0.00    0.61 ^ _244_/B1 (sky130_fd_sc_hd__a41o_2)
     1    0.00    0.04    0.08    0.69 ^ _244_/X (sky130_fd_sc_hd__a41o_2)
                                         x76.S (net)
                  0.04    0.00    0.69 ^ _282_/D (sky130_fd_sc_hd__dfxtp_2)
                                  0.69   data arrival time

                  0.00    0.00    0.00   clock core_clock (rise edge)
                          0.00    0.00   clock network delay (ideal)
                          0.00    0.00   clock reconvergence pessimism
                                  0.00 ^ _282_/CLK (sky130_fd_sc_hd__dfxtp_2)
                         -0.04   -0.04   library hold time
                                 -0.04   data required time
-----------------------------------------------------------------------------
                                 -0.04   data required time
                                 -0.69   data arrival time
-----------------------------------------------------------------------------
                                  0.73   slack (MET)


Startpoint: _301_ (rising edge-triggered flip-flop clocked by core_clock)
Endpoint: _284_ (rising edge-triggered flip-flop clocked by core_clock)
Path Group: core_clock
Path Type: min

Fanout     Cap    Slew   Delay    Time   Description
-----------------------------------------------------------------------------
                  0.00    0.00    0.00   clock core_clock (rise edge)
                          0.00    0.00   clock network delay (ideal)
                  0.00    0.00    0.00 ^ _301_/CLK (sky130_fd_sc_hd__dfxtp_2)
     2    0.01    0.05    0.31    0.31 ^ _301_/Q (sky130_fd_sc_hd__dfxtp_2)
                                         x32.A (net)
                  0.05    0.00    0.31 ^ _255_/B (sky130_fd_sc_hd__or2_2)
     2    0.00    0.04    0.10    0.41 ^ _255_/X (sky130_fd_sc_hd__or2_2)
                                         _071_ (net)
                  0.04    0.00    0.41 ^ _263_/A2 (sky130_fd_sc_hd__a21o_2)
     1    0.01    0.04    0.12    0.53 ^ _263_/X (sky130_fd_sc_hd__a21o_2)
                                         _079_ (net)
                  0.04    0.00    0.53 ^ _265_/B1 (sky130_fd_sc_hd__a211o_2)
     2    0.01    0.04    0.10    0.62 ^ _265_/X (sky130_fd_sc_hd__a211o_2)
                                         _081_ (net)
                  0.04    0.00    0.62 ^ _268_/B1 (sky130_fd_sc_hd__a21o_2)
     1    0.00    0.02    0.07    0.70 ^ _268_/X (sky130_fd_sc_hd__a21o_2)
                                         x78.S (net)
                  0.02    0.00    0.70 ^ _284_/D (sky130_fd_sc_hd__dfxtp_2)
                                  0.70   data arrival time

                  0.00    0.00    0.00   clock core_clock (rise edge)
                          0.00    0.00   clock network delay (ideal)
                          0.00    0.00   clock reconvergence pessimism
                                  0.00 ^ _284_/CLK (sky130_fd_sc_hd__dfxtp_2)
                         -0.03   -0.03   library hold time
                                 -0.03   data required time
-----------------------------------------------------------------------------
                                 -0.03   data required time
                                 -0.70   data arrival time
-----------------------------------------------------------------------------
                                  0.73   slack (MET)


Startpoint: _318_ (rising edge-triggered flip-flop clocked by core_clock)
Endpoint: _276_ (rising edge-triggered flip-flop clocked by core_clock)
Path Group: core_clock
Path Type: min

Fanout     Cap    Slew   Delay    Time   Description
-----------------------------------------------------------------------------
                  0.00    0.00    0.00   clock core_clock (rise edge)
                          0.00    0.00   clock network delay (ideal)
                  0.00    0.00    0.00 ^ _318_/CLK (sky130_fd_sc_hd__dfxtp_2)
     5    0.02    0.07    0.33    0.33 v _318_/Q (sky130_fd_sc_hd__dfxtp_2)
                                         x101.c (net)
                  0.07    0.00    0.33 v _135_/A (sky130_fd_sc_hd__inv_2)
     4    0.01    0.06    0.07    0.41 ^ _135_/Y (sky130_fd_sc_hd__inv_2)
                                         _090_ (net)
                  0.06    0.00    0.41 ^ _181_/B2 (sky130_fd_sc_hd__o221a_2)
     2    0.00    0.05    0.18    0.59 ^ _181_/X (sky130_fd_sc_hd__o221a_2)
                                         _005_ (net)
                  0.05    0.00    0.59 ^ _191_/A1 (sky130_fd_sc_hd__a21o_2)
     1    0.00    0.03    0.11    0.70 ^ _191_/X (sky130_fd_sc_hd__a21o_2)
                                         x70.S (net)
                  0.03    0.00    0.70 ^ _276_/D (sky130_fd_sc_hd__dfxtp_2)
                                  0.70   data arrival time

                  0.00    0.00    0.00   clock core_clock (rise edge)
                          0.00    0.00   clock network delay (ideal)
                          0.00    0.00   clock reconvergence pessimism
                                  0.00 ^ _276_/CLK (sky130_fd_sc_hd__dfxtp_2)
                         -0.03   -0.03   library hold time
                                 -0.03   data required time
-----------------------------------------------------------------------------
                                 -0.03   data required time
                                 -0.70   data arrival time
-----------------------------------------------------------------------------
                                  0.73   slack (MET)


Startpoint: _301_ (rising edge-triggered flip-flop clocked by core_clock)
Endpoint: _285_ (rising edge-triggered flip-flop clocked by core_clock)
Path Group: core_clock
Path Type: min

Fanout     Cap    Slew   Delay    Time   Description
-----------------------------------------------------------------------------
                  0.00    0.00    0.00   clock core_clock (rise edge)
                          0.00    0.00   clock network delay (ideal)
                  0.00    0.00    0.00 ^ _301_/CLK (sky130_fd_sc_hd__dfxtp_2)
     2    0.01    0.05    0.31    0.31 ^ _301_/Q (sky130_fd_sc_hd__dfxtp_2)
                                         x32.A (net)
                  0.05    0.00    0.31 ^ _255_/B (sky130_fd_sc_hd__or2_2)
     2    0.00    0.04    0.10    0.41 ^ _255_/X (sky130_fd_sc_hd__or2_2)
                                         _071_ (net)
                  0.04    0.00    0.41 ^ _263_/A2 (sky130_fd_sc_hd__a21o_2)
     1    0.01    0.04    0.12    0.53 ^ _263_/X (sky130_fd_sc_hd__a21o_2)
                                         _079_ (net)
                  0.04    0.00    0.53 ^ _265_/B1 (sky130_fd_sc_hd__a211o_2)
     2    0.01    0.04    0.10    0.62 ^ _265_/X (sky130_fd_sc_hd__a211o_2)
                                         _081_ (net)
                  0.04    0.00    0.62 ^ _266_/B1 (sky130_fd_sc_hd__a21o_2)
     1    0.00    0.03    0.08    0.70 ^ _266_/X (sky130_fd_sc_hd__a21o_2)
                                         x113.C (net)
                  0.03    0.00    0.70 ^ _285_/D (sky130_fd_sc_hd__dfxtp_2)
                                  0.70   data arrival time

                  0.00    0.00    0.00   clock core_clock (rise edge)
                          0.00    0.00   clock network delay (ideal)
                          0.00    0.00   clock reconvergence pessimism
                                  0.00 ^ _285_/CLK (sky130_fd_sc_hd__dfxtp_2)
                         -0.03   -0.03   library hold time
                                 -0.03   data required time
-----------------------------------------------------------------------------
                                 -0.03   data required time
                                 -0.70   data arrival time
-----------------------------------------------------------------------------
                                  0.73   slack (MET)


Startpoint: _318_ (rising edge-triggered flip-flop clocked by core_clock)
Endpoint: _277_ (rising edge-triggered flip-flop clocked by core_clock)
Path Group: core_clock
Path Type: min

Fanout     Cap    Slew   Delay    Time   Description
-----------------------------------------------------------------------------
                  0.00    0.00    0.00   clock core_clock (rise edge)
                          0.00    0.00   clock network delay (ideal)
                  0.00    0.00    0.00 ^ _318_/CLK (sky130_fd_sc_hd__dfxtp_2)
     5    0.02    0.07    0.33    0.33 v _318_/Q (sky130_fd_sc_hd__dfxtp_2)
                                         x101.c (net)
                  0.07    0.00    0.33 v _128_/A1 (sky130_fd_sc_hd__a21oi_2)
     2    0.01    0.11    0.14    0.48 ^ _128_/Y (sky130_fd_sc_hd__a21oi_2)
                                         x63.S (net)
                  0.11    0.00    0.48 ^ _197_/A1 (sky130_fd_sc_hd__a21o_2)
     1    0.00    0.03    0.13    0.61 ^ _197_/X (sky130_fd_sc_hd__a21o_2)
                                         _020_ (net)
                  0.03    0.00    0.61 ^ _200_/A2 (sky130_fd_sc_hd__a21o_2)
     1    0.00    0.03    0.11    0.72 ^ _200_/X (sky130_fd_sc_hd__a21o_2)
                                         x71.S (net)
                  0.03    0.00    0.72 ^ _277_/D (sky130_fd_sc_hd__dfxtp_2)
                                  0.72   data arrival time

                  0.00    0.00    0.00   clock core_clock (rise edge)
                          0.00    0.00   clock network delay (ideal)
                          0.00    0.00   clock reconvergence pessimism
                                  0.00 ^ _277_/CLK (sky130_fd_sc_hd__dfxtp_2)
                         -0.03   -0.03   library hold time
                                 -0.03   data required time
-----------------------------------------------------------------------------
                                 -0.03   data required time
                                 -0.72   data arrival time
-----------------------------------------------------------------------------
                                  0.75   slack (MET)


Startpoint: _318_ (rising edge-triggered flip-flop clocked by core_clock)
Endpoint: _273_ (rising edge-triggered flip-flop clocked by core_clock)
Path Group: core_clock
Path Type: min

Fanout     Cap    Slew   Delay    Time   Description
-----------------------------------------------------------------------------
                  0.00    0.00    0.00   clock core_clock (rise edge)
                          0.00    0.00   clock network delay (ideal)
                  0.00    0.00    0.00 ^ _318_/CLK (sky130_fd_sc_hd__dfxtp_2)
     5    0.02    0.07    0.33    0.33 v _318_/Q (sky130_fd_sc_hd__dfxtp_2)
                                         x101.c (net)
                  0.07    0.00    0.33 v _135_/A (sky130_fd_sc_hd__inv_2)
     4    0.01    0.06    0.07    0.41 ^ _135_/Y (sky130_fd_sc_hd__inv_2)
                                         _090_ (net)
                  0.06    0.00    0.41 ^ _155_/A1 (sky130_fd_sc_hd__o21a_2)
     2    0.01    0.04    0.14    0.55 ^ _155_/X (sky130_fd_sc_hd__o21a_2)
                                         _108_ (net)
                  0.04    0.00    0.55 ^ _161_/A2 (sky130_fd_sc_hd__a21bo_2)
     1    0.00    0.03    0.11    0.66 ^ _161_/X (sky130_fd_sc_hd__a21bo_2)
                                         _114_ (net)
                  0.03    0.00    0.66 ^ _162_/A (sky130_fd_sc_hd__buf_1)
     2    0.01    0.07    0.10    0.76 ^ _162_/X (sky130_fd_sc_hd__buf_1)
                                         x67.S (net)
                  0.07    0.00    0.76 ^ _273_/D (sky130_fd_sc_hd__dfxtp_2)
                                  0.76   data arrival time

                  0.00    0.00    0.00   clock core_clock (rise edge)
                          0.00    0.00   clock network delay (ideal)
                          0.00    0.00   clock reconvergence pessimism
                                  0.00 ^ _273_/CLK (sky130_fd_sc_hd__dfxtp_2)
                         -0.04   -0.04   library hold time
                                 -0.04   data required time
-----------------------------------------------------------------------------
                                 -0.04   data required time
                                 -0.76   data arrival time
-----------------------------------------------------------------------------
                                  0.80   slack (MET)



worst slack corner Typical: 0.5045
