
===========================================================================
report_checks -path_delay max (Setup)
============================================================================
======================= Typical Corner ===================================

Startpoint: _172_ (rising edge-triggered flip-flop clocked by core_clock)
Endpoint: _170_ (rising edge-triggered flip-flop clocked by core_clock)
Path Group: core_clock
Path Type: max

Fanout     Cap    Slew   Delay    Time   Description
-----------------------------------------------------------------------------
                  0.00    0.00    0.00   clock core_clock (rise edge)
                          0.00    0.00   clock network delay (ideal)
                  0.00    0.00    0.00 ^ _172_/CLK (sky130_fd_sc_hd__dfxtp_2)
     2    0.01    0.05    0.30    0.30 ^ _172_/Q (sky130_fd_sc_hd__dfxtp_2)
                                         a_q[0] (net)
                  0.05    0.00    0.30 ^ _075_/A (sky130_fd_sc_hd__or2_2)
     2    0.01    0.05    0.11    0.42 ^ _075_/X (sky130_fd_sc_hd__or2_2)
                                         _034_ (net)
                  0.05    0.00    0.42 ^ _079_/A2 (sky130_fd_sc_hd__a21bo_2)
     2    0.01    0.09    0.16    0.58 ^ _079_/X (sky130_fd_sc_hd__a21bo_2)
                                         _037_ (net)
                  0.09    0.00    0.58 ^ _084_/A1 (sky130_fd_sc_hd__a21boi_2)
     3    0.01    0.07    0.08    0.67 v _084_/Y (sky130_fd_sc_hd__a21boi_2)
                                         _041_ (net)
                  0.07    0.00    0.67 v _100_/A1 (sky130_fd_sc_hd__o31a_2)
     4    0.02    0.08    0.39    1.06 v _100_/X (sky130_fd_sc_hd__o31a_2)
                                         _055_ (net)
                  0.08    0.00    1.06 v _121_/A1 (sky130_fd_sc_hd__o31a_2)
     4    0.02    0.09    0.41    1.47 v _121_/X (sky130_fd_sc_hd__o31a_2)
                                         _072_ (net)
                  0.09    0.00    1.47 v _145_/A1 (sky130_fd_sc_hd__o31ai_2)
     3    0.02    0.41    0.42    1.89 ^ _145_/Y (sky130_fd_sc_hd__o31ai_2)
                                         _017_ (net)
                  0.41    0.00    1.89 ^ _158_/A1 (sky130_fd_sc_hd__a211oi_2)
     2    0.01    0.11    0.14    2.03 v _158_/Y (sky130_fd_sc_hd__a211oi_2)
                                         _028_ (net)
                  0.11    0.00    2.03 v _164_/A3 (sky130_fd_sc_hd__o31a_2)
     2    0.01    0.08    0.34    2.38 v _164_/X (sky130_fd_sc_hd__o31a_2)
                                         _033_ (net)
                  0.08    0.00    2.38 v _165_/B (sky130_fd_sc_hd__xor2_2)
     1    0.00    0.04    0.14    2.52 v _165_/X (sky130_fd_sc_hd__xor2_2)
                                         sum_d[15] (net)
                  0.04    0.00    2.52 v _170_/D (sky130_fd_sc_hd__dfxtp_2)
                                  2.52   data arrival time

                  0.00    5.00    5.00   clock core_clock (rise edge)
                          0.00    5.00   clock network delay (ideal)
                          0.00    5.00   clock reconvergence pessimism
                                  5.00 ^ _170_/CLK (sky130_fd_sc_hd__dfxtp_2)
                         -0.12    4.88   library setup time
                                  4.88   data required time
-----------------------------------------------------------------------------
                                  4.88   data required time
                                 -2.52   data arrival time
-----------------------------------------------------------------------------
                                  2.36   slack (MET)


Startpoint: _172_ (rising edge-triggered flip-flop clocked by core_clock)
Endpoint: _171_ (rising edge-triggered flip-flop clocked by core_clock)
Path Group: core_clock
Path Type: max

Fanout     Cap    Slew   Delay    Time   Description
-----------------------------------------------------------------------------
                  0.00    0.00    0.00   clock core_clock (rise edge)
                          0.00    0.00   clock network delay (ideal)
                  0.00    0.00    0.00 ^ _172_/CLK (sky130_fd_sc_hd__dfxtp_2)
     2    0.01    0.05    0.30    0.30 ^ _172_/Q (sky130_fd_sc_hd__dfxtp_2)
                                         a_q[0] (net)
                  0.05    0.00    0.30 ^ _075_/A (sky130_fd_sc_hd__or2_2)
     2    0.01    0.05    0.11    0.42 ^ _075_/X (sky130_fd_sc_hd__or2_2)
                                         _034_ (net)
                  0.05    0.00    0.42 ^ _079_/A2 (sky130_fd_sc_hd__a21bo_2)
     2    0.01    0.09    0.16    0.58 ^ _079_/X (sky130_fd_sc_hd__a21bo_2)
                                         _037_ (net)
                  0.09    0.00    0.58 ^ _084_/A1 (sky130_fd_sc_hd__a21boi_2)
     3    0.01    0.07    0.08    0.67 v _084_/Y (sky130_fd_sc_hd__a21boi_2)
                                         _041_ (net)
                  0.07    0.00    0.67 v _100_/A1 (sky130_fd_sc_hd__o31a_2)
     4    0.02    0.08    0.39    1.06 v _100_/X (sky130_fd_sc_hd__o31a_2)
                                         _055_ (net)
                  0.08    0.00    1.06 v _121_/A1 (sky130_fd_sc_hd__o31a_2)
     4    0.02    0.09    0.41    1.47 v _121_/X (sky130_fd_sc_hd__o31a_2)
                                         _072_ (net)
                  0.09    0.00    1.47 v _145_/A1 (sky130_fd_sc_hd__o31ai_2)
     3    0.02    0.41    0.42    1.89 ^ _145_/Y (sky130_fd_sc_hd__o31ai_2)
                                         _017_ (net)
                  0.41    0.00    1.89 ^ _158_/A1 (sky130_fd_sc_hd__a211oi_2)
     2    0.01    0.11    0.14    2.03 v _158_/Y (sky130_fd_sc_hd__a211oi_2)
                                         _028_ (net)
                  0.11    0.00    2.03 v _164_/A3 (sky130_fd_sc_hd__o31a_2)
     2    0.01    0.08    0.34    2.38 v _164_/X (sky130_fd_sc_hd__o31a_2)
                                         _033_ (net)
                  0.08    0.00    2.38 v _166_/A2 (sky130_fd_sc_hd__o21ai_2)
     1    0.00    0.10    0.13    2.50 ^ _166_/Y (sky130_fd_sc_hd__o21ai_2)
                                         sum_d[16] (net)
                  0.10    0.00    2.50 ^ _171_/D (sky130_fd_sc_hd__dfxtp_2)
                                  2.50   data arrival time

                  0.00    5.00    5.00   clock core_clock (rise edge)
                          0.00    5.00   clock network delay (ideal)
                          0.00    5.00   clock reconvergence pessimism
                                  5.00 ^ _171_/CLK (sky130_fd_sc_hd__dfxtp_2)
                         -0.08    4.92   library setup time
                                  4.92   data required time
-----------------------------------------------------------------------------
                                  4.92   data required time
                                 -2.50   data arrival time
-----------------------------------------------------------------------------
                                  2.42   slack (MET)


Startpoint: _172_ (rising edge-triggered flip-flop clocked by core_clock)
Endpoint: _169_ (rising edge-triggered flip-flop clocked by core_clock)
Path Group: core_clock
Path Type: max

Fanout     Cap    Slew   Delay    Time   Description
-----------------------------------------------------------------------------
                  0.00    0.00    0.00   clock core_clock (rise edge)
                          0.00    0.00   clock network delay (ideal)
                  0.00    0.00    0.00 ^ _172_/CLK (sky130_fd_sc_hd__dfxtp_2)
     2    0.01    0.05    0.30    0.30 ^ _172_/Q (sky130_fd_sc_hd__dfxtp_2)
                                         a_q[0] (net)
                  0.05    0.00    0.30 ^ _075_/A (sky130_fd_sc_hd__or2_2)
     2    0.01    0.05    0.11    0.42 ^ _075_/X (sky130_fd_sc_hd__or2_2)
                                         _034_ (net)
                  0.05    0.00    0.42 ^ _079_/A2 (sky130_fd_sc_hd__a21bo_2)
     2    0.01    0.09    0.16    0.58 ^ _079_/X (sky130_fd_sc_hd__a21bo_2)
                                         _037_ (net)
                  0.09    0.00    0.58 ^ _084_/A1 (sky130_fd_sc_hd__a21boi_2)
     3    0.01    0.07    0.08    0.67 v _084_/Y (sky130_fd_sc_hd__a21boi_2)
                                         _041_ (net)
                  0.07    0.00    0.67 v _100_/A1 (sky130_fd_sc_hd__o31a_2)
     4    0.02    0.08    0.39    1.06 v _100_/X (sky130_fd_sc_hd__o31a_2)
                                         _055_ (net)
                  0.08    0.00    1.06 v _121_/A1 (sky130_fd_sc_hd__o31a_2)
     4    0.02    0.09    0.41    1.47 v _121_/X (sky130_fd_sc_hd__o31a_2)
                                         _072_ (net)
                  0.09    0.00    1.47 v _145_/A1 (sky130_fd_sc_hd__o31ai_2)
     3    0.02    0.41    0.42    1.89 ^ _145_/Y (sky130_fd_sc_hd__o31ai_2)
                                         _017_ (net)
                  0.41    0.00    1.89 ^ _158_/A1 (sky130_fd_sc_hd__a211oi_2)
     2    0.01    0.11    0.14    2.03 v _158_/Y (sky130_fd_sc_hd__a211oi_2)
                                         _028_ (net)
                  0.11    0.00    2.03 v _159_/B (sky130_fd_sc_hd__nor2_2)
     1    0.01    0.12    0.14    2.17 ^ _159_/Y (sky130_fd_sc_hd__nor2_2)
                                         _029_ (net)
                  0.12    0.00    2.17 ^ _160_/B (sky130_fd_sc_hd__xnor2_2)
     1    0.01    0.13    0.12    2.30 ^ _160_/Y (sky130_fd_sc_hd__xnor2_2)
                                         sum_d[14] (net)
                  0.13    0.00    2.30 ^ _169_/D (sky130_fd_sc_hd__dfxtp_2)
                                  2.30   data arrival time

                  0.00    5.00    5.00   clock core_clock (rise edge)
                          0.00    5.00   clock network delay (ideal)
                          0.00    5.00   clock reconvergence pessimism
                                  5.00 ^ _169_/CLK (sky130_fd_sc_hd__dfxtp_2)
                         -0.09    4.91   library setup time
                                  4.91   data required time
-----------------------------------------------------------------------------
                                  4.91   data required time
                                 -2.30   data arrival time
-----------------------------------------------------------------------------
                                  2.61   slack (MET)


Startpoint: _172_ (rising edge-triggered flip-flop clocked by core_clock)
Endpoint: _168_ (rising edge-triggered flip-flop clocked by core_clock)
Path Group: core_clock
Path Type: max

Fanout     Cap    Slew   Delay    Time   Description
-----------------------------------------------------------------------------
                  0.00    0.00    0.00   clock core_clock (rise edge)
                          0.00    0.00   clock network delay (ideal)
                  0.00    0.00    0.00 ^ _172_/CLK (sky130_fd_sc_hd__dfxtp_2)
     2    0.01    0.05    0.30    0.30 ^ _172_/Q (sky130_fd_sc_hd__dfxtp_2)
                                         a_q[0] (net)
                  0.05    0.00    0.30 ^ _075_/A (sky130_fd_sc_hd__or2_2)
     2    0.01    0.05    0.11    0.42 ^ _075_/X (sky130_fd_sc_hd__or2_2)
                                         _034_ (net)
                  0.05    0.00    0.42 ^ _079_/A2 (sky130_fd_sc_hd__a21bo_2)
     2    0.01    0.09    0.16    0.58 ^ _079_/X (sky130_fd_sc_hd__a21bo_2)
                                         _037_ (net)
                  0.09    0.00    0.58 ^ _084_/A1 (sky130_fd_sc_hd__a21boi_2)
     3    0.01    0.07    0.08    0.67 v _084_/Y (sky130_fd_sc_hd__a21boi_2)
                                         _041_ (net)
                  0.07    0.00    0.67 v _100_/A1 (sky130_fd_sc_hd__o31a_2)
     4    0.02    0.08    0.39    1.06 v _100_/X (sky130_fd_sc_hd__o31a_2)
                                         _055_ (net)
                  0.08    0.00    1.06 v _121_/A1 (sky130_fd_sc_hd__o31a_2)
     4    0.02    0.09    0.41    1.47 v _121_/X (sky130_fd_sc_hd__o31a_2)
                                         _072_ (net)
                  0.09    0.00    1.47 v _145_/A1 (sky130_fd_sc_hd__o31ai_2)
     3    0.02    0.41    0.42    1.89 ^ _145_/Y (sky130_fd_sc_hd__o31ai_2)
                                         _017_ (net)
                  0.41    0.00    1.89 ^ _153_/A1 (sky130_fd_sc_hd__a21o_2)
     1    0.01    0.06    0.21    2.10 ^ _153_/X (sky130_fd_sc_hd__a21o_2)
                                         _024_ (net)
                  0.06    0.00    2.10 ^ _154_/B (sky130_fd_sc_hd__xnor2_2)
     1    0.01    0.13    0.11    2.21 ^ _154_/Y (sky130_fd_sc_hd__xnor2_2)
                                         sum_d[13] (net)
                  0.13    0.00    2.21 ^ _168_/D (sky130_fd_sc_hd__dfxtp_2)
                                  2.21   data arrival time

                  0.00    5.00    5.00   clock core_clock (rise edge)
                          0.00    5.00   clock network delay (ideal)
                          0.00    5.00   clock reconvergence pessimism
                                  5.00 ^ _168_/CLK (sky130_fd_sc_hd__dfxtp_2)
                         -0.09    4.91   library setup time
                                  4.91   data required time
-----------------------------------------------------------------------------
                                  4.91   data required time
                                 -2.21   data arrival time
-----------------------------------------------------------------------------
                                  2.71   slack (MET)


Startpoint: _172_ (rising edge-triggered flip-flop clocked by core_clock)
Endpoint: _216_ (rising edge-triggered flip-flop clocked by core_clock)
Path Group: core_clock
Path Type: max

Fanout     Cap    Slew   Delay    Time   Description
-----------------------------------------------------------------------------
                  0.00    0.00    0.00   clock core_clock (rise edge)
                          0.00    0.00   clock network delay (ideal)
                  0.00    0.00    0.00 ^ _172_/CLK (sky130_fd_sc_hd__dfxtp_2)
     2    0.01    0.05    0.30    0.30 ^ _172_/Q (sky130_fd_sc_hd__dfxtp_2)
                                         a_q[0] (net)
                  0.05    0.00    0.30 ^ _075_/A (sky130_fd_sc_hd__or2_2)
     2    0.01    0.05    0.11    0.42 ^ _075_/X (sky130_fd_sc_hd__or2_2)
                                         _034_ (net)
                  0.05    0.00    0.42 ^ _079_/A2 (sky130_fd_sc_hd__a21bo_2)
     2    0.01    0.09    0.16    0.58 ^ _079_/X (sky130_fd_sc_hd__a21bo_2)
                                         _037_ (net)
                  0.09    0.00    0.58 ^ _084_/A1 (sky130_fd_sc_hd__a21boi_2)
     3    0.01    0.07    0.08    0.67 v _084_/Y (sky130_fd_sc_hd__a21boi_2)
                                         _041_ (net)
                  0.07    0.00    0.67 v _100_/A1 (sky130_fd_sc_hd__o31a_2)
     4    0.02    0.08    0.39    1.06 v _100_/X (sky130_fd_sc_hd__o31a_2)
                                         _055_ (net)
                  0.08    0.00    1.06 v _121_/A1 (sky130_fd_sc_hd__o31a_2)
     4    0.02    0.09    0.41    1.47 v _121_/X (sky130_fd_sc_hd__o31a_2)
                                         _072_ (net)
                  0.09    0.00    1.47 v _133_/A1 (sky130_fd_sc_hd__o21a_2)
     2    0.01    0.05    0.25    1.72 v _133_/X (sky130_fd_sc_hd__o21a_2)
                                         _007_ (net)
                  0.05    0.00    1.72 v _138_/A2 (sky130_fd_sc_hd__o21a_2)
     1    0.01    0.05    0.21    1.93 v _138_/X (sky130_fd_sc_hd__o21a_2)
                                         _011_ (net)
                  0.05    0.00    1.93 v _139_/B (sky130_fd_sc_hd__xnor2_2)
     1    0.00    0.06    0.13    2.05 v _139_/Y (sky130_fd_sc_hd__xnor2_2)
                                         sum_d[11] (net)
                  0.06    0.00    2.05 v _216_/D (sky130_fd_sc_hd__dfxtp_2)
                                  2.05   data arrival time

                  0.00    5.00    5.00   clock core_clock (rise edge)
                          0.00    5.00   clock network delay (ideal)
                          0.00    5.00   clock reconvergence pessimism
                                  5.00 ^ _216_/CLK (sky130_fd_sc_hd__dfxtp_2)
                         -0.13    4.87   library setup time
                                  4.87   data required time
-----------------------------------------------------------------------------
                                  4.87   data required time
                                 -2.05   data arrival time
-----------------------------------------------------------------------------
                                  2.82   slack (MET)


Startpoint: _172_ (rising edge-triggered flip-flop clocked by core_clock)
Endpoint: _167_ (rising edge-triggered flip-flop clocked by core_clock)
Path Group: core_clock
Path Type: max

Fanout     Cap    Slew   Delay    Time   Description
-----------------------------------------------------------------------------
                  0.00    0.00    0.00   clock core_clock (rise edge)
                          0.00    0.00   clock network delay (ideal)
                  0.00    0.00    0.00 ^ _172_/CLK (sky130_fd_sc_hd__dfxtp_2)
     2    0.01    0.05    0.30    0.30 ^ _172_/Q (sky130_fd_sc_hd__dfxtp_2)
                                         a_q[0] (net)
                  0.05    0.00    0.30 ^ _075_/A (sky130_fd_sc_hd__or2_2)
     2    0.01    0.05    0.11    0.42 ^ _075_/X (sky130_fd_sc_hd__or2_2)
                                         _034_ (net)
                  0.05    0.00    0.42 ^ _079_/A2 (sky130_fd_sc_hd__a21bo_2)
     2    0.01    0.09    0.16    0.58 ^ _079_/X (sky130_fd_sc_hd__a21bo_2)
                                         _037_ (net)
                  0.09    0.00    0.58 ^ _084_/A1 (sky130_fd_sc_hd__a21boi_2)
     3    0.01    0.07    0.08    0.67 v _084_/Y (sky130_fd_sc_hd__a21boi_2)
                                         _041_ (net)
                  0.07    0.00    0.67 v _100_/A1 (sky130_fd_sc_hd__o31a_2)
     4    0.02    0.08    0.39    1.06 v _100_/X (sky130_fd_sc_hd__o31a_2)
                                         _055_ (net)
                  0.08    0.00    1.06 v _121_/A1 (sky130_fd_sc_hd__o31a_2)
     4    0.02    0.09    0.41    1.47 v _121_/X (sky130_fd_sc_hd__o31a_2)
                                         _072_ (net)
                  0.09    0.00    1.47 v _145_/A1 (sky130_fd_sc_hd__o31ai_2)
     3    0.02    0.41    0.42    1.89 ^ _145_/Y (sky130_fd_sc_hd__o31ai_2)
                                         _017_ (net)
                  0.41    0.00    1.89 ^ _149_/A (sky130_fd_sc_hd__xor2_2)
     1    0.01    0.09    0.13    2.02 v _149_/X (sky130_fd_sc_hd__xor2_2)
                                         sum_d[12] (net)
                  0.09    0.00    2.02 v _167_/D (sky130_fd_sc_hd__dfxtp_2)
                                  2.02   data arrival time

                  0.00    5.00    5.00   clock core_clock (rise edge)
                          0.00    5.00   clock network delay (ideal)
                          0.00    5.00   clock reconvergence pessimism
                                  5.00 ^ _167_/CLK (sky130_fd_sc_hd__dfxtp_2)
                         -0.14    4.86   library setup time
                                  4.86   data required time
-----------------------------------------------------------------------------
                                  4.86   data required time
                                 -2.02   data arrival time
-----------------------------------------------------------------------------
                                  2.84   slack (MET)


Startpoint: _172_ (rising edge-triggered flip-flop clocked by core_clock)
Endpoint: _215_ (rising edge-triggered flip-flop clocked by core_clock)
Path Group: core_clock
Path Type: max

Fanout     Cap    Slew   Delay    Time   Description
-----------------------------------------------------------------------------
                  0.00    0.00    0.00   clock core_clock (rise edge)
                          0.00    0.00   clock network delay (ideal)
                  0.00    0.00    0.00 ^ _172_/CLK (sky130_fd_sc_hd__dfxtp_2)
     2    0.01    0.05    0.30    0.30 ^ _172_/Q (sky130_fd_sc_hd__dfxtp_2)
                                         a_q[0] (net)
                  0.05    0.00    0.30 ^ _075_/A (sky130_fd_sc_hd__or2_2)
     2    0.01    0.05    0.11    0.42 ^ _075_/X (sky130_fd_sc_hd__or2_2)
                                         _034_ (net)
                  0.05    0.00    0.42 ^ _079_/A2 (sky130_fd_sc_hd__a21bo_2)
     2    0.01    0.09    0.16    0.58 ^ _079_/X (sky130_fd_sc_hd__a21bo_2)
                                         _037_ (net)
                  0.09    0.00    0.58 ^ _084_/A1 (sky130_fd_sc_hd__a21boi_2)
     3    0.01    0.07    0.08    0.67 v _084_/Y (sky130_fd_sc_hd__a21boi_2)
                                         _041_ (net)
                  0.07    0.00    0.67 v _100_/A1 (sky130_fd_sc_hd__o31a_2)
     4    0.02    0.08    0.39    1.06 v _100_/X (sky130_fd_sc_hd__o31a_2)
                                         _055_ (net)
                  0.08    0.00    1.06 v _121_/A1 (sky130_fd_sc_hd__o31a_2)
     4    0.02    0.09    0.41    1.47 v _121_/X (sky130_fd_sc_hd__o31a_2)
                                         _072_ (net)
                  0.09    0.00    1.47 v _133_/A1 (sky130_fd_sc_hd__o21a_2)
     2    0.01    0.05    0.25    1.72 v _133_/X (sky130_fd_sc_hd__o21a_2)
                                         _007_ (net)
                  0.05    0.00    1.72 v _134_/B (sky130_fd_sc_hd__xnor2_2)
     1    0.00    0.06    0.13    1.85 v _134_/Y (sky130_fd_sc_hd__xnor2_2)
                                         sum_d[10] (net)
                  0.06    0.00    1.85 v _215_/D (sky130_fd_sc_hd__dfxtp_2)
                                  1.85   data arrival time

                  0.00    5.00    5.00   clock core_clock (rise edge)
                          0.00    5.00   clock network delay (ideal)
                          0.00    5.00   clock reconvergence pessimism
                                  5.00 ^ _215_/CLK (sky130_fd_sc_hd__dfxtp_2)
                         -0.13    4.87   library setup time
                                  4.87   data required time
-----------------------------------------------------------------------------
                                  4.87   data required time
                                 -1.85   data arrival time
-----------------------------------------------------------------------------
                                  3.03   slack (MET)


Startpoint: _172_ (rising edge-triggered flip-flop clocked by core_clock)
Endpoint: _214_ (rising edge-triggered flip-flop clocked by core_clock)
Path Group: core_clock
Path Type: max

Fanout     Cap    Slew   Delay    Time   Description
-----------------------------------------------------------------------------
                  0.00    0.00    0.00   clock core_clock (rise edge)
                          0.00    0.00   clock network delay (ideal)
                  0.00    0.00    0.00 ^ _172_/CLK (sky130_fd_sc_hd__dfxtp_2)
     2    0.01    0.05    0.30    0.30 ^ _172_/Q (sky130_fd_sc_hd__dfxtp_2)
                                         a_q[0] (net)
                  0.05    0.00    0.30 ^ _075_/A (sky130_fd_sc_hd__or2_2)
     2    0.01    0.05    0.11    0.42 ^ _075_/X (sky130_fd_sc_hd__or2_2)
                                         _034_ (net)
                  0.05    0.00    0.42 ^ _079_/A2 (sky130_fd_sc_hd__a21bo_2)
     2    0.01    0.09    0.16    0.58 ^ _079_/X (sky130_fd_sc_hd__a21bo_2)
                                         _037_ (net)
                  0.09    0.00    0.58 ^ _084_/A1 (sky130_fd_sc_hd__a21boi_2)
     3    0.01    0.07    0.08    0.67 v _084_/Y (sky130_fd_sc_hd__a21boi_2)
                                         _041_ (net)
                  0.07    0.00    0.67 v _100_/A1 (sky130_fd_sc_hd__o31a_2)
     4    0.02    0.08    0.39    1.06 v _100_/X (sky130_fd_sc_hd__o31a_2)
                                         _055_ (net)
                  0.08    0.00    1.06 v _121_/A1 (sky130_fd_sc_hd__o31a_2)
     4    0.02    0.09    0.41    1.47 v _121_/X (sky130_fd_sc_hd__o31a_2)
                                         _072_ (net)
                  0.09    0.00    1.47 v _127_/A1 (sky130_fd_sc_hd__o21a_2)
     1    0.01    0.05    0.24    1.71 v _127_/X (sky130_fd_sc_hd__o21a_2)
                                         _002_ (net)
                  0.05    0.00    1.71 v _128_/B (sky130_fd_sc_hd__xnor2_2)
     1    0.00    0.05    0.12    1.83 v _128_/Y (sky130_fd_sc_hd__xnor2_2)
                                         sum_d[9] (net)
                  0.05    0.00    1.83 v _214_/D (sky130_fd_sc_hd__dfxtp_2)
                                  1.83   data arrival time

                  0.00    5.00    5.00   clock core_clock (rise edge)
                          0.00    5.00   clock network delay (ideal)
                          0.00    5.00   clock reconvergence pessimism
                                  5.00 ^ _214_/CLK (sky130_fd_sc_hd__dfxtp_2)
                         -0.13    4.87   library setup time
                                  4.87   data required time
-----------------------------------------------------------------------------
                                  4.87   data required time
                                 -1.83   data arrival time
-----------------------------------------------------------------------------
                                  3.04   slack (MET)


Startpoint: _172_ (rising edge-triggered flip-flop clocked by core_clock)
Endpoint: _212_ (rising edge-triggered flip-flop clocked by core_clock)
Path Group: core_clock
Path Type: max

Fanout     Cap    Slew   Delay    Time   Description
-----------------------------------------------------------------------------
                  0.00    0.00    0.00   clock core_clock (rise edge)
                          0.00    0.00   clock network delay (ideal)
                  0.00    0.00    0.00 ^ _172_/CLK (sky130_fd_sc_hd__dfxtp_2)
     2    0.01    0.03    0.30    0.30 v _172_/Q (sky130_fd_sc_hd__dfxtp_2)
                                         a_q[0] (net)
                  0.03    0.00    0.30 v _075_/A (sky130_fd_sc_hd__or2_2)
     2    0.01    0.07    0.30    0.60 v _075_/X (sky130_fd_sc_hd__or2_2)
                                         _034_ (net)
                  0.07    0.00    0.60 v _079_/A2 (sky130_fd_sc_hd__a21bo_2)
     2    0.01    0.06    0.25    0.85 v _079_/X (sky130_fd_sc_hd__a21bo_2)
                                         _037_ (net)
                  0.06    0.00    0.85 v _084_/A1 (sky130_fd_sc_hd__a21boi_2)
     3    0.02    0.20    0.21    1.06 ^ _084_/Y (sky130_fd_sc_hd__a21boi_2)
                                         _041_ (net)
                  0.20    0.00    1.06 ^ _100_/A1 (sky130_fd_sc_hd__o31a_2)
     4    0.02    0.11    0.23    1.29 ^ _100_/X (sky130_fd_sc_hd__o31a_2)
                                         _055_ (net)
                  0.11    0.00    1.29 ^ _111_/A1 (sky130_fd_sc_hd__o21a_2)
     2    0.01    0.07    0.17    1.47 ^ _111_/X (sky130_fd_sc_hd__o21a_2)
                                         _064_ (net)
                  0.07    0.00    1.47 ^ _117_/A2 (sky130_fd_sc_hd__o21a_2)
     1    0.01    0.06    0.14    1.61 ^ _117_/X (sky130_fd_sc_hd__o21a_2)
                                         _069_ (net)
                  0.06    0.00    1.61 ^ _118_/B (sky130_fd_sc_hd__xnor2_2)
     1    0.00    0.04    0.05    1.66 v _118_/Y (sky130_fd_sc_hd__xnor2_2)
                                         sum_d[7] (net)
                  0.04    0.00    1.66 v _212_/D (sky130_fd_sc_hd__dfxtp_2)
                                  1.66   data arrival time

                  0.00    5.00    5.00   clock core_clock (rise edge)
                          0.00    5.00   clock network delay (ideal)
                          0.00    5.00   clock reconvergence pessimism
                                  5.00 ^ _212_/CLK (sky130_fd_sc_hd__dfxtp_2)
                         -0.12    4.88   library setup time
                                  4.88   data required time
-----------------------------------------------------------------------------
                                  4.88   data required time
                                 -1.66   data arrival time
-----------------------------------------------------------------------------
                                  3.22   slack (MET)


Startpoint: _172_ (rising edge-triggered flip-flop clocked by core_clock)
Endpoint: _213_ (rising edge-triggered flip-flop clocked by core_clock)
Path Group: core_clock
Path Type: max

Fanout     Cap    Slew   Delay    Time   Description
-----------------------------------------------------------------------------
                  0.00    0.00    0.00   clock core_clock (rise edge)
                          0.00    0.00   clock network delay (ideal)
                  0.00    0.00    0.00 ^ _172_/CLK (sky130_fd_sc_hd__dfxtp_2)
     2    0.01    0.05    0.30    0.30 ^ _172_/Q (sky130_fd_sc_hd__dfxtp_2)
                                         a_q[0] (net)
                  0.05    0.00    0.30 ^ _075_/A (sky130_fd_sc_hd__or2_2)
     2    0.01    0.05    0.11    0.42 ^ _075_/X (sky130_fd_sc_hd__or2_2)
                                         _034_ (net)
                  0.05    0.00    0.42 ^ _079_/A2 (sky130_fd_sc_hd__a21bo_2)
     2    0.01    0.09    0.16    0.58 ^ _079_/X (sky130_fd_sc_hd__a21bo_2)
                                         _037_ (net)
                  0.09    0.00    0.58 ^ _084_/A1 (sky130_fd_sc_hd__a21boi_2)
     3    0.01    0.07    0.08    0.67 v _084_/Y (sky130_fd_sc_hd__a21boi_2)
                                         _041_ (net)
                  0.07    0.00    0.67 v _100_/A1 (sky130_fd_sc_hd__o31a_2)
     4    0.02    0.08    0.39    1.06 v _100_/X (sky130_fd_sc_hd__o31a_2)
                                         _055_ (net)
                  0.08    0.00    1.06 v _121_/A1 (sky130_fd_sc_hd__o31a_2)
     4    0.02    0.09    0.41    1.47 v _121_/X (sky130_fd_sc_hd__o31a_2)
                                         _072_ (net)
                  0.09    0.00    1.47 v _125_/A (sky130_fd_sc_hd__xor2_2)
     1    0.00    0.04    0.18    1.65 v _125_/X (sky130_fd_sc_hd__xor2_2)
                                         sum_d[8] (net)
                  0.04    0.00    1.65 v _213_/D (sky130_fd_sc_hd__dfxtp_2)
                                  1.65   data arrival time

                  0.00    5.00    5.00   clock core_clock (rise edge)
                          0.00    5.00   clock network delay (ideal)
                          0.00    5.00   clock reconvergence pessimism
                                  5.00 ^ _213_/CLK (sky130_fd_sc_hd__dfxtp_2)
                         -0.12    4.88   library setup time
                                  4.88   data required time
-----------------------------------------------------------------------------
                                  4.88   data required time
                                 -1.65   data arrival time
-----------------------------------------------------------------------------
                                  3.23   slack (MET)


Startpoint: _172_ (rising edge-triggered flip-flop clocked by core_clock)
Endpoint: _211_ (rising edge-triggered flip-flop clocked by core_clock)
Path Group: core_clock
Path Type: max

Fanout     Cap    Slew   Delay    Time   Description
-----------------------------------------------------------------------------
                  0.00    0.00    0.00   clock core_clock (rise edge)
                          0.00    0.00   clock network delay (ideal)
                  0.00    0.00    0.00 ^ _172_/CLK (sky130_fd_sc_hd__dfxtp_2)
     2    0.01    0.03    0.30    0.30 v _172_/Q (sky130_fd_sc_hd__dfxtp_2)
                                         a_q[0] (net)
                  0.03    0.00    0.30 v _075_/A (sky130_fd_sc_hd__or2_2)
     2    0.01    0.07    0.30    0.60 v _075_/X (sky130_fd_sc_hd__or2_2)
                                         _034_ (net)
                  0.07    0.00    0.60 v _079_/A2 (sky130_fd_sc_hd__a21bo_2)
     2    0.01    0.06    0.25    0.85 v _079_/X (sky130_fd_sc_hd__a21bo_2)
                                         _037_ (net)
                  0.06    0.00    0.85 v _084_/A1 (sky130_fd_sc_hd__a21boi_2)
     3    0.02    0.20    0.21    1.06 ^ _084_/Y (sky130_fd_sc_hd__a21boi_2)
                                         _041_ (net)
                  0.20    0.00    1.06 ^ _100_/A1 (sky130_fd_sc_hd__o31a_2)
     4    0.02    0.11    0.23    1.29 ^ _100_/X (sky130_fd_sc_hd__o31a_2)
                                         _055_ (net)
                  0.11    0.00    1.29 ^ _111_/A1 (sky130_fd_sc_hd__o21a_2)
     2    0.01    0.07    0.17    1.47 ^ _111_/X (sky130_fd_sc_hd__o21a_2)
                                         _064_ (net)
                  0.07    0.00    1.47 ^ _112_/B (sky130_fd_sc_hd__xnor2_2)
     1    0.00    0.05    0.06    1.53 v _112_/Y (sky130_fd_sc_hd__xnor2_2)
                                         sum_d[6] (net)
                  0.05    0.00    1.53 v _211_/D (sky130_fd_sc_hd__dfxtp_2)
                                  1.53   data arrival time

                  0.00    5.00    5.00   clock core_clock (rise edge)
                          0.00    5.00   clock network delay (ideal)
                          0.00    5.00   clock reconvergence pessimism
                                  5.00 ^ _211_/CLK (sky130_fd_sc_hd__dfxtp_2)
                         -0.13    4.87   library setup time
                                  4.87   data required time
-----------------------------------------------------------------------------
                                  4.87   data required time
                                 -1.53   data arrival time
-----------------------------------------------------------------------------
                                  3.34   slack (MET)


Startpoint: _172_ (rising edge-triggered flip-flop clocked by core_clock)
Endpoint: _210_ (rising edge-triggered flip-flop clocked by core_clock)
Path Group: core_clock
Path Type: max

Fanout     Cap    Slew   Delay    Time   Description
-----------------------------------------------------------------------------
                  0.00    0.00    0.00   clock core_clock (rise edge)
                          0.00    0.00   clock network delay (ideal)
                  0.00    0.00    0.00 ^ _172_/CLK (sky130_fd_sc_hd__dfxtp_2)
     2    0.01    0.03    0.30    0.30 v _172_/Q (sky130_fd_sc_hd__dfxtp_2)
                                         a_q[0] (net)
                  0.03    0.00    0.30 v _075_/A (sky130_fd_sc_hd__or2_2)
     2    0.01    0.07    0.30    0.60 v _075_/X (sky130_fd_sc_hd__or2_2)
                                         _034_ (net)
                  0.07    0.00    0.60 v _079_/A2 (sky130_fd_sc_hd__a21bo_2)
     2    0.01    0.06    0.25    0.85 v _079_/X (sky130_fd_sc_hd__a21bo_2)
                                         _037_ (net)
                  0.06    0.00    0.85 v _084_/A1 (sky130_fd_sc_hd__a21boi_2)
     3    0.02    0.20    0.21    1.06 ^ _084_/Y (sky130_fd_sc_hd__a21boi_2)
                                         _041_ (net)
                  0.20    0.00    1.06 ^ _100_/A1 (sky130_fd_sc_hd__o31a_2)
     4    0.02    0.11    0.23    1.29 ^ _100_/X (sky130_fd_sc_hd__o31a_2)
                                         _055_ (net)
                  0.11    0.00    1.29 ^ _103_/A2 (sky130_fd_sc_hd__o21a_2)
     1    0.01    0.06    0.15    1.44 ^ _103_/X (sky130_fd_sc_hd__o21a_2)
                                         _057_ (net)
                  0.06    0.00    1.44 ^ _104_/B (sky130_fd_sc_hd__xnor2_2)
     1    0.00    0.05    0.05    1.49 v _104_/Y (sky130_fd_sc_hd__xnor2_2)
                                         sum_d[5] (net)
                  0.05    0.00    1.49 v _210_/D (sky130_fd_sc_hd__dfxtp_2)
                                  1.49   data arrival time

                  0.00    5.00    5.00   clock core_clock (rise edge)
                          0.00    5.00   clock network delay (ideal)
                          0.00    5.00   clock reconvergence pessimism
                                  5.00 ^ _210_/CLK (sky130_fd_sc_hd__dfxtp_2)
                         -0.13    4.87   library setup time
                                  4.87   data required time
-----------------------------------------------------------------------------
                                  4.87   data required time
                                 -1.49   data arrival time
-----------------------------------------------------------------------------
                                  3.38   slack (MET)


Startpoint: _172_ (rising edge-triggered flip-flop clocked by core_clock)
Endpoint: _209_ (rising edge-triggered flip-flop clocked by core_clock)
Path Group: core_clock
Path Type: max

Fanout     Cap    Slew   Delay    Time   Description
-----------------------------------------------------------------------------
                  0.00    0.00    0.00   clock core_clock (rise edge)
                          0.00    0.00   clock network delay (ideal)
                  0.00    0.00    0.00 ^ _172_/CLK (sky130_fd_sc_hd__dfxtp_2)
     2    0.01    0.03    0.30    0.30 v _172_/Q (sky130_fd_sc_hd__dfxtp_2)
                                         a_q[0] (net)
                  0.03    0.00    0.30 v _075_/A (sky130_fd_sc_hd__or2_2)
     2    0.01    0.07    0.30    0.60 v _075_/X (sky130_fd_sc_hd__or2_2)
                                         _034_ (net)
                  0.07    0.00    0.60 v _079_/A2 (sky130_fd_sc_hd__a21bo_2)
     2    0.01    0.06    0.25    0.85 v _079_/X (sky130_fd_sc_hd__a21bo_2)
                                         _037_ (net)
                  0.06    0.00    0.85 v _084_/A1 (sky130_fd_sc_hd__a21boi_2)
     3    0.02    0.20    0.21    1.06 ^ _084_/Y (sky130_fd_sc_hd__a21boi_2)
                                         _041_ (net)
                  0.20    0.00    1.06 ^ _100_/A1 (sky130_fd_sc_hd__o31a_2)
     4    0.02    0.11    0.23    1.29 ^ _100_/X (sky130_fd_sc_hd__o31a_2)
                                         _055_ (net)
                  0.11    0.00    1.29 ^ _101_/B (sky130_fd_sc_hd__xnor2_2)
     1    0.00    0.09    0.11    1.40 ^ _101_/Y (sky130_fd_sc_hd__xnor2_2)
                                         sum_d[4] (net)
                  0.09    0.00    1.40 ^ _209_/D (sky130_fd_sc_hd__dfxtp_2)
                                  1.40   data arrival time

                  0.00    5.00    5.00   clock core_clock (rise edge)
                          0.00    5.00   clock network delay (ideal)
                          0.00    5.00   clock reconvergence pessimism
                                  5.00 ^ _209_/CLK (sky130_fd_sc_hd__dfxtp_2)
                         -0.08    4.92   library setup time
                                  4.92   data required time
-----------------------------------------------------------------------------
                                  4.92   data required time
                                 -1.40   data arrival time
-----------------------------------------------------------------------------
                                  3.52   slack (MET)


Startpoint: _172_ (rising edge-triggered flip-flop clocked by core_clock)
Endpoint: _208_ (rising edge-triggered flip-flop clocked by core_clock)
Path Group: core_clock
Path Type: max

Fanout     Cap    Slew   Delay    Time   Description
-----------------------------------------------------------------------------
                  0.00    0.00    0.00   clock core_clock (rise edge)
                          0.00    0.00   clock network delay (ideal)
                  0.00    0.00    0.00 ^ _172_/CLK (sky130_fd_sc_hd__dfxtp_2)
     2    0.01    0.03    0.30    0.30 v _172_/Q (sky130_fd_sc_hd__dfxtp_2)
                                         a_q[0] (net)
                  0.03    0.00    0.30 v _075_/A (sky130_fd_sc_hd__or2_2)
     2    0.01    0.07    0.30    0.60 v _075_/X (sky130_fd_sc_hd__or2_2)
                                         _034_ (net)
                  0.07    0.00    0.60 v _079_/A2 (sky130_fd_sc_hd__a21bo_2)
     2    0.01    0.06    0.25    0.85 v _079_/X (sky130_fd_sc_hd__a21bo_2)
                                         _037_ (net)
                  0.06    0.00    0.85 v _084_/A1 (sky130_fd_sc_hd__a21boi_2)
     3    0.02    0.20    0.21    1.06 ^ _084_/Y (sky130_fd_sc_hd__a21boi_2)
                                         _041_ (net)
                  0.20    0.00    1.06 ^ _092_/A1 (sky130_fd_sc_hd__o21a_2)
     1    0.01    0.06    0.19    1.25 ^ _092_/X (sky130_fd_sc_hd__o21a_2)
                                         _048_ (net)
                  0.06    0.00    1.25 ^ _093_/B (sky130_fd_sc_hd__xnor2_2)
     1    0.00    0.05    0.05    1.30 v _093_/Y (sky130_fd_sc_hd__xnor2_2)
                                         sum_d[3] (net)
                  0.05    0.00    1.30 v _208_/D (sky130_fd_sc_hd__dfxtp_2)
                                  1.30   data arrival time

                  0.00    5.00    5.00   clock core_clock (rise edge)
                          0.00    5.00   clock network delay (ideal)
                          0.00    5.00   clock reconvergence pessimism
                                  5.00 ^ _208_/CLK (sky130_fd_sc_hd__dfxtp_2)
                         -0.13    4.87   library setup time
                                  4.87   data required time
-----------------------------------------------------------------------------
                                  4.87   data required time
                                 -1.30   data arrival time
-----------------------------------------------------------------------------
                                  3.57   slack (MET)


Startpoint: _172_ (rising edge-triggered flip-flop clocked by core_clock)
Endpoint: _207_ (rising edge-triggered flip-flop clocked by core_clock)
Path Group: core_clock
Path Type: max

Fanout     Cap    Slew   Delay    Time   Description
-----------------------------------------------------------------------------
                  0.00    0.00    0.00   clock core_clock (rise edge)
                          0.00    0.00   clock network delay (ideal)
                  0.00    0.00    0.00 ^ _172_/CLK (sky130_fd_sc_hd__dfxtp_2)
     2    0.01    0.03    0.30    0.30 v _172_/Q (sky130_fd_sc_hd__dfxtp_2)
                                         a_q[0] (net)
                  0.03    0.00    0.30 v _075_/A (sky130_fd_sc_hd__or2_2)
     2    0.01    0.07    0.30    0.60 v _075_/X (sky130_fd_sc_hd__or2_2)
                                         _034_ (net)
                  0.07    0.00    0.60 v _079_/A2 (sky130_fd_sc_hd__a21bo_2)
     2    0.01    0.06    0.25    0.85 v _079_/X (sky130_fd_sc_hd__a21bo_2)
                                         _037_ (net)
                  0.06    0.00    0.85 v _084_/A1 (sky130_fd_sc_hd__a21boi_2)
     3    0.02    0.20    0.21    1.06 ^ _084_/Y (sky130_fd_sc_hd__a21boi_2)
                                         _041_ (net)
                  0.20    0.00    1.06 ^ _088_/A (sky130_fd_sc_hd__xor2_2)
     1    0.00    0.05    0.09    1.15 v _088_/X (sky130_fd_sc_hd__xor2_2)
                                         sum_d[2] (net)
                  0.05    0.00    1.15 v _207_/D (sky130_fd_sc_hd__dfxtp_2)
                                  1.15   data arrival time

                  0.00    5.00    5.00   clock core_clock (rise edge)
                          0.00    5.00   clock network delay (ideal)
                          0.00    5.00   clock reconvergence pessimism
                                  5.00 ^ _207_/CLK (sky130_fd_sc_hd__dfxtp_2)
                         -0.13    4.87   library setup time
                                  4.87   data required time
-----------------------------------------------------------------------------
                                  4.87   data required time
                                 -1.15   data arrival time
-----------------------------------------------------------------------------
                                  3.72   slack (MET)


Startpoint: _172_ (rising edge-triggered flip-flop clocked by core_clock)
Endpoint: _206_ (rising edge-triggered flip-flop clocked by core_clock)
Path Group: core_clock
Path Type: max

Fanout     Cap    Slew   Delay    Time   Description
-----------------------------------------------------------------------------
                  0.00    0.00    0.00   clock core_clock (rise edge)
                          0.00    0.00   clock network delay (ideal)
                  0.00    0.00    0.00 ^ _172_/CLK (sky130_fd_sc_hd__dfxtp_2)
     2    0.01    0.03    0.30    0.30 v _172_/Q (sky130_fd_sc_hd__dfxtp_2)
                                         a_q[0] (net)
                  0.03    0.00    0.30 v _075_/A (sky130_fd_sc_hd__or2_2)
     2    0.01    0.07    0.30    0.60 v _075_/X (sky130_fd_sc_hd__or2_2)
                                         _034_ (net)
                  0.07    0.00    0.60 v _079_/A2 (sky130_fd_sc_hd__a21bo_2)
     2    0.01    0.06    0.25    0.85 v _079_/X (sky130_fd_sc_hd__a21bo_2)
                                         _037_ (net)
                  0.06    0.00    0.85 v _083_/A (sky130_fd_sc_hd__xnor2_2)
     1    0.00    0.05    0.13    0.98 v _083_/Y (sky130_fd_sc_hd__xnor2_2)
                                         sum_d[1] (net)
                  0.05    0.00    0.98 v _206_/D (sky130_fd_sc_hd__dfxtp_2)
                                  0.98   data arrival time

                  0.00    5.00    5.00   clock core_clock (rise edge)
                          0.00    5.00   clock network delay (ideal)
                          0.00    5.00   clock reconvergence pessimism
                                  5.00 ^ _206_/CLK (sky130_fd_sc_hd__dfxtp_2)
                         -0.12    4.88   library setup time
                                  4.88   data required time
-----------------------------------------------------------------------------
                                  4.88   data required time
                                 -0.98   data arrival time
-----------------------------------------------------------------------------
                                  3.89   slack (MET)


Startpoint: _172_ (rising edge-triggered flip-flop clocked by core_clock)
Endpoint: _205_ (rising edge-triggered flip-flop clocked by core_clock)
Path Group: core_clock
Path Type: max

Fanout     Cap    Slew   Delay    Time   Description
-----------------------------------------------------------------------------
                  0.00    0.00    0.00   clock core_clock (rise edge)
                          0.00    0.00   clock network delay (ideal)
                  0.00    0.00    0.00 ^ _172_/CLK (sky130_fd_sc_hd__dfxtp_2)
     2    0.01    0.03    0.30    0.30 v _172_/Q (sky130_fd_sc_hd__dfxtp_2)
                                         a_q[0] (net)
                  0.03    0.00    0.30 v _075_/A (sky130_fd_sc_hd__or2_2)
     2    0.01    0.07    0.30    0.60 v _075_/X (sky130_fd_sc_hd__or2_2)
                                         _034_ (net)
                  0.07    0.00    0.60 v _077_/A (sky130_fd_sc_hd__nand2_2)
     1    0.01    0.06    0.08    0.67 ^ _077_/Y (sky130_fd_sc_hd__nand2_2)
                                         _036_ (net)
                  0.06    0.00    0.67 ^ _078_/B (sky130_fd_sc_hd__xnor2_2)
     1    0.00    0.11    0.10    0.78 ^ _078_/Y (sky130_fd_sc_hd__xnor2_2)
                                         sum_d[0] (net)
                  0.11    0.00    0.78 ^ _205_/D (sky130_fd_sc_hd__dfxtp_2)
                                  0.78   data arrival time

                  0.00    5.00    5.00   clock core_clock (rise edge)
                          0.00    5.00   clock network delay (ideal)
                          0.00    5.00   clock reconvergence pessimism
                                  5.00 ^ _205_/CLK (sky130_fd_sc_hd__dfxtp_2)
                         -0.08    4.92   library setup time
                                  4.92   data required time
-----------------------------------------------------------------------------
                                  4.92   data required time
                                 -0.78   data arrival time
-----------------------------------------------------------------------------
                                  4.14   slack (MET)



worst slack corner Typical: 2.3610
