
===========================================================================
 report_power
============================================================================
======================= Fastest Corner ===================================

Group                  Internal  Switching    Leakage      Total
                          Power      Power      Power      Power (Watts)
----------------------------------------------------------------
Sequential             3.82e-04   1.88e-05   7.29e-10   4.00e-04  52.6%
Combinational          4.66e-05   3.64e-05   5.14e-10   8.30e-05  10.9%
Clock                  1.59e-04   1.19e-04   8.04e-10   2.78e-04  36.5%
Macro                  0.00e+00   0.00e+00   0.00e+00   0.00e+00   0.0%
Pad                    0.00e+00   0.00e+00   0.00e+00   0.00e+00   0.0%
----------------------------------------------------------------
Total                  5.88e-04   1.74e-04   2.05e-09   7.62e-04 100.0%
                          77.1%      22.9%       0.0%

======================= Slowest Corner ===================================

Group                  Internal  Switching    Leakage      Total
                          Power      Power      Power      Power (Watts)
----------------------------------------------------------------
Sequential             2.56e-04   1.25e-05   7.33e-07   2.69e-04  51.9%
Combinational          3.46e-05   2.40e-05   6.51e-07   5.93e-05  11.4%
Clock                  1.15e-04   7.55e-05   1.06e-07   1.90e-04  36.7%
Macro                  0.00e+00   0.00e+00   0.00e+00   0.00e+00   0.0%
Pad                    0.00e+00   0.00e+00   0.00e+00   0.00e+00   0.0%
----------------------------------------------------------------
Total                  4.05e-04   1.12e-04   1.49e-06   5.19e-04 100.0%
                          78.1%      21.6%       0.3%

======================= Typical Corner ===================================

Group                  Internal  Switching    Leakage      Total
                          Power      Power      Power      Power (Watts)
----------------------------------------------------------------
Sequential             3.29e-04   1.59e-05   4.22e-10   3.45e-04  52.5%
Combinational          4.21e-05   3.08e-05   3.96e-10   7.29e-05  11.1%
Clock                  1.39e-04   9.95e-05   5.19e-10   2.39e-04  36.4%
Macro                  0.00e+00   0.00e+00   0.00e+00   0.00e+00   0.0%
Pad                    0.00e+00   0.00e+00   0.00e+00   0.00e+00   0.0%
----------------------------------------------------------------
Total                  5.10e-04   1.46e-04   1.34e-09   6.57e-04 100.0%
                          77.7%      22.3%       0.0%

