OpenROAD b16bda7e82721d10566ff7e2b68f1ff0be9f9e38 
Features included (+) or not (-): +Charts +GPU +GUI +Python
This program is licensed under the BSD-3 license. See the LICENSE file for details.
Components of this program may be licensed under more restrictive licenses which must be honored.
define_corners Typical
read_liberty -corner Typical /volare/sky130A/libs.ref/sky130_fd_sc_hd/lib/sky130_fd_sc_hd__tt_025C_1v80.lib
Using 1e-12 for capacitance...
Using 1e+03 for resistance...
Using 1e-09 for time...
Using 1e+00 for voltage...
Using 1e-03 for current...
Using 1e-09 for power...
Using 1e-06 for distance...
[INFO]: Reading ODB at '/openlane/designs/brent-kung/runs/auto_pnr/tmp/routing/22-fill.odb'…
Reading design constraints file at '/openlane/designs/brent-kung/src/adder.sdc'…
[INFO ORD-0030] Using 2 thread(s).
[INFO DRT-0149] Reading tech and libs.
[WARNING DRT-0349] LEF58_ENCLOSURE with no CUTCLASS is not supported. Skipping for layer mcon
[WARNING DRT-0349] LEF58_ENCLOSURE with no CUTCLASS is not supported. Skipping for layer mcon
[WARNING DRT-0349] LEF58_ENCLOSURE with no CUTCLASS is not supported. Skipping for layer via
[WARNING DRT-0349] LEF58_ENCLOSURE with no CUTCLASS is not supported. Skipping for layer via
[WARNING DRT-0349] LEF58_ENCLOSURE with no CUTCLASS is not supported. Skipping for layer via2
[WARNING DRT-0349] LEF58_ENCLOSURE with no CUTCLASS is not supported. Skipping for layer via2
[WARNING DRT-0349] LEF58_ENCLOSURE with no CUTCLASS is not supported. Skipping for layer via3
[WARNING DRT-0349] LEF58_ENCLOSURE with no CUTCLASS is not supported. Skipping for layer via3
[WARNING DRT-0349] LEF58_ENCLOSURE with no CUTCLASS is not supported. Skipping for layer via4
[WARNING DRT-0349] LEF58_ENCLOSURE with no CUTCLASS is not supported. Skipping for layer via4

Units:                1000
Number of layers:     13
Number of macros:     441
Number of vias:       29
Number of viarulegen: 25

[INFO DRT-0150] Reading design.

Design:                   adder
Die area:                 ( 0 0 ) ( 70920 81640 )
Number of track patterns: 12
Number of DEF vias:       0
Number of components:     495
Number of terminals:      53
Number of snets:          2
Number of nets:           233

[INFO DRT-0167] List of default vias:
  Layer via
    default via: M1M2_PR
  Layer via2
    default via: M2M3_PR
  Layer via3
    default via: M3M4_PR
  Layer via4
    default via: M4M5_PR
[INFO DRT-0162] Library cell analysis.
[INFO DRT-0163] Instance analysis.
[INFO DRT-0164] Number of unique instances = 103.
[INFO DRT-0168] Init region query.
[INFO DRT-0024]   Complete FR_MASTERSLICE.
[INFO DRT-0024]   Complete Fr_VIA.
[INFO DRT-0024]   Complete li1.
[INFO DRT-0024]   Complete mcon.
[INFO DRT-0024]   Complete met1.
[INFO DRT-0024]   Complete via.
[INFO DRT-0024]   Complete met2.
[INFO DRT-0024]   Complete via2.
[INFO DRT-0024]   Complete met3.
[INFO DRT-0024]   Complete via3.
[INFO DRT-0024]   Complete met4.
[INFO DRT-0024]   Complete via4.
[INFO DRT-0024]   Complete met5.
[INFO DRT-0033] FR_MASTERSLICE shape region query size = 0.
[INFO DRT-0033] FR_VIA shape region query size = 0.
[INFO DRT-0033] li1 shape region query size = 7646.
[INFO DRT-0033] mcon shape region query size = 1008.
[INFO DRT-0033] met1 shape region query size = 1505.
[INFO DRT-0033] via shape region query size = 460.
[INFO DRT-0033] met2 shape region query size = 308.
[INFO DRT-0033] via2 shape region query size = 368.
[INFO DRT-0033] met3 shape region query size = 295.
[INFO DRT-0033] via3 shape region query size = 368.
[INFO DRT-0033] met4 shape region query size = 140.
[INFO DRT-0033] via4 shape region query size = 32.
[INFO DRT-0033] met5 shape region query size = 48.
[INFO DRT-0165] Start pin access.
[INFO DRT-0078]   Complete 294 pins.
[INFO DRT-0081]   Complete 85 unique inst patterns.
[INFO DRT-0084]   Complete 119 groups.
#scanned instances     = 495
#unique  instances     = 103
#stdCellGenAp          = 2446
#stdCellValidPlanarAp  = 0
#stdCellValidViaAp     = 1908
#stdCellPinNoAp        = 0
#stdCellPinCnt         = 616
#instTermValidViaApCnt = 0
#macroGenAp            = 0
#macroValidPlanarAp    = 0
#macroValidViaAp       = 0
#macroNoAp             = 0
[INFO DRT-0166] Complete pin access.
[INFO DRT-0267] cpu time = 00:00:05, elapsed time = 00:00:01, memory = 115.05 (MB), peak = 115.05 (MB)

Number of guides:     1391

[INFO DRT-0169] Post process guides.
[INFO DRT-0176] GCELLGRID X 0 DO 10 STEP 6900 ;
[INFO DRT-0177] GCELLGRID Y 0 DO 11 STEP 6900 ;
[INFO DRT-0028]   Complete FR_MASTERSLICE.
[INFO DRT-0028]   Complete Fr_VIA.
[INFO DRT-0028]   Complete li1.
[INFO DRT-0028]   Complete mcon.
[INFO DRT-0028]   Complete met1.
[INFO DRT-0028]   Complete via.
[INFO DRT-0028]   Complete met2.
[INFO DRT-0028]   Complete via2.
[INFO DRT-0028]   Complete met3.
[INFO DRT-0028]   Complete via3.
[INFO DRT-0028]   Complete met4.
[INFO DRT-0028]   Complete via4.
[INFO DRT-0028]   Complete met5.
[INFO DRT-0178] Init guide query.
[INFO DRT-0035]   Complete FR_MASTERSLICE (guide).
[INFO DRT-0035]   Complete Fr_VIA (guide).
[INFO DRT-0035]   Complete li1 (guide).
[INFO DRT-0035]   Complete mcon (guide).
[INFO DRT-0035]   Complete met1 (guide).
[INFO DRT-0035]   Complete via (guide).
[INFO DRT-0035]   Complete met2 (guide).
[INFO DRT-0035]   Complete via2 (guide).
[INFO DRT-0035]   Complete met3 (guide).
[INFO DRT-0035]   Complete via3 (guide).
[INFO DRT-0035]   Complete met4 (guide).
[INFO DRT-0035]   Complete via4 (guide).
[INFO DRT-0035]   Complete met5 (guide).
[INFO DRT-0036] FR_MASTERSLICE guide region query size = 0.
[INFO DRT-0036] FR_VIA guide region query size = 0.
[INFO DRT-0036] li1 guide region query size = 503.
[INFO DRT-0036] mcon guide region query size = 0.
[INFO DRT-0036] met1 guide region query size = 386.
[INFO DRT-0036] via guide region query size = 0.
[INFO DRT-0036] met2 guide region query size = 215.
[INFO DRT-0036] via2 guide region query size = 0.
[INFO DRT-0036] met3 guide region query size = 25.
[INFO DRT-0036] via3 guide region query size = 0.
[INFO DRT-0036] met4 guide region query size = 4.
[INFO DRT-0036] via4 guide region query size = 0.
[INFO DRT-0036] met5 guide region query size = 0.
[INFO DRT-0179] Init gr pin query.
[INFO DRT-0245] skipped writing guide updates to database.
[INFO DRT-0185] Post process initialize RPin region query.
[INFO DRT-0181] Start track assignment.
[INFO DRT-0184] Done with 722 vertical wires in 1 frboxes and 411 horizontal wires in 1 frboxes.
[INFO DRT-0186] Done with 88 vertical wires in 1 frboxes and 101 horizontal wires in 1 frboxes.
[INFO DRT-0182] Complete track assignment.
[INFO DRT-0267] cpu time = 00:00:00, elapsed time = 00:00:00, memory = 118.05 (MB), peak = 118.05 (MB)
[INFO DRT-0187] Start routing data preparation.
[INFO DRT-0267] cpu time = 00:00:00, elapsed time = 00:00:00, memory = 118.05 (MB), peak = 118.05 (MB)
[INFO DRT-0194] Start detail routing.
[INFO DRT-0195] Start 0th optimization iteration.
    Completing 10% with 0 violations.
    elapsed time = 00:00:00, memory = 127.56 (MB).
    Completing 20% with 37 violations.
    elapsed time = 00:00:00, memory = 133.56 (MB).
    Completing 30% with 61 violations.
    elapsed time = 00:00:00, memory = 133.56 (MB).
    Completing 40% with 82 violations.
    elapsed time = 00:00:01, memory = 139.56 (MB).
[INFO DRT-0199]   Number of violations = 106.
Viol/Layer        met1   met2   met3
Metal Spacing       17      6      9
Recheck             13      1      0
Short               46     14      0
[INFO DRT-0267] cpu time = 00:00:01, elapsed time = 00:00:01, memory = 486.25 (MB), peak = 486.25 (MB)
Total wire length = 4120 um.
Total wire length on LAYER li1 = 0 um.
Total wire length on LAYER met1 = 1805 um.
Total wire length on LAYER met2 = 2141 um.
Total wire length on LAYER met3 = 121 um.
Total wire length on LAYER met4 = 52 um.
Total wire length on LAYER met5 = 0 um.
Total number of vias = 1247.
Up-via summary (total 1247):

-----------------------
 FR_MASTERSLICE       0
            li1     616
           met1     598
           met2      28
           met3       5
           met4       0
-----------------------
                   1247


[INFO DRT-0195] Start 1st optimization iteration.
    Completing 10% with 106 violations.
    elapsed time = 00:00:00, memory = 490.75 (MB).
    Completing 20% with 90 violations.
    elapsed time = 00:00:00, memory = 490.75 (MB).
    Completing 30% with 74 violations.
    elapsed time = 00:00:00, memory = 490.75 (MB).
    Completing 40% with 69 violations.
    elapsed time = 00:00:01, memory = 497.87 (MB).
[INFO DRT-0199]   Number of violations = 26.
Viol/Layer        met1   met2   met3
Metal Spacing        1      5      5
Short               13      2      0
[INFO DRT-0267] cpu time = 00:00:01, elapsed time = 00:00:01, memory = 497.87 (MB), peak = 497.87 (MB)
Total wire length = 4066 um.
Total wire length on LAYER li1 = 0 um.
Total wire length on LAYER met1 = 1785 um.
Total wire length on LAYER met2 = 2096 um.
Total wire length on LAYER met3 = 123 um.
Total wire length on LAYER met4 = 61 um.
Total wire length on LAYER met5 = 0 um.
Total number of vias = 1254.
Up-via summary (total 1254):

-----------------------
 FR_MASTERSLICE       0
            li1     616
           met1     601
           met2      30
           met3       7
           met4       0
-----------------------
                   1254


[INFO DRT-0195] Start 2nd optimization iteration.
    Completing 10% with 26 violations.
    elapsed time = 00:00:00, memory = 497.87 (MB).
    Completing 20% with 26 violations.
    elapsed time = 00:00:00, memory = 497.87 (MB).
    Completing 30% with 26 violations.
    elapsed time = 00:00:00, memory = 497.87 (MB).
    Completing 40% with 26 violations.
    elapsed time = 00:00:00, memory = 497.87 (MB).
    Completing 50% with 24 violations.
    elapsed time = 00:00:00, memory = 497.87 (MB).
    Completing 60% with 24 violations.
    elapsed time = 00:00:00, memory = 497.87 (MB).
    Completing 70% with 20 violations.
    elapsed time = 00:00:00, memory = 497.87 (MB).
    Completing 80% with 20 violations.
    elapsed time = 00:00:00, memory = 497.87 (MB).
    Completing 90% with 20 violations.
    elapsed time = 00:00:00, memory = 497.87 (MB).
    Completing 100% with 25 violations.
    elapsed time = 00:00:00, memory = 497.87 (MB).
[INFO DRT-0199]   Number of violations = 25.
Viol/Layer        met1   met2
Metal Spacing        4      5
Short               11      5
[INFO DRT-0267] cpu time = 00:00:01, elapsed time = 00:00:01, memory = 500.87 (MB), peak = 500.87 (MB)
Total wire length = 4043 um.
Total wire length on LAYER li1 = 0 um.
Total wire length on LAYER met1 = 1778 um.
Total wire length on LAYER met2 = 2122 um.
Total wire length on LAYER met3 = 120 um.
Total wire length on LAYER met4 = 21 um.
Total wire length on LAYER met5 = 0 um.
Total number of vias = 1225.
Up-via summary (total 1225):

-----------------------
 FR_MASTERSLICE       0
            li1     616
           met1     578
           met2      29
           met3       2
           met4       0
-----------------------
                   1225


[INFO DRT-0195] Start 3rd optimization iteration.
    Completing 10% with 25 violations.
    elapsed time = 00:00:00, memory = 500.87 (MB).
    Completing 20% with 15 violations.
    elapsed time = 00:00:00, memory = 500.87 (MB).
    Completing 30% with 11 violations.
    elapsed time = 00:00:00, memory = 500.87 (MB).
    Completing 40% with 7 violations.
    elapsed time = 00:00:00, memory = 500.87 (MB).
[INFO DRT-0199]   Number of violations = 0.
[INFO DRT-0267] cpu time = 00:00:01, elapsed time = 00:00:00, memory = 500.87 (MB), peak = 500.87 (MB)
Total wire length = 4066 um.
Total wire length on LAYER li1 = 0 um.
Total wire length on LAYER met1 = 1745 um.
Total wire length on LAYER met2 = 2134 um.
Total wire length on LAYER met3 = 162 um.
Total wire length on LAYER met4 = 23 um.
Total wire length on LAYER met5 = 0 um.
Total number of vias = 1260.
Up-via summary (total 1260):

-----------------------
 FR_MASTERSLICE       0
            li1     616
           met1     589
           met2      51
           met3       4
           met4       0
-----------------------
                   1260


[INFO DRT-0198] Complete detail routing.
Total wire length = 4066 um.
Total wire length on LAYER li1 = 0 um.
Total wire length on LAYER met1 = 1745 um.
Total wire length on LAYER met2 = 2134 um.
Total wire length on LAYER met3 = 162 um.
Total wire length on LAYER met4 = 23 um.
Total wire length on LAYER met5 = 0 um.
Total number of vias = 1260.
Up-via summary (total 1260):

-----------------------
 FR_MASTERSLICE       0
            li1     616
           met1     589
           met2      51
           met3       4
           met4       0
-----------------------
                   1260


[INFO DRT-0267] cpu time = 00:00:06, elapsed time = 00:00:04, memory = 500.87 (MB), peak = 500.87 (MB)

[INFO DRT-0180] Post processing.
Setting global connections for newly added cells…
Writing OpenROAD database to '/openlane/designs/brent-kung/runs/auto_pnr/results/routing/adder.odb'…
Writing netlist to '/openlane/designs/brent-kung/runs/auto_pnr/results/routing/adder.nl.v'…
Writing powered netlist to '/openlane/designs/brent-kung/runs/auto_pnr/results/routing/adder.pnl.v'…
Writing layout to '/openlane/designs/brent-kung/runs/auto_pnr/results/routing/adder.def'…
