
===========================================================================
 report_power
============================================================================
======================= Fastest Corner ===================================

Group                  Internal  Switching    Leakage      Total
                          Power      Power      Power      Power (Watts)
----------------------------------------------------------------
Sequential             4.46e-04   2.46e-05   7.29e-10   4.70e-04  49.7%
Combinational          5.41e-05   4.58e-05   5.18e-10   9.99e-05  10.6%
Clock                  2.36e-04   1.41e-04   8.68e-10   3.77e-04  39.8%
Macro                  0.00e+00   0.00e+00   0.00e+00   0.00e+00   0.0%
Pad                    0.00e+00   0.00e+00   0.00e+00   0.00e+00   0.0%
----------------------------------------------------------------
Total                  7.35e-04   2.12e-04   2.12e-09   9.47e-04 100.0%
                          77.7%      22.3%       0.0%

======================= Slowest Corner ===================================

Group                  Internal  Switching    Leakage      Total
                          Power      Power      Power      Power (Watts)
----------------------------------------------------------------
Sequential             2.99e-04   1.63e-05   7.33e-07   3.16e-04  48.9%
Combinational          4.03e-05   3.03e-05   6.30e-07   7.12e-05  11.0%
Clock                  1.70e-04   8.97e-05   1.21e-07   2.59e-04  40.1%
Macro                  0.00e+00   0.00e+00   0.00e+00   0.00e+00   0.0%
Pad                    0.00e+00   0.00e+00   0.00e+00   0.00e+00   0.0%
----------------------------------------------------------------
Total                  5.09e-04   1.36e-04   1.48e-06   6.46e-04 100.0%
                          78.7%      21.1%       0.2%

======================= Typical Corner ===================================

Group                  Internal  Switching    Leakage      Total
                          Power      Power      Power      Power (Watts)
----------------------------------------------------------------
Sequential             3.84e-04   2.08e-05   4.22e-10   4.05e-04  49.6%
Combinational          4.90e-05   3.87e-05   3.82e-10   8.76e-05  10.7%
Clock                  2.06e-04   1.18e-04   5.34e-10   3.24e-04  39.7%
Macro                  0.00e+00   0.00e+00   0.00e+00   0.00e+00   0.0%
Pad                    0.00e+00   0.00e+00   0.00e+00   0.00e+00   0.0%
----------------------------------------------------------------
Total                  6.39e-04   1.78e-04   1.34e-09   8.17e-04 100.0%
                          78.2%      21.8%       0.0%

