
===========================================================================
report_checks -unconstrained
===========================================================================
======================= Fastest Corner ===================================

Startpoint: _169_ (rising edge-triggered flip-flop clocked by core_clock)
Endpoint: _185_ (rising edge-triggered flip-flop clocked by core_clock)
Path Group: core_clock
Path Type: max
Corner: Fastest

Fanout     Cap    Slew   Delay    Time   Description
-----------------------------------------------------------------------------
                          0.00    0.00   clock core_clock (rise edge)
                          0.00    0.00   clock source latency
     1    0.02    0.00    0.00    0.00 ^ clk (in)
                                         clk (net)
                  0.00    0.00    0.00 ^ clkbuf_0_clk/A (sky130_fd_sc_hd__clkbuf_16)
     4    0.04    0.05    0.09    0.09 ^ clkbuf_0_clk/X (sky130_fd_sc_hd__clkbuf_16)
                                         clknet_0_clk (net)
                  0.05    0.00    0.09 ^ clkbuf_2_1__f_clk/A (sky130_fd_sc_hd__clkbuf_16)
    15    0.04    0.05    0.10    0.20 ^ clkbuf_2_1__f_clk/X (sky130_fd_sc_hd__clkbuf_16)
                                         clknet_2_1__leaf_clk (net)
                  0.05    0.00    0.20 ^ _169_/CLK (sky130_fd_sc_hd__dfxtp_1)
     2    0.01    0.03    0.20    0.40 v _169_/Q (sky130_fd_sc_hd__dfxtp_1)
                                         x1.cin (net)
                  0.03    0.00    0.40 v _062_/A (sky130_fd_sc_hd__or2_4)
     2    0.01    0.04    0.15    0.55 v _062_/X (sky130_fd_sc_hd__or2_4)
                                         _014_ (net)
                  0.04    0.00    0.55 v _064_/A2 (sky130_fd_sc_hd__a21bo_1)
     2    0.01    0.04    0.13    0.68 v _064_/X (sky130_fd_sc_hd__a21bo_1)
                                         _016_ (net)
                  0.04    0.00    0.68 v _066_/B (sky130_fd_sc_hd__xor2_1)
     2    0.01    0.05    0.09    0.78 v _066_/X (sky130_fd_sc_hd__xor2_1)
                                         _018_ (net)
                  0.05    0.00    0.78 v _067_/A (sky130_fd_sc_hd__nand2_1)
     3    0.01    0.07    0.07    0.85 ^ _067_/Y (sky130_fd_sc_hd__nand2_1)
                                         _019_ (net)
                  0.07    0.00    0.85 ^ _068_/B (sky130_fd_sc_hd__nand3b_1)
     2    0.00    0.04    0.05    0.90 v _068_/Y (sky130_fd_sc_hd__nand3b_1)
                                         _020_ (net)
                  0.04    0.00    0.90 v _070_/A2 (sky130_fd_sc_hd__a21o_1)
     2    0.01    0.04    0.13    1.04 v _070_/X (sky130_fd_sc_hd__a21o_1)
                                         _022_ (net)
                  0.04    0.00    1.04 v _071_/B (sky130_fd_sc_hd__xor2_1)
     2    0.01    0.05    0.10    1.14 v _071_/X (sky130_fd_sc_hd__xor2_1)
                                         _023_ (net)
                  0.05    0.00    1.14 v _078_/A1 (sky130_fd_sc_hd__a21o_1)
     2    0.00    0.03    0.11    1.25 v _078_/X (sky130_fd_sc_hd__a21o_1)
                                         _030_ (net)
                  0.03    0.00    1.25 v _080_/A1 (sky130_fd_sc_hd__a21o_1)
     2    0.01    0.04    0.11    1.37 v _080_/X (sky130_fd_sc_hd__a21o_1)
                                         _032_ (net)
                  0.04    0.00    1.37 v _082_/A2 (sky130_fd_sc_hd__a21oi_2)
     2    0.01    0.10    0.12    1.48 ^ _082_/Y (sky130_fd_sc_hd__a21oi_2)
                                         _034_ (net)
                  0.10    0.00    1.48 ^ _083_/B (sky130_fd_sc_hd__xnor2_1)
     2    0.01    0.07    0.07    1.56 v _083_/Y (sky130_fd_sc_hd__xnor2_1)
                                         _035_ (net)
                  0.07    0.00    1.56 v _085_/A2 (sky130_fd_sc_hd__a21oi_2)
     2    0.02    0.15    0.17    1.73 ^ _085_/Y (sky130_fd_sc_hd__a21oi_2)
                                         _037_ (net)
                  0.15    0.00    1.73 ^ _087_/A_N (sky130_fd_sc_hd__and2b_1)
     1    0.00    0.03    0.12    1.85 v _087_/X (sky130_fd_sc_hd__and2b_1)
                                         _039_ (net)
                  0.03    0.00    1.85 v _088_/B1 (sky130_fd_sc_hd__a21oi_2)
     2    0.01    0.10    0.07    1.92 ^ _088_/Y (sky130_fd_sc_hd__a21oi_2)
                                         _040_ (net)
                  0.10    0.00    1.92 ^ _090_/A_N (sky130_fd_sc_hd__and2b_1)
     1    0.00    0.03    0.12    2.04 v _090_/X (sky130_fd_sc_hd__and2b_1)
                                         _042_ (net)
                  0.03    0.00    2.04 v _091_/B1 (sky130_fd_sc_hd__a21o_1)
     2    0.01    0.05    0.10    2.13 v _091_/X (sky130_fd_sc_hd__a21o_1)
                                         _043_ (net)
                  0.05    0.00    2.14 v _092_/B (sky130_fd_sc_hd__xnor2_2)
     2    0.01    0.04    0.09    2.23 v _092_/Y (sky130_fd_sc_hd__xnor2_2)
                                         _044_ (net)
                  0.04    0.00    2.23 v _094_/A2 (sky130_fd_sc_hd__o21a_1)
     2    0.01    0.05    0.14    2.36 v _094_/X (sky130_fd_sc_hd__o21a_1)
                                         _046_ (net)
                  0.05    0.00    2.36 v _095_/B (sky130_fd_sc_hd__xnor2_2)
     2    0.01    0.13    0.13    2.49 ^ _095_/Y (sky130_fd_sc_hd__xnor2_2)
                                         _047_ (net)
                  0.13    0.00    2.49 ^ _097_/A1 (sky130_fd_sc_hd__a21oi_2)
     2    0.01    0.05    0.05    2.54 v _097_/Y (sky130_fd_sc_hd__a21oi_2)
                                         _049_ (net)
                  0.05    0.00    2.54 v _098_/A (sky130_fd_sc_hd__xnor2_1)
     2    0.01    0.17    0.17    2.71 ^ _098_/Y (sky130_fd_sc_hd__xnor2_1)
                                         _050_ (net)
                  0.17    0.00    2.71 ^ _100_/A2 (sky130_fd_sc_hd__a21oi_2)
     2    0.01    0.05    0.06    2.77 v _100_/Y (sky130_fd_sc_hd__a21oi_2)
                                         _052_ (net)
                  0.05    0.00    2.77 v _101_/B (sky130_fd_sc_hd__xnor2_1)
     2    0.01    0.06    0.11    2.87 v _101_/Y (sky130_fd_sc_hd__xnor2_1)
                                         _053_ (net)
                  0.06    0.00    2.87 v _103_/A2 (sky130_fd_sc_hd__a21o_1)
     2    0.01    0.05    0.15    3.02 v _103_/X (sky130_fd_sc_hd__a21o_1)
                                         _055_ (net)
                  0.05    0.00    3.02 v _104_/B (sky130_fd_sc_hd__xnor2_2)
     2    0.01    0.04    0.09    3.11 v _104_/Y (sky130_fd_sc_hd__xnor2_2)
                                         _056_ (net)
                  0.04    0.00    3.11 v _106_/A2 (sky130_fd_sc_hd__o21a_1)
     2    0.01    0.06    0.14    3.25 v _106_/X (sky130_fd_sc_hd__o21a_1)
                                         _058_ (net)
                  0.06    0.00    3.25 v _107_/B (sky130_fd_sc_hd__xnor2_2)
     2    0.01    0.14    0.13    3.39 ^ _107_/Y (sky130_fd_sc_hd__xnor2_2)
                                         _059_ (net)
                  0.14    0.00    3.39 ^ _109_/A1 (sky130_fd_sc_hd__a21oi_2)
     2    0.01    0.05    0.04    3.43 v _109_/Y (sky130_fd_sc_hd__a21oi_2)
                                         _001_ (net)
                  0.05    0.00    3.43 v _110_/B (sky130_fd_sc_hd__xnor2_1)
     2    0.01    0.21    0.18    3.62 ^ _110_/Y (sky130_fd_sc_hd__xnor2_1)
                                         _002_ (net)
                  0.21    0.00    3.62 ^ _112_/A2 (sky130_fd_sc_hd__a21oi_2)
     2    0.01    0.05    0.05    3.67 v _112_/Y (sky130_fd_sc_hd__a21oi_2)
                                         _004_ (net)
                  0.05    0.00    3.67 v _113_/B (sky130_fd_sc_hd__xnor2_1)
     2    0.01    0.15    0.15    3.82 ^ _113_/Y (sky130_fd_sc_hd__xnor2_1)
                                         _005_ (net)
                  0.15    0.00    3.82 ^ _135_/B (sky130_fd_sc_hd__xor2_1)
     1    0.01    0.14    0.14    3.95 ^ _135_/X (sky130_fd_sc_hd__xor2_1)
                                         x19.sum (net)
                  0.14    0.00    3.96 ^ _185_/D (sky130_fd_sc_hd__dfxtp_1)
                                  3.96   data arrival time

                          5.65    5.65   clock core_clock (rise edge)
                          0.00    5.65   clock source latency
     1    0.02    0.00    0.00    5.65 ^ clk (in)
                                         clk (net)
                  0.00    0.00    5.65 ^ clkbuf_0_clk/A (sky130_fd_sc_hd__clkbuf_16)
     4    0.04    0.05    0.09    5.74 ^ clkbuf_0_clk/X (sky130_fd_sc_hd__clkbuf_16)
                                         clknet_0_clk (net)
                  0.05    0.00    5.74 ^ clkbuf_2_1__f_clk/A (sky130_fd_sc_hd__clkbuf_16)
    15    0.04    0.05    0.10    5.85 ^ clkbuf_2_1__f_clk/X (sky130_fd_sc_hd__clkbuf_16)
                                         clknet_2_1__leaf_clk (net)
                  0.05    0.00    5.85 ^ _185_/CLK (sky130_fd_sc_hd__dfxtp_1)
                          0.00    5.85   clock reconvergence pessimism
                         -0.04    5.81   library setup time
                                  5.81   data required time
-----------------------------------------------------------------------------
                                  5.81   data required time
                                 -3.96   data arrival time
-----------------------------------------------------------------------------
                                  1.85   slack (MET)



======================= Slowest Corner ===================================

Startpoint: _169_ (rising edge-triggered flip-flop clocked by core_clock)
Endpoint: _186_ (rising edge-triggered flip-flop clocked by core_clock)
Path Group: core_clock
Path Type: max
Corner: Slowest

Fanout     Cap    Slew   Delay    Time   Description
-----------------------------------------------------------------------------
                          0.00    0.00   clock core_clock (rise edge)
                          0.00    0.00   clock source latency
     1    0.02    0.00    0.00    0.00 ^ clk (in)
                                         clk (net)
                  0.00    0.00    0.00 ^ clkbuf_0_clk/A (sky130_fd_sc_hd__clkbuf_16)
     4    0.04    0.10    0.22    0.22 ^ clkbuf_0_clk/X (sky130_fd_sc_hd__clkbuf_16)
                                         clknet_0_clk (net)
                  0.10    0.00    0.23 ^ clkbuf_2_1__f_clk/A (sky130_fd_sc_hd__clkbuf_16)
    15    0.04    0.10    0.26    0.49 ^ clkbuf_2_1__f_clk/X (sky130_fd_sc_hd__clkbuf_16)
                                         clknet_2_1__leaf_clk (net)
                  0.10    0.00    0.49 ^ _169_/CLK (sky130_fd_sc_hd__dfxtp_1)
     2    0.01    0.07    0.61    1.10 v _169_/Q (sky130_fd_sc_hd__dfxtp_1)
                                         x1.cin (net)
                  0.07    0.00    1.10 v _062_/A (sky130_fd_sc_hd__or2_4)
     2    0.01    0.09    0.48    1.58 v _062_/X (sky130_fd_sc_hd__or2_4)
                                         _014_ (net)
                  0.09    0.00    1.58 v _064_/A2 (sky130_fd_sc_hd__a21bo_1)
     2    0.01    0.10    0.38    1.96 v _064_/X (sky130_fd_sc_hd__a21bo_1)
                                         _016_ (net)
                  0.10    0.00    1.96 v _066_/B (sky130_fd_sc_hd__xor2_1)
     2    0.00    0.13    0.29    2.25 v _066_/X (sky130_fd_sc_hd__xor2_1)
                                         _018_ (net)
                  0.13    0.00    2.25 v _067_/A (sky130_fd_sc_hd__nand2_1)
     3    0.01    0.15    0.17    2.42 ^ _067_/Y (sky130_fd_sc_hd__nand2_1)
                                         _019_ (net)
                  0.15    0.00    2.43 ^ _068_/B (sky130_fd_sc_hd__nand3b_1)
     2    0.00    0.17    0.22    2.65 v _068_/Y (sky130_fd_sc_hd__nand3b_1)
                                         _020_ (net)
                  0.17    0.00    2.65 v _070_/A2 (sky130_fd_sc_hd__a21o_1)
     2    0.01    0.11    0.41    3.06 v _070_/X (sky130_fd_sc_hd__a21o_1)
                                         _022_ (net)
                  0.11    0.00    3.06 v _071_/B (sky130_fd_sc_hd__xor2_1)
     2    0.01    0.16    0.32    3.37 v _071_/X (sky130_fd_sc_hd__xor2_1)
                                         _023_ (net)
                  0.16    0.00    3.37 v _078_/A1 (sky130_fd_sc_hd__a21o_1)
     2    0.00    0.08    0.34    3.72 v _078_/X (sky130_fd_sc_hd__a21o_1)
                                         _030_ (net)
                  0.08    0.00    3.72 v _080_/A1 (sky130_fd_sc_hd__a21o_1)
     2    0.01    0.11    0.34    4.06 v _080_/X (sky130_fd_sc_hd__a21o_1)
                                         _032_ (net)
                  0.11    0.00    4.06 v _082_/A2 (sky130_fd_sc_hd__a21oi_2)
     2    0.01    0.21    0.29    4.34 ^ _082_/Y (sky130_fd_sc_hd__a21oi_2)
                                         _034_ (net)
                  0.21    0.00    4.34 ^ _084_/A_N (sky130_fd_sc_hd__and2b_1)
     1    0.01    0.09    0.44    4.78 v _084_/X (sky130_fd_sc_hd__and2b_1)
                                         _036_ (net)
                  0.09    0.00    4.78 v _085_/B1 (sky130_fd_sc_hd__a21oi_2)
     2    0.02    0.34    0.32    5.11 ^ _085_/Y (sky130_fd_sc_hd__a21oi_2)
                                         _037_ (net)
                  0.34    0.00    5.11 ^ _087_/A_N (sky130_fd_sc_hd__and2b_1)
     1    0.00    0.08    0.47    5.58 v _087_/X (sky130_fd_sc_hd__and2b_1)
                                         _039_ (net)
                  0.08    0.00    5.58 v _088_/B1 (sky130_fd_sc_hd__a21oi_2)
     2    0.01    0.21    0.23    5.81 ^ _088_/Y (sky130_fd_sc_hd__a21oi_2)
                                         _040_ (net)
                  0.21    0.00    5.81 ^ _090_/A_N (sky130_fd_sc_hd__and2b_1)
     1    0.00    0.08    0.43    6.24 v _090_/X (sky130_fd_sc_hd__and2b_1)
                                         _042_ (net)
                  0.08    0.00    6.24 v _091_/B1 (sky130_fd_sc_hd__a21o_1)
     2    0.01    0.14    0.37    6.61 v _091_/X (sky130_fd_sc_hd__a21o_1)
                                         _043_ (net)
                  0.14    0.00    6.61 v _092_/B (sky130_fd_sc_hd__xnor2_2)
     2    0.01    0.20    0.24    6.86 ^ _092_/Y (sky130_fd_sc_hd__xnor2_2)
                                         _044_ (net)
                  0.20    0.00    6.86 ^ _094_/A2 (sky130_fd_sc_hd__o21a_1)
     2    0.01    0.20    0.35    7.21 ^ _094_/X (sky130_fd_sc_hd__o21a_1)
                                         _046_ (net)
                  0.20    0.00    7.21 ^ _096_/A_N (sky130_fd_sc_hd__and2b_1)
     1    0.01    0.09    0.44    7.65 v _096_/X (sky130_fd_sc_hd__and2b_1)
                                         _048_ (net)
                  0.09    0.00    7.65 v _097_/B1 (sky130_fd_sc_hd__a21oi_2)
     2    0.01    0.22    0.24    7.89 ^ _097_/Y (sky130_fd_sc_hd__a21oi_2)
                                         _049_ (net)
                  0.22    0.00    7.89 ^ _099_/A_N (sky130_fd_sc_hd__and2b_1)
     1    0.00    0.08    0.44    8.33 v _099_/X (sky130_fd_sc_hd__and2b_1)
                                         _051_ (net)
                  0.08    0.00    8.33 v _100_/B1 (sky130_fd_sc_hd__a21oi_2)
     2    0.01    0.24    0.25    8.57 ^ _100_/Y (sky130_fd_sc_hd__a21oi_2)
                                         _052_ (net)
                  0.24    0.00    8.57 ^ _101_/B (sky130_fd_sc_hd__xnor2_1)
     2    0.01    0.42    0.34    8.91 ^ _101_/Y (sky130_fd_sc_hd__xnor2_1)
                                         _053_ (net)
                  0.42    0.00    8.91 ^ _103_/A2 (sky130_fd_sc_hd__a21o_1)
     2    0.01    0.18    0.43    9.34 ^ _103_/X (sky130_fd_sc_hd__a21o_1)
                                         _055_ (net)
                  0.18    0.00    9.34 ^ _104_/B (sky130_fd_sc_hd__xnor2_2)
     2    0.01    0.20    0.24    9.58 ^ _104_/Y (sky130_fd_sc_hd__xnor2_2)
                                         _056_ (net)
                  0.20    0.00    9.58 ^ _106_/A2 (sky130_fd_sc_hd__o21a_1)
     2    0.01    0.24    0.38    9.96 ^ _106_/X (sky130_fd_sc_hd__o21a_1)
                                         _058_ (net)
                  0.24    0.00    9.96 ^ _108_/A_N (sky130_fd_sc_hd__and2b_1)
     1    0.01    0.09    0.45   10.42 v _108_/X (sky130_fd_sc_hd__and2b_1)
                                         _000_ (net)
                  0.09    0.00   10.42 v _109_/B1 (sky130_fd_sc_hd__a21oi_2)
     2    0.01    0.20    0.22   10.64 ^ _109_/Y (sky130_fd_sc_hd__a21oi_2)
                                         _001_ (net)
                  0.20    0.00   10.64 ^ _111_/A_N (sky130_fd_sc_hd__and2b_1)
     1    0.01    0.10    0.44   11.09 v _111_/X (sky130_fd_sc_hd__and2b_1)
                                         _003_ (net)
                  0.10    0.00   11.09 v _112_/B1 (sky130_fd_sc_hd__a21oi_2)
     2    0.01    0.22    0.24   11.32 ^ _112_/Y (sky130_fd_sc_hd__a21oi_2)
                                         _004_ (net)
                  0.22    0.00   11.32 ^ _114_/A_N (sky130_fd_sc_hd__and2b_1)
     1    0.00    0.07    0.42   11.75 v _114_/X (sky130_fd_sc_hd__and2b_1)
                                         _006_ (net)
                  0.07    0.00   11.75 v _115_/B1 (sky130_fd_sc_hd__a21o_1)
     1    0.01    0.09    0.31   12.06 v _115_/X (sky130_fd_sc_hd__a21o_1)
                                         x20.out (net)
                  0.09    0.00   12.06 v _186_/D (sky130_fd_sc_hd__dfxtp_1)
                                 12.06   data arrival time

                          5.65    5.65   clock core_clock (rise edge)
                          0.00    5.65   clock source latency
     1    0.02    0.00    0.00    5.65 ^ clk (in)
                                         clk (net)
                  0.00    0.00    5.65 ^ clkbuf_0_clk/A (sky130_fd_sc_hd__clkbuf_16)
     4    0.04    0.10    0.22    5.87 ^ clkbuf_0_clk/X (sky130_fd_sc_hd__clkbuf_16)
                                         clknet_0_clk (net)
                  0.10    0.00    5.88 ^ clkbuf_2_1__f_clk/A (sky130_fd_sc_hd__clkbuf_16)
    15    0.04    0.10    0.26    6.14 ^ clkbuf_2_1__f_clk/X (sky130_fd_sc_hd__clkbuf_16)
                                         clknet_2_1__leaf_clk (net)
                  0.10    0.00    6.14 ^ _186_/CLK (sky130_fd_sc_hd__dfxtp_1)
                          0.00    6.14   clock reconvergence pessimism
                         -0.27    5.87   library setup time
                                  5.87   data required time
-----------------------------------------------------------------------------
                                  5.87   data required time
                                -12.06   data arrival time
-----------------------------------------------------------------------------
                                 -6.19   slack (VIOLATED)



======================= Typical Corner ===================================

Startpoint: _137_ (rising edge-triggered flip-flop clocked by core_clock)
Endpoint: _185_ (rising edge-triggered flip-flop clocked by core_clock)
Path Group: core_clock
Path Type: max
Corner: Typical

Fanout     Cap    Slew   Delay    Time   Description
-----------------------------------------------------------------------------
                          0.00    0.00   clock core_clock (rise edge)
                          0.00    0.00   clock source latency
     1    0.02    0.00    0.00    0.00 ^ clk (in)
                                         clk (net)
                  0.00    0.00    0.00 ^ clkbuf_0_clk/A (sky130_fd_sc_hd__clkbuf_16)
     4    0.04    0.06    0.13    0.13 ^ clkbuf_0_clk/X (sky130_fd_sc_hd__clkbuf_16)
                                         clknet_0_clk (net)
                  0.06    0.00    0.13 ^ clkbuf_2_1__f_clk/A (sky130_fd_sc_hd__clkbuf_16)
    15    0.04    0.06    0.15    0.28 ^ clkbuf_2_1__f_clk/X (sky130_fd_sc_hd__clkbuf_16)
                                         clknet_2_1__leaf_clk (net)
                  0.06    0.00    0.28 ^ _137_/CLK (sky130_fd_sc_hd__dfxtp_2)
     3    0.01    0.04    0.33    0.61 v _137_/Q (sky130_fd_sc_hd__dfxtp_2)
                                         x1.a (net)
                  0.04    0.00    0.61 v _062_/B (sky130_fd_sc_hd__or2_4)
     2    0.01    0.05    0.23    0.84 v _062_/X (sky130_fd_sc_hd__or2_4)
                                         _014_ (net)
                  0.05    0.00    0.84 v _064_/A2 (sky130_fd_sc_hd__a21bo_1)
     2    0.01    0.05    0.21    1.05 v _064_/X (sky130_fd_sc_hd__a21bo_1)
                                         _016_ (net)
                  0.05    0.00    1.05 v _066_/B (sky130_fd_sc_hd__xor2_1)
     2    0.00    0.06    0.15    1.20 v _066_/X (sky130_fd_sc_hd__xor2_1)
                                         _018_ (net)
                  0.06    0.00    1.20 v _067_/A (sky130_fd_sc_hd__nand2_1)
     3    0.01    0.09    0.10    1.29 ^ _067_/Y (sky130_fd_sc_hd__nand2_1)
                                         _019_ (net)
                  0.09    0.00    1.29 ^ _068_/B (sky130_fd_sc_hd__nand3b_1)
     2    0.00    0.07    0.09    1.39 v _068_/Y (sky130_fd_sc_hd__nand3b_1)
                                         _020_ (net)
                  0.07    0.00    1.39 v _070_/A2 (sky130_fd_sc_hd__a21o_1)
     2    0.01    0.06    0.21    1.60 v _070_/X (sky130_fd_sc_hd__a21o_1)
                                         _022_ (net)
                  0.06    0.00    1.60 v _071_/B (sky130_fd_sc_hd__xor2_1)
     2    0.01    0.08    0.16    1.76 v _071_/X (sky130_fd_sc_hd__xor2_1)
                                         _023_ (net)
                  0.08    0.00    1.76 v _078_/A1 (sky130_fd_sc_hd__a21o_1)
     2    0.00    0.04    0.17    1.94 v _078_/X (sky130_fd_sc_hd__a21o_1)
                                         _030_ (net)
                  0.04    0.00    1.94 v _080_/A1 (sky130_fd_sc_hd__a21o_1)
     2    0.01    0.06    0.18    2.12 v _080_/X (sky130_fd_sc_hd__a21o_1)
                                         _032_ (net)
                  0.06    0.00    2.12 v _082_/A2 (sky130_fd_sc_hd__a21oi_2)
     2    0.01    0.13    0.17    2.28 ^ _082_/Y (sky130_fd_sc_hd__a21oi_2)
                                         _034_ (net)
                  0.13    0.00    2.28 ^ _084_/A_N (sky130_fd_sc_hd__and2b_1)
     1    0.01    0.04    0.20    2.49 v _084_/X (sky130_fd_sc_hd__and2b_1)
                                         _036_ (net)
                  0.04    0.00    2.49 v _085_/B1 (sky130_fd_sc_hd__a21oi_2)
     2    0.02    0.21    0.19    2.68 ^ _085_/Y (sky130_fd_sc_hd__a21oi_2)
                                         _037_ (net)
                  0.21    0.00    2.68 ^ _087_/A_N (sky130_fd_sc_hd__and2b_1)
     1    0.00    0.04    0.22    2.90 v _087_/X (sky130_fd_sc_hd__and2b_1)
                                         _039_ (net)
                  0.04    0.00    2.90 v _088_/B1 (sky130_fd_sc_hd__a21oi_2)
     2    0.01    0.13    0.13    3.03 ^ _088_/Y (sky130_fd_sc_hd__a21oi_2)
                                         _040_ (net)
                  0.13    0.00    3.03 ^ _090_/A_N (sky130_fd_sc_hd__and2b_1)
     1    0.00    0.04    0.20    3.23 v _090_/X (sky130_fd_sc_hd__and2b_1)
                                         _042_ (net)
                  0.04    0.00    3.23 v _091_/B1 (sky130_fd_sc_hd__a21o_1)
     2    0.01    0.08    0.19    3.43 v _091_/X (sky130_fd_sc_hd__a21o_1)
                                         _043_ (net)
                  0.08    0.00    3.43 v _092_/B (sky130_fd_sc_hd__xnor2_2)
     2    0.01    0.06    0.14    3.57 v _092_/Y (sky130_fd_sc_hd__xnor2_2)
                                         _044_ (net)
                  0.06    0.00    3.57 v _094_/A2 (sky130_fd_sc_hd__o21a_1)
     2    0.01    0.07    0.21    3.78 v _094_/X (sky130_fd_sc_hd__o21a_1)
                                         _046_ (net)
                  0.07    0.00    3.78 v _095_/B (sky130_fd_sc_hd__xnor2_2)
     2    0.01    0.18    0.18    3.96 ^ _095_/Y (sky130_fd_sc_hd__xnor2_2)
                                         _047_ (net)
                  0.18    0.00    3.96 ^ _097_/A1 (sky130_fd_sc_hd__a21oi_2)
     2    0.01    0.07    0.09    4.05 v _097_/Y (sky130_fd_sc_hd__a21oi_2)
                                         _049_ (net)
                  0.07    0.00    4.05 v _098_/A (sky130_fd_sc_hd__xnor2_1)
     2    0.01    0.24    0.25    4.30 ^ _098_/Y (sky130_fd_sc_hd__xnor2_1)
                                         _050_ (net)
                  0.24    0.00    4.30 ^ _100_/A2 (sky130_fd_sc_hd__a21oi_2)
     2    0.01    0.07    0.11    4.41 v _100_/Y (sky130_fd_sc_hd__a21oi_2)
                                         _052_ (net)
                  0.07    0.00    4.41 v _101_/B (sky130_fd_sc_hd__xnor2_1)
     2    0.01    0.26    0.24    4.66 ^ _101_/Y (sky130_fd_sc_hd__xnor2_1)
                                         _053_ (net)
                  0.26    0.00    4.66 ^ _103_/A2 (sky130_fd_sc_hd__a21o_1)
     2    0.01    0.11    0.21    4.87 ^ _103_/X (sky130_fd_sc_hd__a21o_1)
                                         _055_ (net)
                  0.11    0.00    4.87 ^ _104_/B (sky130_fd_sc_hd__xnor2_2)
     2    0.01    0.13    0.12    5.00 ^ _104_/Y (sky130_fd_sc_hd__xnor2_2)
                                         _056_ (net)
                  0.13    0.00    5.00 ^ _106_/A2 (sky130_fd_sc_hd__o21a_1)
     2    0.01    0.14    0.20    5.19 ^ _106_/X (sky130_fd_sc_hd__o21a_1)
                                         _058_ (net)
                  0.14    0.00    5.20 ^ _108_/A_N (sky130_fd_sc_hd__and2b_1)
     1    0.01    0.05    0.21    5.41 v _108_/X (sky130_fd_sc_hd__and2b_1)
                                         _000_ (net)
                  0.05    0.00    5.41 v _109_/B1 (sky130_fd_sc_hd__a21oi_2)
     2    0.01    0.13    0.13    5.54 ^ _109_/Y (sky130_fd_sc_hd__a21oi_2)
                                         _001_ (net)
                  0.13    0.00    5.54 ^ _110_/B (sky130_fd_sc_hd__xnor2_1)
     2    0.01    0.29    0.20    5.73 ^ _110_/Y (sky130_fd_sc_hd__xnor2_1)
                                         _002_ (net)
                  0.29    0.00    5.73 ^ _112_/A2 (sky130_fd_sc_hd__a21oi_2)
     2    0.01    0.07    0.12    5.85 v _112_/Y (sky130_fd_sc_hd__a21oi_2)
                                         _004_ (net)
                  0.07    0.00    5.85 v _113_/B (sky130_fd_sc_hd__xnor2_1)
     2    0.01    0.21    0.21    6.06 ^ _113_/Y (sky130_fd_sc_hd__xnor2_1)
                                         _005_ (net)
                  0.21    0.00    6.07 ^ _135_/B (sky130_fd_sc_hd__xor2_1)
     1    0.01    0.19    0.23    6.29 ^ _135_/X (sky130_fd_sc_hd__xor2_1)
                                         x19.sum (net)
                  0.19    0.00    6.29 ^ _185_/D (sky130_fd_sc_hd__dfxtp_1)
                                  6.29   data arrival time

                          5.65    5.65   clock core_clock (rise edge)
                          0.00    5.65   clock source latency
     1    0.02    0.00    0.00    5.65 ^ clk (in)
                                         clk (net)
                  0.00    0.00    5.65 ^ clkbuf_0_clk/A (sky130_fd_sc_hd__clkbuf_16)
     4    0.04    0.06    0.13    5.78 ^ clkbuf_0_clk/X (sky130_fd_sc_hd__clkbuf_16)
                                         clknet_0_clk (net)
                  0.06    0.00    5.78 ^ clkbuf_2_1__f_clk/A (sky130_fd_sc_hd__clkbuf_16)
    15    0.04    0.06    0.15    5.93 ^ clkbuf_2_1__f_clk/X (sky130_fd_sc_hd__clkbuf_16)
                                         clknet_2_1__leaf_clk (net)
                  0.06    0.00    5.93 ^ _185_/CLK (sky130_fd_sc_hd__dfxtp_1)
                          0.00    5.93   clock reconvergence pessimism
                         -0.09    5.85   library setup time
                                  5.85   data required time
-----------------------------------------------------------------------------
                                  5.85   data required time
                                 -6.29   data arrival time
-----------------------------------------------------------------------------
                                 -0.44   slack (VIOLATED)




===========================================================================
report_checks --slack_max -0.01
============================================================================
======================= Fastest Corner ===================================

No paths found.

======================= Slowest Corner ===================================

Startpoint: _169_ (rising edge-triggered flip-flop clocked by core_clock)
Endpoint: _186_ (rising edge-triggered flip-flop clocked by core_clock)
Path Group: core_clock
Path Type: max
Corner: Slowest

Fanout     Cap    Slew   Delay    Time   Description
-----------------------------------------------------------------------------
                          0.00    0.00   clock core_clock (rise edge)
                          0.00    0.00   clock source latency
     1    0.02    0.00    0.00    0.00 ^ clk (in)
                                         clk (net)
                  0.00    0.00    0.00 ^ clkbuf_0_clk/A (sky130_fd_sc_hd__clkbuf_16)
     4    0.04    0.10    0.22    0.22 ^ clkbuf_0_clk/X (sky130_fd_sc_hd__clkbuf_16)
                                         clknet_0_clk (net)
                  0.10    0.00    0.23 ^ clkbuf_2_1__f_clk/A (sky130_fd_sc_hd__clkbuf_16)
    15    0.04    0.10    0.26    0.49 ^ clkbuf_2_1__f_clk/X (sky130_fd_sc_hd__clkbuf_16)
                                         clknet_2_1__leaf_clk (net)
                  0.10    0.00    0.49 ^ _169_/CLK (sky130_fd_sc_hd__dfxtp_1)
     2    0.01    0.07    0.61    1.10 v _169_/Q (sky130_fd_sc_hd__dfxtp_1)
                                         x1.cin (net)
                  0.07    0.00    1.10 v _062_/A (sky130_fd_sc_hd__or2_4)
     2    0.01    0.09    0.48    1.58 v _062_/X (sky130_fd_sc_hd__or2_4)
                                         _014_ (net)
                  0.09    0.00    1.58 v _064_/A2 (sky130_fd_sc_hd__a21bo_1)
     2    0.01    0.10    0.38    1.96 v _064_/X (sky130_fd_sc_hd__a21bo_1)
                                         _016_ (net)
                  0.10    0.00    1.96 v _066_/B (sky130_fd_sc_hd__xor2_1)
     2    0.00    0.13    0.29    2.25 v _066_/X (sky130_fd_sc_hd__xor2_1)
                                         _018_ (net)
                  0.13    0.00    2.25 v _067_/A (sky130_fd_sc_hd__nand2_1)
     3    0.01    0.15    0.17    2.42 ^ _067_/Y (sky130_fd_sc_hd__nand2_1)
                                         _019_ (net)
                  0.15    0.00    2.43 ^ _068_/B (sky130_fd_sc_hd__nand3b_1)
     2    0.00    0.17    0.22    2.65 v _068_/Y (sky130_fd_sc_hd__nand3b_1)
                                         _020_ (net)
                  0.17    0.00    2.65 v _070_/A2 (sky130_fd_sc_hd__a21o_1)
     2    0.01    0.11    0.41    3.06 v _070_/X (sky130_fd_sc_hd__a21o_1)
                                         _022_ (net)
                  0.11    0.00    3.06 v _071_/B (sky130_fd_sc_hd__xor2_1)
     2    0.01    0.16    0.32    3.37 v _071_/X (sky130_fd_sc_hd__xor2_1)
                                         _023_ (net)
                  0.16    0.00    3.37 v _078_/A1 (sky130_fd_sc_hd__a21o_1)
     2    0.00    0.08    0.34    3.72 v _078_/X (sky130_fd_sc_hd__a21o_1)
                                         _030_ (net)
                  0.08    0.00    3.72 v _080_/A1 (sky130_fd_sc_hd__a21o_1)
     2    0.01    0.11    0.34    4.06 v _080_/X (sky130_fd_sc_hd__a21o_1)
                                         _032_ (net)
                  0.11    0.00    4.06 v _082_/A2 (sky130_fd_sc_hd__a21oi_2)
     2    0.01    0.21    0.29    4.34 ^ _082_/Y (sky130_fd_sc_hd__a21oi_2)
                                         _034_ (net)
                  0.21    0.00    4.34 ^ _084_/A_N (sky130_fd_sc_hd__and2b_1)
     1    0.01    0.09    0.44    4.78 v _084_/X (sky130_fd_sc_hd__and2b_1)
                                         _036_ (net)
                  0.09    0.00    4.78 v _085_/B1 (sky130_fd_sc_hd__a21oi_2)
     2    0.02    0.34    0.32    5.11 ^ _085_/Y (sky130_fd_sc_hd__a21oi_2)
                                         _037_ (net)
                  0.34    0.00    5.11 ^ _087_/A_N (sky130_fd_sc_hd__and2b_1)
     1    0.00    0.08    0.47    5.58 v _087_/X (sky130_fd_sc_hd__and2b_1)
                                         _039_ (net)
                  0.08    0.00    5.58 v _088_/B1 (sky130_fd_sc_hd__a21oi_2)
     2    0.01    0.21    0.23    5.81 ^ _088_/Y (sky130_fd_sc_hd__a21oi_2)
                                         _040_ (net)
                  0.21    0.00    5.81 ^ _090_/A_N (sky130_fd_sc_hd__and2b_1)
     1    0.00    0.08    0.43    6.24 v _090_/X (sky130_fd_sc_hd__and2b_1)
                                         _042_ (net)
                  0.08    0.00    6.24 v _091_/B1 (sky130_fd_sc_hd__a21o_1)
     2    0.01    0.14    0.37    6.61 v _091_/X (sky130_fd_sc_hd__a21o_1)
                                         _043_ (net)
                  0.14    0.00    6.61 v _092_/B (sky130_fd_sc_hd__xnor2_2)
     2    0.01    0.20    0.24    6.86 ^ _092_/Y (sky130_fd_sc_hd__xnor2_2)
                                         _044_ (net)
                  0.20    0.00    6.86 ^ _094_/A2 (sky130_fd_sc_hd__o21a_1)
     2    0.01    0.20    0.35    7.21 ^ _094_/X (sky130_fd_sc_hd__o21a_1)
                                         _046_ (net)
                  0.20    0.00    7.21 ^ _096_/A_N (sky130_fd_sc_hd__and2b_1)
     1    0.01    0.09    0.44    7.65 v _096_/X (sky130_fd_sc_hd__and2b_1)
                                         _048_ (net)
                  0.09    0.00    7.65 v _097_/B1 (sky130_fd_sc_hd__a21oi_2)
     2    0.01    0.22    0.24    7.89 ^ _097_/Y (sky130_fd_sc_hd__a21oi_2)
                                         _049_ (net)
                  0.22    0.00    7.89 ^ _099_/A_N (sky130_fd_sc_hd__and2b_1)
     1    0.00    0.08    0.44    8.33 v _099_/X (sky130_fd_sc_hd__and2b_1)
                                         _051_ (net)
                  0.08    0.00    8.33 v _100_/B1 (sky130_fd_sc_hd__a21oi_2)
     2    0.01    0.24    0.25    8.57 ^ _100_/Y (sky130_fd_sc_hd__a21oi_2)
                                         _052_ (net)
                  0.24    0.00    8.57 ^ _101_/B (sky130_fd_sc_hd__xnor2_1)
     2    0.01    0.42    0.34    8.91 ^ _101_/Y (sky130_fd_sc_hd__xnor2_1)
                                         _053_ (net)
                  0.42    0.00    8.91 ^ _103_/A2 (sky130_fd_sc_hd__a21o_1)
     2    0.01    0.18    0.43    9.34 ^ _103_/X (sky130_fd_sc_hd__a21o_1)
                                         _055_ (net)
                  0.18    0.00    9.34 ^ _104_/B (sky130_fd_sc_hd__xnor2_2)
     2    0.01    0.20    0.24    9.58 ^ _104_/Y (sky130_fd_sc_hd__xnor2_2)
                                         _056_ (net)
                  0.20    0.00    9.58 ^ _106_/A2 (sky130_fd_sc_hd__o21a_1)
     2    0.01    0.24    0.38    9.96 ^ _106_/X (sky130_fd_sc_hd__o21a_1)
                                         _058_ (net)
                  0.24    0.00    9.96 ^ _108_/A_N (sky130_fd_sc_hd__and2b_1)
     1    0.01    0.09    0.45   10.42 v _108_/X (sky130_fd_sc_hd__and2b_1)
                                         _000_ (net)
                  0.09    0.00   10.42 v _109_/B1 (sky130_fd_sc_hd__a21oi_2)
     2    0.01    0.20    0.22   10.64 ^ _109_/Y (sky130_fd_sc_hd__a21oi_2)
                                         _001_ (net)
                  0.20    0.00   10.64 ^ _111_/A_N (sky130_fd_sc_hd__and2b_1)
     1    0.01    0.10    0.44   11.09 v _111_/X (sky130_fd_sc_hd__and2b_1)
                                         _003_ (net)
                  0.10    0.00   11.09 v _112_/B1 (sky130_fd_sc_hd__a21oi_2)
     2    0.01    0.22    0.24   11.32 ^ _112_/Y (sky130_fd_sc_hd__a21oi_2)
                                         _004_ (net)
                  0.22    0.00   11.32 ^ _114_/A_N (sky130_fd_sc_hd__and2b_1)
     1    0.00    0.07    0.42   11.75 v _114_/X (sky130_fd_sc_hd__and2b_1)
                                         _006_ (net)
                  0.07    0.00   11.75 v _115_/B1 (sky130_fd_sc_hd__a21o_1)
     1    0.01    0.09    0.31   12.06 v _115_/X (sky130_fd_sc_hd__a21o_1)
                                         x20.out (net)
                  0.09    0.00   12.06 v _186_/D (sky130_fd_sc_hd__dfxtp_1)
                                 12.06   data arrival time

                          5.65    5.65   clock core_clock (rise edge)
                          0.00    5.65   clock source latency
     1    0.02    0.00    0.00    5.65 ^ clk (in)
                                         clk (net)
                  0.00    0.00    5.65 ^ clkbuf_0_clk/A (sky130_fd_sc_hd__clkbuf_16)
     4    0.04    0.10    0.22    5.87 ^ clkbuf_0_clk/X (sky130_fd_sc_hd__clkbuf_16)
                                         clknet_0_clk (net)
                  0.10    0.00    5.88 ^ clkbuf_2_1__f_clk/A (sky130_fd_sc_hd__clkbuf_16)
    15    0.04    0.10    0.26    6.14 ^ clkbuf_2_1__f_clk/X (sky130_fd_sc_hd__clkbuf_16)
                                         clknet_2_1__leaf_clk (net)
                  0.10    0.00    6.14 ^ _186_/CLK (sky130_fd_sc_hd__dfxtp_1)
                          0.00    6.14   clock reconvergence pessimism
                         -0.27    5.87   library setup time
                                  5.87   data required time
-----------------------------------------------------------------------------
                                  5.87   data required time
                                -12.06   data arrival time
-----------------------------------------------------------------------------
                                 -6.19   slack (VIOLATED)



======================= Typical Corner ===================================

Startpoint: _137_ (rising edge-triggered flip-flop clocked by core_clock)
Endpoint: _185_ (rising edge-triggered flip-flop clocked by core_clock)
Path Group: core_clock
Path Type: max
Corner: Typical

Fanout     Cap    Slew   Delay    Time   Description
-----------------------------------------------------------------------------
                          0.00    0.00   clock core_clock (rise edge)
                          0.00    0.00   clock source latency
     1    0.02    0.00    0.00    0.00 ^ clk (in)
                                         clk (net)
                  0.00    0.00    0.00 ^ clkbuf_0_clk/A (sky130_fd_sc_hd__clkbuf_16)
     4    0.04    0.06    0.13    0.13 ^ clkbuf_0_clk/X (sky130_fd_sc_hd__clkbuf_16)
                                         clknet_0_clk (net)
                  0.06    0.00    0.13 ^ clkbuf_2_1__f_clk/A (sky130_fd_sc_hd__clkbuf_16)
    15    0.04    0.06    0.15    0.28 ^ clkbuf_2_1__f_clk/X (sky130_fd_sc_hd__clkbuf_16)
                                         clknet_2_1__leaf_clk (net)
                  0.06    0.00    0.28 ^ _137_/CLK (sky130_fd_sc_hd__dfxtp_2)
     3    0.01    0.04    0.33    0.61 v _137_/Q (sky130_fd_sc_hd__dfxtp_2)
                                         x1.a (net)
                  0.04    0.00    0.61 v _062_/B (sky130_fd_sc_hd__or2_4)
     2    0.01    0.05    0.23    0.84 v _062_/X (sky130_fd_sc_hd__or2_4)
                                         _014_ (net)
                  0.05    0.00    0.84 v _064_/A2 (sky130_fd_sc_hd__a21bo_1)
     2    0.01    0.05    0.21    1.05 v _064_/X (sky130_fd_sc_hd__a21bo_1)
                                         _016_ (net)
                  0.05    0.00    1.05 v _066_/B (sky130_fd_sc_hd__xor2_1)
     2    0.00    0.06    0.15    1.20 v _066_/X (sky130_fd_sc_hd__xor2_1)
                                         _018_ (net)
                  0.06    0.00    1.20 v _067_/A (sky130_fd_sc_hd__nand2_1)
     3    0.01    0.09    0.10    1.29 ^ _067_/Y (sky130_fd_sc_hd__nand2_1)
                                         _019_ (net)
                  0.09    0.00    1.29 ^ _068_/B (sky130_fd_sc_hd__nand3b_1)
     2    0.00    0.07    0.09    1.39 v _068_/Y (sky130_fd_sc_hd__nand3b_1)
                                         _020_ (net)
                  0.07    0.00    1.39 v _070_/A2 (sky130_fd_sc_hd__a21o_1)
     2    0.01    0.06    0.21    1.60 v _070_/X (sky130_fd_sc_hd__a21o_1)
                                         _022_ (net)
                  0.06    0.00    1.60 v _071_/B (sky130_fd_sc_hd__xor2_1)
     2    0.01    0.08    0.16    1.76 v _071_/X (sky130_fd_sc_hd__xor2_1)
                                         _023_ (net)
                  0.08    0.00    1.76 v _078_/A1 (sky130_fd_sc_hd__a21o_1)
     2    0.00    0.04    0.17    1.94 v _078_/X (sky130_fd_sc_hd__a21o_1)
                                         _030_ (net)
                  0.04    0.00    1.94 v _080_/A1 (sky130_fd_sc_hd__a21o_1)
     2    0.01    0.06    0.18    2.12 v _080_/X (sky130_fd_sc_hd__a21o_1)
                                         _032_ (net)
                  0.06    0.00    2.12 v _082_/A2 (sky130_fd_sc_hd__a21oi_2)
     2    0.01    0.13    0.17    2.28 ^ _082_/Y (sky130_fd_sc_hd__a21oi_2)
                                         _034_ (net)
                  0.13    0.00    2.28 ^ _084_/A_N (sky130_fd_sc_hd__and2b_1)
     1    0.01    0.04    0.20    2.49 v _084_/X (sky130_fd_sc_hd__and2b_1)
                                         _036_ (net)
                  0.04    0.00    2.49 v _085_/B1 (sky130_fd_sc_hd__a21oi_2)
     2    0.02    0.21    0.19    2.68 ^ _085_/Y (sky130_fd_sc_hd__a21oi_2)
                                         _037_ (net)
                  0.21    0.00    2.68 ^ _087_/A_N (sky130_fd_sc_hd__and2b_1)
     1    0.00    0.04    0.22    2.90 v _087_/X (sky130_fd_sc_hd__and2b_1)
                                         _039_ (net)
                  0.04    0.00    2.90 v _088_/B1 (sky130_fd_sc_hd__a21oi_2)
     2    0.01    0.13    0.13    3.03 ^ _088_/Y (sky130_fd_sc_hd__a21oi_2)
                                         _040_ (net)
                  0.13    0.00    3.03 ^ _090_/A_N (sky130_fd_sc_hd__and2b_1)
     1    0.00    0.04    0.20    3.23 v _090_/X (sky130_fd_sc_hd__and2b_1)
                                         _042_ (net)
                  0.04    0.00    3.23 v _091_/B1 (sky130_fd_sc_hd__a21o_1)
     2    0.01    0.08    0.19    3.43 v _091_/X (sky130_fd_sc_hd__a21o_1)
                                         _043_ (net)
                  0.08    0.00    3.43 v _092_/B (sky130_fd_sc_hd__xnor2_2)
     2    0.01    0.06    0.14    3.57 v _092_/Y (sky130_fd_sc_hd__xnor2_2)
                                         _044_ (net)
                  0.06    0.00    3.57 v _094_/A2 (sky130_fd_sc_hd__o21a_1)
     2    0.01    0.07    0.21    3.78 v _094_/X (sky130_fd_sc_hd__o21a_1)
                                         _046_ (net)
                  0.07    0.00    3.78 v _095_/B (sky130_fd_sc_hd__xnor2_2)
     2    0.01    0.18    0.18    3.96 ^ _095_/Y (sky130_fd_sc_hd__xnor2_2)
                                         _047_ (net)
                  0.18    0.00    3.96 ^ _097_/A1 (sky130_fd_sc_hd__a21oi_2)
     2    0.01    0.07    0.09    4.05 v _097_/Y (sky130_fd_sc_hd__a21oi_2)
                                         _049_ (net)
                  0.07    0.00    4.05 v _098_/A (sky130_fd_sc_hd__xnor2_1)
     2    0.01    0.24    0.25    4.30 ^ _098_/Y (sky130_fd_sc_hd__xnor2_1)
                                         _050_ (net)
                  0.24    0.00    4.30 ^ _100_/A2 (sky130_fd_sc_hd__a21oi_2)
     2    0.01    0.07    0.11    4.41 v _100_/Y (sky130_fd_sc_hd__a21oi_2)
                                         _052_ (net)
                  0.07    0.00    4.41 v _101_/B (sky130_fd_sc_hd__xnor2_1)
     2    0.01    0.26    0.24    4.66 ^ _101_/Y (sky130_fd_sc_hd__xnor2_1)
                                         _053_ (net)
                  0.26    0.00    4.66 ^ _103_/A2 (sky130_fd_sc_hd__a21o_1)
     2    0.01    0.11    0.21    4.87 ^ _103_/X (sky130_fd_sc_hd__a21o_1)
                                         _055_ (net)
                  0.11    0.00    4.87 ^ _104_/B (sky130_fd_sc_hd__xnor2_2)
     2    0.01    0.13    0.12    5.00 ^ _104_/Y (sky130_fd_sc_hd__xnor2_2)
                                         _056_ (net)
                  0.13    0.00    5.00 ^ _106_/A2 (sky130_fd_sc_hd__o21a_1)
     2    0.01    0.14    0.20    5.19 ^ _106_/X (sky130_fd_sc_hd__o21a_1)
                                         _058_ (net)
                  0.14    0.00    5.20 ^ _108_/A_N (sky130_fd_sc_hd__and2b_1)
     1    0.01    0.05    0.21    5.41 v _108_/X (sky130_fd_sc_hd__and2b_1)
                                         _000_ (net)
                  0.05    0.00    5.41 v _109_/B1 (sky130_fd_sc_hd__a21oi_2)
     2    0.01    0.13    0.13    5.54 ^ _109_/Y (sky130_fd_sc_hd__a21oi_2)
                                         _001_ (net)
                  0.13    0.00    5.54 ^ _110_/B (sky130_fd_sc_hd__xnor2_1)
     2    0.01    0.29    0.20    5.73 ^ _110_/Y (sky130_fd_sc_hd__xnor2_1)
                                         _002_ (net)
                  0.29    0.00    5.73 ^ _112_/A2 (sky130_fd_sc_hd__a21oi_2)
     2    0.01    0.07    0.12    5.85 v _112_/Y (sky130_fd_sc_hd__a21oi_2)
                                         _004_ (net)
                  0.07    0.00    5.85 v _113_/B (sky130_fd_sc_hd__xnor2_1)
     2    0.01    0.21    0.21    6.06 ^ _113_/Y (sky130_fd_sc_hd__xnor2_1)
                                         _005_ (net)
                  0.21    0.00    6.07 ^ _135_/B (sky130_fd_sc_hd__xor2_1)
     1    0.01    0.19    0.23    6.29 ^ _135_/X (sky130_fd_sc_hd__xor2_1)
                                         x19.sum (net)
                  0.19    0.00    6.29 ^ _185_/D (sky130_fd_sc_hd__dfxtp_1)
                                  6.29   data arrival time

                          5.65    5.65   clock core_clock (rise edge)
                          0.00    5.65   clock source latency
     1    0.02    0.00    0.00    5.65 ^ clk (in)
                                         clk (net)
                  0.00    0.00    5.65 ^ clkbuf_0_clk/A (sky130_fd_sc_hd__clkbuf_16)
     4    0.04    0.06    0.13    5.78 ^ clkbuf_0_clk/X (sky130_fd_sc_hd__clkbuf_16)
                                         clknet_0_clk (net)
                  0.06    0.00    5.78 ^ clkbuf_2_1__f_clk/A (sky130_fd_sc_hd__clkbuf_16)
    15    0.04    0.06    0.15    5.93 ^ clkbuf_2_1__f_clk/X (sky130_fd_sc_hd__clkbuf_16)
                                         clknet_2_1__leaf_clk (net)
                  0.06    0.00    5.93 ^ _185_/CLK (sky130_fd_sc_hd__dfxtp_1)
                          0.00    5.93   clock reconvergence pessimism
                         -0.09    5.85   library setup time
                                  5.85   data required time
-----------------------------------------------------------------------------
                                  5.85   data required time
                                 -6.29   data arrival time
-----------------------------------------------------------------------------
                                 -0.44   slack (VIOLATED)




===========================================================================
 report_check_types -max_slew -max_cap -max_fanout -violators
============================================================================
======================= Fastest Corner ===================================


max slew violations count Fastest: 0
max fanout violations count Fastest: 0
max cap violations count Fastest: 0
======================= Slowest Corner ===================================


max slew violations count Slowest: 0
max fanout violations count Slowest: 0
max cap violations count Slowest: 0
======================= Typical Corner ===================================


max slew violations count Typical: 0
max fanout violations count Typical: 0
max cap violations count Typical: 0

===========================================================================
report_parasitic_annotation -report_unannotated
============================================================================
Found 3 unannotated drivers.
 clkload0/Y
 clkload1/Y
 clkload2/Y
Found 0 partially unannotated drivers.

===========================================================================
max slew violation count 0
max fanout violation count 0
max cap violation count 0
============================================================================

===========================================================================
check_setup -verbose -unconstrained_endpoints -multiple_clock -no_clock -no_input_delay -loops -generated_clocks
===========================================================================
Warning: There are 33 input ports missing set_input_delay.
  a1
  a10
  a11
  a12
  a13
  a14
  a15
  a16
  a2
  a3
  a4
  a5
  a6
  a7
  a8
  a9
  b1
  b10
  b11
  b12
  b13
  b14
  b15
  b16
  b2
  b3
  b4
  b5
  b6
  b7
  b8
  b9
  cin
Warning: There are 50 unconstrained endpoints.
  cout
  s1
  s10
  s11
  s12
  s13
  s14
  s15
  s16
  s2
  s3
  s4
  s5
  s6
  s7
  s8
  s9
  _137_/D
  _138_/D
  _139_/D
  _140_/D
  _141_/D
  _142_/D
  _143_/D
  _144_/D
  _145_/D
  _146_/D
  _147_/D
  _148_/D
  _149_/D
  _150_/D
  _151_/D
  _152_/D
  _153_/D
  _154_/D
  _155_/D
  _156_/D
  _157_/D
  _158_/D
  _159_/D
  _160_/D
  _161_/D
  _162_/D
  _163_/D
  _164_/D
  _165_/D
  _166_/D
  _167_/D
  _168_/D
  _169_/D
