OpenROAD b16bda7e82721d10566ff7e2b68f1ff0be9f9e38 
Features included (+) or not (-): +Charts +GPU +GUI +Python
This program is licensed under the BSD-3 license. See the LICENSE file for details.
Components of this program may be licensed under more restrictive licenses which must be honored.
define_corners Typical
read_liberty -corner Typical /volare/sky130A/libs.ref/sky130_fd_sc_hd/lib/sky130_fd_sc_hd__tt_025C_1v80.lib
Using 1e-12 for capacitance...
Using 1e+03 for resistance...
Using 1e-09 for time...
Using 1e+00 for voltage...
Using 1e-03 for current...
Using 1e-09 for power...
Using 1e-06 for distance...
[INFO]: Reading ODB at '/openlane/designs/adder/runs/auto_pnr/results/placement/adder.odb'…
Reading design constraints file at '/openlane/designs/adder/src/adder.sdc'…
[INFO]: Setting RC values...
min_report

===========================================================================
report_checks -path_delay min (Hold)
============================================================================
======================= Typical Corner ===================================

Startpoint: _204_ (rising edge-triggered flip-flop clocked by core_clock)
Endpoint: _205_ (rising edge-triggered flip-flop clocked by core_clock)
Path Group: core_clock
Path Type: min

Fanout     Cap    Slew   Delay    Time   Description
-----------------------------------------------------------------------------
                  0.00    0.00    0.00   clock core_clock (rise edge)
                          0.00    0.00   clock network delay (ideal)
                  0.00    0.00    0.00 ^ _204_/CLK (sky130_fd_sc_hd__dfxtp_1)
     2    0.01    0.09    0.32    0.32 ^ _204_/Q (sky130_fd_sc_hd__dfxtp_1)
                                         cin_q (net)
                  0.09    0.00    0.32 ^ _078_/A (sky130_fd_sc_hd__xnor2_1)
     1    0.00    0.04    0.09    0.41 v _078_/Y (sky130_fd_sc_hd__xnor2_1)
                                         sum_d[0] (net)
                  0.04    0.00    0.41 v _205_/D (sky130_fd_sc_hd__dfxtp_1)
                                  0.41   data arrival time

                  0.00    0.00    0.00   clock core_clock (rise edge)
                          0.00    0.00   clock network delay (ideal)
                          0.00    0.00   clock reconvergence pessimism
                                  0.00 ^ _205_/CLK (sky130_fd_sc_hd__dfxtp_1)
                         -0.06   -0.06   library hold time
                                 -0.06   data required time
-----------------------------------------------------------------------------
                                 -0.06   data required time
                                 -0.41   data arrival time
-----------------------------------------------------------------------------
                                  0.47   slack (MET)


Startpoint: _187_ (rising edge-triggered flip-flop clocked by core_clock)
Endpoint: _171_ (rising edge-triggered flip-flop clocked by core_clock)
Path Group: core_clock
Path Type: min

Fanout     Cap    Slew   Delay    Time   Description
-----------------------------------------------------------------------------
                  0.00    0.00    0.00   clock core_clock (rise edge)
                          0.00    0.00   clock network delay (ideal)
                  0.00    0.00    0.00 ^ _187_/CLK (sky130_fd_sc_hd__dfxtp_1)
     2    0.01    0.04    0.29    0.29 v _187_/Q (sky130_fd_sc_hd__dfxtp_1)
                                         a_q[15] (net)
                  0.04    0.00    0.29 v _162_/A (sky130_fd_sc_hd__nand2_1)
     2    0.00    0.05    0.06    0.35 ^ _162_/Y (sky130_fd_sc_hd__nand2_1)
                                         _031_ (net)
                  0.05    0.00    0.35 ^ _166_/B1 (sky130_fd_sc_hd__o21ai_1)
     1    0.00    0.05    0.07    0.42 v _166_/Y (sky130_fd_sc_hd__o21ai_1)
                                         sum_d[16] (net)
                  0.05    0.00    0.42 v _171_/D (sky130_fd_sc_hd__dfxtp_1)
                                  0.42   data arrival time

                  0.00    0.00    0.00   clock core_clock (rise edge)
                          0.00    0.00   clock network delay (ideal)
                          0.00    0.00   clock reconvergence pessimism
                                  0.00 ^ _171_/CLK (sky130_fd_sc_hd__dfxtp_1)
                         -0.06   -0.06   library hold time
                                 -0.06   data required time
-----------------------------------------------------------------------------
                                 -0.06   data required time
                                 -0.42   data arrival time
-----------------------------------------------------------------------------
                                  0.48   slack (MET)


Startpoint: _189_ (rising edge-triggered flip-flop clocked by core_clock)
Endpoint: _206_ (rising edge-triggered flip-flop clocked by core_clock)
Path Group: core_clock
Path Type: min

Fanout     Cap    Slew   Delay    Time   Description
-----------------------------------------------------------------------------
                  0.00    0.00    0.00   clock core_clock (rise edge)
                          0.00    0.00   clock network delay (ideal)
                  0.00    0.00    0.00 ^ _189_/CLK (sky130_fd_sc_hd__dfxtp_1)
     2    0.01    0.07    0.30    0.30 ^ _189_/Q (sky130_fd_sc_hd__dfxtp_1)
                                         b_q[1] (net)
                  0.07    0.00    0.30 ^ _081_/B (sky130_fd_sc_hd__nand2_1)
     2    0.00    0.04    0.06    0.36 v _081_/Y (sky130_fd_sc_hd__nand2_1)
                                         _039_ (net)
                  0.04    0.00    0.36 v _082_/B (sky130_fd_sc_hd__nand2_1)
     1    0.00    0.06    0.07    0.43 ^ _082_/Y (sky130_fd_sc_hd__nand2_1)
                                         _040_ (net)
                  0.06    0.00    0.43 ^ _083_/B (sky130_fd_sc_hd__xnor2_1)
     1    0.00    0.04    0.06    0.50 v _083_/Y (sky130_fd_sc_hd__xnor2_1)
                                         sum_d[1] (net)
                  0.04    0.00    0.50 v _206_/D (sky130_fd_sc_hd__dfxtp_1)
                                  0.50   data arrival time

                  0.00    0.00    0.00   clock core_clock (rise edge)
                          0.00    0.00   clock network delay (ideal)
                          0.00    0.00   clock reconvergence pessimism
                                  0.00 ^ _206_/CLK (sky130_fd_sc_hd__dfxtp_1)
                         -0.06   -0.06   library hold time
                                 -0.06   data required time
-----------------------------------------------------------------------------
                                 -0.06   data required time
                                 -0.50   data arrival time
-----------------------------------------------------------------------------
                                  0.56   slack (MET)


Startpoint: _186_ (rising edge-triggered flip-flop clocked by core_clock)
Endpoint: _169_ (rising edge-triggered flip-flop clocked by core_clock)
Path Group: core_clock
Path Type: min

Fanout     Cap    Slew   Delay    Time   Description
-----------------------------------------------------------------------------
                  0.00    0.00    0.00   clock core_clock (rise edge)
                          0.00    0.00   clock network delay (ideal)
                  0.00    0.00    0.00 ^ _186_/CLK (sky130_fd_sc_hd__dfxtp_1)
     2    0.00    0.05    0.29    0.29 ^ _186_/Q (sky130_fd_sc_hd__dfxtp_1)
                                         a_q[14] (net)
                  0.05    0.00    0.29 ^ _156_/A (sky130_fd_sc_hd__nand2_1)
     2    0.01    0.05    0.06    0.36 v _156_/Y (sky130_fd_sc_hd__nand2_1)
                                         _026_ (net)
                  0.05    0.00    0.36 v _157_/B (sky130_fd_sc_hd__nand2_1)
     2    0.01    0.08    0.09    0.45 ^ _157_/Y (sky130_fd_sc_hd__nand2_1)
                                         _027_ (net)
                  0.08    0.00    0.45 ^ _160_/A (sky130_fd_sc_hd__xnor2_1)
     1    0.00    0.05    0.08    0.53 v _160_/Y (sky130_fd_sc_hd__xnor2_1)
                                         sum_d[14] (net)
                  0.05    0.00    0.53 v _169_/D (sky130_fd_sc_hd__dfxtp_1)
                                  0.53   data arrival time

                  0.00    0.00    0.00   clock core_clock (rise edge)
                          0.00    0.00   clock network delay (ideal)
                          0.00    0.00   clock reconvergence pessimism
                                  0.00 ^ _169_/CLK (sky130_fd_sc_hd__dfxtp_1)
                         -0.07   -0.07   library hold time
                                 -0.07   data required time
-----------------------------------------------------------------------------
                                 -0.07   data required time
                                 -0.53   data arrival time
-----------------------------------------------------------------------------
                                  0.60   slack (MET)


Startpoint: _180_ (rising edge-triggered flip-flop clocked by core_clock)
Endpoint: _214_ (rising edge-triggered flip-flop clocked by core_clock)
Path Group: core_clock
Path Type: min

Fanout     Cap    Slew   Delay    Time   Description
-----------------------------------------------------------------------------
                  0.00    0.00    0.00   clock core_clock (rise edge)
                          0.00    0.00   clock network delay (ideal)
                  0.00    0.00    0.00 ^ _180_/CLK (sky130_fd_sc_hd__dfxtp_1)
     3    0.01    0.05    0.29    0.29 v _180_/Q (sky130_fd_sc_hd__dfxtp_1)
                                         a_q[8] (net)
                  0.05    0.00    0.29 v _122_/A (sky130_fd_sc_hd__nand2_1)
     2    0.01    0.06    0.07    0.36 ^ _122_/Y (sky130_fd_sc_hd__nand2_1)
                                         _073_ (net)
                  0.06    0.00    0.36 ^ _127_/B1 (sky130_fd_sc_hd__o21a_1)
     1    0.00    0.06    0.13    0.49 ^ _127_/X (sky130_fd_sc_hd__o21a_1)
                                         _002_ (net)
                  0.06    0.00    0.49 ^ _128_/B (sky130_fd_sc_hd__xnor2_1)
     1    0.00    0.03    0.06    0.55 v _128_/Y (sky130_fd_sc_hd__xnor2_1)
                                         sum_d[9] (net)
                  0.03    0.00    0.55 v _214_/D (sky130_fd_sc_hd__dfxtp_1)
                                  0.55   data arrival time

                  0.00    0.00    0.00   clock core_clock (rise edge)
                          0.00    0.00   clock network delay (ideal)
                          0.00    0.00   clock reconvergence pessimism
                                  0.00 ^ _214_/CLK (sky130_fd_sc_hd__dfxtp_1)
                         -0.06   -0.06   library hold time
                                 -0.06   data required time
-----------------------------------------------------------------------------
                                 -0.06   data required time
                                 -0.55   data arrival time
-----------------------------------------------------------------------------
                                  0.61   slack (MET)


Startpoint: _178_ (rising edge-triggered flip-flop clocked by core_clock)
Endpoint: _212_ (rising edge-triggered flip-flop clocked by core_clock)
Path Group: core_clock
Path Type: min

Fanout     Cap    Slew   Delay    Time   Description
-----------------------------------------------------------------------------
                  0.00    0.00    0.00   clock core_clock (rise edge)
                          0.00    0.00   clock network delay (ideal)
                  0.00    0.00    0.00 ^ _178_/CLK (sky130_fd_sc_hd__dfxtp_1)
     3    0.01    0.05    0.30    0.30 v _178_/Q (sky130_fd_sc_hd__dfxtp_1)
                                         a_q[6] (net)
                  0.05    0.00    0.30 v _116_/A (sky130_fd_sc_hd__nand2_1)
     2    0.01    0.06    0.08    0.37 ^ _116_/Y (sky130_fd_sc_hd__nand2_1)
                                         _068_ (net)
                  0.06    0.00    0.37 ^ _117_/B1 (sky130_fd_sc_hd__o21a_1)
     1    0.00    0.06    0.13    0.50 ^ _117_/X (sky130_fd_sc_hd__o21a_1)
                                         _069_ (net)
                  0.06    0.00    0.50 ^ _118_/B (sky130_fd_sc_hd__xnor2_1)
     1    0.00    0.03    0.05    0.55 v _118_/Y (sky130_fd_sc_hd__xnor2_1)
                                         sum_d[7] (net)
                  0.03    0.00    0.55 v _212_/D (sky130_fd_sc_hd__dfxtp_1)
                                  0.55   data arrival time

                  0.00    0.00    0.00   clock core_clock (rise edge)
                          0.00    0.00   clock network delay (ideal)
                          0.00    0.00   clock reconvergence pessimism
                                  0.00 ^ _212_/CLK (sky130_fd_sc_hd__dfxtp_1)
                         -0.06   -0.06   library hold time
                                 -0.06   data required time
-----------------------------------------------------------------------------
                                 -0.06   data required time
                                 -0.55   data arrival time
-----------------------------------------------------------------------------
                                  0.61   slack (MET)


Startpoint: _180_ (rising edge-triggered flip-flop clocked by core_clock)
Endpoint: _213_ (rising edge-triggered flip-flop clocked by core_clock)
Path Group: core_clock
Path Type: min

Fanout     Cap    Slew   Delay    Time   Description
-----------------------------------------------------------------------------
                  0.00    0.00    0.00   clock core_clock (rise edge)
                          0.00    0.00   clock network delay (ideal)
                  0.00    0.00    0.00 ^ _180_/CLK (sky130_fd_sc_hd__dfxtp_1)
     3    0.01    0.08    0.32    0.32 ^ _180_/Q (sky130_fd_sc_hd__dfxtp_1)
                                         a_q[8] (net)
                  0.08    0.00    0.32 ^ _122_/A (sky130_fd_sc_hd__nand2_1)
     2    0.01    0.05    0.07    0.38 v _122_/Y (sky130_fd_sc_hd__nand2_1)
                                         _073_ (net)
                  0.05    0.00    0.38 v _124_/A (sky130_fd_sc_hd__nand2_1)
     3    0.01    0.10    0.10    0.48 ^ _124_/Y (sky130_fd_sc_hd__nand2_1)
                                         _000_ (net)
                  0.10    0.00    0.49 ^ _125_/B (sky130_fd_sc_hd__xor2_1)
     1    0.00    0.03    0.07    0.55 v _125_/X (sky130_fd_sc_hd__xor2_1)
                                         sum_d[8] (net)
                  0.03    0.00    0.55 v _213_/D (sky130_fd_sc_hd__dfxtp_1)
                                  0.55   data arrival time

                  0.00    0.00    0.00   clock core_clock (rise edge)
                          0.00    0.00   clock network delay (ideal)
                          0.00    0.00   clock reconvergence pessimism
                                  0.00 ^ _213_/CLK (sky130_fd_sc_hd__dfxtp_1)
                         -0.06   -0.06   library hold time
                                 -0.06   data required time
-----------------------------------------------------------------------------
                                 -0.06   data required time
                                 -0.55   data arrival time
-----------------------------------------------------------------------------
                                  0.61   slack (MET)


Startpoint: _190_ (rising edge-triggered flip-flop clocked by core_clock)
Endpoint: _208_ (rising edge-triggered flip-flop clocked by core_clock)
Path Group: core_clock
Path Type: min

Fanout     Cap    Slew   Delay    Time   Description
-----------------------------------------------------------------------------
                  0.00    0.00    0.00   clock core_clock (rise edge)
                          0.00    0.00   clock network delay (ideal)
                  0.00    0.00    0.00 ^ _190_/CLK (sky130_fd_sc_hd__dfxtp_1)
     3    0.01    0.05    0.30    0.30 v _190_/Q (sky130_fd_sc_hd__dfxtp_1)
                                         b_q[2] (net)
                  0.05    0.00    0.30 v _086_/B (sky130_fd_sc_hd__nand2_1)
     2    0.01    0.06    0.08    0.38 ^ _086_/Y (sky130_fd_sc_hd__nand2_1)
                                         _043_ (net)
                  0.06    0.00    0.38 ^ _092_/B1 (sky130_fd_sc_hd__o21a_1)
     1    0.01    0.06    0.13    0.51 ^ _092_/X (sky130_fd_sc_hd__o21a_1)
                                         _048_ (net)
                  0.06    0.00    0.51 ^ _093_/B (sky130_fd_sc_hd__xnor2_1)
     1    0.00    0.03    0.05    0.56 v _093_/Y (sky130_fd_sc_hd__xnor2_1)
                                         sum_d[3] (net)
                  0.03    0.00    0.56 v _208_/D (sky130_fd_sc_hd__dfxtp_1)
                                  0.56   data arrival time

                  0.00    0.00    0.00   clock core_clock (rise edge)
                          0.00    0.00   clock network delay (ideal)
                          0.00    0.00   clock reconvergence pessimism
                                  0.00 ^ _208_/CLK (sky130_fd_sc_hd__dfxtp_1)
                         -0.06   -0.06   library hold time
                                 -0.06   data required time
-----------------------------------------------------------------------------
                                 -0.06   data required time
                                 -0.56   data arrival time
-----------------------------------------------------------------------------
                                  0.62   slack (MET)


Startpoint: _192_ (rising edge-triggered flip-flop clocked by core_clock)
Endpoint: _210_ (rising edge-triggered flip-flop clocked by core_clock)
Path Group: core_clock
Path Type: min

Fanout     Cap    Slew   Delay    Time   Description
-----------------------------------------------------------------------------
                  0.00    0.00    0.00   clock core_clock (rise edge)
                          0.00    0.00   clock network delay (ideal)
                  0.00    0.00    0.00 ^ _192_/CLK (sky130_fd_sc_hd__dfxtp_1)
     3    0.01    0.05    0.30    0.30 v _192_/Q (sky130_fd_sc_hd__dfxtp_1)
                                         b_q[4] (net)
                  0.05    0.00    0.30 v _095_/B (sky130_fd_sc_hd__nand2_1)
     2    0.00    0.06    0.08    0.37 ^ _095_/Y (sky130_fd_sc_hd__nand2_1)
                                         _050_ (net)
                  0.06    0.00    0.37 ^ _103_/B1 (sky130_fd_sc_hd__o21a_1)
     1    0.00    0.06    0.13    0.50 ^ _103_/X (sky130_fd_sc_hd__o21a_1)
                                         _057_ (net)
                  0.06    0.00    0.50 ^ _104_/B (sky130_fd_sc_hd__xnor2_1)
     1    0.00    0.03    0.06    0.56 v _104_/Y (sky130_fd_sc_hd__xnor2_1)
                                         sum_d[5] (net)
                  0.03    0.00    0.56 v _210_/D (sky130_fd_sc_hd__dfxtp_1)
                                  0.56   data arrival time

                  0.00    0.00    0.00   clock core_clock (rise edge)
                          0.00    0.00   clock network delay (ideal)
                          0.00    0.00   clock reconvergence pessimism
                                  0.00 ^ _210_/CLK (sky130_fd_sc_hd__dfxtp_1)
                         -0.06   -0.06   library hold time
                                 -0.06   data required time
-----------------------------------------------------------------------------
                                 -0.06   data required time
                                 -0.56   data arrival time
-----------------------------------------------------------------------------
                                  0.62   slack (MET)


Startpoint: _183_ (rising edge-triggered flip-flop clocked by core_clock)
Endpoint: _216_ (rising edge-triggered flip-flop clocked by core_clock)
Path Group: core_clock
Path Type: min

Fanout     Cap    Slew   Delay    Time   Description
-----------------------------------------------------------------------------
                  0.00    0.00    0.00   clock core_clock (rise edge)
                          0.00    0.00   clock network delay (ideal)
                  0.00    0.00    0.00 ^ _183_/CLK (sky130_fd_sc_hd__dfxtp_1)
     3    0.01    0.11    0.33    0.33 ^ _183_/Q (sky130_fd_sc_hd__dfxtp_1)
                                         a_q[11] (net)
                  0.11    0.00    0.33 ^ _135_/A (sky130_fd_sc_hd__xor2_1)
     2    0.01    0.05    0.10    0.43 v _135_/X (sky130_fd_sc_hd__xor2_1)
                                         _008_ (net)
                  0.05    0.00    0.43 v _139_/A (sky130_fd_sc_hd__xnor2_1)
     1    0.00    0.04    0.13    0.56 v _139_/Y (sky130_fd_sc_hd__xnor2_1)
                                         sum_d[11] (net)
                  0.04    0.00    0.56 v _216_/D (sky130_fd_sc_hd__dfxtp_1)
                                  0.56   data arrival time

                  0.00    0.00    0.00   clock core_clock (rise edge)
                          0.00    0.00   clock network delay (ideal)
                          0.00    0.00   clock reconvergence pessimism
                                  0.00 ^ _216_/CLK (sky130_fd_sc_hd__dfxtp_1)
                         -0.06   -0.06   library hold time
                                 -0.06   data required time
-----------------------------------------------------------------------------
                                 -0.06   data required time
                                 -0.56   data arrival time
-----------------------------------------------------------------------------
                                  0.63   slack (MET)


Startpoint: _186_ (rising edge-triggered flip-flop clocked by core_clock)
Endpoint: _170_ (rising edge-triggered flip-flop clocked by core_clock)
Path Group: core_clock
Path Type: min

Fanout     Cap    Slew   Delay    Time   Description
-----------------------------------------------------------------------------
                  0.00    0.00    0.00   clock core_clock (rise edge)
                          0.00    0.00   clock network delay (ideal)
                  0.00    0.00    0.00 ^ _186_/CLK (sky130_fd_sc_hd__dfxtp_1)
     2    0.00    0.03    0.28    0.28 v _186_/Q (sky130_fd_sc_hd__dfxtp_1)
                                         a_q[14] (net)
                  0.03    0.00    0.28 v _156_/A (sky130_fd_sc_hd__nand2_1)
     2    0.01    0.06    0.07    0.35 ^ _156_/Y (sky130_fd_sc_hd__nand2_1)
                                         _026_ (net)
                  0.06    0.00    0.35 ^ _164_/B1 (sky130_fd_sc_hd__o31a_1)
     2    0.01    0.09    0.16    0.51 ^ _164_/X (sky130_fd_sc_hd__o31a_1)
                                         _033_ (net)
                  0.09    0.00    0.51 ^ _165_/B (sky130_fd_sc_hd__xor2_1)
     1    0.00    0.03    0.07    0.58 v _165_/X (sky130_fd_sc_hd__xor2_1)
                                         sum_d[15] (net)
                  0.03    0.00    0.58 v _170_/D (sky130_fd_sc_hd__dfxtp_1)
                                  0.58   data arrival time

                  0.00    0.00    0.00   clock core_clock (rise edge)
                          0.00    0.00   clock network delay (ideal)
                          0.00    0.00   clock reconvergence pessimism
                                  0.00 ^ _170_/CLK (sky130_fd_sc_hd__dfxtp_1)
                         -0.06   -0.06   library hold time
                                 -0.06   data required time
-----------------------------------------------------------------------------
                                 -0.06   data required time
                                 -0.58   data arrival time
-----------------------------------------------------------------------------
                                  0.63   slack (MET)


Startpoint: _190_ (rising edge-triggered flip-flop clocked by core_clock)
Endpoint: _207_ (rising edge-triggered flip-flop clocked by core_clock)
Path Group: core_clock
Path Type: min

Fanout     Cap    Slew   Delay    Time   Description
-----------------------------------------------------------------------------
                  0.00    0.00    0.00   clock core_clock (rise edge)
                          0.00    0.00   clock network delay (ideal)
                  0.00    0.00    0.00 ^ _190_/CLK (sky130_fd_sc_hd__dfxtp_1)
     3    0.01    0.09    0.32    0.32 ^ _190_/Q (sky130_fd_sc_hd__dfxtp_1)
                                         b_q[2] (net)
                  0.09    0.00    0.32 ^ _086_/B (sky130_fd_sc_hd__nand2_1)
     2    0.01    0.05    0.07    0.39 v _086_/Y (sky130_fd_sc_hd__nand2_1)
                                         _043_ (net)
                  0.05    0.00    0.39 v _087_/B (sky130_fd_sc_hd__nand2_1)
     3    0.01    0.10    0.11    0.51 ^ _087_/Y (sky130_fd_sc_hd__nand2_1)
                                         _044_ (net)
                  0.10    0.00    0.51 ^ _088_/B (sky130_fd_sc_hd__xor2_1)
     1    0.00    0.04    0.08    0.58 v _088_/X (sky130_fd_sc_hd__xor2_1)
                                         sum_d[2] (net)
                  0.04    0.00    0.58 v _207_/D (sky130_fd_sc_hd__dfxtp_1)
                                  0.58   data arrival time

                  0.00    0.00    0.00   clock core_clock (rise edge)
                          0.00    0.00   clock network delay (ideal)
                          0.00    0.00   clock reconvergence pessimism
                                  0.00 ^ _207_/CLK (sky130_fd_sc_hd__dfxtp_1)
                         -0.06   -0.06   library hold time
                                 -0.06   data required time
-----------------------------------------------------------------------------
                                 -0.06   data required time
                                 -0.58   data arrival time
-----------------------------------------------------------------------------
                                  0.64   slack (MET)


Startpoint: _200_ (rising edge-triggered flip-flop clocked by core_clock)
Endpoint: _167_ (rising edge-triggered flip-flop clocked by core_clock)
Path Group: core_clock
Path Type: min

Fanout     Cap    Slew   Delay    Time   Description
-----------------------------------------------------------------------------
                  0.00    0.00    0.00   clock core_clock (rise edge)
                          0.00    0.00   clock network delay (ideal)
                  0.00    0.00    0.00 ^ _200_/CLK (sky130_fd_sc_hd__dfxtp_1)
     2    0.01    0.04    0.29    0.29 v _200_/Q (sky130_fd_sc_hd__dfxtp_1)
                                         b_q[12] (net)
                  0.04    0.00    0.29 v _147_/B (sky130_fd_sc_hd__nor2_1)
     1    0.00    0.08    0.08    0.37 ^ _147_/Y (sky130_fd_sc_hd__nor2_1)
                                         _019_ (net)
                  0.08    0.00    0.37 ^ _148_/B (sky130_fd_sc_hd__nor2_1)
     3    0.01    0.05    0.07    0.44 v _148_/Y (sky130_fd_sc_hd__nor2_1)
                                         _020_ (net)
                  0.05    0.00    0.44 v _149_/B (sky130_fd_sc_hd__xor2_1)
     1    0.00    0.13    0.15    0.59 ^ _149_/X (sky130_fd_sc_hd__xor2_1)
                                         sum_d[12] (net)
                  0.13    0.00    0.59 ^ _167_/D (sky130_fd_sc_hd__dfxtp_1)
                                  0.59   data arrival time

                  0.00    0.00    0.00   clock core_clock (rise edge)
                          0.00    0.00   clock network delay (ideal)
                          0.00    0.00   clock reconvergence pessimism
                                  0.00 ^ _167_/CLK (sky130_fd_sc_hd__dfxtp_1)
                         -0.05   -0.05   library hold time
                                 -0.05   data required time
-----------------------------------------------------------------------------
                                 -0.05   data required time
                                 -0.59   data arrival time
-----------------------------------------------------------------------------
                                  0.64   slack (MET)


Startpoint: _192_ (rising edge-triggered flip-flop clocked by core_clock)
Endpoint: _209_ (rising edge-triggered flip-flop clocked by core_clock)
Path Group: core_clock
Path Type: min

Fanout     Cap    Slew   Delay    Time   Description
-----------------------------------------------------------------------------
                  0.00    0.00    0.00   clock core_clock (rise edge)
                          0.00    0.00   clock network delay (ideal)
                  0.00    0.00    0.00 ^ _192_/CLK (sky130_fd_sc_hd__dfxtp_1)
     3    0.01    0.05    0.30    0.30 v _192_/Q (sky130_fd_sc_hd__dfxtp_1)
                                         b_q[4] (net)
                  0.05    0.00    0.30 v _095_/B (sky130_fd_sc_hd__nand2_1)
     2    0.00    0.06    0.08    0.37 ^ _095_/Y (sky130_fd_sc_hd__nand2_1)
                                         _050_ (net)
                  0.06    0.00    0.37 ^ _096_/B (sky130_fd_sc_hd__and2b_1)
     2    0.01    0.08    0.15    0.52 ^ _096_/X (sky130_fd_sc_hd__and2b_1)
                                         _051_ (net)
                  0.08    0.00    0.52 ^ _101_/A (sky130_fd_sc_hd__xnor2_1)
     1    0.00    0.04    0.07    0.59 v _101_/Y (sky130_fd_sc_hd__xnor2_1)
                                         sum_d[4] (net)
                  0.04    0.00    0.59 v _209_/D (sky130_fd_sc_hd__dfxtp_1)
                                  0.59   data arrival time

                  0.00    0.00    0.00   clock core_clock (rise edge)
                          0.00    0.00   clock network delay (ideal)
                          0.00    0.00   clock reconvergence pessimism
                                  0.00 ^ _209_/CLK (sky130_fd_sc_hd__dfxtp_1)
                         -0.06   -0.06   library hold time
                                 -0.06   data required time
-----------------------------------------------------------------------------
                                 -0.06   data required time
                                 -0.59   data arrival time
-----------------------------------------------------------------------------
                                  0.65   slack (MET)


Startpoint: _198_ (rising edge-triggered flip-flop clocked by core_clock)
Endpoint: _215_ (rising edge-triggered flip-flop clocked by core_clock)
Path Group: core_clock
Path Type: min

Fanout     Cap    Slew   Delay    Time   Description
-----------------------------------------------------------------------------
                  0.00    0.00    0.00   clock core_clock (rise edge)
                          0.00    0.00   clock network delay (ideal)
                  0.00    0.00    0.00 ^ _198_/CLK (sky130_fd_sc_hd__dfxtp_1)
     4    0.01    0.14    0.36    0.36 ^ _198_/Q (sky130_fd_sc_hd__dfxtp_1)
                                         b_q[10] (net)
                  0.14    0.00    0.36 ^ _129_/B (sky130_fd_sc_hd__xor2_1)
     2    0.01    0.05    0.11    0.47 v _129_/X (sky130_fd_sc_hd__xor2_1)
                                         _003_ (net)
                  0.05    0.00    0.47 v _134_/A (sky130_fd_sc_hd__xnor2_1)
     1    0.00    0.04    0.13    0.60 v _134_/Y (sky130_fd_sc_hd__xnor2_1)
                                         sum_d[10] (net)
                  0.04    0.00    0.60 v _215_/D (sky130_fd_sc_hd__dfxtp_1)
                                  0.60   data arrival time

                  0.00    0.00    0.00   clock core_clock (rise edge)
                          0.00    0.00   clock network delay (ideal)
                          0.00    0.00   clock reconvergence pessimism
                                  0.00 ^ _215_/CLK (sky130_fd_sc_hd__dfxtp_1)
                         -0.06   -0.06   library hold time
                                 -0.06   data required time
-----------------------------------------------------------------------------
                                 -0.06   data required time
                                 -0.60   data arrival time
-----------------------------------------------------------------------------
                                  0.66   slack (MET)


Startpoint: _194_ (rising edge-triggered flip-flop clocked by core_clock)
Endpoint: _211_ (rising edge-triggered flip-flop clocked by core_clock)
Path Group: core_clock
Path Type: min

Fanout     Cap    Slew   Delay    Time   Description
-----------------------------------------------------------------------------
                  0.00    0.00    0.00   clock core_clock (rise edge)
                          0.00    0.00   clock network delay (ideal)
                  0.00    0.00    0.00 ^ _194_/CLK (sky130_fd_sc_hd__dfxtp_1)
     3    0.01    0.09    0.32    0.32 ^ _194_/Q (sky130_fd_sc_hd__dfxtp_1)
                                         b_q[6] (net)
                  0.09    0.00    0.32 ^ _106_/B (sky130_fd_sc_hd__nor2_1)
     2    0.01    0.04    0.06    0.38 v _106_/Y (sky130_fd_sc_hd__nor2_1)
                                         _059_ (net)
                  0.04    0.00    0.38 v _107_/B (sky130_fd_sc_hd__nor2_1)
     2    0.01    0.16    0.14    0.52 ^ _107_/Y (sky130_fd_sc_hd__nor2_1)
                                         _060_ (net)
                  0.16    0.00    0.52 ^ _112_/A (sky130_fd_sc_hd__xnor2_1)
     1    0.00    0.04    0.09    0.61 v _112_/Y (sky130_fd_sc_hd__xnor2_1)
                                         sum_d[6] (net)
                  0.04    0.00    0.61 v _211_/D (sky130_fd_sc_hd__dfxtp_1)
                                  0.61   data arrival time

                  0.00    0.00    0.00   clock core_clock (rise edge)
                          0.00    0.00   clock network delay (ideal)
                          0.00    0.00   clock reconvergence pessimism
                                  0.00 ^ _211_/CLK (sky130_fd_sc_hd__dfxtp_1)
                         -0.06   -0.06   library hold time
                                 -0.06   data required time
-----------------------------------------------------------------------------
                                 -0.06   data required time
                                 -0.61   data arrival time
-----------------------------------------------------------------------------
                                  0.67   slack (MET)


Startpoint: _185_ (rising edge-triggered flip-flop clocked by core_clock)
Endpoint: _168_ (rising edge-triggered flip-flop clocked by core_clock)
Path Group: core_clock
Path Type: min

Fanout     Cap    Slew   Delay    Time   Description
-----------------------------------------------------------------------------
                  0.00    0.00    0.00   clock core_clock (rise edge)
                          0.00    0.00   clock network delay (ideal)
                  0.00    0.00    0.00 ^ _185_/CLK (sky130_fd_sc_hd__dfxtp_1)
     2    0.00    0.06    0.30    0.30 ^ _185_/Q (sky130_fd_sc_hd__dfxtp_1)
                                         a_q[13] (net)
                  0.06    0.00    0.30 ^ _151_/A (sky130_fd_sc_hd__and2_1)
     2    0.00    0.06    0.13    0.43 ^ _151_/X (sky130_fd_sc_hd__and2_1)
                                         _022_ (net)
                  0.06    0.00    0.43 ^ _152_/B (sky130_fd_sc_hd__or2_1)
     1    0.00    0.06    0.11    0.53 ^ _152_/X (sky130_fd_sc_hd__or2_1)
                                         _023_ (net)
                  0.06    0.00    0.53 ^ _154_/A (sky130_fd_sc_hd__xnor2_1)
     1    0.00    0.05    0.08    0.61 v _154_/Y (sky130_fd_sc_hd__xnor2_1)
                                         sum_d[13] (net)
                  0.05    0.00    0.61 v _168_/D (sky130_fd_sc_hd__dfxtp_1)
                                  0.61   data arrival time

                  0.00    0.00    0.00   clock core_clock (rise edge)
                          0.00    0.00   clock network delay (ideal)
                          0.00    0.00   clock reconvergence pessimism
                                  0.00 ^ _168_/CLK (sky130_fd_sc_hd__dfxtp_1)
                         -0.06   -0.06   library hold time
                                 -0.06   data required time
-----------------------------------------------------------------------------
                                 -0.06   data required time
                                 -0.61   data arrival time
-----------------------------------------------------------------------------
                                  0.68   slack (MET)



worst slack corner Typical: 0.4730
min_report_end
max_report

===========================================================================
report_checks -path_delay max (Setup)
============================================================================
======================= Typical Corner ===================================

Startpoint: _188_ (rising edge-triggered flip-flop clocked by core_clock)
Endpoint: _170_ (rising edge-triggered flip-flop clocked by core_clock)
Path Group: core_clock
Path Type: max

Fanout     Cap    Slew   Delay    Time   Description
-----------------------------------------------------------------------------
                  0.00    0.00    0.00   clock core_clock (rise edge)
                          0.00    0.00   clock network delay (ideal)
                  0.00    0.00    0.00 ^ _188_/CLK (sky130_fd_sc_hd__dfxtp_1)
     2    0.00    0.06    0.29    0.29 ^ _188_/Q (sky130_fd_sc_hd__dfxtp_1)
                                         b_q[0] (net)
                  0.06    0.00    0.29 ^ _076_/B (sky130_fd_sc_hd__nand2_1)
     2    0.00    0.04    0.06    0.36 v _076_/Y (sky130_fd_sc_hd__nand2_1)
                                         _035_ (net)
                  0.04    0.00    0.36 v _079_/B1_N (sky130_fd_sc_hd__a21bo_1)
     2    0.01    0.09    0.21    0.57 ^ _079_/X (sky130_fd_sc_hd__a21bo_1)
                                         _037_ (net)
                  0.09    0.00    0.57 ^ _084_/A1 (sky130_fd_sc_hd__a21boi_2)
     3    0.01    0.06    0.08    0.64 v _084_/Y (sky130_fd_sc_hd__a21boi_2)
                                         _041_ (net)
                  0.06    0.00    0.64 v _100_/A1 (sky130_fd_sc_hd__o31a_1)
     4    0.01    0.09    0.35    0.99 v _100_/X (sky130_fd_sc_hd__o31a_1)
                                         _055_ (net)
                  0.09    0.00    0.99 v _121_/A1 (sky130_fd_sc_hd__o31a_1)
     4    0.01    0.10    0.37    1.36 v _121_/X (sky130_fd_sc_hd__o31a_1)
                                         _072_ (net)
                  0.10    0.00    1.36 v _145_/A1 (sky130_fd_sc_hd__o31ai_2)
     3    0.01    0.29    0.34    1.70 ^ _145_/Y (sky130_fd_sc_hd__o31ai_2)
                                         _017_ (net)
                  0.29    0.00    1.70 ^ _158_/A1 (sky130_fd_sc_hd__a211oi_1)
     2    0.01    0.10    0.14    1.84 v _158_/Y (sky130_fd_sc_hd__a211oi_1)
                                         _028_ (net)
                  0.10    0.00    1.84 v _164_/A3 (sky130_fd_sc_hd__o31a_1)
     2    0.01    0.07    0.28    2.11 v _164_/X (sky130_fd_sc_hd__o31a_1)
                                         _033_ (net)
                  0.07    0.00    2.11 v _165_/B (sky130_fd_sc_hd__xor2_1)
     1    0.00    0.05    0.14    2.26 v _165_/X (sky130_fd_sc_hd__xor2_1)
                                         sum_d[15] (net)
                  0.05    0.00    2.26 v _170_/D (sky130_fd_sc_hd__dfxtp_1)
                                  2.26   data arrival time

                  0.00    5.00    5.00   clock core_clock (rise edge)
                          0.00    5.00   clock network delay (ideal)
                          0.00    5.00   clock reconvergence pessimism
                                  5.00 ^ _170_/CLK (sky130_fd_sc_hd__dfxtp_1)
                         -0.12    4.88   library setup time
                                  4.88   data required time
-----------------------------------------------------------------------------
                                  4.88   data required time
                                 -2.26   data arrival time
-----------------------------------------------------------------------------
                                  2.62   slack (MET)


Startpoint: _188_ (rising edge-triggered flip-flop clocked by core_clock)
Endpoint: _171_ (rising edge-triggered flip-flop clocked by core_clock)
Path Group: core_clock
Path Type: max

Fanout     Cap    Slew   Delay    Time   Description
-----------------------------------------------------------------------------
                  0.00    0.00    0.00   clock core_clock (rise edge)
                          0.00    0.00   clock network delay (ideal)
                  0.00    0.00    0.00 ^ _188_/CLK (sky130_fd_sc_hd__dfxtp_1)
     2    0.00    0.06    0.29    0.29 ^ _188_/Q (sky130_fd_sc_hd__dfxtp_1)
                                         b_q[0] (net)
                  0.06    0.00    0.29 ^ _076_/B (sky130_fd_sc_hd__nand2_1)
     2    0.00    0.04    0.06    0.36 v _076_/Y (sky130_fd_sc_hd__nand2_1)
                                         _035_ (net)
                  0.04    0.00    0.36 v _079_/B1_N (sky130_fd_sc_hd__a21bo_1)
     2    0.01    0.09    0.21    0.57 ^ _079_/X (sky130_fd_sc_hd__a21bo_1)
                                         _037_ (net)
                  0.09    0.00    0.57 ^ _084_/A1 (sky130_fd_sc_hd__a21boi_2)
     3    0.01    0.06    0.08    0.64 v _084_/Y (sky130_fd_sc_hd__a21boi_2)
                                         _041_ (net)
                  0.06    0.00    0.64 v _100_/A1 (sky130_fd_sc_hd__o31a_1)
     4    0.01    0.09    0.35    0.99 v _100_/X (sky130_fd_sc_hd__o31a_1)
                                         _055_ (net)
                  0.09    0.00    0.99 v _121_/A1 (sky130_fd_sc_hd__o31a_1)
     4    0.01    0.10    0.37    1.36 v _121_/X (sky130_fd_sc_hd__o31a_1)
                                         _072_ (net)
                  0.10    0.00    1.36 v _145_/A1 (sky130_fd_sc_hd__o31ai_2)
     3    0.01    0.29    0.34    1.70 ^ _145_/Y (sky130_fd_sc_hd__o31ai_2)
                                         _017_ (net)
                  0.29    0.00    1.70 ^ _158_/A1 (sky130_fd_sc_hd__a211oi_1)
     2    0.01    0.10    0.14    1.84 v _158_/Y (sky130_fd_sc_hd__a211oi_1)
                                         _028_ (net)
                  0.10    0.00    1.84 v _164_/A3 (sky130_fd_sc_hd__o31a_1)
     2    0.01    0.07    0.28    2.11 v _164_/X (sky130_fd_sc_hd__o31a_1)
                                         _033_ (net)
                  0.07    0.00    2.11 v _166_/A2 (sky130_fd_sc_hd__o21ai_1)
     1    0.00    0.13    0.15    2.26 ^ _166_/Y (sky130_fd_sc_hd__o21ai_1)
                                         sum_d[16] (net)
                  0.13    0.00    2.26 ^ _171_/D (sky130_fd_sc_hd__dfxtp_1)
                                  2.26   data arrival time

                  0.00    5.00    5.00   clock core_clock (rise edge)
                          0.00    5.00   clock network delay (ideal)
                          0.00    5.00   clock reconvergence pessimism
                                  5.00 ^ _171_/CLK (sky130_fd_sc_hd__dfxtp_1)
                         -0.08    4.92   library setup time
                                  4.92   data required time
-----------------------------------------------------------------------------
                                  4.92   data required time
                                 -2.26   data arrival time
-----------------------------------------------------------------------------
                                  2.66   slack (MET)


Startpoint: _188_ (rising edge-triggered flip-flop clocked by core_clock)
Endpoint: _169_ (rising edge-triggered flip-flop clocked by core_clock)
Path Group: core_clock
Path Type: max

Fanout     Cap    Slew   Delay    Time   Description
-----------------------------------------------------------------------------
                  0.00    0.00    0.00   clock core_clock (rise edge)
                          0.00    0.00   clock network delay (ideal)
                  0.00    0.00    0.00 ^ _188_/CLK (sky130_fd_sc_hd__dfxtp_1)
     2    0.00    0.06    0.29    0.29 ^ _188_/Q (sky130_fd_sc_hd__dfxtp_1)
                                         b_q[0] (net)
                  0.06    0.00    0.29 ^ _076_/B (sky130_fd_sc_hd__nand2_1)
     2    0.00    0.04    0.06    0.36 v _076_/Y (sky130_fd_sc_hd__nand2_1)
                                         _035_ (net)
                  0.04    0.00    0.36 v _079_/B1_N (sky130_fd_sc_hd__a21bo_1)
     2    0.01    0.09    0.21    0.57 ^ _079_/X (sky130_fd_sc_hd__a21bo_1)
                                         _037_ (net)
                  0.09    0.00    0.57 ^ _084_/A1 (sky130_fd_sc_hd__a21boi_2)
     3    0.01    0.06    0.08    0.64 v _084_/Y (sky130_fd_sc_hd__a21boi_2)
                                         _041_ (net)
                  0.06    0.00    0.64 v _100_/A1 (sky130_fd_sc_hd__o31a_1)
     4    0.01    0.09    0.35    0.99 v _100_/X (sky130_fd_sc_hd__o31a_1)
                                         _055_ (net)
                  0.09    0.00    0.99 v _121_/A1 (sky130_fd_sc_hd__o31a_1)
     4    0.01    0.10    0.37    1.36 v _121_/X (sky130_fd_sc_hd__o31a_1)
                                         _072_ (net)
                  0.10    0.00    1.36 v _145_/A1 (sky130_fd_sc_hd__o31ai_2)
     3    0.01    0.29    0.34    1.70 ^ _145_/Y (sky130_fd_sc_hd__o31ai_2)
                                         _017_ (net)
                  0.29    0.00    1.70 ^ _158_/A1 (sky130_fd_sc_hd__a211oi_1)
     2    0.01    0.10    0.14    1.84 v _158_/Y (sky130_fd_sc_hd__a211oi_1)
                                         _028_ (net)
                  0.10    0.00    1.84 v _159_/B (sky130_fd_sc_hd__nor2_1)
     1    0.01    0.12    0.13    1.97 ^ _159_/Y (sky130_fd_sc_hd__nor2_1)
                                         _029_ (net)
                  0.12    0.00    1.97 ^ _160_/B (sky130_fd_sc_hd__xnor2_1)
     1    0.00    0.15    0.14    2.11 ^ _160_/Y (sky130_fd_sc_hd__xnor2_1)
                                         sum_d[14] (net)
                  0.15    0.00    2.11 ^ _169_/D (sky130_fd_sc_hd__dfxtp_1)
                                  2.11   data arrival time

                  0.00    5.00    5.00   clock core_clock (rise edge)
                          0.00    5.00   clock network delay (ideal)
                          0.00    5.00   clock reconvergence pessimism
                                  5.00 ^ _169_/CLK (sky130_fd_sc_hd__dfxtp_1)
                         -0.09    4.91   library setup time
                                  4.91   data required time
-----------------------------------------------------------------------------
                                  4.91   data required time
                                 -2.11   data arrival time
-----------------------------------------------------------------------------
                                  2.81   slack (MET)


Startpoint: _188_ (rising edge-triggered flip-flop clocked by core_clock)
Endpoint: _168_ (rising edge-triggered flip-flop clocked by core_clock)
Path Group: core_clock
Path Type: max

Fanout     Cap    Slew   Delay    Time   Description
-----------------------------------------------------------------------------
                  0.00    0.00    0.00   clock core_clock (rise edge)
                          0.00    0.00   clock network delay (ideal)
                  0.00    0.00    0.00 ^ _188_/CLK (sky130_fd_sc_hd__dfxtp_1)
     2    0.00    0.06    0.29    0.29 ^ _188_/Q (sky130_fd_sc_hd__dfxtp_1)
                                         b_q[0] (net)
                  0.06    0.00    0.29 ^ _076_/B (sky130_fd_sc_hd__nand2_1)
     2    0.00    0.04    0.06    0.36 v _076_/Y (sky130_fd_sc_hd__nand2_1)
                                         _035_ (net)
                  0.04    0.00    0.36 v _079_/B1_N (sky130_fd_sc_hd__a21bo_1)
     2    0.01    0.09    0.21    0.57 ^ _079_/X (sky130_fd_sc_hd__a21bo_1)
                                         _037_ (net)
                  0.09    0.00    0.57 ^ _084_/A1 (sky130_fd_sc_hd__a21boi_2)
     3    0.01    0.06    0.08    0.64 v _084_/Y (sky130_fd_sc_hd__a21boi_2)
                                         _041_ (net)
                  0.06    0.00    0.64 v _100_/A1 (sky130_fd_sc_hd__o31a_1)
     4    0.01    0.09    0.35    0.99 v _100_/X (sky130_fd_sc_hd__o31a_1)
                                         _055_ (net)
                  0.09    0.00    0.99 v _121_/A1 (sky130_fd_sc_hd__o31a_1)
     4    0.01    0.10    0.37    1.36 v _121_/X (sky130_fd_sc_hd__o31a_1)
                                         _072_ (net)
                  0.10    0.00    1.36 v _145_/A1 (sky130_fd_sc_hd__o31ai_2)
     3    0.01    0.29    0.34    1.70 ^ _145_/Y (sky130_fd_sc_hd__o31ai_2)
                                         _017_ (net)
                  0.29    0.00    1.70 ^ _153_/A1 (sky130_fd_sc_hd__a21o_1)
     1    0.01    0.06    0.17    1.87 ^ _153_/X (sky130_fd_sc_hd__a21o_1)
                                         _024_ (net)
                  0.06    0.00    1.87 ^ _154_/B (sky130_fd_sc_hd__xnor2_1)
     1    0.00    0.15    0.12    1.99 ^ _154_/Y (sky130_fd_sc_hd__xnor2_1)
                                         sum_d[13] (net)
                  0.15    0.00    1.99 ^ _168_/D (sky130_fd_sc_hd__dfxtp_1)
                                  1.99   data arrival time

                  0.00    5.00    5.00   clock core_clock (rise edge)
                          0.00    5.00   clock network delay (ideal)
                          0.00    5.00   clock reconvergence pessimism
                                  5.00 ^ _168_/CLK (sky130_fd_sc_hd__dfxtp_1)
                         -0.09    4.91   library setup time
                                  4.91   data required time
-----------------------------------------------------------------------------
                                  4.91   data required time
                                 -1.99   data arrival time
-----------------------------------------------------------------------------
                                  2.93   slack (MET)


Startpoint: _188_ (rising edge-triggered flip-flop clocked by core_clock)
Endpoint: _216_ (rising edge-triggered flip-flop clocked by core_clock)
Path Group: core_clock
Path Type: max

Fanout     Cap    Slew   Delay    Time   Description
-----------------------------------------------------------------------------
                  0.00    0.00    0.00   clock core_clock (rise edge)
                          0.00    0.00   clock network delay (ideal)
                  0.00    0.00    0.00 ^ _188_/CLK (sky130_fd_sc_hd__dfxtp_1)
     2    0.00    0.06    0.29    0.29 ^ _188_/Q (sky130_fd_sc_hd__dfxtp_1)
                                         b_q[0] (net)
                  0.06    0.00    0.29 ^ _076_/B (sky130_fd_sc_hd__nand2_1)
     2    0.00    0.04    0.06    0.36 v _076_/Y (sky130_fd_sc_hd__nand2_1)
                                         _035_ (net)
                  0.04    0.00    0.36 v _079_/B1_N (sky130_fd_sc_hd__a21bo_1)
     2    0.01    0.09    0.21    0.57 ^ _079_/X (sky130_fd_sc_hd__a21bo_1)
                                         _037_ (net)
                  0.09    0.00    0.57 ^ _084_/A1 (sky130_fd_sc_hd__a21boi_2)
     3    0.01    0.06    0.08    0.64 v _084_/Y (sky130_fd_sc_hd__a21boi_2)
                                         _041_ (net)
                  0.06    0.00    0.64 v _100_/A1 (sky130_fd_sc_hd__o31a_1)
     4    0.01    0.09    0.35    0.99 v _100_/X (sky130_fd_sc_hd__o31a_1)
                                         _055_ (net)
                  0.09    0.00    0.99 v _121_/A1 (sky130_fd_sc_hd__o31a_1)
     4    0.01    0.10    0.37    1.36 v _121_/X (sky130_fd_sc_hd__o31a_1)
                                         _072_ (net)
                  0.10    0.00    1.36 v _133_/A1 (sky130_fd_sc_hd__o21a_1)
     2    0.01    0.06    0.22    1.58 v _133_/X (sky130_fd_sc_hd__o21a_1)
                                         _007_ (net)
                  0.06    0.00    1.58 v _138_/A2 (sky130_fd_sc_hd__o21a_1)
     1    0.00    0.04    0.18    1.76 v _138_/X (sky130_fd_sc_hd__o21a_1)
                                         _011_ (net)
                  0.04    0.00    1.76 v _139_/B (sky130_fd_sc_hd__xnor2_1)
     1    0.00    0.06    0.12    1.88 v _139_/Y (sky130_fd_sc_hd__xnor2_1)
                                         sum_d[11] (net)
                  0.06    0.00    1.88 v _216_/D (sky130_fd_sc_hd__dfxtp_1)
                                  1.88   data arrival time

                  0.00    5.00    5.00   clock core_clock (rise edge)
                          0.00    5.00   clock network delay (ideal)
                          0.00    5.00   clock reconvergence pessimism
                                  5.00 ^ _216_/CLK (sky130_fd_sc_hd__dfxtp_1)
                         -0.13    4.87   library setup time
                                  4.87   data required time
-----------------------------------------------------------------------------
                                  4.87   data required time
                                 -1.88   data arrival time
-----------------------------------------------------------------------------
                                  2.99   slack (MET)


Startpoint: _188_ (rising edge-triggered flip-flop clocked by core_clock)
Endpoint: _167_ (rising edge-triggered flip-flop clocked by core_clock)
Path Group: core_clock
Path Type: max

Fanout     Cap    Slew   Delay    Time   Description
-----------------------------------------------------------------------------
                  0.00    0.00    0.00   clock core_clock (rise edge)
                          0.00    0.00   clock network delay (ideal)
                  0.00    0.00    0.00 ^ _188_/CLK (sky130_fd_sc_hd__dfxtp_1)
     2    0.00    0.06    0.29    0.29 ^ _188_/Q (sky130_fd_sc_hd__dfxtp_1)
                                         b_q[0] (net)
                  0.06    0.00    0.29 ^ _076_/B (sky130_fd_sc_hd__nand2_1)
     2    0.00    0.04    0.06    0.36 v _076_/Y (sky130_fd_sc_hd__nand2_1)
                                         _035_ (net)
                  0.04    0.00    0.36 v _079_/B1_N (sky130_fd_sc_hd__a21bo_1)
     2    0.01    0.09    0.21    0.57 ^ _079_/X (sky130_fd_sc_hd__a21bo_1)
                                         _037_ (net)
                  0.09    0.00    0.57 ^ _084_/A1 (sky130_fd_sc_hd__a21boi_2)
     3    0.01    0.06    0.08    0.64 v _084_/Y (sky130_fd_sc_hd__a21boi_2)
                                         _041_ (net)
                  0.06    0.00    0.64 v _100_/A1 (sky130_fd_sc_hd__o31a_1)
     4    0.01    0.09    0.35    0.99 v _100_/X (sky130_fd_sc_hd__o31a_1)
                                         _055_ (net)
                  0.09    0.00    0.99 v _121_/A1 (sky130_fd_sc_hd__o31a_1)
     4    0.01    0.10    0.37    1.36 v _121_/X (sky130_fd_sc_hd__o31a_1)
                                         _072_ (net)
                  0.10    0.00    1.36 v _145_/A1 (sky130_fd_sc_hd__o31ai_2)
     3    0.01    0.29    0.34    1.70 ^ _145_/Y (sky130_fd_sc_hd__o31ai_2)
                                         _017_ (net)
                  0.29    0.00    1.70 ^ _149_/A (sky130_fd_sc_hd__xor2_1)
     1    0.00    0.14    0.20    1.89 ^ _149_/X (sky130_fd_sc_hd__xor2_1)
                                         sum_d[12] (net)
                  0.14    0.00    1.89 ^ _167_/D (sky130_fd_sc_hd__dfxtp_1)
                                  1.89   data arrival time

                  0.00    5.00    5.00   clock core_clock (rise edge)
                          0.00    5.00   clock network delay (ideal)
                          0.00    5.00   clock reconvergence pessimism
                                  5.00 ^ _167_/CLK (sky130_fd_sc_hd__dfxtp_1)
                         -0.08    4.92   library setup time
                                  4.92   data required time
-----------------------------------------------------------------------------
                                  4.92   data required time
                                 -1.89   data arrival time
-----------------------------------------------------------------------------
                                  3.02   slack (MET)


Startpoint: _188_ (rising edge-triggered flip-flop clocked by core_clock)
Endpoint: _215_ (rising edge-triggered flip-flop clocked by core_clock)
Path Group: core_clock
Path Type: max

Fanout     Cap    Slew   Delay    Time   Description
-----------------------------------------------------------------------------
                  0.00    0.00    0.00   clock core_clock (rise edge)
                          0.00    0.00   clock network delay (ideal)
                  0.00    0.00    0.00 ^ _188_/CLK (sky130_fd_sc_hd__dfxtp_1)
     2    0.00    0.06    0.29    0.29 ^ _188_/Q (sky130_fd_sc_hd__dfxtp_1)
                                         b_q[0] (net)
                  0.06    0.00    0.29 ^ _076_/B (sky130_fd_sc_hd__nand2_1)
     2    0.00    0.04    0.06    0.36 v _076_/Y (sky130_fd_sc_hd__nand2_1)
                                         _035_ (net)
                  0.04    0.00    0.36 v _079_/B1_N (sky130_fd_sc_hd__a21bo_1)
     2    0.01    0.09    0.21    0.57 ^ _079_/X (sky130_fd_sc_hd__a21bo_1)
                                         _037_ (net)
                  0.09    0.00    0.57 ^ _084_/A1 (sky130_fd_sc_hd__a21boi_2)
     3    0.01    0.06    0.08    0.64 v _084_/Y (sky130_fd_sc_hd__a21boi_2)
                                         _041_ (net)
                  0.06    0.00    0.64 v _100_/A1 (sky130_fd_sc_hd__o31a_1)
     4    0.01    0.09    0.35    0.99 v _100_/X (sky130_fd_sc_hd__o31a_1)
                                         _055_ (net)
                  0.09    0.00    0.99 v _121_/A1 (sky130_fd_sc_hd__o31a_1)
     4    0.01    0.10    0.37    1.36 v _121_/X (sky130_fd_sc_hd__o31a_1)
                                         _072_ (net)
                  0.10    0.00    1.36 v _133_/A1 (sky130_fd_sc_hd__o21a_1)
     2    0.01    0.06    0.22    1.58 v _133_/X (sky130_fd_sc_hd__o21a_1)
                                         _007_ (net)
                  0.06    0.00    1.58 v _134_/B (sky130_fd_sc_hd__xnor2_1)
     1    0.00    0.06    0.13    1.71 v _134_/Y (sky130_fd_sc_hd__xnor2_1)
                                         sum_d[10] (net)
                  0.06    0.00    1.71 v _215_/D (sky130_fd_sc_hd__dfxtp_1)
                                  1.71   data arrival time

                  0.00    5.00    5.00   clock core_clock (rise edge)
                          0.00    5.00   clock network delay (ideal)
                          0.00    5.00   clock reconvergence pessimism
                                  5.00 ^ _215_/CLK (sky130_fd_sc_hd__dfxtp_1)
                         -0.13    4.87   library setup time
                                  4.87   data required time
-----------------------------------------------------------------------------
                                  4.87   data required time
                                 -1.71   data arrival time
-----------------------------------------------------------------------------
                                  3.16   slack (MET)


Startpoint: _188_ (rising edge-triggered flip-flop clocked by core_clock)
Endpoint: _214_ (rising edge-triggered flip-flop clocked by core_clock)
Path Group: core_clock
Path Type: max

Fanout     Cap    Slew   Delay    Time   Description
-----------------------------------------------------------------------------
                  0.00    0.00    0.00   clock core_clock (rise edge)
                          0.00    0.00   clock network delay (ideal)
                  0.00    0.00    0.00 ^ _188_/CLK (sky130_fd_sc_hd__dfxtp_1)
     2    0.00    0.06    0.29    0.29 ^ _188_/Q (sky130_fd_sc_hd__dfxtp_1)
                                         b_q[0] (net)
                  0.06    0.00    0.29 ^ _076_/B (sky130_fd_sc_hd__nand2_1)
     2    0.00    0.04    0.06    0.36 v _076_/Y (sky130_fd_sc_hd__nand2_1)
                                         _035_ (net)
                  0.04    0.00    0.36 v _079_/B1_N (sky130_fd_sc_hd__a21bo_1)
     2    0.01    0.09    0.21    0.57 ^ _079_/X (sky130_fd_sc_hd__a21bo_1)
                                         _037_ (net)
                  0.09    0.00    0.57 ^ _084_/A1 (sky130_fd_sc_hd__a21boi_2)
     3    0.01    0.06    0.08    0.64 v _084_/Y (sky130_fd_sc_hd__a21boi_2)
                                         _041_ (net)
                  0.06    0.00    0.64 v _100_/A1 (sky130_fd_sc_hd__o31a_1)
     4    0.01    0.09    0.35    0.99 v _100_/X (sky130_fd_sc_hd__o31a_1)
                                         _055_ (net)
                  0.09    0.00    0.99 v _121_/A1 (sky130_fd_sc_hd__o31a_1)
     4    0.01    0.10    0.37    1.36 v _121_/X (sky130_fd_sc_hd__o31a_1)
                                         _072_ (net)
                  0.10    0.00    1.36 v _127_/A1 (sky130_fd_sc_hd__o21a_1)
     1    0.00    0.04    0.21    1.57 v _127_/X (sky130_fd_sc_hd__o21a_1)
                                         _002_ (net)
                  0.04    0.00    1.57 v _128_/B (sky130_fd_sc_hd__xnor2_1)
     1    0.00    0.05    0.12    1.68 v _128_/Y (sky130_fd_sc_hd__xnor2_1)
                                         sum_d[9] (net)
                  0.05    0.00    1.68 v _214_/D (sky130_fd_sc_hd__dfxtp_1)
                                  1.68   data arrival time

                  0.00    5.00    5.00   clock core_clock (rise edge)
                          0.00    5.00   clock network delay (ideal)
                          0.00    5.00   clock reconvergence pessimism
                                  5.00 ^ _214_/CLK (sky130_fd_sc_hd__dfxtp_1)
                         -0.12    4.88   library setup time
                                  4.88   data required time
-----------------------------------------------------------------------------
                                  4.88   data required time
                                 -1.68   data arrival time
-----------------------------------------------------------------------------
                                  3.19   slack (MET)


Startpoint: _188_ (rising edge-triggered flip-flop clocked by core_clock)
Endpoint: _213_ (rising edge-triggered flip-flop clocked by core_clock)
Path Group: core_clock
Path Type: max

Fanout     Cap    Slew   Delay    Time   Description
-----------------------------------------------------------------------------
                  0.00    0.00    0.00   clock core_clock (rise edge)
                          0.00    0.00   clock network delay (ideal)
                  0.00    0.00    0.00 ^ _188_/CLK (sky130_fd_sc_hd__dfxtp_1)
     2    0.00    0.06    0.29    0.29 ^ _188_/Q (sky130_fd_sc_hd__dfxtp_1)
                                         b_q[0] (net)
                  0.06    0.00    0.29 ^ _076_/B (sky130_fd_sc_hd__nand2_1)
     2    0.00    0.04    0.06    0.36 v _076_/Y (sky130_fd_sc_hd__nand2_1)
                                         _035_ (net)
                  0.04    0.00    0.36 v _079_/B1_N (sky130_fd_sc_hd__a21bo_1)
     2    0.01    0.09    0.21    0.57 ^ _079_/X (sky130_fd_sc_hd__a21bo_1)
                                         _037_ (net)
                  0.09    0.00    0.57 ^ _084_/A1 (sky130_fd_sc_hd__a21boi_2)
     3    0.01    0.06    0.08    0.64 v _084_/Y (sky130_fd_sc_hd__a21boi_2)
                                         _041_ (net)
                  0.06    0.00    0.64 v _100_/A1 (sky130_fd_sc_hd__o31a_1)
     4    0.01    0.09    0.35    0.99 v _100_/X (sky130_fd_sc_hd__o31a_1)
                                         _055_ (net)
                  0.09    0.00    0.99 v _121_/A1 (sky130_fd_sc_hd__o31a_1)
     4    0.01    0.10    0.37    1.36 v _121_/X (sky130_fd_sc_hd__o31a_1)
                                         _072_ (net)
                  0.10    0.00    1.36 v _125_/A (sky130_fd_sc_hd__xor2_1)
     1    0.00    0.05    0.17    1.53 v _125_/X (sky130_fd_sc_hd__xor2_1)
                                         sum_d[8] (net)
                  0.05    0.00    1.53 v _213_/D (sky130_fd_sc_hd__dfxtp_1)
                                  1.53   data arrival time

                  0.00    5.00    5.00   clock core_clock (rise edge)
                          0.00    5.00   clock network delay (ideal)
                          0.00    5.00   clock reconvergence pessimism
                                  5.00 ^ _213_/CLK (sky130_fd_sc_hd__dfxtp_1)
                         -0.12    4.88   library setup time
                                  4.88   data required time
-----------------------------------------------------------------------------
                                  4.88   data required time
                                 -1.53   data arrival time
-----------------------------------------------------------------------------
                                  3.35   slack (MET)


Startpoint: _172_ (rising edge-triggered flip-flop clocked by core_clock)
Endpoint: _212_ (rising edge-triggered flip-flop clocked by core_clock)
Path Group: core_clock
Path Type: max

Fanout     Cap    Slew   Delay    Time   Description
-----------------------------------------------------------------------------
                  0.00    0.00    0.00   clock core_clock (rise edge)
                          0.00    0.00   clock network delay (ideal)
                  0.00    0.00    0.00 ^ _172_/CLK (sky130_fd_sc_hd__dfxtp_1)
     2    0.00    0.03    0.28    0.28 v _172_/Q (sky130_fd_sc_hd__dfxtp_1)
                                         a_q[0] (net)
                  0.03    0.00    0.28 v _075_/A (sky130_fd_sc_hd__or2_1)
     2    0.01    0.06    0.23    0.51 v _075_/X (sky130_fd_sc_hd__or2_1)
                                         _034_ (net)
                  0.06    0.00    0.51 v _079_/A2 (sky130_fd_sc_hd__a21bo_1)
     2    0.01    0.06    0.22    0.73 v _079_/X (sky130_fd_sc_hd__a21bo_1)
                                         _037_ (net)
                  0.06    0.00    0.73 v _084_/A1 (sky130_fd_sc_hd__a21boi_2)
     3    0.01    0.16    0.18    0.91 ^ _084_/Y (sky130_fd_sc_hd__a21boi_2)
                                         _041_ (net)
                  0.16    0.00    0.91 ^ _100_/A1 (sky130_fd_sc_hd__o31a_1)
     4    0.01    0.16    0.24    1.15 ^ _100_/X (sky130_fd_sc_hd__o31a_1)
                                         _055_ (net)
                  0.16    0.00    1.15 ^ _111_/A1 (sky130_fd_sc_hd__o21a_1)
     2    0.01    0.09    0.18    1.33 ^ _111_/X (sky130_fd_sc_hd__o21a_1)
                                         _064_ (net)
                  0.09    0.00    1.33 ^ _117_/A2 (sky130_fd_sc_hd__o21a_1)
     1    0.00    0.06    0.12    1.46 ^ _117_/X (sky130_fd_sc_hd__o21a_1)
                                         _069_ (net)
                  0.06    0.00    1.46 ^ _118_/B (sky130_fd_sc_hd__xnor2_1)
     1    0.00    0.10    0.10    1.56 ^ _118_/Y (sky130_fd_sc_hd__xnor2_1)
                                         sum_d[7] (net)
                  0.10    0.00    1.56 ^ _212_/D (sky130_fd_sc_hd__dfxtp_1)
                                  1.56   data arrival time

                  0.00    5.00    5.00   clock core_clock (rise edge)
                          0.00    5.00   clock network delay (ideal)
                          0.00    5.00   clock reconvergence pessimism
                                  5.00 ^ _212_/CLK (sky130_fd_sc_hd__dfxtp_1)
                         -0.07    4.93   library setup time
                                  4.93   data required time
-----------------------------------------------------------------------------
                                  4.93   data required time
                                 -1.56   data arrival time
-----------------------------------------------------------------------------
                                  3.37   slack (MET)


Startpoint: _172_ (rising edge-triggered flip-flop clocked by core_clock)
Endpoint: _211_ (rising edge-triggered flip-flop clocked by core_clock)
Path Group: core_clock
Path Type: max

Fanout     Cap    Slew   Delay    Time   Description
-----------------------------------------------------------------------------
                  0.00    0.00    0.00   clock core_clock (rise edge)
                          0.00    0.00   clock network delay (ideal)
                  0.00    0.00    0.00 ^ _172_/CLK (sky130_fd_sc_hd__dfxtp_1)
     2    0.00    0.03    0.28    0.28 v _172_/Q (sky130_fd_sc_hd__dfxtp_1)
                                         a_q[0] (net)
                  0.03    0.00    0.28 v _075_/A (sky130_fd_sc_hd__or2_1)
     2    0.01    0.06    0.23    0.51 v _075_/X (sky130_fd_sc_hd__or2_1)
                                         _034_ (net)
                  0.06    0.00    0.51 v _079_/A2 (sky130_fd_sc_hd__a21bo_1)
     2    0.01    0.06    0.22    0.73 v _079_/X (sky130_fd_sc_hd__a21bo_1)
                                         _037_ (net)
                  0.06    0.00    0.73 v _084_/A1 (sky130_fd_sc_hd__a21boi_2)
     3    0.01    0.16    0.18    0.91 ^ _084_/Y (sky130_fd_sc_hd__a21boi_2)
                                         _041_ (net)
                  0.16    0.00    0.91 ^ _100_/A1 (sky130_fd_sc_hd__o31a_1)
     4    0.01    0.16    0.24    1.15 ^ _100_/X (sky130_fd_sc_hd__o31a_1)
                                         _055_ (net)
                  0.16    0.00    1.15 ^ _111_/A1 (sky130_fd_sc_hd__o21a_1)
     2    0.01    0.09    0.18    1.33 ^ _111_/X (sky130_fd_sc_hd__o21a_1)
                                         _064_ (net)
                  0.09    0.00    1.33 ^ _112_/B (sky130_fd_sc_hd__xnor2_1)
     1    0.00    0.12    0.12    1.45 ^ _112_/Y (sky130_fd_sc_hd__xnor2_1)
                                         sum_d[6] (net)
                  0.12    0.00    1.45 ^ _211_/D (sky130_fd_sc_hd__dfxtp_1)
                                  1.45   data arrival time

                  0.00    5.00    5.00   clock core_clock (rise edge)
                          0.00    5.00   clock network delay (ideal)
                          0.00    5.00   clock reconvergence pessimism
                                  5.00 ^ _211_/CLK (sky130_fd_sc_hd__dfxtp_1)
                         -0.08    4.92   library setup time
                                  4.92   data required time
-----------------------------------------------------------------------------
                                  4.92   data required time
                                 -1.45   data arrival time
-----------------------------------------------------------------------------
                                  3.47   slack (MET)


Startpoint: _172_ (rising edge-triggered flip-flop clocked by core_clock)
Endpoint: _210_ (rising edge-triggered flip-flop clocked by core_clock)
Path Group: core_clock
Path Type: max

Fanout     Cap    Slew   Delay    Time   Description
-----------------------------------------------------------------------------
                  0.00    0.00    0.00   clock core_clock (rise edge)
                          0.00    0.00   clock network delay (ideal)
                  0.00    0.00    0.00 ^ _172_/CLK (sky130_fd_sc_hd__dfxtp_1)
     2    0.00    0.03    0.28    0.28 v _172_/Q (sky130_fd_sc_hd__dfxtp_1)
                                         a_q[0] (net)
                  0.03    0.00    0.28 v _075_/A (sky130_fd_sc_hd__or2_1)
     2    0.01    0.06    0.23    0.51 v _075_/X (sky130_fd_sc_hd__or2_1)
                                         _034_ (net)
                  0.06    0.00    0.51 v _079_/A2 (sky130_fd_sc_hd__a21bo_1)
     2    0.01    0.06    0.22    0.73 v _079_/X (sky130_fd_sc_hd__a21bo_1)
                                         _037_ (net)
                  0.06    0.00    0.73 v _084_/A1 (sky130_fd_sc_hd__a21boi_2)
     3    0.01    0.16    0.18    0.91 ^ _084_/Y (sky130_fd_sc_hd__a21boi_2)
                                         _041_ (net)
                  0.16    0.00    0.91 ^ _100_/A1 (sky130_fd_sc_hd__o31a_1)
     4    0.01    0.16    0.24    1.15 ^ _100_/X (sky130_fd_sc_hd__o31a_1)
                                         _055_ (net)
                  0.16    0.00    1.15 ^ _103_/A2 (sky130_fd_sc_hd__o21a_1)
     1    0.00    0.06    0.14    1.29 ^ _103_/X (sky130_fd_sc_hd__o21a_1)
                                         _057_ (net)
                  0.06    0.00    1.29 ^ _104_/B (sky130_fd_sc_hd__xnor2_1)
     1    0.00    0.06    0.06    1.35 v _104_/Y (sky130_fd_sc_hd__xnor2_1)
                                         sum_d[5] (net)
                  0.06    0.00    1.35 v _210_/D (sky130_fd_sc_hd__dfxtp_1)
                                  1.35   data arrival time

                  0.00    5.00    5.00   clock core_clock (rise edge)
                          0.00    5.00   clock network delay (ideal)
                          0.00    5.00   clock reconvergence pessimism
                                  5.00 ^ _210_/CLK (sky130_fd_sc_hd__dfxtp_1)
                         -0.13    4.87   library setup time
                                  4.87   data required time
-----------------------------------------------------------------------------
                                  4.87   data required time
                                 -1.35   data arrival time
-----------------------------------------------------------------------------
                                  3.52   slack (MET)


Startpoint: _172_ (rising edge-triggered flip-flop clocked by core_clock)
Endpoint: _209_ (rising edge-triggered flip-flop clocked by core_clock)
Path Group: core_clock
Path Type: max

Fanout     Cap    Slew   Delay    Time   Description
-----------------------------------------------------------------------------
                  0.00    0.00    0.00   clock core_clock (rise edge)
                          0.00    0.00   clock network delay (ideal)
                  0.00    0.00    0.00 ^ _172_/CLK (sky130_fd_sc_hd__dfxtp_1)
     2    0.00    0.03    0.28    0.28 v _172_/Q (sky130_fd_sc_hd__dfxtp_1)
                                         a_q[0] (net)
                  0.03    0.00    0.28 v _075_/A (sky130_fd_sc_hd__or2_1)
     2    0.01    0.06    0.23    0.51 v _075_/X (sky130_fd_sc_hd__or2_1)
                                         _034_ (net)
                  0.06    0.00    0.51 v _079_/A2 (sky130_fd_sc_hd__a21bo_1)
     2    0.01    0.06    0.22    0.73 v _079_/X (sky130_fd_sc_hd__a21bo_1)
                                         _037_ (net)
                  0.06    0.00    0.73 v _084_/A1 (sky130_fd_sc_hd__a21boi_2)
     3    0.01    0.16    0.18    0.91 ^ _084_/Y (sky130_fd_sc_hd__a21boi_2)
                                         _041_ (net)
                  0.16    0.00    0.91 ^ _100_/A1 (sky130_fd_sc_hd__o31a_1)
     4    0.01    0.16    0.24    1.15 ^ _100_/X (sky130_fd_sc_hd__o31a_1)
                                         _055_ (net)
                  0.16    0.00    1.15 ^ _101_/B (sky130_fd_sc_hd__xnor2_1)
     1    0.00    0.11    0.13    1.28 ^ _101_/Y (sky130_fd_sc_hd__xnor2_1)
                                         sum_d[4] (net)
                  0.11    0.00    1.28 ^ _209_/D (sky130_fd_sc_hd__dfxtp_1)
                                  1.28   data arrival time

                  0.00    5.00    5.00   clock core_clock (rise edge)
                          0.00    5.00   clock network delay (ideal)
                          0.00    5.00   clock reconvergence pessimism
                                  5.00 ^ _209_/CLK (sky130_fd_sc_hd__dfxtp_1)
                         -0.08    4.92   library setup time
                                  4.92   data required time
-----------------------------------------------------------------------------
                                  4.92   data required time
                                 -1.28   data arrival time
-----------------------------------------------------------------------------
                                  3.64   slack (MET)


Startpoint: _172_ (rising edge-triggered flip-flop clocked by core_clock)
Endpoint: _208_ (rising edge-triggered flip-flop clocked by core_clock)
Path Group: core_clock
Path Type: max

Fanout     Cap    Slew   Delay    Time   Description
-----------------------------------------------------------------------------
                  0.00    0.00    0.00   clock core_clock (rise edge)
                          0.00    0.00   clock network delay (ideal)
                  0.00    0.00    0.00 ^ _172_/CLK (sky130_fd_sc_hd__dfxtp_1)
     2    0.00    0.03    0.28    0.28 v _172_/Q (sky130_fd_sc_hd__dfxtp_1)
                                         a_q[0] (net)
                  0.03    0.00    0.28 v _075_/A (sky130_fd_sc_hd__or2_1)
     2    0.01    0.06    0.23    0.51 v _075_/X (sky130_fd_sc_hd__or2_1)
                                         _034_ (net)
                  0.06    0.00    0.51 v _079_/A2 (sky130_fd_sc_hd__a21bo_1)
     2    0.01    0.06    0.22    0.73 v _079_/X (sky130_fd_sc_hd__a21bo_1)
                                         _037_ (net)
                  0.06    0.00    0.73 v _084_/A1 (sky130_fd_sc_hd__a21boi_2)
     3    0.01    0.16    0.18    0.91 ^ _084_/Y (sky130_fd_sc_hd__a21boi_2)
                                         _041_ (net)
                  0.16    0.00    0.91 ^ _092_/A1 (sky130_fd_sc_hd__o21a_1)
     1    0.01    0.06    0.16    1.07 ^ _092_/X (sky130_fd_sc_hd__o21a_1)
                                         _048_ (net)
                  0.06    0.00    1.07 ^ _093_/B (sky130_fd_sc_hd__xnor2_1)
     1    0.00    0.05    0.05    1.13 v _093_/Y (sky130_fd_sc_hd__xnor2_1)
                                         sum_d[3] (net)
                  0.05    0.00    1.13 v _208_/D (sky130_fd_sc_hd__dfxtp_1)
                                  1.13   data arrival time

                  0.00    5.00    5.00   clock core_clock (rise edge)
                          0.00    5.00   clock network delay (ideal)
                          0.00    5.00   clock reconvergence pessimism
                                  5.00 ^ _208_/CLK (sky130_fd_sc_hd__dfxtp_1)
                         -0.12    4.88   library setup time
                                  4.88   data required time
-----------------------------------------------------------------------------
                                  4.88   data required time
                                 -1.13   data arrival time
-----------------------------------------------------------------------------
                                  3.75   slack (MET)


Startpoint: _172_ (rising edge-triggered flip-flop clocked by core_clock)
Endpoint: _207_ (rising edge-triggered flip-flop clocked by core_clock)
Path Group: core_clock
Path Type: max

Fanout     Cap    Slew   Delay    Time   Description
-----------------------------------------------------------------------------
                  0.00    0.00    0.00   clock core_clock (rise edge)
                          0.00    0.00   clock network delay (ideal)
                  0.00    0.00    0.00 ^ _172_/CLK (sky130_fd_sc_hd__dfxtp_1)
     2    0.00    0.03    0.28    0.28 v _172_/Q (sky130_fd_sc_hd__dfxtp_1)
                                         a_q[0] (net)
                  0.03    0.00    0.28 v _075_/A (sky130_fd_sc_hd__or2_1)
     2    0.01    0.06    0.23    0.51 v _075_/X (sky130_fd_sc_hd__or2_1)
                                         _034_ (net)
                  0.06    0.00    0.51 v _079_/A2 (sky130_fd_sc_hd__a21bo_1)
     2    0.01    0.06    0.22    0.73 v _079_/X (sky130_fd_sc_hd__a21bo_1)
                                         _037_ (net)
                  0.06    0.00    0.73 v _084_/A1 (sky130_fd_sc_hd__a21boi_2)
     3    0.01    0.16    0.18    0.91 ^ _084_/Y (sky130_fd_sc_hd__a21boi_2)
                                         _041_ (net)
                  0.16    0.00    0.91 ^ _088_/A (sky130_fd_sc_hd__xor2_1)
     1    0.00    0.12    0.16    1.07 ^ _088_/X (sky130_fd_sc_hd__xor2_1)
                                         sum_d[2] (net)
                  0.12    0.00    1.07 ^ _207_/D (sky130_fd_sc_hd__dfxtp_1)
                                  1.07   data arrival time

                  0.00    5.00    5.00   clock core_clock (rise edge)
                          0.00    5.00   clock network delay (ideal)
                          0.00    5.00   clock reconvergence pessimism
                                  5.00 ^ _207_/CLK (sky130_fd_sc_hd__dfxtp_1)
                         -0.08    4.92   library setup time
                                  4.92   data required time
-----------------------------------------------------------------------------
                                  4.92   data required time
                                 -1.07   data arrival time
-----------------------------------------------------------------------------
                                  3.85   slack (MET)


Startpoint: _172_ (rising edge-triggered flip-flop clocked by core_clock)
Endpoint: _206_ (rising edge-triggered flip-flop clocked by core_clock)
Path Group: core_clock
Path Type: max

Fanout     Cap    Slew   Delay    Time   Description
-----------------------------------------------------------------------------
                  0.00    0.00    0.00   clock core_clock (rise edge)
                          0.00    0.00   clock network delay (ideal)
                  0.00    0.00    0.00 ^ _172_/CLK (sky130_fd_sc_hd__dfxtp_1)
     2    0.00    0.03    0.28    0.28 v _172_/Q (sky130_fd_sc_hd__dfxtp_1)
                                         a_q[0] (net)
                  0.03    0.00    0.28 v _075_/A (sky130_fd_sc_hd__or2_1)
     2    0.01    0.06    0.23    0.51 v _075_/X (sky130_fd_sc_hd__or2_1)
                                         _034_ (net)
                  0.06    0.00    0.51 v _079_/A2 (sky130_fd_sc_hd__a21bo_1)
     2    0.01    0.06    0.22    0.73 v _079_/X (sky130_fd_sc_hd__a21bo_1)
                                         _037_ (net)
                  0.06    0.00    0.73 v _083_/A (sky130_fd_sc_hd__xnor2_1)
     1    0.00    0.05    0.13    0.86 v _083_/Y (sky130_fd_sc_hd__xnor2_1)
                                         sum_d[1] (net)
                  0.05    0.00    0.86 v _206_/D (sky130_fd_sc_hd__dfxtp_1)
                                  0.86   data arrival time

                  0.00    5.00    5.00   clock core_clock (rise edge)
                          0.00    5.00   clock network delay (ideal)
                          0.00    5.00   clock reconvergence pessimism
                                  5.00 ^ _206_/CLK (sky130_fd_sc_hd__dfxtp_1)
                         -0.12    4.88   library setup time
                                  4.88   data required time
-----------------------------------------------------------------------------
                                  4.88   data required time
                                 -0.86   data arrival time
-----------------------------------------------------------------------------
                                  4.01   slack (MET)


Startpoint: _172_ (rising edge-triggered flip-flop clocked by core_clock)
Endpoint: _205_ (rising edge-triggered flip-flop clocked by core_clock)
Path Group: core_clock
Path Type: max

Fanout     Cap    Slew   Delay    Time   Description
-----------------------------------------------------------------------------
                  0.00    0.00    0.00   clock core_clock (rise edge)
                          0.00    0.00   clock network delay (ideal)
                  0.00    0.00    0.00 ^ _172_/CLK (sky130_fd_sc_hd__dfxtp_1)
     2    0.00    0.03    0.28    0.28 v _172_/Q (sky130_fd_sc_hd__dfxtp_1)
                                         a_q[0] (net)
                  0.03    0.00    0.28 v _075_/A (sky130_fd_sc_hd__or2_1)
     2    0.01    0.06    0.23    0.51 v _075_/X (sky130_fd_sc_hd__or2_1)
                                         _034_ (net)
                  0.06    0.00    0.51 v _077_/A (sky130_fd_sc_hd__nand2_1)
     1    0.00    0.06    0.07    0.58 ^ _077_/Y (sky130_fd_sc_hd__nand2_1)
                                         _036_ (net)
                  0.06    0.00    0.58 ^ _078_/B (sky130_fd_sc_hd__xnor2_1)
     1    0.00    0.14    0.12    0.70 ^ _078_/Y (sky130_fd_sc_hd__xnor2_1)
                                         sum_d[0] (net)
                  0.14    0.00    0.70 ^ _205_/D (sky130_fd_sc_hd__dfxtp_1)
                                  0.70   data arrival time

                  0.00    5.00    5.00   clock core_clock (rise edge)
                          0.00    5.00   clock network delay (ideal)
                          0.00    5.00   clock reconvergence pessimism
                                  5.00 ^ _205_/CLK (sky130_fd_sc_hd__dfxtp_1)
                         -0.08    4.92   library setup time
                                  4.92   data required time
-----------------------------------------------------------------------------
                                  4.92   data required time
                                 -0.70   data arrival time
-----------------------------------------------------------------------------
                                  4.21   slack (MET)



worst slack corner Typical: 2.6230
max_report_end
checks_report

===========================================================================
report_checks -unconstrained
===========================================================================
======================= Typical Corner ===================================

Startpoint: _188_ (rising edge-triggered flip-flop clocked by core_clock)
Endpoint: _170_ (rising edge-triggered flip-flop clocked by core_clock)
Path Group: core_clock
Path Type: max

Fanout     Cap    Slew   Delay    Time   Description
-----------------------------------------------------------------------------
                  0.00    0.00    0.00   clock core_clock (rise edge)
                          0.00    0.00   clock network delay (ideal)
                  0.00    0.00    0.00 ^ _188_/CLK (sky130_fd_sc_hd__dfxtp_1)
     2    0.00    0.06    0.29    0.29 ^ _188_/Q (sky130_fd_sc_hd__dfxtp_1)
                                         b_q[0] (net)
                  0.06    0.00    0.29 ^ _076_/B (sky130_fd_sc_hd__nand2_1)
     2    0.00    0.04    0.06    0.36 v _076_/Y (sky130_fd_sc_hd__nand2_1)
                                         _035_ (net)
                  0.04    0.00    0.36 v _079_/B1_N (sky130_fd_sc_hd__a21bo_1)
     2    0.01    0.09    0.21    0.57 ^ _079_/X (sky130_fd_sc_hd__a21bo_1)
                                         _037_ (net)
                  0.09    0.00    0.57 ^ _084_/A1 (sky130_fd_sc_hd__a21boi_2)
     3    0.01    0.06    0.08    0.64 v _084_/Y (sky130_fd_sc_hd__a21boi_2)
                                         _041_ (net)
                  0.06    0.00    0.64 v _100_/A1 (sky130_fd_sc_hd__o31a_1)
     4    0.01    0.09    0.35    0.99 v _100_/X (sky130_fd_sc_hd__o31a_1)
                                         _055_ (net)
                  0.09    0.00    0.99 v _121_/A1 (sky130_fd_sc_hd__o31a_1)
     4    0.01    0.10    0.37    1.36 v _121_/X (sky130_fd_sc_hd__o31a_1)
                                         _072_ (net)
                  0.10    0.00    1.36 v _145_/A1 (sky130_fd_sc_hd__o31ai_2)
     3    0.01    0.29    0.34    1.70 ^ _145_/Y (sky130_fd_sc_hd__o31ai_2)
                                         _017_ (net)
                  0.29    0.00    1.70 ^ _158_/A1 (sky130_fd_sc_hd__a211oi_1)
     2    0.01    0.10    0.14    1.84 v _158_/Y (sky130_fd_sc_hd__a211oi_1)
                                         _028_ (net)
                  0.10    0.00    1.84 v _164_/A3 (sky130_fd_sc_hd__o31a_1)
     2    0.01    0.07    0.28    2.11 v _164_/X (sky130_fd_sc_hd__o31a_1)
                                         _033_ (net)
                  0.07    0.00    2.11 v _165_/B (sky130_fd_sc_hd__xor2_1)
     1    0.00    0.05    0.14    2.26 v _165_/X (sky130_fd_sc_hd__xor2_1)
                                         sum_d[15] (net)
                  0.05    0.00    2.26 v _170_/D (sky130_fd_sc_hd__dfxtp_1)
                                  2.26   data arrival time

                  0.00    5.00    5.00   clock core_clock (rise edge)
                          0.00    5.00   clock network delay (ideal)
                          0.00    5.00   clock reconvergence pessimism
                                  5.00 ^ _170_/CLK (sky130_fd_sc_hd__dfxtp_1)
                         -0.12    4.88   library setup time
                                  4.88   data required time
-----------------------------------------------------------------------------
                                  4.88   data required time
                                 -2.26   data arrival time
-----------------------------------------------------------------------------
                                  2.62   slack (MET)




===========================================================================
report_checks --slack_max -0.01
============================================================================
======================= Typical Corner ===================================

No paths found.


===========================================================================
 report_check_types -max_slew -max_cap -max_fanout -violators
============================================================================
======================= Typical Corner ===================================


max slew violations count Typical: 0
max fanout violations count Typical: 0
max cap violations count Typical: 0

===========================================================================
report_parasitic_annotation -report_unannotated
============================================================================
Found 1 unannotated drivers.
 clk
Found 0 partially unannotated drivers.

===========================================================================
max slew violation count 0
max fanout violation count 0
max cap violation count 0
============================================================================

===========================================================================
check_setup -verbose -unconstrained_endpoints -multiple_clock -no_clock -no_input_delay -loops -generated_clocks
===========================================================================
Warning: There are 33 input ports missing set_input_delay.
  a[0]
  a[10]
  a[11]
  a[12]
  a[13]
  a[14]
  a[15]
  a[1]
  a[2]
  a[3]
  a[4]
  a[5]
  a[6]
  a[7]
  a[8]
  a[9]
  b[0]
  b[10]
  b[11]
  b[12]
  b[13]
  b[14]
  b[15]
  b[1]
  b[2]
  b[3]
  b[4]
  b[5]
  b[6]
  b[7]
  b[8]
  b[9]
  cin
Warning: There are 50 unconstrained endpoints.
  sum[0]
  sum[10]
  sum[11]
  sum[12]
  sum[13]
  sum[14]
  sum[15]
  sum[16]
  sum[1]
  sum[2]
  sum[3]
  sum[4]
  sum[5]
  sum[6]
  sum[7]
  sum[8]
  sum[9]
  _172_/D
  _173_/D
  _174_/D
  _175_/D
  _176_/D
  _177_/D
  _178_/D
  _179_/D
  _180_/D
  _181_/D
  _182_/D
  _183_/D
  _184_/D
  _185_/D
  _186_/D
  _187_/D
  _188_/D
  _189_/D
  _190_/D
  _191_/D
  _192_/D
  _193_/D
  _194_/D
  _195_/D
  _196_/D
  _197_/D
  _198_/D
  _199_/D
  _200_/D
  _201_/D
  _202_/D
  _203_/D
  _204_/D
checks_report_end
power_report

===========================================================================
 report_power
============================================================================
======================= Typical Corner ===================================

Group                  Internal  Switching    Leakage      Total
                          Power      Power      Power      Power (Watts)
----------------------------------------------------------------
Sequential             4.43e-04   1.46e-05   4.22e-10   4.58e-04  86.7%
Combinational          4.02e-05   2.99e-05   3.29e-10   7.01e-05  13.3%
Clock                  0.00e+00   0.00e+00   1.43e-10   1.43e-10   0.0%
Macro                  0.00e+00   0.00e+00   0.00e+00   0.00e+00   0.0%
Pad                    0.00e+00   0.00e+00   0.00e+00   0.00e+00   0.0%
----------------------------------------------------------------
Total                  4.83e-04   4.45e-05   8.94e-10   5.28e-04 100.0%
                          91.6%       8.4%       0.0%

power_report_end
skew_report

===========================================================================
report_clock_skew
============================================================================
Clock core_clock
   0.00 source latency _172_/CLK ^
   0.00 target latency _167_/CLK ^
   0.00 CRPR
--------------
   0.00 setup skew

skew_report_end
summary_report

===========================================================================
report_tns
============================================================================
tns 0.00

===========================================================================
report_wns
============================================================================
wns 0.00

===========================================================================
report_worst_slack -max (Setup)
============================================================================
worst slack 2.62

===========================================================================
report_worst_slack -min (Hold)
============================================================================
worst slack 0.47
summary_report_end
area_report

===========================================================================
report_design_area
============================================================================
Design area 1844 u^2 50% utilization.
area_report_end
check_nonpropagated_clocks
core_clock
check_nonpropagated_clocks_end
[WARNING] Did not save OpenROAD database!
Writing SDF to '/openlane/designs/adder/runs/auto_pnr/results/signoff/adder.sdf'…
