
===========================================================================
report_checks -path_delay max (Setup)
============================================================================
======================= Typical Corner ===================================

Startpoint: _137_ (rising edge-triggered flip-flop clocked by core_clock)
Endpoint: _186_ (rising edge-triggered flip-flop clocked by core_clock)
Path Group: core_clock
Path Type: max

Fanout     Cap    Slew   Delay    Time   Description
-----------------------------------------------------------------------------
                  0.00    0.00    0.00   clock core_clock (rise edge)
                          0.00    0.00   clock network delay (ideal)
                  0.00    0.00    0.00 ^ _137_/CLK (sky130_fd_sc_hd__dfxtp_1)
     3    0.01    0.05    0.30    0.30 v _137_/Q (sky130_fd_sc_hd__dfxtp_1)
                                         x1.a (net)
                  0.05    0.00    0.30 v _062_/B (sky130_fd_sc_hd__or2_1)
     2    0.01    0.06    0.22    0.52 v _062_/X (sky130_fd_sc_hd__or2_1)
                                         _014_ (net)
                  0.06    0.00    0.52 v _064_/A2 (sky130_fd_sc_hd__a21bo_1)
     2    0.01    0.05    0.21    0.73 v _064_/X (sky130_fd_sc_hd__a21bo_1)
                                         _016_ (net)
                  0.05    0.00    0.73 v _066_/B (sky130_fd_sc_hd__xor2_1)
     2    0.00    0.06    0.15    0.87 v _066_/X (sky130_fd_sc_hd__xor2_1)
                                         _018_ (net)
                  0.06    0.00    0.87 v _067_/B (sky130_fd_sc_hd__nand2_1)
     3    0.01    0.08    0.09    0.97 ^ _067_/Y (sky130_fd_sc_hd__nand2_1)
                                         _019_ (net)
                  0.08    0.00    0.97 ^ _068_/C (sky130_fd_sc_hd__nand3b_1)
     2    0.00    0.07    0.09    1.06 v _068_/Y (sky130_fd_sc_hd__nand3b_1)
                                         _020_ (net)
                  0.07    0.00    1.06 v _070_/A2 (sky130_fd_sc_hd__a21o_1)
     2    0.01    0.05    0.20    1.26 v _070_/X (sky130_fd_sc_hd__a21o_1)
                                         _022_ (net)
                  0.05    0.00    1.26 v _071_/B (sky130_fd_sc_hd__xor2_1)
     2    0.01    0.07    0.16    1.42 v _071_/X (sky130_fd_sc_hd__xor2_1)
                                         _023_ (net)
                  0.07    0.00    1.42 v _078_/A2 (sky130_fd_sc_hd__a21o_1)
     2    0.00    0.04    0.19    1.61 v _078_/X (sky130_fd_sc_hd__a21o_1)
                                         _030_ (net)
                  0.04    0.00    1.61 v _080_/A1 (sky130_fd_sc_hd__a21o_1)
     2    0.01    0.04    0.16    1.77 v _080_/X (sky130_fd_sc_hd__a21o_1)
                                         _032_ (net)
                  0.04    0.00    1.77 v _082_/A2 (sky130_fd_sc_hd__a21oi_1)
     2    0.01    0.19    0.19    1.96 ^ _082_/Y (sky130_fd_sc_hd__a21oi_1)
                                         _034_ (net)
                  0.19    0.00    1.96 ^ _084_/A_N (sky130_fd_sc_hd__and2b_1)
     1    0.00    0.03    0.20    2.16 v _084_/X (sky130_fd_sc_hd__and2b_1)
                                         _036_ (net)
                  0.03    0.00    2.16 v _085_/B1 (sky130_fd_sc_hd__a21oi_1)
     2    0.01    0.19    0.17    2.33 ^ _085_/Y (sky130_fd_sc_hd__a21oi_1)
                                         _037_ (net)
                  0.19    0.00    2.33 ^ _087_/A_N (sky130_fd_sc_hd__and2b_1)
     1    0.00    0.03    0.20    2.53 v _087_/X (sky130_fd_sc_hd__and2b_1)
                                         _039_ (net)
                  0.03    0.00    2.53 v _088_/B1 (sky130_fd_sc_hd__a21oi_1)
     2    0.01    0.18    0.16    2.70 ^ _088_/Y (sky130_fd_sc_hd__a21oi_1)
                                         _040_ (net)
                  0.18    0.00    2.70 ^ _090_/A_N (sky130_fd_sc_hd__and2b_1)
     1    0.00    0.03    0.20    2.90 v _090_/X (sky130_fd_sc_hd__and2b_1)
                                         _042_ (net)
                  0.03    0.00    2.90 v _091_/B1 (sky130_fd_sc_hd__a21o_1)
     2    0.01    0.06    0.17    3.07 v _091_/X (sky130_fd_sc_hd__a21o_1)
                                         _043_ (net)
                  0.06    0.00    3.07 v _092_/B (sky130_fd_sc_hd__xnor2_1)
     2    0.01    0.22    0.20    3.27 ^ _092_/Y (sky130_fd_sc_hd__xnor2_1)
                                         _044_ (net)
                  0.22    0.00    3.27 ^ _094_/A2 (sky130_fd_sc_hd__o21a_1)
     2    0.01    0.08    0.17    3.44 ^ _094_/X (sky130_fd_sc_hd__o21a_1)
                                         _046_ (net)
                  0.08    0.00    3.44 ^ _096_/A_N (sky130_fd_sc_hd__and2b_1)
     1    0.00    0.03    0.18    3.62 v _096_/X (sky130_fd_sc_hd__and2b_1)
                                         _048_ (net)
                  0.03    0.00    3.62 v _097_/B1 (sky130_fd_sc_hd__a21oi_1)
     2    0.01    0.19    0.17    3.78 ^ _097_/Y (sky130_fd_sc_hd__a21oi_1)
                                         _049_ (net)
                  0.19    0.00    3.78 ^ _099_/A_N (sky130_fd_sc_hd__and2b_1)
     1    0.00    0.03    0.20    3.98 v _099_/X (sky130_fd_sc_hd__and2b_1)
                                         _051_ (net)
                  0.03    0.00    3.98 v _100_/B1 (sky130_fd_sc_hd__a21oi_1)
     2    0.01    0.19    0.17    4.15 ^ _100_/Y (sky130_fd_sc_hd__a21oi_1)
                                         _052_ (net)
                  0.19    0.00    4.15 ^ _102_/A_N (sky130_fd_sc_hd__and2b_1)
     1    0.00    0.03    0.20    4.35 v _102_/X (sky130_fd_sc_hd__and2b_1)
                                         _054_ (net)
                  0.03    0.00    4.35 v _103_/B1 (sky130_fd_sc_hd__a21o_1)
     2    0.01    0.05    0.17    4.51 v _103_/X (sky130_fd_sc_hd__a21o_1)
                                         _055_ (net)
                  0.05    0.00    4.51 v _104_/B (sky130_fd_sc_hd__xnor2_1)
     2    0.01    0.23    0.21    4.72 ^ _104_/Y (sky130_fd_sc_hd__xnor2_1)
                                         _056_ (net)
                  0.23    0.00    4.72 ^ _106_/A2 (sky130_fd_sc_hd__o21a_1)
     2    0.01    0.08    0.17    4.90 ^ _106_/X (sky130_fd_sc_hd__o21a_1)
                                         _058_ (net)
                  0.08    0.00    4.90 ^ _108_/A_N (sky130_fd_sc_hd__and2b_1)
     1    0.00    0.03    0.18    5.08 v _108_/X (sky130_fd_sc_hd__and2b_1)
                                         _000_ (net)
                  0.03    0.00    5.08 v _109_/B1 (sky130_fd_sc_hd__a21oi_1)
     2    0.01    0.19    0.17    5.24 ^ _109_/Y (sky130_fd_sc_hd__a21oi_1)
                                         _001_ (net)
                  0.19    0.00    5.24 ^ _111_/A_N (sky130_fd_sc_hd__and2b_1)
     1    0.00    0.03    0.20    5.44 v _111_/X (sky130_fd_sc_hd__and2b_1)
                                         _003_ (net)
                  0.03    0.00    5.44 v _112_/B1 (sky130_fd_sc_hd__a21oi_1)
     2    0.01    0.20    0.18    5.62 ^ _112_/Y (sky130_fd_sc_hd__a21oi_1)
                                         _004_ (net)
                  0.20    0.00    5.62 ^ _114_/A_N (sky130_fd_sc_hd__and2b_1)
     1    0.00    0.03    0.20    5.83 v _114_/X (sky130_fd_sc_hd__and2b_1)
                                         _006_ (net)
                  0.03    0.00    5.83 v _115_/B1 (sky130_fd_sc_hd__a21o_1)
     1    0.00    0.04    0.15    5.98 v _115_/X (sky130_fd_sc_hd__a21o_1)
                                         x20.out (net)
                  0.04    0.00    5.98 v _186_/D (sky130_fd_sc_hd__dfxtp_1)
                                  5.98   data arrival time

                  0.00    5.65    5.65   clock core_clock (rise edge)
                          0.00    5.65   clock network delay (ideal)
                          0.00    5.65   clock reconvergence pessimism
                                  5.65 ^ _186_/CLK (sky130_fd_sc_hd__dfxtp_1)
                         -0.12    5.53   library setup time
                                  5.53   data required time
-----------------------------------------------------------------------------
                                  5.53   data required time
                                 -5.98   data arrival time
-----------------------------------------------------------------------------
                                 -0.44   slack (VIOLATED)


Startpoint: _137_ (rising edge-triggered flip-flop clocked by core_clock)
Endpoint: _185_ (rising edge-triggered flip-flop clocked by core_clock)
Path Group: core_clock
Path Type: max

Fanout     Cap    Slew   Delay    Time   Description
-----------------------------------------------------------------------------
                  0.00    0.00    0.00   clock core_clock (rise edge)
                          0.00    0.00   clock network delay (ideal)
                  0.00    0.00    0.00 ^ _137_/CLK (sky130_fd_sc_hd__dfxtp_1)
     3    0.01    0.05    0.30    0.30 v _137_/Q (sky130_fd_sc_hd__dfxtp_1)
                                         x1.a (net)
                  0.05    0.00    0.30 v _062_/B (sky130_fd_sc_hd__or2_1)
     2    0.01    0.06    0.22    0.52 v _062_/X (sky130_fd_sc_hd__or2_1)
                                         _014_ (net)
                  0.06    0.00    0.52 v _064_/A2 (sky130_fd_sc_hd__a21bo_1)
     2    0.01    0.05    0.21    0.73 v _064_/X (sky130_fd_sc_hd__a21bo_1)
                                         _016_ (net)
                  0.05    0.00    0.73 v _066_/B (sky130_fd_sc_hd__xor2_1)
     2    0.00    0.06    0.15    0.87 v _066_/X (sky130_fd_sc_hd__xor2_1)
                                         _018_ (net)
                  0.06    0.00    0.87 v _067_/B (sky130_fd_sc_hd__nand2_1)
     3    0.01    0.08    0.09    0.97 ^ _067_/Y (sky130_fd_sc_hd__nand2_1)
                                         _019_ (net)
                  0.08    0.00    0.97 ^ _068_/C (sky130_fd_sc_hd__nand3b_1)
     2    0.00    0.07    0.09    1.06 v _068_/Y (sky130_fd_sc_hd__nand3b_1)
                                         _020_ (net)
                  0.07    0.00    1.06 v _070_/A2 (sky130_fd_sc_hd__a21o_1)
     2    0.01    0.05    0.20    1.26 v _070_/X (sky130_fd_sc_hd__a21o_1)
                                         _022_ (net)
                  0.05    0.00    1.26 v _071_/B (sky130_fd_sc_hd__xor2_1)
     2    0.01    0.07    0.16    1.42 v _071_/X (sky130_fd_sc_hd__xor2_1)
                                         _023_ (net)
                  0.07    0.00    1.42 v _078_/A2 (sky130_fd_sc_hd__a21o_1)
     2    0.00    0.04    0.19    1.61 v _078_/X (sky130_fd_sc_hd__a21o_1)
                                         _030_ (net)
                  0.04    0.00    1.61 v _080_/A1 (sky130_fd_sc_hd__a21o_1)
     2    0.01    0.04    0.16    1.77 v _080_/X (sky130_fd_sc_hd__a21o_1)
                                         _032_ (net)
                  0.04    0.00    1.77 v _082_/A2 (sky130_fd_sc_hd__a21oi_1)
     2    0.01    0.19    0.19    1.96 ^ _082_/Y (sky130_fd_sc_hd__a21oi_1)
                                         _034_ (net)
                  0.19    0.00    1.96 ^ _084_/A_N (sky130_fd_sc_hd__and2b_1)
     1    0.00    0.03    0.20    2.16 v _084_/X (sky130_fd_sc_hd__and2b_1)
                                         _036_ (net)
                  0.03    0.00    2.16 v _085_/B1 (sky130_fd_sc_hd__a21oi_1)
     2    0.01    0.19    0.17    2.33 ^ _085_/Y (sky130_fd_sc_hd__a21oi_1)
                                         _037_ (net)
                  0.19    0.00    2.33 ^ _087_/A_N (sky130_fd_sc_hd__and2b_1)
     1    0.00    0.03    0.20    2.53 v _087_/X (sky130_fd_sc_hd__and2b_1)
                                         _039_ (net)
                  0.03    0.00    2.53 v _088_/B1 (sky130_fd_sc_hd__a21oi_1)
     2    0.01    0.18    0.16    2.70 ^ _088_/Y (sky130_fd_sc_hd__a21oi_1)
                                         _040_ (net)
                  0.18    0.00    2.70 ^ _090_/A_N (sky130_fd_sc_hd__and2b_1)
     1    0.00    0.03    0.20    2.90 v _090_/X (sky130_fd_sc_hd__and2b_1)
                                         _042_ (net)
                  0.03    0.00    2.90 v _091_/B1 (sky130_fd_sc_hd__a21o_1)
     2    0.01    0.06    0.17    3.07 v _091_/X (sky130_fd_sc_hd__a21o_1)
                                         _043_ (net)
                  0.06    0.00    3.07 v _092_/B (sky130_fd_sc_hd__xnor2_1)
     2    0.01    0.22    0.20    3.27 ^ _092_/Y (sky130_fd_sc_hd__xnor2_1)
                                         _044_ (net)
                  0.22    0.00    3.27 ^ _094_/A2 (sky130_fd_sc_hd__o21a_1)
     2    0.01    0.08    0.17    3.44 ^ _094_/X (sky130_fd_sc_hd__o21a_1)
                                         _046_ (net)
                  0.08    0.00    3.44 ^ _096_/A_N (sky130_fd_sc_hd__and2b_1)
     1    0.00    0.03    0.18    3.62 v _096_/X (sky130_fd_sc_hd__and2b_1)
                                         _048_ (net)
                  0.03    0.00    3.62 v _097_/B1 (sky130_fd_sc_hd__a21oi_1)
     2    0.01    0.19    0.17    3.78 ^ _097_/Y (sky130_fd_sc_hd__a21oi_1)
                                         _049_ (net)
                  0.19    0.00    3.78 ^ _099_/A_N (sky130_fd_sc_hd__and2b_1)
     1    0.00    0.03    0.20    3.98 v _099_/X (sky130_fd_sc_hd__and2b_1)
                                         _051_ (net)
                  0.03    0.00    3.98 v _100_/B1 (sky130_fd_sc_hd__a21oi_1)
     2    0.01    0.19    0.17    4.15 ^ _100_/Y (sky130_fd_sc_hd__a21oi_1)
                                         _052_ (net)
                  0.19    0.00    4.15 ^ _102_/A_N (sky130_fd_sc_hd__and2b_1)
     1    0.00    0.03    0.20    4.35 v _102_/X (sky130_fd_sc_hd__and2b_1)
                                         _054_ (net)
                  0.03    0.00    4.35 v _103_/B1 (sky130_fd_sc_hd__a21o_1)
     2    0.01    0.05    0.17    4.51 v _103_/X (sky130_fd_sc_hd__a21o_1)
                                         _055_ (net)
                  0.05    0.00    4.51 v _104_/B (sky130_fd_sc_hd__xnor2_1)
     2    0.01    0.23    0.21    4.72 ^ _104_/Y (sky130_fd_sc_hd__xnor2_1)
                                         _056_ (net)
                  0.23    0.00    4.72 ^ _106_/A2 (sky130_fd_sc_hd__o21a_1)
     2    0.01    0.08    0.17    4.90 ^ _106_/X (sky130_fd_sc_hd__o21a_1)
                                         _058_ (net)
                  0.08    0.00    4.90 ^ _108_/A_N (sky130_fd_sc_hd__and2b_1)
     1    0.00    0.03    0.18    5.08 v _108_/X (sky130_fd_sc_hd__and2b_1)
                                         _000_ (net)
                  0.03    0.00    5.08 v _109_/B1 (sky130_fd_sc_hd__a21oi_1)
     2    0.01    0.19    0.17    5.24 ^ _109_/Y (sky130_fd_sc_hd__a21oi_1)
                                         _001_ (net)
                  0.19    0.00    5.24 ^ _111_/A_N (sky130_fd_sc_hd__and2b_1)
     1    0.00    0.03    0.20    5.44 v _111_/X (sky130_fd_sc_hd__and2b_1)
                                         _003_ (net)
                  0.03    0.00    5.44 v _112_/B1 (sky130_fd_sc_hd__a21oi_1)
     2    0.01    0.20    0.18    5.62 ^ _112_/Y (sky130_fd_sc_hd__a21oi_1)
                                         _004_ (net)
                  0.20    0.00    5.62 ^ _113_/B (sky130_fd_sc_hd__xnor2_1)
     2    0.01    0.22    0.18    5.80 ^ _113_/Y (sky130_fd_sc_hd__xnor2_1)
                                         _005_ (net)
                  0.22    0.00    5.80 ^ _135_/B (sky130_fd_sc_hd__xor2_1)
     1    0.00    0.13    0.18    5.98 ^ _135_/X (sky130_fd_sc_hd__xor2_1)
                                         x19.sum (net)
                  0.13    0.00    5.98 ^ _185_/D (sky130_fd_sc_hd__dfxtp_1)
                                  5.98   data arrival time

                  0.00    5.65    5.65   clock core_clock (rise edge)
                          0.00    5.65   clock network delay (ideal)
                          0.00    5.65   clock reconvergence pessimism
                                  5.65 ^ _185_/CLK (sky130_fd_sc_hd__dfxtp_1)
                         -0.08    5.57   library setup time
                                  5.57   data required time
-----------------------------------------------------------------------------
                                  5.57   data required time
                                 -5.98   data arrival time
-----------------------------------------------------------------------------
                                 -0.41   slack (VIOLATED)


Startpoint: _137_ (rising edge-triggered flip-flop clocked by core_clock)
Endpoint: _184_ (rising edge-triggered flip-flop clocked by core_clock)
Path Group: core_clock
Path Type: max

Fanout     Cap    Slew   Delay    Time   Description
-----------------------------------------------------------------------------
                  0.00    0.00    0.00   clock core_clock (rise edge)
                          0.00    0.00   clock network delay (ideal)
                  0.00    0.00    0.00 ^ _137_/CLK (sky130_fd_sc_hd__dfxtp_1)
     3    0.01    0.05    0.30    0.30 v _137_/Q (sky130_fd_sc_hd__dfxtp_1)
                                         x1.a (net)
                  0.05    0.00    0.30 v _062_/B (sky130_fd_sc_hd__or2_1)
     2    0.01    0.06    0.22    0.52 v _062_/X (sky130_fd_sc_hd__or2_1)
                                         _014_ (net)
                  0.06    0.00    0.52 v _064_/A2 (sky130_fd_sc_hd__a21bo_1)
     2    0.01    0.05    0.21    0.73 v _064_/X (sky130_fd_sc_hd__a21bo_1)
                                         _016_ (net)
                  0.05    0.00    0.73 v _066_/B (sky130_fd_sc_hd__xor2_1)
     2    0.00    0.06    0.15    0.87 v _066_/X (sky130_fd_sc_hd__xor2_1)
                                         _018_ (net)
                  0.06    0.00    0.87 v _067_/B (sky130_fd_sc_hd__nand2_1)
     3    0.01    0.08    0.09    0.97 ^ _067_/Y (sky130_fd_sc_hd__nand2_1)
                                         _019_ (net)
                  0.08    0.00    0.97 ^ _068_/C (sky130_fd_sc_hd__nand3b_1)
     2    0.00    0.07    0.09    1.06 v _068_/Y (sky130_fd_sc_hd__nand3b_1)
                                         _020_ (net)
                  0.07    0.00    1.06 v _070_/A2 (sky130_fd_sc_hd__a21o_1)
     2    0.01    0.05    0.20    1.26 v _070_/X (sky130_fd_sc_hd__a21o_1)
                                         _022_ (net)
                  0.05    0.00    1.26 v _071_/B (sky130_fd_sc_hd__xor2_1)
     2    0.01    0.07    0.16    1.42 v _071_/X (sky130_fd_sc_hd__xor2_1)
                                         _023_ (net)
                  0.07    0.00    1.42 v _078_/A2 (sky130_fd_sc_hd__a21o_1)
     2    0.00    0.04    0.19    1.61 v _078_/X (sky130_fd_sc_hd__a21o_1)
                                         _030_ (net)
                  0.04    0.00    1.61 v _080_/A1 (sky130_fd_sc_hd__a21o_1)
     2    0.01    0.04    0.16    1.77 v _080_/X (sky130_fd_sc_hd__a21o_1)
                                         _032_ (net)
                  0.04    0.00    1.77 v _082_/A2 (sky130_fd_sc_hd__a21oi_1)
     2    0.01    0.19    0.19    1.96 ^ _082_/Y (sky130_fd_sc_hd__a21oi_1)
                                         _034_ (net)
                  0.19    0.00    1.96 ^ _084_/A_N (sky130_fd_sc_hd__and2b_1)
     1    0.00    0.03    0.20    2.16 v _084_/X (sky130_fd_sc_hd__and2b_1)
                                         _036_ (net)
                  0.03    0.00    2.16 v _085_/B1 (sky130_fd_sc_hd__a21oi_1)
     2    0.01    0.19    0.17    2.33 ^ _085_/Y (sky130_fd_sc_hd__a21oi_1)
                                         _037_ (net)
                  0.19    0.00    2.33 ^ _087_/A_N (sky130_fd_sc_hd__and2b_1)
     1    0.00    0.03    0.20    2.53 v _087_/X (sky130_fd_sc_hd__and2b_1)
                                         _039_ (net)
                  0.03    0.00    2.53 v _088_/B1 (sky130_fd_sc_hd__a21oi_1)
     2    0.01    0.18    0.16    2.70 ^ _088_/Y (sky130_fd_sc_hd__a21oi_1)
                                         _040_ (net)
                  0.18    0.00    2.70 ^ _090_/A_N (sky130_fd_sc_hd__and2b_1)
     1    0.00    0.03    0.20    2.90 v _090_/X (sky130_fd_sc_hd__and2b_1)
                                         _042_ (net)
                  0.03    0.00    2.90 v _091_/B1 (sky130_fd_sc_hd__a21o_1)
     2    0.01    0.06    0.17    3.07 v _091_/X (sky130_fd_sc_hd__a21o_1)
                                         _043_ (net)
                  0.06    0.00    3.07 v _092_/B (sky130_fd_sc_hd__xnor2_1)
     2    0.01    0.22    0.20    3.27 ^ _092_/Y (sky130_fd_sc_hd__xnor2_1)
                                         _044_ (net)
                  0.22    0.00    3.27 ^ _094_/A2 (sky130_fd_sc_hd__o21a_1)
     2    0.01    0.08    0.17    3.44 ^ _094_/X (sky130_fd_sc_hd__o21a_1)
                                         _046_ (net)
                  0.08    0.00    3.44 ^ _096_/A_N (sky130_fd_sc_hd__and2b_1)
     1    0.00    0.03    0.18    3.62 v _096_/X (sky130_fd_sc_hd__and2b_1)
                                         _048_ (net)
                  0.03    0.00    3.62 v _097_/B1 (sky130_fd_sc_hd__a21oi_1)
     2    0.01    0.19    0.17    3.78 ^ _097_/Y (sky130_fd_sc_hd__a21oi_1)
                                         _049_ (net)
                  0.19    0.00    3.78 ^ _099_/A_N (sky130_fd_sc_hd__and2b_1)
     1    0.00    0.03    0.20    3.98 v _099_/X (sky130_fd_sc_hd__and2b_1)
                                         _051_ (net)
                  0.03    0.00    3.98 v _100_/B1 (sky130_fd_sc_hd__a21oi_1)
     2    0.01    0.19    0.17    4.15 ^ _100_/Y (sky130_fd_sc_hd__a21oi_1)
                                         _052_ (net)
                  0.19    0.00    4.15 ^ _102_/A_N (sky130_fd_sc_hd__and2b_1)
     1    0.00    0.03    0.20    4.35 v _102_/X (sky130_fd_sc_hd__and2b_1)
                                         _054_ (net)
                  0.03    0.00    4.35 v _103_/B1 (sky130_fd_sc_hd__a21o_1)
     2    0.01    0.05    0.17    4.51 v _103_/X (sky130_fd_sc_hd__a21o_1)
                                         _055_ (net)
                  0.05    0.00    4.51 v _104_/B (sky130_fd_sc_hd__xnor2_1)
     2    0.01    0.23    0.21    4.72 ^ _104_/Y (sky130_fd_sc_hd__xnor2_1)
                                         _056_ (net)
                  0.23    0.00    4.72 ^ _106_/A2 (sky130_fd_sc_hd__o21a_1)
     2    0.01    0.08    0.17    4.90 ^ _106_/X (sky130_fd_sc_hd__o21a_1)
                                         _058_ (net)
                  0.08    0.00    4.90 ^ _108_/A_N (sky130_fd_sc_hd__and2b_1)
     1    0.00    0.03    0.18    5.08 v _108_/X (sky130_fd_sc_hd__and2b_1)
                                         _000_ (net)
                  0.03    0.00    5.08 v _109_/B1 (sky130_fd_sc_hd__a21oi_1)
     2    0.01    0.19    0.17    5.24 ^ _109_/Y (sky130_fd_sc_hd__a21oi_1)
                                         _001_ (net)
                  0.19    0.00    5.24 ^ _110_/B (sky130_fd_sc_hd__xnor2_1)
     2    0.01    0.22    0.18    5.42 ^ _110_/Y (sky130_fd_sc_hd__xnor2_1)
                                         _002_ (net)
                  0.22    0.00    5.42 ^ _126_/B (sky130_fd_sc_hd__xor2_1)
     1    0.00    0.13    0.18    5.60 ^ _126_/X (sky130_fd_sc_hd__xor2_1)
                                         x18.sum (net)
                  0.13    0.00    5.60 ^ _184_/D (sky130_fd_sc_hd__dfxtp_1)
                                  5.60   data arrival time

                  0.00    5.65    5.65   clock core_clock (rise edge)
                          0.00    5.65   clock network delay (ideal)
                          0.00    5.65   clock reconvergence pessimism
                                  5.65 ^ _184_/CLK (sky130_fd_sc_hd__dfxtp_1)
                         -0.08    5.57   library setup time
                                  5.57   data required time
-----------------------------------------------------------------------------
                                  5.57   data required time
                                 -5.60   data arrival time
-----------------------------------------------------------------------------
                                 -0.03   slack (VIOLATED)


Startpoint: _137_ (rising edge-triggered flip-flop clocked by core_clock)
Endpoint: _183_ (rising edge-triggered flip-flop clocked by core_clock)
Path Group: core_clock
Path Type: max

Fanout     Cap    Slew   Delay    Time   Description
-----------------------------------------------------------------------------
                  0.00    0.00    0.00   clock core_clock (rise edge)
                          0.00    0.00   clock network delay (ideal)
                  0.00    0.00    0.00 ^ _137_/CLK (sky130_fd_sc_hd__dfxtp_1)
     3    0.01    0.05    0.30    0.30 v _137_/Q (sky130_fd_sc_hd__dfxtp_1)
                                         x1.a (net)
                  0.05    0.00    0.30 v _062_/B (sky130_fd_sc_hd__or2_1)
     2    0.01    0.06    0.22    0.52 v _062_/X (sky130_fd_sc_hd__or2_1)
                                         _014_ (net)
                  0.06    0.00    0.52 v _064_/A2 (sky130_fd_sc_hd__a21bo_1)
     2    0.01    0.05    0.21    0.73 v _064_/X (sky130_fd_sc_hd__a21bo_1)
                                         _016_ (net)
                  0.05    0.00    0.73 v _066_/B (sky130_fd_sc_hd__xor2_1)
     2    0.00    0.06    0.15    0.87 v _066_/X (sky130_fd_sc_hd__xor2_1)
                                         _018_ (net)
                  0.06    0.00    0.87 v _067_/B (sky130_fd_sc_hd__nand2_1)
     3    0.01    0.08    0.09    0.97 ^ _067_/Y (sky130_fd_sc_hd__nand2_1)
                                         _019_ (net)
                  0.08    0.00    0.97 ^ _068_/C (sky130_fd_sc_hd__nand3b_1)
     2    0.00    0.07    0.09    1.06 v _068_/Y (sky130_fd_sc_hd__nand3b_1)
                                         _020_ (net)
                  0.07    0.00    1.06 v _070_/A2 (sky130_fd_sc_hd__a21o_1)
     2    0.01    0.05    0.20    1.26 v _070_/X (sky130_fd_sc_hd__a21o_1)
                                         _022_ (net)
                  0.05    0.00    1.26 v _071_/B (sky130_fd_sc_hd__xor2_1)
     2    0.01    0.07    0.16    1.42 v _071_/X (sky130_fd_sc_hd__xor2_1)
                                         _023_ (net)
                  0.07    0.00    1.42 v _078_/A2 (sky130_fd_sc_hd__a21o_1)
     2    0.00    0.04    0.19    1.61 v _078_/X (sky130_fd_sc_hd__a21o_1)
                                         _030_ (net)
                  0.04    0.00    1.61 v _080_/A1 (sky130_fd_sc_hd__a21o_1)
     2    0.01    0.04    0.16    1.77 v _080_/X (sky130_fd_sc_hd__a21o_1)
                                         _032_ (net)
                  0.04    0.00    1.77 v _082_/A2 (sky130_fd_sc_hd__a21oi_1)
     2    0.01    0.19    0.19    1.96 ^ _082_/Y (sky130_fd_sc_hd__a21oi_1)
                                         _034_ (net)
                  0.19    0.00    1.96 ^ _084_/A_N (sky130_fd_sc_hd__and2b_1)
     1    0.00    0.03    0.20    2.16 v _084_/X (sky130_fd_sc_hd__and2b_1)
                                         _036_ (net)
                  0.03    0.00    2.16 v _085_/B1 (sky130_fd_sc_hd__a21oi_1)
     2    0.01    0.19    0.17    2.33 ^ _085_/Y (sky130_fd_sc_hd__a21oi_1)
                                         _037_ (net)
                  0.19    0.00    2.33 ^ _087_/A_N (sky130_fd_sc_hd__and2b_1)
     1    0.00    0.03    0.20    2.53 v _087_/X (sky130_fd_sc_hd__and2b_1)
                                         _039_ (net)
                  0.03    0.00    2.53 v _088_/B1 (sky130_fd_sc_hd__a21oi_1)
     2    0.01    0.18    0.16    2.70 ^ _088_/Y (sky130_fd_sc_hd__a21oi_1)
                                         _040_ (net)
                  0.18    0.00    2.70 ^ _090_/A_N (sky130_fd_sc_hd__and2b_1)
     1    0.00    0.03    0.20    2.90 v _090_/X (sky130_fd_sc_hd__and2b_1)
                                         _042_ (net)
                  0.03    0.00    2.90 v _091_/B1 (sky130_fd_sc_hd__a21o_1)
     2    0.01    0.06    0.17    3.07 v _091_/X (sky130_fd_sc_hd__a21o_1)
                                         _043_ (net)
                  0.06    0.00    3.07 v _092_/B (sky130_fd_sc_hd__xnor2_1)
     2    0.01    0.22    0.20    3.27 ^ _092_/Y (sky130_fd_sc_hd__xnor2_1)
                                         _044_ (net)
                  0.22    0.00    3.27 ^ _094_/A2 (sky130_fd_sc_hd__o21a_1)
     2    0.01    0.08    0.17    3.44 ^ _094_/X (sky130_fd_sc_hd__o21a_1)
                                         _046_ (net)
                  0.08    0.00    3.44 ^ _096_/A_N (sky130_fd_sc_hd__and2b_1)
     1    0.00    0.03    0.18    3.62 v _096_/X (sky130_fd_sc_hd__and2b_1)
                                         _048_ (net)
                  0.03    0.00    3.62 v _097_/B1 (sky130_fd_sc_hd__a21oi_1)
     2    0.01    0.19    0.17    3.78 ^ _097_/Y (sky130_fd_sc_hd__a21oi_1)
                                         _049_ (net)
                  0.19    0.00    3.78 ^ _099_/A_N (sky130_fd_sc_hd__and2b_1)
     1    0.00    0.03    0.20    3.98 v _099_/X (sky130_fd_sc_hd__and2b_1)
                                         _051_ (net)
                  0.03    0.00    3.98 v _100_/B1 (sky130_fd_sc_hd__a21oi_1)
     2    0.01    0.19    0.17    4.15 ^ _100_/Y (sky130_fd_sc_hd__a21oi_1)
                                         _052_ (net)
                  0.19    0.00    4.15 ^ _102_/A_N (sky130_fd_sc_hd__and2b_1)
     1    0.00    0.03    0.20    4.35 v _102_/X (sky130_fd_sc_hd__and2b_1)
                                         _054_ (net)
                  0.03    0.00    4.35 v _103_/B1 (sky130_fd_sc_hd__a21o_1)
     2    0.01    0.05    0.17    4.51 v _103_/X (sky130_fd_sc_hd__a21o_1)
                                         _055_ (net)
                  0.05    0.00    4.51 v _104_/B (sky130_fd_sc_hd__xnor2_1)
     2    0.01    0.08    0.15    4.66 v _104_/Y (sky130_fd_sc_hd__xnor2_1)
                                         _056_ (net)
                  0.08    0.00    4.66 v _106_/A2 (sky130_fd_sc_hd__o21a_1)
     2    0.01    0.06    0.20    4.86 v _106_/X (sky130_fd_sc_hd__o21a_1)
                                         _058_ (net)
                  0.06    0.00    4.86 v _107_/B (sky130_fd_sc_hd__xnor2_1)
     2    0.01    0.21    0.20    5.06 ^ _107_/Y (sky130_fd_sc_hd__xnor2_1)
                                         _059_ (net)
                  0.21    0.00    5.06 ^ _125_/B (sky130_fd_sc_hd__xor2_1)
     1    0.01    0.15    0.20    5.26 ^ _125_/X (sky130_fd_sc_hd__xor2_1)
                                         x17.sum (net)
                  0.15    0.00    5.26 ^ _183_/D (sky130_fd_sc_hd__dfxtp_1)
                                  5.26   data arrival time

                  0.00    5.65    5.65   clock core_clock (rise edge)
                          0.00    5.65   clock network delay (ideal)
                          0.00    5.65   clock reconvergence pessimism
                                  5.65 ^ _183_/CLK (sky130_fd_sc_hd__dfxtp_1)
                         -0.09    5.56   library setup time
                                  5.56   data required time
-----------------------------------------------------------------------------
                                  5.56   data required time
                                 -5.26   data arrival time
-----------------------------------------------------------------------------
                                  0.31   slack (MET)


Startpoint: _137_ (rising edge-triggered flip-flop clocked by core_clock)
Endpoint: _182_ (rising edge-triggered flip-flop clocked by core_clock)
Path Group: core_clock
Path Type: max

Fanout     Cap    Slew   Delay    Time   Description
-----------------------------------------------------------------------------
                  0.00    0.00    0.00   clock core_clock (rise edge)
                          0.00    0.00   clock network delay (ideal)
                  0.00    0.00    0.00 ^ _137_/CLK (sky130_fd_sc_hd__dfxtp_1)
     3    0.01    0.05    0.30    0.30 v _137_/Q (sky130_fd_sc_hd__dfxtp_1)
                                         x1.a (net)
                  0.05    0.00    0.30 v _062_/B (sky130_fd_sc_hd__or2_1)
     2    0.01    0.06    0.22    0.52 v _062_/X (sky130_fd_sc_hd__or2_1)
                                         _014_ (net)
                  0.06    0.00    0.52 v _064_/A2 (sky130_fd_sc_hd__a21bo_1)
     2    0.01    0.05    0.21    0.73 v _064_/X (sky130_fd_sc_hd__a21bo_1)
                                         _016_ (net)
                  0.05    0.00    0.73 v _066_/B (sky130_fd_sc_hd__xor2_1)
     2    0.00    0.06    0.15    0.87 v _066_/X (sky130_fd_sc_hd__xor2_1)
                                         _018_ (net)
                  0.06    0.00    0.87 v _067_/B (sky130_fd_sc_hd__nand2_1)
     3    0.01    0.08    0.09    0.97 ^ _067_/Y (sky130_fd_sc_hd__nand2_1)
                                         _019_ (net)
                  0.08    0.00    0.97 ^ _068_/C (sky130_fd_sc_hd__nand3b_1)
     2    0.00    0.07    0.09    1.06 v _068_/Y (sky130_fd_sc_hd__nand3b_1)
                                         _020_ (net)
                  0.07    0.00    1.06 v _070_/A2 (sky130_fd_sc_hd__a21o_1)
     2    0.01    0.05    0.20    1.26 v _070_/X (sky130_fd_sc_hd__a21o_1)
                                         _022_ (net)
                  0.05    0.00    1.26 v _071_/B (sky130_fd_sc_hd__xor2_1)
     2    0.01    0.07    0.16    1.42 v _071_/X (sky130_fd_sc_hd__xor2_1)
                                         _023_ (net)
                  0.07    0.00    1.42 v _078_/A2 (sky130_fd_sc_hd__a21o_1)
     2    0.00    0.04    0.19    1.61 v _078_/X (sky130_fd_sc_hd__a21o_1)
                                         _030_ (net)
                  0.04    0.00    1.61 v _080_/A1 (sky130_fd_sc_hd__a21o_1)
     2    0.01    0.04    0.16    1.77 v _080_/X (sky130_fd_sc_hd__a21o_1)
                                         _032_ (net)
                  0.04    0.00    1.77 v _082_/A2 (sky130_fd_sc_hd__a21oi_1)
     2    0.01    0.19    0.19    1.96 ^ _082_/Y (sky130_fd_sc_hd__a21oi_1)
                                         _034_ (net)
                  0.19    0.00    1.96 ^ _084_/A_N (sky130_fd_sc_hd__and2b_1)
     1    0.00    0.03    0.20    2.16 v _084_/X (sky130_fd_sc_hd__and2b_1)
                                         _036_ (net)
                  0.03    0.00    2.16 v _085_/B1 (sky130_fd_sc_hd__a21oi_1)
     2    0.01    0.19    0.17    2.33 ^ _085_/Y (sky130_fd_sc_hd__a21oi_1)
                                         _037_ (net)
                  0.19    0.00    2.33 ^ _087_/A_N (sky130_fd_sc_hd__and2b_1)
     1    0.00    0.03    0.20    2.53 v _087_/X (sky130_fd_sc_hd__and2b_1)
                                         _039_ (net)
                  0.03    0.00    2.53 v _088_/B1 (sky130_fd_sc_hd__a21oi_1)
     2    0.01    0.18    0.16    2.70 ^ _088_/Y (sky130_fd_sc_hd__a21oi_1)
                                         _040_ (net)
                  0.18    0.00    2.70 ^ _090_/A_N (sky130_fd_sc_hd__and2b_1)
     1    0.00    0.03    0.20    2.90 v _090_/X (sky130_fd_sc_hd__and2b_1)
                                         _042_ (net)
                  0.03    0.00    2.90 v _091_/B1 (sky130_fd_sc_hd__a21o_1)
     2    0.01    0.06    0.17    3.07 v _091_/X (sky130_fd_sc_hd__a21o_1)
                                         _043_ (net)
                  0.06    0.00    3.07 v _092_/B (sky130_fd_sc_hd__xnor2_1)
     2    0.01    0.22    0.20    3.27 ^ _092_/Y (sky130_fd_sc_hd__xnor2_1)
                                         _044_ (net)
                  0.22    0.00    3.27 ^ _094_/A2 (sky130_fd_sc_hd__o21a_1)
     2    0.01    0.08    0.17    3.44 ^ _094_/X (sky130_fd_sc_hd__o21a_1)
                                         _046_ (net)
                  0.08    0.00    3.44 ^ _096_/A_N (sky130_fd_sc_hd__and2b_1)
     1    0.00    0.03    0.18    3.62 v _096_/X (sky130_fd_sc_hd__and2b_1)
                                         _048_ (net)
                  0.03    0.00    3.62 v _097_/B1 (sky130_fd_sc_hd__a21oi_1)
     2    0.01    0.19    0.17    3.78 ^ _097_/Y (sky130_fd_sc_hd__a21oi_1)
                                         _049_ (net)
                  0.19    0.00    3.78 ^ _099_/A_N (sky130_fd_sc_hd__and2b_1)
     1    0.00    0.03    0.20    3.98 v _099_/X (sky130_fd_sc_hd__and2b_1)
                                         _051_ (net)
                  0.03    0.00    3.98 v _100_/B1 (sky130_fd_sc_hd__a21oi_1)
     2    0.01    0.19    0.17    4.15 ^ _100_/Y (sky130_fd_sc_hd__a21oi_1)
                                         _052_ (net)
                  0.19    0.00    4.15 ^ _102_/A_N (sky130_fd_sc_hd__and2b_1)
     1    0.00    0.03    0.20    4.35 v _102_/X (sky130_fd_sc_hd__and2b_1)
                                         _054_ (net)
                  0.03    0.00    4.35 v _103_/B1 (sky130_fd_sc_hd__a21o_1)
     2    0.01    0.05    0.17    4.51 v _103_/X (sky130_fd_sc_hd__a21o_1)
                                         _055_ (net)
                  0.05    0.00    4.51 v _104_/B (sky130_fd_sc_hd__xnor2_1)
     2    0.01    0.23    0.21    4.72 ^ _104_/Y (sky130_fd_sc_hd__xnor2_1)
                                         _056_ (net)
                  0.23    0.00    4.72 ^ _124_/B (sky130_fd_sc_hd__xnor2_1)
     1    0.00    0.10    0.14    4.86 ^ _124_/Y (sky130_fd_sc_hd__xnor2_1)
                                         x16.sum (net)
                  0.10    0.00    4.86 ^ _182_/D (sky130_fd_sc_hd__dfxtp_1)
                                  4.86   data arrival time

                  0.00    5.65    5.65   clock core_clock (rise edge)
                          0.00    5.65   clock network delay (ideal)
                          0.00    5.65   clock reconvergence pessimism
                                  5.65 ^ _182_/CLK (sky130_fd_sc_hd__dfxtp_1)
                         -0.07    5.58   library setup time
                                  5.58   data required time
-----------------------------------------------------------------------------
                                  5.58   data required time
                                 -4.86   data arrival time
-----------------------------------------------------------------------------
                                  0.71   slack (MET)


Startpoint: _137_ (rising edge-triggered flip-flop clocked by core_clock)
Endpoint: _181_ (rising edge-triggered flip-flop clocked by core_clock)
Path Group: core_clock
Path Type: max

Fanout     Cap    Slew   Delay    Time   Description
-----------------------------------------------------------------------------
                  0.00    0.00    0.00   clock core_clock (rise edge)
                          0.00    0.00   clock network delay (ideal)
                  0.00    0.00    0.00 ^ _137_/CLK (sky130_fd_sc_hd__dfxtp_1)
     3    0.01    0.05    0.30    0.30 v _137_/Q (sky130_fd_sc_hd__dfxtp_1)
                                         x1.a (net)
                  0.05    0.00    0.30 v _062_/B (sky130_fd_sc_hd__or2_1)
     2    0.01    0.06    0.22    0.52 v _062_/X (sky130_fd_sc_hd__or2_1)
                                         _014_ (net)
                  0.06    0.00    0.52 v _064_/A2 (sky130_fd_sc_hd__a21bo_1)
     2    0.01    0.05    0.21    0.73 v _064_/X (sky130_fd_sc_hd__a21bo_1)
                                         _016_ (net)
                  0.05    0.00    0.73 v _066_/B (sky130_fd_sc_hd__xor2_1)
     2    0.00    0.06    0.15    0.87 v _066_/X (sky130_fd_sc_hd__xor2_1)
                                         _018_ (net)
                  0.06    0.00    0.87 v _067_/B (sky130_fd_sc_hd__nand2_1)
     3    0.01    0.08    0.09    0.97 ^ _067_/Y (sky130_fd_sc_hd__nand2_1)
                                         _019_ (net)
                  0.08    0.00    0.97 ^ _068_/C (sky130_fd_sc_hd__nand3b_1)
     2    0.00    0.07    0.09    1.06 v _068_/Y (sky130_fd_sc_hd__nand3b_1)
                                         _020_ (net)
                  0.07    0.00    1.06 v _070_/A2 (sky130_fd_sc_hd__a21o_1)
     2    0.01    0.05    0.20    1.26 v _070_/X (sky130_fd_sc_hd__a21o_1)
                                         _022_ (net)
                  0.05    0.00    1.26 v _071_/B (sky130_fd_sc_hd__xor2_1)
     2    0.01    0.07    0.16    1.42 v _071_/X (sky130_fd_sc_hd__xor2_1)
                                         _023_ (net)
                  0.07    0.00    1.42 v _078_/A2 (sky130_fd_sc_hd__a21o_1)
     2    0.00    0.04    0.19    1.61 v _078_/X (sky130_fd_sc_hd__a21o_1)
                                         _030_ (net)
                  0.04    0.00    1.61 v _080_/A1 (sky130_fd_sc_hd__a21o_1)
     2    0.01    0.04    0.16    1.77 v _080_/X (sky130_fd_sc_hd__a21o_1)
                                         _032_ (net)
                  0.04    0.00    1.77 v _082_/A2 (sky130_fd_sc_hd__a21oi_1)
     2    0.01    0.19    0.19    1.96 ^ _082_/Y (sky130_fd_sc_hd__a21oi_1)
                                         _034_ (net)
                  0.19    0.00    1.96 ^ _084_/A_N (sky130_fd_sc_hd__and2b_1)
     1    0.00    0.03    0.20    2.16 v _084_/X (sky130_fd_sc_hd__and2b_1)
                                         _036_ (net)
                  0.03    0.00    2.16 v _085_/B1 (sky130_fd_sc_hd__a21oi_1)
     2    0.01    0.19    0.17    2.33 ^ _085_/Y (sky130_fd_sc_hd__a21oi_1)
                                         _037_ (net)
                  0.19    0.00    2.33 ^ _087_/A_N (sky130_fd_sc_hd__and2b_1)
     1    0.00    0.03    0.20    2.53 v _087_/X (sky130_fd_sc_hd__and2b_1)
                                         _039_ (net)
                  0.03    0.00    2.53 v _088_/B1 (sky130_fd_sc_hd__a21oi_1)
     2    0.01    0.18    0.16    2.70 ^ _088_/Y (sky130_fd_sc_hd__a21oi_1)
                                         _040_ (net)
                  0.18    0.00    2.70 ^ _090_/A_N (sky130_fd_sc_hd__and2b_1)
     1    0.00    0.03    0.20    2.90 v _090_/X (sky130_fd_sc_hd__and2b_1)
                                         _042_ (net)
                  0.03    0.00    2.90 v _091_/B1 (sky130_fd_sc_hd__a21o_1)
     2    0.01    0.06    0.17    3.07 v _091_/X (sky130_fd_sc_hd__a21o_1)
                                         _043_ (net)
                  0.06    0.00    3.07 v _092_/B (sky130_fd_sc_hd__xnor2_1)
     2    0.01    0.22    0.20    3.27 ^ _092_/Y (sky130_fd_sc_hd__xnor2_1)
                                         _044_ (net)
                  0.22    0.00    3.27 ^ _094_/A2 (sky130_fd_sc_hd__o21a_1)
     2    0.01    0.08    0.17    3.44 ^ _094_/X (sky130_fd_sc_hd__o21a_1)
                                         _046_ (net)
                  0.08    0.00    3.44 ^ _096_/A_N (sky130_fd_sc_hd__and2b_1)
     1    0.00    0.03    0.18    3.62 v _096_/X (sky130_fd_sc_hd__and2b_1)
                                         _048_ (net)
                  0.03    0.00    3.62 v _097_/B1 (sky130_fd_sc_hd__a21oi_1)
     2    0.01    0.19    0.17    3.78 ^ _097_/Y (sky130_fd_sc_hd__a21oi_1)
                                         _049_ (net)
                  0.19    0.00    3.78 ^ _099_/A_N (sky130_fd_sc_hd__and2b_1)
     1    0.00    0.03    0.20    3.98 v _099_/X (sky130_fd_sc_hd__and2b_1)
                                         _051_ (net)
                  0.03    0.00    3.98 v _100_/B1 (sky130_fd_sc_hd__a21oi_1)
     2    0.01    0.19    0.17    4.15 ^ _100_/Y (sky130_fd_sc_hd__a21oi_1)
                                         _052_ (net)
                  0.19    0.00    4.15 ^ _101_/B (sky130_fd_sc_hd__xnor2_1)
     2    0.01    0.22    0.18    4.33 ^ _101_/Y (sky130_fd_sc_hd__xnor2_1)
                                         _053_ (net)
                  0.22    0.00    4.33 ^ _130_/B (sky130_fd_sc_hd__xor2_1)
     1    0.00    0.12    0.17    4.50 ^ _130_/X (sky130_fd_sc_hd__xor2_1)
                                         x14.sum (net)
                  0.12    0.00    4.50 ^ _181_/D (sky130_fd_sc_hd__dfxtp_1)
                                  4.50   data arrival time

                  0.00    5.65    5.65   clock core_clock (rise edge)
                          0.00    5.65   clock network delay (ideal)
                          0.00    5.65   clock reconvergence pessimism
                                  5.65 ^ _181_/CLK (sky130_fd_sc_hd__dfxtp_1)
                         -0.08    5.57   library setup time
                                  5.57   data required time
-----------------------------------------------------------------------------
                                  5.57   data required time
                                 -4.50   data arrival time
-----------------------------------------------------------------------------
                                  1.08   slack (MET)


Startpoint: _137_ (rising edge-triggered flip-flop clocked by core_clock)
Endpoint: _180_ (rising edge-triggered flip-flop clocked by core_clock)
Path Group: core_clock
Path Type: max

Fanout     Cap    Slew   Delay    Time   Description
-----------------------------------------------------------------------------
                  0.00    0.00    0.00   clock core_clock (rise edge)
                          0.00    0.00   clock network delay (ideal)
                  0.00    0.00    0.00 ^ _137_/CLK (sky130_fd_sc_hd__dfxtp_1)
     3    0.01    0.05    0.30    0.30 v _137_/Q (sky130_fd_sc_hd__dfxtp_1)
                                         x1.a (net)
                  0.05    0.00    0.30 v _062_/B (sky130_fd_sc_hd__or2_1)
     2    0.01    0.06    0.22    0.52 v _062_/X (sky130_fd_sc_hd__or2_1)
                                         _014_ (net)
                  0.06    0.00    0.52 v _064_/A2 (sky130_fd_sc_hd__a21bo_1)
     2    0.01    0.05    0.21    0.73 v _064_/X (sky130_fd_sc_hd__a21bo_1)
                                         _016_ (net)
                  0.05    0.00    0.73 v _066_/B (sky130_fd_sc_hd__xor2_1)
     2    0.00    0.06    0.15    0.87 v _066_/X (sky130_fd_sc_hd__xor2_1)
                                         _018_ (net)
                  0.06    0.00    0.87 v _067_/B (sky130_fd_sc_hd__nand2_1)
     3    0.01    0.08    0.09    0.97 ^ _067_/Y (sky130_fd_sc_hd__nand2_1)
                                         _019_ (net)
                  0.08    0.00    0.97 ^ _068_/C (sky130_fd_sc_hd__nand3b_1)
     2    0.00    0.07    0.09    1.06 v _068_/Y (sky130_fd_sc_hd__nand3b_1)
                                         _020_ (net)
                  0.07    0.00    1.06 v _070_/A2 (sky130_fd_sc_hd__a21o_1)
     2    0.01    0.05    0.20    1.26 v _070_/X (sky130_fd_sc_hd__a21o_1)
                                         _022_ (net)
                  0.05    0.00    1.26 v _071_/B (sky130_fd_sc_hd__xor2_1)
     2    0.01    0.07    0.16    1.42 v _071_/X (sky130_fd_sc_hd__xor2_1)
                                         _023_ (net)
                  0.07    0.00    1.42 v _078_/A2 (sky130_fd_sc_hd__a21o_1)
     2    0.00    0.04    0.19    1.61 v _078_/X (sky130_fd_sc_hd__a21o_1)
                                         _030_ (net)
                  0.04    0.00    1.61 v _080_/A1 (sky130_fd_sc_hd__a21o_1)
     2    0.01    0.04    0.16    1.77 v _080_/X (sky130_fd_sc_hd__a21o_1)
                                         _032_ (net)
                  0.04    0.00    1.77 v _082_/A2 (sky130_fd_sc_hd__a21oi_1)
     2    0.01    0.19    0.19    1.96 ^ _082_/Y (sky130_fd_sc_hd__a21oi_1)
                                         _034_ (net)
                  0.19    0.00    1.96 ^ _084_/A_N (sky130_fd_sc_hd__and2b_1)
     1    0.00    0.03    0.20    2.16 v _084_/X (sky130_fd_sc_hd__and2b_1)
                                         _036_ (net)
                  0.03    0.00    2.16 v _085_/B1 (sky130_fd_sc_hd__a21oi_1)
     2    0.01    0.19    0.17    2.33 ^ _085_/Y (sky130_fd_sc_hd__a21oi_1)
                                         _037_ (net)
                  0.19    0.00    2.33 ^ _087_/A_N (sky130_fd_sc_hd__and2b_1)
     1    0.00    0.03    0.20    2.53 v _087_/X (sky130_fd_sc_hd__and2b_1)
                                         _039_ (net)
                  0.03    0.00    2.53 v _088_/B1 (sky130_fd_sc_hd__a21oi_1)
     2    0.01    0.18    0.16    2.70 ^ _088_/Y (sky130_fd_sc_hd__a21oi_1)
                                         _040_ (net)
                  0.18    0.00    2.70 ^ _090_/A_N (sky130_fd_sc_hd__and2b_1)
     1    0.00    0.03    0.20    2.90 v _090_/X (sky130_fd_sc_hd__and2b_1)
                                         _042_ (net)
                  0.03    0.00    2.90 v _091_/B1 (sky130_fd_sc_hd__a21o_1)
     2    0.01    0.06    0.17    3.07 v _091_/X (sky130_fd_sc_hd__a21o_1)
                                         _043_ (net)
                  0.06    0.00    3.07 v _092_/B (sky130_fd_sc_hd__xnor2_1)
     2    0.01    0.22    0.20    3.27 ^ _092_/Y (sky130_fd_sc_hd__xnor2_1)
                                         _044_ (net)
                  0.22    0.00    3.27 ^ _094_/A2 (sky130_fd_sc_hd__o21a_1)
     2    0.01    0.08    0.17    3.44 ^ _094_/X (sky130_fd_sc_hd__o21a_1)
                                         _046_ (net)
                  0.08    0.00    3.44 ^ _096_/A_N (sky130_fd_sc_hd__and2b_1)
     1    0.00    0.03    0.18    3.62 v _096_/X (sky130_fd_sc_hd__and2b_1)
                                         _048_ (net)
                  0.03    0.00    3.62 v _097_/B1 (sky130_fd_sc_hd__a21oi_1)
     2    0.01    0.19    0.17    3.78 ^ _097_/Y (sky130_fd_sc_hd__a21oi_1)
                                         _049_ (net)
                  0.19    0.00    3.78 ^ _098_/B (sky130_fd_sc_hd__xnor2_1)
     2    0.01    0.21    0.18    3.96 ^ _098_/Y (sky130_fd_sc_hd__xnor2_1)
                                         _050_ (net)
                  0.21    0.00    3.96 ^ _129_/B (sky130_fd_sc_hd__xor2_1)
     1    0.00    0.11    0.16    4.12 ^ _129_/X (sky130_fd_sc_hd__xor2_1)
                                         x13.sum (net)
                  0.11    0.00    4.12 ^ _180_/D (sky130_fd_sc_hd__dfxtp_1)
                                  4.12   data arrival time

                  0.00    5.65    5.65   clock core_clock (rise edge)
                          0.00    5.65   clock network delay (ideal)
                          0.00    5.65   clock reconvergence pessimism
                                  5.65 ^ _180_/CLK (sky130_fd_sc_hd__dfxtp_1)
                         -0.08    5.57   library setup time
                                  5.57   data required time
-----------------------------------------------------------------------------
                                  5.57   data required time
                                 -4.12   data arrival time
-----------------------------------------------------------------------------
                                  1.45   slack (MET)


Startpoint: _137_ (rising edge-triggered flip-flop clocked by core_clock)
Endpoint: _179_ (rising edge-triggered flip-flop clocked by core_clock)
Path Group: core_clock
Path Type: max

Fanout     Cap    Slew   Delay    Time   Description
-----------------------------------------------------------------------------
                  0.00    0.00    0.00   clock core_clock (rise edge)
                          0.00    0.00   clock network delay (ideal)
                  0.00    0.00    0.00 ^ _137_/CLK (sky130_fd_sc_hd__dfxtp_1)
     3    0.01    0.05    0.30    0.30 v _137_/Q (sky130_fd_sc_hd__dfxtp_1)
                                         x1.a (net)
                  0.05    0.00    0.30 v _062_/B (sky130_fd_sc_hd__or2_1)
     2    0.01    0.06    0.22    0.52 v _062_/X (sky130_fd_sc_hd__or2_1)
                                         _014_ (net)
                  0.06    0.00    0.52 v _064_/A2 (sky130_fd_sc_hd__a21bo_1)
     2    0.01    0.05    0.21    0.73 v _064_/X (sky130_fd_sc_hd__a21bo_1)
                                         _016_ (net)
                  0.05    0.00    0.73 v _066_/B (sky130_fd_sc_hd__xor2_1)
     2    0.00    0.06    0.15    0.87 v _066_/X (sky130_fd_sc_hd__xor2_1)
                                         _018_ (net)
                  0.06    0.00    0.87 v _067_/B (sky130_fd_sc_hd__nand2_1)
     3    0.01    0.08    0.09    0.97 ^ _067_/Y (sky130_fd_sc_hd__nand2_1)
                                         _019_ (net)
                  0.08    0.00    0.97 ^ _068_/C (sky130_fd_sc_hd__nand3b_1)
     2    0.00    0.07    0.09    1.06 v _068_/Y (sky130_fd_sc_hd__nand3b_1)
                                         _020_ (net)
                  0.07    0.00    1.06 v _070_/A2 (sky130_fd_sc_hd__a21o_1)
     2    0.01    0.05    0.20    1.26 v _070_/X (sky130_fd_sc_hd__a21o_1)
                                         _022_ (net)
                  0.05    0.00    1.26 v _071_/B (sky130_fd_sc_hd__xor2_1)
     2    0.01    0.07    0.16    1.42 v _071_/X (sky130_fd_sc_hd__xor2_1)
                                         _023_ (net)
                  0.07    0.00    1.42 v _078_/A2 (sky130_fd_sc_hd__a21o_1)
     2    0.00    0.04    0.19    1.61 v _078_/X (sky130_fd_sc_hd__a21o_1)
                                         _030_ (net)
                  0.04    0.00    1.61 v _080_/A1 (sky130_fd_sc_hd__a21o_1)
     2    0.01    0.04    0.16    1.77 v _080_/X (sky130_fd_sc_hd__a21o_1)
                                         _032_ (net)
                  0.04    0.00    1.77 v _082_/A2 (sky130_fd_sc_hd__a21oi_1)
     2    0.01    0.19    0.19    1.96 ^ _082_/Y (sky130_fd_sc_hd__a21oi_1)
                                         _034_ (net)
                  0.19    0.00    1.96 ^ _084_/A_N (sky130_fd_sc_hd__and2b_1)
     1    0.00    0.03    0.20    2.16 v _084_/X (sky130_fd_sc_hd__and2b_1)
                                         _036_ (net)
                  0.03    0.00    2.16 v _085_/B1 (sky130_fd_sc_hd__a21oi_1)
     2    0.01    0.19    0.17    2.33 ^ _085_/Y (sky130_fd_sc_hd__a21oi_1)
                                         _037_ (net)
                  0.19    0.00    2.33 ^ _087_/A_N (sky130_fd_sc_hd__and2b_1)
     1    0.00    0.03    0.20    2.53 v _087_/X (sky130_fd_sc_hd__and2b_1)
                                         _039_ (net)
                  0.03    0.00    2.53 v _088_/B1 (sky130_fd_sc_hd__a21oi_1)
     2    0.01    0.18    0.16    2.70 ^ _088_/Y (sky130_fd_sc_hd__a21oi_1)
                                         _040_ (net)
                  0.18    0.00    2.70 ^ _090_/A_N (sky130_fd_sc_hd__and2b_1)
     1    0.00    0.03    0.20    2.90 v _090_/X (sky130_fd_sc_hd__and2b_1)
                                         _042_ (net)
                  0.03    0.00    2.90 v _091_/B1 (sky130_fd_sc_hd__a21o_1)
     2    0.01    0.06    0.17    3.07 v _091_/X (sky130_fd_sc_hd__a21o_1)
                                         _043_ (net)
                  0.06    0.00    3.07 v _092_/B (sky130_fd_sc_hd__xnor2_1)
     2    0.01    0.08    0.15    3.22 v _092_/Y (sky130_fd_sc_hd__xnor2_1)
                                         _044_ (net)
                  0.08    0.00    3.22 v _094_/A2 (sky130_fd_sc_hd__o21a_1)
     2    0.01    0.05    0.19    3.41 v _094_/X (sky130_fd_sc_hd__o21a_1)
                                         _046_ (net)
                  0.05    0.00    3.41 v _095_/B (sky130_fd_sc_hd__xnor2_1)
     2    0.01    0.21    0.20    3.61 ^ _095_/Y (sky130_fd_sc_hd__xnor2_1)
                                         _047_ (net)
                  0.21    0.00    3.61 ^ _128_/B (sky130_fd_sc_hd__xor2_1)
     1    0.00    0.10    0.15    3.76 ^ _128_/X (sky130_fd_sc_hd__xor2_1)
                                         x12.sum (net)
                  0.10    0.00    3.76 ^ _179_/D (sky130_fd_sc_hd__dfxtp_1)
                                  3.76   data arrival time

                  0.00    5.65    5.65   clock core_clock (rise edge)
                          0.00    5.65   clock network delay (ideal)
                          0.00    5.65   clock reconvergence pessimism
                                  5.65 ^ _179_/CLK (sky130_fd_sc_hd__dfxtp_1)
                         -0.07    5.58   library setup time
                                  5.58   data required time
-----------------------------------------------------------------------------
                                  5.58   data required time
                                 -3.76   data arrival time
-----------------------------------------------------------------------------
                                  1.81   slack (MET)


Startpoint: _137_ (rising edge-triggered flip-flop clocked by core_clock)
Endpoint: _178_ (rising edge-triggered flip-flop clocked by core_clock)
Path Group: core_clock
Path Type: max

Fanout     Cap    Slew   Delay    Time   Description
-----------------------------------------------------------------------------
                  0.00    0.00    0.00   clock core_clock (rise edge)
                          0.00    0.00   clock network delay (ideal)
                  0.00    0.00    0.00 ^ _137_/CLK (sky130_fd_sc_hd__dfxtp_1)
     3    0.01    0.05    0.30    0.30 v _137_/Q (sky130_fd_sc_hd__dfxtp_1)
                                         x1.a (net)
                  0.05    0.00    0.30 v _062_/B (sky130_fd_sc_hd__or2_1)
     2    0.01    0.06    0.22    0.52 v _062_/X (sky130_fd_sc_hd__or2_1)
                                         _014_ (net)
                  0.06    0.00    0.52 v _064_/A2 (sky130_fd_sc_hd__a21bo_1)
     2    0.01    0.05    0.21    0.73 v _064_/X (sky130_fd_sc_hd__a21bo_1)
                                         _016_ (net)
                  0.05    0.00    0.73 v _066_/B (sky130_fd_sc_hd__xor2_1)
     2    0.00    0.06    0.15    0.87 v _066_/X (sky130_fd_sc_hd__xor2_1)
                                         _018_ (net)
                  0.06    0.00    0.87 v _067_/B (sky130_fd_sc_hd__nand2_1)
     3    0.01    0.08    0.09    0.97 ^ _067_/Y (sky130_fd_sc_hd__nand2_1)
                                         _019_ (net)
                  0.08    0.00    0.97 ^ _068_/C (sky130_fd_sc_hd__nand3b_1)
     2    0.00    0.07    0.09    1.06 v _068_/Y (sky130_fd_sc_hd__nand3b_1)
                                         _020_ (net)
                  0.07    0.00    1.06 v _070_/A2 (sky130_fd_sc_hd__a21o_1)
     2    0.01    0.05    0.20    1.26 v _070_/X (sky130_fd_sc_hd__a21o_1)
                                         _022_ (net)
                  0.05    0.00    1.26 v _071_/B (sky130_fd_sc_hd__xor2_1)
     2    0.01    0.07    0.16    1.42 v _071_/X (sky130_fd_sc_hd__xor2_1)
                                         _023_ (net)
                  0.07    0.00    1.42 v _078_/A2 (sky130_fd_sc_hd__a21o_1)
     2    0.00    0.04    0.19    1.61 v _078_/X (sky130_fd_sc_hd__a21o_1)
                                         _030_ (net)
                  0.04    0.00    1.61 v _080_/A1 (sky130_fd_sc_hd__a21o_1)
     2    0.01    0.04    0.16    1.77 v _080_/X (sky130_fd_sc_hd__a21o_1)
                                         _032_ (net)
                  0.04    0.00    1.77 v _082_/A2 (sky130_fd_sc_hd__a21oi_1)
     2    0.01    0.19    0.19    1.96 ^ _082_/Y (sky130_fd_sc_hd__a21oi_1)
                                         _034_ (net)
                  0.19    0.00    1.96 ^ _084_/A_N (sky130_fd_sc_hd__and2b_1)
     1    0.00    0.03    0.20    2.16 v _084_/X (sky130_fd_sc_hd__and2b_1)
                                         _036_ (net)
                  0.03    0.00    2.16 v _085_/B1 (sky130_fd_sc_hd__a21oi_1)
     2    0.01    0.19    0.17    2.33 ^ _085_/Y (sky130_fd_sc_hd__a21oi_1)
                                         _037_ (net)
                  0.19    0.00    2.33 ^ _087_/A_N (sky130_fd_sc_hd__and2b_1)
     1    0.00    0.03    0.20    2.53 v _087_/X (sky130_fd_sc_hd__and2b_1)
                                         _039_ (net)
                  0.03    0.00    2.53 v _088_/B1 (sky130_fd_sc_hd__a21oi_1)
     2    0.01    0.18    0.16    2.70 ^ _088_/Y (sky130_fd_sc_hd__a21oi_1)
                                         _040_ (net)
                  0.18    0.00    2.70 ^ _090_/A_N (sky130_fd_sc_hd__and2b_1)
     1    0.00    0.03    0.20    2.90 v _090_/X (sky130_fd_sc_hd__and2b_1)
                                         _042_ (net)
                  0.03    0.00    2.90 v _091_/B1 (sky130_fd_sc_hd__a21o_1)
     2    0.01    0.06    0.17    3.07 v _091_/X (sky130_fd_sc_hd__a21o_1)
                                         _043_ (net)
                  0.06    0.00    3.07 v _092_/B (sky130_fd_sc_hd__xnor2_1)
     2    0.01    0.22    0.20    3.27 ^ _092_/Y (sky130_fd_sc_hd__xnor2_1)
                                         _044_ (net)
                  0.22    0.00    3.27 ^ _127_/B (sky130_fd_sc_hd__xnor2_1)
     1    0.00    0.11    0.14    3.41 ^ _127_/Y (sky130_fd_sc_hd__xnor2_1)
                                         x11.sum (net)
                  0.11    0.00    3.41 ^ _178_/D (sky130_fd_sc_hd__dfxtp_1)
                                  3.41   data arrival time

                  0.00    5.65    5.65   clock core_clock (rise edge)
                          0.00    5.65   clock network delay (ideal)
                          0.00    5.65   clock reconvergence pessimism
                                  5.65 ^ _178_/CLK (sky130_fd_sc_hd__dfxtp_1)
                         -0.07    5.58   library setup time
                                  5.58   data required time
-----------------------------------------------------------------------------
                                  5.58   data required time
                                 -3.41   data arrival time
-----------------------------------------------------------------------------
                                  2.16   slack (MET)


Startpoint: _137_ (rising edge-triggered flip-flop clocked by core_clock)
Endpoint: _177_ (rising edge-triggered flip-flop clocked by core_clock)
Path Group: core_clock
Path Type: max

Fanout     Cap    Slew   Delay    Time   Description
-----------------------------------------------------------------------------
                  0.00    0.00    0.00   clock core_clock (rise edge)
                          0.00    0.00   clock network delay (ideal)
                  0.00    0.00    0.00 ^ _137_/CLK (sky130_fd_sc_hd__dfxtp_1)
     3    0.01    0.05    0.30    0.30 v _137_/Q (sky130_fd_sc_hd__dfxtp_1)
                                         x1.a (net)
                  0.05    0.00    0.30 v _062_/B (sky130_fd_sc_hd__or2_1)
     2    0.01    0.06    0.22    0.52 v _062_/X (sky130_fd_sc_hd__or2_1)
                                         _014_ (net)
                  0.06    0.00    0.52 v _064_/A2 (sky130_fd_sc_hd__a21bo_1)
     2    0.01    0.05    0.21    0.73 v _064_/X (sky130_fd_sc_hd__a21bo_1)
                                         _016_ (net)
                  0.05    0.00    0.73 v _066_/B (sky130_fd_sc_hd__xor2_1)
     2    0.00    0.06    0.15    0.87 v _066_/X (sky130_fd_sc_hd__xor2_1)
                                         _018_ (net)
                  0.06    0.00    0.87 v _067_/B (sky130_fd_sc_hd__nand2_1)
     3    0.01    0.08    0.09    0.97 ^ _067_/Y (sky130_fd_sc_hd__nand2_1)
                                         _019_ (net)
                  0.08    0.00    0.97 ^ _068_/C (sky130_fd_sc_hd__nand3b_1)
     2    0.00    0.07    0.09    1.06 v _068_/Y (sky130_fd_sc_hd__nand3b_1)
                                         _020_ (net)
                  0.07    0.00    1.06 v _070_/A2 (sky130_fd_sc_hd__a21o_1)
     2    0.01    0.05    0.20    1.26 v _070_/X (sky130_fd_sc_hd__a21o_1)
                                         _022_ (net)
                  0.05    0.00    1.26 v _071_/B (sky130_fd_sc_hd__xor2_1)
     2    0.01    0.07    0.16    1.42 v _071_/X (sky130_fd_sc_hd__xor2_1)
                                         _023_ (net)
                  0.07    0.00    1.42 v _078_/A2 (sky130_fd_sc_hd__a21o_1)
     2    0.00    0.04    0.19    1.61 v _078_/X (sky130_fd_sc_hd__a21o_1)
                                         _030_ (net)
                  0.04    0.00    1.61 v _080_/A1 (sky130_fd_sc_hd__a21o_1)
     2    0.01    0.04    0.16    1.77 v _080_/X (sky130_fd_sc_hd__a21o_1)
                                         _032_ (net)
                  0.04    0.00    1.77 v _082_/A2 (sky130_fd_sc_hd__a21oi_1)
     2    0.01    0.19    0.19    1.96 ^ _082_/Y (sky130_fd_sc_hd__a21oi_1)
                                         _034_ (net)
                  0.19    0.00    1.96 ^ _084_/A_N (sky130_fd_sc_hd__and2b_1)
     1    0.00    0.03    0.20    2.16 v _084_/X (sky130_fd_sc_hd__and2b_1)
                                         _036_ (net)
                  0.03    0.00    2.16 v _085_/B1 (sky130_fd_sc_hd__a21oi_1)
     2    0.01    0.19    0.17    2.33 ^ _085_/Y (sky130_fd_sc_hd__a21oi_1)
                                         _037_ (net)
                  0.19    0.00    2.33 ^ _087_/A_N (sky130_fd_sc_hd__and2b_1)
     1    0.00    0.03    0.20    2.53 v _087_/X (sky130_fd_sc_hd__and2b_1)
                                         _039_ (net)
                  0.03    0.00    2.53 v _088_/B1 (sky130_fd_sc_hd__a21oi_1)
     2    0.01    0.18    0.16    2.70 ^ _088_/Y (sky130_fd_sc_hd__a21oi_1)
                                         _040_ (net)
                  0.18    0.00    2.70 ^ _089_/B (sky130_fd_sc_hd__xnor2_1)
     2    0.01    0.21    0.17    2.87 ^ _089_/Y (sky130_fd_sc_hd__xnor2_1)
                                         _041_ (net)
                  0.21    0.00    2.87 ^ _136_/B (sky130_fd_sc_hd__xor2_1)
     1    0.00    0.10    0.16    3.03 ^ _136_/X (sky130_fd_sc_hd__xor2_1)
                                         x9.sum (net)
                  0.10    0.00    3.03 ^ _177_/D (sky130_fd_sc_hd__dfxtp_1)
                                  3.03   data arrival time

                  0.00    5.65    5.65   clock core_clock (rise edge)
                          0.00    5.65   clock network delay (ideal)
                          0.00    5.65   clock reconvergence pessimism
                                  5.65 ^ _177_/CLK (sky130_fd_sc_hd__dfxtp_1)
                         -0.07    5.58   library setup time
                                  5.58   data required time
-----------------------------------------------------------------------------
                                  5.58   data required time
                                 -3.03   data arrival time
-----------------------------------------------------------------------------
                                  2.55   slack (MET)


Startpoint: _137_ (rising edge-triggered flip-flop clocked by core_clock)
Endpoint: _176_ (rising edge-triggered flip-flop clocked by core_clock)
Path Group: core_clock
Path Type: max

Fanout     Cap    Slew   Delay    Time   Description
-----------------------------------------------------------------------------
                  0.00    0.00    0.00   clock core_clock (rise edge)
                          0.00    0.00   clock network delay (ideal)
                  0.00    0.00    0.00 ^ _137_/CLK (sky130_fd_sc_hd__dfxtp_1)
     3    0.01    0.05    0.30    0.30 v _137_/Q (sky130_fd_sc_hd__dfxtp_1)
                                         x1.a (net)
                  0.05    0.00    0.30 v _062_/B (sky130_fd_sc_hd__or2_1)
     2    0.01    0.06    0.22    0.52 v _062_/X (sky130_fd_sc_hd__or2_1)
                                         _014_ (net)
                  0.06    0.00    0.52 v _064_/A2 (sky130_fd_sc_hd__a21bo_1)
     2    0.01    0.05    0.21    0.73 v _064_/X (sky130_fd_sc_hd__a21bo_1)
                                         _016_ (net)
                  0.05    0.00    0.73 v _066_/B (sky130_fd_sc_hd__xor2_1)
     2    0.00    0.06    0.15    0.87 v _066_/X (sky130_fd_sc_hd__xor2_1)
                                         _018_ (net)
                  0.06    0.00    0.87 v _067_/B (sky130_fd_sc_hd__nand2_1)
     3    0.01    0.08    0.09    0.97 ^ _067_/Y (sky130_fd_sc_hd__nand2_1)
                                         _019_ (net)
                  0.08    0.00    0.97 ^ _068_/C (sky130_fd_sc_hd__nand3b_1)
     2    0.00    0.07    0.09    1.06 v _068_/Y (sky130_fd_sc_hd__nand3b_1)
                                         _020_ (net)
                  0.07    0.00    1.06 v _070_/A2 (sky130_fd_sc_hd__a21o_1)
     2    0.01    0.05    0.20    1.26 v _070_/X (sky130_fd_sc_hd__a21o_1)
                                         _022_ (net)
                  0.05    0.00    1.26 v _071_/B (sky130_fd_sc_hd__xor2_1)
     2    0.01    0.07    0.16    1.42 v _071_/X (sky130_fd_sc_hd__xor2_1)
                                         _023_ (net)
                  0.07    0.00    1.42 v _078_/A2 (sky130_fd_sc_hd__a21o_1)
     2    0.00    0.04    0.19    1.61 v _078_/X (sky130_fd_sc_hd__a21o_1)
                                         _030_ (net)
                  0.04    0.00    1.61 v _080_/A1 (sky130_fd_sc_hd__a21o_1)
     2    0.01    0.04    0.16    1.77 v _080_/X (sky130_fd_sc_hd__a21o_1)
                                         _032_ (net)
                  0.04    0.00    1.77 v _082_/A2 (sky130_fd_sc_hd__a21oi_1)
     2    0.01    0.19    0.19    1.96 ^ _082_/Y (sky130_fd_sc_hd__a21oi_1)
                                         _034_ (net)
                  0.19    0.00    1.96 ^ _084_/A_N (sky130_fd_sc_hd__and2b_1)
     1    0.00    0.03    0.20    2.16 v _084_/X (sky130_fd_sc_hd__and2b_1)
                                         _036_ (net)
                  0.03    0.00    2.16 v _085_/B1 (sky130_fd_sc_hd__a21oi_1)
     2    0.01    0.19    0.17    2.33 ^ _085_/Y (sky130_fd_sc_hd__a21oi_1)
                                         _037_ (net)
                  0.19    0.00    2.33 ^ _086_/B (sky130_fd_sc_hd__xnor2_1)
     2    0.01    0.21    0.18    2.51 ^ _086_/Y (sky130_fd_sc_hd__xnor2_1)
                                         _038_ (net)
                  0.21    0.00    2.51 ^ _134_/B (sky130_fd_sc_hd__xor2_1)
     1    0.00    0.10    0.15    2.66 ^ _134_/X (sky130_fd_sc_hd__xor2_1)
                                         x8.sum (net)
                  0.10    0.00    2.66 ^ _176_/D (sky130_fd_sc_hd__dfxtp_1)
                                  2.66   data arrival time

                  0.00    5.65    5.65   clock core_clock (rise edge)
                          0.00    5.65   clock network delay (ideal)
                          0.00    5.65   clock reconvergence pessimism
                                  5.65 ^ _176_/CLK (sky130_fd_sc_hd__dfxtp_1)
                         -0.07    5.58   library setup time
                                  5.58   data required time
-----------------------------------------------------------------------------
                                  5.58   data required time
                                 -2.66   data arrival time
-----------------------------------------------------------------------------
                                  2.91   slack (MET)


Startpoint: _137_ (rising edge-triggered flip-flop clocked by core_clock)
Endpoint: _175_ (rising edge-triggered flip-flop clocked by core_clock)
Path Group: core_clock
Path Type: max

Fanout     Cap    Slew   Delay    Time   Description
-----------------------------------------------------------------------------
                  0.00    0.00    0.00   clock core_clock (rise edge)
                          0.00    0.00   clock network delay (ideal)
                  0.00    0.00    0.00 ^ _137_/CLK (sky130_fd_sc_hd__dfxtp_1)
     3    0.01    0.05    0.30    0.30 v _137_/Q (sky130_fd_sc_hd__dfxtp_1)
                                         x1.a (net)
                  0.05    0.00    0.30 v _062_/B (sky130_fd_sc_hd__or2_1)
     2    0.01    0.06    0.22    0.52 v _062_/X (sky130_fd_sc_hd__or2_1)
                                         _014_ (net)
                  0.06    0.00    0.52 v _064_/A2 (sky130_fd_sc_hd__a21bo_1)
     2    0.01    0.05    0.21    0.73 v _064_/X (sky130_fd_sc_hd__a21bo_1)
                                         _016_ (net)
                  0.05    0.00    0.73 v _066_/B (sky130_fd_sc_hd__xor2_1)
     2    0.00    0.06    0.15    0.87 v _066_/X (sky130_fd_sc_hd__xor2_1)
                                         _018_ (net)
                  0.06    0.00    0.87 v _067_/B (sky130_fd_sc_hd__nand2_1)
     3    0.01    0.08    0.09    0.97 ^ _067_/Y (sky130_fd_sc_hd__nand2_1)
                                         _019_ (net)
                  0.08    0.00    0.97 ^ _068_/C (sky130_fd_sc_hd__nand3b_1)
     2    0.00    0.07    0.09    1.06 v _068_/Y (sky130_fd_sc_hd__nand3b_1)
                                         _020_ (net)
                  0.07    0.00    1.06 v _070_/A2 (sky130_fd_sc_hd__a21o_1)
     2    0.01    0.05    0.20    1.26 v _070_/X (sky130_fd_sc_hd__a21o_1)
                                         _022_ (net)
                  0.05    0.00    1.26 v _071_/B (sky130_fd_sc_hd__xor2_1)
     2    0.01    0.07    0.16    1.42 v _071_/X (sky130_fd_sc_hd__xor2_1)
                                         _023_ (net)
                  0.07    0.00    1.42 v _078_/A2 (sky130_fd_sc_hd__a21o_1)
     2    0.00    0.04    0.19    1.61 v _078_/X (sky130_fd_sc_hd__a21o_1)
                                         _030_ (net)
                  0.04    0.00    1.61 v _080_/A1 (sky130_fd_sc_hd__a21o_1)
     2    0.01    0.04    0.16    1.77 v _080_/X (sky130_fd_sc_hd__a21o_1)
                                         _032_ (net)
                  0.04    0.00    1.77 v _082_/A2 (sky130_fd_sc_hd__a21oi_1)
     2    0.01    0.19    0.19    1.96 ^ _082_/Y (sky130_fd_sc_hd__a21oi_1)
                                         _034_ (net)
                  0.19    0.00    1.96 ^ _083_/B (sky130_fd_sc_hd__xnor2_1)
     2    0.01    0.22    0.18    2.14 ^ _083_/Y (sky130_fd_sc_hd__xnor2_1)
                                         _035_ (net)
                  0.22    0.00    2.14 ^ _133_/B (sky130_fd_sc_hd__xor2_1)
     1    0.00    0.10    0.15    2.29 ^ _133_/X (sky130_fd_sc_hd__xor2_1)
                                         x7.sum (net)
                  0.10    0.00    2.29 ^ _175_/D (sky130_fd_sc_hd__dfxtp_1)
                                  2.29   data arrival time

                  0.00    5.65    5.65   clock core_clock (rise edge)
                          0.00    5.65   clock network delay (ideal)
                          0.00    5.65   clock reconvergence pessimism
                                  5.65 ^ _175_/CLK (sky130_fd_sc_hd__dfxtp_1)
                         -0.07    5.58   library setup time
                                  5.58   data required time
-----------------------------------------------------------------------------
                                  5.58   data required time
                                 -2.29   data arrival time
-----------------------------------------------------------------------------
                                  3.29   slack (MET)


Startpoint: _137_ (rising edge-triggered flip-flop clocked by core_clock)
Endpoint: _174_ (rising edge-triggered flip-flop clocked by core_clock)
Path Group: core_clock
Path Type: max

Fanout     Cap    Slew   Delay    Time   Description
-----------------------------------------------------------------------------
                  0.00    0.00    0.00   clock core_clock (rise edge)
                          0.00    0.00   clock network delay (ideal)
                  0.00    0.00    0.00 ^ _137_/CLK (sky130_fd_sc_hd__dfxtp_1)
     3    0.01    0.05    0.30    0.30 v _137_/Q (sky130_fd_sc_hd__dfxtp_1)
                                         x1.a (net)
                  0.05    0.00    0.30 v _062_/B (sky130_fd_sc_hd__or2_1)
     2    0.01    0.06    0.22    0.52 v _062_/X (sky130_fd_sc_hd__or2_1)
                                         _014_ (net)
                  0.06    0.00    0.52 v _064_/A2 (sky130_fd_sc_hd__a21bo_1)
     2    0.01    0.05    0.21    0.73 v _064_/X (sky130_fd_sc_hd__a21bo_1)
                                         _016_ (net)
                  0.05    0.00    0.73 v _066_/B (sky130_fd_sc_hd__xor2_1)
     2    0.00    0.06    0.15    0.87 v _066_/X (sky130_fd_sc_hd__xor2_1)
                                         _018_ (net)
                  0.06    0.00    0.87 v _067_/B (sky130_fd_sc_hd__nand2_1)
     3    0.01    0.08    0.09    0.97 ^ _067_/Y (sky130_fd_sc_hd__nand2_1)
                                         _019_ (net)
                  0.08    0.00    0.97 ^ _068_/C (sky130_fd_sc_hd__nand3b_1)
     2    0.00    0.07    0.09    1.06 v _068_/Y (sky130_fd_sc_hd__nand3b_1)
                                         _020_ (net)
                  0.07    0.00    1.06 v _070_/A2 (sky130_fd_sc_hd__a21o_1)
     2    0.01    0.05    0.20    1.26 v _070_/X (sky130_fd_sc_hd__a21o_1)
                                         _022_ (net)
                  0.05    0.00    1.26 v _071_/B (sky130_fd_sc_hd__xor2_1)
     2    0.01    0.07    0.16    1.42 v _071_/X (sky130_fd_sc_hd__xor2_1)
                                         _023_ (net)
                  0.07    0.00    1.42 v _078_/A2 (sky130_fd_sc_hd__a21o_1)
     2    0.00    0.04    0.19    1.61 v _078_/X (sky130_fd_sc_hd__a21o_1)
                                         _030_ (net)
                  0.04    0.00    1.61 v _081_/B (sky130_fd_sc_hd__and3_1)
     2    0.00    0.04    0.16    1.77 v _081_/X (sky130_fd_sc_hd__and3_1)
                                         _033_ (net)
                  0.04    0.00    1.77 v _131_/A_N (sky130_fd_sc_hd__nand2b_1)
     1    0.00    0.05    0.15    1.92 v _131_/Y (sky130_fd_sc_hd__nand2b_1)
                                         _011_ (net)
                  0.05    0.00    1.92 v _132_/B (sky130_fd_sc_hd__xnor2_1)
     1    0.00    0.04    0.12    2.04 v _132_/Y (sky130_fd_sc_hd__xnor2_1)
                                         x6.sum (net)
                  0.04    0.00    2.04 v _174_/D (sky130_fd_sc_hd__dfxtp_1)
                                  2.04   data arrival time

                  0.00    5.65    5.65   clock core_clock (rise edge)
                          0.00    5.65   clock network delay (ideal)
                          0.00    5.65   clock reconvergence pessimism
                                  5.65 ^ _174_/CLK (sky130_fd_sc_hd__dfxtp_1)
                         -0.12    5.53   library setup time
                                  5.53   data required time
-----------------------------------------------------------------------------
                                  5.53   data required time
                                 -2.04   data arrival time
-----------------------------------------------------------------------------
                                  3.49   slack (MET)


Startpoint: _137_ (rising edge-triggered flip-flop clocked by core_clock)
Endpoint: _173_ (rising edge-triggered flip-flop clocked by core_clock)
Path Group: core_clock
Path Type: max

Fanout     Cap    Slew   Delay    Time   Description
-----------------------------------------------------------------------------
                  0.00    0.00    0.00   clock core_clock (rise edge)
                          0.00    0.00   clock network delay (ideal)
                  0.00    0.00    0.00 ^ _137_/CLK (sky130_fd_sc_hd__dfxtp_1)
     3    0.01    0.05    0.30    0.30 v _137_/Q (sky130_fd_sc_hd__dfxtp_1)
                                         x1.a (net)
                  0.05    0.00    0.30 v _062_/B (sky130_fd_sc_hd__or2_1)
     2    0.01    0.06    0.22    0.52 v _062_/X (sky130_fd_sc_hd__or2_1)
                                         _014_ (net)
                  0.06    0.00    0.52 v _064_/A2 (sky130_fd_sc_hd__a21bo_1)
     2    0.01    0.05    0.21    0.73 v _064_/X (sky130_fd_sc_hd__a21bo_1)
                                         _016_ (net)
                  0.05    0.00    0.73 v _066_/B (sky130_fd_sc_hd__xor2_1)
     2    0.00    0.15    0.15    0.88 ^ _066_/X (sky130_fd_sc_hd__xor2_1)
                                         _018_ (net)
                  0.15    0.00    0.88 ^ _067_/B (sky130_fd_sc_hd__nand2_1)
     3    0.01    0.07    0.10    0.98 v _067_/Y (sky130_fd_sc_hd__nand2_1)
                                         _019_ (net)
                  0.07    0.00    0.98 v _069_/A2 (sky130_fd_sc_hd__a21boi_1)
     2    0.00    0.14    0.17    1.15 ^ _069_/Y (sky130_fd_sc_hd__a21boi_1)
                                         _021_ (net)
                  0.14    0.00    1.15 ^ _070_/B1 (sky130_fd_sc_hd__a21o_1)
     2    0.01    0.08    0.13    1.28 ^ _070_/X (sky130_fd_sc_hd__a21o_1)
                                         _022_ (net)
                  0.08    0.00    1.28 ^ _071_/B (sky130_fd_sc_hd__xor2_1)
     2    0.01    0.20    0.20    1.48 ^ _071_/X (sky130_fd_sc_hd__xor2_1)
                                         _023_ (net)
                  0.20    0.00    1.48 ^ _123_/B (sky130_fd_sc_hd__xor2_1)
     1    0.00    0.11    0.16    1.65 ^ _123_/X (sky130_fd_sc_hd__xor2_1)
                                         x4.sum (net)
                  0.11    0.00    1.65 ^ _173_/D (sky130_fd_sc_hd__dfxtp_1)
                                  1.65   data arrival time

                  0.00    5.65    5.65   clock core_clock (rise edge)
                          0.00    5.65   clock network delay (ideal)
                          0.00    5.65   clock reconvergence pessimism
                                  5.65 ^ _173_/CLK (sky130_fd_sc_hd__dfxtp_1)
                         -0.08    5.57   library setup time
                                  5.57   data required time
-----------------------------------------------------------------------------
                                  5.57   data required time
                                 -1.65   data arrival time
-----------------------------------------------------------------------------
                                  3.93   slack (MET)


Startpoint: _137_ (rising edge-triggered flip-flop clocked by core_clock)
Endpoint: _172_ (rising edge-triggered flip-flop clocked by core_clock)
Path Group: core_clock
Path Type: max

Fanout     Cap    Slew   Delay    Time   Description
-----------------------------------------------------------------------------
                  0.00    0.00    0.00   clock core_clock (rise edge)
                          0.00    0.00   clock network delay (ideal)
                  0.00    0.00    0.00 ^ _137_/CLK (sky130_fd_sc_hd__dfxtp_1)
     3    0.01    0.05    0.30    0.30 v _137_/Q (sky130_fd_sc_hd__dfxtp_1)
                                         x1.a (net)
                  0.05    0.00    0.30 v _062_/B (sky130_fd_sc_hd__or2_1)
     2    0.01    0.06    0.22    0.52 v _062_/X (sky130_fd_sc_hd__or2_1)
                                         _014_ (net)
                  0.06    0.00    0.52 v _064_/A2 (sky130_fd_sc_hd__a21bo_1)
     2    0.01    0.05    0.21    0.73 v _064_/X (sky130_fd_sc_hd__a21bo_1)
                                         _016_ (net)
                  0.05    0.00    0.73 v _066_/B (sky130_fd_sc_hd__xor2_1)
     2    0.00    0.15    0.15    0.88 ^ _066_/X (sky130_fd_sc_hd__xor2_1)
                                         _018_ (net)
                  0.15    0.00    0.88 ^ _067_/B (sky130_fd_sc_hd__nand2_1)
     3    0.01    0.07    0.10    0.98 v _067_/Y (sky130_fd_sc_hd__nand2_1)
                                         _019_ (net)
                  0.07    0.00    0.98 v _069_/A2 (sky130_fd_sc_hd__a21boi_1)
     2    0.00    0.14    0.17    1.15 ^ _069_/Y (sky130_fd_sc_hd__a21boi_1)
                                         _021_ (net)
                  0.14    0.00    1.15 ^ _121_/A_N (sky130_fd_sc_hd__and2b_1)
     1    0.01    0.04    0.21    1.35 v _121_/X (sky130_fd_sc_hd__and2b_1)
                                         _010_ (net)
                  0.04    0.00    1.35 v _122_/B (sky130_fd_sc_hd__xor2_1)
     1    0.00    0.05    0.13    1.49 v _122_/X (sky130_fd_sc_hd__xor2_1)
                                         x3.sum (net)
                  0.05    0.00    1.49 v _172_/D (sky130_fd_sc_hd__dfxtp_1)
                                  1.49   data arrival time

                  0.00    5.65    5.65   clock core_clock (rise edge)
                          0.00    5.65   clock network delay (ideal)
                          0.00    5.65   clock reconvergence pessimism
                                  5.65 ^ _172_/CLK (sky130_fd_sc_hd__dfxtp_1)
                         -0.12    5.53   library setup time
                                  5.53   data required time
-----------------------------------------------------------------------------
                                  5.53   data required time
                                 -1.49   data arrival time
-----------------------------------------------------------------------------
                                  4.04   slack (MET)


Startpoint: _137_ (rising edge-triggered flip-flop clocked by core_clock)
Endpoint: _171_ (rising edge-triggered flip-flop clocked by core_clock)
Path Group: core_clock
Path Type: max

Fanout     Cap    Slew   Delay    Time   Description
-----------------------------------------------------------------------------
                  0.00    0.00    0.00   clock core_clock (rise edge)
                          0.00    0.00   clock network delay (ideal)
                  0.00    0.00    0.00 ^ _137_/CLK (sky130_fd_sc_hd__dfxtp_1)
     3    0.01    0.05    0.30    0.30 v _137_/Q (sky130_fd_sc_hd__dfxtp_1)
                                         x1.a (net)
                  0.05    0.00    0.30 v _062_/B (sky130_fd_sc_hd__or2_1)
     2    0.01    0.06    0.22    0.52 v _062_/X (sky130_fd_sc_hd__or2_1)
                                         _014_ (net)
                  0.06    0.00    0.52 v _064_/A2 (sky130_fd_sc_hd__a21bo_1)
     2    0.01    0.05    0.21    0.73 v _064_/X (sky130_fd_sc_hd__a21bo_1)
                                         _016_ (net)
                  0.05    0.00    0.73 v _066_/B (sky130_fd_sc_hd__xor2_1)
     2    0.00    0.06    0.15    0.87 v _066_/X (sky130_fd_sc_hd__xor2_1)
                                         _018_ (net)
                  0.06    0.00    0.87 v _118_/B (sky130_fd_sc_hd__or2_1)
     1    0.00    0.05    0.20    1.07 v _118_/X (sky130_fd_sc_hd__or2_1)
                                         _008_ (net)
                  0.05    0.00    1.07 v _119_/B (sky130_fd_sc_hd__and2_1)
     1    0.00    0.04    0.15    1.22 v _119_/X (sky130_fd_sc_hd__and2_1)
                                         _009_ (net)
                  0.04    0.00    1.22 v _120_/A (sky130_fd_sc_hd__clkbuf_1)
     1    0.00    0.02    0.08    1.30 v _120_/X (sky130_fd_sc_hd__clkbuf_1)
                                         x2.sum (net)
                  0.02    0.00    1.30 v _171_/D (sky130_fd_sc_hd__dfxtp_1)
                                  1.30   data arrival time

                  0.00    5.65    5.65   clock core_clock (rise edge)
                          0.00    5.65   clock network delay (ideal)
                          0.00    5.65   clock reconvergence pessimism
                                  5.65 ^ _171_/CLK (sky130_fd_sc_hd__dfxtp_1)
                         -0.11    5.54   library setup time
                                  5.54   data required time
-----------------------------------------------------------------------------
                                  5.54   data required time
                                 -1.30   data arrival time
-----------------------------------------------------------------------------
                                  4.23   slack (MET)


Startpoint: _137_ (rising edge-triggered flip-flop clocked by core_clock)
Endpoint: _170_ (rising edge-triggered flip-flop clocked by core_clock)
Path Group: core_clock
Path Type: max

Fanout     Cap    Slew   Delay    Time   Description
-----------------------------------------------------------------------------
                  0.00    0.00    0.00   clock core_clock (rise edge)
                          0.00    0.00   clock network delay (ideal)
                  0.00    0.00    0.00 ^ _137_/CLK (sky130_fd_sc_hd__dfxtp_1)
     3    0.01    0.05    0.30    0.30 v _137_/Q (sky130_fd_sc_hd__dfxtp_1)
                                         x1.a (net)
                  0.05    0.00    0.30 v _062_/B (sky130_fd_sc_hd__or2_1)
     2    0.01    0.06    0.22    0.52 v _062_/X (sky130_fd_sc_hd__or2_1)
                                         _014_ (net)
                  0.06    0.00    0.52 v _116_/B (sky130_fd_sc_hd__nand2_1)
     1    0.01    0.09    0.10    0.62 ^ _116_/Y (sky130_fd_sc_hd__nand2_1)
                                         _007_ (net)
                  0.09    0.00    0.62 ^ _117_/B (sky130_fd_sc_hd__xnor2_1)
     1    0.00    0.11    0.11    0.73 ^ _117_/Y (sky130_fd_sc_hd__xnor2_1)
                                         x1.sum (net)
                  0.11    0.00    0.73 ^ _170_/D (sky130_fd_sc_hd__dfxtp_1)
                                  0.73   data arrival time

                  0.00    5.65    5.65   clock core_clock (rise edge)
                          0.00    5.65   clock network delay (ideal)
                          0.00    5.65   clock reconvergence pessimism
                                  5.65 ^ _170_/CLK (sky130_fd_sc_hd__dfxtp_1)
                         -0.07    5.58   library setup time
                                  5.58   data required time
-----------------------------------------------------------------------------
                                  5.58   data required time
                                 -0.73   data arrival time
-----------------------------------------------------------------------------
                                  4.85   slack (MET)



worst slack corner Typical: -0.4447
