
===========================================================================
report_checks -path_delay max (Setup)
============================================================================
======================= Typical Corner ===================================

Startpoint: _137_ (rising edge-triggered flip-flop clocked by core_clock)
Endpoint: _186_ (rising edge-triggered flip-flop clocked by core_clock)
Path Group: core_clock
Path Type: max

Fanout     Cap    Slew   Delay    Time   Description
-----------------------------------------------------------------------------
                  0.00    0.00    0.00   clock core_clock (rise edge)
                          0.00    0.00   clock network delay (ideal)
                  0.00    0.00    0.00 ^ _137_/CLK (sky130_fd_sc_hd__dfxtp_2)
     3    0.02    0.05    0.32    0.32 v _137_/Q (sky130_fd_sc_hd__dfxtp_2)
                                         x1.a (net)
                  0.05    0.00    0.32 v _062_/B (sky130_fd_sc_hd__or2_4)
     2    0.01    0.05    0.24    0.55 v _062_/X (sky130_fd_sc_hd__or2_4)
                                         _014_ (net)
                  0.05    0.00    0.55 v _064_/A2 (sky130_fd_sc_hd__a21bo_4)
     2    0.01    0.05    0.23    0.78 v _064_/X (sky130_fd_sc_hd__a21bo_4)
                                         _016_ (net)
                  0.05    0.00    0.78 v _066_/B (sky130_fd_sc_hd__xor2_2)
     2    0.01    0.05    0.14    0.93 v _066_/X (sky130_fd_sc_hd__xor2_2)
                                         _018_ (net)
                  0.05    0.00    0.93 v _067_/B (sky130_fd_sc_hd__nand2_2)
     3    0.01    0.08    0.09    1.02 ^ _067_/Y (sky130_fd_sc_hd__nand2_2)
                                         _019_ (net)
                  0.08    0.00    1.02 ^ _068_/C (sky130_fd_sc_hd__nand3b_2)
     2    0.01    0.08    0.09    1.11 v _068_/Y (sky130_fd_sc_hd__nand3b_2)
                                         _020_ (net)
                  0.08    0.00    1.11 v _070_/A2 (sky130_fd_sc_hd__a21o_4)
     2    0.01    0.04    0.23    1.34 v _070_/X (sky130_fd_sc_hd__a21o_4)
                                         _022_ (net)
                  0.04    0.00    1.34 v _077_/A2 (sky130_fd_sc_hd__a21bo_2)
     1    0.00    0.04    0.21    1.55 v _077_/X (sky130_fd_sc_hd__a21bo_2)
                                         _029_ (net)
                  0.04    0.00    1.55 v _078_/B1 (sky130_fd_sc_hd__a21o_4)
     2    0.01    0.04    0.18    1.73 v _078_/X (sky130_fd_sc_hd__a21o_4)
                                         _030_ (net)
                  0.04    0.00    1.73 v _080_/A1 (sky130_fd_sc_hd__a21o_4)
     2    0.01    0.05    0.21    1.94 v _080_/X (sky130_fd_sc_hd__a21o_4)
                                         _032_ (net)
                  0.05    0.00    1.94 v _082_/A2 (sky130_fd_sc_hd__a21oi_4)
     2    0.01    0.13    0.16    2.10 ^ _082_/Y (sky130_fd_sc_hd__a21oi_4)
                                         _034_ (net)
                  0.13    0.00    2.10 ^ _084_/A_N (sky130_fd_sc_hd__and2b_2)
     1    0.00    0.04    0.23    2.34 v _084_/X (sky130_fd_sc_hd__and2b_2)
                                         _036_ (net)
                  0.04    0.00    2.34 v _085_/B1 (sky130_fd_sc_hd__a21oi_2)
     2    0.01    0.16    0.15    2.49 ^ _085_/Y (sky130_fd_sc_hd__a21oi_2)
                                         _037_ (net)
                  0.16    0.00    2.49 ^ _087_/A_N (sky130_fd_sc_hd__and2b_2)
     1    0.00    0.04    0.24    2.73 v _087_/X (sky130_fd_sc_hd__and2b_2)
                                         _039_ (net)
                  0.04    0.00    2.73 v _088_/B1 (sky130_fd_sc_hd__a21oi_2)
     2    0.01    0.16    0.15    2.88 ^ _088_/Y (sky130_fd_sc_hd__a21oi_2)
                                         _040_ (net)
                  0.16    0.00    2.88 ^ _090_/A_N (sky130_fd_sc_hd__and2b_2)
     1    0.00    0.04    0.24    3.12 v _090_/X (sky130_fd_sc_hd__and2b_2)
                                         _042_ (net)
                  0.04    0.00    3.12 v _091_/B1 (sky130_fd_sc_hd__a21o_4)
     2    0.02    0.05    0.20    3.32 v _091_/X (sky130_fd_sc_hd__a21o_4)
                                         _043_ (net)
                  0.05    0.00    3.32 v _092_/B (sky130_fd_sc_hd__xnor2_4)
     2    0.01    0.06    0.14    3.46 v _092_/Y (sky130_fd_sc_hd__xnor2_4)
                                         _044_ (net)
                  0.06    0.00    3.46 v _094_/A2 (sky130_fd_sc_hd__o21a_4)
     2    0.01    0.04    0.21    3.66 v _094_/X (sky130_fd_sc_hd__o21a_4)
                                         _046_ (net)
                  0.04    0.00    3.66 v _095_/B (sky130_fd_sc_hd__xnor2_2)
     2    0.01    0.08    0.15    3.82 v _095_/Y (sky130_fd_sc_hd__xnor2_2)
                                         _047_ (net)
                  0.08    0.00    3.82 v _097_/A2 (sky130_fd_sc_hd__a21oi_2)
     2    0.01    0.16    0.20    4.01 ^ _097_/Y (sky130_fd_sc_hd__a21oi_2)
                                         _049_ (net)
                  0.16    0.00    4.01 ^ _099_/A_N (sky130_fd_sc_hd__and2b_2)
     1    0.00    0.04    0.24    4.25 v _099_/X (sky130_fd_sc_hd__and2b_2)
                                         _051_ (net)
                  0.04    0.00    4.25 v _100_/B1 (sky130_fd_sc_hd__a21oi_2)
     2    0.01    0.16    0.15    4.40 ^ _100_/Y (sky130_fd_sc_hd__a21oi_2)
                                         _052_ (net)
                  0.16    0.00    4.40 ^ _102_/A_N (sky130_fd_sc_hd__and2b_2)
     1    0.00    0.04    0.24    4.64 v _102_/X (sky130_fd_sc_hd__and2b_2)
                                         _054_ (net)
                  0.04    0.00    4.64 v _103_/B1 (sky130_fd_sc_hd__a21o_4)
     2    0.02    0.05    0.20    4.84 v _103_/X (sky130_fd_sc_hd__a21o_4)
                                         _055_ (net)
                  0.05    0.00    4.84 v _104_/B (sky130_fd_sc_hd__xnor2_4)
     2    0.01    0.06    0.13    4.98 v _104_/Y (sky130_fd_sc_hd__xnor2_4)
                                         _056_ (net)
                  0.06    0.00    4.98 v _106_/A2 (sky130_fd_sc_hd__o21a_4)
     2    0.01    0.04    0.21    5.19 v _106_/X (sky130_fd_sc_hd__o21a_4)
                                         _058_ (net)
                  0.04    0.00    5.19 v _107_/B (sky130_fd_sc_hd__xnor2_2)
     2    0.01    0.08    0.15    5.34 v _107_/Y (sky130_fd_sc_hd__xnor2_2)
                                         _059_ (net)
                  0.08    0.00    5.34 v _109_/A2 (sky130_fd_sc_hd__a21oi_2)
     2    0.01    0.16    0.20    5.53 ^ _109_/Y (sky130_fd_sc_hd__a21oi_2)
                                         _001_ (net)
                  0.16    0.00    5.53 ^ _111_/A_N (sky130_fd_sc_hd__and2b_2)
     1    0.00    0.04    0.24    5.77 v _111_/X (sky130_fd_sc_hd__and2b_2)
                                         _003_ (net)
                  0.04    0.00    5.77 v _112_/B1 (sky130_fd_sc_hd__a21oi_2)
     2    0.01    0.17    0.16    5.93 ^ _112_/Y (sky130_fd_sc_hd__a21oi_2)
                                         _004_ (net)
                  0.17    0.00    5.93 ^ _114_/A_N (sky130_fd_sc_hd__and2b_2)
     1    0.00    0.04    0.24    6.17 v _114_/X (sky130_fd_sc_hd__and2b_2)
                                         _006_ (net)
                  0.04    0.00    6.17 v _115_/B1 (sky130_fd_sc_hd__a21o_4)
     1    0.00    0.03    0.17    6.34 v _115_/X (sky130_fd_sc_hd__a21o_4)
                                         x20.out (net)
                  0.03    0.00    6.34 v _186_/D (sky130_fd_sc_hd__dfxtp_2)
                                  6.34   data arrival time

                  0.00    3.00    3.00   clock core_clock (rise edge)
                          0.00    3.00   clock network delay (ideal)
                          0.00    3.00   clock reconvergence pessimism
                                  3.00 ^ _186_/CLK (sky130_fd_sc_hd__dfxtp_2)
                         -0.12    2.88   library setup time
                                  2.88   data required time
-----------------------------------------------------------------------------
                                  2.88   data required time
                                 -6.34   data arrival time
-----------------------------------------------------------------------------
                                 -3.46   slack (VIOLATED)


Startpoint: _137_ (rising edge-triggered flip-flop clocked by core_clock)
Endpoint: _185_ (rising edge-triggered flip-flop clocked by core_clock)
Path Group: core_clock
Path Type: max

Fanout     Cap    Slew   Delay    Time   Description
-----------------------------------------------------------------------------
                  0.00    0.00    0.00   clock core_clock (rise edge)
                          0.00    0.00   clock network delay (ideal)
                  0.00    0.00    0.00 ^ _137_/CLK (sky130_fd_sc_hd__dfxtp_2)
     3    0.02    0.05    0.32    0.32 v _137_/Q (sky130_fd_sc_hd__dfxtp_2)
                                         x1.a (net)
                  0.05    0.00    0.32 v _062_/B (sky130_fd_sc_hd__or2_4)
     2    0.01    0.05    0.24    0.55 v _062_/X (sky130_fd_sc_hd__or2_4)
                                         _014_ (net)
                  0.05    0.00    0.55 v _064_/A2 (sky130_fd_sc_hd__a21bo_4)
     2    0.01    0.05    0.23    0.78 v _064_/X (sky130_fd_sc_hd__a21bo_4)
                                         _016_ (net)
                  0.05    0.00    0.78 v _066_/B (sky130_fd_sc_hd__xor2_2)
     2    0.01    0.05    0.14    0.93 v _066_/X (sky130_fd_sc_hd__xor2_2)
                                         _018_ (net)
                  0.05    0.00    0.93 v _067_/B (sky130_fd_sc_hd__nand2_2)
     3    0.01    0.08    0.09    1.02 ^ _067_/Y (sky130_fd_sc_hd__nand2_2)
                                         _019_ (net)
                  0.08    0.00    1.02 ^ _068_/C (sky130_fd_sc_hd__nand3b_2)
     2    0.01    0.08    0.09    1.11 v _068_/Y (sky130_fd_sc_hd__nand3b_2)
                                         _020_ (net)
                  0.08    0.00    1.11 v _070_/A2 (sky130_fd_sc_hd__a21o_4)
     2    0.01    0.04    0.23    1.34 v _070_/X (sky130_fd_sc_hd__a21o_4)
                                         _022_ (net)
                  0.04    0.00    1.34 v _077_/A2 (sky130_fd_sc_hd__a21bo_2)
     1    0.00    0.04    0.21    1.55 v _077_/X (sky130_fd_sc_hd__a21bo_2)
                                         _029_ (net)
                  0.04    0.00    1.55 v _078_/B1 (sky130_fd_sc_hd__a21o_4)
     2    0.01    0.04    0.18    1.73 v _078_/X (sky130_fd_sc_hd__a21o_4)
                                         _030_ (net)
                  0.04    0.00    1.73 v _080_/A1 (sky130_fd_sc_hd__a21o_4)
     2    0.01    0.05    0.21    1.94 v _080_/X (sky130_fd_sc_hd__a21o_4)
                                         _032_ (net)
                  0.05    0.00    1.94 v _082_/A2 (sky130_fd_sc_hd__a21oi_4)
     2    0.01    0.13    0.16    2.10 ^ _082_/Y (sky130_fd_sc_hd__a21oi_4)
                                         _034_ (net)
                  0.13    0.00    2.10 ^ _084_/A_N (sky130_fd_sc_hd__and2b_2)
     1    0.00    0.04    0.23    2.34 v _084_/X (sky130_fd_sc_hd__and2b_2)
                                         _036_ (net)
                  0.04    0.00    2.34 v _085_/B1 (sky130_fd_sc_hd__a21oi_2)
     2    0.01    0.16    0.15    2.49 ^ _085_/Y (sky130_fd_sc_hd__a21oi_2)
                                         _037_ (net)
                  0.16    0.00    2.49 ^ _087_/A_N (sky130_fd_sc_hd__and2b_2)
     1    0.00    0.04    0.24    2.73 v _087_/X (sky130_fd_sc_hd__and2b_2)
                                         _039_ (net)
                  0.04    0.00    2.73 v _088_/B1 (sky130_fd_sc_hd__a21oi_2)
     2    0.01    0.16    0.15    2.88 ^ _088_/Y (sky130_fd_sc_hd__a21oi_2)
                                         _040_ (net)
                  0.16    0.00    2.88 ^ _090_/A_N (sky130_fd_sc_hd__and2b_2)
     1    0.00    0.04    0.24    3.12 v _090_/X (sky130_fd_sc_hd__and2b_2)
                                         _042_ (net)
                  0.04    0.00    3.12 v _091_/B1 (sky130_fd_sc_hd__a21o_4)
     2    0.02    0.05    0.20    3.32 v _091_/X (sky130_fd_sc_hd__a21o_4)
                                         _043_ (net)
                  0.05    0.00    3.32 v _092_/B (sky130_fd_sc_hd__xnor2_4)
     2    0.01    0.06    0.14    3.46 v _092_/Y (sky130_fd_sc_hd__xnor2_4)
                                         _044_ (net)
                  0.06    0.00    3.46 v _094_/A2 (sky130_fd_sc_hd__o21a_4)
     2    0.01    0.04    0.21    3.66 v _094_/X (sky130_fd_sc_hd__o21a_4)
                                         _046_ (net)
                  0.04    0.00    3.66 v _095_/B (sky130_fd_sc_hd__xnor2_2)
     2    0.01    0.08    0.15    3.82 v _095_/Y (sky130_fd_sc_hd__xnor2_2)
                                         _047_ (net)
                  0.08    0.00    3.82 v _097_/A2 (sky130_fd_sc_hd__a21oi_2)
     2    0.01    0.16    0.20    4.01 ^ _097_/Y (sky130_fd_sc_hd__a21oi_2)
                                         _049_ (net)
                  0.16    0.00    4.01 ^ _099_/A_N (sky130_fd_sc_hd__and2b_2)
     1    0.00    0.04    0.24    4.25 v _099_/X (sky130_fd_sc_hd__and2b_2)
                                         _051_ (net)
                  0.04    0.00    4.25 v _100_/B1 (sky130_fd_sc_hd__a21oi_2)
     2    0.01    0.16    0.15    4.40 ^ _100_/Y (sky130_fd_sc_hd__a21oi_2)
                                         _052_ (net)
                  0.16    0.00    4.40 ^ _102_/A_N (sky130_fd_sc_hd__and2b_2)
     1    0.00    0.04    0.24    4.64 v _102_/X (sky130_fd_sc_hd__and2b_2)
                                         _054_ (net)
                  0.04    0.00    4.64 v _103_/B1 (sky130_fd_sc_hd__a21o_4)
     2    0.02    0.05    0.20    4.84 v _103_/X (sky130_fd_sc_hd__a21o_4)
                                         _055_ (net)
                  0.05    0.00    4.84 v _104_/B (sky130_fd_sc_hd__xnor2_4)
     2    0.01    0.06    0.13    4.98 v _104_/Y (sky130_fd_sc_hd__xnor2_4)
                                         _056_ (net)
                  0.06    0.00    4.98 v _106_/A2 (sky130_fd_sc_hd__o21a_4)
     2    0.01    0.04    0.21    5.19 v _106_/X (sky130_fd_sc_hd__o21a_4)
                                         _058_ (net)
                  0.04    0.00    5.19 v _107_/B (sky130_fd_sc_hd__xnor2_2)
     2    0.01    0.08    0.15    5.34 v _107_/Y (sky130_fd_sc_hd__xnor2_2)
                                         _059_ (net)
                  0.08    0.00    5.34 v _109_/A2 (sky130_fd_sc_hd__a21oi_2)
     2    0.01    0.16    0.20    5.53 ^ _109_/Y (sky130_fd_sc_hd__a21oi_2)
                                         _001_ (net)
                  0.16    0.00    5.53 ^ _111_/A_N (sky130_fd_sc_hd__and2b_2)
     1    0.00    0.04    0.24    5.77 v _111_/X (sky130_fd_sc_hd__and2b_2)
                                         _003_ (net)
                  0.04    0.00    5.77 v _112_/B1 (sky130_fd_sc_hd__a21oi_2)
     2    0.01    0.17    0.16    5.93 ^ _112_/Y (sky130_fd_sc_hd__a21oi_2)
                                         _004_ (net)
                  0.17    0.00    5.93 ^ _113_/B (sky130_fd_sc_hd__xnor2_2)
     2    0.01    0.23    0.16    6.09 ^ _113_/Y (sky130_fd_sc_hd__xnor2_2)
                                         _005_ (net)
                  0.23    0.00    6.09 ^ _135_/B (sky130_fd_sc_hd__xor2_2)
     1    0.00    0.11    0.16    6.25 ^ _135_/X (sky130_fd_sc_hd__xor2_2)
                                         x19.sum (net)
                  0.11    0.00    6.25 ^ _185_/D (sky130_fd_sc_hd__dfxtp_2)
                                  6.25   data arrival time

                  0.00    3.00    3.00   clock core_clock (rise edge)
                          0.00    3.00   clock network delay (ideal)
                          0.00    3.00   clock reconvergence pessimism
                                  3.00 ^ _185_/CLK (sky130_fd_sc_hd__dfxtp_2)
                         -0.08    2.92   library setup time
                                  2.92   data required time
-----------------------------------------------------------------------------
                                  2.92   data required time
                                 -6.25   data arrival time
-----------------------------------------------------------------------------
                                 -3.33   slack (VIOLATED)


Startpoint: _137_ (rising edge-triggered flip-flop clocked by core_clock)
Endpoint: _184_ (rising edge-triggered flip-flop clocked by core_clock)
Path Group: core_clock
Path Type: max

Fanout     Cap    Slew   Delay    Time   Description
-----------------------------------------------------------------------------
                  0.00    0.00    0.00   clock core_clock (rise edge)
                          0.00    0.00   clock network delay (ideal)
                  0.00    0.00    0.00 ^ _137_/CLK (sky130_fd_sc_hd__dfxtp_2)
     3    0.02    0.05    0.32    0.32 v _137_/Q (sky130_fd_sc_hd__dfxtp_2)
                                         x1.a (net)
                  0.05    0.00    0.32 v _062_/B (sky130_fd_sc_hd__or2_4)
     2    0.01    0.05    0.24    0.55 v _062_/X (sky130_fd_sc_hd__or2_4)
                                         _014_ (net)
                  0.05    0.00    0.55 v _064_/A2 (sky130_fd_sc_hd__a21bo_4)
     2    0.01    0.05    0.23    0.78 v _064_/X (sky130_fd_sc_hd__a21bo_4)
                                         _016_ (net)
                  0.05    0.00    0.78 v _066_/B (sky130_fd_sc_hd__xor2_2)
     2    0.01    0.05    0.14    0.93 v _066_/X (sky130_fd_sc_hd__xor2_2)
                                         _018_ (net)
                  0.05    0.00    0.93 v _067_/B (sky130_fd_sc_hd__nand2_2)
     3    0.01    0.08    0.09    1.02 ^ _067_/Y (sky130_fd_sc_hd__nand2_2)
                                         _019_ (net)
                  0.08    0.00    1.02 ^ _068_/C (sky130_fd_sc_hd__nand3b_2)
     2    0.01    0.08    0.09    1.11 v _068_/Y (sky130_fd_sc_hd__nand3b_2)
                                         _020_ (net)
                  0.08    0.00    1.11 v _070_/A2 (sky130_fd_sc_hd__a21o_4)
     2    0.01    0.04    0.23    1.34 v _070_/X (sky130_fd_sc_hd__a21o_4)
                                         _022_ (net)
                  0.04    0.00    1.34 v _077_/A2 (sky130_fd_sc_hd__a21bo_2)
     1    0.00    0.04    0.21    1.55 v _077_/X (sky130_fd_sc_hd__a21bo_2)
                                         _029_ (net)
                  0.04    0.00    1.55 v _078_/B1 (sky130_fd_sc_hd__a21o_4)
     2    0.01    0.04    0.18    1.73 v _078_/X (sky130_fd_sc_hd__a21o_4)
                                         _030_ (net)
                  0.04    0.00    1.73 v _080_/A1 (sky130_fd_sc_hd__a21o_4)
     2    0.01    0.05    0.21    1.94 v _080_/X (sky130_fd_sc_hd__a21o_4)
                                         _032_ (net)
                  0.05    0.00    1.94 v _082_/A2 (sky130_fd_sc_hd__a21oi_4)
     2    0.01    0.13    0.16    2.10 ^ _082_/Y (sky130_fd_sc_hd__a21oi_4)
                                         _034_ (net)
                  0.13    0.00    2.10 ^ _084_/A_N (sky130_fd_sc_hd__and2b_2)
     1    0.00    0.04    0.23    2.34 v _084_/X (sky130_fd_sc_hd__and2b_2)
                                         _036_ (net)
                  0.04    0.00    2.34 v _085_/B1 (sky130_fd_sc_hd__a21oi_2)
     2    0.01    0.16    0.15    2.49 ^ _085_/Y (sky130_fd_sc_hd__a21oi_2)
                                         _037_ (net)
                  0.16    0.00    2.49 ^ _087_/A_N (sky130_fd_sc_hd__and2b_2)
     1    0.00    0.04    0.24    2.73 v _087_/X (sky130_fd_sc_hd__and2b_2)
                                         _039_ (net)
                  0.04    0.00    2.73 v _088_/B1 (sky130_fd_sc_hd__a21oi_2)
     2    0.01    0.16    0.15    2.88 ^ _088_/Y (sky130_fd_sc_hd__a21oi_2)
                                         _040_ (net)
                  0.16    0.00    2.88 ^ _090_/A_N (sky130_fd_sc_hd__and2b_2)
     1    0.00    0.04    0.24    3.12 v _090_/X (sky130_fd_sc_hd__and2b_2)
                                         _042_ (net)
                  0.04    0.00    3.12 v _091_/B1 (sky130_fd_sc_hd__a21o_4)
     2    0.02    0.05    0.20    3.32 v _091_/X (sky130_fd_sc_hd__a21o_4)
                                         _043_ (net)
                  0.05    0.00    3.32 v _092_/B (sky130_fd_sc_hd__xnor2_4)
     2    0.01    0.06    0.14    3.46 v _092_/Y (sky130_fd_sc_hd__xnor2_4)
                                         _044_ (net)
                  0.06    0.00    3.46 v _094_/A2 (sky130_fd_sc_hd__o21a_4)
     2    0.01    0.04    0.21    3.66 v _094_/X (sky130_fd_sc_hd__o21a_4)
                                         _046_ (net)
                  0.04    0.00    3.66 v _095_/B (sky130_fd_sc_hd__xnor2_2)
     2    0.01    0.08    0.15    3.82 v _095_/Y (sky130_fd_sc_hd__xnor2_2)
                                         _047_ (net)
                  0.08    0.00    3.82 v _097_/A2 (sky130_fd_sc_hd__a21oi_2)
     2    0.01    0.16    0.20    4.01 ^ _097_/Y (sky130_fd_sc_hd__a21oi_2)
                                         _049_ (net)
                  0.16    0.00    4.01 ^ _099_/A_N (sky130_fd_sc_hd__and2b_2)
     1    0.00    0.04    0.24    4.25 v _099_/X (sky130_fd_sc_hd__and2b_2)
                                         _051_ (net)
                  0.04    0.00    4.25 v _100_/B1 (sky130_fd_sc_hd__a21oi_2)
     2    0.01    0.16    0.15    4.40 ^ _100_/Y (sky130_fd_sc_hd__a21oi_2)
                                         _052_ (net)
                  0.16    0.00    4.40 ^ _102_/A_N (sky130_fd_sc_hd__and2b_2)
     1    0.00    0.04    0.24    4.64 v _102_/X (sky130_fd_sc_hd__and2b_2)
                                         _054_ (net)
                  0.04    0.00    4.64 v _103_/B1 (sky130_fd_sc_hd__a21o_4)
     2    0.02    0.05    0.20    4.84 v _103_/X (sky130_fd_sc_hd__a21o_4)
                                         _055_ (net)
                  0.05    0.00    4.84 v _104_/B (sky130_fd_sc_hd__xnor2_4)
     2    0.01    0.06    0.13    4.98 v _104_/Y (sky130_fd_sc_hd__xnor2_4)
                                         _056_ (net)
                  0.06    0.00    4.98 v _106_/A2 (sky130_fd_sc_hd__o21a_4)
     2    0.01    0.04    0.21    5.19 v _106_/X (sky130_fd_sc_hd__o21a_4)
                                         _058_ (net)
                  0.04    0.00    5.19 v _107_/B (sky130_fd_sc_hd__xnor2_2)
     2    0.01    0.23    0.20    5.39 ^ _107_/Y (sky130_fd_sc_hd__xnor2_2)
                                         _059_ (net)
                  0.23    0.00    5.39 ^ _109_/A2 (sky130_fd_sc_hd__a21oi_2)
     2    0.01    0.07    0.11    5.50 v _109_/Y (sky130_fd_sc_hd__a21oi_2)
                                         _001_ (net)
                  0.07    0.00    5.50 v _110_/B (sky130_fd_sc_hd__xnor2_2)
     2    0.01    0.08    0.16    5.66 v _110_/Y (sky130_fd_sc_hd__xnor2_2)
                                         _002_ (net)
                  0.08    0.00    5.66 v _126_/B (sky130_fd_sc_hd__xor2_2)
     1    0.00    0.07    0.15    5.81 v _126_/X (sky130_fd_sc_hd__xor2_2)
                                         x18.sum (net)
                  0.07    0.00    5.81 v _184_/D (sky130_fd_sc_hd__dfxtp_2)
                                  5.81   data arrival time

                  0.00    3.00    3.00   clock core_clock (rise edge)
                          0.00    3.00   clock network delay (ideal)
                          0.00    3.00   clock reconvergence pessimism
                                  3.00 ^ _184_/CLK (sky130_fd_sc_hd__dfxtp_2)
                         -0.13    2.87   library setup time
                                  2.87   data required time
-----------------------------------------------------------------------------
                                  2.87   data required time
                                 -5.81   data arrival time
-----------------------------------------------------------------------------
                                 -2.95   slack (VIOLATED)


Startpoint: _137_ (rising edge-triggered flip-flop clocked by core_clock)
Endpoint: _183_ (rising edge-triggered flip-flop clocked by core_clock)
Path Group: core_clock
Path Type: max

Fanout     Cap    Slew   Delay    Time   Description
-----------------------------------------------------------------------------
                  0.00    0.00    0.00   clock core_clock (rise edge)
                          0.00    0.00   clock network delay (ideal)
                  0.00    0.00    0.00 ^ _137_/CLK (sky130_fd_sc_hd__dfxtp_2)
     3    0.02    0.05    0.32    0.32 v _137_/Q (sky130_fd_sc_hd__dfxtp_2)
                                         x1.a (net)
                  0.05    0.00    0.32 v _062_/B (sky130_fd_sc_hd__or2_4)
     2    0.01    0.05    0.24    0.55 v _062_/X (sky130_fd_sc_hd__or2_4)
                                         _014_ (net)
                  0.05    0.00    0.55 v _064_/A2 (sky130_fd_sc_hd__a21bo_4)
     2    0.01    0.05    0.23    0.78 v _064_/X (sky130_fd_sc_hd__a21bo_4)
                                         _016_ (net)
                  0.05    0.00    0.78 v _066_/B (sky130_fd_sc_hd__xor2_2)
     2    0.01    0.05    0.14    0.93 v _066_/X (sky130_fd_sc_hd__xor2_2)
                                         _018_ (net)
                  0.05    0.00    0.93 v _067_/B (sky130_fd_sc_hd__nand2_2)
     3    0.01    0.08    0.09    1.02 ^ _067_/Y (sky130_fd_sc_hd__nand2_2)
                                         _019_ (net)
                  0.08    0.00    1.02 ^ _068_/C (sky130_fd_sc_hd__nand3b_2)
     2    0.01    0.08    0.09    1.11 v _068_/Y (sky130_fd_sc_hd__nand3b_2)
                                         _020_ (net)
                  0.08    0.00    1.11 v _070_/A2 (sky130_fd_sc_hd__a21o_4)
     2    0.01    0.04    0.23    1.34 v _070_/X (sky130_fd_sc_hd__a21o_4)
                                         _022_ (net)
                  0.04    0.00    1.34 v _077_/A2 (sky130_fd_sc_hd__a21bo_2)
     1    0.00    0.04    0.21    1.55 v _077_/X (sky130_fd_sc_hd__a21bo_2)
                                         _029_ (net)
                  0.04    0.00    1.55 v _078_/B1 (sky130_fd_sc_hd__a21o_4)
     2    0.01    0.04    0.18    1.73 v _078_/X (sky130_fd_sc_hd__a21o_4)
                                         _030_ (net)
                  0.04    0.00    1.73 v _080_/A1 (sky130_fd_sc_hd__a21o_4)
     2    0.01    0.05    0.21    1.94 v _080_/X (sky130_fd_sc_hd__a21o_4)
                                         _032_ (net)
                  0.05    0.00    1.94 v _082_/A2 (sky130_fd_sc_hd__a21oi_4)
     2    0.01    0.13    0.16    2.10 ^ _082_/Y (sky130_fd_sc_hd__a21oi_4)
                                         _034_ (net)
                  0.13    0.00    2.10 ^ _084_/A_N (sky130_fd_sc_hd__and2b_2)
     1    0.00    0.04    0.23    2.34 v _084_/X (sky130_fd_sc_hd__and2b_2)
                                         _036_ (net)
                  0.04    0.00    2.34 v _085_/B1 (sky130_fd_sc_hd__a21oi_2)
     2    0.01    0.16    0.15    2.49 ^ _085_/Y (sky130_fd_sc_hd__a21oi_2)
                                         _037_ (net)
                  0.16    0.00    2.49 ^ _087_/A_N (sky130_fd_sc_hd__and2b_2)
     1    0.00    0.04    0.24    2.73 v _087_/X (sky130_fd_sc_hd__and2b_2)
                                         _039_ (net)
                  0.04    0.00    2.73 v _088_/B1 (sky130_fd_sc_hd__a21oi_2)
     2    0.01    0.16    0.15    2.88 ^ _088_/Y (sky130_fd_sc_hd__a21oi_2)
                                         _040_ (net)
                  0.16    0.00    2.88 ^ _090_/A_N (sky130_fd_sc_hd__and2b_2)
     1    0.00    0.04    0.24    3.12 v _090_/X (sky130_fd_sc_hd__and2b_2)
                                         _042_ (net)
                  0.04    0.00    3.12 v _091_/B1 (sky130_fd_sc_hd__a21o_4)
     2    0.02    0.05    0.20    3.32 v _091_/X (sky130_fd_sc_hd__a21o_4)
                                         _043_ (net)
                  0.05    0.00    3.32 v _092_/B (sky130_fd_sc_hd__xnor2_4)
     2    0.01    0.06    0.14    3.46 v _092_/Y (sky130_fd_sc_hd__xnor2_4)
                                         _044_ (net)
                  0.06    0.00    3.46 v _094_/A2 (sky130_fd_sc_hd__o21a_4)
     2    0.01    0.04    0.21    3.66 v _094_/X (sky130_fd_sc_hd__o21a_4)
                                         _046_ (net)
                  0.04    0.00    3.66 v _095_/B (sky130_fd_sc_hd__xnor2_2)
     2    0.01    0.08    0.15    3.82 v _095_/Y (sky130_fd_sc_hd__xnor2_2)
                                         _047_ (net)
                  0.08    0.00    3.82 v _097_/A2 (sky130_fd_sc_hd__a21oi_2)
     2    0.01    0.16    0.20    4.01 ^ _097_/Y (sky130_fd_sc_hd__a21oi_2)
                                         _049_ (net)
                  0.16    0.00    4.01 ^ _099_/A_N (sky130_fd_sc_hd__and2b_2)
     1    0.00    0.04    0.24    4.25 v _099_/X (sky130_fd_sc_hd__and2b_2)
                                         _051_ (net)
                  0.04    0.00    4.25 v _100_/B1 (sky130_fd_sc_hd__a21oi_2)
     2    0.01    0.16    0.15    4.40 ^ _100_/Y (sky130_fd_sc_hd__a21oi_2)
                                         _052_ (net)
                  0.16    0.00    4.40 ^ _102_/A_N (sky130_fd_sc_hd__and2b_2)
     1    0.00    0.04    0.24    4.64 v _102_/X (sky130_fd_sc_hd__and2b_2)
                                         _054_ (net)
                  0.04    0.00    4.64 v _103_/B1 (sky130_fd_sc_hd__a21o_4)
     2    0.02    0.05    0.20    4.84 v _103_/X (sky130_fd_sc_hd__a21o_4)
                                         _055_ (net)
                  0.05    0.00    4.84 v _104_/B (sky130_fd_sc_hd__xnor2_4)
     2    0.01    0.06    0.13    4.98 v _104_/Y (sky130_fd_sc_hd__xnor2_4)
                                         _056_ (net)
                  0.06    0.00    4.98 v _106_/A2 (sky130_fd_sc_hd__o21a_4)
     2    0.01    0.04    0.21    5.19 v _106_/X (sky130_fd_sc_hd__o21a_4)
                                         _058_ (net)
                  0.04    0.00    5.19 v _107_/B (sky130_fd_sc_hd__xnor2_2)
     2    0.01    0.23    0.20    5.39 ^ _107_/Y (sky130_fd_sc_hd__xnor2_2)
                                         _059_ (net)
                  0.23    0.00    5.39 ^ _125_/B (sky130_fd_sc_hd__xor2_2)
     1    0.01    0.12    0.17    5.56 ^ _125_/X (sky130_fd_sc_hd__xor2_2)
                                         x17.sum (net)
                  0.12    0.00    5.56 ^ _183_/D (sky130_fd_sc_hd__dfxtp_2)
                                  5.56   data arrival time

                  0.00    3.00    3.00   clock core_clock (rise edge)
                          0.00    3.00   clock network delay (ideal)
                          0.00    3.00   clock reconvergence pessimism
                                  3.00 ^ _183_/CLK (sky130_fd_sc_hd__dfxtp_2)
                         -0.08    2.92   library setup time
                                  2.92   data required time
-----------------------------------------------------------------------------
                                  2.92   data required time
                                 -5.56   data arrival time
-----------------------------------------------------------------------------
                                 -2.64   slack (VIOLATED)


Startpoint: _137_ (rising edge-triggered flip-flop clocked by core_clock)
Endpoint: _182_ (rising edge-triggered flip-flop clocked by core_clock)
Path Group: core_clock
Path Type: max

Fanout     Cap    Slew   Delay    Time   Description
-----------------------------------------------------------------------------
                  0.00    0.00    0.00   clock core_clock (rise edge)
                          0.00    0.00   clock network delay (ideal)
                  0.00    0.00    0.00 ^ _137_/CLK (sky130_fd_sc_hd__dfxtp_2)
     3    0.02    0.05    0.32    0.32 v _137_/Q (sky130_fd_sc_hd__dfxtp_2)
                                         x1.a (net)
                  0.05    0.00    0.32 v _062_/B (sky130_fd_sc_hd__or2_4)
     2    0.01    0.05    0.24    0.55 v _062_/X (sky130_fd_sc_hd__or2_4)
                                         _014_ (net)
                  0.05    0.00    0.55 v _064_/A2 (sky130_fd_sc_hd__a21bo_4)
     2    0.01    0.05    0.23    0.78 v _064_/X (sky130_fd_sc_hd__a21bo_4)
                                         _016_ (net)
                  0.05    0.00    0.78 v _066_/B (sky130_fd_sc_hd__xor2_2)
     2    0.01    0.05    0.14    0.93 v _066_/X (sky130_fd_sc_hd__xor2_2)
                                         _018_ (net)
                  0.05    0.00    0.93 v _067_/B (sky130_fd_sc_hd__nand2_2)
     3    0.01    0.08    0.09    1.02 ^ _067_/Y (sky130_fd_sc_hd__nand2_2)
                                         _019_ (net)
                  0.08    0.00    1.02 ^ _068_/C (sky130_fd_sc_hd__nand3b_2)
     2    0.01    0.08    0.09    1.11 v _068_/Y (sky130_fd_sc_hd__nand3b_2)
                                         _020_ (net)
                  0.08    0.00    1.11 v _070_/A2 (sky130_fd_sc_hd__a21o_4)
     2    0.01    0.04    0.23    1.34 v _070_/X (sky130_fd_sc_hd__a21o_4)
                                         _022_ (net)
                  0.04    0.00    1.34 v _077_/A2 (sky130_fd_sc_hd__a21bo_2)
     1    0.00    0.04    0.21    1.55 v _077_/X (sky130_fd_sc_hd__a21bo_2)
                                         _029_ (net)
                  0.04    0.00    1.55 v _078_/B1 (sky130_fd_sc_hd__a21o_4)
     2    0.01    0.04    0.18    1.73 v _078_/X (sky130_fd_sc_hd__a21o_4)
                                         _030_ (net)
                  0.04    0.00    1.73 v _080_/A1 (sky130_fd_sc_hd__a21o_4)
     2    0.01    0.05    0.21    1.94 v _080_/X (sky130_fd_sc_hd__a21o_4)
                                         _032_ (net)
                  0.05    0.00    1.94 v _082_/A2 (sky130_fd_sc_hd__a21oi_4)
     2    0.01    0.13    0.16    2.10 ^ _082_/Y (sky130_fd_sc_hd__a21oi_4)
                                         _034_ (net)
                  0.13    0.00    2.10 ^ _084_/A_N (sky130_fd_sc_hd__and2b_2)
     1    0.00    0.04    0.23    2.34 v _084_/X (sky130_fd_sc_hd__and2b_2)
                                         _036_ (net)
                  0.04    0.00    2.34 v _085_/B1 (sky130_fd_sc_hd__a21oi_2)
     2    0.01    0.16    0.15    2.49 ^ _085_/Y (sky130_fd_sc_hd__a21oi_2)
                                         _037_ (net)
                  0.16    0.00    2.49 ^ _087_/A_N (sky130_fd_sc_hd__and2b_2)
     1    0.00    0.04    0.24    2.73 v _087_/X (sky130_fd_sc_hd__and2b_2)
                                         _039_ (net)
                  0.04    0.00    2.73 v _088_/B1 (sky130_fd_sc_hd__a21oi_2)
     2    0.01    0.16    0.15    2.88 ^ _088_/Y (sky130_fd_sc_hd__a21oi_2)
                                         _040_ (net)
                  0.16    0.00    2.88 ^ _090_/A_N (sky130_fd_sc_hd__and2b_2)
     1    0.00    0.04    0.24    3.12 v _090_/X (sky130_fd_sc_hd__and2b_2)
                                         _042_ (net)
                  0.04    0.00    3.12 v _091_/B1 (sky130_fd_sc_hd__a21o_4)
     2    0.02    0.05    0.20    3.32 v _091_/X (sky130_fd_sc_hd__a21o_4)
                                         _043_ (net)
                  0.05    0.00    3.32 v _092_/B (sky130_fd_sc_hd__xnor2_4)
     2    0.01    0.06    0.14    3.46 v _092_/Y (sky130_fd_sc_hd__xnor2_4)
                                         _044_ (net)
                  0.06    0.00    3.46 v _094_/A2 (sky130_fd_sc_hd__o21a_4)
     2    0.01    0.04    0.21    3.66 v _094_/X (sky130_fd_sc_hd__o21a_4)
                                         _046_ (net)
                  0.04    0.00    3.66 v _095_/B (sky130_fd_sc_hd__xnor2_2)
     2    0.01    0.08    0.15    3.82 v _095_/Y (sky130_fd_sc_hd__xnor2_2)
                                         _047_ (net)
                  0.08    0.00    3.82 v _097_/A2 (sky130_fd_sc_hd__a21oi_2)
     2    0.01    0.16    0.20    4.01 ^ _097_/Y (sky130_fd_sc_hd__a21oi_2)
                                         _049_ (net)
                  0.16    0.00    4.01 ^ _099_/A_N (sky130_fd_sc_hd__and2b_2)
     1    0.00    0.04    0.24    4.25 v _099_/X (sky130_fd_sc_hd__and2b_2)
                                         _051_ (net)
                  0.04    0.00    4.25 v _100_/B1 (sky130_fd_sc_hd__a21oi_2)
     2    0.01    0.16    0.15    4.40 ^ _100_/Y (sky130_fd_sc_hd__a21oi_2)
                                         _052_ (net)
                  0.16    0.00    4.40 ^ _102_/A_N (sky130_fd_sc_hd__and2b_2)
     1    0.00    0.04    0.24    4.64 v _102_/X (sky130_fd_sc_hd__and2b_2)
                                         _054_ (net)
                  0.04    0.00    4.64 v _103_/B1 (sky130_fd_sc_hd__a21o_4)
     2    0.02    0.05    0.20    4.84 v _103_/X (sky130_fd_sc_hd__a21o_4)
                                         _055_ (net)
                  0.05    0.00    4.84 v _104_/B (sky130_fd_sc_hd__xnor2_4)
     2    0.01    0.06    0.13    4.98 v _104_/Y (sky130_fd_sc_hd__xnor2_4)
                                         _056_ (net)
                  0.06    0.00    4.98 v _124_/B (sky130_fd_sc_hd__xnor2_2)
     1    0.00    0.04    0.13    5.10 v _124_/Y (sky130_fd_sc_hd__xnor2_2)
                                         x16.sum (net)
                  0.04    0.00    5.10 v _182_/D (sky130_fd_sc_hd__dfxtp_2)
                                  5.10   data arrival time

                  0.00    3.00    3.00   clock core_clock (rise edge)
                          0.00    3.00   clock network delay (ideal)
                          0.00    3.00   clock reconvergence pessimism
                                  3.00 ^ _182_/CLK (sky130_fd_sc_hd__dfxtp_2)
                         -0.12    2.88   library setup time
                                  2.88   data required time
-----------------------------------------------------------------------------
                                  2.88   data required time
                                 -5.10   data arrival time
-----------------------------------------------------------------------------
                                 -2.23   slack (VIOLATED)


Startpoint: _137_ (rising edge-triggered flip-flop clocked by core_clock)
Endpoint: _181_ (rising edge-triggered flip-flop clocked by core_clock)
Path Group: core_clock
Path Type: max

Fanout     Cap    Slew   Delay    Time   Description
-----------------------------------------------------------------------------
                  0.00    0.00    0.00   clock core_clock (rise edge)
                          0.00    0.00   clock network delay (ideal)
                  0.00    0.00    0.00 ^ _137_/CLK (sky130_fd_sc_hd__dfxtp_2)
     3    0.02    0.05    0.32    0.32 v _137_/Q (sky130_fd_sc_hd__dfxtp_2)
                                         x1.a (net)
                  0.05    0.00    0.32 v _062_/B (sky130_fd_sc_hd__or2_4)
     2    0.01    0.05    0.24    0.55 v _062_/X (sky130_fd_sc_hd__or2_4)
                                         _014_ (net)
                  0.05    0.00    0.55 v _064_/A2 (sky130_fd_sc_hd__a21bo_4)
     2    0.01    0.05    0.23    0.78 v _064_/X (sky130_fd_sc_hd__a21bo_4)
                                         _016_ (net)
                  0.05    0.00    0.78 v _066_/B (sky130_fd_sc_hd__xor2_2)
     2    0.01    0.05    0.14    0.93 v _066_/X (sky130_fd_sc_hd__xor2_2)
                                         _018_ (net)
                  0.05    0.00    0.93 v _067_/B (sky130_fd_sc_hd__nand2_2)
     3    0.01    0.08    0.09    1.02 ^ _067_/Y (sky130_fd_sc_hd__nand2_2)
                                         _019_ (net)
                  0.08    0.00    1.02 ^ _068_/C (sky130_fd_sc_hd__nand3b_2)
     2    0.01    0.08    0.09    1.11 v _068_/Y (sky130_fd_sc_hd__nand3b_2)
                                         _020_ (net)
                  0.08    0.00    1.11 v _070_/A2 (sky130_fd_sc_hd__a21o_4)
     2    0.01    0.04    0.23    1.34 v _070_/X (sky130_fd_sc_hd__a21o_4)
                                         _022_ (net)
                  0.04    0.00    1.34 v _077_/A2 (sky130_fd_sc_hd__a21bo_2)
     1    0.00    0.04    0.21    1.55 v _077_/X (sky130_fd_sc_hd__a21bo_2)
                                         _029_ (net)
                  0.04    0.00    1.55 v _078_/B1 (sky130_fd_sc_hd__a21o_4)
     2    0.01    0.04    0.18    1.73 v _078_/X (sky130_fd_sc_hd__a21o_4)
                                         _030_ (net)
                  0.04    0.00    1.73 v _080_/A1 (sky130_fd_sc_hd__a21o_4)
     2    0.01    0.05    0.21    1.94 v _080_/X (sky130_fd_sc_hd__a21o_4)
                                         _032_ (net)
                  0.05    0.00    1.94 v _082_/A2 (sky130_fd_sc_hd__a21oi_4)
     2    0.01    0.13    0.16    2.10 ^ _082_/Y (sky130_fd_sc_hd__a21oi_4)
                                         _034_ (net)
                  0.13    0.00    2.10 ^ _084_/A_N (sky130_fd_sc_hd__and2b_2)
     1    0.00    0.04    0.23    2.34 v _084_/X (sky130_fd_sc_hd__and2b_2)
                                         _036_ (net)
                  0.04    0.00    2.34 v _085_/B1 (sky130_fd_sc_hd__a21oi_2)
     2    0.01    0.16    0.15    2.49 ^ _085_/Y (sky130_fd_sc_hd__a21oi_2)
                                         _037_ (net)
                  0.16    0.00    2.49 ^ _087_/A_N (sky130_fd_sc_hd__and2b_2)
     1    0.00    0.04    0.24    2.73 v _087_/X (sky130_fd_sc_hd__and2b_2)
                                         _039_ (net)
                  0.04    0.00    2.73 v _088_/B1 (sky130_fd_sc_hd__a21oi_2)
     2    0.01    0.16    0.15    2.88 ^ _088_/Y (sky130_fd_sc_hd__a21oi_2)
                                         _040_ (net)
                  0.16    0.00    2.88 ^ _090_/A_N (sky130_fd_sc_hd__and2b_2)
     1    0.00    0.04    0.24    3.12 v _090_/X (sky130_fd_sc_hd__and2b_2)
                                         _042_ (net)
                  0.04    0.00    3.12 v _091_/B1 (sky130_fd_sc_hd__a21o_4)
     2    0.02    0.05    0.20    3.32 v _091_/X (sky130_fd_sc_hd__a21o_4)
                                         _043_ (net)
                  0.05    0.00    3.32 v _092_/B (sky130_fd_sc_hd__xnor2_4)
     2    0.01    0.06    0.14    3.46 v _092_/Y (sky130_fd_sc_hd__xnor2_4)
                                         _044_ (net)
                  0.06    0.00    3.46 v _094_/A2 (sky130_fd_sc_hd__o21a_4)
     2    0.01    0.04    0.21    3.66 v _094_/X (sky130_fd_sc_hd__o21a_4)
                                         _046_ (net)
                  0.04    0.00    3.66 v _095_/B (sky130_fd_sc_hd__xnor2_2)
     2    0.01    0.08    0.15    3.82 v _095_/Y (sky130_fd_sc_hd__xnor2_2)
                                         _047_ (net)
                  0.08    0.00    3.82 v _097_/A2 (sky130_fd_sc_hd__a21oi_2)
     2    0.01    0.16    0.20    4.01 ^ _097_/Y (sky130_fd_sc_hd__a21oi_2)
                                         _049_ (net)
                  0.16    0.00    4.01 ^ _099_/A_N (sky130_fd_sc_hd__and2b_2)
     1    0.00    0.04    0.24    4.25 v _099_/X (sky130_fd_sc_hd__and2b_2)
                                         _051_ (net)
                  0.04    0.00    4.25 v _100_/B1 (sky130_fd_sc_hd__a21oi_2)
     2    0.01    0.16    0.15    4.40 ^ _100_/Y (sky130_fd_sc_hd__a21oi_2)
                                         _052_ (net)
                  0.16    0.00    4.40 ^ _101_/B (sky130_fd_sc_hd__xnor2_2)
     2    0.01    0.23    0.16    4.56 ^ _101_/Y (sky130_fd_sc_hd__xnor2_2)
                                         _053_ (net)
                  0.23    0.00    4.56 ^ _130_/B (sky130_fd_sc_hd__xor2_2)
     1    0.00    0.11    0.16    4.72 ^ _130_/X (sky130_fd_sc_hd__xor2_2)
                                         x14.sum (net)
                  0.11    0.00    4.72 ^ _181_/D (sky130_fd_sc_hd__dfxtp_2)
                                  4.72   data arrival time

                  0.00    3.00    3.00   clock core_clock (rise edge)
                          0.00    3.00   clock network delay (ideal)
                          0.00    3.00   clock reconvergence pessimism
                                  3.00 ^ _181_/CLK (sky130_fd_sc_hd__dfxtp_2)
                         -0.08    2.92   library setup time
                                  2.92   data required time
-----------------------------------------------------------------------------
                                  2.92   data required time
                                 -4.72   data arrival time
-----------------------------------------------------------------------------
                                 -1.80   slack (VIOLATED)


Startpoint: _137_ (rising edge-triggered flip-flop clocked by core_clock)
Endpoint: _180_ (rising edge-triggered flip-flop clocked by core_clock)
Path Group: core_clock
Path Type: max

Fanout     Cap    Slew   Delay    Time   Description
-----------------------------------------------------------------------------
                  0.00    0.00    0.00   clock core_clock (rise edge)
                          0.00    0.00   clock network delay (ideal)
                  0.00    0.00    0.00 ^ _137_/CLK (sky130_fd_sc_hd__dfxtp_2)
     3    0.02    0.05    0.32    0.32 v _137_/Q (sky130_fd_sc_hd__dfxtp_2)
                                         x1.a (net)
                  0.05    0.00    0.32 v _062_/B (sky130_fd_sc_hd__or2_4)
     2    0.01    0.05    0.24    0.55 v _062_/X (sky130_fd_sc_hd__or2_4)
                                         _014_ (net)
                  0.05    0.00    0.55 v _064_/A2 (sky130_fd_sc_hd__a21bo_4)
     2    0.01    0.05    0.23    0.78 v _064_/X (sky130_fd_sc_hd__a21bo_4)
                                         _016_ (net)
                  0.05    0.00    0.78 v _066_/B (sky130_fd_sc_hd__xor2_2)
     2    0.01    0.05    0.14    0.93 v _066_/X (sky130_fd_sc_hd__xor2_2)
                                         _018_ (net)
                  0.05    0.00    0.93 v _067_/B (sky130_fd_sc_hd__nand2_2)
     3    0.01    0.08    0.09    1.02 ^ _067_/Y (sky130_fd_sc_hd__nand2_2)
                                         _019_ (net)
                  0.08    0.00    1.02 ^ _068_/C (sky130_fd_sc_hd__nand3b_2)
     2    0.01    0.08    0.09    1.11 v _068_/Y (sky130_fd_sc_hd__nand3b_2)
                                         _020_ (net)
                  0.08    0.00    1.11 v _070_/A2 (sky130_fd_sc_hd__a21o_4)
     2    0.01    0.04    0.23    1.34 v _070_/X (sky130_fd_sc_hd__a21o_4)
                                         _022_ (net)
                  0.04    0.00    1.34 v _077_/A2 (sky130_fd_sc_hd__a21bo_2)
     1    0.00    0.04    0.21    1.55 v _077_/X (sky130_fd_sc_hd__a21bo_2)
                                         _029_ (net)
                  0.04    0.00    1.55 v _078_/B1 (sky130_fd_sc_hd__a21o_4)
     2    0.01    0.04    0.18    1.73 v _078_/X (sky130_fd_sc_hd__a21o_4)
                                         _030_ (net)
                  0.04    0.00    1.73 v _080_/A1 (sky130_fd_sc_hd__a21o_4)
     2    0.01    0.05    0.21    1.94 v _080_/X (sky130_fd_sc_hd__a21o_4)
                                         _032_ (net)
                  0.05    0.00    1.94 v _082_/A2 (sky130_fd_sc_hd__a21oi_4)
     2    0.01    0.13    0.16    2.10 ^ _082_/Y (sky130_fd_sc_hd__a21oi_4)
                                         _034_ (net)
                  0.13    0.00    2.10 ^ _084_/A_N (sky130_fd_sc_hd__and2b_2)
     1    0.00    0.04    0.23    2.34 v _084_/X (sky130_fd_sc_hd__and2b_2)
                                         _036_ (net)
                  0.04    0.00    2.34 v _085_/B1 (sky130_fd_sc_hd__a21oi_2)
     2    0.01    0.16    0.15    2.49 ^ _085_/Y (sky130_fd_sc_hd__a21oi_2)
                                         _037_ (net)
                  0.16    0.00    2.49 ^ _087_/A_N (sky130_fd_sc_hd__and2b_2)
     1    0.00    0.04    0.24    2.73 v _087_/X (sky130_fd_sc_hd__and2b_2)
                                         _039_ (net)
                  0.04    0.00    2.73 v _088_/B1 (sky130_fd_sc_hd__a21oi_2)
     2    0.01    0.16    0.15    2.88 ^ _088_/Y (sky130_fd_sc_hd__a21oi_2)
                                         _040_ (net)
                  0.16    0.00    2.88 ^ _090_/A_N (sky130_fd_sc_hd__and2b_2)
     1    0.00    0.04    0.24    3.12 v _090_/X (sky130_fd_sc_hd__and2b_2)
                                         _042_ (net)
                  0.04    0.00    3.12 v _091_/B1 (sky130_fd_sc_hd__a21o_4)
     2    0.02    0.05    0.20    3.32 v _091_/X (sky130_fd_sc_hd__a21o_4)
                                         _043_ (net)
                  0.05    0.00    3.32 v _092_/B (sky130_fd_sc_hd__xnor2_4)
     2    0.01    0.06    0.14    3.46 v _092_/Y (sky130_fd_sc_hd__xnor2_4)
                                         _044_ (net)
                  0.06    0.00    3.46 v _094_/A2 (sky130_fd_sc_hd__o21a_4)
     2    0.01    0.04    0.21    3.66 v _094_/X (sky130_fd_sc_hd__o21a_4)
                                         _046_ (net)
                  0.04    0.00    3.66 v _095_/B (sky130_fd_sc_hd__xnor2_2)
     2    0.01    0.23    0.20    3.86 ^ _095_/Y (sky130_fd_sc_hd__xnor2_2)
                                         _047_ (net)
                  0.23    0.00    3.86 ^ _097_/A2 (sky130_fd_sc_hd__a21oi_2)
     2    0.01    0.07    0.11    3.97 v _097_/Y (sky130_fd_sc_hd__a21oi_2)
                                         _049_ (net)
                  0.07    0.00    3.97 v _098_/B (sky130_fd_sc_hd__xnor2_2)
     2    0.01    0.08    0.16    4.14 v _098_/Y (sky130_fd_sc_hd__xnor2_2)
                                         _050_ (net)
                  0.08    0.00    4.14 v _129_/B (sky130_fd_sc_hd__xor2_2)
     1    0.00    0.07    0.15    4.29 v _129_/X (sky130_fd_sc_hd__xor2_2)
                                         x13.sum (net)
                  0.07    0.00    4.29 v _180_/D (sky130_fd_sc_hd__dfxtp_2)
                                  4.29   data arrival time

                  0.00    3.00    3.00   clock core_clock (rise edge)
                          0.00    3.00   clock network delay (ideal)
                          0.00    3.00   clock reconvergence pessimism
                                  3.00 ^ _180_/CLK (sky130_fd_sc_hd__dfxtp_2)
                         -0.13    2.87   library setup time
                                  2.87   data required time
-----------------------------------------------------------------------------
                                  2.87   data required time
                                 -4.29   data arrival time
-----------------------------------------------------------------------------
                                 -1.42   slack (VIOLATED)


Startpoint: _137_ (rising edge-triggered flip-flop clocked by core_clock)
Endpoint: _179_ (rising edge-triggered flip-flop clocked by core_clock)
Path Group: core_clock
Path Type: max

Fanout     Cap    Slew   Delay    Time   Description
-----------------------------------------------------------------------------
                  0.00    0.00    0.00   clock core_clock (rise edge)
                          0.00    0.00   clock network delay (ideal)
                  0.00    0.00    0.00 ^ _137_/CLK (sky130_fd_sc_hd__dfxtp_2)
     3    0.02    0.05    0.32    0.32 v _137_/Q (sky130_fd_sc_hd__dfxtp_2)
                                         x1.a (net)
                  0.05    0.00    0.32 v _062_/B (sky130_fd_sc_hd__or2_4)
     2    0.01    0.05    0.24    0.55 v _062_/X (sky130_fd_sc_hd__or2_4)
                                         _014_ (net)
                  0.05    0.00    0.55 v _064_/A2 (sky130_fd_sc_hd__a21bo_4)
     2    0.01    0.05    0.23    0.78 v _064_/X (sky130_fd_sc_hd__a21bo_4)
                                         _016_ (net)
                  0.05    0.00    0.78 v _066_/B (sky130_fd_sc_hd__xor2_2)
     2    0.01    0.05    0.14    0.93 v _066_/X (sky130_fd_sc_hd__xor2_2)
                                         _018_ (net)
                  0.05    0.00    0.93 v _067_/B (sky130_fd_sc_hd__nand2_2)
     3    0.01    0.08    0.09    1.02 ^ _067_/Y (sky130_fd_sc_hd__nand2_2)
                                         _019_ (net)
                  0.08    0.00    1.02 ^ _068_/C (sky130_fd_sc_hd__nand3b_2)
     2    0.01    0.08    0.09    1.11 v _068_/Y (sky130_fd_sc_hd__nand3b_2)
                                         _020_ (net)
                  0.08    0.00    1.11 v _070_/A2 (sky130_fd_sc_hd__a21o_4)
     2    0.01    0.04    0.23    1.34 v _070_/X (sky130_fd_sc_hd__a21o_4)
                                         _022_ (net)
                  0.04    0.00    1.34 v _077_/A2 (sky130_fd_sc_hd__a21bo_2)
     1    0.00    0.04    0.21    1.55 v _077_/X (sky130_fd_sc_hd__a21bo_2)
                                         _029_ (net)
                  0.04    0.00    1.55 v _078_/B1 (sky130_fd_sc_hd__a21o_4)
     2    0.01    0.04    0.18    1.73 v _078_/X (sky130_fd_sc_hd__a21o_4)
                                         _030_ (net)
                  0.04    0.00    1.73 v _080_/A1 (sky130_fd_sc_hd__a21o_4)
     2    0.01    0.05    0.21    1.94 v _080_/X (sky130_fd_sc_hd__a21o_4)
                                         _032_ (net)
                  0.05    0.00    1.94 v _082_/A2 (sky130_fd_sc_hd__a21oi_4)
     2    0.01    0.13    0.16    2.10 ^ _082_/Y (sky130_fd_sc_hd__a21oi_4)
                                         _034_ (net)
                  0.13    0.00    2.10 ^ _084_/A_N (sky130_fd_sc_hd__and2b_2)
     1    0.00    0.04    0.23    2.34 v _084_/X (sky130_fd_sc_hd__and2b_2)
                                         _036_ (net)
                  0.04    0.00    2.34 v _085_/B1 (sky130_fd_sc_hd__a21oi_2)
     2    0.01    0.16    0.15    2.49 ^ _085_/Y (sky130_fd_sc_hd__a21oi_2)
                                         _037_ (net)
                  0.16    0.00    2.49 ^ _087_/A_N (sky130_fd_sc_hd__and2b_2)
     1    0.00    0.04    0.24    2.73 v _087_/X (sky130_fd_sc_hd__and2b_2)
                                         _039_ (net)
                  0.04    0.00    2.73 v _088_/B1 (sky130_fd_sc_hd__a21oi_2)
     2    0.01    0.16    0.15    2.88 ^ _088_/Y (sky130_fd_sc_hd__a21oi_2)
                                         _040_ (net)
                  0.16    0.00    2.88 ^ _090_/A_N (sky130_fd_sc_hd__and2b_2)
     1    0.00    0.04    0.24    3.12 v _090_/X (sky130_fd_sc_hd__and2b_2)
                                         _042_ (net)
                  0.04    0.00    3.12 v _091_/B1 (sky130_fd_sc_hd__a21o_4)
     2    0.02    0.05    0.20    3.32 v _091_/X (sky130_fd_sc_hd__a21o_4)
                                         _043_ (net)
                  0.05    0.00    3.32 v _092_/B (sky130_fd_sc_hd__xnor2_4)
     2    0.01    0.06    0.14    3.46 v _092_/Y (sky130_fd_sc_hd__xnor2_4)
                                         _044_ (net)
                  0.06    0.00    3.46 v _094_/A2 (sky130_fd_sc_hd__o21a_4)
     2    0.01    0.04    0.21    3.66 v _094_/X (sky130_fd_sc_hd__o21a_4)
                                         _046_ (net)
                  0.04    0.00    3.66 v _095_/B (sky130_fd_sc_hd__xnor2_2)
     2    0.01    0.08    0.15    3.82 v _095_/Y (sky130_fd_sc_hd__xnor2_2)
                                         _047_ (net)
                  0.08    0.00    3.82 v _128_/B (sky130_fd_sc_hd__xor2_2)
     1    0.00    0.06    0.15    3.96 v _128_/X (sky130_fd_sc_hd__xor2_2)
                                         x12.sum (net)
                  0.06    0.00    3.96 v _179_/D (sky130_fd_sc_hd__dfxtp_2)
                                  3.96   data arrival time

                  0.00    3.00    3.00   clock core_clock (rise edge)
                          0.00    3.00   clock network delay (ideal)
                          0.00    3.00   clock reconvergence pessimism
                                  3.00 ^ _179_/CLK (sky130_fd_sc_hd__dfxtp_2)
                         -0.13    2.87   library setup time
                                  2.87   data required time
-----------------------------------------------------------------------------
                                  2.87   data required time
                                 -3.96   data arrival time
-----------------------------------------------------------------------------
                                 -1.09   slack (VIOLATED)


Startpoint: _137_ (rising edge-triggered flip-flop clocked by core_clock)
Endpoint: _178_ (rising edge-triggered flip-flop clocked by core_clock)
Path Group: core_clock
Path Type: max

Fanout     Cap    Slew   Delay    Time   Description
-----------------------------------------------------------------------------
                  0.00    0.00    0.00   clock core_clock (rise edge)
                          0.00    0.00   clock network delay (ideal)
                  0.00    0.00    0.00 ^ _137_/CLK (sky130_fd_sc_hd__dfxtp_2)
     3    0.02    0.05    0.32    0.32 v _137_/Q (sky130_fd_sc_hd__dfxtp_2)
                                         x1.a (net)
                  0.05    0.00    0.32 v _062_/B (sky130_fd_sc_hd__or2_4)
     2    0.01    0.05    0.24    0.55 v _062_/X (sky130_fd_sc_hd__or2_4)
                                         _014_ (net)
                  0.05    0.00    0.55 v _064_/A2 (sky130_fd_sc_hd__a21bo_4)
     2    0.01    0.05    0.23    0.78 v _064_/X (sky130_fd_sc_hd__a21bo_4)
                                         _016_ (net)
                  0.05    0.00    0.78 v _066_/B (sky130_fd_sc_hd__xor2_2)
     2    0.01    0.05    0.14    0.93 v _066_/X (sky130_fd_sc_hd__xor2_2)
                                         _018_ (net)
                  0.05    0.00    0.93 v _067_/B (sky130_fd_sc_hd__nand2_2)
     3    0.01    0.08    0.09    1.02 ^ _067_/Y (sky130_fd_sc_hd__nand2_2)
                                         _019_ (net)
                  0.08    0.00    1.02 ^ _068_/C (sky130_fd_sc_hd__nand3b_2)
     2    0.01    0.08    0.09    1.11 v _068_/Y (sky130_fd_sc_hd__nand3b_2)
                                         _020_ (net)
                  0.08    0.00    1.11 v _070_/A2 (sky130_fd_sc_hd__a21o_4)
     2    0.01    0.04    0.23    1.34 v _070_/X (sky130_fd_sc_hd__a21o_4)
                                         _022_ (net)
                  0.04    0.00    1.34 v _077_/A2 (sky130_fd_sc_hd__a21bo_2)
     1    0.00    0.04    0.21    1.55 v _077_/X (sky130_fd_sc_hd__a21bo_2)
                                         _029_ (net)
                  0.04    0.00    1.55 v _078_/B1 (sky130_fd_sc_hd__a21o_4)
     2    0.01    0.04    0.18    1.73 v _078_/X (sky130_fd_sc_hd__a21o_4)
                                         _030_ (net)
                  0.04    0.00    1.73 v _080_/A1 (sky130_fd_sc_hd__a21o_4)
     2    0.01    0.05    0.21    1.94 v _080_/X (sky130_fd_sc_hd__a21o_4)
                                         _032_ (net)
                  0.05    0.00    1.94 v _082_/A2 (sky130_fd_sc_hd__a21oi_4)
     2    0.01    0.13    0.16    2.10 ^ _082_/Y (sky130_fd_sc_hd__a21oi_4)
                                         _034_ (net)
                  0.13    0.00    2.10 ^ _084_/A_N (sky130_fd_sc_hd__and2b_2)
     1    0.00    0.04    0.23    2.34 v _084_/X (sky130_fd_sc_hd__and2b_2)
                                         _036_ (net)
                  0.04    0.00    2.34 v _085_/B1 (sky130_fd_sc_hd__a21oi_2)
     2    0.01    0.16    0.15    2.49 ^ _085_/Y (sky130_fd_sc_hd__a21oi_2)
                                         _037_ (net)
                  0.16    0.00    2.49 ^ _087_/A_N (sky130_fd_sc_hd__and2b_2)
     1    0.00    0.04    0.24    2.73 v _087_/X (sky130_fd_sc_hd__and2b_2)
                                         _039_ (net)
                  0.04    0.00    2.73 v _088_/B1 (sky130_fd_sc_hd__a21oi_2)
     2    0.01    0.16    0.15    2.88 ^ _088_/Y (sky130_fd_sc_hd__a21oi_2)
                                         _040_ (net)
                  0.16    0.00    2.88 ^ _090_/A_N (sky130_fd_sc_hd__and2b_2)
     1    0.00    0.04    0.24    3.12 v _090_/X (sky130_fd_sc_hd__and2b_2)
                                         _042_ (net)
                  0.04    0.00    3.12 v _091_/B1 (sky130_fd_sc_hd__a21o_4)
     2    0.02    0.05    0.20    3.32 v _091_/X (sky130_fd_sc_hd__a21o_4)
                                         _043_ (net)
                  0.05    0.00    3.32 v _092_/B (sky130_fd_sc_hd__xnor2_4)
     2    0.01    0.06    0.14    3.46 v _092_/Y (sky130_fd_sc_hd__xnor2_4)
                                         _044_ (net)
                  0.06    0.00    3.46 v _127_/B (sky130_fd_sc_hd__xnor2_2)
     1    0.00    0.04    0.13    3.58 v _127_/Y (sky130_fd_sc_hd__xnor2_2)
                                         x11.sum (net)
                  0.04    0.00    3.58 v _178_/D (sky130_fd_sc_hd__dfxtp_2)
                                  3.58   data arrival time

                  0.00    3.00    3.00   clock core_clock (rise edge)
                          0.00    3.00   clock network delay (ideal)
                          0.00    3.00   clock reconvergence pessimism
                                  3.00 ^ _178_/CLK (sky130_fd_sc_hd__dfxtp_2)
                         -0.12    2.88   library setup time
                                  2.88   data required time
-----------------------------------------------------------------------------
                                  2.88   data required time
                                 -3.58   data arrival time
-----------------------------------------------------------------------------
                                 -0.70   slack (VIOLATED)


Startpoint: _137_ (rising edge-triggered flip-flop clocked by core_clock)
Endpoint: _177_ (rising edge-triggered flip-flop clocked by core_clock)
Path Group: core_clock
Path Type: max

Fanout     Cap    Slew   Delay    Time   Description
-----------------------------------------------------------------------------
                  0.00    0.00    0.00   clock core_clock (rise edge)
                          0.00    0.00   clock network delay (ideal)
                  0.00    0.00    0.00 ^ _137_/CLK (sky130_fd_sc_hd__dfxtp_2)
     3    0.02    0.05    0.32    0.32 v _137_/Q (sky130_fd_sc_hd__dfxtp_2)
                                         x1.a (net)
                  0.05    0.00    0.32 v _062_/B (sky130_fd_sc_hd__or2_4)
     2    0.01    0.05    0.24    0.55 v _062_/X (sky130_fd_sc_hd__or2_4)
                                         _014_ (net)
                  0.05    0.00    0.55 v _064_/A2 (sky130_fd_sc_hd__a21bo_4)
     2    0.01    0.05    0.23    0.78 v _064_/X (sky130_fd_sc_hd__a21bo_4)
                                         _016_ (net)
                  0.05    0.00    0.78 v _066_/B (sky130_fd_sc_hd__xor2_2)
     2    0.01    0.05    0.14    0.93 v _066_/X (sky130_fd_sc_hd__xor2_2)
                                         _018_ (net)
                  0.05    0.00    0.93 v _067_/B (sky130_fd_sc_hd__nand2_2)
     3    0.01    0.08    0.09    1.02 ^ _067_/Y (sky130_fd_sc_hd__nand2_2)
                                         _019_ (net)
                  0.08    0.00    1.02 ^ _068_/C (sky130_fd_sc_hd__nand3b_2)
     2    0.01    0.08    0.09    1.11 v _068_/Y (sky130_fd_sc_hd__nand3b_2)
                                         _020_ (net)
                  0.08    0.00    1.11 v _070_/A2 (sky130_fd_sc_hd__a21o_4)
     2    0.01    0.04    0.23    1.34 v _070_/X (sky130_fd_sc_hd__a21o_4)
                                         _022_ (net)
                  0.04    0.00    1.34 v _077_/A2 (sky130_fd_sc_hd__a21bo_2)
     1    0.00    0.04    0.21    1.55 v _077_/X (sky130_fd_sc_hd__a21bo_2)
                                         _029_ (net)
                  0.04    0.00    1.55 v _078_/B1 (sky130_fd_sc_hd__a21o_4)
     2    0.01    0.04    0.18    1.73 v _078_/X (sky130_fd_sc_hd__a21o_4)
                                         _030_ (net)
                  0.04    0.00    1.73 v _080_/A1 (sky130_fd_sc_hd__a21o_4)
     2    0.01    0.05    0.21    1.94 v _080_/X (sky130_fd_sc_hd__a21o_4)
                                         _032_ (net)
                  0.05    0.00    1.94 v _082_/A2 (sky130_fd_sc_hd__a21oi_4)
     2    0.01    0.13    0.16    2.10 ^ _082_/Y (sky130_fd_sc_hd__a21oi_4)
                                         _034_ (net)
                  0.13    0.00    2.10 ^ _084_/A_N (sky130_fd_sc_hd__and2b_2)
     1    0.00    0.04    0.23    2.34 v _084_/X (sky130_fd_sc_hd__and2b_2)
                                         _036_ (net)
                  0.04    0.00    2.34 v _085_/B1 (sky130_fd_sc_hd__a21oi_2)
     2    0.01    0.16    0.15    2.49 ^ _085_/Y (sky130_fd_sc_hd__a21oi_2)
                                         _037_ (net)
                  0.16    0.00    2.49 ^ _087_/A_N (sky130_fd_sc_hd__and2b_2)
     1    0.00    0.04    0.24    2.73 v _087_/X (sky130_fd_sc_hd__and2b_2)
                                         _039_ (net)
                  0.04    0.00    2.73 v _088_/B1 (sky130_fd_sc_hd__a21oi_2)
     2    0.01    0.16    0.15    2.88 ^ _088_/Y (sky130_fd_sc_hd__a21oi_2)
                                         _040_ (net)
                  0.16    0.00    2.88 ^ _089_/B (sky130_fd_sc_hd__xnor2_2)
     2    0.01    0.08    0.11    2.99 v _089_/Y (sky130_fd_sc_hd__xnor2_2)
                                         _041_ (net)
                  0.08    0.00    2.99 v _136_/B (sky130_fd_sc_hd__xor2_2)
     1    0.00    0.06    0.14    3.13 v _136_/X (sky130_fd_sc_hd__xor2_2)
                                         x9.sum (net)
                  0.06    0.00    3.13 v _177_/D (sky130_fd_sc_hd__dfxtp_2)
                                  3.13   data arrival time

                  0.00    3.00    3.00   clock core_clock (rise edge)
                          0.00    3.00   clock network delay (ideal)
                          0.00    3.00   clock reconvergence pessimism
                                  3.00 ^ _177_/CLK (sky130_fd_sc_hd__dfxtp_2)
                         -0.13    2.87   library setup time
                                  2.87   data required time
-----------------------------------------------------------------------------
                                  2.87   data required time
                                 -3.13   data arrival time
-----------------------------------------------------------------------------
                                 -0.26   slack (VIOLATED)


Startpoint: _137_ (rising edge-triggered flip-flop clocked by core_clock)
Endpoint: _176_ (rising edge-triggered flip-flop clocked by core_clock)
Path Group: core_clock
Path Type: max

Fanout     Cap    Slew   Delay    Time   Description
-----------------------------------------------------------------------------
                  0.00    0.00    0.00   clock core_clock (rise edge)
                          0.00    0.00   clock network delay (ideal)
                  0.00    0.00    0.00 ^ _137_/CLK (sky130_fd_sc_hd__dfxtp_2)
     3    0.02    0.05    0.32    0.32 v _137_/Q (sky130_fd_sc_hd__dfxtp_2)
                                         x1.a (net)
                  0.05    0.00    0.32 v _062_/B (sky130_fd_sc_hd__or2_4)
     2    0.01    0.05    0.24    0.55 v _062_/X (sky130_fd_sc_hd__or2_4)
                                         _014_ (net)
                  0.05    0.00    0.55 v _064_/A2 (sky130_fd_sc_hd__a21bo_4)
     2    0.01    0.05    0.23    0.78 v _064_/X (sky130_fd_sc_hd__a21bo_4)
                                         _016_ (net)
                  0.05    0.00    0.78 v _066_/B (sky130_fd_sc_hd__xor2_2)
     2    0.01    0.05    0.14    0.93 v _066_/X (sky130_fd_sc_hd__xor2_2)
                                         _018_ (net)
                  0.05    0.00    0.93 v _067_/B (sky130_fd_sc_hd__nand2_2)
     3    0.01    0.08    0.09    1.02 ^ _067_/Y (sky130_fd_sc_hd__nand2_2)
                                         _019_ (net)
                  0.08    0.00    1.02 ^ _068_/C (sky130_fd_sc_hd__nand3b_2)
     2    0.01    0.08    0.09    1.11 v _068_/Y (sky130_fd_sc_hd__nand3b_2)
                                         _020_ (net)
                  0.08    0.00    1.11 v _070_/A2 (sky130_fd_sc_hd__a21o_4)
     2    0.01    0.04    0.23    1.34 v _070_/X (sky130_fd_sc_hd__a21o_4)
                                         _022_ (net)
                  0.04    0.00    1.34 v _077_/A2 (sky130_fd_sc_hd__a21bo_2)
     1    0.00    0.04    0.21    1.55 v _077_/X (sky130_fd_sc_hd__a21bo_2)
                                         _029_ (net)
                  0.04    0.00    1.55 v _078_/B1 (sky130_fd_sc_hd__a21o_4)
     2    0.01    0.04    0.18    1.73 v _078_/X (sky130_fd_sc_hd__a21o_4)
                                         _030_ (net)
                  0.04    0.00    1.73 v _080_/A1 (sky130_fd_sc_hd__a21o_4)
     2    0.01    0.05    0.21    1.94 v _080_/X (sky130_fd_sc_hd__a21o_4)
                                         _032_ (net)
                  0.05    0.00    1.94 v _082_/A2 (sky130_fd_sc_hd__a21oi_4)
     2    0.01    0.13    0.16    2.10 ^ _082_/Y (sky130_fd_sc_hd__a21oi_4)
                                         _034_ (net)
                  0.13    0.00    2.10 ^ _084_/A_N (sky130_fd_sc_hd__and2b_2)
     1    0.00    0.04    0.23    2.34 v _084_/X (sky130_fd_sc_hd__and2b_2)
                                         _036_ (net)
                  0.04    0.00    2.34 v _085_/B1 (sky130_fd_sc_hd__a21oi_2)
     2    0.01    0.16    0.15    2.49 ^ _085_/Y (sky130_fd_sc_hd__a21oi_2)
                                         _037_ (net)
                  0.16    0.00    2.49 ^ _086_/B (sky130_fd_sc_hd__xnor2_2)
     2    0.01    0.08    0.11    2.60 v _086_/Y (sky130_fd_sc_hd__xnor2_2)
                                         _038_ (net)
                  0.08    0.00    2.60 v _134_/B (sky130_fd_sc_hd__xor2_2)
     1    0.00    0.06    0.14    2.74 v _134_/X (sky130_fd_sc_hd__xor2_2)
                                         x8.sum (net)
                  0.06    0.00    2.74 v _176_/D (sky130_fd_sc_hd__dfxtp_2)
                                  2.74   data arrival time

                  0.00    3.00    3.00   clock core_clock (rise edge)
                          0.00    3.00   clock network delay (ideal)
                          0.00    3.00   clock reconvergence pessimism
                                  3.00 ^ _176_/CLK (sky130_fd_sc_hd__dfxtp_2)
                         -0.13    2.87   library setup time
                                  2.87   data required time
-----------------------------------------------------------------------------
                                  2.87   data required time
                                 -2.74   data arrival time
-----------------------------------------------------------------------------
                                  0.13   slack (MET)


Startpoint: _137_ (rising edge-triggered flip-flop clocked by core_clock)
Endpoint: _175_ (rising edge-triggered flip-flop clocked by core_clock)
Path Group: core_clock
Path Type: max

Fanout     Cap    Slew   Delay    Time   Description
-----------------------------------------------------------------------------
                  0.00    0.00    0.00   clock core_clock (rise edge)
                          0.00    0.00   clock network delay (ideal)
                  0.00    0.00    0.00 ^ _137_/CLK (sky130_fd_sc_hd__dfxtp_2)
     3    0.02    0.05    0.32    0.32 v _137_/Q (sky130_fd_sc_hd__dfxtp_2)
                                         x1.a (net)
                  0.05    0.00    0.32 v _062_/B (sky130_fd_sc_hd__or2_4)
     2    0.01    0.05    0.24    0.55 v _062_/X (sky130_fd_sc_hd__or2_4)
                                         _014_ (net)
                  0.05    0.00    0.55 v _064_/A2 (sky130_fd_sc_hd__a21bo_4)
     2    0.01    0.05    0.23    0.78 v _064_/X (sky130_fd_sc_hd__a21bo_4)
                                         _016_ (net)
                  0.05    0.00    0.78 v _066_/B (sky130_fd_sc_hd__xor2_2)
     2    0.01    0.05    0.14    0.93 v _066_/X (sky130_fd_sc_hd__xor2_2)
                                         _018_ (net)
                  0.05    0.00    0.93 v _067_/B (sky130_fd_sc_hd__nand2_2)
     3    0.01    0.08    0.09    1.02 ^ _067_/Y (sky130_fd_sc_hd__nand2_2)
                                         _019_ (net)
                  0.08    0.00    1.02 ^ _068_/C (sky130_fd_sc_hd__nand3b_2)
     2    0.01    0.08    0.09    1.11 v _068_/Y (sky130_fd_sc_hd__nand3b_2)
                                         _020_ (net)
                  0.08    0.00    1.11 v _070_/A2 (sky130_fd_sc_hd__a21o_4)
     2    0.01    0.04    0.23    1.34 v _070_/X (sky130_fd_sc_hd__a21o_4)
                                         _022_ (net)
                  0.04    0.00    1.34 v _077_/A2 (sky130_fd_sc_hd__a21bo_2)
     1    0.00    0.04    0.21    1.55 v _077_/X (sky130_fd_sc_hd__a21bo_2)
                                         _029_ (net)
                  0.04    0.00    1.55 v _078_/B1 (sky130_fd_sc_hd__a21o_4)
     2    0.01    0.04    0.18    1.73 v _078_/X (sky130_fd_sc_hd__a21o_4)
                                         _030_ (net)
                  0.04    0.00    1.73 v _080_/A1 (sky130_fd_sc_hd__a21o_4)
     2    0.01    0.05    0.21    1.94 v _080_/X (sky130_fd_sc_hd__a21o_4)
                                         _032_ (net)
                  0.05    0.00    1.94 v _082_/A2 (sky130_fd_sc_hd__a21oi_4)
     2    0.01    0.13    0.16    2.10 ^ _082_/Y (sky130_fd_sc_hd__a21oi_4)
                                         _034_ (net)
                  0.13    0.00    2.10 ^ _083_/B (sky130_fd_sc_hd__xnor2_2)
     2    0.01    0.08    0.10    2.21 v _083_/Y (sky130_fd_sc_hd__xnor2_2)
                                         _035_ (net)
                  0.08    0.00    2.21 v _133_/B (sky130_fd_sc_hd__xor2_2)
     1    0.00    0.06    0.14    2.35 v _133_/X (sky130_fd_sc_hd__xor2_2)
                                         x7.sum (net)
                  0.06    0.00    2.35 v _175_/D (sky130_fd_sc_hd__dfxtp_2)
                                  2.35   data arrival time

                  0.00    3.00    3.00   clock core_clock (rise edge)
                          0.00    3.00   clock network delay (ideal)
                          0.00    3.00   clock reconvergence pessimism
                                  3.00 ^ _175_/CLK (sky130_fd_sc_hd__dfxtp_2)
                         -0.13    2.87   library setup time
                                  2.87   data required time
-----------------------------------------------------------------------------
                                  2.87   data required time
                                 -2.35   data arrival time
-----------------------------------------------------------------------------
                                  0.52   slack (MET)


Startpoint: _137_ (rising edge-triggered flip-flop clocked by core_clock)
Endpoint: _174_ (rising edge-triggered flip-flop clocked by core_clock)
Path Group: core_clock
Path Type: max

Fanout     Cap    Slew   Delay    Time   Description
-----------------------------------------------------------------------------
                  0.00    0.00    0.00   clock core_clock (rise edge)
                          0.00    0.00   clock network delay (ideal)
                  0.00    0.00    0.00 ^ _137_/CLK (sky130_fd_sc_hd__dfxtp_2)
     3    0.02    0.05    0.32    0.32 v _137_/Q (sky130_fd_sc_hd__dfxtp_2)
                                         x1.a (net)
                  0.05    0.00    0.32 v _062_/B (sky130_fd_sc_hd__or2_4)
     2    0.01    0.05    0.24    0.55 v _062_/X (sky130_fd_sc_hd__or2_4)
                                         _014_ (net)
                  0.05    0.00    0.55 v _064_/A2 (sky130_fd_sc_hd__a21bo_4)
     2    0.01    0.05    0.23    0.78 v _064_/X (sky130_fd_sc_hd__a21bo_4)
                                         _016_ (net)
                  0.05    0.00    0.78 v _066_/B (sky130_fd_sc_hd__xor2_2)
     2    0.01    0.05    0.14    0.93 v _066_/X (sky130_fd_sc_hd__xor2_2)
                                         _018_ (net)
                  0.05    0.00    0.93 v _067_/B (sky130_fd_sc_hd__nand2_2)
     3    0.01    0.08    0.09    1.02 ^ _067_/Y (sky130_fd_sc_hd__nand2_2)
                                         _019_ (net)
                  0.08    0.00    1.02 ^ _068_/C (sky130_fd_sc_hd__nand3b_2)
     2    0.01    0.08    0.09    1.11 v _068_/Y (sky130_fd_sc_hd__nand3b_2)
                                         _020_ (net)
                  0.08    0.00    1.11 v _070_/A2 (sky130_fd_sc_hd__a21o_4)
     2    0.01    0.04    0.23    1.34 v _070_/X (sky130_fd_sc_hd__a21o_4)
                                         _022_ (net)
                  0.04    0.00    1.34 v _077_/A2 (sky130_fd_sc_hd__a21bo_2)
     1    0.00    0.04    0.21    1.55 v _077_/X (sky130_fd_sc_hd__a21bo_2)
                                         _029_ (net)
                  0.04    0.00    1.55 v _078_/B1 (sky130_fd_sc_hd__a21o_4)
     2    0.01    0.04    0.18    1.73 v _078_/X (sky130_fd_sc_hd__a21o_4)
                                         _030_ (net)
                  0.04    0.00    1.73 v _081_/B (sky130_fd_sc_hd__and3_4)
     2    0.01    0.04    0.17    1.90 v _081_/X (sky130_fd_sc_hd__and3_4)
                                         _033_ (net)
                  0.04    0.00    1.90 v _131_/A_N (sky130_fd_sc_hd__nand2b_2)
     1    0.01    0.06    0.19    2.09 v _131_/Y (sky130_fd_sc_hd__nand2b_2)
                                         _011_ (net)
                  0.06    0.00    2.09 v _132_/B (sky130_fd_sc_hd__xnor2_2)
     1    0.00    0.04    0.12    2.21 v _132_/Y (sky130_fd_sc_hd__xnor2_2)
                                         x6.sum (net)
                  0.04    0.00    2.21 v _174_/D (sky130_fd_sc_hd__dfxtp_2)
                                  2.21   data arrival time

                  0.00    3.00    3.00   clock core_clock (rise edge)
                          0.00    3.00   clock network delay (ideal)
                          0.00    3.00   clock reconvergence pessimism
                                  3.00 ^ _174_/CLK (sky130_fd_sc_hd__dfxtp_2)
                         -0.12    2.88   library setup time
                                  2.88   data required time
-----------------------------------------------------------------------------
                                  2.88   data required time
                                 -2.21   data arrival time
-----------------------------------------------------------------------------
                                  0.67   slack (MET)


Startpoint: _137_ (rising edge-triggered flip-flop clocked by core_clock)
Endpoint: _173_ (rising edge-triggered flip-flop clocked by core_clock)
Path Group: core_clock
Path Type: max

Fanout     Cap    Slew   Delay    Time   Description
-----------------------------------------------------------------------------
                  0.00    0.00    0.00   clock core_clock (rise edge)
                          0.00    0.00   clock network delay (ideal)
                  0.00    0.00    0.00 ^ _137_/CLK (sky130_fd_sc_hd__dfxtp_2)
     3    0.02    0.05    0.32    0.32 v _137_/Q (sky130_fd_sc_hd__dfxtp_2)
                                         x1.a (net)
                  0.05    0.00    0.32 v _062_/B (sky130_fd_sc_hd__or2_4)
     2    0.01    0.05    0.24    0.55 v _062_/X (sky130_fd_sc_hd__or2_4)
                                         _014_ (net)
                  0.05    0.00    0.55 v _064_/A2 (sky130_fd_sc_hd__a21bo_4)
     2    0.01    0.05    0.23    0.78 v _064_/X (sky130_fd_sc_hd__a21bo_4)
                                         _016_ (net)
                  0.05    0.00    0.78 v _066_/B (sky130_fd_sc_hd__xor2_2)
     2    0.01    0.05    0.14    0.93 v _066_/X (sky130_fd_sc_hd__xor2_2)
                                         _018_ (net)
                  0.05    0.00    0.93 v _067_/B (sky130_fd_sc_hd__nand2_2)
     3    0.01    0.08    0.09    1.02 ^ _067_/Y (sky130_fd_sc_hd__nand2_2)
                                         _019_ (net)
                  0.08    0.00    1.02 ^ _068_/C (sky130_fd_sc_hd__nand3b_2)
     2    0.01    0.08    0.09    1.11 v _068_/Y (sky130_fd_sc_hd__nand3b_2)
                                         _020_ (net)
                  0.08    0.00    1.11 v _070_/A2 (sky130_fd_sc_hd__a21o_4)
     2    0.01    0.04    0.23    1.34 v _070_/X (sky130_fd_sc_hd__a21o_4)
                                         _022_ (net)
                  0.04    0.00    1.34 v _071_/B (sky130_fd_sc_hd__xor2_2)
     2    0.01    0.08    0.16    1.51 v _071_/X (sky130_fd_sc_hd__xor2_2)
                                         _023_ (net)
                  0.08    0.00    1.51 v _123_/B (sky130_fd_sc_hd__xor2_2)
     1    0.00    0.06    0.14    1.65 v _123_/X (sky130_fd_sc_hd__xor2_2)
                                         x4.sum (net)
                  0.06    0.00    1.65 v _173_/D (sky130_fd_sc_hd__dfxtp_2)
                                  1.65   data arrival time

                  0.00    3.00    3.00   clock core_clock (rise edge)
                          0.00    3.00   clock network delay (ideal)
                          0.00    3.00   clock reconvergence pessimism
                                  3.00 ^ _173_/CLK (sky130_fd_sc_hd__dfxtp_2)
                         -0.13    2.87   library setup time
                                  2.87   data required time
-----------------------------------------------------------------------------
                                  2.87   data required time
                                 -1.65   data arrival time
-----------------------------------------------------------------------------
                                  1.22   slack (MET)


Startpoint: _137_ (rising edge-triggered flip-flop clocked by core_clock)
Endpoint: _172_ (rising edge-triggered flip-flop clocked by core_clock)
Path Group: core_clock
Path Type: max

Fanout     Cap    Slew   Delay    Time   Description
-----------------------------------------------------------------------------
                  0.00    0.00    0.00   clock core_clock (rise edge)
                          0.00    0.00   clock network delay (ideal)
                  0.00    0.00    0.00 ^ _137_/CLK (sky130_fd_sc_hd__dfxtp_2)
     3    0.02    0.05    0.32    0.32 v _137_/Q (sky130_fd_sc_hd__dfxtp_2)
                                         x1.a (net)
                  0.05    0.00    0.32 v _062_/B (sky130_fd_sc_hd__or2_4)
     2    0.01    0.05    0.24    0.55 v _062_/X (sky130_fd_sc_hd__or2_4)
                                         _014_ (net)
                  0.05    0.00    0.55 v _064_/A2 (sky130_fd_sc_hd__a21bo_4)
     2    0.01    0.05    0.23    0.78 v _064_/X (sky130_fd_sc_hd__a21bo_4)
                                         _016_ (net)
                  0.05    0.00    0.78 v _066_/B (sky130_fd_sc_hd__xor2_2)
     2    0.01    0.13    0.14    0.92 ^ _066_/X (sky130_fd_sc_hd__xor2_2)
                                         _018_ (net)
                  0.13    0.00    0.92 ^ _067_/B (sky130_fd_sc_hd__nand2_2)
     3    0.01    0.06    0.09    1.01 v _067_/Y (sky130_fd_sc_hd__nand2_2)
                                         _019_ (net)
                  0.06    0.00    1.01 v _069_/A2 (sky130_fd_sc_hd__a21boi_2)
     2    0.01    0.12    0.16    1.17 ^ _069_/Y (sky130_fd_sc_hd__a21boi_2)
                                         _021_ (net)
                  0.12    0.00    1.17 ^ _121_/A_N (sky130_fd_sc_hd__and2b_2)
     1    0.01    0.05    0.25    1.42 v _121_/X (sky130_fd_sc_hd__and2b_2)
                                         _010_ (net)
                  0.05    0.00    1.42 v _122_/B (sky130_fd_sc_hd__xor2_2)
     1    0.00    0.04    0.13    1.55 v _122_/X (sky130_fd_sc_hd__xor2_2)
                                         x3.sum (net)
                  0.04    0.00    1.55 v _172_/D (sky130_fd_sc_hd__dfxtp_2)
                                  1.55   data arrival time

                  0.00    3.00    3.00   clock core_clock (rise edge)
                          0.00    3.00   clock network delay (ideal)
                          0.00    3.00   clock reconvergence pessimism
                                  3.00 ^ _172_/CLK (sky130_fd_sc_hd__dfxtp_2)
                         -0.12    2.88   library setup time
                                  2.88   data required time
-----------------------------------------------------------------------------
                                  2.88   data required time
                                 -1.55   data arrival time
-----------------------------------------------------------------------------
                                  1.33   slack (MET)


Startpoint: _137_ (rising edge-triggered flip-flop clocked by core_clock)
Endpoint: _171_ (rising edge-triggered flip-flop clocked by core_clock)
Path Group: core_clock
Path Type: max

Fanout     Cap    Slew   Delay    Time   Description
-----------------------------------------------------------------------------
                  0.00    0.00    0.00   clock core_clock (rise edge)
                          0.00    0.00   clock network delay (ideal)
                  0.00    0.00    0.00 ^ _137_/CLK (sky130_fd_sc_hd__dfxtp_2)
     3    0.02    0.05    0.32    0.32 v _137_/Q (sky130_fd_sc_hd__dfxtp_2)
                                         x1.a (net)
                  0.05    0.00    0.32 v _062_/B (sky130_fd_sc_hd__or2_4)
     2    0.01    0.05    0.24    0.55 v _062_/X (sky130_fd_sc_hd__or2_4)
                                         _014_ (net)
                  0.05    0.00    0.55 v _064_/A2 (sky130_fd_sc_hd__a21bo_4)
     2    0.01    0.05    0.23    0.78 v _064_/X (sky130_fd_sc_hd__a21bo_4)
                                         _016_ (net)
                  0.05    0.00    0.78 v _066_/B (sky130_fd_sc_hd__xor2_2)
     2    0.01    0.05    0.14    0.93 v _066_/X (sky130_fd_sc_hd__xor2_2)
                                         _018_ (net)
                  0.05    0.00    0.93 v _118_/B (sky130_fd_sc_hd__or2_2)
     1    0.00    0.05    0.26    1.19 v _118_/X (sky130_fd_sc_hd__or2_2)
                                         _008_ (net)
                  0.05    0.00    1.19 v _119_/B (sky130_fd_sc_hd__and2_2)
     1    0.00    0.04    0.19    1.37 v _119_/X (sky130_fd_sc_hd__and2_2)
                                         _009_ (net)
                  0.04    0.00    1.37 v _120_/A (sky130_fd_sc_hd__buf_1)
     1    0.00    0.02    0.08    1.46 v _120_/X (sky130_fd_sc_hd__buf_1)
                                         x2.sum (net)
                  0.02    0.00    1.46 v _171_/D (sky130_fd_sc_hd__dfxtp_2)
                                  1.46   data arrival time

                  0.00    3.00    3.00   clock core_clock (rise edge)
                          0.00    3.00   clock network delay (ideal)
                          0.00    3.00   clock reconvergence pessimism
                                  3.00 ^ _171_/CLK (sky130_fd_sc_hd__dfxtp_2)
                         -0.11    2.89   library setup time
                                  2.89   data required time
-----------------------------------------------------------------------------
                                  2.89   data required time
                                 -1.46   data arrival time
-----------------------------------------------------------------------------
                                  1.43   slack (MET)


Startpoint: _137_ (rising edge-triggered flip-flop clocked by core_clock)
Endpoint: _170_ (rising edge-triggered flip-flop clocked by core_clock)
Path Group: core_clock
Path Type: max

Fanout     Cap    Slew   Delay    Time   Description
-----------------------------------------------------------------------------
                  0.00    0.00    0.00   clock core_clock (rise edge)
                          0.00    0.00   clock network delay (ideal)
                  0.00    0.00    0.00 ^ _137_/CLK (sky130_fd_sc_hd__dfxtp_2)
     3    0.02    0.05    0.32    0.32 v _137_/Q (sky130_fd_sc_hd__dfxtp_2)
                                         x1.a (net)
                  0.05    0.00    0.32 v _062_/B (sky130_fd_sc_hd__or2_4)
     2    0.01    0.05    0.24    0.55 v _062_/X (sky130_fd_sc_hd__or2_4)
                                         _014_ (net)
                  0.05    0.00    0.55 v _116_/B (sky130_fd_sc_hd__nand2_2)
     1    0.01    0.07    0.09    0.64 ^ _116_/Y (sky130_fd_sc_hd__nand2_2)
                                         _007_ (net)
                  0.07    0.00    0.64 ^ _117_/B (sky130_fd_sc_hd__xnor2_2)
     1    0.00    0.04    0.05    0.70 v _117_/Y (sky130_fd_sc_hd__xnor2_2)
                                         x1.sum (net)
                  0.04    0.00    0.70 v _170_/D (sky130_fd_sc_hd__dfxtp_2)
                                  0.70   data arrival time

                  0.00    3.00    3.00   clock core_clock (rise edge)
                          0.00    3.00   clock network delay (ideal)
                          0.00    3.00   clock reconvergence pessimism
                                  3.00 ^ _170_/CLK (sky130_fd_sc_hd__dfxtp_2)
                         -0.12    2.88   library setup time
                                  2.88   data required time
-----------------------------------------------------------------------------
                                  2.88   data required time
                                 -0.70   data arrival time
-----------------------------------------------------------------------------
                                  2.18   slack (MET)



worst slack corner Typical: -3.4551
