
===========================================================================
report_checks -unconstrained
===========================================================================
======================= Typical Corner ===================================

Startpoint: _137_ (rising edge-triggered flip-flop clocked by core_clock)
Endpoint: _186_ (rising edge-triggered flip-flop clocked by core_clock)
Path Group: core_clock
Path Type: max

Fanout     Cap    Slew   Delay    Time   Description
-----------------------------------------------------------------------------
                  0.00    0.00    0.00   clock core_clock (rise edge)
                          0.00    0.00   clock network delay (ideal)
                  0.00    0.00    0.00 ^ _137_/CLK (sky130_fd_sc_hd__dfxtp_2)
     3    0.02    0.05    0.32    0.32 v _137_/Q (sky130_fd_sc_hd__dfxtp_2)
                                         x1.a (net)
                  0.05    0.00    0.32 v _062_/B (sky130_fd_sc_hd__or2_4)
     2    0.01    0.05    0.24    0.55 v _062_/X (sky130_fd_sc_hd__or2_4)
                                         _014_ (net)
                  0.05    0.00    0.55 v _064_/A2 (sky130_fd_sc_hd__a21bo_4)
     2    0.01    0.05    0.23    0.78 v _064_/X (sky130_fd_sc_hd__a21bo_4)
                                         _016_ (net)
                  0.05    0.00    0.78 v _066_/B (sky130_fd_sc_hd__xor2_2)
     2    0.01    0.05    0.14    0.93 v _066_/X (sky130_fd_sc_hd__xor2_2)
                                         _018_ (net)
                  0.05    0.00    0.93 v _067_/B (sky130_fd_sc_hd__nand2_2)
     3    0.01    0.08    0.09    1.02 ^ _067_/Y (sky130_fd_sc_hd__nand2_2)
                                         _019_ (net)
                  0.08    0.00    1.02 ^ _068_/C (sky130_fd_sc_hd__nand3b_2)
     2    0.01    0.08    0.09    1.11 v _068_/Y (sky130_fd_sc_hd__nand3b_2)
                                         _020_ (net)
                  0.08    0.00    1.11 v _070_/A2 (sky130_fd_sc_hd__a21o_4)
     2    0.01    0.04    0.23    1.34 v _070_/X (sky130_fd_sc_hd__a21o_4)
                                         _022_ (net)
                  0.04    0.00    1.34 v _077_/A2 (sky130_fd_sc_hd__a21bo_2)
     1    0.00    0.04    0.21    1.55 v _077_/X (sky130_fd_sc_hd__a21bo_2)
                                         _029_ (net)
                  0.04    0.00    1.55 v _078_/B1 (sky130_fd_sc_hd__a21o_4)
     2    0.01    0.04    0.18    1.73 v _078_/X (sky130_fd_sc_hd__a21o_4)
                                         _030_ (net)
                  0.04    0.00    1.73 v _080_/A1 (sky130_fd_sc_hd__a21o_4)
     2    0.01    0.05    0.21    1.94 v _080_/X (sky130_fd_sc_hd__a21o_4)
                                         _032_ (net)
                  0.05    0.00    1.94 v _082_/A2 (sky130_fd_sc_hd__a21oi_4)
     2    0.01    0.13    0.16    2.10 ^ _082_/Y (sky130_fd_sc_hd__a21oi_4)
                                         _034_ (net)
                  0.13    0.00    2.10 ^ _084_/A_N (sky130_fd_sc_hd__and2b_2)
     1    0.00    0.04    0.23    2.34 v _084_/X (sky130_fd_sc_hd__and2b_2)
                                         _036_ (net)
                  0.04    0.00    2.34 v _085_/B1 (sky130_fd_sc_hd__a21oi_2)
     2    0.01    0.16    0.15    2.49 ^ _085_/Y (sky130_fd_sc_hd__a21oi_2)
                                         _037_ (net)
                  0.16    0.00    2.49 ^ _087_/A_N (sky130_fd_sc_hd__and2b_2)
     1    0.00    0.04    0.24    2.73 v _087_/X (sky130_fd_sc_hd__and2b_2)
                                         _039_ (net)
                  0.04    0.00    2.73 v _088_/B1 (sky130_fd_sc_hd__a21oi_2)
     2    0.01    0.16    0.15    2.88 ^ _088_/Y (sky130_fd_sc_hd__a21oi_2)
                                         _040_ (net)
                  0.16    0.00    2.88 ^ _090_/A_N (sky130_fd_sc_hd__and2b_2)
     1    0.00    0.04    0.24    3.12 v _090_/X (sky130_fd_sc_hd__and2b_2)
                                         _042_ (net)
                  0.04    0.00    3.12 v _091_/B1 (sky130_fd_sc_hd__a21o_4)
     2    0.02    0.05    0.20    3.32 v _091_/X (sky130_fd_sc_hd__a21o_4)
                                         _043_ (net)
                  0.05    0.00    3.32 v _092_/B (sky130_fd_sc_hd__xnor2_4)
     2    0.01    0.06    0.14    3.46 v _092_/Y (sky130_fd_sc_hd__xnor2_4)
                                         _044_ (net)
                  0.06    0.00    3.46 v _094_/A2 (sky130_fd_sc_hd__o21a_4)
     2    0.01    0.04    0.21    3.66 v _094_/X (sky130_fd_sc_hd__o21a_4)
                                         _046_ (net)
                  0.04    0.00    3.66 v _095_/B (sky130_fd_sc_hd__xnor2_2)
     2    0.01    0.08    0.15    3.82 v _095_/Y (sky130_fd_sc_hd__xnor2_2)
                                         _047_ (net)
                  0.08    0.00    3.82 v _097_/A2 (sky130_fd_sc_hd__a21oi_2)
     2    0.01    0.16    0.20    4.01 ^ _097_/Y (sky130_fd_sc_hd__a21oi_2)
                                         _049_ (net)
                  0.16    0.00    4.01 ^ _099_/A_N (sky130_fd_sc_hd__and2b_2)
     1    0.00    0.04    0.24    4.25 v _099_/X (sky130_fd_sc_hd__and2b_2)
                                         _051_ (net)
                  0.04    0.00    4.25 v _100_/B1 (sky130_fd_sc_hd__a21oi_2)
     2    0.01    0.16    0.15    4.40 ^ _100_/Y (sky130_fd_sc_hd__a21oi_2)
                                         _052_ (net)
                  0.16    0.00    4.40 ^ _102_/A_N (sky130_fd_sc_hd__and2b_2)
     1    0.00    0.04    0.24    4.64 v _102_/X (sky130_fd_sc_hd__and2b_2)
                                         _054_ (net)
                  0.04    0.00    4.64 v _103_/B1 (sky130_fd_sc_hd__a21o_4)
     2    0.02    0.05    0.20    4.84 v _103_/X (sky130_fd_sc_hd__a21o_4)
                                         _055_ (net)
                  0.05    0.00    4.84 v _104_/B (sky130_fd_sc_hd__xnor2_4)
     2    0.01    0.06    0.13    4.98 v _104_/Y (sky130_fd_sc_hd__xnor2_4)
                                         _056_ (net)
                  0.06    0.00    4.98 v _106_/A2 (sky130_fd_sc_hd__o21a_4)
     2    0.01    0.04    0.21    5.19 v _106_/X (sky130_fd_sc_hd__o21a_4)
                                         _058_ (net)
                  0.04    0.00    5.19 v _107_/B (sky130_fd_sc_hd__xnor2_2)
     2    0.01    0.08    0.15    5.34 v _107_/Y (sky130_fd_sc_hd__xnor2_2)
                                         _059_ (net)
                  0.08    0.00    5.34 v _109_/A2 (sky130_fd_sc_hd__a21oi_2)
     2    0.01    0.16    0.20    5.53 ^ _109_/Y (sky130_fd_sc_hd__a21oi_2)
                                         _001_ (net)
                  0.16    0.00    5.53 ^ _111_/A_N (sky130_fd_sc_hd__and2b_2)
     1    0.00    0.04    0.24    5.77 v _111_/X (sky130_fd_sc_hd__and2b_2)
                                         _003_ (net)
                  0.04    0.00    5.77 v _112_/B1 (sky130_fd_sc_hd__a21oi_2)
     2    0.01    0.17    0.16    5.93 ^ _112_/Y (sky130_fd_sc_hd__a21oi_2)
                                         _004_ (net)
                  0.17    0.00    5.93 ^ _114_/A_N (sky130_fd_sc_hd__and2b_2)
     1    0.00    0.04    0.24    6.17 v _114_/X (sky130_fd_sc_hd__and2b_2)
                                         _006_ (net)
                  0.04    0.00    6.17 v _115_/B1 (sky130_fd_sc_hd__a21o_4)
     1    0.00    0.03    0.17    6.34 v _115_/X (sky130_fd_sc_hd__a21o_4)
                                         x20.out (net)
                  0.03    0.00    6.34 v _186_/D (sky130_fd_sc_hd__dfxtp_2)
                                  6.34   data arrival time

                  0.00    3.00    3.00   clock core_clock (rise edge)
                          0.00    3.00   clock network delay (ideal)
                          0.00    3.00   clock reconvergence pessimism
                                  3.00 ^ _186_/CLK (sky130_fd_sc_hd__dfxtp_2)
                         -0.12    2.88   library setup time
                                  2.88   data required time
-----------------------------------------------------------------------------
                                  2.88   data required time
                                 -6.34   data arrival time
-----------------------------------------------------------------------------
                                 -3.46   slack (VIOLATED)




===========================================================================
report_checks --slack_max -0.01
============================================================================
======================= Typical Corner ===================================

Startpoint: _137_ (rising edge-triggered flip-flop clocked by core_clock)
Endpoint: _186_ (rising edge-triggered flip-flop clocked by core_clock)
Path Group: core_clock
Path Type: max

Fanout     Cap    Slew   Delay    Time   Description
-----------------------------------------------------------------------------
                  0.00    0.00    0.00   clock core_clock (rise edge)
                          0.00    0.00   clock network delay (ideal)
                  0.00    0.00    0.00 ^ _137_/CLK (sky130_fd_sc_hd__dfxtp_2)
     3    0.02    0.05    0.32    0.32 v _137_/Q (sky130_fd_sc_hd__dfxtp_2)
                                         x1.a (net)
                  0.05    0.00    0.32 v _062_/B (sky130_fd_sc_hd__or2_4)
     2    0.01    0.05    0.24    0.55 v _062_/X (sky130_fd_sc_hd__or2_4)
                                         _014_ (net)
                  0.05    0.00    0.55 v _064_/A2 (sky130_fd_sc_hd__a21bo_4)
     2    0.01    0.05    0.23    0.78 v _064_/X (sky130_fd_sc_hd__a21bo_4)
                                         _016_ (net)
                  0.05    0.00    0.78 v _066_/B (sky130_fd_sc_hd__xor2_2)
     2    0.01    0.05    0.14    0.93 v _066_/X (sky130_fd_sc_hd__xor2_2)
                                         _018_ (net)
                  0.05    0.00    0.93 v _067_/B (sky130_fd_sc_hd__nand2_2)
     3    0.01    0.08    0.09    1.02 ^ _067_/Y (sky130_fd_sc_hd__nand2_2)
                                         _019_ (net)
                  0.08    0.00    1.02 ^ _068_/C (sky130_fd_sc_hd__nand3b_2)
     2    0.01    0.08    0.09    1.11 v _068_/Y (sky130_fd_sc_hd__nand3b_2)
                                         _020_ (net)
                  0.08    0.00    1.11 v _070_/A2 (sky130_fd_sc_hd__a21o_4)
     2    0.01    0.04    0.23    1.34 v _070_/X (sky130_fd_sc_hd__a21o_4)
                                         _022_ (net)
                  0.04    0.00    1.34 v _077_/A2 (sky130_fd_sc_hd__a21bo_2)
     1    0.00    0.04    0.21    1.55 v _077_/X (sky130_fd_sc_hd__a21bo_2)
                                         _029_ (net)
                  0.04    0.00    1.55 v _078_/B1 (sky130_fd_sc_hd__a21o_4)
     2    0.01    0.04    0.18    1.73 v _078_/X (sky130_fd_sc_hd__a21o_4)
                                         _030_ (net)
                  0.04    0.00    1.73 v _080_/A1 (sky130_fd_sc_hd__a21o_4)
     2    0.01    0.05    0.21    1.94 v _080_/X (sky130_fd_sc_hd__a21o_4)
                                         _032_ (net)
                  0.05    0.00    1.94 v _082_/A2 (sky130_fd_sc_hd__a21oi_4)
     2    0.01    0.13    0.16    2.10 ^ _082_/Y (sky130_fd_sc_hd__a21oi_4)
                                         _034_ (net)
                  0.13    0.00    2.10 ^ _084_/A_N (sky130_fd_sc_hd__and2b_2)
     1    0.00    0.04    0.23    2.34 v _084_/X (sky130_fd_sc_hd__and2b_2)
                                         _036_ (net)
                  0.04    0.00    2.34 v _085_/B1 (sky130_fd_sc_hd__a21oi_2)
     2    0.01    0.16    0.15    2.49 ^ _085_/Y (sky130_fd_sc_hd__a21oi_2)
                                         _037_ (net)
                  0.16    0.00    2.49 ^ _087_/A_N (sky130_fd_sc_hd__and2b_2)
     1    0.00    0.04    0.24    2.73 v _087_/X (sky130_fd_sc_hd__and2b_2)
                                         _039_ (net)
                  0.04    0.00    2.73 v _088_/B1 (sky130_fd_sc_hd__a21oi_2)
     2    0.01    0.16    0.15    2.88 ^ _088_/Y (sky130_fd_sc_hd__a21oi_2)
                                         _040_ (net)
                  0.16    0.00    2.88 ^ _090_/A_N (sky130_fd_sc_hd__and2b_2)
     1    0.00    0.04    0.24    3.12 v _090_/X (sky130_fd_sc_hd__and2b_2)
                                         _042_ (net)
                  0.04    0.00    3.12 v _091_/B1 (sky130_fd_sc_hd__a21o_4)
     2    0.02    0.05    0.20    3.32 v _091_/X (sky130_fd_sc_hd__a21o_4)
                                         _043_ (net)
                  0.05    0.00    3.32 v _092_/B (sky130_fd_sc_hd__xnor2_4)
     2    0.01    0.06    0.14    3.46 v _092_/Y (sky130_fd_sc_hd__xnor2_4)
                                         _044_ (net)
                  0.06    0.00    3.46 v _094_/A2 (sky130_fd_sc_hd__o21a_4)
     2    0.01    0.04    0.21    3.66 v _094_/X (sky130_fd_sc_hd__o21a_4)
                                         _046_ (net)
                  0.04    0.00    3.66 v _095_/B (sky130_fd_sc_hd__xnor2_2)
     2    0.01    0.08    0.15    3.82 v _095_/Y (sky130_fd_sc_hd__xnor2_2)
                                         _047_ (net)
                  0.08    0.00    3.82 v _097_/A2 (sky130_fd_sc_hd__a21oi_2)
     2    0.01    0.16    0.20    4.01 ^ _097_/Y (sky130_fd_sc_hd__a21oi_2)
                                         _049_ (net)
                  0.16    0.00    4.01 ^ _099_/A_N (sky130_fd_sc_hd__and2b_2)
     1    0.00    0.04    0.24    4.25 v _099_/X (sky130_fd_sc_hd__and2b_2)
                                         _051_ (net)
                  0.04    0.00    4.25 v _100_/B1 (sky130_fd_sc_hd__a21oi_2)
     2    0.01    0.16    0.15    4.40 ^ _100_/Y (sky130_fd_sc_hd__a21oi_2)
                                         _052_ (net)
                  0.16    0.00    4.40 ^ _102_/A_N (sky130_fd_sc_hd__and2b_2)
     1    0.00    0.04    0.24    4.64 v _102_/X (sky130_fd_sc_hd__and2b_2)
                                         _054_ (net)
                  0.04    0.00    4.64 v _103_/B1 (sky130_fd_sc_hd__a21o_4)
     2    0.02    0.05    0.20    4.84 v _103_/X (sky130_fd_sc_hd__a21o_4)
                                         _055_ (net)
                  0.05    0.00    4.84 v _104_/B (sky130_fd_sc_hd__xnor2_4)
     2    0.01    0.06    0.13    4.98 v _104_/Y (sky130_fd_sc_hd__xnor2_4)
                                         _056_ (net)
                  0.06    0.00    4.98 v _106_/A2 (sky130_fd_sc_hd__o21a_4)
     2    0.01    0.04    0.21    5.19 v _106_/X (sky130_fd_sc_hd__o21a_4)
                                         _058_ (net)
                  0.04    0.00    5.19 v _107_/B (sky130_fd_sc_hd__xnor2_2)
     2    0.01    0.08    0.15    5.34 v _107_/Y (sky130_fd_sc_hd__xnor2_2)
                                         _059_ (net)
                  0.08    0.00    5.34 v _109_/A2 (sky130_fd_sc_hd__a21oi_2)
     2    0.01    0.16    0.20    5.53 ^ _109_/Y (sky130_fd_sc_hd__a21oi_2)
                                         _001_ (net)
                  0.16    0.00    5.53 ^ _111_/A_N (sky130_fd_sc_hd__and2b_2)
     1    0.00    0.04    0.24    5.77 v _111_/X (sky130_fd_sc_hd__and2b_2)
                                         _003_ (net)
                  0.04    0.00    5.77 v _112_/B1 (sky130_fd_sc_hd__a21oi_2)
     2    0.01    0.17    0.16    5.93 ^ _112_/Y (sky130_fd_sc_hd__a21oi_2)
                                         _004_ (net)
                  0.17    0.00    5.93 ^ _114_/A_N (sky130_fd_sc_hd__and2b_2)
     1    0.00    0.04    0.24    6.17 v _114_/X (sky130_fd_sc_hd__and2b_2)
                                         _006_ (net)
                  0.04    0.00    6.17 v _115_/B1 (sky130_fd_sc_hd__a21o_4)
     1    0.00    0.03    0.17    6.34 v _115_/X (sky130_fd_sc_hd__a21o_4)
                                         x20.out (net)
                  0.03    0.00    6.34 v _186_/D (sky130_fd_sc_hd__dfxtp_2)
                                  6.34   data arrival time

                  0.00    3.00    3.00   clock core_clock (rise edge)
                          0.00    3.00   clock network delay (ideal)
                          0.00    3.00   clock reconvergence pessimism
                                  3.00 ^ _186_/CLK (sky130_fd_sc_hd__dfxtp_2)
                         -0.12    2.88   library setup time
                                  2.88   data required time
-----------------------------------------------------------------------------
                                  2.88   data required time
                                 -6.34   data arrival time
-----------------------------------------------------------------------------
                                 -3.46   slack (VIOLATED)




===========================================================================
 report_check_types -max_slew -max_cap -max_fanout -violators
============================================================================
======================= Typical Corner ===================================


max slew violations count Typical: 0
max fanout violations count Typical: 0
max cap violations count Typical: 0

===========================================================================
report_parasitic_annotation -report_unannotated
============================================================================
Found 1 unannotated drivers.
 clk
Found 0 partially unannotated drivers.

===========================================================================
max slew violation count 0
max fanout violation count 0
max cap violation count 0
============================================================================

===========================================================================
check_setup -verbose -unconstrained_endpoints -multiple_clock -no_clock -no_input_delay -loops -generated_clocks
===========================================================================
Warning: There are 33 input ports missing set_input_delay.
  a1
  a10
  a11
  a12
  a13
  a14
  a15
  a16
  a2
  a3
  a4
  a5
  a6
  a7
  a8
  a9
  b1
  b10
  b11
  b12
  b13
  b14
  b15
  b16
  b2
  b3
  b4
  b5
  b6
  b7
  b8
  b9
  cin
Warning: There are 50 unconstrained endpoints.
  cout
  s1
  s10
  s11
  s12
  s13
  s14
  s15
  s16
  s2
  s3
  s4
  s5
  s6
  s7
  s8
  s9
  _137_/D
  _138_/D
  _139_/D
  _140_/D
  _141_/D
  _142_/D
  _143_/D
  _144_/D
  _145_/D
  _146_/D
  _147_/D
  _148_/D
  _149_/D
  _150_/D
  _151_/D
  _152_/D
  _153_/D
  _154_/D
  _155_/D
  _156_/D
  _157_/D
  _158_/D
  _159_/D
  _160_/D
  _161_/D
  _162_/D
  _163_/D
  _164_/D
  _165_/D
  _166_/D
  _167_/D
  _168_/D
  _169_/D
