Instance,Terminal,Layer,X location,Y location,Voltage
FILLER_0_23_141,VPWR,li1,70.8400,73.4400,1.799954
FILLER_0_23_131,VPWR,li1,66.4700,73.4400,1.799954
FILLER_0_23_127,VPWR,li1,64.1700,73.4400,1.799961
FILLER_0_23_121,VPWR,li1,62.5600,73.4400,1.799959
FILLER_0_23_117,VPWR,li1,59.5700,73.4400,1.799955
FILLER_0_23_113,VPWR,li1,58.4200,73.4400,1.799955
FILLER_0_23_111,VPWR,li1,56.8100,73.4400,1.799952
FILLER_0_23_107,VPWR,li1,54.9700,73.4400,1.799957
FILLER_0_23_101,VPWR,li1,53.3600,73.4400,1.799957
FILLER_0_23_97,VPWR,li1,50.3700,73.4400,1.799962
FILLER_0_23_91,VPWR,li1,48.7600,73.4400,1.799968
FILLER_0_23_85,VPWR,li1,45.3100,73.4400,1.799966
FILLER_0_23_81,VPWR,li1,43.4700,73.4400,1.799964
FILLER_0_23_77,VPWR,li1,41.1700,73.4400,1.799959
FILLER_0_23_71,VPWR,li1,39.5600,73.4400,1.799959
FILLER_0_23_67,VPWR,li1,36.5700,73.4400,1.799954
FILLER_0_23_61,VPWR,li1,34.9600,73.4400,1.799954
FILLER_0_23_57,VPWR,li1,31.9700,73.4400,1.799961
FILLER_0_23_55,VPWR,li1,31.0500,73.4400,1.799961
FILLER_0_23_51,VPWR,li1,29.9000,73.4400,1.799957
FILLER_0_23_47,VPWR,li1,27.3700,73.4400,1.799952
FILLER_0_23_41,VPWR,li1,25.7600,73.4400,1.799952
FILLER_0_23_32,VPWR,li1,21.6200,73.4400,1.799943
FILLER_0_23_24,VPWR,li1,17.4800,73.4400,1.799950
FILLER_0_23_17,VPWR,li1,13.5700,73.4400,1.799953
FILLER_0_23_6,VPWR,li1,8.7400,73.4400,1.799944
FILLER_0_22_141,VPWR,li1,70.8400,73.4400,1.799954
FILLER_0_22_123,VPWR,li1,62.3300,73.4400,1.799959
FILLER_0_22_117,VPWR,li1,60.7200,73.4400,1.799957
FILLER_0_22_97,VPWR,li1,51.0600,73.4400,1.799962
FILLER_0_22_85,VPWR,li1,47.3800,73.4400,1.799968
FILLER_0_22_82,VPWR,li1,43.7000,73.4400,1.799964
FILLER_0_22_74,VPWR,li1,41.4000,73.4400,1.799961
FILLER_0_22_57,VPWR,li1,31.9700,73.4400,1.799961
FILLER_0_22_45,VPWR,li1,28.9800,73.4400,1.799957
FILLER_0_22_20,VPWR,li1,16.5600,73.4400,1.799950
FILLER_0_22_3,VPWR,li1,7.1300,73.4400,1.799943
FILLER_0_21_137,VPWR,li1,69.2300,68.0000,1.799932
FILLER_0_21_129,VPWR,li1,66.7000,68.0000,1.799932
FILLER_0_21_111,VPWR,li1,56.8100,68.0000,1.799913
FILLER_0_21_99,VPWR,li1,53.8200,68.0000,1.799911
FILLER_0_21_65,VPWR,li1,35.8800,68.0000,1.799894
FILLER_0_21_57,VPWR,li1,33.5800,68.0000,1.799900
FILLER_0_21_37,VPWR,li1,23.2300,68.0000,1.799890
FILLER_0_21_25,VPWR,li1,19.7800,68.0000,1.799899
FILLER_0_21_6,VPWR,li1,8.7400,68.0000,1.799905
FILLER_0_20_141,VPWR,li1,70.8400,68.0000,1.799932
FILLER_0_20_136,VPWR,li1,69.0000,68.0000,1.799932
FILLER_0_20_117,VPWR,li1,60.0300,68.0000,1.799916
FILLER_0_20_105,VPWR,li1,56.5800,68.0000,1.799913
FILLER_0_20_85,VPWR,li1,45.5400,68.0000,1.799907
FILLER_0_20_82,VPWR,li1,43.7000,68.0000,1.799901
FILLER_0_20_49,VPWR,li1,28.2900,68.0000,1.799894
FILLER_0_20_45,VPWR,li1,27.1400,68.0000,1.799894
FILLER_0_20_20,VPWR,li1,16.5600,68.0000,1.799904
FILLER_0_20_3,VPWR,li1,7.1300,68.0000,1.799905
FILLER_0_19_141,VPWR,li1,70.8400,62.5600,1.799963
FILLER_0_19_113,VPWR,li1,60.2600,62.5600,1.799972
FILLER_0_19_111,VPWR,li1,56.8100,62.5600,1.799974
FILLER_0_19_105,VPWR,li1,55.2000,62.5600,1.799975
FILLER_0_19_93,VPWR,li1,51.0600,62.5600,1.799979
FILLER_0_19_81,VPWR,li1,45.5400,62.5600,1.799982
FILLER_0_19_69,VPWR,li1,40.0200,62.5600,1.799978
FILLER_0_19_57,VPWR,li1,34.5000,62.5600,1.799977
FILLER_0_19_54,VPWR,li1,30.8200,62.5600,1.799975
FILLER_0_19_36,VPWR,li1,22.3100,62.5600,1.799961
FILLER_0_19_32,VPWR,li1,21.1600,62.5600,1.799961
FILLER_0_19_20,VPWR,li1,17.4800,62.5600,1.799956
FILLER_0_19_3,VPWR,li1,7.1300,62.5600,1.799943
FILLER_0_18_141,VPWR,li1,70.8400,62.5600,1.799963
FILLER_0_18_131,VPWR,li1,67.1600,62.5600,1.799963
FILLER_0_18_116,VPWR,li1,59.8000,62.5600,1.799972
FILLER_0_18_97,VPWR,li1,51.5200,62.5600,1.799979
FILLER_0_18_85,VPWR,li1,47.3800,62.5600,1.799983
FILLER_0_18_83,VPWR,li1,43.9300,62.5600,1.799981
FILLER_0_18_79,VPWR,li1,42.7800,62.5600,1.799981
FILLER_0_18_70,VPWR,li1,38.4100,62.5600,1.799978
FILLER_0_18_58,VPWR,li1,34.9600,62.5600,1.799977
FILLER_0_18_44,VPWR,li1,26.2200,62.5600,1.799969
FILLER_0_18_29,VPWR,li1,21.6200,62.5600,1.799961
FILLER_0_18_24,VPWR,li1,17.4800,62.5600,1.799956
FILLER_0_18_6,VPWR,li1,8.7400,62.5600,1.799944
FILLER_0_17_142,VPWR,li1,71.0700,57.1200,1.799881
FILLER_0_17_100,VPWR,li1,51.7500,57.1200,1.799855
FILLER_0_17_92,VPWR,li1,48.7600,57.1200,1.799901
FILLER_0_17_81,VPWR,li1,43.0100,57.1200,1.799913
FILLER_0_17_64,VPWR,li1,35.1900,57.1200,1.799935
FILLER_0_17_57,VPWR,li1,32.2000,57.1200,1.799951
FILLER_0_17_54,VPWR,li1,30.8200,57.1200,1.799951
FILLER_0_17_34,VPWR,li1,23.9200,57.1200,1.799943
FILLER_0_17_6,VPWR,li1,11.0400,57.1200,1.799934
FILLER_0_16_141,VPWR,li1,70.8400,57.1200,1.799881
FILLER_0_16_94,VPWR,li1,49.2200,57.1200,1.799876
FILLER_0_16_85,VPWR,li1,44.8500,57.1200,1.799907
FILLER_0_16_83,VPWR,li1,43.9300,57.1200,1.799913
FILLER_0_16_72,VPWR,li1,39.1000,57.1200,1.799922
FILLER_0_16_63,VPWR,li1,34.7300,57.1200,1.799941
FILLER_0_16_56,VPWR,li1,31.7400,57.1200,1.799951
FILLER_0_16_49,VPWR,li1,28.2900,57.1200,1.799947
FILLER_0_16_41,VPWR,li1,26.2200,57.1200,1.799945
FILLER_0_16_29,VPWR,li1,21.6200,57.1200,1.799941
FILLER_0_16_22,VPWR,li1,17.0200,57.1200,1.799937
FILLER_0_15_140,VPWR,li1,70.6100,51.6800,1.799966
FILLER_0_15_77,VPWR,li1,42.7800,51.6800,1.799919
FILLER_0_15_57,VPWR,li1,33.5800,51.6800,1.799878
FILLER_0_15_21,VPWR,li1,17.9400,51.6800,1.799869
FILLER_0_15_3,VPWR,li1,7.3600,51.6800,1.799890
FILLER_0_14_141,VPWR,li1,70.8400,51.6800,1.799966
FILLER_0_14_127,VPWR,li1,65.7800,51.6800,1.799967
FILLER_0_14_115,VPWR,li1,61.1800,51.6800,1.799958
FILLER_0_14_90,VPWR,li1,49.6800,51.6800,1.799940
FILLER_0_14_85,VPWR,li1,44.8500,51.6800,1.799930
FILLER_0_14_82,VPWR,li1,43.7000,51.6800,1.799919
FILLER_0_14_71,VPWR,li1,39.1000,51.6800,1.799904
FILLER_0_14_64,VPWR,li1,35.4200,51.6800,1.799889
FILLER_0_14_37,VPWR,li1,22.7700,51.6800,1.799836
FILLER_0_14_29,VPWR,li1,20.7000,51.6800,1.799850
FILLER_0_14_24,VPWR,li1,17.4800,51.6800,1.799884
FILLER_0_14_3,VPWR,li1,7.3600,51.6800,1.799890
FILLER_0_13_137,VPWR,li1,69.9200,46.2400,1.799992
FILLER_0_13_125,VPWR,li1,65.7800,46.2400,1.799992
FILLER_0_13_113,VPWR,li1,60.2600,46.2400,1.799989
FILLER_0_13_111,VPWR,li1,56.8100,46.2400,1.799986
FILLER_0_13_107,VPWR,li1,55.6600,46.2400,1.799986
FILLER_0_13_101,VPWR,li1,52.4400,46.2400,1.799984
FILLER_0_13_89,VPWR,li1,49.2200,46.2400,1.799984
FILLER_0_13_77,VPWR,li1,43.7000,46.2400,1.799983
FILLER_0_13_65,VPWR,li1,38.1800,46.2400,1.799979
FILLER_0_13_55,VPWR,li1,31.0500,46.2400,1.799979
FILLER_0_13_44,VPWR,li1,26.4500,46.2400,1.799972
FILLER_0_13_28,VPWR,li1,18.8600,46.2400,1.799966
FILLER_0_13_20,VPWR,li1,16.5600,46.2400,1.799966
FILLER_0_13_3,VPWR,li1,7.1300,46.2400,1.799958
FILLER_0_12_141,VPWR,li1,70.8400,46.2400,1.799992
FILLER_0_12_137,VPWR,li1,69.2300,46.2400,1.799992
FILLER_0_12_129,VPWR,li1,66.7000,46.2400,1.799992
FILLER_0_12_117,VPWR,li1,62.1000,46.2400,1.799991
FILLER_0_12_102,VPWR,li1,52.6700,46.2400,1.799984
FILLER_0_12_85,VPWR,li1,46.0000,46.2400,1.799986
FILLER_0_12_24,VPWR,li1,16.7900,46.2400,1.799966
FILLER_0_12_20,VPWR,li1,15.6400,46.2400,1.799966
FILLER_0_12_3,VPWR,li1,7.1300,46.2400,1.799958
FILLER_0_11_141,VPWR,li1,70.8400,40.8000,1.799896
FILLER_0_11_113,VPWR,li1,60.2600,40.8000,1.799895
FILLER_0_11_110,VPWR,li1,56.5800,40.8000,1.799879
FILLER_0_11_93,VPWR,li1,48.5300,40.8000,1.799862
FILLER_0_11_57,VPWR,li1,31.9700,40.8000,1.799906
FILLER_0_11_55,VPWR,li1,31.0500,40.8000,1.799906
FILLER_0_11_32,VPWR,li1,20.4700,40.8000,1.799939
FILLER_0_11_21,VPWR,li1,15.4100,40.8000,1.799958
FILLER_0_11_9,VPWR,li1,12.4200,40.8000,1.799957
FILLER_0_10_141,VPWR,li1,70.8400,40.8000,1.799896
FILLER_0_10_123,VPWR,li1,62.3300,40.8000,1.799902
FILLER_0_10_119,VPWR,li1,61.1800,40.8000,1.799895
FILLER_0_10_107,VPWR,li1,57.5000,40.8000,1.799886
FILLER_0_10_85,VPWR,li1,44.8500,40.8000,1.799817
FILLER_0_10_81,VPWR,li1,43.4700,40.8000,1.799828
FILLER_0_10_58,VPWR,li1,32.6600,40.8000,1.799906
FILLER_0_10_33,VPWR,li1,20.9300,40.8000,1.799939
FILLER_0_10_6,VPWR,li1,11.0400,40.8000,1.799957
FILLER_0_9_141,VPWR,li1,70.8400,35.3600,1.799850
FILLER_0_9_113,VPWR,li1,60.2600,35.3600,1.799811
FILLER_0_9_104,VPWR,li1,55.2000,35.3600,1.799797
FILLER_0_9_81,VPWR,li1,43.0100,35.3600,1.799863
FILLER_0_9_73,VPWR,li1,40.9400,35.3600,1.799859
FILLER_0_9_20,VPWR,li1,15.4100,35.3600,1.799880
FILLER_0_9_3,VPWR,li1,7.1300,35.3600,1.799863
FILLER_0_8_141,VPWR,li1,70.8400,35.3600,1.799850
FILLER_0_8_139,VPWR,li1,69.6900,35.3600,1.799850
FILLER_0_8_135,VPWR,li1,68.5400,35.3600,1.799850
FILLER_0_8_123,VPWR,li1,64.8600,35.3600,1.799857
FILLER_0_8_97,VPWR,li1,51.5200,35.3600,1.799833
FILLER_0_8_83,VPWR,li1,43.9300,35.3600,1.799863
FILLER_0_8_77,VPWR,li1,42.3200,35.3600,1.799863
FILLER_0_8_36,VPWR,li1,22.3100,35.3600,1.799836
FILLER_0_8_21,VPWR,li1,15.6400,35.3600,1.799870
FILLER_0_8_3,VPWR,li1,7.1300,35.3600,1.799863
FILLER_0_7_142,VPWR,li1,71.0700,29.9200,1.799957
FILLER_0_7_134,VPWR,li1,69.0000,29.9200,1.799957
FILLER_0_7_117,VPWR,li1,59.5700,29.9200,1.799950
FILLER_0_7_113,VPWR,li1,58.4200,29.9200,1.799950
FILLER_0_7_110,VPWR,li1,56.5800,29.9200,1.799947
FILLER_0_7_101,VPWR,li1,52.4400,29.9200,1.799945
FILLER_0_7_93,VPWR,li1,50.1400,29.9200,1.799945
FILLER_0_7_62,VPWR,li1,34.7300,29.9200,1.799888
FILLER_0_7_57,VPWR,li1,32.2000,29.9200,1.799873
FILLER_0_7_3,VPWR,li1,7.1300,29.9200,1.799881
FILLER_0_6_141,VPWR,li1,70.8400,29.9200,1.799957
FILLER_0_6_139,VPWR,li1,69.6900,29.9200,1.799957
FILLER_0_6_133,VPWR,li1,68.0800,29.9200,1.799957
FILLER_0_6_121,VPWR,li1,63.9400,29.9200,1.799957
FILLER_0_6_109,VPWR,li1,58.4200,29.9200,1.799950
FILLER_0_6_97,VPWR,li1,52.9000,29.9200,1.799945
FILLER_0_6_85,VPWR,li1,47.3800,29.9200,1.799945
FILLER_0_6_71,VPWR,li1,38.4100,29.9200,1.799898
FILLER_0_6_58,VPWR,li1,32.4300,29.9200,1.799879
FILLER_0_6_38,VPWR,li1,23.2300,29.9200,1.799830
FILLER_0_6_9,VPWR,li1,11.5000,29.9200,1.799883
FILLER_0_5_137,VPWR,li1,69.9200,24.4800,1.799998
FILLER_0_5_125,VPWR,li1,65.7800,24.4800,1.799998
FILLER_0_5_113,VPWR,li1,60.2600,24.4800,1.799997
FILLER_0_5_110,VPWR,li1,56.5800,24.4800,1.799996
FILLER_0_5_98,VPWR,li1,53.3600,24.4800,1.799995
FILLER_0_5_86,VPWR,li1,47.8400,24.4800,1.799994
FILLER_0_5_74,VPWR,li1,42.3200,24.4800,1.799989
FILLER_0_5_55,VPWR,li1,31.0500,24.4800,1.799982
FILLER_0_5_44,VPWR,li1,26.6800,24.4800,1.799977
FILLER_0_5_28,VPWR,li1,19.0900,24.4800,1.799968
FILLER_0_5_14,VPWR,li1,12.6500,24.4800,1.799965
FILLER_0_5_6,VPWR,li1,10.1200,24.4800,1.799956
FILLER_0_4_141,VPWR,li1,70.8400,24.4800,1.799998
FILLER_0_4_139,VPWR,li1,69.6900,24.4800,1.799998
FILLER_0_4_133,VPWR,li1,68.0800,24.4800,1.799998
FILLER_0_4_121,VPWR,li1,63.9400,24.4800,1.799998
FILLER_0_4_109,VPWR,li1,58.4200,24.4800,1.799996
FILLER_0_4_97,VPWR,li1,52.9000,24.4800,1.799995
FILLER_0_4_85,VPWR,li1,47.3800,24.4800,1.799994
FILLER_0_4_80,VPWR,li1,43.2400,24.4800,1.799989
FILLER_0_4_68,VPWR,li1,39.5600,24.4800,1.799986
FILLER_0_4_56,VPWR,li1,34.0400,24.4800,1.799982
FILLER_0_4_29,VPWR,li1,19.7800,24.4800,1.799968
FILLER_0_4_3,VPWR,li1,7.1300,24.4800,1.799956
FILLER_0_3_137,VPWR,li1,69.9200,19.0400,1.799950
FILLER_0_3_125,VPWR,li1,65.7800,19.0400,1.799950
FILLER_0_3_113,VPWR,li1,60.2600,19.0400,1.799932
FILLER_0_3_110,VPWR,li1,56.5800,19.0400,1.799914
FILLER_0_3_90,VPWR,li1,47.8400,19.0400,1.799918
FILLER_0_3_73,VPWR,li1,39.3300,19.0400,1.799902
FILLER_0_3_69,VPWR,li1,38.1800,19.0400,1.799902
FILLER_0_3_57,VPWR,li1,34.5000,19.0400,1.799909
FILLER_0_3_53,VPWR,li1,30.5900,19.0400,1.799916
FILLER_0_3_45,VPWR,li1,28.0600,19.0400,1.799906
FILLER_0_3_28,VPWR,li1,18.6300,19.0400,1.799897
FILLER_0_3_3,VPWR,li1,7.1300,19.0400,1.799900
FILLER_0_2_141,VPWR,li1,70.8400,19.0400,1.799950
FILLER_0_2_139,VPWR,li1,69.6900,19.0400,1.799950
FILLER_0_2_133,VPWR,li1,68.0800,19.0400,1.799950
FILLER_0_2_121,VPWR,li1,63.9400,19.0400,1.799950
FILLER_0_2_85,VPWR,li1,45.5400,19.0400,1.799910
FILLER_0_2_66,VPWR,li1,36.3400,19.0400,1.799905
FILLER_0_2_33,VPWR,li1,20.9300,19.0400,1.799892
FILLER_0_2_29,VPWR,li1,19.7800,19.0400,1.799897
FILLER_0_1_141,VPWR,li1,70.8400,13.6000,1.799971
FILLER_0_1_129,VPWR,li1,67.6200,13.6000,1.799971
FILLER_0_1_109,VPWR,li1,56.3500,13.6000,1.799957
FILLER_0_1_97,VPWR,li1,52.9000,13.6000,1.799958
FILLER_0_1_80,VPWR,li1,42.5500,13.6000,1.799945
FILLER_0_1_76,VPWR,li1,41.4000,13.6000,1.799945
FILLER_0_1_57,VPWR,li1,32.4300,13.6000,1.799948
FILLER_0_1_53,VPWR,li1,30.5900,13.6000,1.799951
FILLER_0_1_34,VPWR,li1,21.8500,13.6000,1.799936
FILLER_0_1_26,VPWR,li1,19.3200,13.6000,1.799937
FILLER_0_1_3,VPWR,li1,7.1300,13.6000,1.799918
FILLER_0_0_141,VPWR,li1,70.8400,13.6000,1.799971
FILLER_0_0_131,VPWR,li1,66.4700,13.6000,1.799971
FILLER_0_0_127,VPWR,li1,64.1700,13.6000,1.799966
FILLER_0_0_121,VPWR,li1,62.5600,13.6000,1.799966
FILLER_0_0_117,VPWR,li1,59.5700,13.6000,1.799957
FILLER_0_0_113,VPWR,li1,58.4200,13.6000,1.799957
FILLER_0_0_111,VPWR,li1,56.8100,13.6000,1.799957
FILLER_0_0_107,VPWR,li1,54.9700,13.6000,1.799957
FILLER_0_0_101,VPWR,li1,53.3600,13.6000,1.799958
FILLER_0_0_97,VPWR,li1,50.3700,13.6000,1.799958
FILLER_0_0_91,VPWR,li1,48.7600,13.6000,1.799958
FILLER_0_0_85,VPWR,li1,45.3100,13.6000,1.799950
FILLER_0_0_81,VPWR,li1,43.4700,13.6000,1.799948
FILLER_0_0_77,VPWR,li1,41.1700,13.6000,1.799945
FILLER_0_0_71,VPWR,li1,39.5600,13.6000,1.799943
FILLER_0_0_67,VPWR,li1,36.5700,13.6000,1.799943
FILLER_0_0_61,VPWR,li1,34.9600,13.6000,1.799943
FILLER_0_0_57,VPWR,li1,31.9700,13.6000,1.799951
FILLER_0_0_55,VPWR,li1,31.0500,13.6000,1.799951
FILLER_0_0_51,VPWR,li1,29.9000,13.6000,1.799944
FILLER_0_0_47,VPWR,li1,27.3700,13.6000,1.799936
FILLER_0_0_41,VPWR,li1,25.7600,13.6000,1.799936
FILLER_0_0_32,VPWR,li1,21.6200,13.6000,1.799936
FILLER_0_0_27,VPWR,li1,18.1700,13.6000,1.799937
FILLER_0_0_6,VPWR,li1,8.5100,13.6000,1.799918
rebuffer11,VPWR,li1,26.6800,40.8000,1.799925
rebuffer10,VPWR,li1,22.7700,40.8000,1.799932
rebuffer9,VPWR,li1,35.4200,40.8000,1.799871
rebuffer8,VPWR,li1,14.2600,29.9200,1.799891
rebuffer7,VPWR,li1,21.8500,46.2400,1.799966
rebuffer6,VPWR,li1,20.4700,35.3600,1.799845
rebuffer5,VPWR,li1,23.0000,24.4800,1.799971
rebuffer4,VPWR,li1,30.5900,29.9200,1.799873
rebuffer3,VPWR,li1,27.6000,35.3600,1.799813
rebuffer2,VPWR,li1,30.5900,40.8000,1.799921
rebuffer1,VPWR,li1,28.9800,46.2400,1.799976
clkload2,VPWR,li1,54.0500,51.6800,1.799941
clkload1,VPWR,li1,54.5100,29.9200,1.799944
clkload0,VPWR,li1,28.0600,35.3600,1.799813
clkbuf_2_3__f_clk,VPWR,li1,57.0400,57.1200,1.799805
clkbuf_2_2__f_clk,VPWR,li1,57.5000,35.3600,1.799777
clkbuf_2_1__f_clk,VPWR,li1,26.6800,51.6800,1.799811
clkbuf_2_0__f_clk,VPWR,li1,26.6800,29.9200,1.799810
clkbuf_0_clk,VPWR,li1,43.7000,40.8000,1.799817
output50,VPWR,li1,7.5900,40.8000,1.799956
output49,VPWR,li1,8.9700,40.8000,1.799956
output48,VPWR,li1,7.5900,40.8000,1.799956
output47,VPWR,li1,7.5900,29.9200,1.799881
output46,VPWR,li1,8.9700,29.9200,1.799882
output45,VPWR,li1,7.5900,24.4800,1.799956
output44,VPWR,li1,7.5900,13.6000,1.799918
output43,VPWR,li1,7.5900,19.0400,1.799900
output42,VPWR,li1,11.2700,73.4400,1.799944
output41,VPWR,li1,7.5900,73.4400,1.799943
output40,VPWR,li1,7.5900,68.0000,1.799905
output39,VPWR,li1,7.5900,62.5600,1.799943
output38,VPWR,li1,7.5900,57.1200,1.799934
output37,VPWR,li1,7.5900,57.1200,1.799934
output36,VPWR,li1,15.8700,51.6800,1.799884
output35,VPWR,li1,8.9700,19.0400,1.799901
output34,VPWR,li1,15.8700,73.4400,1.799950
input33,VPWR,li1,70.6100,68.0000,1.799932
input32,VPWR,li1,42.0900,13.6000,1.799945
input31,VPWR,li1,37.4900,13.6000,1.799940
input30,VPWR,li1,32.8900,13.6000,1.799948
input29,VPWR,li1,28.2900,13.6000,1.799944
input28,VPWR,li1,23.6900,13.6000,1.799936
input27,VPWR,li1,19.5500,13.6000,1.799937
input26,VPWR,li1,17.2500,13.6000,1.799937
input25,VPWR,li1,16.7900,13.6000,1.799937
input24,VPWR,li1,67.8500,13.6000,1.799971
input23,VPWR,li1,69.2300,13.6000,1.799971
input22,VPWR,li1,65.0900,13.6000,1.799971
input21,VPWR,li1,60.4900,13.6000,1.799957
input20,VPWR,li1,55.8900,13.6000,1.799957
input19,VPWR,li1,51.2900,13.6000,1.799958
input18,VPWR,li1,46.6900,13.6000,1.799950
input17,VPWR,li1,15.4100,13.6000,1.799937
input16,VPWR,li1,42.0900,73.4400,1.799961
input15,VPWR,li1,37.4900,73.4400,1.799957
input14,VPWR,li1,32.8900,73.4400,1.799957
input13,VPWR,li1,28.2900,73.4400,1.799957
input12,VPWR,li1,23.6900,73.4400,1.799947
input11,VPWR,li1,19.5500,73.4400,1.799947
input10,VPWR,li1,14.4900,73.4400,1.799953
input9,VPWR,li1,9.8900,73.4400,1.799944
input8,VPWR,li1,67.8500,73.4400,1.799954
input7,VPWR,li1,69.2300,73.4400,1.799954
input6,VPWR,li1,65.0900,73.4400,1.799961
input5,VPWR,li1,60.4900,73.4400,1.799957
input4,VPWR,li1,55.8900,73.4400,1.799952
input3,VPWR,li1,51.2900,73.4400,1.799962
input2,VPWR,li1,46.6900,73.4400,1.799966
input1,VPWR,li1,12.6500,73.4400,1.799944
TAP_TAPCELL_ROW_23_112,VPWR,li1,70.1500,73.7460,1.799954
TAP_TAPCELL_ROW_23_111,VPWR,li1,57.2700,73.7460,1.799952
TAP_TAPCELL_ROW_23_110,VPWR,li1,44.3900,73.7460,1.799964
TAP_TAPCELL_ROW_23_109,VPWR,li1,31.5100,73.7460,1.799961
TAP_TAPCELL_ROW_23_108,VPWR,li1,18.6300,73.7460,1.799947
TAP_TAPCELL_ROW_22_107,VPWR,li1,70.1500,73.1330,1.799954
TAP_TAPCELL_ROW_22_106,VPWR,li1,44.3900,73.1330,1.799964
TAP_TAPCELL_ROW_22_105,VPWR,li1,18.6300,73.1330,1.799947
TAP_TAPCELL_ROW_21_104,VPWR,li1,57.2700,68.3060,1.799913
TAP_TAPCELL_ROW_21_103,VPWR,li1,31.5100,68.3060,1.799907
TAP_TAPCELL_ROW_20_102,VPWR,li1,70.1500,67.6930,1.799932
TAP_TAPCELL_ROW_20_101,VPWR,li1,44.3900,67.6930,1.799901
TAP_TAPCELL_ROW_20_100,VPWR,li1,18.6300,67.6930,1.799899
TAP_TAPCELL_ROW_19_99,VPWR,li1,57.2700,62.8660,1.799974
TAP_TAPCELL_ROW_19_98,VPWR,li1,31.5100,62.8660,1.799976
TAP_TAPCELL_ROW_18_97,VPWR,li1,70.1500,62.2530,1.799963
TAP_TAPCELL_ROW_18_96,VPWR,li1,44.3900,62.2530,1.799981
TAP_TAPCELL_ROW_18_95,VPWR,li1,18.6300,62.2530,1.799956
TAP_TAPCELL_ROW_17_94,VPWR,li1,57.2700,57.4260,1.799824
TAP_TAPCELL_ROW_17_93,VPWR,li1,31.5100,57.4260,1.799951
TAP_TAPCELL_ROW_16_92,VPWR,li1,70.1500,56.8130,1.799881
TAP_TAPCELL_ROW_16_91,VPWR,li1,44.3900,56.8130,1.799907
TAP_TAPCELL_ROW_16_90,VPWR,li1,18.6300,56.8130,1.799937
TAP_TAPCELL_ROW_15_89,VPWR,li1,57.2700,51.9860,1.799946
TAP_TAPCELL_ROW_15_88,VPWR,li1,31.5100,51.9860,1.799870
TAP_TAPCELL_ROW_14_87,VPWR,li1,70.1500,51.3730,1.799966
TAP_TAPCELL_ROW_14_86,VPWR,li1,44.3900,51.3730,1.799930
TAP_TAPCELL_ROW_14_85,VPWR,li1,18.6300,51.3730,1.799869
TAP_TAPCELL_ROW_13_84,VPWR,li1,57.2700,46.5460,1.799986
TAP_TAPCELL_ROW_13_83,VPWR,li1,31.5100,46.5460,1.799979
TAP_TAPCELL_ROW_12_82,VPWR,li1,70.1500,45.9330,1.799992
TAP_TAPCELL_ROW_12_81,VPWR,li1,44.3900,45.9330,1.799983
TAP_TAPCELL_ROW_12_80,VPWR,li1,18.6300,45.9330,1.799966
TAP_TAPCELL_ROW_11_79,VPWR,li1,57.2700,41.1060,1.799886
TAP_TAPCELL_ROW_11_78,VPWR,li1,31.5100,41.1060,1.799906
TAP_TAPCELL_ROW_10_77,VPWR,li1,70.1500,40.4930,1.799896
TAP_TAPCELL_ROW_10_76,VPWR,li1,44.3900,40.4930,1.799817
TAP_TAPCELL_ROW_10_75,VPWR,li1,18.6300,40.4930,1.799946
TAP_TAPCELL_ROW_9_74,VPWR,li1,57.2700,35.6660,1.799777
TAP_TAPCELL_ROW_9_73,VPWR,li1,31.5100,35.6660,1.799854
TAP_TAPCELL_ROW_8_72,VPWR,li1,70.1500,35.0530,1.799850
TAP_TAPCELL_ROW_8_71,VPWR,li1,44.3900,35.0530,1.799867
TAP_TAPCELL_ROW_8_70,VPWR,li1,18.6300,35.0530,1.799860
TAP_TAPCELL_ROW_7_69,VPWR,li1,57.2700,30.2260,1.799947
TAP_TAPCELL_ROW_7_68,VPWR,li1,31.5100,30.2260,1.799873
TAP_TAPCELL_ROW_6_67,VPWR,li1,70.1500,29.6130,1.799957
TAP_TAPCELL_ROW_6_66,VPWR,li1,44.3900,29.6130,1.799929
TAP_TAPCELL_ROW_6_65,VPWR,li1,18.6300,29.6130,1.799858
TAP_TAPCELL_ROW_5_64,VPWR,li1,57.2700,24.7860,1.799996
TAP_TAPCELL_ROW_5_63,VPWR,li1,31.5100,24.7860,1.799982
TAP_TAPCELL_ROW_4_62,VPWR,li1,70.1500,24.1730,1.799998
TAP_TAPCELL_ROW_4_61,VPWR,li1,44.3900,24.1730,1.799991
TAP_TAPCELL_ROW_4_60,VPWR,li1,18.6300,24.1730,1.799968
TAP_TAPCELL_ROW_3_59,VPWR,li1,57.2700,19.3460,1.799914
TAP_TAPCELL_ROW_3_58,VPWR,li1,31.5100,19.3460,1.799916
TAP_TAPCELL_ROW_2_57,VPWR,li1,70.1500,18.7330,1.799950
TAP_TAPCELL_ROW_2_56,VPWR,li1,44.3900,18.7330,1.799901
TAP_TAPCELL_ROW_2_55,VPWR,li1,18.6300,18.7330,1.799897
TAP_TAPCELL_ROW_1_54,VPWR,li1,57.2700,13.9060,1.799957
TAP_TAPCELL_ROW_1_53,VPWR,li1,31.5100,13.9060,1.799951
TAP_TAPCELL_ROW_0_52,VPWR,li1,70.1500,13.2930,1.799971
TAP_TAPCELL_ROW_0_51,VPWR,li1,57.2700,13.2930,1.799957
TAP_TAPCELL_ROW_0_50,VPWR,li1,44.3900,13.2930,1.799948
TAP_TAPCELL_ROW_0_49,VPWR,li1,31.5100,13.2930,1.799951
TAP_TAPCELL_ROW_0_48,VPWR,li1,18.6300,13.2930,1.799937
PHY_EDGE_ROW_23_Left_47,VPWR,li1,6.2100,73.4400,1.799943
PHY_EDGE_ROW_22_Left_46,VPWR,li1,6.2100,73.4400,1.799943
PHY_EDGE_ROW_21_Left_45,VPWR,li1,6.2100,68.0000,1.799905
PHY_EDGE_ROW_20_Left_44,VPWR,li1,6.2100,68.0000,1.799905
PHY_EDGE_ROW_19_Left_43,VPWR,li1,6.2100,62.5600,1.799943
PHY_EDGE_ROW_18_Left_42,VPWR,li1,6.2100,62.5600,1.799943
PHY_EDGE_ROW_17_Left_41,VPWR,li1,6.2100,57.1200,1.799934
PHY_EDGE_ROW_16_Left_40,VPWR,li1,6.2100,57.1200,1.799934
PHY_EDGE_ROW_15_Left_39,VPWR,li1,6.2100,51.6800,1.799890
PHY_EDGE_ROW_14_Left_38,VPWR,li1,6.2100,51.6800,1.799890
PHY_EDGE_ROW_13_Left_37,VPWR,li1,6.2100,46.2400,1.799958
PHY_EDGE_ROW_12_Left_36,VPWR,li1,6.2100,46.2400,1.799958
PHY_EDGE_ROW_11_Left_35,VPWR,li1,6.2100,40.8000,1.799956
PHY_EDGE_ROW_10_Left_34,VPWR,li1,6.2100,40.8000,1.799956
PHY_EDGE_ROW_9_Left_33,VPWR,li1,6.2100,35.3600,1.799863
PHY_EDGE_ROW_8_Left_32,VPWR,li1,6.2100,35.3600,1.799863
PHY_EDGE_ROW_7_Left_31,VPWR,li1,6.2100,29.9200,1.799881
PHY_EDGE_ROW_6_Left_30,VPWR,li1,6.2100,29.9200,1.799881
PHY_EDGE_ROW_5_Left_29,VPWR,li1,6.2100,24.4800,1.799956
PHY_EDGE_ROW_4_Left_28,VPWR,li1,6.2100,24.4800,1.799956
PHY_EDGE_ROW_3_Left_27,VPWR,li1,6.2100,19.0400,1.799900
PHY_EDGE_ROW_2_Left_26,VPWR,li1,6.2100,19.0400,1.799900
PHY_EDGE_ROW_1_Left_25,VPWR,li1,6.2100,13.6000,1.799918
PHY_EDGE_ROW_0_Left_24,VPWR,li1,6.2100,13.6000,1.799918
PHY_EDGE_ROW_23_Right_23,VPWR,li1,71.9900,73.4400,1.799954
PHY_EDGE_ROW_22_Right_22,VPWR,li1,71.9900,73.4400,1.799954
PHY_EDGE_ROW_21_Right_21,VPWR,li1,71.9900,68.0000,1.799932
PHY_EDGE_ROW_20_Right_20,VPWR,li1,71.9900,68.0000,1.799932
PHY_EDGE_ROW_19_Right_19,VPWR,li1,71.9900,62.5600,1.799963
PHY_EDGE_ROW_18_Right_18,VPWR,li1,71.9900,62.5600,1.799963
PHY_EDGE_ROW_17_Right_17,VPWR,li1,71.9900,57.1200,1.799881
PHY_EDGE_ROW_16_Right_16,VPWR,li1,71.9900,57.1200,1.799881
PHY_EDGE_ROW_15_Right_15,VPWR,li1,71.9900,51.6800,1.799966
PHY_EDGE_ROW_14_Right_14,VPWR,li1,71.9900,51.6800,1.799966
PHY_EDGE_ROW_13_Right_13,VPWR,li1,71.9900,46.2400,1.799992
PHY_EDGE_ROW_12_Right_12,VPWR,li1,71.9900,46.2400,1.799992
PHY_EDGE_ROW_11_Right_11,VPWR,li1,71.9900,40.8000,1.799896
PHY_EDGE_ROW_10_Right_10,VPWR,li1,71.9900,40.8000,1.799896
PHY_EDGE_ROW_9_Right_9,VPWR,li1,71.9900,35.3600,1.799850
PHY_EDGE_ROW_8_Right_8,VPWR,li1,71.9900,35.3600,1.799850
PHY_EDGE_ROW_7_Right_7,VPWR,li1,71.9900,29.9200,1.799957
PHY_EDGE_ROW_6_Right_6,VPWR,li1,71.9900,29.9200,1.799957
PHY_EDGE_ROW_5_Right_5,VPWR,li1,71.9900,24.4800,1.799998
PHY_EDGE_ROW_4_Right_4,VPWR,li1,71.9900,24.4800,1.799998
PHY_EDGE_ROW_3_Right_3,VPWR,li1,71.9900,19.0400,1.799950
PHY_EDGE_ROW_2_Right_2,VPWR,li1,71.9900,19.0400,1.799950
PHY_EDGE_ROW_1_Right_1,VPWR,li1,71.9900,13.6000,1.799971
PHY_EDGE_ROW_0_Right_0,VPWR,li1,71.9900,13.6000,1.799971
_318_,VPWR,li1,66.7000,40.8000,1.799896
_317_,VPWR,li1,66.7000,35.3600,1.799850
_316_,VPWR,li1,66.2400,40.8000,1.799896
_315_,VPWR,li1,63.4800,29.9200,1.799957
_314_,VPWR,li1,61.1800,13.6000,1.799957
_313_,VPWR,li1,57.5000,19.0400,1.799914
_312_,VPWR,li1,52.4400,19.0400,1.799905
_311_,VPWR,li1,50.1400,19.0400,1.799908
_310_,VPWR,li1,46.4600,13.6000,1.799950
_309_,VPWR,li1,43.2400,19.0400,1.799901
_308_,VPWR,li1,40.4800,19.0400,1.799898
_307_,VPWR,li1,36.8000,13.6000,1.799940
_306_,VPWR,li1,32.2000,19.0400,1.799916
_305_,VPWR,li1,22.5400,19.0400,1.799892
_304_,VPWR,li1,14.0300,19.0400,1.799910
_303_,VPWR,li1,12.6500,13.6000,1.799919
_302_,VPWR,li1,11.2700,19.0400,1.799901
_301_,VPWR,li1,66.7000,62.5600,1.799963
_300_,VPWR,li1,66.2400,73.4400,1.799954
_299_,VPWR,li1,64.4000,68.0000,1.799932
_298_,VPWR,li1,61.1800,68.0000,1.799916
_297_,VPWR,li1,55.6600,73.4400,1.799952
_296_,VPWR,li1,50.1400,68.0000,1.799908
_295_,VPWR,li1,47.3800,68.0000,1.799914
_294_,VPWR,li1,40.0200,68.0000,1.799886
_293_,VPWR,li1,39.5600,68.0000,1.799886
_292_,VPWR,li1,35.8800,73.4400,1.799954
_291_,VPWR,li1,32.2000,68.0000,1.799907
_290_,VPWR,li1,27.6000,68.0000,1.799893
_289_,VPWR,li1,22.5400,73.4400,1.799943
_288_,VPWR,li1,13.1100,68.0000,1.799912
_287_,VPWR,li1,11.2700,29.9200,1.799883
_286_,VPWR,li1,11.2700,35.3600,1.799863
_285_,VPWR,li1,11.0400,73.4400,1.799944
_284_,VPWR,li1,22.5400,68.0000,1.799890
_283_,VPWR,li1,11.0400,68.0000,1.799906
_282_,VPWR,li1,11.0400,62.5600,1.799944
_281_,VPWR,li1,12.8800,62.5600,1.799950
_280_,VPWR,li1,39.1000,57.1200,1.799922
_279_,VPWR,li1,11.5000,51.6800,1.799890
_278_,VPWR,li1,11.9600,57.1200,1.799934
_277_,VPWR,li1,11.0400,46.2400,1.799958
_276_,VPWR,li1,11.0400,46.2400,1.799958
_275_,VPWR,li1,11.5000,51.6800,1.799890
_274_,VPWR,li1,11.0400,35.3600,1.799863
_273_,VPWR,li1,17.4800,57.1200,1.799937
_272_,VPWR,li1,11.0400,24.4800,1.799956
_271_,VPWR,li1,11.0400,13.6000,1.799919
_270_,VPWR,li1,26.2200,13.6000,1.799936
_269_,VPWR,li1,24.8400,19.0400,1.799894
_268_,VPWR,li1,26.6800,62.5600,1.799969
_267_,VPWR,li1,25.0700,62.5600,1.799965
_266_,VPWR,li1,23.9200,62.5600,1.799965
_265_,VPWR,li1,30.5900,62.5600,1.799975
_264_,VPWR,li1,33.8100,57.1200,1.799941
_263_,VPWR,li1,62.1000,62.5600,1.799971
_262_,VPWR,li1,60.7200,57.1200,1.799858
_261_,VPWR,li1,29.2100,62.5600,1.799975
_260_,VPWR,li1,22.0800,40.8000,1.799932
_259_,VPWR,li1,27.8300,62.5600,1.799969
_258_,VPWR,li1,33.3500,57.1200,1.799941
_257_,VPWR,li1,64.8600,57.1200,1.799884
_256_,VPWR,li1,69.2300,62.5600,1.799963
_255_,VPWR,li1,66.4700,51.6800,1.799967
_254_,VPWR,li1,44.8500,57.1200,1.799907
_253_,VPWR,li1,47.8400,57.1200,1.799901
_252_,VPWR,li1,51.0600,57.1200,1.799855
_251_,VPWR,li1,66.2400,57.1200,1.799882
_250_,VPWR,li1,68.7700,51.6800,1.799966
_249_,VPWR,li1,46.0000,57.1200,1.799907
_248_,VPWR,li1,54.9700,62.5600,1.799975
_247_,VPWR,li1,68.7700,57.1200,1.799881
_246_,VPWR,li1,68.7700,51.6800,1.799966
_245_,VPWR,li1,70.1500,57.1200,1.799881
_244_,VPWR,li1,36.8000,57.1200,1.799935
_243_,VPWR,li1,40.4800,62.5600,1.799979
_242_,VPWR,li1,63.2500,57.1200,1.799884
_241_,VPWR,li1,68.3100,57.1200,1.799881
_240_,VPWR,li1,42.3200,57.1200,1.799913
_239_,VPWR,li1,52.9000,57.1200,1.799834
_238_,VPWR,li1,64.6300,62.5600,1.799970
_237_,VPWR,li1,58.1900,57.1200,1.799824
_236_,VPWR,li1,40.2500,57.1200,1.799922
_235_,VPWR,li1,28.5200,57.1200,1.799947
_234_,VPWR,li1,50.6000,57.1200,1.799876
_233_,VPWR,li1,57.9600,62.5600,1.799974
_232_,VPWR,li1,59.1100,51.6800,1.799953
_231_,VPWR,li1,29.9000,57.1200,1.799947
_230_,VPWR,li1,47.1500,57.1200,1.799901
_229_,VPWR,li1,50.3700,51.6800,1.799940
_228_,VPWR,li1,55.4300,57.1200,1.799806
_227_,VPWR,li1,36.8000,51.6800,1.799889
_226_,VPWR,li1,46.4600,51.6800,1.799941
_225_,VPWR,li1,54.0500,51.6800,1.799941
_224_,VPWR,li1,61.8700,51.6800,1.799958
_223_,VPWR,li1,34.2700,46.2400,1.799978
_222_,VPWR,li1,25.0700,46.2400,1.799968
_221_,VPWR,li1,57.0400,51.6800,1.799946
_220_,VPWR,li1,64.1700,51.6800,1.799967
_219_,VPWR,li1,56.3500,51.6800,1.799946
_218_,VPWR,li1,39.5600,51.6800,1.799904
_217_,VPWR,li1,46.0000,51.6800,1.799930
_216_,VPWR,li1,53.8200,46.2400,1.799985
_215_,VPWR,li1,57.7300,46.2400,1.799987
_214_,VPWR,li1,39.1000,46.2400,1.799979
_213_,VPWR,li1,35.6500,40.8000,1.799871
_212_,VPWR,li1,40.7100,51.6800,1.799904
_211_,VPWR,li1,52.6700,40.8000,1.799872
_210_,VPWR,li1,54.5100,46.2400,1.799985
_209_,VPWR,li1,24.3800,51.6800,1.799836
_208_,VPWR,li1,42.3200,51.6800,1.799919
_207_,VPWR,li1,51.0600,46.2400,1.799984
_206_,VPWR,li1,49.4500,40.8000,1.799862
_205_,VPWR,li1,32.6600,51.6800,1.799878
_204_,VPWR,li1,37.0300,51.6800,1.799889
_203_,VPWR,li1,48.5300,46.2400,1.799984
_202_,VPWR,li1,54.9700,40.8000,1.799879
_201_,VPWR,li1,50.8300,40.8000,1.799867
_200_,VPWR,li1,33.5800,40.8000,1.799885
_199_,VPWR,li1,41.8600,46.2400,1.799981
_198_,VPWR,li1,49.2200,40.8000,1.799862
_197_,VPWR,li1,35.8800,35.3600,1.799853
_196_,VPWR,li1,43.4700,46.2400,1.799981
_195_,VPWR,li1,46.2300,40.8000,1.799857
_194_,VPWR,li1,54.0500,40.8000,1.799872
_193_,VPWR,li1,52.2100,40.8000,1.799867
_192_,VPWR,li1,52.6700,35.3600,1.799833
_191_,VPWR,li1,20.7000,46.2400,1.799966
_190_,VPWR,li1,34.2700,46.2400,1.799978
_189_,VPWR,li1,37.7200,40.8000,1.799854
_188_,VPWR,li1,46.0000,35.3600,1.799867
_187_,VPWR,li1,48.0700,35.3600,1.799874
_186_,VPWR,li1,28.9800,46.2400,1.799976
_185_,VPWR,li1,39.3300,40.8000,1.799854
_184_,VPWR,li1,48.5300,35.3600,1.799874
_183_,VPWR,li1,50.8300,35.3600,1.799854
_182_,VPWR,li1,43.9300,35.3600,1.799863
_181_,VPWR,li1,25.5300,40.8000,1.799925
_180_,VPWR,li1,30.3600,51.6800,1.799870
_179_,VPWR,li1,27.3700,51.6800,1.799811
_178_,VPWR,li1,41.8600,40.8000,1.799828
_177_,VPWR,li1,46.0000,35.3600,1.799867
_176_,VPWR,li1,47.6100,29.9200,1.799945
_175_,VPWR,li1,49.4500,35.3600,1.799854
_174_,VPWR,li1,32.4300,46.2400,1.799979
_173_,VPWR,li1,34.2700,51.6800,1.799878
_172_,VPWR,li1,42.0900,29.9200,1.799917
_171_,VPWR,li1,45.3100,29.9200,1.799929
_170_,VPWR,li1,34.9600,35.3600,1.799853
_169_,VPWR,li1,40.0200,35.3600,1.799859
_168_,VPWR,li1,40.0200,29.9200,1.799908
_167_,VPWR,li1,17.4800,35.3600,1.799860
_166_,VPWR,li1,33.3500,29.9200,1.799879
_165_,VPWR,li1,37.9500,29.9200,1.799898
_164_,VPWR,li1,43.4700,29.9200,1.799917
_163_,VPWR,li1,42.0900,29.9200,1.799917
_162_,VPWR,li1,21.3900,51.6800,1.799850
_161_,VPWR,li1,23.9200,46.2400,1.799968
_160_,VPWR,li1,29.2100,40.8000,1.799921
_159_,VPWR,li1,33.1200,35.3600,1.799853
_158_,VPWR,li1,33.1200,24.4800,1.799982
_157_,VPWR,li1,37.4900,29.9200,1.799898
_156_,VPWR,li1,35.1900,24.4800,1.799984
_155_,VPWR,li1,17.0200,40.8000,1.799946
_154_,VPWR,li1,19.5500,46.2400,1.799966
_153_,VPWR,li1,34.7300,29.9200,1.799888
_152_,VPWR,li1,38.8700,24.4800,1.799986
_151_,VPWR,li1,37.0300,24.4800,1.799985
_150_,VPWR,li1,23.6900,35.3600,1.799836
_149_,VPWR,li1,37.7200,35.3600,1.799855
_148_,VPWR,li1,38.1800,35.3600,1.799855
_147_,VPWR,li1,29.2100,24.4800,1.799981
_146_,VPWR,li1,27.3700,29.9200,1.799811
_145_,VPWR,li1,24.6100,29.9200,1.799830
_144_,VPWR,li1,28.2900,24.4800,1.799977
_143_,VPWR,li1,17.0200,40.8000,1.799946
_142_,VPWR,li1,19.7800,40.8000,1.799939
_141_,VPWR,li1,16.7900,19.0400,1.799902
_140_,VPWR,li1,16.5600,24.4800,1.799966
_139_,VPWR,li1,17.2500,35.3600,1.799870
_138_,VPWR,li1,17.7100,46.2400,1.799966
_137_,VPWR,li1,20.0100,29.9200,1.799858
_136_,VPWR,li1,22.7700,24.4800,1.799971
_135_,VPWR,li1,30.5900,35.3600,1.799854
_134_,VPWR,li1,19.3200,40.8000,1.799939
_133_,VPWR,li1,14.2600,24.4800,1.799965
_132_,VPWR,li1,16.7900,29.9200,1.799877
_131_,VPWR,li1,20.9300,29.9200,1.799843
_130_,VPWR,li1,16.7900,24.4800,1.799966
_129_,VPWR,li1,20.4700,35.3600,1.799845
_128_,VPWR,li1,14.7200,40.8000,1.799958
_127_,VPWR,li1,15.8700,29.9200,1.799877
_126_,VPWR,li1,17.2500,29.9200,1.799877
