Instance,Terminal,Layer,X location,Y location,Voltage
FILLER_0_23_141,VGND,li1,70.8400,76.1600,0.000000
FILLER_0_23_131,VGND,li1,66.4700,76.1600,0.000000
FILLER_0_23_127,VGND,li1,64.1700,76.1600,0.000000
FILLER_0_23_121,VGND,li1,62.5600,76.1600,0.000000
FILLER_0_23_117,VGND,li1,59.5700,76.1600,0.000000
FILLER_0_23_113,VGND,li1,58.4200,76.1600,0.000000
FILLER_0_23_111,VGND,li1,56.8100,76.1600,0.000000
FILLER_0_23_107,VGND,li1,54.9700,76.1600,0.000000
FILLER_0_23_101,VGND,li1,53.3600,76.1600,0.000000
FILLER_0_23_97,VGND,li1,50.3700,76.1600,0.000000
FILLER_0_23_91,VGND,li1,48.7600,76.1600,0.000000
FILLER_0_23_85,VGND,li1,45.3100,76.1600,0.000001
FILLER_0_23_81,VGND,li1,43.4700,76.1600,0.000001
FILLER_0_23_77,VGND,li1,41.1700,76.1600,0.000001
FILLER_0_23_71,VGND,li1,39.5600,76.1600,0.000001
FILLER_0_23_67,VGND,li1,36.5700,76.1600,0.000001
FILLER_0_23_61,VGND,li1,34.9600,76.1600,0.000001
FILLER_0_23_57,VGND,li1,31.9700,76.1600,0.000001
FILLER_0_23_55,VGND,li1,31.0500,76.1600,0.000001
FILLER_0_23_51,VGND,li1,29.9000,76.1600,0.000002
FILLER_0_23_47,VGND,li1,27.3700,76.1600,0.000002
FILLER_0_23_41,VGND,li1,25.7600,76.1600,0.000002
FILLER_0_23_32,VGND,li1,21.6200,76.1600,0.000003
FILLER_0_23_24,VGND,li1,17.4800,76.1600,0.000003
FILLER_0_23_17,VGND,li1,13.5700,76.1600,0.000004
FILLER_0_23_6,VGND,li1,8.7400,76.1600,0.000005
FILLER_0_22_141,VGND,li1,70.8400,70.7200,0.000063
FILLER_0_22_123,VGND,li1,62.3300,70.7200,0.000082
FILLER_0_22_117,VGND,li1,60.7200,70.7200,0.000082
FILLER_0_22_97,VGND,li1,51.0600,70.7200,0.000070
FILLER_0_22_85,VGND,li1,47.3800,70.7200,0.000085
FILLER_0_22_82,VGND,li1,43.7000,70.7200,0.000091
FILLER_0_22_74,VGND,li1,41.4000,70.7200,0.000094
FILLER_0_22_57,VGND,li1,31.9700,70.7200,0.000089
FILLER_0_22_45,VGND,li1,28.9800,70.7200,0.000102
FILLER_0_22_20,VGND,li1,16.5600,70.7200,0.000090
FILLER_0_22_3,VGND,li1,7.1300,70.7200,0.000119
FILLER_0_21_137,VGND,li1,69.2300,70.7200,0.000063
FILLER_0_21_129,VGND,li1,66.7000,70.7200,0.000063
FILLER_0_21_111,VGND,li1,56.8100,70.7200,0.000083
FILLER_0_21_99,VGND,li1,53.8200,70.7200,0.000078
FILLER_0_21_65,VGND,li1,35.8800,70.7200,0.000092
FILLER_0_21_57,VGND,li1,33.5800,70.7200,0.000081
FILLER_0_21_37,VGND,li1,23.2300,70.7200,0.000105
FILLER_0_21_25,VGND,li1,19.7800,70.7200,0.000095
FILLER_0_21_6,VGND,li1,8.7400,70.7200,0.000119
FILLER_0_20_141,VGND,li1,70.8400,65.2800,0.000053
FILLER_0_20_136,VGND,li1,69.0000,65.2800,0.000053
FILLER_0_20_117,VGND,li1,60.0300,65.2800,0.000056
FILLER_0_20_105,VGND,li1,56.5800,65.2800,0.000053
FILLER_0_20_85,VGND,li1,45.5400,65.2800,0.000056
FILLER_0_20_82,VGND,li1,43.7000,65.2800,0.000059
FILLER_0_20_49,VGND,li1,28.2900,65.2800,0.000072
FILLER_0_20_45,VGND,li1,27.1400,65.2800,0.000072
FILLER_0_20_20,VGND,li1,16.5600,65.2800,0.000060
FILLER_0_20_3,VGND,li1,7.1300,65.2800,0.000077
FILLER_0_19_141,VGND,li1,70.8400,65.2800,0.000053
FILLER_0_19_113,VGND,li1,60.2600,65.2800,0.000056
FILLER_0_19_111,VGND,li1,56.8100,65.2800,0.000053
FILLER_0_19_105,VGND,li1,55.2000,65.2800,0.000053
FILLER_0_19_93,VGND,li1,51.0600,65.2800,0.000050
FILLER_0_19_81,VGND,li1,45.5400,65.2800,0.000056
FILLER_0_19_69,VGND,li1,40.0200,65.2800,0.000065
FILLER_0_19_57,VGND,li1,34.5000,65.2800,0.000057
FILLER_0_19_54,VGND,li1,30.8200,65.2800,0.000070
FILLER_0_19_36,VGND,li1,22.3100,65.2800,0.000074
FILLER_0_19_32,VGND,li1,21.1600,65.2800,0.000074
FILLER_0_19_20,VGND,li1,17.4800,65.2800,0.000060
FILLER_0_19_3,VGND,li1,7.1300,65.2800,0.000077
FILLER_0_18_141,VGND,li1,70.8400,59.8400,0.000020
FILLER_0_18_131,VGND,li1,67.1600,59.8400,0.000020
FILLER_0_18_116,VGND,li1,59.8000,59.8400,0.000028
FILLER_0_18_97,VGND,li1,51.5200,59.8400,0.000027
FILLER_0_18_85,VGND,li1,47.3800,59.8400,0.000033
FILLER_0_18_83,VGND,li1,43.9300,59.8400,0.000039
FILLER_0_18_79,VGND,li1,42.7800,59.8400,0.000039
FILLER_0_18_70,VGND,li1,38.4100,59.8400,0.000043
FILLER_0_18_58,VGND,li1,34.9600,59.8400,0.000032
FILLER_0_18_44,VGND,li1,26.2200,59.8400,0.000035
FILLER_0_18_29,VGND,li1,21.6200,59.8400,0.000035
FILLER_0_18_24,VGND,li1,17.4800,59.8400,0.000034
FILLER_0_18_6,VGND,li1,8.7400,59.8400,0.000049
FILLER_0_17_142,VGND,li1,71.0700,59.8400,0.000020
FILLER_0_17_100,VGND,li1,51.7500,59.8400,0.000027
FILLER_0_17_92,VGND,li1,48.7600,59.8400,0.000033
FILLER_0_17_81,VGND,li1,43.0100,59.8400,0.000039
FILLER_0_17_64,VGND,li1,35.1900,59.8400,0.000032
FILLER_0_17_57,VGND,li1,32.2000,59.8400,0.000035
FILLER_0_17_54,VGND,li1,30.8200,59.8400,0.000035
FILLER_0_17_34,VGND,li1,23.9200,59.8400,0.000035
FILLER_0_17_6,VGND,li1,11.0400,59.8400,0.000049
FILLER_0_16_141,VGND,li1,70.8400,54.4000,0.000117
FILLER_0_16_94,VGND,li1,49.2200,54.4000,0.000139
FILLER_0_16_85,VGND,li1,44.8500,54.4000,0.000142
FILLER_0_16_83,VGND,li1,43.9300,54.4000,0.000143
FILLER_0_16_72,VGND,li1,39.1000,54.4000,0.000143
FILLER_0_16_63,VGND,li1,34.7300,54.4000,0.000140
FILLER_0_16_56,VGND,li1,31.7400,54.4000,0.000165
FILLER_0_16_49,VGND,li1,28.2900,54.4000,0.000208
FILLER_0_16_41,VGND,li1,26.2200,54.4000,0.000236
FILLER_0_16_29,VGND,li1,21.6200,54.4000,0.000194
FILLER_0_16_22,VGND,li1,17.0200,54.4000,0.000154
FILLER_0_15_140,VGND,li1,70.6100,54.4000,0.000117
FILLER_0_15_77,VGND,li1,42.7800,54.4000,0.000143
FILLER_0_15_57,VGND,li1,33.5800,54.4000,0.000140
FILLER_0_15_21,VGND,li1,17.9400,54.4000,0.000154
FILLER_0_15_3,VGND,li1,7.3600,54.4000,0.000190
FILLER_0_14_141,VGND,li1,70.8400,48.9600,0.000008
FILLER_0_14_127,VGND,li1,65.7800,48.9600,0.000009
FILLER_0_14_115,VGND,li1,61.1800,48.9600,0.000013
FILLER_0_14_90,VGND,li1,49.6800,48.9600,0.000015
FILLER_0_14_85,VGND,li1,44.8500,48.9600,0.000021
FILLER_0_14_82,VGND,li1,43.7000,48.9600,0.000023
FILLER_0_14_71,VGND,li1,39.1000,48.9600,0.000025
FILLER_0_14_64,VGND,li1,35.4200,48.9600,0.000028
FILLER_0_14_37,VGND,li1,22.7700,48.9600,0.000052
FILLER_0_14_29,VGND,li1,20.7000,48.9600,0.000055
FILLER_0_14_24,VGND,li1,17.4800,48.9600,0.000058
FILLER_0_14_3,VGND,li1,7.3600,48.9600,0.000089
FILLER_0_13_137,VGND,li1,69.9200,48.9600,0.000008
FILLER_0_13_125,VGND,li1,65.7800,48.9600,0.000009
FILLER_0_13_113,VGND,li1,60.2600,48.9600,0.000013
FILLER_0_13_111,VGND,li1,56.8100,48.9600,0.000016
FILLER_0_13_107,VGND,li1,55.6600,48.9600,0.000016
FILLER_0_13_101,VGND,li1,52.4400,48.9600,0.000016
FILLER_0_13_89,VGND,li1,49.2200,48.9600,0.000015
FILLER_0_13_77,VGND,li1,43.7000,48.9600,0.000023
FILLER_0_13_65,VGND,li1,38.1800,48.9600,0.000026
FILLER_0_13_55,VGND,li1,31.0500,48.9600,0.000036
FILLER_0_13_44,VGND,li1,26.4500,48.9600,0.000046
FILLER_0_13_28,VGND,li1,18.8600,48.9600,0.000056
FILLER_0_13_20,VGND,li1,16.5600,48.9600,0.000058
FILLER_0_13_3,VGND,li1,7.1300,48.9600,0.000089
FILLER_0_12_141,VGND,li1,70.8400,43.5200,0.000042
FILLER_0_12_137,VGND,li1,69.2300,43.5200,0.000042
FILLER_0_12_129,VGND,li1,66.7000,43.5200,0.000042
FILLER_0_12_117,VGND,li1,62.1000,43.5200,0.000061
FILLER_0_12_102,VGND,li1,52.6700,43.5200,0.000099
FILLER_0_12_85,VGND,li1,46.0000,43.5200,0.000169
FILLER_0_12_24,VGND,li1,16.7900,43.5200,0.000083
FILLER_0_12_20,VGND,li1,15.6400,43.5200,0.000083
FILLER_0_12_3,VGND,li1,7.1300,43.5200,0.000099
FILLER_0_11_141,VGND,li1,70.8400,43.5200,0.000042
FILLER_0_11_113,VGND,li1,60.2600,43.5200,0.000069
FILLER_0_11_110,VGND,li1,56.5800,43.5200,0.000084
FILLER_0_11_93,VGND,li1,48.5300,43.5200,0.000135
FILLER_0_11_57,VGND,li1,31.9700,43.5200,0.000104
FILLER_0_11_55,VGND,li1,31.0500,43.5200,0.000104
FILLER_0_11_32,VGND,li1,20.4700,43.5200,0.000083
FILLER_0_11_21,VGND,li1,15.4100,43.5200,0.000083
FILLER_0_11_9,VGND,li1,12.4200,43.5200,0.000098
FILLER_0_10_141,VGND,li1,70.8400,38.0800,0.000048
FILLER_0_10_123,VGND,li1,62.3300,38.0800,0.000044
FILLER_0_10_119,VGND,li1,61.1800,38.0800,0.000042
FILLER_0_10_107,VGND,li1,57.5000,38.0800,0.000038
FILLER_0_10_85,VGND,li1,44.8500,38.0800,0.000038
FILLER_0_10_81,VGND,li1,43.4700,38.0800,0.000038
FILLER_0_10_58,VGND,li1,32.6600,38.0800,0.000031
FILLER_0_10_33,VGND,li1,20.9300,38.0800,0.000031
FILLER_0_10_6,VGND,li1,11.0400,38.0800,0.000029
FILLER_0_9_141,VGND,li1,70.8400,38.0800,0.000048
FILLER_0_9_113,VGND,li1,60.2600,38.0800,0.000042
FILLER_0_9_104,VGND,li1,55.2000,38.0800,0.000036
FILLER_0_9_81,VGND,li1,43.0100,38.0800,0.000038
FILLER_0_9_73,VGND,li1,40.9400,38.0800,0.000039
FILLER_0_9_20,VGND,li1,15.4100,38.0800,0.000028
FILLER_0_9_3,VGND,li1,7.1300,38.0800,0.000029
FILLER_0_8_141,VGND,li1,70.8400,32.6400,0.000128
FILLER_0_8_139,VGND,li1,69.6900,32.6400,0.000128
FILLER_0_8_135,VGND,li1,68.5400,32.6400,0.000128
FILLER_0_8_123,VGND,li1,64.8600,32.6400,0.000181
FILLER_0_8_97,VGND,li1,51.5200,32.6400,0.000170
FILLER_0_8_83,VGND,li1,43.9300,32.6400,0.000194
FILLER_0_8_77,VGND,li1,42.3200,32.6400,0.000201
FILLER_0_8_36,VGND,li1,22.3100,32.6400,0.000308
FILLER_0_8_21,VGND,li1,15.6400,32.6400,0.000201
FILLER_0_8_3,VGND,li1,7.1300,32.6400,0.000214
FILLER_0_7_142,VGND,li1,71.0700,32.6400,0.000128
FILLER_0_7_134,VGND,li1,69.0000,32.6400,0.000128
FILLER_0_7_117,VGND,li1,59.5700,32.6400,0.000230
FILLER_0_7_113,VGND,li1,58.4200,32.6400,0.000230
FILLER_0_7_110,VGND,li1,56.5800,32.6400,0.000249
FILLER_0_7_101,VGND,li1,52.4400,32.6400,0.000199
FILLER_0_7_93,VGND,li1,50.1400,32.6400,0.000170
FILLER_0_7_62,VGND,li1,34.7300,32.6400,0.000221
FILLER_0_7_57,VGND,li1,32.2000,32.6400,0.000264
FILLER_0_7_3,VGND,li1,7.1300,32.6400,0.000214
FILLER_0_6_141,VGND,li1,70.8400,27.2000,0.000003
FILLER_0_6_139,VGND,li1,69.6900,27.2000,0.000003
FILLER_0_6_133,VGND,li1,68.0800,27.2000,0.000003
FILLER_0_6_121,VGND,li1,63.9400,27.2000,0.000004
FILLER_0_6_109,VGND,li1,58.4200,27.2000,0.000005
FILLER_0_6_97,VGND,li1,52.9000,27.2000,0.000006
FILLER_0_6_85,VGND,li1,47.3800,27.2000,0.000010
FILLER_0_6_71,VGND,li1,38.4100,27.2000,0.000018
FILLER_0_6_58,VGND,li1,32.4300,27.2000,0.000020
FILLER_0_6_38,VGND,li1,23.2300,27.2000,0.000022
FILLER_0_6_9,VGND,li1,11.5000,27.2000,0.000019
FILLER_0_5_137,VGND,li1,69.9200,27.2000,0.000003
FILLER_0_5_125,VGND,li1,65.7800,27.2000,0.000003
FILLER_0_5_113,VGND,li1,60.2600,27.2000,0.000005
FILLER_0_5_110,VGND,li1,56.5800,27.2000,0.000006
FILLER_0_5_98,VGND,li1,53.3600,27.2000,0.000006
FILLER_0_5_86,VGND,li1,47.8400,27.2000,0.000010
FILLER_0_5_74,VGND,li1,42.3200,27.2000,0.000015
FILLER_0_5_55,VGND,li1,31.0500,27.2000,0.000020
FILLER_0_5_44,VGND,li1,26.6800,27.2000,0.000022
FILLER_0_5_28,VGND,li1,19.0900,27.2000,0.000019
FILLER_0_5_14,VGND,li1,12.6500,27.2000,0.000019
FILLER_0_5_6,VGND,li1,10.1200,27.2000,0.000020
FILLER_0_4_141,VGND,li1,70.8400,21.7600,0.000009
FILLER_0_4_139,VGND,li1,69.6900,21.7600,0.000009
FILLER_0_4_133,VGND,li1,68.0800,21.7600,0.000009
FILLER_0_4_121,VGND,li1,63.9400,21.7600,0.000013
FILLER_0_4_109,VGND,li1,58.4200,21.7600,0.000018
FILLER_0_4_97,VGND,li1,52.9000,21.7600,0.000023
FILLER_0_4_85,VGND,li1,47.3800,21.7600,0.000027
FILLER_0_4_80,VGND,li1,43.2400,21.7600,0.000028
FILLER_0_4_68,VGND,li1,39.5600,21.7600,0.000030
FILLER_0_4_56,VGND,li1,34.0400,21.7600,0.000032
FILLER_0_4_29,VGND,li1,19.7800,21.7600,0.000070
FILLER_0_4_3,VGND,li1,7.1300,21.7600,0.000105
FILLER_0_3_137,VGND,li1,69.9200,21.7600,0.000009
FILLER_0_3_125,VGND,li1,65.7800,21.7600,0.000011
FILLER_0_3_113,VGND,li1,60.2600,21.7600,0.000016
FILLER_0_3_110,VGND,li1,56.5800,21.7600,0.000020
FILLER_0_3_90,VGND,li1,47.8400,21.7600,0.000027
FILLER_0_3_73,VGND,li1,39.3300,21.7600,0.000030
FILLER_0_3_69,VGND,li1,38.1800,21.7600,0.000030
FILLER_0_3_57,VGND,li1,34.5000,21.7600,0.000032
FILLER_0_3_53,VGND,li1,30.5900,21.7600,0.000044
FILLER_0_3_45,VGND,li1,28.0600,21.7600,0.000054
FILLER_0_3_28,VGND,li1,18.6300,21.7600,0.000070
FILLER_0_3_3,VGND,li1,7.1300,21.7600,0.000105
FILLER_0_2_141,VGND,li1,70.8400,16.3200,0.000051
FILLER_0_2_139,VGND,li1,69.6900,16.3200,0.000051
FILLER_0_2_133,VGND,li1,68.0800,16.3200,0.000051
FILLER_0_2_121,VGND,li1,63.9400,16.3200,0.000069
FILLER_0_2_85,VGND,li1,45.5400,16.3200,0.000108
FILLER_0_2_66,VGND,li1,36.3400,16.3200,0.000114
FILLER_0_2_33,VGND,li1,20.9300,16.3200,0.000111
FILLER_0_2_29,VGND,li1,19.7800,16.3200,0.000103
FILLER_0_1_141,VGND,li1,70.8400,16.3200,0.000051
FILLER_0_1_129,VGND,li1,67.6200,16.3200,0.000051
FILLER_0_1_109,VGND,li1,56.3500,16.3200,0.000093
FILLER_0_1_97,VGND,li1,52.9000,16.3200,0.000089
FILLER_0_1_80,VGND,li1,42.5500,16.3200,0.000113
FILLER_0_1_76,VGND,li1,41.4000,16.3200,0.000113
FILLER_0_1_57,VGND,li1,32.4300,16.3200,0.000098
FILLER_0_1_53,VGND,li1,30.5900,16.3200,0.000108
FILLER_0_1_34,VGND,li1,21.8500,16.3200,0.000111
FILLER_0_1_26,VGND,li1,19.3200,16.3200,0.000103
FILLER_0_1_3,VGND,li1,7.1300,16.3200,0.000125
FILLER_0_0_141,VGND,li1,70.8400,10.8800,0.000001
FILLER_0_0_131,VGND,li1,66.4700,10.8800,0.000001
FILLER_0_0_127,VGND,li1,64.1700,10.8800,0.000001
FILLER_0_0_121,VGND,li1,62.5600,10.8800,0.000001
FILLER_0_0_117,VGND,li1,59.5700,10.8800,0.000001
FILLER_0_0_113,VGND,li1,58.4200,10.8800,0.000001
FILLER_0_0_111,VGND,li1,56.8100,10.8800,0.000002
FILLER_0_0_107,VGND,li1,54.9700,10.8800,0.000002
FILLER_0_0_101,VGND,li1,53.3600,10.8800,0.000002
FILLER_0_0_97,VGND,li1,50.3700,10.8800,0.000003
FILLER_0_0_91,VGND,li1,48.7600,10.8800,0.000003
FILLER_0_0_85,VGND,li1,45.3100,10.8800,0.000004
FILLER_0_0_81,VGND,li1,43.4700,10.8800,0.000004
FILLER_0_0_77,VGND,li1,41.1700,10.8800,0.000005
FILLER_0_0_71,VGND,li1,39.5600,10.8800,0.000005
FILLER_0_0_67,VGND,li1,36.5700,10.8800,0.000006
FILLER_0_0_61,VGND,li1,34.9600,10.8800,0.000006
FILLER_0_0_57,VGND,li1,31.9700,10.8800,0.000009
FILLER_0_0_55,VGND,li1,31.0500,10.8800,0.000009
FILLER_0_0_51,VGND,li1,29.9000,10.8800,0.000011
FILLER_0_0_47,VGND,li1,27.3700,10.8800,0.000014
FILLER_0_0_41,VGND,li1,25.7600,10.8800,0.000014
FILLER_0_0_32,VGND,li1,21.6200,10.8800,0.000018
FILLER_0_0_27,VGND,li1,18.1700,10.8800,0.000022
FILLER_0_0_6,VGND,li1,8.5100,10.8800,0.000037
rebuffer11,VGND,li1,26.6800,38.0800,0.000035
rebuffer10,VGND,li1,22.7700,38.0800,0.000034
rebuffer9,VGND,li1,35.4200,38.0800,0.000036
rebuffer8,VGND,li1,14.2600,27.2000,0.000018
rebuffer7,VGND,li1,21.8500,43.5200,0.000091
rebuffer6,VGND,li1,20.4700,38.0800,0.000031
rebuffer5,VGND,li1,23.0000,21.7600,0.000071
rebuffer4,VGND,li1,30.5900,27.2000,0.000022
rebuffer3,VGND,li1,27.6000,38.0800,0.000035
rebuffer2,VGND,li1,30.5900,38.0800,0.000033
rebuffer1,VGND,li1,28.9800,43.5200,0.000103
clkload2,VGND,li1,54.0500,54.4000,0.000198
clkload1,VGND,li1,54.5100,32.6400,0.000225
clkload0,VGND,li1,28.0600,32.6400,0.000377
clkbuf_2_3__f_clk,VGND,li1,57.0400,54.4000,0.000222
clkbuf_2_2__f_clk,VGND,li1,57.5000,32.6400,0.000249
clkbuf_2_1__f_clk,VGND,li1,26.6800,54.4000,0.000236
clkbuf_2_0__f_clk,VGND,li1,26.6800,32.6400,0.000377
clkbuf_0_clk,VGND,li1,43.7000,43.5200,0.000200
output50,VGND,li1,7.5900,43.5200,0.000099
output49,VGND,li1,8.9700,43.5200,0.000099
output48,VGND,li1,7.5900,38.0800,0.000029
output47,VGND,li1,7.5900,27.2000,0.000020
output46,VGND,li1,8.9700,27.2000,0.000020
output45,VGND,li1,7.5900,27.2000,0.000020
output44,VGND,li1,7.5900,10.8800,0.000038
output43,VGND,li1,7.5900,16.3200,0.000125
output42,VGND,li1,11.2700,76.1600,0.000005
output41,VGND,li1,7.5900,76.1600,0.000006
output40,VGND,li1,7.5900,70.7200,0.000119
output39,VGND,li1,7.5900,59.8400,0.000049
output38,VGND,li1,7.5900,59.8400,0.000049
output37,VGND,li1,7.5900,54.4000,0.000190
output36,VGND,li1,15.8700,48.9600,0.000058
output35,VGND,li1,8.9700,16.3200,0.000125
output34,VGND,li1,15.8700,76.1600,0.000003
input33,VGND,li1,70.6100,70.7200,0.000063
input32,VGND,li1,42.0900,10.8800,0.000004
input31,VGND,li1,37.4900,10.8800,0.000006
input30,VGND,li1,32.8900,10.8800,0.000007
input29,VGND,li1,28.2900,10.8800,0.000011
input28,VGND,li1,23.6900,10.8800,0.000016
input27,VGND,li1,19.5500,10.8800,0.000020
input26,VGND,li1,17.2500,10.8800,0.000022
input25,VGND,li1,16.7900,16.3200,0.000097
input24,VGND,li1,67.8500,10.8800,0.000001
input23,VGND,li1,69.2300,10.8800,0.000001
input22,VGND,li1,65.0900,10.8800,0.000001
input21,VGND,li1,60.4900,10.8800,0.000001
input20,VGND,li1,55.8900,10.8800,0.000002
input19,VGND,li1,51.2900,10.8800,0.000002
input18,VGND,li1,46.6900,10.8800,0.000003
input17,VGND,li1,15.4100,16.3200,0.000115
input16,VGND,li1,42.0900,76.1600,0.000001
input15,VGND,li1,37.4900,76.1600,0.000001
input14,VGND,li1,32.8900,76.1600,0.000001
input13,VGND,li1,28.2900,76.1600,0.000002
input12,VGND,li1,23.6900,76.1600,0.000002
input11,VGND,li1,19.5500,76.1600,0.000003
input10,VGND,li1,14.4900,76.1600,0.000004
input9,VGND,li1,9.8900,76.1600,0.000005
input8,VGND,li1,67.8500,76.1600,0.000000
input7,VGND,li1,69.2300,76.1600,0.000000
input6,VGND,li1,65.0900,76.1600,0.000000
input5,VGND,li1,60.4900,76.1600,0.000000
input4,VGND,li1,55.8900,76.1600,0.000000
input3,VGND,li1,51.2900,76.1600,0.000000
input2,VGND,li1,46.6900,76.1600,0.000000
input1,VGND,li1,12.6500,76.1600,0.000005
TAP_TAPCELL_ROW_23_112,VGND,li1,70.1500,75.8680,0.000000
TAP_TAPCELL_ROW_23_111,VGND,li1,57.2700,75.8680,0.000000
TAP_TAPCELL_ROW_23_110,VGND,li1,44.3900,75.8680,0.000001
TAP_TAPCELL_ROW_23_109,VGND,li1,31.5100,75.8680,0.000001
TAP_TAPCELL_ROW_23_108,VGND,li1,18.6300,75.8680,0.000003
TAP_TAPCELL_ROW_22_107,VGND,li1,70.1500,71.0110,0.000063
TAP_TAPCELL_ROW_22_106,VGND,li1,44.3900,71.0110,0.000091
TAP_TAPCELL_ROW_22_105,VGND,li1,18.6300,71.0110,0.000095
TAP_TAPCELL_ROW_21_104,VGND,li1,57.2700,70.4280,0.000083
TAP_TAPCELL_ROW_21_103,VGND,li1,31.5100,70.4280,0.000089
TAP_TAPCELL_ROW_20_102,VGND,li1,70.1500,65.5710,0.000053
TAP_TAPCELL_ROW_20_101,VGND,li1,44.3900,65.5710,0.000059
TAP_TAPCELL_ROW_20_100,VGND,li1,18.6300,65.5710,0.000066
TAP_TAPCELL_ROW_19_99,VGND,li1,57.2700,64.9880,0.000054
TAP_TAPCELL_ROW_19_98,VGND,li1,31.5100,64.9880,0.000067
TAP_TAPCELL_ROW_18_97,VGND,li1,70.1500,60.1310,0.000020
TAP_TAPCELL_ROW_18_96,VGND,li1,44.3900,60.1310,0.000039
TAP_TAPCELL_ROW_18_95,VGND,li1,18.6300,60.1310,0.000034
TAP_TAPCELL_ROW_17_94,VGND,li1,57.2700,59.5480,0.000029
TAP_TAPCELL_ROW_17_93,VGND,li1,31.5100,59.5480,0.000035
TAP_TAPCELL_ROW_16_92,VGND,li1,70.1500,54.6910,0.000117
TAP_TAPCELL_ROW_16_91,VGND,li1,44.3900,54.6910,0.000142
TAP_TAPCELL_ROW_16_90,VGND,li1,18.6300,54.6910,0.000154
TAP_TAPCELL_ROW_15_89,VGND,li1,57.2700,54.1080,0.000222
TAP_TAPCELL_ROW_15_88,VGND,li1,31.5100,54.1080,0.000165
TAP_TAPCELL_ROW_14_87,VGND,li1,70.1500,49.2510,0.000008
TAP_TAPCELL_ROW_14_86,VGND,li1,44.3900,49.2510,0.000021
TAP_TAPCELL_ROW_14_85,VGND,li1,18.6300,49.2510,0.000056
TAP_TAPCELL_ROW_13_84,VGND,li1,57.2700,48.6680,0.000016
TAP_TAPCELL_ROW_13_83,VGND,li1,31.5100,48.6680,0.000036
TAP_TAPCELL_ROW_12_82,VGND,li1,70.1500,43.8110,0.000042
TAP_TAPCELL_ROW_12_81,VGND,li1,44.3900,43.8110,0.000200
TAP_TAPCELL_ROW_12_80,VGND,li1,18.6300,43.8110,0.000076
TAP_TAPCELL_ROW_11_79,VGND,li1,57.2700,43.2280,0.000084
TAP_TAPCELL_ROW_11_78,VGND,li1,31.5100,43.2280,0.000104
TAP_TAPCELL_ROW_10_77,VGND,li1,70.1500,38.3710,0.000048
TAP_TAPCELL_ROW_10_76,VGND,li1,44.3900,38.3710,0.000038
TAP_TAPCELL_ROW_10_75,VGND,li1,18.6300,38.3710,0.000027
TAP_TAPCELL_ROW_9_74,VGND,li1,57.2700,37.7880,0.000038
TAP_TAPCELL_ROW_9_73,VGND,li1,31.5100,37.7880,0.000033
TAP_TAPCELL_ROW_8_72,VGND,li1,70.1500,32.9310,0.000128
TAP_TAPCELL_ROW_8_71,VGND,li1,44.3900,32.9310,0.000194
TAP_TAPCELL_ROW_8_70,VGND,li1,18.6300,32.9310,0.000250
TAP_TAPCELL_ROW_7_69,VGND,li1,57.2700,32.3480,0.000249
TAP_TAPCELL_ROW_7_68,VGND,li1,31.5100,32.3480,0.000264
TAP_TAPCELL_ROW_6_67,VGND,li1,70.1500,27.4910,0.000003
TAP_TAPCELL_ROW_6_66,VGND,li1,44.3900,27.4910,0.000013
TAP_TAPCELL_ROW_6_65,VGND,li1,18.6300,27.4910,0.000019
TAP_TAPCELL_ROW_5_64,VGND,li1,57.2700,26.9080,0.000006
TAP_TAPCELL_ROW_5_63,VGND,li1,31.5100,26.9080,0.000020
TAP_TAPCELL_ROW_4_62,VGND,li1,70.1500,22.0510,0.000009
TAP_TAPCELL_ROW_4_61,VGND,li1,44.3900,22.0510,0.000028
TAP_TAPCELL_ROW_4_60,VGND,li1,18.6300,22.0510,0.000070
TAP_TAPCELL_ROW_3_59,VGND,li1,57.2700,21.4680,0.000020
TAP_TAPCELL_ROW_3_58,VGND,li1,31.5100,21.4680,0.000044
TAP_TAPCELL_ROW_2_57,VGND,li1,70.1500,16.6110,0.000051
TAP_TAPCELL_ROW_2_56,VGND,li1,44.3900,16.6110,0.000108
TAP_TAPCELL_ROW_2_55,VGND,li1,18.6300,16.6110,0.000103
TAP_TAPCELL_ROW_1_54,VGND,li1,57.2700,16.0280,0.000093
TAP_TAPCELL_ROW_1_53,VGND,li1,31.5100,16.0280,0.000108
TAP_TAPCELL_ROW_0_52,VGND,li1,70.1500,11.1710,0.000001
TAP_TAPCELL_ROW_0_51,VGND,li1,57.2700,11.1710,0.000002
TAP_TAPCELL_ROW_0_50,VGND,li1,44.3900,11.1710,0.000004
TAP_TAPCELL_ROW_0_49,VGND,li1,31.5100,11.1710,0.000009
TAP_TAPCELL_ROW_0_48,VGND,li1,18.6300,11.1710,0.000022
PHY_EDGE_ROW_23_Left_47,VGND,li1,6.2100,76.1600,0.000006
PHY_EDGE_ROW_22_Left_46,VGND,li1,6.2100,70.7200,0.000119
PHY_EDGE_ROW_21_Left_45,VGND,li1,6.2100,70.7200,0.000119
PHY_EDGE_ROW_20_Left_44,VGND,li1,6.2100,65.2800,0.000077
PHY_EDGE_ROW_19_Left_43,VGND,li1,6.2100,65.2800,0.000077
PHY_EDGE_ROW_18_Left_42,VGND,li1,6.2100,59.8400,0.000049
PHY_EDGE_ROW_17_Left_41,VGND,li1,6.2100,59.8400,0.000049
PHY_EDGE_ROW_16_Left_40,VGND,li1,6.2100,54.4000,0.000190
PHY_EDGE_ROW_15_Left_39,VGND,li1,6.2100,54.4000,0.000190
PHY_EDGE_ROW_14_Left_38,VGND,li1,6.2100,48.9600,0.000089
PHY_EDGE_ROW_13_Left_37,VGND,li1,6.2100,48.9600,0.000089
PHY_EDGE_ROW_12_Left_36,VGND,li1,6.2100,43.5200,0.000099
PHY_EDGE_ROW_11_Left_35,VGND,li1,6.2100,43.5200,0.000099
PHY_EDGE_ROW_10_Left_34,VGND,li1,6.2100,38.0800,0.000029
PHY_EDGE_ROW_9_Left_33,VGND,li1,6.2100,38.0800,0.000029
PHY_EDGE_ROW_8_Left_32,VGND,li1,6.2100,32.6400,0.000214
PHY_EDGE_ROW_7_Left_31,VGND,li1,6.2100,32.6400,0.000214
PHY_EDGE_ROW_6_Left_30,VGND,li1,6.2100,27.2000,0.000020
PHY_EDGE_ROW_5_Left_29,VGND,li1,6.2100,27.2000,0.000020
PHY_EDGE_ROW_4_Left_28,VGND,li1,6.2100,21.7600,0.000105
PHY_EDGE_ROW_3_Left_27,VGND,li1,6.2100,21.7600,0.000105
PHY_EDGE_ROW_2_Left_26,VGND,li1,6.2100,16.3200,0.000125
PHY_EDGE_ROW_1_Left_25,VGND,li1,6.2100,16.3200,0.000125
PHY_EDGE_ROW_0_Left_24,VGND,li1,6.2100,10.8800,0.000038
PHY_EDGE_ROW_23_Right_23,VGND,li1,71.9900,76.1600,0.000000
PHY_EDGE_ROW_22_Right_22,VGND,li1,71.9900,70.7200,0.000063
PHY_EDGE_ROW_21_Right_21,VGND,li1,71.9900,70.7200,0.000063
PHY_EDGE_ROW_20_Right_20,VGND,li1,71.9900,65.2800,0.000053
PHY_EDGE_ROW_19_Right_19,VGND,li1,71.9900,65.2800,0.000053
PHY_EDGE_ROW_18_Right_18,VGND,li1,71.9900,59.8400,0.000020
PHY_EDGE_ROW_17_Right_17,VGND,li1,71.9900,59.8400,0.000020
PHY_EDGE_ROW_16_Right_16,VGND,li1,71.9900,54.4000,0.000117
PHY_EDGE_ROW_15_Right_15,VGND,li1,71.9900,54.4000,0.000117
PHY_EDGE_ROW_14_Right_14,VGND,li1,71.9900,48.9600,0.000008
PHY_EDGE_ROW_13_Right_13,VGND,li1,71.9900,48.9600,0.000008
PHY_EDGE_ROW_12_Right_12,VGND,li1,71.9900,43.5200,0.000042
PHY_EDGE_ROW_11_Right_11,VGND,li1,71.9900,43.5200,0.000042
PHY_EDGE_ROW_10_Right_10,VGND,li1,71.9900,38.0800,0.000048
PHY_EDGE_ROW_9_Right_9,VGND,li1,71.9900,38.0800,0.000048
PHY_EDGE_ROW_8_Right_8,VGND,li1,71.9900,32.6400,0.000128
PHY_EDGE_ROW_7_Right_7,VGND,li1,71.9900,32.6400,0.000128
PHY_EDGE_ROW_6_Right_6,VGND,li1,71.9900,27.2000,0.000003
PHY_EDGE_ROW_5_Right_5,VGND,li1,71.9900,27.2000,0.000003
PHY_EDGE_ROW_4_Right_4,VGND,li1,71.9900,21.7600,0.000009
PHY_EDGE_ROW_3_Right_3,VGND,li1,71.9900,21.7600,0.000009
PHY_EDGE_ROW_2_Right_2,VGND,li1,71.9900,16.3200,0.000051
PHY_EDGE_ROW_1_Right_1,VGND,li1,71.9900,16.3200,0.000051
PHY_EDGE_ROW_0_Right_0,VGND,li1,71.9900,10.8800,0.000001
_318_,VGND,li1,66.7000,43.5200,0.000042
_317_,VGND,li1,66.7000,38.0800,0.000048
_316_,VGND,li1,66.2400,38.0800,0.000048
_315_,VGND,li1,63.4800,32.6400,0.000181
_314_,VGND,li1,61.1800,16.3200,0.000083
_313_,VGND,li1,57.5000,16.3200,0.000093
_312_,VGND,li1,52.4400,21.7600,0.000025
_311_,VGND,li1,50.1400,16.3200,0.000087
_310_,VGND,li1,46.4600,16.3200,0.000104
_309_,VGND,li1,43.2400,21.7600,0.000028
_308_,VGND,li1,40.4800,16.3200,0.000117
_307_,VGND,li1,36.8000,16.3200,0.000114
_306_,VGND,li1,32.2000,16.3200,0.000108
_305_,VGND,li1,22.5400,21.7600,0.000071
_304_,VGND,li1,14.0300,16.3200,0.000115
_303_,VGND,li1,12.6500,10.8800,0.000037
_302_,VGND,li1,11.2700,21.7600,0.000105
_301_,VGND,li1,66.7000,65.2800,0.000053
_300_,VGND,li1,66.2400,70.7200,0.000063
_299_,VGND,li1,64.4000,65.2800,0.000058
_298_,VGND,li1,61.1800,70.7200,0.000082
_297_,VGND,li1,55.6600,70.7200,0.000083
_296_,VGND,li1,50.1400,65.2800,0.000050
_295_,VGND,li1,47.3800,70.7200,0.000086
_294_,VGND,li1,40.0200,70.7200,0.000097
_293_,VGND,li1,39.5600,65.2800,0.000065
_292_,VGND,li1,35.8800,70.7200,0.000092
_291_,VGND,li1,32.2000,65.2800,0.000067
_290_,VGND,li1,27.6000,70.7200,0.000103
_289_,VGND,li1,22.5400,70.7200,0.000105
_288_,VGND,li1,13.1100,70.7200,0.000112
_287_,VGND,li1,11.2700,32.6400,0.000214
_286_,VGND,li1,11.2700,32.6400,0.000214
_285_,VGND,li1,11.0400,70.7200,0.000118
_284_,VGND,li1,22.5400,65.2800,0.000074
_283_,VGND,li1,11.0400,65.2800,0.000077
_282_,VGND,li1,11.0400,65.2800,0.000077
_281_,VGND,li1,12.8800,59.8400,0.000048
_280_,VGND,li1,39.1000,59.8400,0.000043
_279_,VGND,li1,11.5000,54.4000,0.000189
_278_,VGND,li1,11.9600,54.4000,0.000189
_277_,VGND,li1,11.0400,43.5200,0.000098
_276_,VGND,li1,11.0400,48.9600,0.000089
_275_,VGND,li1,11.5000,48.9600,0.000089
_274_,VGND,li1,11.0400,38.0800,0.000029
_273_,VGND,li1,17.4800,59.8400,0.000034
_272_,VGND,li1,11.0400,21.7600,0.000105
_271_,VGND,li1,11.0400,16.3200,0.000125
_270_,VGND,li1,26.2200,16.3200,0.000124
_269_,VGND,li1,24.8400,16.3200,0.000124
_268_,VGND,li1,26.6800,65.2800,0.000072
_267_,VGND,li1,25.0700,59.8400,0.000035
_266_,VGND,li1,23.9200,65.2800,0.000073
_265_,VGND,li1,30.5900,59.8400,0.000035
_264_,VGND,li1,33.8100,59.8400,0.000032
_263_,VGND,li1,62.1000,59.8400,0.000026
_262_,VGND,li1,60.7200,59.8400,0.000028
_261_,VGND,li1,29.2100,65.2800,0.000070
_260_,VGND,li1,22.0800,43.5200,0.000091
_259_,VGND,li1,27.8300,59.8400,0.000035
_258_,VGND,li1,33.3500,54.4000,0.000140
_257_,VGND,li1,64.8600,59.8400,0.000024
_256_,VGND,li1,69.2300,59.8400,0.000020
_255_,VGND,li1,66.4700,54.4000,0.000116
_254_,VGND,li1,44.8500,59.8400,0.000037
_253_,VGND,li1,47.8400,54.4000,0.000141
_252_,VGND,li1,51.0600,54.4000,0.000161
_251_,VGND,li1,66.2400,54.4000,0.000116
_250_,VGND,li1,68.7700,54.4000,0.000117
_249_,VGND,li1,46.0000,54.4000,0.000142
_248_,VGND,li1,54.9700,59.8400,0.000029
_247_,VGND,li1,68.7700,54.4000,0.000117
_246_,VGND,li1,68.7700,48.9600,0.000008
_245_,VGND,li1,70.1500,59.8400,0.000020
_244_,VGND,li1,36.8000,54.4000,0.000142
_243_,VGND,li1,40.4800,59.8400,0.000042
_242_,VGND,li1,63.2500,54.4000,0.000165
_241_,VGND,li1,68.3100,59.8400,0.000020
_240_,VGND,li1,42.3200,54.4000,0.000143
_239_,VGND,li1,52.9000,59.8400,0.000029
_238_,VGND,li1,64.6300,59.8400,0.000024
_237_,VGND,li1,58.1900,59.8400,0.000029
_236_,VGND,li1,40.2500,54.4000,0.000143
_235_,VGND,li1,28.5200,59.8400,0.000035
_234_,VGND,li1,50.6000,59.8400,0.000027
_233_,VGND,li1,57.9600,59.8400,0.000029
_232_,VGND,li1,59.1100,54.4000,0.000194
_231_,VGND,li1,29.9000,54.4000,0.000208
_230_,VGND,li1,47.1500,59.8400,0.000033
_229_,VGND,li1,50.3700,54.4000,0.000139
_228_,VGND,li1,55.4300,59.8400,0.000029
_227_,VGND,li1,36.8000,54.4000,0.000142
_226_,VGND,li1,46.4600,54.4000,0.000141
_225_,VGND,li1,54.0500,48.9600,0.000016
_224_,VGND,li1,61.8700,54.4000,0.000165
_223_,VGND,li1,34.2700,48.9600,0.000028
_222_,VGND,li1,25.0700,43.5200,0.000098
_221_,VGND,li1,57.0400,48.9600,0.000016
_220_,VGND,li1,64.1700,54.4000,0.000139
_219_,VGND,li1,56.3500,54.4000,0.000222
_218_,VGND,li1,39.5600,54.4000,0.000143
_217_,VGND,li1,46.0000,48.9600,0.000021
_216_,VGND,li1,53.8200,48.9600,0.000016
_215_,VGND,li1,57.7300,43.5200,0.000084
_214_,VGND,li1,39.1000,43.5200,0.000147
_213_,VGND,li1,35.6500,43.5200,0.000127
_212_,VGND,li1,40.7100,48.9600,0.000025
_211_,VGND,li1,52.6700,43.5200,0.000099
_210_,VGND,li1,54.5100,43.5200,0.000092
_209_,VGND,li1,24.3800,48.9600,0.000052
_208_,VGND,li1,42.3200,48.9600,0.000023
_207_,VGND,li1,51.0600,43.5200,0.000105
_206_,VGND,li1,49.4500,43.5200,0.000135
_205_,VGND,li1,32.6600,48.9600,0.000036
_204_,VGND,li1,37.0300,48.9600,0.000026
_203_,VGND,li1,48.5300,43.5200,0.000135
_202_,VGND,li1,54.9700,43.5200,0.000092
_201_,VGND,li1,50.8300,43.5200,0.000105
_200_,VGND,li1,33.5800,43.5200,0.000106
_199_,VGND,li1,41.8600,43.5200,0.000184
_198_,VGND,li1,49.2200,38.0800,0.000034
_197_,VGND,li1,35.8800,38.0800,0.000036
_196_,VGND,li1,43.4700,43.5200,0.000184
_195_,VGND,li1,46.2300,38.0800,0.000038
_194_,VGND,li1,54.0500,38.0800,0.000033
_193_,VGND,li1,52.2100,38.0800,0.000031
_192_,VGND,li1,52.6700,38.0800,0.000033
_191_,VGND,li1,20.7000,48.9600,0.000055
_190_,VGND,li1,34.2700,43.5200,0.000106
_189_,VGND,li1,37.7200,43.5200,0.000147
_188_,VGND,li1,46.0000,38.0800,0.000038
_187_,VGND,li1,48.0700,32.6400,0.000178
_186_,VGND,li1,28.9800,48.9600,0.000041
_185_,VGND,li1,39.3300,38.0800,0.000039
_184_,VGND,li1,48.5300,38.0800,0.000034
_183_,VGND,li1,50.8300,38.0800,0.000031
_182_,VGND,li1,43.9300,38.0800,0.000038
_181_,VGND,li1,25.5300,43.5200,0.000098
_180_,VGND,li1,30.3600,48.9600,0.000041
_179_,VGND,li1,27.3700,48.9600,0.000046
_178_,VGND,li1,41.8600,38.0800,0.000039
_177_,VGND,li1,46.0000,32.6400,0.000187
_176_,VGND,li1,47.6100,32.6400,0.000187
_175_,VGND,li1,49.4500,32.6400,0.000178
_174_,VGND,li1,32.4300,48.9600,0.000036
_173_,VGND,li1,34.2700,48.9600,0.000028
_172_,VGND,li1,42.0900,32.6400,0.000201
_171_,VGND,li1,45.3100,32.6400,0.000194
_170_,VGND,li1,34.9600,32.6400,0.000221
_169_,VGND,li1,40.0200,32.6400,0.000207
_168_,VGND,li1,40.0200,27.2000,0.000018
_167_,VGND,li1,17.4800,38.0800,0.000027
_166_,VGND,li1,33.3500,32.6400,0.000221
_165_,VGND,li1,37.9500,32.6400,0.000213
_164_,VGND,li1,43.4700,27.2000,0.000015
_163_,VGND,li1,42.0900,27.2000,0.000015
_162_,VGND,li1,21.3900,54.4000,0.000194
_161_,VGND,li1,23.9200,48.9600,0.000052
_160_,VGND,li1,29.2100,43.5200,0.000103
_159_,VGND,li1,33.1200,38.0800,0.000031
_158_,VGND,li1,33.1200,27.2000,0.000018
_157_,VGND,li1,37.4900,27.2000,0.000018
_156_,VGND,li1,35.1900,27.2000,0.000018
_155_,VGND,li1,17.0200,38.0800,0.000027
_154_,VGND,li1,19.5500,43.5200,0.000083
_153_,VGND,li1,34.7300,27.2000,0.000018
_152_,VGND,li1,38.8700,27.2000,0.000018
_151_,VGND,li1,37.0300,27.2000,0.000018
_150_,VGND,li1,23.6900,38.0800,0.000034
_149_,VGND,li1,37.7200,32.6400,0.000213
_148_,VGND,li1,38.1800,38.0800,0.000039
_147_,VGND,li1,29.2100,27.2000,0.000022
_146_,VGND,li1,27.3700,27.2000,0.000022
_145_,VGND,li1,24.6100,27.2000,0.000023
_144_,VGND,li1,28.2900,21.7600,0.000054
_143_,VGND,li1,17.0200,43.5200,0.000083
_142_,VGND,li1,19.7800,38.0800,0.000031
_141_,VGND,li1,16.7900,21.7600,0.000070
_140_,VGND,li1,16.5600,21.7600,0.000070
_139_,VGND,li1,17.2500,32.6400,0.000201
_138_,VGND,li1,17.7100,43.5200,0.000076
_137_,VGND,li1,20.0100,32.6400,0.000250
_136_,VGND,li1,22.7700,27.2000,0.000022
_135_,VGND,li1,30.5900,38.0800,0.000033
_134_,VGND,li1,19.3200,43.5200,0.000083
_133_,VGND,li1,14.2600,27.2000,0.000018
_132_,VGND,li1,16.7900,27.2000,0.000017
_131_,VGND,li1,20.9300,27.2000,0.000021
_130_,VGND,li1,16.7900,27.2000,0.000017
_129_,VGND,li1,20.4700,32.6400,0.000279
_128_,VGND,li1,14.7200,38.0800,0.000028
_127_,VGND,li1,15.8700,32.6400,0.000201
_126_,VGND,li1,17.2500,32.6400,0.000201
