OpenROAD b16bda7e82721d10566ff7e2b68f1ff0be9f9e38 
Features included (+) or not (-): +Charts +GPU +GUI +Python
This program is licensed under the BSD-3 license. See the LICENSE file for details.
Components of this program may be licensed under more restrictive licenses which must be honored.
Top-level design name: adder
Block boundaries: 0 0 69590 80310
Horizontal Tracks Origin: 340, Count: 118, Step: 680
Vertical Tracks Origin: 230, Count: 151, Step: 460
Placement details for the #N side
Virtual pin count:  0
Actual pin count:  16
Total pin count:  16
Tracks count:  151
Tracks per pin:  9
Used tracks count:  136
Unused track count:  15
Starting track index:  7
Placement Map:
[230, 690, 1150, 1610, 2070, 2530, 2990, [91m3450[0m, 3910, 4370, 4830, 5290, 5750, 6210, 6670, 7130, [91m7590[0m, 8050, 8510, 8970, 9430, 9890, 10350, 10810, 11270, [91m11730[0m, 12190, 12650, 13110, 13570, 14030, 14490, 14950, 15410, [91m15870[0m, 16330, 16790, 17250, 17710, 18170, 18630, 19090, 19550, [91m20010[0m, 20470, 20930, 21390, 21850, 22310, 22770, 23230, 23690, [91m24150[0m, 24610, 25070, 25530, 25990, 26450, 26910, 27370, 27830, [91m28290[0m, 28750, 29210, 29670, 30130, 30590, 31050, 31510, 31970, [91m32430[0m, 32890, 33350, 33810, 34270, 34730, 35190, 35650, 36110, [91m36570[0m, 37030, 37490, 37950, 38410, 38870, 39330, 39790, 40250, [91m40710[0m, 41170, 41630, 42090, 42550, 43010, 43470, 43930, 44390, [91m44850[0m, 45310, 45770, 46230, 46690, 47150, 47610, 48070, 48530, [91m48990[0m, 49450, 49910, 50370, 50830, 51290, 51750, 52210, 52670, [91m53130[0m, 53590, 54050, 54510, 54970, 55430, 55890, 56350, 56810, [91m57270[0m, 57730, 58190, 58650, 59110, 59570, 60030, 60490, 60950, [91m61410[0m, 61870, 62330, 62790, 63250, 63710, 64170, 64630, 65090, [91m65550[0m, 66010, 66470, 66930, 67390, 67850, 68310, 68770, 69230, ]
Indices of used tracks: [7, 16, 25, 34, 43, 52, 61, 70, 79, 88, 97, 106, 115, 124, 133, 142]
---
Placement details for the #E side
Virtual pin count:  0
Actual pin count:  2
Total pin count:  2
Tracks count:  59
Tracks per pin:  29
Used tracks count:  30
Unused track count:  29
Starting track index:  14
Placement Map:
[340, 1700, 3060, 4420, 5780, 7140, 8500, 9860, 11220, 12580, 13940, 15300, 16660, 18020, [91m19380[0m, 20740, 22100, 23460, 24820, 26180, 27540, 28900, 30260, 31620, 32980, 34340, 35700, 37060, 38420, 39780, 41140, 42500, 43860, 45220, 46580, 47940, 49300, 50660, 52020, 53380, 54740, 56100, 57460, [91m58820[0m, 60180, 61540, 62900, 64260, 65620, 66980, 68340, 69700, 71060, 72420, 73780, 75140, 76500, 77860, 79220, ]
Indices of used tracks: [14, 43]
---
Placement details for the #S side
Virtual pin count:  0
Actual pin count:  16
Total pin count:  16
Tracks count:  151
Tracks per pin:  9
Used tracks count:  136
Unused track count:  15
Starting track index:  7
Placement Map:
[230, 690, 1150, 1610, 2070, 2530, 2990, [91m3450[0m, 3910, 4370, 4830, 5290, 5750, 6210, 6670, 7130, [91m7590[0m, 8050, 8510, 8970, 9430, 9890, 10350, 10810, 11270, [91m11730[0m, 12190, 12650, 13110, 13570, 14030, 14490, 14950, 15410, [91m15870[0m, 16330, 16790, 17250, 17710, 18170, 18630, 19090, 19550, [91m20010[0m, 20470, 20930, 21390, 21850, 22310, 22770, 23230, 23690, [91m24150[0m, 24610, 25070, 25530, 25990, 26450, 26910, 27370, 27830, [91m28290[0m, 28750, 29210, 29670, 30130, 30590, 31050, 31510, 31970, [91m32430[0m, 32890, 33350, 33810, 34270, 34730, 35190, 35650, 36110, [91m36570[0m, 37030, 37490, 37950, 38410, 38870, 39330, 39790, 40250, [91m40710[0m, 41170, 41630, 42090, 42550, 43010, 43470, 43930, 44390, [91m44850[0m, 45310, 45770, 46230, 46690, 47150, 47610, 48070, 48530, [91m48990[0m, 49450, 49910, 50370, 50830, 51290, 51750, 52210, 52670, [91m53130[0m, 53590, 54050, 54510, 54970, 55430, 55890, 56350, 56810, [91m57270[0m, 57730, 58190, 58650, 59110, 59570, 60030, 60490, 60950, [91m61410[0m, 61870, 62330, 62790, 63250, 63710, 64170, 64630, 65090, [91m65550[0m, 66010, 66470, 66930, 67390, 67850, 68310, 68770, 69230, ]
Indices of used tracks: [7, 16, 25, 34, 43, 52, 61, 70, 79, 88, 97, 106, 115, 124, 133, 142]
---
Placement details for the #W side
Virtual pin count:  0
Actual pin count:  17
Total pin count:  17
Tracks count:  59
Tracks per pin:  3
Used tracks count:  49
Unused track count:  10
Starting track index:  5
Placement Map:
[340, 1700, 3060, 4420, 5780, [91m7140[0m, 8500, 9860, [91m11220[0m, 12580, 13940, [91m15300[0m, 16660, 18020, [91m19380[0m, 20740, 22100, [91m23460[0m, 24820, 26180, [91m27540[0m, 28900, 30260, [91m31620[0m, 32980, 34340, [91m35700[0m, 37060, 38420, [91m39780[0m, 41140, 42500, [91m43860[0m, 45220, 46580, [91m47940[0m, 49300, 50660, [91m52020[0m, 53380, 54740, [91m56100[0m, 57460, 58820, [91m60180[0m, 61540, 62900, [91m64260[0m, 65620, 66980, [91m68340[0m, 69700, 71060, [91m72420[0m, 73780, 75140, 76500, 77860, 79220, ]
Indices of used tracks: [5, 8, 11, 14, 17, 20, 23, 26, 29, 32, 35, 38, 41, 44, 47, 50, 53]
---
