
Circuit 1 cell sky130_fd_pr__pfet_01v8 and Circuit 2 cell sky130_fd_pr__pfet_01v8 are black boxes.
Warning: Equate pins:  cell sky130_fd_pr__pfet_01v8 is a placeholder, treated as a black box.
Warning: Equate pins:  cell sky130_fd_pr__pfet_01v8 is a placeholder, treated as a black box.

Subcircuit pins:
Circuit 1: sky130_fd_pr__pfet_01v8         |Circuit 2: sky130_fd_pr__pfet_01v8         
-------------------------------------------|-------------------------------------------
1                                          |1                                          
2                                          |2                                          
3                                          |3                                          
4                                          |4                                          
---------------------------------------------------------------------------------------
Cell pin lists are equivalent.
Device classes sky130_fd_pr__pfet_01v8 and sky130_fd_pr__pfet_01v8 are equivalent.

Circuit 1 cell sky130_fd_pr__nfet_01v8 and Circuit 2 cell sky130_fd_pr__nfet_01v8 are black boxes.
Warning: Equate pins:  cell sky130_fd_pr__nfet_01v8 is a placeholder, treated as a black box.
Warning: Equate pins:  cell sky130_fd_pr__nfet_01v8 is a placeholder, treated as a black box.

Subcircuit pins:
Circuit 1: sky130_fd_pr__nfet_01v8         |Circuit 2: sky130_fd_pr__nfet_01v8         
-------------------------------------------|-------------------------------------------
1                                          |1                                          
2                                          |2                                          
3                                          |3                                          
4                                          |4                                          
---------------------------------------------------------------------------------------
Cell pin lists are equivalent.
Device classes sky130_fd_pr__nfet_01v8 and sky130_fd_pr__nfet_01v8 are equivalent.

Class carry_n (0):  Merged 11 parallel devices.
Class carry_n (1):  Merged 11 parallel devices.
Subcircuit summary:
Circuit 1: carry_n                         |Circuit 2: carry_n                         
-------------------------------------------|-------------------------------------------
sky130_fd_pr__pfet_01v8 (14->5)            |sky130_fd_pr__pfet_01v8 (14->5)            
sky130_fd_pr__nfet_01v8 (7->5)             |sky130_fd_pr__nfet_01v8 (7->5)             
Number of devices: 10                      |Number of devices: 10                      
Number of nets: 10                         |Number of nets: 10                         
---------------------------------------------------------------------------------------
Netlists match uniquely with property errors.
sky130_fd_pr__nfet_01v8:M27 vs. sky130_fd_pr__nfet_01v8:1:
 W circuit1: 0.42   circuit2: 0.84   (delta=66.7%, cutoff=1%)
sky130_fd_pr__nfet_01v8:M25 vs. sky130_fd_pr__nfet_01v8:3:
 W circuit1: 0.42   circuit2: 0.84   (delta=66.7%, cutoff=1%)
sky130_fd_pr__nfet_01v8:M26 vs. sky130_fd_pr__nfet_01v8:16:
 W circuit1: 0.42   circuit2: 0.84   (delta=66.7%, cutoff=1%)
sky130_fd_pr__nfet_01v8:M30 vs. sky130_fd_pr__nfet_01v8:14:
 W circuit1: 0.42   circuit2: 0.84   (delta=66.7%, cutoff=1%)
sky130_fd_pr__nfet_01v8:M28 vs. sky130_fd_pr__nfet_01v8:17:
 W circuit1: 0.42   circuit2: 0.84   (delta=66.7%, cutoff=1%)
sky130_fd_pr__pfet_01v8:M11 vs. sky130_fd_pr__pfet_01v8:0:
 W circuit1: 0.42   circuit2: 0.84   (delta=66.7%, cutoff=1%)
sky130_fd_pr__pfet_01v8:M1 vs. sky130_fd_pr__pfet_01v8:4:
 W circuit1: 0.42   circuit2: 0.84   (delta=66.7%, cutoff=1%)
sky130_fd_pr__pfet_01v8:M7 vs. sky130_fd_pr__pfet_01v8:2:
 W circuit1: 0.42   circuit2: 0.84   (delta=66.7%, cutoff=1%)
sky130_fd_pr__pfet_01v8:M3 vs. sky130_fd_pr__pfet_01v8:5:
 W circuit1: 0.42   circuit2: 0.84   (delta=66.7%, cutoff=1%)
sky130_fd_pr__pfet_01v8:M13 vs. sky130_fd_pr__pfet_01v8:15:
 W circuit1: 0.42   circuit2: 0.84   (delta=66.7%, cutoff=1%)

Subcircuit pins:
Circuit 1: carry_n                         |Circuit 2: carry_n                         
-------------------------------------------|-------------------------------------------
DVDD                                       |DVDD                                       
DGND                                       |DGND                                       
cout_n                                     |cout_n                                     
b                                          |b                                          
a                                          |a                                          
cin                                        |cin                                        
---------------------------------------------------------------------------------------
Cell pin lists are equivalent.
Device classes carry_n and carry_n are equivalent.

Final result: Circuits match uniquely.
Property errors were found.

The following cells had property errors:
 carry_n
