
Circuit 1 cell sky130_fd_pr__pfet_01v8 and Circuit 2 cell sky130_fd_pr__pfet_01v8 are black boxes.
Warning: Equate pins:  cell sky130_fd_pr__pfet_01v8 is a placeholder, treated as a black box.
Warning: Equate pins:  cell sky130_fd_pr__pfet_01v8 is a placeholder, treated as a black box.

Subcircuit pins:
Circuit 1: sky130_fd_pr__pfet_01v8         |Circuit 2: sky130_fd_pr__pfet_01v8         
-------------------------------------------|-------------------------------------------
1                                          |1                                          
2                                          |2                                          
3                                          |3                                          
4                                          |4                                          
---------------------------------------------------------------------------------------
Cell pin lists are equivalent.
Device classes sky130_fd_pr__pfet_01v8 and sky130_fd_pr__pfet_01v8 are equivalent.

Circuit 1 cell sky130_fd_pr__nfet_01v8 and Circuit 2 cell sky130_fd_pr__nfet_01v8 are black boxes.
Warning: Equate pins:  cell sky130_fd_pr__nfet_01v8 is a placeholder, treated as a black box.
Warning: Equate pins:  cell sky130_fd_pr__nfet_01v8 is a placeholder, treated as a black box.

Subcircuit pins:
Circuit 1: sky130_fd_pr__nfet_01v8         |Circuit 2: sky130_fd_pr__nfet_01v8         
-------------------------------------------|-------------------------------------------
1                                          |1                                          
2                                          |2                                          
3                                          |3                                          
4                                          |4                                          
---------------------------------------------------------------------------------------
Cell pin lists are equivalent.
Device classes sky130_fd_pr__nfet_01v8 and sky130_fd_pr__nfet_01v8 are equivalent.
Flattening unmatched subcell carry in circuit rca8b (0)(4 instances)
Flattening unmatched subcell carry_n in circuit rca8b (0)(4 instances)
Flattening unmatched subcell sum in circuit rca8b (0)(4 instances)
Flattening unmatched subcell sum_n in circuit rca8b (0)(4 instances)

Cell rca8b (1) disconnected node: a5
Cell rca8b (1) disconnected node: b5
Cell rca8b (1) disconnected node: a6
Cell rca8b (1) disconnected node: b6
Cell rca8b (1) disconnected node: a7
Cell rca8b (1) disconnected node: b7
Cell rca8b (1) disconnected node: a8
Cell rca8b (1) disconnected node: b8
Class rca8b (0):  Merged 88 parallel devices.
Class rca8b (1):  Merged 88 parallel devices.
Cell rca8b (1) disconnected node: a5
Cell rca8b (1) disconnected node: b5
Cell rca8b (1) disconnected node: a6
Cell rca8b (1) disconnected node: b6
Cell rca8b (1) disconnected node: a7
Cell rca8b (1) disconnected node: b7
Cell rca8b (1) disconnected node: a8
Cell rca8b (1) disconnected node: b8
Subcircuit summary:
Circuit 1: rca8b                           |Circuit 2: rca8b                           
-------------------------------------------|-------------------------------------------
sky130_fd_pr__pfet_01v8 (184->112)         |sky130_fd_pr__pfet_01v8 (184->112)         
sky130_fd_pr__nfet_01v8 (128->112)         |sky130_fd_pr__nfet_01v8 (128->112)         
Number of devices: 224                     |Number of devices: 224                     
Number of nets: 131 **Mismatch**           |Number of nets: 144 **Mismatch**           
---------------------------------------------------------------------------------------
NET mismatches: Class fragments follow (with fanout counts):
Circuit 1: rca8b                           |Circuit 2: rca8b                           

---------------------------------------------------------------------------------------
Net: DVDD                                  |Net: DVDD                                  
  sky130_fd_pr__pfet_01v8/(1|3) = 72       |  sky130_fd_pr__pfet_01v8/(1|3) = 72       
  sky130_fd_pr__pfet_01v8/4 = 112          |  sky130_fd_pr__pfet_01v8/4 = 102          
                                           |                                           
Net: DGND                                  |Net: DGND                                  
  sky130_fd_pr__nfet_01v8/(1|3) = 72       |  sky130_fd_pr__nfet_01v8/(1|3) = 44       
  sky130_fd_pr__nfet_01v8/4 = 112          |  sky130_fd_pr__nfet_01v8/4 = 112          
                                           |                                           
Net: a2                                    |Net: a_2478_n1101#                         
  sky130_fd_pr__pfet_01v8/2 = 2            |  sky130_fd_pr__nfet_01v8/(1|3) = 4        
  sky130_fd_pr__nfet_01v8/2 = 2            |                                           
                                           |                                           
Net: a4                                    |Net: a_773_n3577#                          
  sky130_fd_pr__pfet_01v8/2 = 2            |  sky130_fd_pr__pfet_01v8/2 = 4            
  sky130_fd_pr__nfet_01v8/2 = 2            |  sky130_fd_pr__nfet_01v8/2 = 4            
                                           |                                           
Net: a6                                    |Net: a_1698_n1902#                         
  sky130_fd_pr__pfet_01v8/2 = 2            |  sky130_fd_pr__pfet_01v8/(1|3) = 2        
  sky130_fd_pr__nfet_01v8/2 = 2            |  sky130_fd_pr__pfet_01v8/2 = 4            
                                           |  sky130_fd_pr__nfet_01v8/2 = 4            
                                           |  sky130_fd_pr__nfet_01v8/(1|3) = 2        
                                           |                                           
Net: a8                                    |Net: a_1698_n2990#                         
  sky130_fd_pr__pfet_01v8/2 = 2            |  sky130_fd_pr__pfet_01v8/2 = 4            
  sky130_fd_pr__nfet_01v8/2 = 2            |  sky130_fd_pr__nfet_01v8/2 = 4            
                                           |  sky130_fd_pr__pfet_01v8/(1|3) = 2        
                                           |  sky130_fd_pr__nfet_01v8/(1|3) = 2        
                                           |                                           
Net: b2                                    |Net: a_1698_n814#                          
  sky130_fd_pr__pfet_01v8/2 = 2            |  sky130_fd_pr__pfet_01v8/2 = 4            
  sky130_fd_pr__nfet_01v8/2 = 2            |  sky130_fd_pr__pfet_01v8/(1|3) = 2        
                                           |  sky130_fd_pr__nfet_01v8/2 = 4            
                                           |  sky130_fd_pr__nfet_01v8/(1|3) = 2        
                                           |                                           
Net: b4                                    |Net: a_n462_n1511#                         
  sky130_fd_pr__pfet_01v8/2 = 2            |  sky130_fd_pr__pfet_01v8/2 = 4            
  sky130_fd_pr__nfet_01v8/2 = 2            |  sky130_fd_pr__nfet_01v8/2 = 4            
                                           |  sky130_fd_pr__nfet_01v8/(1|3) = 2        
                                           |  sky130_fd_pr__pfet_01v8/(1|3) = 2        
                                           |                                           
Net: b6                                    |Net: a_n462_n2599#                         
  sky130_fd_pr__pfet_01v8/2 = 2            |  sky130_fd_pr__nfet_01v8/2 = 4            
  sky130_fd_pr__nfet_01v8/2 = 2            |  sky130_fd_pr__pfet_01v8/(1|3) = 2        
                                           |  sky130_fd_pr__pfet_01v8/2 = 4            
                                           |  sky130_fd_pr__nfet_01v8/(1|3) = 2        
                                           |                                           
Net: b8                                    |Net: a_n462_n3687#                         
  sky130_fd_pr__pfet_01v8/2 = 2            |  sky130_fd_pr__pfet_01v8/2 = 4            
  sky130_fd_pr__nfet_01v8/2 = 2            |  sky130_fd_pr__nfet_01v8/(1|3) = 2        
                                           |  sky130_fd_pr__nfet_01v8/2 = 4            
                                           |  sky130_fd_pr__pfet_01v8/(1|3) = 2        
                                           |                                           
Net: net2                                  |Net: a_1049_n3577#                         
  sky130_fd_pr__pfet_01v8/(1|3) = 2        |  sky130_fd_pr__pfet_01v8/2 = 4            
  sky130_fd_pr__nfet_01v8/(1|3) = 2        |  sky130_fd_pr__nfet_01v8/2 = 4            
  sky130_fd_pr__nfet_01v8/2 = 4            |                                           
  sky130_fd_pr__pfet_01v8/2 = 4            |                                           
                                           |                                           
Net: net4                                  |Net: a_1049_n1401#                         
  sky130_fd_pr__pfet_01v8/(1|3) = 2        |  sky130_fd_pr__pfet_01v8/2 = 4            
  sky130_fd_pr__nfet_01v8/(1|3) = 2        |  sky130_fd_pr__nfet_01v8/2 = 4            
  sky130_fd_pr__nfet_01v8/2 = 4            |                                           
  sky130_fd_pr__pfet_01v8/2 = 4            |                                           
                                           |                                           
Net: net6                                  |Net: a_1049_n313#                          
  sky130_fd_pr__pfet_01v8/(1|3) = 2        |  sky130_fd_pr__nfet_01v8/2 = 4            
  sky130_fd_pr__nfet_01v8/(1|3) = 2        |  sky130_fd_pr__pfet_01v8/2 = 4            
  sky130_fd_pr__nfet_01v8/2 = 4            |                                           
  sky130_fd_pr__pfet_01v8/2 = 4            |                                           
                                           |                                           
Net: net1                                  |Net: a_1049_n2489#                         
  sky130_fd_pr__pfet_01v8/2 = 4            |  sky130_fd_pr__nfet_01v8/2 = 4            
  sky130_fd_pr__nfet_01v8/2 = 4            |  sky130_fd_pr__pfet_01v8/2 = 4            
  sky130_fd_pr__pfet_01v8/(1|3) = 2        |                                           
  sky130_fd_pr__nfet_01v8/(1|3) = 2        |                                           
                                           |                                           
Net: net3                                  |Net: a_773_n2489#                          
  sky130_fd_pr__pfet_01v8/2 = 4            |  sky130_fd_pr__pfet_01v8/2 = 4            
  sky130_fd_pr__nfet_01v8/2 = 4            |  sky130_fd_pr__nfet_01v8/2 = 4            
  sky130_fd_pr__pfet_01v8/(1|3) = 2        |                                           
  sky130_fd_pr__nfet_01v8/(1|3) = 2        |                                           
                                           |                                           
Net: net5                                  |Net: a_773_n313#                           
  sky130_fd_pr__pfet_01v8/2 = 4            |  sky130_fd_pr__pfet_01v8/2 = 4            
  sky130_fd_pr__nfet_01v8/2 = 4            |  sky130_fd_pr__nfet_01v8/2 = 4            
  sky130_fd_pr__pfet_01v8/(1|3) = 2        |                                           
  sky130_fd_pr__nfet_01v8/(1|3) = 2        |                                           
                                           |                                           
Net: net7                                  |Net: a_773_n1401#                          
  sky130_fd_pr__pfet_01v8/2 = 4            |  sky130_fd_pr__pfet_01v8/2 = 4            
  sky130_fd_pr__nfet_01v8/2 = 4            |  sky130_fd_pr__nfet_01v8/2 = 4            
  sky130_fd_pr__pfet_01v8/(1|3) = 2        |                                           
  sky130_fd_pr__nfet_01v8/(1|3) = 2        |                                           
                                           |                                           
Net: cin                                   |Net: cin                                   
  sky130_fd_pr__pfet_01v8/2 = 3            |  sky130_fd_pr__pfet_01v8/2 = 2            
  sky130_fd_pr__nfet_01v8/2 = 3            |  sky130_fd_pr__nfet_01v8/2 = 2            
                                           |                                           
Net: cout                                  |Net: cout                                  
  sky130_fd_pr__pfet_01v8/(1|3) = 2        |  sky130_fd_pr__pfet_01v8/(1|3) = 2        
  sky130_fd_pr__pfet_01v8/2 = 1            |  sky130_fd_pr__pfet_01v8/2 = 2            
  sky130_fd_pr__nfet_01v8/(1|3) = 2        |  sky130_fd_pr__nfet_01v8/(1|3) = 2        
  sky130_fd_pr__nfet_01v8/2 = 1            |  sky130_fd_pr__nfet_01v8/2 = 2            
                                           |                                           
Net: carry:1/a                             |Net: a_2998_n1288#                         
  sky130_fd_pr__pfet_01v8/2 = 2            |  sky130_fd_pr__nfet_01v8/(1|3) = 2        
  sky130_fd_pr__nfet_01v8/2 = 2            |                                           
  sky130_fd_pr__pfet_01v8/(1|3) = 1        |                                           
  sky130_fd_pr__nfet_01v8/(1|3) = 1        |                                           
                                           |                                           
Net: carry:1/b                             |Net: a_2998_n200#                          
  sky130_fd_pr__pfet_01v8/2 = 2            |  sky130_fd_pr__nfet_01v8/(1|3) = 2        
  sky130_fd_pr__nfet_01v8/2 = 2            |                                           
  sky130_fd_pr__pfet_01v8/(1|3) = 1        |                                           
  sky130_fd_pr__nfet_01v8/(1|3) = 1        |                                           
                                           |                                           
Net: carry:5/a                             |Net: a_2998_n2376#                         
  sky130_fd_pr__pfet_01v8/2 = 2            |  sky130_fd_pr__nfet_01v8/(1|3) = 2        
  sky130_fd_pr__nfet_01v8/2 = 2            |                                           
  sky130_fd_pr__pfet_01v8/(1|3) = 1        |                                           
  sky130_fd_pr__nfet_01v8/(1|3) = 1        |                                           
                                           |                                           
Net: carry:5/b                             |Net: a_2998_n3464#                         
  sky130_fd_pr__pfet_01v8/2 = 2            |  sky130_fd_pr__nfet_01v8/(1|3) = 2        
  sky130_fd_pr__nfet_01v8/2 = 2            |                                           
  sky130_fd_pr__pfet_01v8/(1|3) = 1        |                                           
  sky130_fd_pr__nfet_01v8/(1|3) = 1        |                                           
                                           |                                           
Net: carry:9/a                             |Net: a_n268_n1288#                         
  sky130_fd_pr__pfet_01v8/2 = 2            |  sky130_fd_pr__nfet_01v8/(1|3) = 2        
  sky130_fd_pr__nfet_01v8/2 = 2            |                                           
  sky130_fd_pr__pfet_01v8/(1|3) = 1        |                                           
  sky130_fd_pr__nfet_01v8/(1|3) = 1        |                                           
                                           |                                           
Net: carry:9/b                             |Net: a_n268_n2376#                         
  sky130_fd_pr__pfet_01v8/2 = 2            |  sky130_fd_pr__nfet_01v8/(1|3) = 2        
  sky130_fd_pr__nfet_01v8/2 = 2            |                                           
  sky130_fd_pr__pfet_01v8/(1|3) = 1        |                                           
  sky130_fd_pr__nfet_01v8/(1|3) = 1        |                                           
                                           |                                           
Net: carry:13/a                            |Net: a_n268_n3464#                         
  sky130_fd_pr__pfet_01v8/2 = 2            |  sky130_fd_pr__nfet_01v8/(1|3) = 2        
  sky130_fd_pr__nfet_01v8/2 = 2            |                                           
  sky130_fd_pr__pfet_01v8/(1|3) = 1        |                                           
  sky130_fd_pr__nfet_01v8/(1|3) = 1        |                                           
                                           |                                           
Net: carry:13/b                            |Net: a_n268_n200#                          
  sky130_fd_pr__pfet_01v8/2 = 2            |  sky130_fd_pr__nfet_01v8/(1|3) = 2        
  sky130_fd_pr__nfet_01v8/2 = 2            |                                           
  sky130_fd_pr__pfet_01v8/(1|3) = 1        |                                           
  sky130_fd_pr__nfet_01v8/(1|3) = 1        |                                           
                                           |                                           
(no matching net)                          |Net: a_1145_n2714#                         
                                           |  sky130_fd_pr__nfet_01v8/(1|3) = 1        
                                           |  sky130_fd_pr__pfet_01v8/(1|3) = 1        
                                           |                                           
(no matching net)                          |Net: a_1145_n3802#                         
                                           |  sky130_fd_pr__pfet_01v8/(1|3) = 1        
                                           |  sky130_fd_pr__nfet_01v8/(1|3) = 1        
                                           |                                           
(no matching net)                          |Net: a_869_n3802#                          
                                           |  sky130_fd_pr__nfet_01v8/(1|3) = 1        
                                           |  sky130_fd_pr__pfet_01v8/(1|3) = 1        
                                           |                                           
(no matching net)                          |Net: a_1145_n538#                          
                                           |  sky130_fd_pr__pfet_01v8/(1|3) = 1        
                                           |  sky130_fd_pr__nfet_01v8/(1|3) = 1        
                                           |                                           
(no matching net)                          |Net: a_869_n538#                           
                                           |  sky130_fd_pr__pfet_01v8/(1|3) = 1        
                                           |  sky130_fd_pr__nfet_01v8/(1|3) = 1        
                                           |                                           
(no matching net)                          |Net: a_869_n1626#                          
                                           |  sky130_fd_pr__pfet_01v8/(1|3) = 1        
                                           |  sky130_fd_pr__nfet_01v8/(1|3) = 1        
                                           |                                           
(no matching net)                          |Net: a_1145_n1626#                         
                                           |  sky130_fd_pr__pfet_01v8/(1|3) = 1        
                                           |  sky130_fd_pr__nfet_01v8/(1|3) = 1        
                                           |                                           
(no matching net)                          |Net: a_869_n2714#                          
                                           |  sky130_fd_pr__pfet_01v8/(1|3) = 1        
                                           |  sky130_fd_pr__nfet_01v8/(1|3) = 1        
                                           |                                           
(no matching net)                          |Net: a_n71_n1421#                          
                                           |  sky130_fd_pr__nfet_01v8/2 = 1            
                                           |  sky130_fd_pr__pfet_01v8/2 = 1            
                                           |                                           
(no matching net)                          |Net: a_2478_n3277#                         
                                           |  sky130_fd_pr__nfet_01v8/(1|3) = 4        
                                           |                                           
(no matching net)                          |Net: a_n488_n3464#                         
                                           |  sky130_fd_pr__nfet_01v8/(1|3) = 4        
                                           |                                           
(no matching net)                          |Net: a_n462_n423#                          
                                           |  sky130_fd_pr__pfet_01v8/2 = 3            
                                           |  sky130_fd_pr__nfet_01v8/2 = 3            
                                           |  sky130_fd_pr__nfet_01v8/(1|3) = 2        
                                           |  sky130_fd_pr__pfet_01v8/(1|3) = 2        
                                           |                                           
(no matching net)                          |Net: w_n755_206#                           
                                           |  sky130_fd_pr__pfet_01v8/4 = 10           
---------------------------------------------------------------------------------------
Netlists do not match.
Port matching may fail to disambiguate symmetries.

Subcircuit pins:
Circuit 1: rca8b                           |Circuit 2: rca8b                           
-------------------------------------------|-------------------------------------------
DVDD                                       |(no pin, node is a_n488_n3464#             
DGND                                       |(no pin, node is a_2478_n3277#             
a2                                         |(no pin, node is a_2478_n1101#             
a4                                         |cin **Mismatch**                           
a6                                         |(no pin, node is a_1698_n1902#             
a8                                         |(no pin, node is a_1698_n2990#             
b2                                         |(no pin, node is a_1698_n814#              
b4                                         |(no pin, node is a_n462_n1511#             
b6                                         |(no pin, node is a_n462_n2599#             
b8                                         |(no pin, node is a_n462_n3687#             
cin                                        |(no pin, node is a_773_n3577#              
cout                                       |cout                                       
b7                                         |a1 **Mismatch**                            
b5                                         |a3 **Mismatch**                            
b3                                         |a4 **Mismatch**                            
b1                                         |a2 **Mismatch**                            
a7                                         |b3 **Mismatch**                            
a5                                         |b2 **Mismatch**                            
a3                                         |b4 **Mismatch**                            
a1                                         |b1 **Mismatch**                            
s1                                         |s2 **Mismatch**                            
s3                                         |s1 **Mismatch**                            
s5                                         |s3 **Mismatch**                            
s7                                         |s4 **Mismatch**                            
s2                                         |s8 **Mismatch**                            
s4                                         |s6 **Mismatch**                            
s6                                         |s5 **Mismatch**                            
s8                                         |s7 **Mismatch**                            
(no matching pin)                          |a5                                         
(no matching pin)                          |b5                                         
(no matching pin)                          |a6                                         
(no matching pin)                          |b6                                         
(no matching pin)                          |a7                                         
(no matching pin)                          |b7                                         
(no matching pin)                          |a8                                         
(no matching pin)                          |b8                                         
(no matching pin)                          |DVDD                                       
(no matching pin)                          |DGND                                       
---------------------------------------------------------------------------------------
Cell pin lists for rca8b and rca8b altered to match.
Device classes rca8b and rca8b are equivalent.

Final result: Top level cell failed pin matching.
