OpenROAD b16bda7e82721d10566ff7e2b68f1ff0be9f9e38 
Features included (+) or not (-): +Charts +GPU +GUI +Python
This program is licensed under the BSD-3 license. See the LICENSE file for details.
Components of this program may be licensed under more restrictive licenses which must be honored.
define_corners Typical
read_liberty -corner Typical /volare/sky130A/libs.ref/sky130_fd_sc_hd/lib/sky130_fd_sc_hd__tt_025C_1v80.lib
Using 1e-12 for capacitance...
Using 1e+03 for resistance...
Using 1e-09 for time...
Using 1e+00 for voltage...
Using 1e-03 for current...
Using 1e-09 for power...
Using 1e-06 for distance...
[INFO]: Reading ODB at '/openlane/designs/adder/runs/auto_pnr/results/floorplan/adder.odb'…
Reading design constraints file at '/openlane/designs/adder/src/adder.sdc'…
[INFO]: Setting RC values...
[INFO]: Setting signal min routing layer to: met1 and clock min routing layer to met3. 
[INFO]: Setting signal max routing layer to: met5 and clock max routing layer to met5. 
[INFO GPL-0002] DBU: 1000
[INFO GPL-0003] SiteSize: (  0.460  2.720 ) um
[INFO GPL-0004] CoreBBox: (  5.520 10.880 ) ( 67.620 70.720 ) um
[INFO GPL-0006] NumInstances:               219
[INFO GPL-0007] NumPlaceInstances:          127
[INFO GPL-0008] NumFixedInstances:           92
[INFO GPL-0009] NumDummyInstances:            0
[INFO GPL-0010] NumNets:                    161
[INFO GPL-0011] NumPins:                    451
[INFO GPL-0012] DieBBox:  (  0.000  0.000 ) ( 73.420 84.140 ) um
[INFO GPL-0013] CoreBBox: (  5.520 10.880 ) ( 67.620 70.720 ) um
[INFO GPL-0016] CoreArea:              3716.064 um^2
[INFO GPL-0017] NonPlaceInstsArea:      225.216 um^2
[INFO GPL-0018] PlaceInstsArea:        1945.616 um^2
[INFO GPL-0019] Util:                    55.735 %
[INFO GPL-0020] StdInstsArea:          1945.616 um^2
[INFO GPL-0021] MacroInstsArea:           0.000 um^2
[InitialPlace]  Iter: 1 CG residual: 0.00000008 HPWL: 4629960
[InitialPlace]  Iter: 2 CG residual: 0.00000011 HPWL: 3995113
[InitialPlace]  Iter: 3 CG residual: 0.00000011 HPWL: 3931743
[InitialPlace]  Iter: 4 CG residual: 0.00000011 HPWL: 3907469
[InitialPlace]  Iter: 5 CG residual: 0.00000007 HPWL: 3899846
[INFO GPL-0031] FillerInit:NumGCells:       136
[INFO GPL-0032] FillerInit:NumGNets:        161
[INFO GPL-0033] FillerInit:NumGPins:        451
[INFO GPL-0023] TargetDensity:            0.600
[INFO GPL-0024] AvrgPlaceInstArea:       15.320 um^2
[INFO GPL-0025] IdealBinArea:            25.533 um^2
[INFO GPL-0026] IdealBinCnt:                145
[INFO GPL-0027] TotalBinArea:          3716.064 um^2
[INFO GPL-0028] BinCnt:         8      8
[INFO GPL-0029] BinSize: (  7.763  7.480 )
[INFO GPL-0030] NumBins: 64
[NesterovSolve] Iter:    1 overflow: 0.293 HPWL: 2797132
[INFO GPL-0100] worst slack 6.15e-10
[INFO GPL-0103] Weighted 15 nets.
[NesterovSolve] Snapshot saved at iter = 0
[NesterovSolve] Iter:   10 overflow: 0.338 HPWL: 2887699
[NesterovSolve] Iter:   20 overflow: 0.339 HPWL: 2975792
[NesterovSolve] Iter:   30 overflow: 0.333 HPWL: 2983863
[NesterovSolve] Iter:   40 overflow: 0.330 HPWL: 2971940
[NesterovSolve] Iter:   50 overflow: 0.332 HPWL: 2965631
[NesterovSolve] Iter:   60 overflow: 0.334 HPWL: 2967773
[NesterovSolve] Iter:   70 overflow: 0.331 HPWL: 2967104
[NesterovSolve] Iter:   80 overflow: 0.332 HPWL: 2965002
[NesterovSolve] Iter:   90 overflow: 0.333 HPWL: 2966803
[NesterovSolve] Iter:  100 overflow: 0.332 HPWL: 2969058
[NesterovSolve] Iter:  110 overflow: 0.331 HPWL: 2966463
[NesterovSolve] Iter:  120 overflow: 0.332 HPWL: 2963503
[NesterovSolve] Iter:  130 overflow: 0.332 HPWL: 2964253
[NesterovSolve] Iter:  140 overflow: 0.331 HPWL: 2965287
[NesterovSolve] Iter:  150 overflow: 0.330 HPWL: 2962960
[NesterovSolve] Iter:  160 overflow: 0.329 HPWL: 2958747
[NesterovSolve] Iter:  170 overflow: 0.325 HPWL: 2951046
[NesterovSolve] Iter:  180 overflow: 0.322 HPWL: 2939668
[NesterovSolve] Iter:  190 overflow: 0.320 HPWL: 2932779
[NesterovSolve] Iter:  200 overflow: 0.316 HPWL: 2928265
[NesterovSolve] Iter:  210 overflow: 0.307 HPWL: 2918713
[NesterovSolve] Iter:  220 overflow: 0.295 HPWL: 2902442
[INFO GPL-0100] worst slack 6e-10
[INFO GPL-0103] Weighted 13 nets.
[NesterovSolve] Iter:  230 overflow: 0.275 HPWL: 2882720
[NesterovSolve] Iter:  240 overflow: 0.256 HPWL: 2858194
[NesterovSolve] Iter:  250 overflow: 0.234 HPWL: 2842357
[INFO GPL-0100] worst slack 6.09e-10
[INFO GPL-0103] Weighted 12 nets.
[NesterovSolve] Iter:  260 overflow: 0.199 HPWL: 2822644
[INFO GPL-0075] Routability numCall: 1 inflationIterCnt: 1 bloatIterCnt: 0
[INFO GPL-0036] TileBBox: (    0    0 ) ( 6900 6900 ) DBU
[INFO GPL-0038] TileCnt:      10   12
[INFO GPL-0039] numRoutingLayers: 6
[INFO GPL-0040] NumTiles: 120
[INFO GPL-0063] TotalRouteOverflowH2: 0
[INFO GPL-0064] TotalRouteOverflowV2: 0
[INFO GPL-0065] OverflowTileCnt2: 0
[INFO GPL-0066] 0.5%RC: 0.9750
[INFO GPL-0067] 1.0%RC: 0.9500
[INFO GPL-0068] 2.0%RC: 0.9286
[INFO GPL-0069] 5.0%RC: 0.8647
[INFO GPL-0070] 0.5rcK: 1
[INFO GPL-0071] 1.0rcK: 1
[INFO GPL-0072] 2.0rcK: 0
[INFO GPL-0073] 5.0rcK: 0
[INFO GPL-0074] FinalRC: 0.9625
[INFO GPL-0077] FinalRC lower than targetRC(1), routability not needed.
[NesterovSolve] Iter:  270 overflow: 0.191 HPWL: 2825166
[NesterovSolve] Iter:  280 overflow: 0.169 HPWL: 2833244
[INFO GPL-0100] worst slack 6.08e-10
[INFO GPL-0103] Weighted 15 nets.
[NesterovSolve] Iter:  290 overflow: 0.140 HPWL: 2838795
[NesterovSolve] Iter:  300 overflow: 0.123 HPWL: 2867557
[NesterovSolve] Iter:  310 overflow: 0.103 HPWL: 2870970
[NesterovSolve] Finished with Overflow: 0.099485
Setting global connections for newly added cells…
Writing OpenROAD database to '/openlane/designs/adder/runs/auto_pnr/tmp/placement/7-global.odb'…
Writing netlist to '/openlane/designs/adder/runs/auto_pnr/tmp/placement/7-global.nl.v'…
Writing powered netlist to '/openlane/designs/adder/runs/auto_pnr/tmp/placement/7-global.pnl.v'…
Writing layout to '/openlane/designs/adder/runs/auto_pnr/tmp/placement/7-global.def'…
