OpenSTA 2.5.0 GITDIR-NOT Copyright (c) 2024, Parallax Software, Inc.
License GPLv3: GNU GPL version 3 <http://gnu.org/licenses/gpl.html>

This is free software, and you are free to change and redistribute it
under certain conditions; type `show_copying' for details. 
This program comes with ABSOLUTELY NO WARRANTY; for details type `show_warranty'.
define_corners Typical
read_liberty -corner Typical /volare/sky130A/libs.ref/sky130_fd_sc_hd/lib/sky130_fd_sc_hd__tt_025C_1v80.lib
Using 1e-12 for capacitance...
Using 1e+03 for resistance...
Using 1e-09 for time...
Using 1e+00 for voltage...
Using 1e-03 for current...
Using 1e-09 for power...
Using 1e-06 for distance...
Reading netlist '/openlane/designs/brent-kung/runs/auto_pnr/results/synthesis/adder.v'…
Reading design constraints file at '/openlane/designs/brent-kung/src/adder.sdc'…
min_report

===========================================================================
report_checks -path_delay min (Hold)
============================================================================
======================= Typical Corner ===================================

Startpoint: _188_ (rising edge-triggered flip-flop clocked by core_clock)
Endpoint: _155_ (rising edge-triggered flip-flop clocked by core_clock)
Path Group: core_clock
Path Type: min

Fanout     Cap    Slew   Delay    Time   Description
-----------------------------------------------------------------------------
                  0.00    0.00    0.00   clock core_clock (rise edge)
                          0.00    0.00   clock network delay (ideal)
                  0.00    0.00    0.00 ^ _188_/CLK (sky130_fd_sc_hd__dfxtp_2)
     3    0.01    0.04    0.31    0.31 v _188_/Q (sky130_fd_sc_hd__dfxtp_2)
                                         x2.B (net)
                  0.04    0.00    0.31 v _069_/A (sky130_fd_sc_hd__nand2_2)
     1    0.01    0.04    0.05    0.36 ^ _069_/Y (sky130_fd_sc_hd__nand2_2)
                                         _030_ (net)
                  0.04    0.00    0.36 ^ _071_/A2 (sky130_fd_sc_hd__a21oi_2)
     1    0.00    0.03    0.04    0.40 v _071_/Y (sky130_fd_sc_hd__a21oi_2)
                                         x63.S (net)
                  0.03    0.00    0.40 v _155_/D (sky130_fd_sc_hd__dfxtp_2)
                                  0.40   data arrival time

                  0.00    0.00    0.00   clock core_clock (rise edge)
                          0.00    0.00   clock network delay (ideal)
                          0.00    0.00   clock reconvergence pessimism
                                  0.00 ^ _155_/CLK (sky130_fd_sc_hd__dfxtp_2)
                         -0.05   -0.05   library hold time
                                 -0.05   data required time
-----------------------------------------------------------------------------
                                 -0.05   data required time
                                 -0.40   data arrival time
-----------------------------------------------------------------------------
                                  0.45   slack (MET)


Startpoint: _196_ (rising edge-triggered flip-flop clocked by core_clock)
Endpoint: _163_ (rising edge-triggered flip-flop clocked by core_clock)
Path Group: core_clock
Path Type: min

Fanout     Cap    Slew   Delay    Time   Description
-----------------------------------------------------------------------------
                  0.00    0.00    0.00   clock core_clock (rise edge)
                          0.00    0.00   clock network delay (ideal)
                  0.00    0.00    0.00 ^ _196_/CLK (sky130_fd_sc_hd__dfxtp_2)
     3    0.01    0.04    0.31    0.31 v _196_/Q (sky130_fd_sc_hd__dfxtp_2)
                                         x18.B (net)
                  0.04    0.00    0.31 v _110_/A (sky130_fd_sc_hd__nand2_2)
     1    0.01    0.04    0.05    0.36 ^ _110_/Y (sky130_fd_sc_hd__nand2_2)
                                         _063_ (net)
                  0.04    0.00    0.36 ^ _112_/A2 (sky130_fd_sc_hd__a21oi_2)
     1    0.00    0.03    0.04    0.40 v _112_/Y (sky130_fd_sc_hd__a21oi_2)
                                         x71.S (net)
                  0.03    0.00    0.40 v _163_/D (sky130_fd_sc_hd__dfxtp_2)
                                  0.40   data arrival time

                  0.00    0.00    0.00   clock core_clock (rise edge)
                          0.00    0.00   clock network delay (ideal)
                          0.00    0.00   clock reconvergence pessimism
                                  0.00 ^ _163_/CLK (sky130_fd_sc_hd__dfxtp_2)
                         -0.05   -0.05   library hold time
                                 -0.05   data required time
-----------------------------------------------------------------------------
                                 -0.05   data required time
                                 -0.40   data arrival time
-----------------------------------------------------------------------------
                                  0.45   slack (MET)


Startpoint: _194_ (rising edge-triggered flip-flop clocked by core_clock)
Endpoint: _161_ (rising edge-triggered flip-flop clocked by core_clock)
Path Group: core_clock
Path Type: min

Fanout     Cap    Slew   Delay    Time   Description
-----------------------------------------------------------------------------
                  0.00    0.00    0.00   clock core_clock (rise edge)
                          0.00    0.00   clock network delay (ideal)
                  0.00    0.00    0.00 ^ _194_/CLK (sky130_fd_sc_hd__dfxtp_2)
     4    0.01    0.06    0.32    0.32 ^ _194_/Q (sky130_fd_sc_hd__dfxtp_2)
                                         x14.B (net)
                  0.06    0.00    0.32 ^ _098_/A1 (sky130_fd_sc_hd__a21o_2)
     1    0.00    0.02    0.11    0.42 ^ _098_/X (sky130_fd_sc_hd__a21o_2)
                                         x69.S (net)
                  0.02    0.00    0.42 ^ _161_/D (sky130_fd_sc_hd__dfxtp_2)
                                  0.42   data arrival time

                  0.00    0.00    0.00   clock core_clock (rise edge)
                          0.00    0.00   clock network delay (ideal)
                          0.00    0.00   clock reconvergence pessimism
                                  0.00 ^ _161_/CLK (sky130_fd_sc_hd__dfxtp_2)
                         -0.03   -0.03   library hold time
                                 -0.03   data required time
-----------------------------------------------------------------------------
                                 -0.03   data required time
                                 -0.42   data arrival time
-----------------------------------------------------------------------------
                                  0.45   slack (MET)


Startpoint: _200_ (rising edge-triggered flip-flop clocked by core_clock)
Endpoint: _167_ (rising edge-triggered flip-flop clocked by core_clock)
Path Group: core_clock
Path Type: min

Fanout     Cap    Slew   Delay    Time   Description
-----------------------------------------------------------------------------
                  0.00    0.00    0.00   clock core_clock (rise edge)
                          0.00    0.00   clock network delay (ideal)
                  0.00    0.00    0.00 ^ _200_/CLK (sky130_fd_sc_hd__dfxtp_2)
     4    0.01    0.07    0.32    0.32 ^ _200_/Q (sky130_fd_sc_hd__dfxtp_2)
                                         x26.B (net)
                  0.07    0.00    0.32 ^ _131_/A1 (sky130_fd_sc_hd__a21o_2)
     1    0.00    0.02    0.11    0.43 ^ _131_/X (sky130_fd_sc_hd__a21o_2)
                                         x75.S (net)
                  0.02    0.00    0.43 ^ _167_/D (sky130_fd_sc_hd__dfxtp_2)
                                  0.43   data arrival time

                  0.00    0.00    0.00   clock core_clock (rise edge)
                          0.00    0.00   clock network delay (ideal)
                          0.00    0.00   clock reconvergence pessimism
                                  0.00 ^ _167_/CLK (sky130_fd_sc_hd__dfxtp_2)
                         -0.03   -0.03   library hold time
                                 -0.03   data required time
-----------------------------------------------------------------------------
                                 -0.03   data required time
                                 -0.43   data arrival time
-----------------------------------------------------------------------------
                                  0.46   slack (MET)


Startpoint: _192_ (rising edge-triggered flip-flop clocked by core_clock)
Endpoint: _159_ (rising edge-triggered flip-flop clocked by core_clock)
Path Group: core_clock
Path Type: min

Fanout     Cap    Slew   Delay    Time   Description
-----------------------------------------------------------------------------
                  0.00    0.00    0.00   clock core_clock (rise edge)
                          0.00    0.00   clock network delay (ideal)
                  0.00    0.00    0.00 ^ _192_/CLK (sky130_fd_sc_hd__dfxtp_2)
     4    0.01    0.07    0.32    0.32 ^ _192_/Q (sky130_fd_sc_hd__dfxtp_2)
                                         x10.B (net)
                  0.07    0.00    0.32 ^ _090_/A1 (sky130_fd_sc_hd__a21o_2)
     1    0.00    0.02    0.11    0.43 ^ _090_/X (sky130_fd_sc_hd__a21o_2)
                                         x67.S (net)
                  0.02    0.00    0.43 ^ _159_/D (sky130_fd_sc_hd__dfxtp_2)
                                  0.43   data arrival time

                  0.00    0.00    0.00   clock core_clock (rise edge)
                          0.00    0.00   clock network delay (ideal)
                          0.00    0.00   clock reconvergence pessimism
                                  0.00 ^ _159_/CLK (sky130_fd_sc_hd__dfxtp_2)
                         -0.03   -0.03   library hold time
                                 -0.03   data required time
-----------------------------------------------------------------------------
                                 -0.03   data required time
                                 -0.43   data arrival time
-----------------------------------------------------------------------------
                                  0.46   slack (MET)


Startpoint: _190_ (rising edge-triggered flip-flop clocked by core_clock)
Endpoint: _157_ (rising edge-triggered flip-flop clocked by core_clock)
Path Group: core_clock
Path Type: min

Fanout     Cap    Slew   Delay    Time   Description
-----------------------------------------------------------------------------
                  0.00    0.00    0.00   clock core_clock (rise edge)
                          0.00    0.00   clock network delay (ideal)
                  0.00    0.00    0.00 ^ _190_/CLK (sky130_fd_sc_hd__dfxtp_2)
     4    0.01    0.07    0.32    0.32 ^ _190_/Q (sky130_fd_sc_hd__dfxtp_2)
                                         x6.B (net)
                  0.07    0.00    0.32 ^ _079_/A1 (sky130_fd_sc_hd__a21o_2)
     1    0.00    0.02    0.11    0.43 ^ _079_/X (sky130_fd_sc_hd__a21o_2)
                                         x65.S (net)
                  0.02    0.00    0.43 ^ _157_/D (sky130_fd_sc_hd__dfxtp_2)
                                  0.43   data arrival time

                  0.00    0.00    0.00   clock core_clock (rise edge)
                          0.00    0.00   clock network delay (ideal)
                          0.00    0.00   clock reconvergence pessimism
                                  0.00 ^ _157_/CLK (sky130_fd_sc_hd__dfxtp_2)
                         -0.03   -0.03   library hold time
                                 -0.03   data required time
-----------------------------------------------------------------------------
                                 -0.03   data required time
                                 -0.43   data arrival time
-----------------------------------------------------------------------------
                                  0.46   slack (MET)


Startpoint: _181_ (rising edge-triggered flip-flop clocked by core_clock)
Endpoint: _164_ (rising edge-triggered flip-flop clocked by core_clock)
Path Group: core_clock
Path Type: min

Fanout     Cap    Slew   Delay    Time   Description
-----------------------------------------------------------------------------
                  0.00    0.00    0.00   clock core_clock (rise edge)
                          0.00    0.00   clock network delay (ideal)
                  0.00    0.00    0.00 ^ _181_/CLK (sky130_fd_sc_hd__dfxtp_2)
     3    0.01    0.07    0.32    0.32 ^ _181_/Q (sky130_fd_sc_hd__dfxtp_2)
                                         x20.A (net)
                  0.07    0.00    0.32 ^ _116_/A2 (sky130_fd_sc_hd__o21ai_2)
     3    0.01    0.04    0.07    0.39 v _116_/Y (sky130_fd_sc_hd__o21ai_2)
                                         _068_ (net)
                  0.04    0.00    0.39 v _117_/B1 (sky130_fd_sc_hd__o21ai_2)
     1    0.00    0.03    0.04    0.43 ^ _117_/Y (sky130_fd_sc_hd__o21ai_2)
                                         x72.S (net)
                  0.03    0.00    0.43 ^ _164_/D (sky130_fd_sc_hd__dfxtp_2)
                                  0.43   data arrival time

                  0.00    0.00    0.00   clock core_clock (rise edge)
                          0.00    0.00   clock network delay (ideal)
                          0.00    0.00   clock reconvergence pessimism
                                  0.00 ^ _164_/CLK (sky130_fd_sc_hd__dfxtp_2)
                         -0.03   -0.03   library hold time
                                 -0.03   data required time
-----------------------------------------------------------------------------
                                 -0.03   data required time
                                 -0.43   data arrival time
-----------------------------------------------------------------------------
                                  0.47   slack (MET)


Startpoint: _177_ (rising edge-triggered flip-flop clocked by core_clock)
Endpoint: _160_ (rising edge-triggered flip-flop clocked by core_clock)
Path Group: core_clock
Path Type: min

Fanout     Cap    Slew   Delay    Time   Description
-----------------------------------------------------------------------------
                  0.00    0.00    0.00   clock core_clock (rise edge)
                          0.00    0.00   clock network delay (ideal)
                  0.00    0.00    0.00 ^ _177_/CLK (sky130_fd_sc_hd__dfxtp_2)
     4    0.01    0.08    0.33    0.33 ^ _177_/Q (sky130_fd_sc_hd__dfxtp_2)
                                         x12.A (net)
                  0.08    0.00    0.33 ^ _095_/A2 (sky130_fd_sc_hd__o21ai_2)
     2    0.01    0.04    0.06    0.39 v _095_/Y (sky130_fd_sc_hd__o21ai_2)
                                         _051_ (net)
                  0.04    0.00    0.39 v _096_/B1 (sky130_fd_sc_hd__o21ai_2)
     1    0.00    0.03    0.04    0.44 ^ _096_/Y (sky130_fd_sc_hd__o21ai_2)
                                         x68.S (net)
                  0.03    0.00    0.44 ^ _160_/D (sky130_fd_sc_hd__dfxtp_2)
                                  0.44   data arrival time

                  0.00    0.00    0.00   clock core_clock (rise edge)
                          0.00    0.00   clock network delay (ideal)
                          0.00    0.00   clock reconvergence pessimism
                                  0.00 ^ _160_/CLK (sky130_fd_sc_hd__dfxtp_2)
                         -0.03   -0.03   library hold time
                                 -0.03   data required time
-----------------------------------------------------------------------------
                                 -0.03   data required time
                                 -0.44   data arrival time
-----------------------------------------------------------------------------
                                  0.47   slack (MET)


Startpoint: _204_ (rising edge-triggered flip-flop clocked by core_clock)
Endpoint: _156_ (rising edge-triggered flip-flop clocked by core_clock)
Path Group: core_clock
Path Type: min

Fanout     Cap    Slew   Delay    Time   Description
-----------------------------------------------------------------------------
                  0.00    0.00    0.00   clock core_clock (rise edge)
                          0.00    0.00   clock network delay (ideal)
                  0.00    0.00    0.00 ^ _204_/CLK (sky130_fd_sc_hd__dfxtp_2)
     5    0.02    0.13    0.36    0.36 ^ _204_/Q (sky130_fd_sc_hd__dfxtp_2)
                                         x47.c (net)
                  0.13    0.00    0.36 ^ _076_/A1 (sky130_fd_sc_hd__o21ai_2)
     1    0.00    0.02    0.07    0.43 v _076_/Y (sky130_fd_sc_hd__o21ai_2)
                                         x64.S (net)
                  0.02    0.00    0.43 v _156_/D (sky130_fd_sc_hd__dfxtp_2)
                                  0.43   data arrival time

                  0.00    0.00    0.00   clock core_clock (rise edge)
                          0.00    0.00   clock network delay (ideal)
                          0.00    0.00   clock reconvergence pessimism
                                  0.00 ^ _156_/CLK (sky130_fd_sc_hd__dfxtp_2)
                         -0.05   -0.05   library hold time
                                 -0.05   data required time
-----------------------------------------------------------------------------
                                 -0.05   data required time
                                 -0.43   data arrival time
-----------------------------------------------------------------------------
                                  0.48   slack (MET)


Startpoint: _204_ (rising edge-triggered flip-flop clocked by core_clock)
Endpoint: _158_ (rising edge-triggered flip-flop clocked by core_clock)
Path Group: core_clock
Path Type: min

Fanout     Cap    Slew   Delay    Time   Description
-----------------------------------------------------------------------------
                  0.00    0.00    0.00   clock core_clock (rise edge)
                          0.00    0.00   clock network delay (ideal)
                  0.00    0.00    0.00 ^ _204_/CLK (sky130_fd_sc_hd__dfxtp_2)
     5    0.02    0.06    0.33    0.33 v _204_/Q (sky130_fd_sc_hd__dfxtp_2)
                                         x47.c (net)
                  0.06    0.00    0.33 v _087_/A1 (sky130_fd_sc_hd__o21bai_2)
     1    0.00    0.04    0.12    0.45 ^ _087_/Y (sky130_fd_sc_hd__o21bai_2)
                                         x66.S (net)
                  0.04    0.00    0.45 ^ _158_/D (sky130_fd_sc_hd__dfxtp_2)
                                  0.45   data arrival time

                  0.00    0.00    0.00   clock core_clock (rise edge)
                          0.00    0.00   clock network delay (ideal)
                          0.00    0.00   clock reconvergence pessimism
                                  0.00 ^ _158_/CLK (sky130_fd_sc_hd__dfxtp_2)
                         -0.04   -0.04   library hold time
                                 -0.04   data required time
-----------------------------------------------------------------------------
                                 -0.04   data required time
                                 -0.45   data arrival time
-----------------------------------------------------------------------------
                                  0.48   slack (MET)


Startpoint: _202_ (rising edge-triggered flip-flop clocked by core_clock)
Endpoint: _169_ (rising edge-triggered flip-flop clocked by core_clock)
Path Group: core_clock
Path Type: min

Fanout     Cap    Slew   Delay    Time   Description
-----------------------------------------------------------------------------
                  0.00    0.00    0.00   clock core_clock (rise edge)
                          0.00    0.00   clock network delay (ideal)
                  0.00    0.00    0.00 ^ _202_/CLK (sky130_fd_sc_hd__dfxtp_2)
     4    0.01    0.07    0.32    0.32 ^ _202_/Q (sky130_fd_sc_hd__dfxtp_2)
                                         x30.B (net)
                  0.07    0.00    0.32 ^ _141_/A1 (sky130_fd_sc_hd__a22o_2)
     1    0.00    0.03    0.13    0.45 ^ _141_/X (sky130_fd_sc_hd__a22o_2)
                                         x77.S (net)
                  0.03    0.00    0.45 ^ _169_/D (sky130_fd_sc_hd__dfxtp_2)
                                  0.45   data arrival time

                  0.00    0.00    0.00   clock core_clock (rise edge)
                          0.00    0.00   clock network delay (ideal)
                          0.00    0.00   clock reconvergence pessimism
                                  0.00 ^ _169_/CLK (sky130_fd_sc_hd__dfxtp_2)
                         -0.03   -0.03   library hold time
                                 -0.03   data required time
-----------------------------------------------------------------------------
                                 -0.03   data required time
                                 -0.45   data arrival time
-----------------------------------------------------------------------------
                                  0.48   slack (MET)


Startpoint: _204_ (rising edge-triggered flip-flop clocked by core_clock)
Endpoint: _162_ (rising edge-triggered flip-flop clocked by core_clock)
Path Group: core_clock
Path Type: min

Fanout     Cap    Slew   Delay    Time   Description
-----------------------------------------------------------------------------
                  0.00    0.00    0.00   clock core_clock (rise edge)
                          0.00    0.00   clock network delay (ideal)
                  0.00    0.00    0.00 ^ _204_/CLK (sky130_fd_sc_hd__dfxtp_2)
     5    0.02    0.13    0.36    0.36 ^ _204_/Q (sky130_fd_sc_hd__dfxtp_2)
                                         x47.c (net)
                  0.13    0.00    0.36 ^ _107_/A1 (sky130_fd_sc_hd__o211ai_2)
     1    0.00    0.03    0.09    0.45 v _107_/Y (sky130_fd_sc_hd__o211ai_2)
                                         x70.S (net)
                  0.03    0.00    0.45 v _162_/D (sky130_fd_sc_hd__dfxtp_2)
                                  0.45   data arrival time

                  0.00    0.00    0.00   clock core_clock (rise edge)
                          0.00    0.00   clock network delay (ideal)
                          0.00    0.00   clock reconvergence pessimism
                                  0.00 ^ _162_/CLK (sky130_fd_sc_hd__dfxtp_2)
                         -0.05   -0.05   library hold time
                                 -0.05   data required time
-----------------------------------------------------------------------------
                                 -0.05   data required time
                                 -0.45   data arrival time
-----------------------------------------------------------------------------
                                  0.51   slack (MET)


Startpoint: _198_ (rising edge-triggered flip-flop clocked by core_clock)
Endpoint: _165_ (rising edge-triggered flip-flop clocked by core_clock)
Path Group: core_clock
Path Type: min

Fanout     Cap    Slew   Delay    Time   Description
-----------------------------------------------------------------------------
                  0.00    0.00    0.00   clock core_clock (rise edge)
                          0.00    0.00   clock network delay (ideal)
                  0.00    0.00    0.00 ^ _198_/CLK (sky130_fd_sc_hd__dfxtp_2)
     2    0.00    0.03    0.29    0.29 ^ _198_/Q (sky130_fd_sc_hd__dfxtp_2)
                                         x22.B (net)
                  0.03    0.00    0.29 ^ _120_/A (sky130_fd_sc_hd__and2_2)
     2    0.01    0.05    0.13    0.42 ^ _120_/X (sky130_fd_sc_hd__and2_2)
                                         _002_ (net)
                  0.05    0.00    0.42 ^ _121_/B1 (sky130_fd_sc_hd__a31o_2)
     1    0.00    0.03    0.08    0.50 ^ _121_/X (sky130_fd_sc_hd__a31o_2)
                                         x73.S (net)
                  0.03    0.00    0.50 ^ _165_/D (sky130_fd_sc_hd__dfxtp_2)
                                  0.50   data arrival time

                  0.00    0.00    0.00   clock core_clock (rise edge)
                          0.00    0.00   clock network delay (ideal)
                          0.00    0.00   clock reconvergence pessimism
                                  0.00 ^ _165_/CLK (sky130_fd_sc_hd__dfxtp_2)
                         -0.03   -0.03   library hold time
                                 -0.03   data required time
-----------------------------------------------------------------------------
                                 -0.03   data required time
                                 -0.50   data arrival time
-----------------------------------------------------------------------------
                                  0.54   slack (MET)


Startpoint: _201_ (rising edge-triggered flip-flop clocked by core_clock)
Endpoint: _168_ (rising edge-triggered flip-flop clocked by core_clock)
Path Group: core_clock
Path Type: min

Fanout     Cap    Slew   Delay    Time   Description
-----------------------------------------------------------------------------
                  0.00    0.00    0.00   clock core_clock (rise edge)
                          0.00    0.00   clock network delay (ideal)
                  0.00    0.00    0.00 ^ _201_/CLK (sky130_fd_sc_hd__dfxtp_2)
     4    0.01    0.08    0.33    0.33 ^ _201_/Q (sky130_fd_sc_hd__dfxtp_2)
                                         x28.B (net)
                  0.08    0.00    0.33 ^ _136_/A1 (sky130_fd_sc_hd__a21o_2)
     1    0.00    0.02    0.11    0.44 ^ _136_/X (sky130_fd_sc_hd__a21o_2)
                                         _015_ (net)
                  0.02    0.00    0.44 ^ _137_/B (sky130_fd_sc_hd__and2_2)
     1    0.00    0.03    0.12    0.56 ^ _137_/X (sky130_fd_sc_hd__and2_2)
                                         _016_ (net)
                  0.03    0.00    0.56 ^ _138_/A (sky130_fd_sc_hd__buf_1)
     1    0.00    0.03    0.07    0.63 ^ _138_/X (sky130_fd_sc_hd__buf_1)
                                         x76.S (net)
                  0.03    0.00    0.63 ^ _168_/D (sky130_fd_sc_hd__dfxtp_2)
                                  0.63   data arrival time

                  0.00    0.00    0.00   clock core_clock (rise edge)
                          0.00    0.00   clock network delay (ideal)
                          0.00    0.00   clock reconvergence pessimism
                                  0.00 ^ _168_/CLK (sky130_fd_sc_hd__dfxtp_2)
                         -0.03   -0.03   library hold time
                                 -0.03   data required time
-----------------------------------------------------------------------------
                                 -0.03   data required time
                                 -0.63   data arrival time
-----------------------------------------------------------------------------
                                  0.66   slack (MET)


Startpoint: _199_ (rising edge-triggered flip-flop clocked by core_clock)
Endpoint: _166_ (rising edge-triggered flip-flop clocked by core_clock)
Path Group: core_clock
Path Type: min

Fanout     Cap    Slew   Delay    Time   Description
-----------------------------------------------------------------------------
                  0.00    0.00    0.00   clock core_clock (rise edge)
                          0.00    0.00   clock network delay (ideal)
                  0.00    0.00    0.00 ^ _199_/CLK (sky130_fd_sc_hd__dfxtp_2)
     2    0.00    0.04    0.29    0.29 ^ _199_/Q (sky130_fd_sc_hd__dfxtp_2)
                                         x24.B (net)
                  0.04    0.00    0.29 ^ _122_/A1 (sky130_fd_sc_hd__a21o_2)
     2    0.00    0.03    0.11    0.40 ^ _122_/X (sky130_fd_sc_hd__a21o_2)
                                         _003_ (net)
                  0.03    0.00    0.40 ^ _125_/B (sky130_fd_sc_hd__or3_2)
     4    0.01    0.06    0.12    0.52 ^ _125_/X (sky130_fd_sc_hd__or3_2)
                                         _006_ (net)
                  0.06    0.00    0.52 ^ _128_/A1 (sky130_fd_sc_hd__a21bo_2)
     1    0.00    0.04    0.12    0.64 ^ _128_/X (sky130_fd_sc_hd__a21bo_2)
                                         _009_ (net)
                  0.04    0.00    0.64 ^ _129_/A (sky130_fd_sc_hd__inv_2)
     1    0.00    0.01    0.02    0.66 v _129_/Y (sky130_fd_sc_hd__inv_2)
                                         x74.S (net)
                  0.01    0.00    0.66 v _166_/D (sky130_fd_sc_hd__dfxtp_2)
                                  0.66   data arrival time

                  0.00    0.00    0.00   clock core_clock (rise edge)
                          0.00    0.00   clock network delay (ideal)
                          0.00    0.00   clock reconvergence pessimism
                                  0.00 ^ _166_/CLK (sky130_fd_sc_hd__dfxtp_2)
                         -0.04   -0.04   library hold time
                                 -0.04   data required time
-----------------------------------------------------------------------------
                                 -0.04   data required time
                                 -0.66   data arrival time
-----------------------------------------------------------------------------
                                  0.70   slack (MET)


Startpoint: _199_ (rising edge-triggered flip-flop clocked by core_clock)
Endpoint: _171_ (rising edge-triggered flip-flop clocked by core_clock)
Path Group: core_clock
Path Type: min

Fanout     Cap    Slew   Delay    Time   Description
-----------------------------------------------------------------------------
                  0.00    0.00    0.00   clock core_clock (rise edge)
                          0.00    0.00   clock network delay (ideal)
                  0.00    0.00    0.00 ^ _199_/CLK (sky130_fd_sc_hd__dfxtp_2)
     2    0.00    0.04    0.29    0.29 ^ _199_/Q (sky130_fd_sc_hd__dfxtp_2)
                                         x24.B (net)
                  0.04    0.00    0.29 ^ _122_/A1 (sky130_fd_sc_hd__a21o_2)
     2    0.00    0.03    0.11    0.40 ^ _122_/X (sky130_fd_sc_hd__a21o_2)
                                         _003_ (net)
                  0.03    0.00    0.40 ^ _125_/B (sky130_fd_sc_hd__or3_2)
     4    0.01    0.06    0.12    0.52 ^ _125_/X (sky130_fd_sc_hd__or3_2)
                                         _006_ (net)
                  0.06    0.00    0.52 ^ _148_/B (sky130_fd_sc_hd__or3_2)
     2    0.01    0.05    0.12    0.64 ^ _148_/X (sky130_fd_sc_hd__or3_2)
                                         _025_ (net)
                  0.05    0.00    0.64 ^ _152_/A2 (sky130_fd_sc_hd__o21bai_2)
     1    0.00    0.02    0.05    0.69 v _152_/Y (sky130_fd_sc_hd__o21bai_2)
                                         x58.C (net)
                  0.02    0.00    0.69 v _171_/D (sky130_fd_sc_hd__dfxtp_2)
                                  0.69   data arrival time

                  0.00    0.00    0.00   clock core_clock (rise edge)
                          0.00    0.00   clock network delay (ideal)
                          0.00    0.00   clock reconvergence pessimism
                                  0.00 ^ _171_/CLK (sky130_fd_sc_hd__dfxtp_2)
                         -0.05   -0.05   library hold time
                                 -0.05   data required time
-----------------------------------------------------------------------------
                                 -0.05   data required time
                                 -0.69   data arrival time
-----------------------------------------------------------------------------
                                  0.73   slack (MET)


Startpoint: _187_ (rising edge-triggered flip-flop clocked by core_clock)
Endpoint: _170_ (rising edge-triggered flip-flop clocked by core_clock)
Path Group: core_clock
Path Type: min

Fanout     Cap    Slew   Delay    Time   Description
-----------------------------------------------------------------------------
                  0.00    0.00    0.00   clock core_clock (rise edge)
                          0.00    0.00   clock network delay (ideal)
                  0.00    0.00    0.00 ^ _187_/CLK (sky130_fd_sc_hd__dfxtp_2)
     2    0.00    0.04    0.29    0.29 ^ _187_/Q (sky130_fd_sc_hd__dfxtp_2)
                                         x32.A (net)
                  0.04    0.00    0.29 ^ _145_/B (sky130_fd_sc_hd__or2_2)
     2    0.00    0.03    0.09    0.39 ^ _145_/X (sky130_fd_sc_hd__or2_2)
                                         _022_ (net)
                  0.03    0.00    0.39 ^ _150_/A2_N (sky130_fd_sc_hd__o2bb2a_2)
     1    0.00    0.04    0.20    0.59 v _150_/X (sky130_fd_sc_hd__o2bb2a_2)
                                         _027_ (net)
                  0.04    0.00    0.59 v _151_/C1 (sky130_fd_sc_hd__o211ai_2)
     2    0.00    0.05    0.05    0.63 ^ _151_/Y (sky130_fd_sc_hd__o211ai_2)
                                         _028_ (net)
                  0.05    0.00    0.63 ^ _153_/A1 (sky130_fd_sc_hd__mux2_2)
     1    0.00    0.03    0.13    0.77 ^ _153_/X (sky130_fd_sc_hd__mux2_2)
                                         _029_ (net)
                  0.03    0.00    0.77 ^ _154_/A (sky130_fd_sc_hd__buf_1)
     1    0.00    0.03    0.07    0.83 ^ _154_/X (sky130_fd_sc_hd__buf_1)
                                         x78.S (net)
                  0.03    0.00    0.83 ^ _170_/D (sky130_fd_sc_hd__dfxtp_2)
                                  0.83   data arrival time

                  0.00    0.00    0.00   clock core_clock (rise edge)
                          0.00    0.00   clock network delay (ideal)
                          0.00    0.00   clock reconvergence pessimism
                                  0.00 ^ _170_/CLK (sky130_fd_sc_hd__dfxtp_2)
                         -0.03   -0.03   library hold time
                                 -0.03   data required time
-----------------------------------------------------------------------------
                                 -0.03   data required time
                                 -0.83   data arrival time
-----------------------------------------------------------------------------
                                  0.87   slack (MET)



worst slack corner Typical: 0.4503
min_report_end
max_report

===========================================================================
report_checks -path_delay max (Setup)
============================================================================
======================= Typical Corner ===================================

Startpoint: _176_ (rising edge-triggered flip-flop clocked by core_clock)
Endpoint: _168_ (rising edge-triggered flip-flop clocked by core_clock)
Path Group: core_clock
Path Type: max

Fanout     Cap    Slew   Delay    Time   Description
-----------------------------------------------------------------------------
                  0.00    0.00    0.00   clock core_clock (rise edge)
                          0.00    0.00   clock network delay (ideal)
                  0.00    0.00    0.00 ^ _176_/CLK (sky130_fd_sc_hd__dfxtp_2)
     4    0.01    0.04    0.31    0.31 v _176_/Q (sky130_fd_sc_hd__dfxtp_2)
                                         x10.A (net)
                  0.04    0.00    0.31 v _092_/A2 (sky130_fd_sc_hd__a22o_2)
     4    0.01    0.06    0.27    0.58 v _092_/X (sky130_fd_sc_hd__a22o_2)
                                         _048_ (net)
                  0.06    0.00    0.58 v _101_/A (sky130_fd_sc_hd__or4b_2)
     3    0.00    0.11    0.68    1.26 v _101_/X (sky130_fd_sc_hd__or4b_2)
                                         _055_ (net)
                  0.11    0.00    1.26 v _108_/D (sky130_fd_sc_hd__or4_2)
     2    0.01    0.12    0.58    1.83 v _108_/X (sky130_fd_sc_hd__or4_2)
                                         _061_ (net)
                  0.12    0.00    1.83 v _127_/A3 (sky130_fd_sc_hd__a31o_2)
     3    0.01    0.05    0.28    2.11 v _127_/X (sky130_fd_sc_hd__a31o_2)
                                         _008_ (net)
                  0.05    0.00    2.11 v _135_/A2 (sky130_fd_sc_hd__a21o_2)
     2    0.00    0.04    0.21    2.32 v _135_/X (sky130_fd_sc_hd__a21o_2)
                                         _014_ (net)
                  0.04    0.00    2.32 v _137_/A (sky130_fd_sc_hd__and2_2)
     1    0.00    0.03    0.16    2.47 v _137_/X (sky130_fd_sc_hd__and2_2)
                                         _016_ (net)
                  0.03    0.00    2.47 v _138_/A (sky130_fd_sc_hd__buf_1)
     1    0.00    0.02    0.08    2.55 v _138_/X (sky130_fd_sc_hd__buf_1)
                                         x76.S (net)
                  0.02    0.00    2.55 v _168_/D (sky130_fd_sc_hd__dfxtp_2)
                                  2.55   data arrival time

                  0.00    2.67    2.67   clock core_clock (rise edge)
                          0.00    2.67   clock network delay (ideal)
                          0.00    2.67   clock reconvergence pessimism
                                  2.67 ^ _168_/CLK (sky130_fd_sc_hd__dfxtp_2)
                         -0.11    2.56   library setup time
                                  2.56   data required time
-----------------------------------------------------------------------------
                                  2.56   data required time
                                 -2.55   data arrival time
-----------------------------------------------------------------------------
                                  0.01   slack (MET)


Startpoint: _172_ (rising edge-triggered flip-flop clocked by core_clock)
Endpoint: _170_ (rising edge-triggered flip-flop clocked by core_clock)
Path Group: core_clock
Path Type: max

Fanout     Cap    Slew   Delay    Time   Description
-----------------------------------------------------------------------------
                  0.00    0.00    0.00   clock core_clock (rise edge)
                          0.00    0.00   clock network delay (ideal)
                  0.00    0.00    0.00 ^ _172_/CLK (sky130_fd_sc_hd__dfxtp_2)
     3    0.01    0.04    0.31    0.31 v _172_/Q (sky130_fd_sc_hd__dfxtp_2)
                                         x2.A (net)
                  0.04    0.00    0.31 v _072_/A2 (sky130_fd_sc_hd__a22o_2)
     3    0.01    0.05    0.27    0.57 v _072_/X (sky130_fd_sc_hd__a22o_2)
                                         _032_ (net)
                  0.05    0.00    0.57 v _074_/B (sky130_fd_sc_hd__or3b_2)
     4    0.01    0.10    0.47    1.05 v _074_/X (sky130_fd_sc_hd__or3b_2)
                                         _034_ (net)
                  0.10    0.00    1.05 v _083_/A (sky130_fd_sc_hd__or2_2)
     3    0.01    0.07    0.33    1.38 v _083_/X (sky130_fd_sc_hd__or2_2)
                                         _041_ (net)
                  0.07    0.00    1.38 v _102_/A (sky130_fd_sc_hd__or2_2)
     2    0.01    0.06    0.31    1.69 v _102_/X (sky130_fd_sc_hd__or2_2)
                                         _056_ (net)
                  0.06    0.00    1.69 v _148_/A (sky130_fd_sc_hd__or3_2)
     2    0.01    0.09    0.50    2.19 v _148_/X (sky130_fd_sc_hd__or3_2)
                                         _025_ (net)
                  0.09    0.00    2.19 v _153_/S (sky130_fd_sc_hd__mux2_2)
     1    0.00    0.05    0.28    2.46 v _153_/X (sky130_fd_sc_hd__mux2_2)
                                         _029_ (net)
                  0.05    0.00    2.46 v _154_/A (sky130_fd_sc_hd__buf_1)
     1    0.00    0.02    0.08    2.55 v _154_/X (sky130_fd_sc_hd__buf_1)
                                         x78.S (net)
                  0.02    0.00    2.55 v _170_/D (sky130_fd_sc_hd__dfxtp_2)
                                  2.55   data arrival time

                  0.00    2.67    2.67   clock core_clock (rise edge)
                          0.00    2.67   clock network delay (ideal)
                          0.00    2.67   clock reconvergence pessimism
                                  2.67 ^ _170_/CLK (sky130_fd_sc_hd__dfxtp_2)
                         -0.11    2.56   library setup time
                                  2.56   data required time
-----------------------------------------------------------------------------
                                  2.56   data required time
                                 -2.55   data arrival time
-----------------------------------------------------------------------------
                                  0.01   slack (MET)


Startpoint: _176_ (rising edge-triggered flip-flop clocked by core_clock)
Endpoint: _169_ (rising edge-triggered flip-flop clocked by core_clock)
Path Group: core_clock
Path Type: max

Fanout     Cap    Slew   Delay    Time   Description
-----------------------------------------------------------------------------
                  0.00    0.00    0.00   clock core_clock (rise edge)
                          0.00    0.00   clock network delay (ideal)
                  0.00    0.00    0.00 ^ _176_/CLK (sky130_fd_sc_hd__dfxtp_2)
     4    0.01    0.04    0.31    0.31 v _176_/Q (sky130_fd_sc_hd__dfxtp_2)
                                         x10.A (net)
                  0.04    0.00    0.31 v _092_/A2 (sky130_fd_sc_hd__a22o_2)
     4    0.01    0.06    0.27    0.58 v _092_/X (sky130_fd_sc_hd__a22o_2)
                                         _048_ (net)
                  0.06    0.00    0.58 v _101_/A (sky130_fd_sc_hd__or4b_2)
     3    0.00    0.11    0.68    1.26 v _101_/X (sky130_fd_sc_hd__or4b_2)
                                         _055_ (net)
                  0.11    0.00    1.26 v _108_/D (sky130_fd_sc_hd__or4_2)
     2    0.01    0.12    0.58    1.83 v _108_/X (sky130_fd_sc_hd__or4_2)
                                         _061_ (net)
                  0.12    0.00    1.83 v _127_/A3 (sky130_fd_sc_hd__a31o_2)
     3    0.01    0.05    0.28    2.11 v _127_/X (sky130_fd_sc_hd__a31o_2)
                                         _008_ (net)
                  0.05    0.00    2.11 v _135_/A2 (sky130_fd_sc_hd__a21o_2)
     2    0.00    0.04    0.21    2.32 v _135_/X (sky130_fd_sc_hd__a21o_2)
                                         _014_ (net)
                  0.04    0.00    2.32 v _141_/B1 (sky130_fd_sc_hd__a22o_2)
     1    0.00    0.04    0.19    2.51 v _141_/X (sky130_fd_sc_hd__a22o_2)
                                         x77.S (net)
                  0.04    0.00    2.51 v _169_/D (sky130_fd_sc_hd__dfxtp_2)
                                  2.51   data arrival time

                  0.00    2.67    2.67   clock core_clock (rise edge)
                          0.00    2.67   clock network delay (ideal)
                          0.00    2.67   clock reconvergence pessimism
                                  2.67 ^ _169_/CLK (sky130_fd_sc_hd__dfxtp_2)
                         -0.12    2.55   library setup time
                                  2.55   data required time
-----------------------------------------------------------------------------
                                  2.55   data required time
                                 -2.51   data arrival time
-----------------------------------------------------------------------------
                                  0.04   slack (MET)


Startpoint: _176_ (rising edge-triggered flip-flop clocked by core_clock)
Endpoint: _165_ (rising edge-triggered flip-flop clocked by core_clock)
Path Group: core_clock
Path Type: max

Fanout     Cap    Slew   Delay    Time   Description
-----------------------------------------------------------------------------
                  0.00    0.00    0.00   clock core_clock (rise edge)
                          0.00    0.00   clock network delay (ideal)
                  0.00    0.00    0.00 ^ _176_/CLK (sky130_fd_sc_hd__dfxtp_2)
     4    0.01    0.04    0.31    0.31 v _176_/Q (sky130_fd_sc_hd__dfxtp_2)
                                         x10.A (net)
                  0.04    0.00    0.31 v _092_/A2 (sky130_fd_sc_hd__a22o_2)
     4    0.01    0.06    0.27    0.58 v _092_/X (sky130_fd_sc_hd__a22o_2)
                                         _048_ (net)
                  0.06    0.00    0.58 v _101_/A (sky130_fd_sc_hd__or4b_2)
     3    0.00    0.11    0.68    1.26 v _101_/X (sky130_fd_sc_hd__or4b_2)
                                         _055_ (net)
                  0.11    0.00    1.26 v _108_/D (sky130_fd_sc_hd__or4_2)
     2    0.01    0.12    0.58    1.83 v _108_/X (sky130_fd_sc_hd__or4_2)
                                         _061_ (net)
                  0.12    0.00    1.83 v _109_/C (sky130_fd_sc_hd__nand3_2)
     4    0.02    0.11    0.14    1.97 ^ _109_/Y (sky130_fd_sc_hd__nand3_2)
                                         _062_ (net)
                  0.11    0.00    1.97 ^ _119_/B_N (sky130_fd_sc_hd__or2b_2)
     1    0.00    0.05    0.29    2.27 v _119_/X (sky130_fd_sc_hd__or2b_2)
                                         _001_ (net)
                  0.05    0.00    2.27 v _121_/A3 (sky130_fd_sc_hd__a31o_2)
     1    0.00    0.03    0.23    2.50 v _121_/X (sky130_fd_sc_hd__a31o_2)
                                         x73.S (net)
                  0.03    0.00    2.50 v _165_/D (sky130_fd_sc_hd__dfxtp_2)
                                  2.50   data arrival time

                  0.00    2.67    2.67   clock core_clock (rise edge)
                          0.00    2.67   clock network delay (ideal)
                          0.00    2.67   clock reconvergence pessimism
                                  2.67 ^ _165_/CLK (sky130_fd_sc_hd__dfxtp_2)
                         -0.12    2.55   library setup time
                                  2.55   data required time
-----------------------------------------------------------------------------
                                  2.55   data required time
                                 -2.50   data arrival time
-----------------------------------------------------------------------------
                                  0.05   slack (MET)


Startpoint: _176_ (rising edge-triggered flip-flop clocked by core_clock)
Endpoint: _167_ (rising edge-triggered flip-flop clocked by core_clock)
Path Group: core_clock
Path Type: max

Fanout     Cap    Slew   Delay    Time   Description
-----------------------------------------------------------------------------
                  0.00    0.00    0.00   clock core_clock (rise edge)
                          0.00    0.00   clock network delay (ideal)
                  0.00    0.00    0.00 ^ _176_/CLK (sky130_fd_sc_hd__dfxtp_2)
     4    0.01    0.04    0.31    0.31 v _176_/Q (sky130_fd_sc_hd__dfxtp_2)
                                         x10.A (net)
                  0.04    0.00    0.31 v _092_/A2 (sky130_fd_sc_hd__a22o_2)
     4    0.01    0.06    0.27    0.58 v _092_/X (sky130_fd_sc_hd__a22o_2)
                                         _048_ (net)
                  0.06    0.00    0.58 v _101_/A (sky130_fd_sc_hd__or4b_2)
     3    0.00    0.11    0.68    1.26 v _101_/X (sky130_fd_sc_hd__or4b_2)
                                         _055_ (net)
                  0.11    0.00    1.26 v _108_/D (sky130_fd_sc_hd__or4_2)
     2    0.01    0.12    0.58    1.83 v _108_/X (sky130_fd_sc_hd__or4_2)
                                         _061_ (net)
                  0.12    0.00    1.83 v _127_/A3 (sky130_fd_sc_hd__a31o_2)
     3    0.01    0.05    0.28    2.11 v _127_/X (sky130_fd_sc_hd__a31o_2)
                                         _008_ (net)
                  0.05    0.00    2.11 v _130_/C1 (sky130_fd_sc_hd__o211a_2)
     1    0.00    0.04    0.11    2.22 v _130_/X (sky130_fd_sc_hd__o211a_2)
                                         _010_ (net)
                  0.04    0.00    2.22 v _131_/B1 (sky130_fd_sc_hd__a21o_2)
     1    0.00    0.03    0.17    2.39 v _131_/X (sky130_fd_sc_hd__a21o_2)
                                         x75.S (net)
                  0.03    0.00    2.39 v _167_/D (sky130_fd_sc_hd__dfxtp_2)
                                  2.39   data arrival time

                  0.00    2.67    2.67   clock core_clock (rise edge)
                          0.00    2.67   clock network delay (ideal)
                          0.00    2.67   clock reconvergence pessimism
                                  2.67 ^ _167_/CLK (sky130_fd_sc_hd__dfxtp_2)
                         -0.12    2.55   library setup time
                                  2.55   data required time
-----------------------------------------------------------------------------
                                  2.55   data required time
                                 -2.39   data arrival time
-----------------------------------------------------------------------------
                                  0.16   slack (MET)


Startpoint: _176_ (rising edge-triggered flip-flop clocked by core_clock)
Endpoint: _166_ (rising edge-triggered flip-flop clocked by core_clock)
Path Group: core_clock
Path Type: max

Fanout     Cap    Slew   Delay    Time   Description
-----------------------------------------------------------------------------
                  0.00    0.00    0.00   clock core_clock (rise edge)
                          0.00    0.00   clock network delay (ideal)
                  0.00    0.00    0.00 ^ _176_/CLK (sky130_fd_sc_hd__dfxtp_2)
     4    0.01    0.04    0.31    0.31 v _176_/Q (sky130_fd_sc_hd__dfxtp_2)
                                         x10.A (net)
                  0.04    0.00    0.31 v _092_/A2 (sky130_fd_sc_hd__a22o_2)
     4    0.01    0.06    0.27    0.58 v _092_/X (sky130_fd_sc_hd__a22o_2)
                                         _048_ (net)
                  0.06    0.00    0.58 v _101_/A (sky130_fd_sc_hd__or4b_2)
     3    0.00    0.11    0.68    1.26 v _101_/X (sky130_fd_sc_hd__or4b_2)
                                         _055_ (net)
                  0.11    0.00    1.26 v _108_/D (sky130_fd_sc_hd__or4_2)
     2    0.01    0.12    0.58    1.83 v _108_/X (sky130_fd_sc_hd__or4_2)
                                         _061_ (net)
                  0.12    0.00    1.83 v _127_/A3 (sky130_fd_sc_hd__a31o_2)
     3    0.01    0.05    0.28    2.11 v _127_/X (sky130_fd_sc_hd__a31o_2)
                                         _008_ (net)
                  0.05    0.00    2.11 v _128_/B1_N (sky130_fd_sc_hd__a21bo_2)
     1    0.00    0.04    0.19    2.30 ^ _128_/X (sky130_fd_sc_hd__a21bo_2)
                                         _009_ (net)
                  0.04    0.00    2.30 ^ _129_/A (sky130_fd_sc_hd__inv_2)
     1    0.00    0.01    0.02    2.32 v _129_/Y (sky130_fd_sc_hd__inv_2)
                                         x74.S (net)
                  0.01    0.00    2.32 v _166_/D (sky130_fd_sc_hd__dfxtp_2)
                                  2.32   data arrival time

                  0.00    2.67    2.67   clock core_clock (rise edge)
                          0.00    2.67   clock network delay (ideal)
                          0.00    2.67   clock reconvergence pessimism
                                  2.67 ^ _166_/CLK (sky130_fd_sc_hd__dfxtp_2)
                         -0.11    2.56   library setup time
                                  2.56   data required time
-----------------------------------------------------------------------------
                                  2.56   data required time
                                 -2.32   data arrival time
-----------------------------------------------------------------------------
                                  0.24   slack (MET)


Startpoint: _172_ (rising edge-triggered flip-flop clocked by core_clock)
Endpoint: _171_ (rising edge-triggered flip-flop clocked by core_clock)
Path Group: core_clock
Path Type: max

Fanout     Cap    Slew   Delay    Time   Description
-----------------------------------------------------------------------------
                  0.00    0.00    0.00   clock core_clock (rise edge)
                          0.00    0.00   clock network delay (ideal)
                  0.00    0.00    0.00 ^ _172_/CLK (sky130_fd_sc_hd__dfxtp_2)
     3    0.01    0.04    0.31    0.31 v _172_/Q (sky130_fd_sc_hd__dfxtp_2)
                                         x2.A (net)
                  0.04    0.00    0.31 v _072_/A2 (sky130_fd_sc_hd__a22o_2)
     3    0.01    0.05    0.27    0.57 v _072_/X (sky130_fd_sc_hd__a22o_2)
                                         _032_ (net)
                  0.05    0.00    0.57 v _074_/B (sky130_fd_sc_hd__or3b_2)
     4    0.01    0.10    0.47    1.05 v _074_/X (sky130_fd_sc_hd__or3b_2)
                                         _034_ (net)
                  0.10    0.00    1.05 v _083_/A (sky130_fd_sc_hd__or2_2)
     3    0.01    0.07    0.33    1.38 v _083_/X (sky130_fd_sc_hd__or2_2)
                                         _041_ (net)
                  0.07    0.00    1.38 v _102_/A (sky130_fd_sc_hd__or2_2)
     2    0.01    0.06    0.31    1.69 v _102_/X (sky130_fd_sc_hd__or2_2)
                                         _056_ (net)
                  0.06    0.00    1.69 v _148_/A (sky130_fd_sc_hd__or3_2)
     2    0.01    0.09    0.50    2.19 v _148_/X (sky130_fd_sc_hd__or3_2)
                                         _025_ (net)
                  0.09    0.00    2.19 v _152_/A2 (sky130_fd_sc_hd__o21bai_2)
     1    0.00    0.08    0.11    2.29 ^ _152_/Y (sky130_fd_sc_hd__o21bai_2)
                                         x58.C (net)
                  0.08    0.00    2.29 ^ _171_/D (sky130_fd_sc_hd__dfxtp_2)
                                  2.29   data arrival time

                  0.00    2.67    2.67   clock core_clock (rise edge)
                          0.00    2.67   clock network delay (ideal)
                          0.00    2.67   clock reconvergence pessimism
                                  2.67 ^ _171_/CLK (sky130_fd_sc_hd__dfxtp_2)
                         -0.07    2.60   library setup time
                                  2.60   data required time
-----------------------------------------------------------------------------
                                  2.60   data required time
                                 -2.29   data arrival time
-----------------------------------------------------------------------------
                                  0.30   slack (MET)


Startpoint: _176_ (rising edge-triggered flip-flop clocked by core_clock)
Endpoint: _164_ (rising edge-triggered flip-flop clocked by core_clock)
Path Group: core_clock
Path Type: max

Fanout     Cap    Slew   Delay    Time   Description
-----------------------------------------------------------------------------
                  0.00    0.00    0.00   clock core_clock (rise edge)
                          0.00    0.00   clock network delay (ideal)
                  0.00    0.00    0.00 ^ _176_/CLK (sky130_fd_sc_hd__dfxtp_2)
     4    0.01    0.04    0.31    0.31 v _176_/Q (sky130_fd_sc_hd__dfxtp_2)
                                         x10.A (net)
                  0.04    0.00    0.31 v _092_/A2 (sky130_fd_sc_hd__a22o_2)
     4    0.01    0.06    0.27    0.58 v _092_/X (sky130_fd_sc_hd__a22o_2)
                                         _048_ (net)
                  0.06    0.00    0.58 v _101_/A (sky130_fd_sc_hd__or4b_2)
     3    0.00    0.11    0.68    1.26 v _101_/X (sky130_fd_sc_hd__or4b_2)
                                         _055_ (net)
                  0.11    0.00    1.26 v _108_/D (sky130_fd_sc_hd__or4_2)
     2    0.01    0.12    0.58    1.83 v _108_/X (sky130_fd_sc_hd__or4_2)
                                         _061_ (net)
                  0.12    0.00    1.83 v _109_/C (sky130_fd_sc_hd__nand3_2)
     4    0.02    0.11    0.14    1.97 ^ _109_/Y (sky130_fd_sc_hd__nand3_2)
                                         _062_ (net)
                  0.11    0.00    1.97 ^ _117_/A1 (sky130_fd_sc_hd__o21ai_2)
     1    0.00    0.04    0.06    2.04 v _117_/Y (sky130_fd_sc_hd__o21ai_2)
                                         x72.S (net)
                  0.04    0.00    2.04 v _164_/D (sky130_fd_sc_hd__dfxtp_2)
                                  2.04   data arrival time

                  0.00    2.67    2.67   clock core_clock (rise edge)
                          0.00    2.67   clock network delay (ideal)
                          0.00    2.67   clock reconvergence pessimism
                                  2.67 ^ _164_/CLK (sky130_fd_sc_hd__dfxtp_2)
                         -0.12    2.55   library setup time
                                  2.55   data required time
-----------------------------------------------------------------------------
                                  2.55   data required time
                                 -2.04   data arrival time
-----------------------------------------------------------------------------
                                  0.51   slack (MET)


Startpoint: _176_ (rising edge-triggered flip-flop clocked by core_clock)
Endpoint: _163_ (rising edge-triggered flip-flop clocked by core_clock)
Path Group: core_clock
Path Type: max

Fanout     Cap    Slew   Delay    Time   Description
-----------------------------------------------------------------------------
                  0.00    0.00    0.00   clock core_clock (rise edge)
                          0.00    0.00   clock network delay (ideal)
                  0.00    0.00    0.00 ^ _176_/CLK (sky130_fd_sc_hd__dfxtp_2)
     4    0.01    0.04    0.31    0.31 v _176_/Q (sky130_fd_sc_hd__dfxtp_2)
                                         x10.A (net)
                  0.04    0.00    0.31 v _092_/A2 (sky130_fd_sc_hd__a22o_2)
     4    0.01    0.06    0.27    0.58 v _092_/X (sky130_fd_sc_hd__a22o_2)
                                         _048_ (net)
                  0.06    0.00    0.58 v _101_/A (sky130_fd_sc_hd__or4b_2)
     3    0.00    0.11    0.68    1.26 v _101_/X (sky130_fd_sc_hd__or4b_2)
                                         _055_ (net)
                  0.11    0.00    1.26 v _108_/D (sky130_fd_sc_hd__or4_2)
     2    0.01    0.12    0.58    1.83 v _108_/X (sky130_fd_sc_hd__or4_2)
                                         _061_ (net)
                  0.12    0.00    1.83 v _109_/C (sky130_fd_sc_hd__nand3_2)
     4    0.02    0.11    0.14    1.97 ^ _109_/Y (sky130_fd_sc_hd__nand3_2)
                                         _062_ (net)
                  0.11    0.00    1.97 ^ _112_/A1 (sky130_fd_sc_hd__a21oi_2)
     1    0.00    0.04    0.05    2.03 v _112_/Y (sky130_fd_sc_hd__a21oi_2)
                                         x71.S (net)
                  0.04    0.00    2.03 v _163_/D (sky130_fd_sc_hd__dfxtp_2)
                                  2.03   data arrival time

                  0.00    2.67    2.67   clock core_clock (rise edge)
                          0.00    2.67   clock network delay (ideal)
                          0.00    2.67   clock reconvergence pessimism
                                  2.67 ^ _163_/CLK (sky130_fd_sc_hd__dfxtp_2)
                         -0.12    2.55   library setup time
                                  2.55   data required time
-----------------------------------------------------------------------------
                                  2.55   data required time
                                 -2.03   data arrival time
-----------------------------------------------------------------------------
                                  0.52   slack (MET)


Startpoint: _172_ (rising edge-triggered flip-flop clocked by core_clock)
Endpoint: _161_ (rising edge-triggered flip-flop clocked by core_clock)
Path Group: core_clock
Path Type: max

Fanout     Cap    Slew   Delay    Time   Description
-----------------------------------------------------------------------------
                  0.00    0.00    0.00   clock core_clock (rise edge)
                          0.00    0.00   clock network delay (ideal)
                  0.00    0.00    0.00 ^ _172_/CLK (sky130_fd_sc_hd__dfxtp_2)
     3    0.01    0.04    0.31    0.31 v _172_/Q (sky130_fd_sc_hd__dfxtp_2)
                                         x2.A (net)
                  0.04    0.00    0.31 v _072_/A2 (sky130_fd_sc_hd__a22o_2)
     3    0.01    0.05    0.27    0.57 v _072_/X (sky130_fd_sc_hd__a22o_2)
                                         _032_ (net)
                  0.05    0.00    0.57 v _074_/B (sky130_fd_sc_hd__or3b_2)
     4    0.01    0.10    0.47    1.05 v _074_/X (sky130_fd_sc_hd__or3b_2)
                                         _034_ (net)
                  0.10    0.00    1.05 v _083_/A (sky130_fd_sc_hd__or2_2)
     3    0.01    0.07    0.33    1.38 v _083_/X (sky130_fd_sc_hd__or2_2)
                                         _041_ (net)
                  0.07    0.00    1.38 v _088_/A2 (sky130_fd_sc_hd__o21ba_2)
     3    0.01    0.05    0.22    1.60 v _088_/X (sky130_fd_sc_hd__o21ba_2)
                                         _045_ (net)
                  0.05    0.00    1.60 v _097_/B1 (sky130_fd_sc_hd__o221a_2)
     1    0.00    0.04    0.24    1.84 v _097_/X (sky130_fd_sc_hd__o221a_2)
                                         _052_ (net)
                  0.04    0.00    1.84 v _098_/B1 (sky130_fd_sc_hd__a21o_2)
     1    0.00    0.03    0.17    2.01 v _098_/X (sky130_fd_sc_hd__a21o_2)
                                         x69.S (net)
                  0.03    0.00    2.01 v _161_/D (sky130_fd_sc_hd__dfxtp_2)
                                  2.01   data arrival time

                  0.00    2.67    2.67   clock core_clock (rise edge)
                          0.00    2.67   clock network delay (ideal)
                          0.00    2.67   clock reconvergence pessimism
                                  2.67 ^ _161_/CLK (sky130_fd_sc_hd__dfxtp_2)
                         -0.12    2.55   library setup time
                                  2.55   data required time
-----------------------------------------------------------------------------
                                  2.55   data required time
                                 -2.01   data arrival time
-----------------------------------------------------------------------------
                                  0.54   slack (MET)


Startpoint: _172_ (rising edge-triggered flip-flop clocked by core_clock)
Endpoint: _159_ (rising edge-triggered flip-flop clocked by core_clock)
Path Group: core_clock
Path Type: max

Fanout     Cap    Slew   Delay    Time   Description
-----------------------------------------------------------------------------
                  0.00    0.00    0.00   clock core_clock (rise edge)
                          0.00    0.00   clock network delay (ideal)
                  0.00    0.00    0.00 ^ _172_/CLK (sky130_fd_sc_hd__dfxtp_2)
     3    0.01    0.04    0.31    0.31 v _172_/Q (sky130_fd_sc_hd__dfxtp_2)
                                         x2.A (net)
                  0.04    0.00    0.31 v _072_/A2 (sky130_fd_sc_hd__a22o_2)
     3    0.01    0.05    0.27    0.57 v _072_/X (sky130_fd_sc_hd__a22o_2)
                                         _032_ (net)
                  0.05    0.00    0.57 v _074_/B (sky130_fd_sc_hd__or3b_2)
     4    0.01    0.10    0.47    1.05 v _074_/X (sky130_fd_sc_hd__or3b_2)
                                         _034_ (net)
                  0.10    0.00    1.05 v _083_/A (sky130_fd_sc_hd__or2_2)
     3    0.01    0.07    0.33    1.38 v _083_/X (sky130_fd_sc_hd__or2_2)
                                         _041_ (net)
                  0.07    0.00    1.38 v _088_/A2 (sky130_fd_sc_hd__o21ba_2)
     3    0.01    0.05    0.22    1.60 v _088_/X (sky130_fd_sc_hd__o21ba_2)
                                         _045_ (net)
                  0.05    0.00    1.60 v _089_/B1 (sky130_fd_sc_hd__o21a_2)
     1    0.00    0.03    0.11    1.71 v _089_/X (sky130_fd_sc_hd__o21a_2)
                                         _046_ (net)
                  0.03    0.00    1.71 v _090_/B1 (sky130_fd_sc_hd__a21o_2)
     1    0.00    0.03    0.17    1.88 v _090_/X (sky130_fd_sc_hd__a21o_2)
                                         x67.S (net)
                  0.03    0.00    1.88 v _159_/D (sky130_fd_sc_hd__dfxtp_2)
                                  1.88   data arrival time

                  0.00    2.67    2.67   clock core_clock (rise edge)
                          0.00    2.67   clock network delay (ideal)
                          0.00    2.67   clock reconvergence pessimism
                                  2.67 ^ _159_/CLK (sky130_fd_sc_hd__dfxtp_2)
                         -0.12    2.55   library setup time
                                  2.55   data required time
-----------------------------------------------------------------------------
                                  2.55   data required time
                                 -1.88   data arrival time
-----------------------------------------------------------------------------
                                  0.68   slack (MET)


Startpoint: _172_ (rising edge-triggered flip-flop clocked by core_clock)
Endpoint: _162_ (rising edge-triggered flip-flop clocked by core_clock)
Path Group: core_clock
Path Type: max

Fanout     Cap    Slew   Delay    Time   Description
-----------------------------------------------------------------------------
                  0.00    0.00    0.00   clock core_clock (rise edge)
                          0.00    0.00   clock network delay (ideal)
                  0.00    0.00    0.00 ^ _172_/CLK (sky130_fd_sc_hd__dfxtp_2)
     3    0.01    0.04    0.31    0.31 v _172_/Q (sky130_fd_sc_hd__dfxtp_2)
                                         x2.A (net)
                  0.04    0.00    0.31 v _072_/A2 (sky130_fd_sc_hd__a22o_2)
     3    0.01    0.05    0.27    0.57 v _072_/X (sky130_fd_sc_hd__a22o_2)
                                         _032_ (net)
                  0.05    0.00    0.57 v _074_/B (sky130_fd_sc_hd__or3b_2)
     4    0.01    0.10    0.47    1.05 v _074_/X (sky130_fd_sc_hd__or3b_2)
                                         _034_ (net)
                  0.10    0.00    1.05 v _083_/A (sky130_fd_sc_hd__or2_2)
     3    0.01    0.07    0.33    1.38 v _083_/X (sky130_fd_sc_hd__or2_2)
                                         _041_ (net)
                  0.07    0.00    1.38 v _102_/A (sky130_fd_sc_hd__or2_2)
     2    0.01    0.06    0.31    1.69 v _102_/X (sky130_fd_sc_hd__or2_2)
                                         _056_ (net)
                  0.06    0.00    1.69 v _107_/A2 (sky130_fd_sc_hd__o211ai_2)
     1    0.00    0.10    0.12    1.81 ^ _107_/Y (sky130_fd_sc_hd__o211ai_2)
                                         x70.S (net)
                  0.10    0.00    1.81 ^ _162_/D (sky130_fd_sc_hd__dfxtp_2)
                                  1.81   data arrival time

                  0.00    2.67    2.67   clock core_clock (rise edge)
                          0.00    2.67   clock network delay (ideal)
                          0.00    2.67   clock reconvergence pessimism
                                  2.67 ^ _162_/CLK (sky130_fd_sc_hd__dfxtp_2)
                         -0.08    2.59   library setup time
                                  2.59   data required time
-----------------------------------------------------------------------------
                                  2.59   data required time
                                 -1.81   data arrival time
-----------------------------------------------------------------------------
                                  0.78   slack (MET)


Startpoint: _172_ (rising edge-triggered flip-flop clocked by core_clock)
Endpoint: _160_ (rising edge-triggered flip-flop clocked by core_clock)
Path Group: core_clock
Path Type: max

Fanout     Cap    Slew   Delay    Time   Description
-----------------------------------------------------------------------------
                  0.00    0.00    0.00   clock core_clock (rise edge)
                          0.00    0.00   clock network delay (ideal)
                  0.00    0.00    0.00 ^ _172_/CLK (sky130_fd_sc_hd__dfxtp_2)
     3    0.01    0.04    0.31    0.31 v _172_/Q (sky130_fd_sc_hd__dfxtp_2)
                                         x2.A (net)
                  0.04    0.00    0.31 v _072_/A2 (sky130_fd_sc_hd__a22o_2)
     3    0.01    0.05    0.27    0.57 v _072_/X (sky130_fd_sc_hd__a22o_2)
                                         _032_ (net)
                  0.05    0.00    0.57 v _074_/B (sky130_fd_sc_hd__or3b_2)
     4    0.01    0.10    0.47    1.05 v _074_/X (sky130_fd_sc_hd__or3b_2)
                                         _034_ (net)
                  0.10    0.00    1.05 v _083_/A (sky130_fd_sc_hd__or2_2)
     3    0.01    0.07    0.33    1.38 v _083_/X (sky130_fd_sc_hd__or2_2)
                                         _041_ (net)
                  0.07    0.00    1.38 v _088_/A2 (sky130_fd_sc_hd__o21ba_2)
     3    0.01    0.05    0.22    1.60 v _088_/X (sky130_fd_sc_hd__o21ba_2)
                                         _045_ (net)
                  0.05    0.00    1.60 v _091_/A (sky130_fd_sc_hd__inv_2)
     1    0.01    0.03    0.05    1.65 ^ _091_/Y (sky130_fd_sc_hd__inv_2)
                                         _047_ (net)
                  0.03    0.00    1.65 ^ _096_/A1 (sky130_fd_sc_hd__o21ai_2)
     1    0.00    0.04    0.04    1.69 v _096_/Y (sky130_fd_sc_hd__o21ai_2)
                                         x68.S (net)
                  0.04    0.00    1.69 v _160_/D (sky130_fd_sc_hd__dfxtp_2)
                                  1.69   data arrival time

                  0.00    2.67    2.67   clock core_clock (rise edge)
                          0.00    2.67   clock network delay (ideal)
                          0.00    2.67   clock reconvergence pessimism
                                  2.67 ^ _160_/CLK (sky130_fd_sc_hd__dfxtp_2)
                         -0.12    2.55   library setup time
                                  2.55   data required time
-----------------------------------------------------------------------------
                                  2.55   data required time
                                 -1.69   data arrival time
-----------------------------------------------------------------------------
                                  0.86   slack (MET)


Startpoint: _172_ (rising edge-triggered flip-flop clocked by core_clock)
Endpoint: _157_ (rising edge-triggered flip-flop clocked by core_clock)
Path Group: core_clock
Path Type: max

Fanout     Cap    Slew   Delay    Time   Description
-----------------------------------------------------------------------------
                  0.00    0.00    0.00   clock core_clock (rise edge)
                          0.00    0.00   clock network delay (ideal)
                  0.00    0.00    0.00 ^ _172_/CLK (sky130_fd_sc_hd__dfxtp_2)
     3    0.01    0.04    0.31    0.31 v _172_/Q (sky130_fd_sc_hd__dfxtp_2)
                                         x2.A (net)
                  0.04    0.00    0.31 v _072_/A2 (sky130_fd_sc_hd__a22o_2)
     3    0.01    0.05    0.27    0.57 v _072_/X (sky130_fd_sc_hd__a22o_2)
                                         _032_ (net)
                  0.05    0.00    0.57 v _074_/B (sky130_fd_sc_hd__or3b_2)
     4    0.01    0.10    0.47    1.05 v _074_/X (sky130_fd_sc_hd__or3b_2)
                                         _034_ (net)
                  0.10    0.00    1.05 v _078_/B1 (sky130_fd_sc_hd__o221a_2)
     1    0.00    0.04    0.26    1.30 v _078_/X (sky130_fd_sc_hd__o221a_2)
                                         _037_ (net)
                  0.04    0.00    1.30 v _079_/B1 (sky130_fd_sc_hd__a21o_2)
     1    0.00    0.03    0.17    1.48 v _079_/X (sky130_fd_sc_hd__a21o_2)
                                         x65.S (net)
                  0.03    0.00    1.48 v _157_/D (sky130_fd_sc_hd__dfxtp_2)
                                  1.48   data arrival time

                  0.00    2.67    2.67   clock core_clock (rise edge)
                          0.00    2.67   clock network delay (ideal)
                          0.00    2.67   clock reconvergence pessimism
                                  2.67 ^ _157_/CLK (sky130_fd_sc_hd__dfxtp_2)
                         -0.12    2.55   library setup time
                                  2.55   data required time
-----------------------------------------------------------------------------
                                  2.55   data required time
                                 -1.48   data arrival time
-----------------------------------------------------------------------------
                                  1.08   slack (MET)


Startpoint: _172_ (rising edge-triggered flip-flop clocked by core_clock)
Endpoint: _158_ (rising edge-triggered flip-flop clocked by core_clock)
Path Group: core_clock
Path Type: max

Fanout     Cap    Slew   Delay    Time   Description
-----------------------------------------------------------------------------
                  0.00    0.00    0.00   clock core_clock (rise edge)
                          0.00    0.00   clock network delay (ideal)
                  0.00    0.00    0.00 ^ _172_/CLK (sky130_fd_sc_hd__dfxtp_2)
     3    0.01    0.04    0.31    0.31 v _172_/Q (sky130_fd_sc_hd__dfxtp_2)
                                         x2.A (net)
                  0.04    0.00    0.31 v _072_/A2 (sky130_fd_sc_hd__a22o_2)
     3    0.01    0.05    0.27    0.57 v _072_/X (sky130_fd_sc_hd__a22o_2)
                                         _032_ (net)
                  0.05    0.00    0.57 v _074_/B (sky130_fd_sc_hd__or3b_2)
     4    0.01    0.10    0.47    1.05 v _074_/X (sky130_fd_sc_hd__or3b_2)
                                         _034_ (net)
                  0.10    0.00    1.05 v _083_/A (sky130_fd_sc_hd__or2_2)
     3    0.01    0.07    0.33    1.38 v _083_/X (sky130_fd_sc_hd__or2_2)
                                         _041_ (net)
                  0.07    0.00    1.38 v _087_/A2 (sky130_fd_sc_hd__o21bai_2)
     1    0.00    0.08    0.10    1.48 ^ _087_/Y (sky130_fd_sc_hd__o21bai_2)
                                         x66.S (net)
                  0.08    0.00    1.48 ^ _158_/D (sky130_fd_sc_hd__dfxtp_2)
                                  1.48   data arrival time

                  0.00    2.67    2.67   clock core_clock (rise edge)
                          0.00    2.67   clock network delay (ideal)
                          0.00    2.67   clock reconvergence pessimism
                                  2.67 ^ _158_/CLK (sky130_fd_sc_hd__dfxtp_2)
                         -0.07    2.60   library setup time
                                  2.60   data required time
-----------------------------------------------------------------------------
                                  2.60   data required time
                                 -1.48   data arrival time
-----------------------------------------------------------------------------
                                  1.12   slack (MET)


Startpoint: _172_ (rising edge-triggered flip-flop clocked by core_clock)
Endpoint: _156_ (rising edge-triggered flip-flop clocked by core_clock)
Path Group: core_clock
Path Type: max

Fanout     Cap    Slew   Delay    Time   Description
-----------------------------------------------------------------------------
                  0.00    0.00    0.00   clock core_clock (rise edge)
                          0.00    0.00   clock network delay (ideal)
                  0.00    0.00    0.00 ^ _172_/CLK (sky130_fd_sc_hd__dfxtp_2)
     3    0.01    0.04    0.31    0.31 v _172_/Q (sky130_fd_sc_hd__dfxtp_2)
                                         x2.A (net)
                  0.04    0.00    0.31 v _072_/A2 (sky130_fd_sc_hd__a22o_2)
     3    0.01    0.05    0.27    0.57 v _072_/X (sky130_fd_sc_hd__a22o_2)
                                         _032_ (net)
                  0.05    0.00    0.57 v _074_/B (sky130_fd_sc_hd__or3b_2)
     4    0.01    0.10    0.47    1.05 v _074_/X (sky130_fd_sc_hd__or3b_2)
                                         _034_ (net)
                  0.10    0.00    1.05 v _076_/A2 (sky130_fd_sc_hd__o21ai_2)
     1    0.00    0.07    0.11    1.16 ^ _076_/Y (sky130_fd_sc_hd__o21ai_2)
                                         x64.S (net)
                  0.07    0.00    1.16 ^ _156_/D (sky130_fd_sc_hd__dfxtp_2)
                                  1.16   data arrival time

                  0.00    2.67    2.67   clock core_clock (rise edge)
                          0.00    2.67   clock network delay (ideal)
                          0.00    2.67   clock reconvergence pessimism
                                  2.67 ^ _156_/CLK (sky130_fd_sc_hd__dfxtp_2)
                         -0.07    2.60   library setup time
                                  2.60   data required time
-----------------------------------------------------------------------------
                                  2.60   data required time
                                 -1.16   data arrival time
-----------------------------------------------------------------------------
                                  1.44   slack (MET)


Startpoint: _188_ (rising edge-triggered flip-flop clocked by core_clock)
Endpoint: _155_ (rising edge-triggered flip-flop clocked by core_clock)
Path Group: core_clock
Path Type: max

Fanout     Cap    Slew   Delay    Time   Description
-----------------------------------------------------------------------------
                  0.00    0.00    0.00   clock core_clock (rise edge)
                          0.00    0.00   clock network delay (ideal)
                  0.00    0.00    0.00 ^ _188_/CLK (sky130_fd_sc_hd__dfxtp_2)
     3    0.01    0.04    0.31    0.31 v _188_/Q (sky130_fd_sc_hd__dfxtp_2)
                                         x2.B (net)
                  0.04    0.00    0.31 v _070_/A (sky130_fd_sc_hd__nor2_2)
     2    0.01    0.10    0.12    0.42 ^ _070_/Y (sky130_fd_sc_hd__nor2_2)
                                         _031_ (net)
                  0.10    0.00    0.42 ^ _071_/B1 (sky130_fd_sc_hd__a21oi_2)
     1    0.00    0.04    0.03    0.46 v _071_/Y (sky130_fd_sc_hd__a21oi_2)
                                         x63.S (net)
                  0.04    0.00    0.46 v _155_/D (sky130_fd_sc_hd__dfxtp_2)
                                  0.46   data arrival time

                  0.00    2.67    2.67   clock core_clock (rise edge)
                          0.00    2.67   clock network delay (ideal)
                          0.00    2.67   clock reconvergence pessimism
                                  2.67 ^ _155_/CLK (sky130_fd_sc_hd__dfxtp_2)
                         -0.12    2.55   library setup time
                                  2.55   data required time
-----------------------------------------------------------------------------
                                  2.55   data required time
                                 -0.46   data arrival time
-----------------------------------------------------------------------------
                                  2.09   slack (MET)



worst slack corner Typical: 0.0060
max_report_end
checks_report

===========================================================================
report_checks -unconstrained
===========================================================================
======================= Typical Corner ===================================

Startpoint: _176_ (rising edge-triggered flip-flop clocked by core_clock)
Endpoint: _168_ (rising edge-triggered flip-flop clocked by core_clock)
Path Group: core_clock
Path Type: max

Fanout     Cap    Slew   Delay    Time   Description
-----------------------------------------------------------------------------
                  0.00    0.00    0.00   clock core_clock (rise edge)
                          0.00    0.00   clock network delay (ideal)
                  0.00    0.00    0.00 ^ _176_/CLK (sky130_fd_sc_hd__dfxtp_2)
     4    0.01    0.04    0.31    0.31 v _176_/Q (sky130_fd_sc_hd__dfxtp_2)
                                         x10.A (net)
                  0.04    0.00    0.31 v _092_/A2 (sky130_fd_sc_hd__a22o_2)
     4    0.01    0.06    0.27    0.58 v _092_/X (sky130_fd_sc_hd__a22o_2)
                                         _048_ (net)
                  0.06    0.00    0.58 v _101_/A (sky130_fd_sc_hd__or4b_2)
     3    0.00    0.11    0.68    1.26 v _101_/X (sky130_fd_sc_hd__or4b_2)
                                         _055_ (net)
                  0.11    0.00    1.26 v _108_/D (sky130_fd_sc_hd__or4_2)
     2    0.01    0.12    0.58    1.83 v _108_/X (sky130_fd_sc_hd__or4_2)
                                         _061_ (net)
                  0.12    0.00    1.83 v _127_/A3 (sky130_fd_sc_hd__a31o_2)
     3    0.01    0.05    0.28    2.11 v _127_/X (sky130_fd_sc_hd__a31o_2)
                                         _008_ (net)
                  0.05    0.00    2.11 v _135_/A2 (sky130_fd_sc_hd__a21o_2)
     2    0.00    0.04    0.21    2.32 v _135_/X (sky130_fd_sc_hd__a21o_2)
                                         _014_ (net)
                  0.04    0.00    2.32 v _137_/A (sky130_fd_sc_hd__and2_2)
     1    0.00    0.03    0.16    2.47 v _137_/X (sky130_fd_sc_hd__and2_2)
                                         _016_ (net)
                  0.03    0.00    2.47 v _138_/A (sky130_fd_sc_hd__buf_1)
     1    0.00    0.02    0.08    2.55 v _138_/X (sky130_fd_sc_hd__buf_1)
                                         x76.S (net)
                  0.02    0.00    2.55 v _168_/D (sky130_fd_sc_hd__dfxtp_2)
                                  2.55   data arrival time

                  0.00    2.67    2.67   clock core_clock (rise edge)
                          0.00    2.67   clock network delay (ideal)
                          0.00    2.67   clock reconvergence pessimism
                                  2.67 ^ _168_/CLK (sky130_fd_sc_hd__dfxtp_2)
                         -0.11    2.56   library setup time
                                  2.56   data required time
-----------------------------------------------------------------------------
                                  2.56   data required time
                                 -2.55   data arrival time
-----------------------------------------------------------------------------
                                  0.01   slack (MET)




===========================================================================
report_checks --slack_max -0.01
============================================================================
======================= Typical Corner ===================================

No paths found.


===========================================================================
 report_check_types -max_slew -max_cap -max_fanout -violators
============================================================================
======================= Typical Corner ===================================


max slew violations count Typical: 0
max fanout violations count Typical: 0
max cap violations count Typical: 0

===========================================================================
report_parasitic_annotation -report_unannotated
============================================================================
Found 170 unannotated drivers.
 a1
 a10
 a11
 a12
 a13
 a14
 a15
 a16
 a2
 a3
 a4
 a5
 a6
 a7
 a8
 a9
 b1
 b10
 b11
 b12
 b13
 b14
 b15
 b16
 b2
 b3
 b4
 b5
 b6
 b7
 b8
 b9
 cin
 clk
 _069_/Y
 _070_/Y
 _071_/Y
 _072_/X
 _073_/X
 _074_/X
 _075_/Y
 _076_/Y
 _077_/Y
 _078_/X
 _079_/X
 _080_/X
 _081_/Y
 _082_/X
 _083_/X
 _084_/Y
 _085_/X
 _086_/Y
 _087_/Y
 _088_/X
 _089_/X
 _090_/X
 _091_/Y
 _092_/X
 _093_/Y
 _094_/X
 _095_/Y
 _096_/Y
 _097_/X
 _098_/X
 _099_/X
 _100_/X
 _101_/X
 _102_/X
 _103_/X
 _104_/X
 _105_/Y
 _106_/X
 _107_/Y
 _108_/X
 _109_/Y
 _110_/Y
 _111_/Y
 _112_/Y
 _113_/X
 _114_/Y
 _115_/X
 _116_/Y
 _117_/Y
 _118_/X
 _119_/X
 _120_/X
 _121_/X
 _122_/X
 _123_/X
 _124_/Y
 _125_/X
 _126_/X
 _127_/X
 _128_/X
 _129_/Y
 _130_/X
 _131_/X
 _132_/X
 _133_/Y
 _134_/Y
 _135_/X
 _136_/X
 _137_/X
 _138_/X
 _139_/Y
 _140_/X
 _141_/X
 _142_/Y
 _143_/Y
 _144_/X
 _145_/X
 _146_/X
 _147_/X
 _148_/X
 _149_/X
 _150_/X
 _151_/Y
 _152_/Y
 _153_/X
 _154_/X
 _155_/Q
 _156_/Q
 _157_/Q
 _158_/Q
 _159_/Q
 _160_/Q
 _161_/Q
 _162_/Q
 _163_/Q
 _164_/Q
 _165_/Q
 _166_/Q
 _167_/Q
 _168_/Q
 _169_/Q
 _170_/Q
 _171_/Q
 _172_/Q
 _173_/Q
 _174_/Q
 _175_/Q
 _176_/Q
 _177_/Q
 _178_/Q
 _179_/Q
 _180_/Q
 _181_/Q
 _182_/Q
 _183_/Q
 _184_/Q
 _185_/Q
 _186_/Q
 _187_/Q
 _188_/Q
 _189_/Q
 _190_/Q
 _191_/Q
 _192_/Q
 _193_/Q
 _194_/Q
 _195_/Q
 _196_/Q
 _197_/Q
 _198_/Q
 _199_/Q
 _200_/Q
 _201_/Q
 _202_/Q
 _203_/Q
 _204_/Q
Found 0 partially unannotated drivers.

===========================================================================
max slew violation count 0
max fanout violation count 0
max cap violation count 0
============================================================================

===========================================================================
check_setup -verbose -unconstrained_endpoints -multiple_clock -no_clock -no_input_delay -loops -generated_clocks
===========================================================================
Warning: There are 33 input ports missing set_input_delay.
  a1
  a10
  a11
  a12
  a13
  a14
  a15
  a16
  a2
  a3
  a4
  a5
  a6
  a7
  a8
  a9
  b1
  b10
  b11
  b12
  b13
  b14
  b15
  b16
  b2
  b3
  b4
  b5
  b6
  b7
  b8
  b9
  cin
Warning: There are 50 unconstrained endpoints.
  cout
  s1
  s10
  s11
  s12
  s13
  s14
  s15
  s16
  s2
  s3
  s4
  s5
  s6
  s7
  s8
  s9
  _172_/D
  _173_/D
  _174_/D
  _175_/D
  _176_/D
  _177_/D
  _178_/D
  _179_/D
  _180_/D
  _181_/D
  _182_/D
  _183_/D
  _184_/D
  _185_/D
  _186_/D
  _187_/D
  _188_/D
  _189_/D
  _190_/D
  _191_/D
  _192_/D
  _193_/D
  _194_/D
  _195_/D
  _196_/D
  _197_/D
  _198_/D
  _199_/D
  _200_/D
  _201_/D
  _202_/D
  _203_/D
  _204_/D
checks_report_end
power_report

===========================================================================
 report_power
============================================================================
======================= Typical Corner ===================================

Group                  Internal  Switching    Leakage      Total
                          Power      Power      Power      Power (Watts)
----------------------------------------------------------------
Sequential             8.37e-04   2.04e-05   4.22e-10   8.57e-04  86.9%
Combinational          8.63e-05   4.33e-05   2.80e-10   1.30e-04  13.1%
Clock                  0.00e+00   0.00e+00   0.00e+00   0.00e+00   0.0%
Macro                  0.00e+00   0.00e+00   0.00e+00   0.00e+00   0.0%
Pad                    0.00e+00   0.00e+00   0.00e+00   0.00e+00   0.0%
----------------------------------------------------------------
Total                  9.23e-04   6.37e-05   7.02e-10   9.87e-04 100.0%
                          93.5%       6.5%       0.0%

power_report_end
skew_report

===========================================================================
report_clock_skew
============================================================================
Clock core_clock
Latency      CRPR       Skew
_172_/CLK ^
   0.00
_155_/CLK ^
   0.00      0.00       0.00

skew_report_end
summary_report

===========================================================================
report_tns
============================================================================
tns 0.00

===========================================================================
report_wns
============================================================================
wns 0.00

===========================================================================
report_worst_slack -max (Setup)
============================================================================
worst slack 0.01

===========================================================================
report_worst_slack -min (Hold)
============================================================================
worst slack 0.45
summary_report_end
check_nonpropagated_clocks
core_clock
check_nonpropagated_clocks_end
[WARNING] Did not save OpenROAD database!
Writing SDF to '/openlane/designs/brent-kung/runs/auto_pnr/results/synthesis/adder.sdf'…
