
===========================================================================
report_checks -path_delay min (Hold)
============================================================================
======================= Typical Corner ===================================

Startpoint: _196_ (rising edge-triggered flip-flop clocked by core_clock)
Endpoint: _163_ (rising edge-triggered flip-flop clocked by core_clock)
Path Group: core_clock
Path Type: min

Fanout     Cap    Slew   Delay    Time   Description
-----------------------------------------------------------------------------
                  0.00    0.00    0.00   clock core_clock (rise edge)
                          0.00    0.00   clock network delay (ideal)
                  0.00    0.00    0.00 ^ _196_/CLK (sky130_fd_sc_hd__dfxtp_1)
     3    0.01    0.05    0.30    0.30 v _196_/Q (sky130_fd_sc_hd__dfxtp_1)
                                         x18.B (net)
                  0.05    0.00    0.30 v _110_/A (sky130_fd_sc_hd__nand2_1)
     1    0.00    0.04    0.06    0.36 ^ _110_/Y (sky130_fd_sc_hd__nand2_1)
                                         _063_ (net)
                  0.04    0.00    0.36 ^ _112_/A2 (sky130_fd_sc_hd__a21oi_1)
     1    0.00    0.03    0.05    0.41 v _112_/Y (sky130_fd_sc_hd__a21oi_1)
                                         x71.S (net)
                  0.03    0.00    0.41 v _163_/D (sky130_fd_sc_hd__dfxtp_1)
                                  0.41   data arrival time

                  0.00    0.00    0.00   clock core_clock (rise edge)
                          0.00    0.00   clock network delay (ideal)
                          0.00    0.00   clock reconvergence pessimism
                                  0.00 ^ _163_/CLK (sky130_fd_sc_hd__dfxtp_1)
                         -0.06   -0.06   library hold time
                                 -0.06   data required time
-----------------------------------------------------------------------------
                                 -0.06   data required time
                                 -0.41   data arrival time
-----------------------------------------------------------------------------
                                  0.47   slack (MET)


Startpoint: _188_ (rising edge-triggered flip-flop clocked by core_clock)
Endpoint: _155_ (rising edge-triggered flip-flop clocked by core_clock)
Path Group: core_clock
Path Type: min

Fanout     Cap    Slew   Delay    Time   Description
-----------------------------------------------------------------------------
                  0.00    0.00    0.00   clock core_clock (rise edge)
                          0.00    0.00   clock network delay (ideal)
                  0.00    0.00    0.00 ^ _188_/CLK (sky130_fd_sc_hd__dfxtp_1)
     3    0.01    0.05    0.29    0.29 v _188_/Q (sky130_fd_sc_hd__dfxtp_1)
                                         x2.B (net)
                  0.05    0.00    0.29 v _069_/A (sky130_fd_sc_hd__nand2_1)
     1    0.00    0.04    0.05    0.35 ^ _069_/Y (sky130_fd_sc_hd__nand2_1)
                                         _030_ (net)
                  0.04    0.00    0.35 ^ _071_/A2 (sky130_fd_sc_hd__a21oi_1)
     1    0.00    0.05    0.07    0.42 v _071_/Y (sky130_fd_sc_hd__a21oi_1)
                                         x63.S (net)
                  0.05    0.00    0.42 v _155_/D (sky130_fd_sc_hd__dfxtp_1)
                                  0.42   data arrival time

                  0.00    0.00    0.00   clock core_clock (rise edge)
                          0.00    0.00   clock network delay (ideal)
                          0.00    0.00   clock reconvergence pessimism
                                  0.00 ^ _155_/CLK (sky130_fd_sc_hd__dfxtp_1)
                         -0.06   -0.06   library hold time
                                 -0.06   data required time
-----------------------------------------------------------------------------
                                 -0.06   data required time
                                 -0.42   data arrival time
-----------------------------------------------------------------------------
                                  0.48   slack (MET)


Startpoint: _176_ (rising edge-triggered flip-flop clocked by core_clock)
Endpoint: _159_ (rising edge-triggered flip-flop clocked by core_clock)
Path Group: core_clock
Path Type: min

Fanout     Cap    Slew   Delay    Time   Description
-----------------------------------------------------------------------------
                  0.00    0.00    0.00   clock core_clock (rise edge)
                          0.00    0.00   clock network delay (ideal)
                  0.00    0.00    0.00 ^ _176_/CLK (sky130_fd_sc_hd__dfxtp_1)
     4    0.01    0.12    0.34    0.34 ^ _176_/Q (sky130_fd_sc_hd__dfxtp_1)
                                         x10.A (net)
                  0.12    0.00    0.34 ^ _090_/A2 (sky130_fd_sc_hd__a21o_1)
     1    0.00    0.03    0.12    0.46 ^ _090_/X (sky130_fd_sc_hd__a21o_1)
                                         x67.S (net)
                  0.03    0.00    0.46 ^ _159_/D (sky130_fd_sc_hd__dfxtp_1)
                                  0.46   data arrival time

                  0.00    0.00    0.00   clock core_clock (rise edge)
                          0.00    0.00   clock network delay (ideal)
                          0.00    0.00   clock reconvergence pessimism
                                  0.00 ^ _159_/CLK (sky130_fd_sc_hd__dfxtp_1)
                         -0.03   -0.03   library hold time
                                 -0.03   data required time
-----------------------------------------------------------------------------
                                 -0.03   data required time
                                 -0.46   data arrival time
-----------------------------------------------------------------------------
                                  0.49   slack (MET)


Startpoint: _184_ (rising edge-triggered flip-flop clocked by core_clock)
Endpoint: _167_ (rising edge-triggered flip-flop clocked by core_clock)
Path Group: core_clock
Path Type: min

Fanout     Cap    Slew   Delay    Time   Description
-----------------------------------------------------------------------------
                  0.00    0.00    0.00   clock core_clock (rise edge)
                          0.00    0.00   clock network delay (ideal)
                  0.00    0.00    0.00 ^ _184_/CLK (sky130_fd_sc_hd__dfxtp_1)
     4    0.01    0.12    0.34    0.34 ^ _184_/Q (sky130_fd_sc_hd__dfxtp_1)
                                         x26.A (net)
                  0.12    0.00    0.34 ^ _131_/A2 (sky130_fd_sc_hd__a21o_1)
     1    0.00    0.03    0.12    0.47 ^ _131_/X (sky130_fd_sc_hd__a21o_1)
                                         x75.S (net)
                  0.03    0.00    0.47 ^ _167_/D (sky130_fd_sc_hd__dfxtp_1)
                                  0.47   data arrival time

                  0.00    0.00    0.00   clock core_clock (rise edge)
                          0.00    0.00   clock network delay (ideal)
                          0.00    0.00   clock reconvergence pessimism
                                  0.00 ^ _167_/CLK (sky130_fd_sc_hd__dfxtp_1)
                         -0.03   -0.03   library hold time
                                 -0.03   data required time
-----------------------------------------------------------------------------
                                 -0.03   data required time
                                 -0.47   data arrival time
-----------------------------------------------------------------------------
                                  0.50   slack (MET)


Startpoint: _194_ (rising edge-triggered flip-flop clocked by core_clock)
Endpoint: _161_ (rising edge-triggered flip-flop clocked by core_clock)
Path Group: core_clock
Path Type: min

Fanout     Cap    Slew   Delay    Time   Description
-----------------------------------------------------------------------------
                  0.00    0.00    0.00   clock core_clock (rise edge)
                          0.00    0.00   clock network delay (ideal)
                  0.00    0.00    0.00 ^ _194_/CLK (sky130_fd_sc_hd__dfxtp_1)
     4    0.01    0.12    0.34    0.34 ^ _194_/Q (sky130_fd_sc_hd__dfxtp_1)
                                         x14.B (net)
                  0.12    0.00    0.34 ^ _098_/A1 (sky130_fd_sc_hd__a21o_1)
     1    0.00    0.04    0.12    0.47 ^ _098_/X (sky130_fd_sc_hd__a21o_1)
                                         x69.S (net)
                  0.04    0.00    0.47 ^ _161_/D (sky130_fd_sc_hd__dfxtp_1)
                                  0.47   data arrival time

                  0.00    0.00    0.00   clock core_clock (rise edge)
                          0.00    0.00   clock network delay (ideal)
                          0.00    0.00   clock reconvergence pessimism
                                  0.00 ^ _161_/CLK (sky130_fd_sc_hd__dfxtp_1)
                         -0.04   -0.04   library hold time
                                 -0.04   data required time
-----------------------------------------------------------------------------
                                 -0.04   data required time
                                 -0.47   data arrival time
-----------------------------------------------------------------------------
                                  0.50   slack (MET)


Startpoint: _204_ (rising edge-triggered flip-flop clocked by core_clock)
Endpoint: _156_ (rising edge-triggered flip-flop clocked by core_clock)
Path Group: core_clock
Path Type: min

Fanout     Cap    Slew   Delay    Time   Description
-----------------------------------------------------------------------------
                  0.00    0.00    0.00   clock core_clock (rise edge)
                          0.00    0.00   clock network delay (ideal)
                  0.00    0.00    0.00 ^ _204_/CLK (sky130_fd_sc_hd__dfxtp_1)
     5    0.02    0.08    0.33    0.33 v _204_/Q (sky130_fd_sc_hd__dfxtp_1)
                                         x47.c (net)
                  0.08    0.00    0.33 v _076_/A1 (sky130_fd_sc_hd__o21ai_1)
     1    0.00    0.08    0.15    0.47 ^ _076_/Y (sky130_fd_sc_hd__o21ai_1)
                                         x64.S (net)
                  0.08    0.00    0.47 ^ _156_/D (sky130_fd_sc_hd__dfxtp_1)
                                  0.47   data arrival time

                  0.00    0.00    0.00   clock core_clock (rise edge)
                          0.00    0.00   clock network delay (ideal)
                          0.00    0.00   clock reconvergence pessimism
                                  0.00 ^ _156_/CLK (sky130_fd_sc_hd__dfxtp_1)
                         -0.04   -0.04   library hold time
                                 -0.04   data required time
-----------------------------------------------------------------------------
                                 -0.04   data required time
                                 -0.47   data arrival time
-----------------------------------------------------------------------------
                                  0.52   slack (MET)


Startpoint: _190_ (rising edge-triggered flip-flop clocked by core_clock)
Endpoint: _157_ (rising edge-triggered flip-flop clocked by core_clock)
Path Group: core_clock
Path Type: min

Fanout     Cap    Slew   Delay    Time   Description
-----------------------------------------------------------------------------
                  0.00    0.00    0.00   clock core_clock (rise edge)
                          0.00    0.00   clock network delay (ideal)
                  0.00    0.00    0.00 ^ _190_/CLK (sky130_fd_sc_hd__dfxtp_1)
     4    0.01    0.13    0.35    0.35 ^ _190_/Q (sky130_fd_sc_hd__dfxtp_1)
                                         x6.B (net)
                  0.13    0.00    0.35 ^ _079_/A1 (sky130_fd_sc_hd__a21o_1)
     1    0.00    0.05    0.13    0.48 ^ _079_/X (sky130_fd_sc_hd__a21o_1)
                                         x65.S (net)
                  0.05    0.00    0.48 ^ _157_/D (sky130_fd_sc_hd__dfxtp_1)
                                  0.48   data arrival time

                  0.00    0.00    0.00   clock core_clock (rise edge)
                          0.00    0.00   clock network delay (ideal)
                          0.00    0.00   clock reconvergence pessimism
                                  0.00 ^ _157_/CLK (sky130_fd_sc_hd__dfxtp_1)
                         -0.04   -0.04   library hold time
                                 -0.04   data required time
-----------------------------------------------------------------------------
                                 -0.04   data required time
                                 -0.48   data arrival time
-----------------------------------------------------------------------------
                                  0.52   slack (MET)


Startpoint: _186_ (rising edge-triggered flip-flop clocked by core_clock)
Endpoint: _169_ (rising edge-triggered flip-flop clocked by core_clock)
Path Group: core_clock
Path Type: min

Fanout     Cap    Slew   Delay    Time   Description
-----------------------------------------------------------------------------
                  0.00    0.00    0.00   clock core_clock (rise edge)
                          0.00    0.00   clock network delay (ideal)
                  0.00    0.00    0.00 ^ _186_/CLK (sky130_fd_sc_hd__dfxtp_1)
     4    0.01    0.11    0.34    0.34 ^ _186_/Q (sky130_fd_sc_hd__dfxtp_1)
                                         x30.A (net)
                  0.11    0.00    0.34 ^ _141_/A2 (sky130_fd_sc_hd__a22o_1)
     1    0.00    0.04    0.15    0.48 ^ _141_/X (sky130_fd_sc_hd__a22o_1)
                                         x77.S (net)
                  0.04    0.00    0.48 ^ _169_/D (sky130_fd_sc_hd__dfxtp_1)
                                  0.48   data arrival time

                  0.00    0.00    0.00   clock core_clock (rise edge)
                          0.00    0.00   clock network delay (ideal)
                          0.00    0.00   clock reconvergence pessimism
                                  0.00 ^ _169_/CLK (sky130_fd_sc_hd__dfxtp_1)
                         -0.04   -0.04   library hold time
                                 -0.04   data required time
-----------------------------------------------------------------------------
                                 -0.04   data required time
                                 -0.48   data arrival time
-----------------------------------------------------------------------------
                                  0.52   slack (MET)


Startpoint: _204_ (rising edge-triggered flip-flop clocked by core_clock)
Endpoint: _158_ (rising edge-triggered flip-flop clocked by core_clock)
Path Group: core_clock
Path Type: min

Fanout     Cap    Slew   Delay    Time   Description
-----------------------------------------------------------------------------
                  0.00    0.00    0.00   clock core_clock (rise edge)
                          0.00    0.00   clock network delay (ideal)
                  0.00    0.00    0.00 ^ _204_/CLK (sky130_fd_sc_hd__dfxtp_1)
     5    0.02    0.08    0.33    0.33 v _204_/Q (sky130_fd_sc_hd__dfxtp_1)
                                         x47.c (net)
                  0.08    0.00    0.33 v _087_/A1 (sky130_fd_sc_hd__o21bai_1)
     1    0.00    0.06    0.15    0.48 ^ _087_/Y (sky130_fd_sc_hd__o21bai_1)
                                         x66.S (net)
                  0.06    0.00    0.48 ^ _158_/D (sky130_fd_sc_hd__dfxtp_1)
                                  0.48   data arrival time

                  0.00    0.00    0.00   clock core_clock (rise edge)
                          0.00    0.00   clock network delay (ideal)
                          0.00    0.00   clock reconvergence pessimism
                                  0.00 ^ _158_/CLK (sky130_fd_sc_hd__dfxtp_1)
                         -0.04   -0.04   library hold time
                                 -0.04   data required time
-----------------------------------------------------------------------------
                                 -0.04   data required time
                                 -0.48   data arrival time
-----------------------------------------------------------------------------
                                  0.52   slack (MET)


Startpoint: _181_ (rising edge-triggered flip-flop clocked by core_clock)
Endpoint: _164_ (rising edge-triggered flip-flop clocked by core_clock)
Path Group: core_clock
Path Type: min

Fanout     Cap    Slew   Delay    Time   Description
-----------------------------------------------------------------------------
                  0.00    0.00    0.00   clock core_clock (rise edge)
                          0.00    0.00   clock network delay (ideal)
                  0.00    0.00    0.00 ^ _181_/CLK (sky130_fd_sc_hd__dfxtp_1)
     3    0.01    0.10    0.33    0.33 ^ _181_/Q (sky130_fd_sc_hd__dfxtp_1)
                                         x20.A (net)
                  0.10    0.00    0.33 ^ _116_/A2 (sky130_fd_sc_hd__o21ai_1)
     3    0.01    0.06    0.09    0.42 v _116_/Y (sky130_fd_sc_hd__o21ai_1)
                                         _068_ (net)
                  0.06    0.00    0.42 v _117_/B1 (sky130_fd_sc_hd__o21ai_1)
     1    0.00    0.09    0.08    0.51 ^ _117_/Y (sky130_fd_sc_hd__o21ai_1)
                                         x72.S (net)
                  0.09    0.00    0.51 ^ _164_/D (sky130_fd_sc_hd__dfxtp_1)
                                  0.51   data arrival time

                  0.00    0.00    0.00   clock core_clock (rise edge)
                          0.00    0.00   clock network delay (ideal)
                          0.00    0.00   clock reconvergence pessimism
                                  0.00 ^ _164_/CLK (sky130_fd_sc_hd__dfxtp_1)
                         -0.05   -0.05   library hold time
                                 -0.05   data required time
-----------------------------------------------------------------------------
                                 -0.05   data required time
                                 -0.51   data arrival time
-----------------------------------------------------------------------------
                                  0.55   slack (MET)


Startpoint: _193_ (rising edge-triggered flip-flop clocked by core_clock)
Endpoint: _160_ (rising edge-triggered flip-flop clocked by core_clock)
Path Group: core_clock
Path Type: min

Fanout     Cap    Slew   Delay    Time   Description
-----------------------------------------------------------------------------
                  0.00    0.00    0.00   clock core_clock (rise edge)
                          0.00    0.00   clock network delay (ideal)
                  0.00    0.00    0.00 ^ _193_/CLK (sky130_fd_sc_hd__dfxtp_1)
     4    0.01    0.12    0.34    0.34 ^ _193_/Q (sky130_fd_sc_hd__dfxtp_1)
                                         x12.B (net)
                  0.12    0.00    0.34 ^ _095_/A1 (sky130_fd_sc_hd__o21ai_1)
     2    0.01    0.06    0.10    0.44 v _095_/Y (sky130_fd_sc_hd__o21ai_1)
                                         _051_ (net)
                  0.06    0.00    0.44 v _096_/B1 (sky130_fd_sc_hd__o21ai_1)
     1    0.00    0.07    0.07    0.52 ^ _096_/Y (sky130_fd_sc_hd__o21ai_1)
                                         x68.S (net)
                  0.07    0.00    0.52 ^ _160_/D (sky130_fd_sc_hd__dfxtp_1)
                                  0.52   data arrival time

                  0.00    0.00    0.00   clock core_clock (rise edge)
                          0.00    0.00   clock network delay (ideal)
                          0.00    0.00   clock reconvergence pessimism
                                  0.00 ^ _160_/CLK (sky130_fd_sc_hd__dfxtp_1)
                         -0.04   -0.04   library hold time
                                 -0.04   data required time
-----------------------------------------------------------------------------
                                 -0.04   data required time
                                 -0.52   data arrival time
-----------------------------------------------------------------------------
                                  0.56   slack (MET)


Startpoint: _204_ (rising edge-triggered flip-flop clocked by core_clock)
Endpoint: _162_ (rising edge-triggered flip-flop clocked by core_clock)
Path Group: core_clock
Path Type: min

Fanout     Cap    Slew   Delay    Time   Description
-----------------------------------------------------------------------------
                  0.00    0.00    0.00   clock core_clock (rise edge)
                          0.00    0.00   clock network delay (ideal)
                  0.00    0.00    0.00 ^ _204_/CLK (sky130_fd_sc_hd__dfxtp_1)
     5    0.02    0.08    0.33    0.33 v _204_/Q (sky130_fd_sc_hd__dfxtp_1)
                                         x47.c (net)
                  0.08    0.00    0.33 v _107_/A1 (sky130_fd_sc_hd__o211ai_1)
     1    0.00    0.08    0.19    0.52 ^ _107_/Y (sky130_fd_sc_hd__o211ai_1)
                                         x70.S (net)
                  0.08    0.00    0.52 ^ _162_/D (sky130_fd_sc_hd__dfxtp_1)
                                  0.52   data arrival time

                  0.00    0.00    0.00   clock core_clock (rise edge)
                          0.00    0.00   clock network delay (ideal)
                          0.00    0.00   clock reconvergence pessimism
                                  0.00 ^ _162_/CLK (sky130_fd_sc_hd__dfxtp_1)
                         -0.05   -0.05   library hold time
                                 -0.05   data required time
-----------------------------------------------------------------------------
                                 -0.05   data required time
                                 -0.52   data arrival time
-----------------------------------------------------------------------------
                                  0.56   slack (MET)


Startpoint: _198_ (rising edge-triggered flip-flop clocked by core_clock)
Endpoint: _165_ (rising edge-triggered flip-flop clocked by core_clock)
Path Group: core_clock
Path Type: min

Fanout     Cap    Slew   Delay    Time   Description
-----------------------------------------------------------------------------
                  0.00    0.00    0.00   clock core_clock (rise edge)
                          0.00    0.00   clock network delay (ideal)
                  0.00    0.00    0.00 ^ _198_/CLK (sky130_fd_sc_hd__dfxtp_1)
     2    0.01    0.06    0.30    0.30 ^ _198_/Q (sky130_fd_sc_hd__dfxtp_1)
                                         x22.B (net)
                  0.06    0.00    0.30 ^ _120_/A (sky130_fd_sc_hd__and2_1)
     2    0.01    0.07    0.14    0.44 ^ _120_/X (sky130_fd_sc_hd__and2_1)
                                         _002_ (net)
                  0.07    0.00    0.44 ^ _121_/B1 (sky130_fd_sc_hd__a31o_1)
     1    0.00    0.03    0.09    0.53 ^ _121_/X (sky130_fd_sc_hd__a31o_1)
                                         x73.S (net)
                  0.03    0.00    0.53 ^ _165_/D (sky130_fd_sc_hd__dfxtp_1)
                                  0.53   data arrival time

                  0.00    0.00    0.00   clock core_clock (rise edge)
                          0.00    0.00   clock network delay (ideal)
                          0.00    0.00   clock reconvergence pessimism
                                  0.00 ^ _165_/CLK (sky130_fd_sc_hd__dfxtp_1)
                         -0.04   -0.04   library hold time
                                 -0.04   data required time
-----------------------------------------------------------------------------
                                 -0.04   data required time
                                 -0.53   data arrival time
-----------------------------------------------------------------------------
                                  0.56   slack (MET)


Startpoint: _201_ (rising edge-triggered flip-flop clocked by core_clock)
Endpoint: _168_ (rising edge-triggered flip-flop clocked by core_clock)
Path Group: core_clock
Path Type: min

Fanout     Cap    Slew   Delay    Time   Description
-----------------------------------------------------------------------------
                  0.00    0.00    0.00   clock core_clock (rise edge)
                          0.00    0.00   clock network delay (ideal)
                  0.00    0.00    0.00 ^ _201_/CLK (sky130_fd_sc_hd__dfxtp_1)
     4    0.01    0.12    0.34    0.34 ^ _201_/Q (sky130_fd_sc_hd__dfxtp_1)
                                         x28.B (net)
                  0.12    0.00    0.34 ^ _136_/A1 (sky130_fd_sc_hd__a21o_1)
     1    0.00    0.03    0.12    0.46 ^ _136_/X (sky130_fd_sc_hd__a21o_1)
                                         _015_ (net)
                  0.03    0.00    0.46 ^ _137_/B (sky130_fd_sc_hd__and2_1)
     1    0.00    0.05    0.11    0.57 ^ _137_/X (sky130_fd_sc_hd__and2_1)
                                         _016_ (net)
                  0.05    0.00    0.57 ^ _138_/A (sky130_fd_sc_hd__clkbuf_1)
     1    0.00    0.04    0.08    0.65 ^ _138_/X (sky130_fd_sc_hd__clkbuf_1)
                                         x76.S (net)
                  0.04    0.00    0.65 ^ _168_/D (sky130_fd_sc_hd__dfxtp_1)
                                  0.65   data arrival time

                  0.00    0.00    0.00   clock core_clock (rise edge)
                          0.00    0.00   clock network delay (ideal)
                          0.00    0.00   clock reconvergence pessimism
                                  0.00 ^ _168_/CLK (sky130_fd_sc_hd__dfxtp_1)
                         -0.04   -0.04   library hold time
                                 -0.04   data required time
-----------------------------------------------------------------------------
                                 -0.04   data required time
                                 -0.65   data arrival time
-----------------------------------------------------------------------------
                                  0.68   slack (MET)


Startpoint: _199_ (rising edge-triggered flip-flop clocked by core_clock)
Endpoint: _166_ (rising edge-triggered flip-flop clocked by core_clock)
Path Group: core_clock
Path Type: min

Fanout     Cap    Slew   Delay    Time   Description
-----------------------------------------------------------------------------
                  0.00    0.00    0.00   clock core_clock (rise edge)
                          0.00    0.00   clock network delay (ideal)
                  0.00    0.00    0.00 ^ _199_/CLK (sky130_fd_sc_hd__dfxtp_1)
     2    0.01    0.06    0.30    0.30 ^ _199_/Q (sky130_fd_sc_hd__dfxtp_1)
                                         x24.B (net)
                  0.06    0.00    0.30 ^ _122_/A1 (sky130_fd_sc_hd__a21o_1)
     2    0.00    0.04    0.11    0.41 ^ _122_/X (sky130_fd_sc_hd__a21o_1)
                                         _003_ (net)
                  0.04    0.00    0.41 ^ _125_/B (sky130_fd_sc_hd__or3_1)
     4    0.01    0.11    0.15    0.56 ^ _125_/X (sky130_fd_sc_hd__or3_1)
                                         _006_ (net)
                  0.11    0.00    0.56 ^ _128_/A1 (sky130_fd_sc_hd__a21bo_1)
     1    0.01    0.06    0.14    0.70 ^ _128_/X (sky130_fd_sc_hd__a21bo_1)
                                         _009_ (net)
                  0.06    0.00    0.70 ^ _129_/A (sky130_fd_sc_hd__inv_2)
     1    0.00    0.02    0.03    0.72 v _129_/Y (sky130_fd_sc_hd__inv_2)
                                         x74.S (net)
                  0.02    0.00    0.72 v _166_/D (sky130_fd_sc_hd__dfxtp_1)
                                  0.72   data arrival time

                  0.00    0.00    0.00   clock core_clock (rise edge)
                          0.00    0.00   clock network delay (ideal)
                          0.00    0.00   clock reconvergence pessimism
                                  0.00 ^ _166_/CLK (sky130_fd_sc_hd__dfxtp_1)
                         -0.05   -0.05   library hold time
                                 -0.05   data required time
-----------------------------------------------------------------------------
                                 -0.05   data required time
                                 -0.72   data arrival time
-----------------------------------------------------------------------------
                                  0.77   slack (MET)


Startpoint: _199_ (rising edge-triggered flip-flop clocked by core_clock)
Endpoint: _171_ (rising edge-triggered flip-flop clocked by core_clock)
Path Group: core_clock
Path Type: min

Fanout     Cap    Slew   Delay    Time   Description
-----------------------------------------------------------------------------
                  0.00    0.00    0.00   clock core_clock (rise edge)
                          0.00    0.00   clock network delay (ideal)
                  0.00    0.00    0.00 ^ _199_/CLK (sky130_fd_sc_hd__dfxtp_1)
     2    0.01    0.06    0.30    0.30 ^ _199_/Q (sky130_fd_sc_hd__dfxtp_1)
                                         x24.B (net)
                  0.06    0.00    0.30 ^ _122_/A1 (sky130_fd_sc_hd__a21o_1)
     2    0.00    0.04    0.11    0.41 ^ _122_/X (sky130_fd_sc_hd__a21o_1)
                                         _003_ (net)
                  0.04    0.00    0.41 ^ _125_/B (sky130_fd_sc_hd__or3_1)
     4    0.01    0.11    0.15    0.56 ^ _125_/X (sky130_fd_sc_hd__or3_1)
                                         _006_ (net)
                  0.11    0.00    0.56 ^ _148_/B (sky130_fd_sc_hd__or3_1)
     2    0.01    0.07    0.14    0.70 ^ _148_/X (sky130_fd_sc_hd__or3_1)
                                         _025_ (net)
                  0.07    0.00    0.70 ^ _152_/A2 (sky130_fd_sc_hd__o21bai_1)
     1    0.00    0.05    0.07    0.77 v _152_/Y (sky130_fd_sc_hd__o21bai_1)
                                         x58.C (net)
                  0.05    0.00    0.77 v _171_/D (sky130_fd_sc_hd__dfxtp_1)
                                  0.77   data arrival time

                  0.00    0.00    0.00   clock core_clock (rise edge)
                          0.00    0.00   clock network delay (ideal)
                          0.00    0.00   clock reconvergence pessimism
                                  0.00 ^ _171_/CLK (sky130_fd_sc_hd__dfxtp_1)
                         -0.06   -0.06   library hold time
                                 -0.06   data required time
-----------------------------------------------------------------------------
                                 -0.06   data required time
                                 -0.77   data arrival time
-----------------------------------------------------------------------------
                                  0.84   slack (MET)


Startpoint: _204_ (rising edge-triggered flip-flop clocked by core_clock)
Endpoint: _170_ (rising edge-triggered flip-flop clocked by core_clock)
Path Group: core_clock
Path Type: min

Fanout     Cap    Slew   Delay    Time   Description
-----------------------------------------------------------------------------
                  0.00    0.00    0.00   clock core_clock (rise edge)
                          0.00    0.00   clock network delay (ideal)
                  0.00    0.00    0.00 ^ _204_/CLK (sky130_fd_sc_hd__dfxtp_1)
     5    0.02    0.08    0.33    0.33 v _204_/Q (sky130_fd_sc_hd__dfxtp_1)
                                         x47.c (net)
                  0.08    0.00    0.33 v _077_/A (sky130_fd_sc_hd__inv_2)
     3    0.01    0.05    0.07    0.40 ^ _077_/Y (sky130_fd_sc_hd__inv_2)
                                         _036_ (net)
                  0.05    0.00    0.40 ^ _108_/A (sky130_fd_sc_hd__or4_1)
     2    0.01    0.08    0.13    0.53 ^ _108_/X (sky130_fd_sc_hd__or4_1)
                                         _061_ (net)
                  0.08    0.00    0.53 ^ _109_/C (sky130_fd_sc_hd__nand3_2)
     4    0.01    0.09    0.11    0.64 v _109_/Y (sky130_fd_sc_hd__nand3_2)
                                         _062_ (net)
                  0.09    0.00    0.64 v _142_/A (sky130_fd_sc_hd__inv_2)
     2    0.00    0.04    0.06    0.70 ^ _142_/Y (sky130_fd_sc_hd__inv_2)
                                         _019_ (net)
                  0.04    0.00    0.70 ^ _153_/A0 (sky130_fd_sc_hd__mux2_1)
     1    0.00    0.04    0.11    0.81 ^ _153_/X (sky130_fd_sc_hd__mux2_1)
                                         _029_ (net)
                  0.04    0.00    0.81 ^ _154_/A (sky130_fd_sc_hd__clkbuf_1)
     1    0.00    0.04    0.07    0.89 ^ _154_/X (sky130_fd_sc_hd__clkbuf_1)
                                         x78.S (net)
                  0.04    0.00    0.89 ^ _170_/D (sky130_fd_sc_hd__dfxtp_1)
                                  0.89   data arrival time

                  0.00    0.00    0.00   clock core_clock (rise edge)
                          0.00    0.00   clock network delay (ideal)
                          0.00    0.00   clock reconvergence pessimism
                                  0.00 ^ _170_/CLK (sky130_fd_sc_hd__dfxtp_1)
                         -0.04   -0.04   library hold time
                                 -0.04   data required time
-----------------------------------------------------------------------------
                                 -0.04   data required time
                                 -0.89   data arrival time
-----------------------------------------------------------------------------
                                  0.92   slack (MET)



worst slack corner Typical: 0.4702
