
===========================================================================
report_checks -path_delay max (Setup)
============================================================================
======================= Typical Corner ===================================

Startpoint: _172_ (rising edge-triggered flip-flop clocked by core_clock)
Endpoint: _170_ (rising edge-triggered flip-flop clocked by core_clock)
Path Group: core_clock
Path Type: max

Fanout     Cap    Slew   Delay    Time   Description
-----------------------------------------------------------------------------
                  0.00    0.00    0.00   clock core_clock (rise edge)
                          0.00    0.00   clock network delay (ideal)
                  0.00    0.00    0.00 ^ _172_/CLK (sky130_fd_sc_hd__dfxtp_1)
     3    0.01    0.05    0.29    0.29 v _172_/Q (sky130_fd_sc_hd__dfxtp_1)
                                         x2.A (net)
                  0.05    0.00    0.29 v _072_/A2 (sky130_fd_sc_hd__a22o_1)
     3    0.01    0.06    0.24    0.54 v _072_/X (sky130_fd_sc_hd__a22o_1)
                                         _032_ (net)
                  0.06    0.00    0.54 v _074_/B (sky130_fd_sc_hd__or3b_1)
     4    0.01    0.10    0.40    0.93 v _074_/X (sky130_fd_sc_hd__or3b_1)
                                         _034_ (net)
                  0.10    0.00    0.93 v _083_/A (sky130_fd_sc_hd__or2_1)
     3    0.01    0.07    0.27    1.20 v _083_/X (sky130_fd_sc_hd__or2_1)
                                         _041_ (net)
                  0.07    0.00    1.20 v _102_/A (sky130_fd_sc_hd__or2_1)
     2    0.00    0.06    0.24    1.44 v _102_/X (sky130_fd_sc_hd__or2_1)
                                         _056_ (net)
                  0.06    0.00    1.44 v _148_/A (sky130_fd_sc_hd__or3_1)
     2    0.01    0.08    0.39    1.83 v _148_/X (sky130_fd_sc_hd__or3_1)
                                         _025_ (net)
                  0.08    0.00    1.83 v _153_/S (sky130_fd_sc_hd__mux2_1)
     1    0.00    0.06    0.32    2.15 v _153_/X (sky130_fd_sc_hd__mux2_1)
                                         _029_ (net)
                  0.06    0.00    2.15 v _154_/A (sky130_fd_sc_hd__clkbuf_1)
     1    0.00    0.02    0.09    2.23 v _154_/X (sky130_fd_sc_hd__clkbuf_1)
                                         x78.S (net)
                  0.02    0.00    2.23 v _170_/D (sky130_fd_sc_hd__dfxtp_1)
                                  2.23   data arrival time

                  0.00    2.67    2.67   clock core_clock (rise edge)
                          0.00    2.67   clock network delay (ideal)
                          0.00    2.67   clock reconvergence pessimism
                                  2.67 ^ _170_/CLK (sky130_fd_sc_hd__dfxtp_1)
                         -0.11    2.56   library setup time
                                  2.56   data required time
-----------------------------------------------------------------------------
                                  2.56   data required time
                                 -2.23   data arrival time
-----------------------------------------------------------------------------
                                  0.33   slack (MET)


Startpoint: _176_ (rising edge-triggered flip-flop clocked by core_clock)
Endpoint: _168_ (rising edge-triggered flip-flop clocked by core_clock)
Path Group: core_clock
Path Type: max

Fanout     Cap    Slew   Delay    Time   Description
-----------------------------------------------------------------------------
                  0.00    0.00    0.00   clock core_clock (rise edge)
                          0.00    0.00   clock network delay (ideal)
                  0.00    0.00    0.00 ^ _176_/CLK (sky130_fd_sc_hd__dfxtp_1)
     4    0.01    0.06    0.31    0.31 v _176_/Q (sky130_fd_sc_hd__dfxtp_1)
                                         x10.A (net)
                  0.06    0.00    0.31 v _092_/A2 (sky130_fd_sc_hd__a22o_1)
     4    0.01    0.06    0.26    0.56 v _092_/X (sky130_fd_sc_hd__a22o_1)
                                         _048_ (net)
                  0.06    0.00    0.56 v _101_/A (sky130_fd_sc_hd__or4b_1)
     3    0.01    0.11    0.55    1.12 v _101_/X (sky130_fd_sc_hd__or4b_1)
                                         _055_ (net)
                  0.11    0.00    1.12 v _108_/D (sky130_fd_sc_hd__or4_1)
     2    0.01    0.12    0.45    1.57 v _108_/X (sky130_fd_sc_hd__or4_1)
                                         _061_ (net)
                  0.12    0.00    1.57 v _127_/A3 (sky130_fd_sc_hd__a31o_1)
     3    0.01    0.06    0.27    1.83 v _127_/X (sky130_fd_sc_hd__a31o_1)
                                         _008_ (net)
                  0.06    0.00    1.83 v _135_/A2 (sky130_fd_sc_hd__a21o_1)
     2    0.00    0.04    0.19    2.02 v _135_/X (sky130_fd_sc_hd__a21o_1)
                                         _014_ (net)
                  0.04    0.00    2.02 v _137_/A (sky130_fd_sc_hd__and2_1)
     1    0.00    0.03    0.13    2.15 v _137_/X (sky130_fd_sc_hd__and2_1)
                                         _016_ (net)
                  0.03    0.00    2.15 v _138_/A (sky130_fd_sc_hd__clkbuf_1)
     1    0.00    0.02    0.08    2.23 v _138_/X (sky130_fd_sc_hd__clkbuf_1)
                                         x76.S (net)
                  0.02    0.00    2.23 v _168_/D (sky130_fd_sc_hd__dfxtp_1)
                                  2.23   data arrival time

                  0.00    2.67    2.67   clock core_clock (rise edge)
                          0.00    2.67   clock network delay (ideal)
                          0.00    2.67   clock reconvergence pessimism
                                  2.67 ^ _168_/CLK (sky130_fd_sc_hd__dfxtp_1)
                         -0.11    2.56   library setup time
                                  2.56   data required time
-----------------------------------------------------------------------------
                                  2.56   data required time
                                 -2.23   data arrival time
-----------------------------------------------------------------------------
                                  0.33   slack (MET)


Startpoint: _176_ (rising edge-triggered flip-flop clocked by core_clock)
Endpoint: _169_ (rising edge-triggered flip-flop clocked by core_clock)
Path Group: core_clock
Path Type: max

Fanout     Cap    Slew   Delay    Time   Description
-----------------------------------------------------------------------------
                  0.00    0.00    0.00   clock core_clock (rise edge)
                          0.00    0.00   clock network delay (ideal)
                  0.00    0.00    0.00 ^ _176_/CLK (sky130_fd_sc_hd__dfxtp_1)
     4    0.01    0.06    0.31    0.31 v _176_/Q (sky130_fd_sc_hd__dfxtp_1)
                                         x10.A (net)
                  0.06    0.00    0.31 v _092_/A2 (sky130_fd_sc_hd__a22o_1)
     4    0.01    0.06    0.26    0.56 v _092_/X (sky130_fd_sc_hd__a22o_1)
                                         _048_ (net)
                  0.06    0.00    0.56 v _101_/A (sky130_fd_sc_hd__or4b_1)
     3    0.01    0.11    0.55    1.12 v _101_/X (sky130_fd_sc_hd__or4b_1)
                                         _055_ (net)
                  0.11    0.00    1.12 v _108_/D (sky130_fd_sc_hd__or4_1)
     2    0.01    0.12    0.45    1.57 v _108_/X (sky130_fd_sc_hd__or4_1)
                                         _061_ (net)
                  0.12    0.00    1.57 v _127_/A3 (sky130_fd_sc_hd__a31o_1)
     3    0.01    0.06    0.27    1.83 v _127_/X (sky130_fd_sc_hd__a31o_1)
                                         _008_ (net)
                  0.06    0.00    1.83 v _135_/A2 (sky130_fd_sc_hd__a21o_1)
     2    0.00    0.04    0.19    2.02 v _135_/X (sky130_fd_sc_hd__a21o_1)
                                         _014_ (net)
                  0.04    0.00    2.02 v _141_/B1 (sky130_fd_sc_hd__a22o_1)
     1    0.00    0.04    0.17    2.19 v _141_/X (sky130_fd_sc_hd__a22o_1)
                                         x77.S (net)
                  0.04    0.00    2.19 v _169_/D (sky130_fd_sc_hd__dfxtp_1)
                                  2.19   data arrival time

                  0.00    2.67    2.67   clock core_clock (rise edge)
                          0.00    2.67   clock network delay (ideal)
                          0.00    2.67   clock reconvergence pessimism
                                  2.67 ^ _169_/CLK (sky130_fd_sc_hd__dfxtp_1)
                         -0.12    2.55   library setup time
                                  2.55   data required time
-----------------------------------------------------------------------------
                                  2.55   data required time
                                 -2.19   data arrival time
-----------------------------------------------------------------------------
                                  0.36   slack (MET)


Startpoint: _176_ (rising edge-triggered flip-flop clocked by core_clock)
Endpoint: _165_ (rising edge-triggered flip-flop clocked by core_clock)
Path Group: core_clock
Path Type: max

Fanout     Cap    Slew   Delay    Time   Description
-----------------------------------------------------------------------------
                  0.00    0.00    0.00   clock core_clock (rise edge)
                          0.00    0.00   clock network delay (ideal)
                  0.00    0.00    0.00 ^ _176_/CLK (sky130_fd_sc_hd__dfxtp_1)
     4    0.01    0.06    0.31    0.31 v _176_/Q (sky130_fd_sc_hd__dfxtp_1)
                                         x10.A (net)
                  0.06    0.00    0.31 v _092_/A2 (sky130_fd_sc_hd__a22o_1)
     4    0.01    0.06    0.26    0.56 v _092_/X (sky130_fd_sc_hd__a22o_1)
                                         _048_ (net)
                  0.06    0.00    0.56 v _101_/A (sky130_fd_sc_hd__or4b_1)
     3    0.01    0.11    0.55    1.12 v _101_/X (sky130_fd_sc_hd__or4b_1)
                                         _055_ (net)
                  0.11    0.00    1.12 v _108_/D (sky130_fd_sc_hd__or4_1)
     2    0.01    0.12    0.45    1.57 v _108_/X (sky130_fd_sc_hd__or4_1)
                                         _061_ (net)
                  0.12    0.00    1.57 v _109_/C (sky130_fd_sc_hd__nand3_2)
     4    0.01    0.09    0.13    1.70 ^ _109_/Y (sky130_fd_sc_hd__nand3_2)
                                         _062_ (net)
                  0.09    0.00    1.70 ^ _119_/B_N (sky130_fd_sc_hd__or2b_1)
     1    0.00    0.04    0.23    1.92 v _119_/X (sky130_fd_sc_hd__or2b_1)
                                         _001_ (net)
                  0.04    0.00    1.92 v _121_/A3 (sky130_fd_sc_hd__a31o_1)
     1    0.00    0.03    0.20    2.13 v _121_/X (sky130_fd_sc_hd__a31o_1)
                                         x73.S (net)
                  0.03    0.00    2.13 v _165_/D (sky130_fd_sc_hd__dfxtp_1)
                                  2.13   data arrival time

                  0.00    2.67    2.67   clock core_clock (rise edge)
                          0.00    2.67   clock network delay (ideal)
                          0.00    2.67   clock reconvergence pessimism
                                  2.67 ^ _165_/CLK (sky130_fd_sc_hd__dfxtp_1)
                         -0.12    2.55   library setup time
                                  2.55   data required time
-----------------------------------------------------------------------------
                                  2.55   data required time
                                 -2.13   data arrival time
-----------------------------------------------------------------------------
                                  0.43   slack (MET)


Startpoint: _176_ (rising edge-triggered flip-flop clocked by core_clock)
Endpoint: _167_ (rising edge-triggered flip-flop clocked by core_clock)
Path Group: core_clock
Path Type: max

Fanout     Cap    Slew   Delay    Time   Description
-----------------------------------------------------------------------------
                  0.00    0.00    0.00   clock core_clock (rise edge)
                          0.00    0.00   clock network delay (ideal)
                  0.00    0.00    0.00 ^ _176_/CLK (sky130_fd_sc_hd__dfxtp_1)
     4    0.01    0.06    0.31    0.31 v _176_/Q (sky130_fd_sc_hd__dfxtp_1)
                                         x10.A (net)
                  0.06    0.00    0.31 v _092_/A2 (sky130_fd_sc_hd__a22o_1)
     4    0.01    0.06    0.26    0.56 v _092_/X (sky130_fd_sc_hd__a22o_1)
                                         _048_ (net)
                  0.06    0.00    0.56 v _101_/A (sky130_fd_sc_hd__or4b_1)
     3    0.01    0.11    0.55    1.12 v _101_/X (sky130_fd_sc_hd__or4b_1)
                                         _055_ (net)
                  0.11    0.00    1.12 v _108_/D (sky130_fd_sc_hd__or4_1)
     2    0.01    0.12    0.45    1.57 v _108_/X (sky130_fd_sc_hd__or4_1)
                                         _061_ (net)
                  0.12    0.00    1.57 v _127_/A3 (sky130_fd_sc_hd__a31o_1)
     3    0.01    0.06    0.27    1.83 v _127_/X (sky130_fd_sc_hd__a31o_1)
                                         _008_ (net)
                  0.06    0.00    1.83 v _130_/C1 (sky130_fd_sc_hd__o211a_1)
     1    0.00    0.04    0.11    1.94 v _130_/X (sky130_fd_sc_hd__o211a_1)
                                         _010_ (net)
                  0.04    0.00    1.94 v _131_/B1 (sky130_fd_sc_hd__a21o_1)
     1    0.00    0.03    0.14    2.09 v _131_/X (sky130_fd_sc_hd__a21o_1)
                                         x75.S (net)
                  0.03    0.00    2.09 v _167_/D (sky130_fd_sc_hd__dfxtp_1)
                                  2.09   data arrival time

                  0.00    2.67    2.67   clock core_clock (rise edge)
                          0.00    2.67   clock network delay (ideal)
                          0.00    2.67   clock reconvergence pessimism
                                  2.67 ^ _167_/CLK (sky130_fd_sc_hd__dfxtp_1)
                         -0.12    2.55   library setup time
                                  2.55   data required time
-----------------------------------------------------------------------------
                                  2.55   data required time
                                 -2.09   data arrival time
-----------------------------------------------------------------------------
                                  0.47   slack (MET)


Startpoint: _176_ (rising edge-triggered flip-flop clocked by core_clock)
Endpoint: _166_ (rising edge-triggered flip-flop clocked by core_clock)
Path Group: core_clock
Path Type: max

Fanout     Cap    Slew   Delay    Time   Description
-----------------------------------------------------------------------------
                  0.00    0.00    0.00   clock core_clock (rise edge)
                          0.00    0.00   clock network delay (ideal)
                  0.00    0.00    0.00 ^ _176_/CLK (sky130_fd_sc_hd__dfxtp_1)
     4    0.01    0.06    0.31    0.31 v _176_/Q (sky130_fd_sc_hd__dfxtp_1)
                                         x10.A (net)
                  0.06    0.00    0.31 v _092_/A2 (sky130_fd_sc_hd__a22o_1)
     4    0.01    0.06    0.26    0.56 v _092_/X (sky130_fd_sc_hd__a22o_1)
                                         _048_ (net)
                  0.06    0.00    0.56 v _101_/A (sky130_fd_sc_hd__or4b_1)
     3    0.01    0.11    0.55    1.12 v _101_/X (sky130_fd_sc_hd__or4b_1)
                                         _055_ (net)
                  0.11    0.00    1.12 v _108_/D (sky130_fd_sc_hd__or4_1)
     2    0.01    0.12    0.45    1.57 v _108_/X (sky130_fd_sc_hd__or4_1)
                                         _061_ (net)
                  0.12    0.00    1.57 v _127_/A3 (sky130_fd_sc_hd__a31o_1)
     3    0.01    0.06    0.27    1.83 v _127_/X (sky130_fd_sc_hd__a31o_1)
                                         _008_ (net)
                  0.06    0.00    1.83 v _128_/B1_N (sky130_fd_sc_hd__a21bo_1)
     1    0.01    0.06    0.20    2.03 ^ _128_/X (sky130_fd_sc_hd__a21bo_1)
                                         _009_ (net)
                  0.06    0.00    2.03 ^ _129_/A (sky130_fd_sc_hd__inv_2)
     1    0.00    0.02    0.03    2.06 v _129_/Y (sky130_fd_sc_hd__inv_2)
                                         x74.S (net)
                  0.02    0.00    2.06 v _166_/D (sky130_fd_sc_hd__dfxtp_1)
                                  2.06   data arrival time

                  0.00    2.67    2.67   clock core_clock (rise edge)
                          0.00    2.67   clock network delay (ideal)
                          0.00    2.67   clock reconvergence pessimism
                                  2.67 ^ _166_/CLK (sky130_fd_sc_hd__dfxtp_1)
                         -0.11    2.56   library setup time
                                  2.56   data required time
-----------------------------------------------------------------------------
                                  2.56   data required time
                                 -2.06   data arrival time
-----------------------------------------------------------------------------
                                  0.50   slack (MET)


Startpoint: _172_ (rising edge-triggered flip-flop clocked by core_clock)
Endpoint: _171_ (rising edge-triggered flip-flop clocked by core_clock)
Path Group: core_clock
Path Type: max

Fanout     Cap    Slew   Delay    Time   Description
-----------------------------------------------------------------------------
                  0.00    0.00    0.00   clock core_clock (rise edge)
                          0.00    0.00   clock network delay (ideal)
                  0.00    0.00    0.00 ^ _172_/CLK (sky130_fd_sc_hd__dfxtp_1)
     3    0.01    0.05    0.29    0.29 v _172_/Q (sky130_fd_sc_hd__dfxtp_1)
                                         x2.A (net)
                  0.05    0.00    0.29 v _072_/A2 (sky130_fd_sc_hd__a22o_1)
     3    0.01    0.06    0.24    0.54 v _072_/X (sky130_fd_sc_hd__a22o_1)
                                         _032_ (net)
                  0.06    0.00    0.54 v _074_/B (sky130_fd_sc_hd__or3b_1)
     4    0.01    0.10    0.40    0.93 v _074_/X (sky130_fd_sc_hd__or3b_1)
                                         _034_ (net)
                  0.10    0.00    0.93 v _083_/A (sky130_fd_sc_hd__or2_1)
     3    0.01    0.07    0.27    1.20 v _083_/X (sky130_fd_sc_hd__or2_1)
                                         _041_ (net)
                  0.07    0.00    1.20 v _102_/A (sky130_fd_sc_hd__or2_1)
     2    0.00    0.06    0.24    1.44 v _102_/X (sky130_fd_sc_hd__or2_1)
                                         _056_ (net)
                  0.06    0.00    1.44 v _148_/A (sky130_fd_sc_hd__or3_1)
     2    0.01    0.08    0.39    1.83 v _148_/X (sky130_fd_sc_hd__or3_1)
                                         _025_ (net)
                  0.08    0.00    1.83 v _152_/A2 (sky130_fd_sc_hd__o21bai_1)
     1    0.00    0.14    0.15    1.98 ^ _152_/Y (sky130_fd_sc_hd__o21bai_1)
                                         x58.C (net)
                  0.14    0.00    1.98 ^ _171_/D (sky130_fd_sc_hd__dfxtp_1)
                                  1.98   data arrival time

                  0.00    2.67    2.67   clock core_clock (rise edge)
                          0.00    2.67   clock network delay (ideal)
                          0.00    2.67   clock reconvergence pessimism
                                  2.67 ^ _171_/CLK (sky130_fd_sc_hd__dfxtp_1)
                         -0.08    2.59   library setup time
                                  2.59   data required time
-----------------------------------------------------------------------------
                                  2.59   data required time
                                 -1.98   data arrival time
-----------------------------------------------------------------------------
                                  0.60   slack (MET)


Startpoint: _176_ (rising edge-triggered flip-flop clocked by core_clock)
Endpoint: _164_ (rising edge-triggered flip-flop clocked by core_clock)
Path Group: core_clock
Path Type: max

Fanout     Cap    Slew   Delay    Time   Description
-----------------------------------------------------------------------------
                  0.00    0.00    0.00   clock core_clock (rise edge)
                          0.00    0.00   clock network delay (ideal)
                  0.00    0.00    0.00 ^ _176_/CLK (sky130_fd_sc_hd__dfxtp_1)
     4    0.01    0.06    0.31    0.31 v _176_/Q (sky130_fd_sc_hd__dfxtp_1)
                                         x10.A (net)
                  0.06    0.00    0.31 v _092_/A2 (sky130_fd_sc_hd__a22o_1)
     4    0.01    0.06    0.26    0.56 v _092_/X (sky130_fd_sc_hd__a22o_1)
                                         _048_ (net)
                  0.06    0.00    0.56 v _101_/A (sky130_fd_sc_hd__or4b_1)
     3    0.01    0.11    0.55    1.12 v _101_/X (sky130_fd_sc_hd__or4b_1)
                                         _055_ (net)
                  0.11    0.00    1.12 v _108_/D (sky130_fd_sc_hd__or4_1)
     2    0.01    0.12    0.45    1.57 v _108_/X (sky130_fd_sc_hd__or4_1)
                                         _061_ (net)
                  0.12    0.00    1.57 v _109_/C (sky130_fd_sc_hd__nand3_2)
     4    0.01    0.09    0.13    1.70 ^ _109_/Y (sky130_fd_sc_hd__nand3_2)
                                         _062_ (net)
                  0.09    0.00    1.70 ^ _117_/A1 (sky130_fd_sc_hd__o21ai_1)
     1    0.00    0.07    0.08    1.78 v _117_/Y (sky130_fd_sc_hd__o21ai_1)
                                         x72.S (net)
                  0.07    0.00    1.78 v _164_/D (sky130_fd_sc_hd__dfxtp_1)
                                  1.78   data arrival time

                  0.00    2.67    2.67   clock core_clock (rise edge)
                          0.00    2.67   clock network delay (ideal)
                          0.00    2.67   clock reconvergence pessimism
                                  2.67 ^ _164_/CLK (sky130_fd_sc_hd__dfxtp_1)
                         -0.13    2.54   library setup time
                                  2.54   data required time
-----------------------------------------------------------------------------
                                  2.54   data required time
                                 -1.78   data arrival time
-----------------------------------------------------------------------------
                                  0.76   slack (MET)


Startpoint: _172_ (rising edge-triggered flip-flop clocked by core_clock)
Endpoint: _161_ (rising edge-triggered flip-flop clocked by core_clock)
Path Group: core_clock
Path Type: max

Fanout     Cap    Slew   Delay    Time   Description
-----------------------------------------------------------------------------
                  0.00    0.00    0.00   clock core_clock (rise edge)
                          0.00    0.00   clock network delay (ideal)
                  0.00    0.00    0.00 ^ _172_/CLK (sky130_fd_sc_hd__dfxtp_1)
     3    0.01    0.05    0.29    0.29 v _172_/Q (sky130_fd_sc_hd__dfxtp_1)
                                         x2.A (net)
                  0.05    0.00    0.29 v _072_/A2 (sky130_fd_sc_hd__a22o_1)
     3    0.01    0.06    0.24    0.54 v _072_/X (sky130_fd_sc_hd__a22o_1)
                                         _032_ (net)
                  0.06    0.00    0.54 v _074_/B (sky130_fd_sc_hd__or3b_1)
     4    0.01    0.10    0.40    0.93 v _074_/X (sky130_fd_sc_hd__or3b_1)
                                         _034_ (net)
                  0.10    0.00    0.93 v _083_/A (sky130_fd_sc_hd__or2_1)
     3    0.01    0.07    0.27    1.20 v _083_/X (sky130_fd_sc_hd__or2_1)
                                         _041_ (net)
                  0.07    0.00    1.20 v _088_/A2 (sky130_fd_sc_hd__o21ba_1)
     3    0.01    0.07    0.21    1.41 v _088_/X (sky130_fd_sc_hd__o21ba_1)
                                         _045_ (net)
                  0.07    0.00    1.41 v _097_/B1 (sky130_fd_sc_hd__o221a_1)
     1    0.00    0.05    0.23    1.64 v _097_/X (sky130_fd_sc_hd__o221a_1)
                                         _052_ (net)
                  0.05    0.00    1.64 v _098_/B1 (sky130_fd_sc_hd__a21o_1)
     1    0.00    0.03    0.15    1.79 v _098_/X (sky130_fd_sc_hd__a21o_1)
                                         x69.S (net)
                  0.03    0.00    1.79 v _161_/D (sky130_fd_sc_hd__dfxtp_1)
                                  1.79   data arrival time

                  0.00    2.67    2.67   clock core_clock (rise edge)
                          0.00    2.67   clock network delay (ideal)
                          0.00    2.67   clock reconvergence pessimism
                                  2.67 ^ _161_/CLK (sky130_fd_sc_hd__dfxtp_1)
                         -0.12    2.55   library setup time
                                  2.55   data required time
-----------------------------------------------------------------------------
                                  2.55   data required time
                                 -1.79   data arrival time
-----------------------------------------------------------------------------
                                  0.77   slack (MET)


Startpoint: _176_ (rising edge-triggered flip-flop clocked by core_clock)
Endpoint: _163_ (rising edge-triggered flip-flop clocked by core_clock)
Path Group: core_clock
Path Type: max

Fanout     Cap    Slew   Delay    Time   Description
-----------------------------------------------------------------------------
                  0.00    0.00    0.00   clock core_clock (rise edge)
                          0.00    0.00   clock network delay (ideal)
                  0.00    0.00    0.00 ^ _176_/CLK (sky130_fd_sc_hd__dfxtp_1)
     4    0.01    0.06    0.31    0.31 v _176_/Q (sky130_fd_sc_hd__dfxtp_1)
                                         x10.A (net)
                  0.06    0.00    0.31 v _092_/A2 (sky130_fd_sc_hd__a22o_1)
     4    0.01    0.06    0.26    0.56 v _092_/X (sky130_fd_sc_hd__a22o_1)
                                         _048_ (net)
                  0.06    0.00    0.56 v _101_/A (sky130_fd_sc_hd__or4b_1)
     3    0.01    0.11    0.55    1.12 v _101_/X (sky130_fd_sc_hd__or4b_1)
                                         _055_ (net)
                  0.11    0.00    1.12 v _108_/D (sky130_fd_sc_hd__or4_1)
     2    0.01    0.12    0.45    1.57 v _108_/X (sky130_fd_sc_hd__or4_1)
                                         _061_ (net)
                  0.12    0.00    1.57 v _109_/C (sky130_fd_sc_hd__nand3_2)
     4    0.01    0.09    0.13    1.70 ^ _109_/Y (sky130_fd_sc_hd__nand3_2)
                                         _062_ (net)
                  0.09    0.00    1.70 ^ _112_/A1 (sky130_fd_sc_hd__a21oi_1)
     1    0.00    0.04    0.06    1.76 v _112_/Y (sky130_fd_sc_hd__a21oi_1)
                                         x71.S (net)
                  0.04    0.00    1.76 v _163_/D (sky130_fd_sc_hd__dfxtp_1)
                                  1.76   data arrival time

                  0.00    2.67    2.67   clock core_clock (rise edge)
                          0.00    2.67   clock network delay (ideal)
                          0.00    2.67   clock reconvergence pessimism
                                  2.67 ^ _163_/CLK (sky130_fd_sc_hd__dfxtp_1)
                         -0.12    2.55   library setup time
                                  2.55   data required time
-----------------------------------------------------------------------------
                                  2.55   data required time
                                 -1.76   data arrival time
-----------------------------------------------------------------------------
                                  0.79   slack (MET)


Startpoint: _172_ (rising edge-triggered flip-flop clocked by core_clock)
Endpoint: _159_ (rising edge-triggered flip-flop clocked by core_clock)
Path Group: core_clock
Path Type: max

Fanout     Cap    Slew   Delay    Time   Description
-----------------------------------------------------------------------------
                  0.00    0.00    0.00   clock core_clock (rise edge)
                          0.00    0.00   clock network delay (ideal)
                  0.00    0.00    0.00 ^ _172_/CLK (sky130_fd_sc_hd__dfxtp_1)
     3    0.01    0.05    0.29    0.29 v _172_/Q (sky130_fd_sc_hd__dfxtp_1)
                                         x2.A (net)
                  0.05    0.00    0.29 v _072_/A2 (sky130_fd_sc_hd__a22o_1)
     3    0.01    0.06    0.24    0.54 v _072_/X (sky130_fd_sc_hd__a22o_1)
                                         _032_ (net)
                  0.06    0.00    0.54 v _074_/B (sky130_fd_sc_hd__or3b_1)
     4    0.01    0.10    0.40    0.93 v _074_/X (sky130_fd_sc_hd__or3b_1)
                                         _034_ (net)
                  0.10    0.00    0.93 v _083_/A (sky130_fd_sc_hd__or2_1)
     3    0.01    0.07    0.27    1.20 v _083_/X (sky130_fd_sc_hd__or2_1)
                                         _041_ (net)
                  0.07    0.00    1.20 v _088_/A2 (sky130_fd_sc_hd__o21ba_1)
     3    0.01    0.07    0.21    1.41 v _088_/X (sky130_fd_sc_hd__o21ba_1)
                                         _045_ (net)
                  0.07    0.00    1.41 v _089_/B1 (sky130_fd_sc_hd__o21a_1)
     1    0.00    0.03    0.11    1.51 v _089_/X (sky130_fd_sc_hd__o21a_1)
                                         _046_ (net)
                  0.03    0.00    1.51 v _090_/B1 (sky130_fd_sc_hd__a21o_1)
     1    0.00    0.03    0.14    1.65 v _090_/X (sky130_fd_sc_hd__a21o_1)
                                         x67.S (net)
                  0.03    0.00    1.65 v _159_/D (sky130_fd_sc_hd__dfxtp_1)
                                  1.65   data arrival time

                  0.00    2.67    2.67   clock core_clock (rise edge)
                          0.00    2.67   clock network delay (ideal)
                          0.00    2.67   clock reconvergence pessimism
                                  2.67 ^ _159_/CLK (sky130_fd_sc_hd__dfxtp_1)
                         -0.11    2.56   library setup time
                                  2.56   data required time
-----------------------------------------------------------------------------
                                  2.56   data required time
                                 -1.65   data arrival time
-----------------------------------------------------------------------------
                                  0.90   slack (MET)


Startpoint: _172_ (rising edge-triggered flip-flop clocked by core_clock)
Endpoint: _162_ (rising edge-triggered flip-flop clocked by core_clock)
Path Group: core_clock
Path Type: max

Fanout     Cap    Slew   Delay    Time   Description
-----------------------------------------------------------------------------
                  0.00    0.00    0.00   clock core_clock (rise edge)
                          0.00    0.00   clock network delay (ideal)
                  0.00    0.00    0.00 ^ _172_/CLK (sky130_fd_sc_hd__dfxtp_1)
     3    0.01    0.05    0.29    0.29 v _172_/Q (sky130_fd_sc_hd__dfxtp_1)
                                         x2.A (net)
                  0.05    0.00    0.29 v _072_/A2 (sky130_fd_sc_hd__a22o_1)
     3    0.01    0.06    0.24    0.54 v _072_/X (sky130_fd_sc_hd__a22o_1)
                                         _032_ (net)
                  0.06    0.00    0.54 v _074_/B (sky130_fd_sc_hd__or3b_1)
     4    0.01    0.10    0.40    0.93 v _074_/X (sky130_fd_sc_hd__or3b_1)
                                         _034_ (net)
                  0.10    0.00    0.93 v _083_/A (sky130_fd_sc_hd__or2_1)
     3    0.01    0.07    0.27    1.20 v _083_/X (sky130_fd_sc_hd__or2_1)
                                         _041_ (net)
                  0.07    0.00    1.20 v _102_/A (sky130_fd_sc_hd__or2_1)
     2    0.00    0.06    0.24    1.44 v _102_/X (sky130_fd_sc_hd__or2_1)
                                         _056_ (net)
                  0.06    0.00    1.44 v _107_/A2 (sky130_fd_sc_hd__o211ai_1)
     1    0.00    0.16    0.17    1.60 ^ _107_/Y (sky130_fd_sc_hd__o211ai_1)
                                         x70.S (net)
                  0.16    0.00    1.60 ^ _162_/D (sky130_fd_sc_hd__dfxtp_1)
                                  1.60   data arrival time

                  0.00    2.67    2.67   clock core_clock (rise edge)
                          0.00    2.67   clock network delay (ideal)
                          0.00    2.67   clock reconvergence pessimism
                                  2.67 ^ _162_/CLK (sky130_fd_sc_hd__dfxtp_1)
                         -0.09    2.58   library setup time
                                  2.58   data required time
-----------------------------------------------------------------------------
                                  2.58   data required time
                                 -1.60   data arrival time
-----------------------------------------------------------------------------
                                  0.98   slack (MET)


Startpoint: _172_ (rising edge-triggered flip-flop clocked by core_clock)
Endpoint: _160_ (rising edge-triggered flip-flop clocked by core_clock)
Path Group: core_clock
Path Type: max

Fanout     Cap    Slew   Delay    Time   Description
-----------------------------------------------------------------------------
                  0.00    0.00    0.00   clock core_clock (rise edge)
                          0.00    0.00   clock network delay (ideal)
                  0.00    0.00    0.00 ^ _172_/CLK (sky130_fd_sc_hd__dfxtp_1)
     3    0.01    0.05    0.29    0.29 v _172_/Q (sky130_fd_sc_hd__dfxtp_1)
                                         x2.A (net)
                  0.05    0.00    0.29 v _072_/A2 (sky130_fd_sc_hd__a22o_1)
     3    0.01    0.06    0.24    0.54 v _072_/X (sky130_fd_sc_hd__a22o_1)
                                         _032_ (net)
                  0.06    0.00    0.54 v _074_/B (sky130_fd_sc_hd__or3b_1)
     4    0.01    0.10    0.40    0.93 v _074_/X (sky130_fd_sc_hd__or3b_1)
                                         _034_ (net)
                  0.10    0.00    0.93 v _083_/A (sky130_fd_sc_hd__or2_1)
     3    0.01    0.07    0.27    1.20 v _083_/X (sky130_fd_sc_hd__or2_1)
                                         _041_ (net)
                  0.07    0.00    1.20 v _088_/A2 (sky130_fd_sc_hd__o21ba_1)
     3    0.01    0.07    0.21    1.41 v _088_/X (sky130_fd_sc_hd__o21ba_1)
                                         _045_ (net)
                  0.07    0.00    1.41 v _091_/A (sky130_fd_sc_hd__inv_2)
     1    0.00    0.03    0.05    1.46 ^ _091_/Y (sky130_fd_sc_hd__inv_2)
                                         _047_ (net)
                  0.03    0.00    1.46 ^ _096_/A1 (sky130_fd_sc_hd__o21ai_1)
     1    0.00    0.06    0.06    1.51 v _096_/Y (sky130_fd_sc_hd__o21ai_1)
                                         x68.S (net)
                  0.06    0.00    1.51 v _160_/D (sky130_fd_sc_hd__dfxtp_1)
                                  1.51   data arrival time

                  0.00    2.67    2.67   clock core_clock (rise edge)
                          0.00    2.67   clock network delay (ideal)
                          0.00    2.67   clock reconvergence pessimism
                                  2.67 ^ _160_/CLK (sky130_fd_sc_hd__dfxtp_1)
                         -0.13    2.54   library setup time
                                  2.54   data required time
-----------------------------------------------------------------------------
                                  2.54   data required time
                                 -1.51   data arrival time
-----------------------------------------------------------------------------
                                  1.03   slack (MET)


Startpoint: _172_ (rising edge-triggered flip-flop clocked by core_clock)
Endpoint: _157_ (rising edge-triggered flip-flop clocked by core_clock)
Path Group: core_clock
Path Type: max

Fanout     Cap    Slew   Delay    Time   Description
-----------------------------------------------------------------------------
                  0.00    0.00    0.00   clock core_clock (rise edge)
                          0.00    0.00   clock network delay (ideal)
                  0.00    0.00    0.00 ^ _172_/CLK (sky130_fd_sc_hd__dfxtp_1)
     3    0.01    0.05    0.29    0.29 v _172_/Q (sky130_fd_sc_hd__dfxtp_1)
                                         x2.A (net)
                  0.05    0.00    0.29 v _072_/A2 (sky130_fd_sc_hd__a22o_1)
     3    0.01    0.06    0.24    0.54 v _072_/X (sky130_fd_sc_hd__a22o_1)
                                         _032_ (net)
                  0.06    0.00    0.54 v _074_/B (sky130_fd_sc_hd__or3b_1)
     4    0.01    0.10    0.40    0.93 v _074_/X (sky130_fd_sc_hd__or3b_1)
                                         _034_ (net)
                  0.10    0.00    0.93 v _078_/B1 (sky130_fd_sc_hd__o221a_1)
     1    0.00    0.04    0.24    1.17 v _078_/X (sky130_fd_sc_hd__o221a_1)
                                         _037_ (net)
                  0.04    0.00    1.17 v _079_/B1 (sky130_fd_sc_hd__a21o_1)
     1    0.00    0.04    0.16    1.32 v _079_/X (sky130_fd_sc_hd__a21o_1)
                                         x65.S (net)
                  0.04    0.00    1.32 v _157_/D (sky130_fd_sc_hd__dfxtp_1)
                                  1.32   data arrival time

                  0.00    2.67    2.67   clock core_clock (rise edge)
                          0.00    2.67   clock network delay (ideal)
                          0.00    2.67   clock reconvergence pessimism
                                  2.67 ^ _157_/CLK (sky130_fd_sc_hd__dfxtp_1)
                         -0.12    2.55   library setup time
                                  2.55   data required time
-----------------------------------------------------------------------------
                                  2.55   data required time
                                 -1.32   data arrival time
-----------------------------------------------------------------------------
                                  1.23   slack (MET)


Startpoint: _172_ (rising edge-triggered flip-flop clocked by core_clock)
Endpoint: _158_ (rising edge-triggered flip-flop clocked by core_clock)
Path Group: core_clock
Path Type: max

Fanout     Cap    Slew   Delay    Time   Description
-----------------------------------------------------------------------------
                  0.00    0.00    0.00   clock core_clock (rise edge)
                          0.00    0.00   clock network delay (ideal)
                  0.00    0.00    0.00 ^ _172_/CLK (sky130_fd_sc_hd__dfxtp_1)
     3    0.01    0.05    0.29    0.29 v _172_/Q (sky130_fd_sc_hd__dfxtp_1)
                                         x2.A (net)
                  0.05    0.00    0.29 v _072_/A2 (sky130_fd_sc_hd__a22o_1)
     3    0.01    0.06    0.24    0.54 v _072_/X (sky130_fd_sc_hd__a22o_1)
                                         _032_ (net)
                  0.06    0.00    0.54 v _074_/B (sky130_fd_sc_hd__or3b_1)
     4    0.01    0.10    0.40    0.93 v _074_/X (sky130_fd_sc_hd__or3b_1)
                                         _034_ (net)
                  0.10    0.00    0.93 v _083_/A (sky130_fd_sc_hd__or2_1)
     3    0.01    0.07    0.27    1.20 v _083_/X (sky130_fd_sc_hd__or2_1)
                                         _041_ (net)
                  0.07    0.00    1.20 v _087_/A2 (sky130_fd_sc_hd__o21bai_1)
     1    0.00    0.12    0.13    1.33 ^ _087_/Y (sky130_fd_sc_hd__o21bai_1)
                                         x66.S (net)
                  0.12    0.00    1.33 ^ _158_/D (sky130_fd_sc_hd__dfxtp_1)
                                  1.33   data arrival time

                  0.00    2.67    2.67   clock core_clock (rise edge)
                          0.00    2.67   clock network delay (ideal)
                          0.00    2.67   clock reconvergence pessimism
                                  2.67 ^ _158_/CLK (sky130_fd_sc_hd__dfxtp_1)
                         -0.08    2.59   library setup time
                                  2.59   data required time
-----------------------------------------------------------------------------
                                  2.59   data required time
                                 -1.33   data arrival time
-----------------------------------------------------------------------------
                                  1.26   slack (MET)


Startpoint: _172_ (rising edge-triggered flip-flop clocked by core_clock)
Endpoint: _156_ (rising edge-triggered flip-flop clocked by core_clock)
Path Group: core_clock
Path Type: max

Fanout     Cap    Slew   Delay    Time   Description
-----------------------------------------------------------------------------
                  0.00    0.00    0.00   clock core_clock (rise edge)
                          0.00    0.00   clock network delay (ideal)
                  0.00    0.00    0.00 ^ _172_/CLK (sky130_fd_sc_hd__dfxtp_1)
     3    0.01    0.05    0.29    0.29 v _172_/Q (sky130_fd_sc_hd__dfxtp_1)
                                         x2.A (net)
                  0.05    0.00    0.29 v _072_/A2 (sky130_fd_sc_hd__a22o_1)
     3    0.01    0.06    0.24    0.54 v _072_/X (sky130_fd_sc_hd__a22o_1)
                                         _032_ (net)
                  0.06    0.00    0.54 v _074_/B (sky130_fd_sc_hd__or3b_1)
     4    0.01    0.10    0.40    0.93 v _074_/X (sky130_fd_sc_hd__or3b_1)
                                         _034_ (net)
                  0.10    0.00    0.93 v _076_/A2 (sky130_fd_sc_hd__o21ai_1)
     1    0.00    0.11    0.14    1.07 ^ _076_/Y (sky130_fd_sc_hd__o21ai_1)
                                         x64.S (net)
                  0.11    0.00    1.07 ^ _156_/D (sky130_fd_sc_hd__dfxtp_1)
                                  1.07   data arrival time

                  0.00    2.67    2.67   clock core_clock (rise edge)
                          0.00    2.67   clock network delay (ideal)
                          0.00    2.67   clock reconvergence pessimism
                                  2.67 ^ _156_/CLK (sky130_fd_sc_hd__dfxtp_1)
                         -0.08    2.59   library setup time
                                  2.59   data required time
-----------------------------------------------------------------------------
                                  2.59   data required time
                                 -1.07   data arrival time
-----------------------------------------------------------------------------
                                  1.52   slack (MET)


Startpoint: _172_ (rising edge-triggered flip-flop clocked by core_clock)
Endpoint: _155_ (rising edge-triggered flip-flop clocked by core_clock)
Path Group: core_clock
Path Type: max

Fanout     Cap    Slew   Delay    Time   Description
-----------------------------------------------------------------------------
                  0.00    0.00    0.00   clock core_clock (rise edge)
                          0.00    0.00   clock network delay (ideal)
                  0.00    0.00    0.00 ^ _172_/CLK (sky130_fd_sc_hd__dfxtp_1)
     3    0.01    0.09    0.32    0.32 ^ _172_/Q (sky130_fd_sc_hd__dfxtp_1)
                                         x2.A (net)
                  0.09    0.00    0.32 ^ _069_/B (sky130_fd_sc_hd__nand2_1)
     1    0.00    0.04    0.06    0.38 v _069_/Y (sky130_fd_sc_hd__nand2_1)
                                         _030_ (net)
                  0.04    0.00    0.38 v _071_/A2 (sky130_fd_sc_hd__a21oi_1)
     1    0.00    0.14    0.16    0.54 ^ _071_/Y (sky130_fd_sc_hd__a21oi_1)
                                         x63.S (net)
                  0.14    0.00    0.54 ^ _155_/D (sky130_fd_sc_hd__dfxtp_1)
                                  0.54   data arrival time

                  0.00    2.67    2.67   clock core_clock (rise edge)
                          0.00    2.67   clock network delay (ideal)
                          0.00    2.67   clock reconvergence pessimism
                                  2.67 ^ _155_/CLK (sky130_fd_sc_hd__dfxtp_1)
                         -0.08    2.59   library setup time
                                  2.59   data required time
-----------------------------------------------------------------------------
                                  2.59   data required time
                                 -0.54   data arrival time
-----------------------------------------------------------------------------
                                  2.04   slack (MET)



worst slack corner Typical: 0.3256
