
===========================================================================
report_checks -path_delay max (Setup)
============================================================================
======================= Typical Corner ===================================

Startpoint: _176_ (rising edge-triggered flip-flop clocked by core_clock)
Endpoint: _168_ (rising edge-triggered flip-flop clocked by core_clock)
Path Group: core_clock
Path Type: max

Fanout     Cap    Slew   Delay    Time   Description
-----------------------------------------------------------------------------
                  0.00    0.00    0.00   clock core_clock (rise edge)
                          0.00    0.00   clock network delay (ideal)
                  0.00    0.00    0.00 ^ _176_/CLK (sky130_fd_sc_hd__dfxtp_2)
     4    0.01    0.04    0.31    0.31 v _176_/Q (sky130_fd_sc_hd__dfxtp_2)
                                         x10.A (net)
                  0.04    0.00    0.31 v _092_/A2 (sky130_fd_sc_hd__a22o_2)
     4    0.01    0.06    0.27    0.58 v _092_/X (sky130_fd_sc_hd__a22o_2)
                                         _048_ (net)
                  0.06    0.00    0.58 v _101_/A (sky130_fd_sc_hd__or4b_2)
     3    0.01    0.11    0.69    1.27 v _101_/X (sky130_fd_sc_hd__or4b_2)
                                         _055_ (net)
                  0.11    0.00    1.27 v _108_/D (sky130_fd_sc_hd__or4_2)
     2    0.01    0.12    0.58    1.85 v _108_/X (sky130_fd_sc_hd__or4_2)
                                         _061_ (net)
                  0.12    0.00    1.85 v _127_/A3 (sky130_fd_sc_hd__a31o_2)
     3    0.01    0.05    0.29    2.14 v _127_/X (sky130_fd_sc_hd__a31o_2)
                                         _008_ (net)
                  0.05    0.00    2.14 v _135_/A2 (sky130_fd_sc_hd__a21o_2)
     2    0.00    0.04    0.21    2.35 v _135_/X (sky130_fd_sc_hd__a21o_2)
                                         _014_ (net)
                  0.04    0.00    2.35 v _137_/A (sky130_fd_sc_hd__and2_2)
     1    0.00    0.04    0.16    2.51 v _137_/X (sky130_fd_sc_hd__and2_2)
                                         _016_ (net)
                  0.04    0.00    2.51 v _138_/A (sky130_fd_sc_hd__buf_1)
     1    0.00    0.02    0.08    2.59 v _138_/X (sky130_fd_sc_hd__buf_1)
                                         x76.S (net)
                  0.02    0.00    2.59 v _168_/D (sky130_fd_sc_hd__dfxtp_2)
                                  2.59   data arrival time

                  0.00    2.67    2.67   clock core_clock (rise edge)
                          0.00    2.67   clock network delay (ideal)
                          0.00    2.67   clock reconvergence pessimism
                                  2.67 ^ _168_/CLK (sky130_fd_sc_hd__dfxtp_2)
                         -0.11    2.56   library setup time
                                  2.56   data required time
-----------------------------------------------------------------------------
                                  2.56   data required time
                                 -2.59   data arrival time
-----------------------------------------------------------------------------
                                 -0.04   slack (VIOLATED)


Startpoint: _172_ (rising edge-triggered flip-flop clocked by core_clock)
Endpoint: _170_ (rising edge-triggered flip-flop clocked by core_clock)
Path Group: core_clock
Path Type: max

Fanout     Cap    Slew   Delay    Time   Description
-----------------------------------------------------------------------------
                  0.00    0.00    0.00   clock core_clock (rise edge)
                          0.00    0.00   clock network delay (ideal)
                  0.00    0.00    0.00 ^ _172_/CLK (sky130_fd_sc_hd__dfxtp_2)
     3    0.01    0.04    0.31    0.31 v _172_/Q (sky130_fd_sc_hd__dfxtp_2)
                                         x2.A (net)
                  0.04    0.00    0.31 v _072_/A2 (sky130_fd_sc_hd__a22o_2)
     3    0.01    0.05    0.27    0.58 v _072_/X (sky130_fd_sc_hd__a22o_2)
                                         _032_ (net)
                  0.05    0.00    0.58 v _074_/B (sky130_fd_sc_hd__or3b_2)
     4    0.01    0.10    0.48    1.06 v _074_/X (sky130_fd_sc_hd__or3b_2)
                                         _034_ (net)
                  0.10    0.00    1.06 v _083_/A (sky130_fd_sc_hd__or2_2)
     3    0.01    0.07    0.33    1.39 v _083_/X (sky130_fd_sc_hd__or2_2)
                                         _041_ (net)
                  0.07    0.00    1.39 v _102_/A (sky130_fd_sc_hd__or2_2)
     2    0.01    0.07    0.31    1.70 v _102_/X (sky130_fd_sc_hd__or2_2)
                                         _056_ (net)
                  0.07    0.00    1.70 v _148_/A (sky130_fd_sc_hd__or3_2)
     2    0.01    0.09    0.50    2.21 v _148_/X (sky130_fd_sc_hd__or3_2)
                                         _025_ (net)
                  0.09    0.00    2.21 v _153_/S (sky130_fd_sc_hd__mux2_2)
     1    0.00    0.05    0.28    2.48 v _153_/X (sky130_fd_sc_hd__mux2_2)
                                         _029_ (net)
                  0.05    0.00    2.48 v _154_/A (sky130_fd_sc_hd__buf_1)
     1    0.00    0.02    0.08    2.57 v _154_/X (sky130_fd_sc_hd__buf_1)
                                         x78.S (net)
                  0.02    0.00    2.57 v _170_/D (sky130_fd_sc_hd__dfxtp_2)
                                  2.57   data arrival time

                  0.00    2.67    2.67   clock core_clock (rise edge)
                          0.00    2.67   clock network delay (ideal)
                          0.00    2.67   clock reconvergence pessimism
                                  2.67 ^ _170_/CLK (sky130_fd_sc_hd__dfxtp_2)
                         -0.11    2.56   library setup time
                                  2.56   data required time
-----------------------------------------------------------------------------
                                  2.56   data required time
                                 -2.57   data arrival time
-----------------------------------------------------------------------------
                                 -0.01   slack (VIOLATED)


Startpoint: _176_ (rising edge-triggered flip-flop clocked by core_clock)
Endpoint: _169_ (rising edge-triggered flip-flop clocked by core_clock)
Path Group: core_clock
Path Type: max

Fanout     Cap    Slew   Delay    Time   Description
-----------------------------------------------------------------------------
                  0.00    0.00    0.00   clock core_clock (rise edge)
                          0.00    0.00   clock network delay (ideal)
                  0.00    0.00    0.00 ^ _176_/CLK (sky130_fd_sc_hd__dfxtp_2)
     4    0.01    0.04    0.31    0.31 v _176_/Q (sky130_fd_sc_hd__dfxtp_2)
                                         x10.A (net)
                  0.04    0.00    0.31 v _092_/A2 (sky130_fd_sc_hd__a22o_2)
     4    0.01    0.06    0.27    0.58 v _092_/X (sky130_fd_sc_hd__a22o_2)
                                         _048_ (net)
                  0.06    0.00    0.58 v _101_/A (sky130_fd_sc_hd__or4b_2)
     3    0.01    0.11    0.69    1.27 v _101_/X (sky130_fd_sc_hd__or4b_2)
                                         _055_ (net)
                  0.11    0.00    1.27 v _108_/D (sky130_fd_sc_hd__or4_2)
     2    0.01    0.12    0.58    1.85 v _108_/X (sky130_fd_sc_hd__or4_2)
                                         _061_ (net)
                  0.12    0.00    1.85 v _127_/A3 (sky130_fd_sc_hd__a31o_2)
     3    0.01    0.05    0.29    2.14 v _127_/X (sky130_fd_sc_hd__a31o_2)
                                         _008_ (net)
                  0.05    0.00    2.14 v _135_/A2 (sky130_fd_sc_hd__a21o_2)
     2    0.00    0.04    0.21    2.35 v _135_/X (sky130_fd_sc_hd__a21o_2)
                                         _014_ (net)
                  0.04    0.00    2.35 v _141_/B1 (sky130_fd_sc_hd__a22o_2)
     1    0.00    0.04    0.20    2.55 v _141_/X (sky130_fd_sc_hd__a22o_2)
                                         x77.S (net)
                  0.04    0.00    2.55 v _169_/D (sky130_fd_sc_hd__dfxtp_2)
                                  2.55   data arrival time

                  0.00    2.67    2.67   clock core_clock (rise edge)
                          0.00    2.67   clock network delay (ideal)
                          0.00    2.67   clock reconvergence pessimism
                                  2.67 ^ _169_/CLK (sky130_fd_sc_hd__dfxtp_2)
                         -0.12    2.55   library setup time
                                  2.55   data required time
-----------------------------------------------------------------------------
                                  2.55   data required time
                                 -2.55   data arrival time
-----------------------------------------------------------------------------
                                  0.00   slack (VIOLATED)


Startpoint: _176_ (rising edge-triggered flip-flop clocked by core_clock)
Endpoint: _165_ (rising edge-triggered flip-flop clocked by core_clock)
Path Group: core_clock
Path Type: max

Fanout     Cap    Slew   Delay    Time   Description
-----------------------------------------------------------------------------
                  0.00    0.00    0.00   clock core_clock (rise edge)
                          0.00    0.00   clock network delay (ideal)
                  0.00    0.00    0.00 ^ _176_/CLK (sky130_fd_sc_hd__dfxtp_2)
     4    0.01    0.04    0.31    0.31 v _176_/Q (sky130_fd_sc_hd__dfxtp_2)
                                         x10.A (net)
                  0.04    0.00    0.31 v _092_/A2 (sky130_fd_sc_hd__a22o_2)
     4    0.01    0.06    0.27    0.58 v _092_/X (sky130_fd_sc_hd__a22o_2)
                                         _048_ (net)
                  0.06    0.00    0.58 v _101_/A (sky130_fd_sc_hd__or4b_2)
     3    0.01    0.11    0.69    1.27 v _101_/X (sky130_fd_sc_hd__or4b_2)
                                         _055_ (net)
                  0.11    0.00    1.27 v _108_/D (sky130_fd_sc_hd__or4_2)
     2    0.01    0.12    0.58    1.85 v _108_/X (sky130_fd_sc_hd__or4_2)
                                         _061_ (net)
                  0.12    0.00    1.85 v _109_/C (sky130_fd_sc_hd__nand3_2)
     4    0.02    0.11    0.14    2.00 ^ _109_/Y (sky130_fd_sc_hd__nand3_2)
                                         _062_ (net)
                  0.11    0.00    2.00 ^ _119_/B_N (sky130_fd_sc_hd__or2b_2)
     1    0.00    0.05    0.30    2.30 v _119_/X (sky130_fd_sc_hd__or2b_2)
                                         _001_ (net)
                  0.05    0.00    2.30 v _121_/A3 (sky130_fd_sc_hd__a31o_2)
     1    0.00    0.04    0.24    2.53 v _121_/X (sky130_fd_sc_hd__a31o_2)
                                         x73.S (net)
                  0.04    0.00    2.53 v _165_/D (sky130_fd_sc_hd__dfxtp_2)
                                  2.53   data arrival time

                  0.00    2.67    2.67   clock core_clock (rise edge)
                          0.00    2.67   clock network delay (ideal)
                          0.00    2.67   clock reconvergence pessimism
                                  2.67 ^ _165_/CLK (sky130_fd_sc_hd__dfxtp_2)
                         -0.12    2.55   library setup time
                                  2.55   data required time
-----------------------------------------------------------------------------
                                  2.55   data required time
                                 -2.53   data arrival time
-----------------------------------------------------------------------------
                                  0.02   slack (MET)


Startpoint: _176_ (rising edge-triggered flip-flop clocked by core_clock)
Endpoint: _167_ (rising edge-triggered flip-flop clocked by core_clock)
Path Group: core_clock
Path Type: max

Fanout     Cap    Slew   Delay    Time   Description
-----------------------------------------------------------------------------
                  0.00    0.00    0.00   clock core_clock (rise edge)
                          0.00    0.00   clock network delay (ideal)
                  0.00    0.00    0.00 ^ _176_/CLK (sky130_fd_sc_hd__dfxtp_2)
     4    0.01    0.04    0.31    0.31 v _176_/Q (sky130_fd_sc_hd__dfxtp_2)
                                         x10.A (net)
                  0.04    0.00    0.31 v _092_/A2 (sky130_fd_sc_hd__a22o_2)
     4    0.01    0.06    0.27    0.58 v _092_/X (sky130_fd_sc_hd__a22o_2)
                                         _048_ (net)
                  0.06    0.00    0.58 v _101_/A (sky130_fd_sc_hd__or4b_2)
     3    0.01    0.11    0.69    1.27 v _101_/X (sky130_fd_sc_hd__or4b_2)
                                         _055_ (net)
                  0.11    0.00    1.27 v _108_/D (sky130_fd_sc_hd__or4_2)
     2    0.01    0.12    0.58    1.85 v _108_/X (sky130_fd_sc_hd__or4_2)
                                         _061_ (net)
                  0.12    0.00    1.85 v _127_/A3 (sky130_fd_sc_hd__a31o_2)
     3    0.01    0.05    0.29    2.14 v _127_/X (sky130_fd_sc_hd__a31o_2)
                                         _008_ (net)
                  0.05    0.00    2.14 v _130_/C1 (sky130_fd_sc_hd__o211a_2)
     1    0.00    0.04    0.11    2.25 v _130_/X (sky130_fd_sc_hd__o211a_2)
                                         _010_ (net)
                  0.04    0.00    2.25 v _131_/B1 (sky130_fd_sc_hd__a21o_2)
     1    0.00    0.03    0.18    2.43 v _131_/X (sky130_fd_sc_hd__a21o_2)
                                         x75.S (net)
                  0.03    0.00    2.43 v _167_/D (sky130_fd_sc_hd__dfxtp_2)
                                  2.43   data arrival time

                  0.00    2.67    2.67   clock core_clock (rise edge)
                          0.00    2.67   clock network delay (ideal)
                          0.00    2.67   clock reconvergence pessimism
                                  2.67 ^ _167_/CLK (sky130_fd_sc_hd__dfxtp_2)
                         -0.12    2.55   library setup time
                                  2.55   data required time
-----------------------------------------------------------------------------
                                  2.55   data required time
                                 -2.43   data arrival time
-----------------------------------------------------------------------------
                                  0.12   slack (MET)


Startpoint: _176_ (rising edge-triggered flip-flop clocked by core_clock)
Endpoint: _166_ (rising edge-triggered flip-flop clocked by core_clock)
Path Group: core_clock
Path Type: max

Fanout     Cap    Slew   Delay    Time   Description
-----------------------------------------------------------------------------
                  0.00    0.00    0.00   clock core_clock (rise edge)
                          0.00    0.00   clock network delay (ideal)
                  0.00    0.00    0.00 ^ _176_/CLK (sky130_fd_sc_hd__dfxtp_2)
     4    0.01    0.04    0.31    0.31 v _176_/Q (sky130_fd_sc_hd__dfxtp_2)
                                         x10.A (net)
                  0.04    0.00    0.31 v _092_/A2 (sky130_fd_sc_hd__a22o_2)
     4    0.01    0.06    0.27    0.58 v _092_/X (sky130_fd_sc_hd__a22o_2)
                                         _048_ (net)
                  0.06    0.00    0.58 v _101_/A (sky130_fd_sc_hd__or4b_2)
     3    0.01    0.11    0.69    1.27 v _101_/X (sky130_fd_sc_hd__or4b_2)
                                         _055_ (net)
                  0.11    0.00    1.27 v _108_/D (sky130_fd_sc_hd__or4_2)
     2    0.01    0.12    0.58    1.85 v _108_/X (sky130_fd_sc_hd__or4_2)
                                         _061_ (net)
                  0.12    0.00    1.85 v _127_/A3 (sky130_fd_sc_hd__a31o_2)
     3    0.01    0.05    0.29    2.14 v _127_/X (sky130_fd_sc_hd__a31o_2)
                                         _008_ (net)
                  0.05    0.00    2.14 v _128_/B1_N (sky130_fd_sc_hd__a21bo_2)
     1    0.01    0.05    0.20    2.34 ^ _128_/X (sky130_fd_sc_hd__a21bo_2)
                                         _009_ (net)
                  0.05    0.00    2.34 ^ _129_/A (sky130_fd_sc_hd__inv_2)
     1    0.00    0.01    0.03    2.36 v _129_/Y (sky130_fd_sc_hd__inv_2)
                                         x74.S (net)
                  0.01    0.00    2.36 v _166_/D (sky130_fd_sc_hd__dfxtp_2)
                                  2.36   data arrival time

                  0.00    2.67    2.67   clock core_clock (rise edge)
                          0.00    2.67   clock network delay (ideal)
                          0.00    2.67   clock reconvergence pessimism
                                  2.67 ^ _166_/CLK (sky130_fd_sc_hd__dfxtp_2)
                         -0.11    2.56   library setup time
                                  2.56   data required time
-----------------------------------------------------------------------------
                                  2.56   data required time
                                 -2.36   data arrival time
-----------------------------------------------------------------------------
                                  0.20   slack (MET)


Startpoint: _172_ (rising edge-triggered flip-flop clocked by core_clock)
Endpoint: _171_ (rising edge-triggered flip-flop clocked by core_clock)
Path Group: core_clock
Path Type: max

Fanout     Cap    Slew   Delay    Time   Description
-----------------------------------------------------------------------------
                  0.00    0.00    0.00   clock core_clock (rise edge)
                          0.00    0.00   clock network delay (ideal)
                  0.00    0.00    0.00 ^ _172_/CLK (sky130_fd_sc_hd__dfxtp_2)
     3    0.01    0.04    0.31    0.31 v _172_/Q (sky130_fd_sc_hd__dfxtp_2)
                                         x2.A (net)
                  0.04    0.00    0.31 v _072_/A2 (sky130_fd_sc_hd__a22o_2)
     3    0.01    0.05    0.27    0.58 v _072_/X (sky130_fd_sc_hd__a22o_2)
                                         _032_ (net)
                  0.05    0.00    0.58 v _074_/B (sky130_fd_sc_hd__or3b_2)
     4    0.01    0.10    0.48    1.06 v _074_/X (sky130_fd_sc_hd__or3b_2)
                                         _034_ (net)
                  0.10    0.00    1.06 v _083_/A (sky130_fd_sc_hd__or2_2)
     3    0.01    0.07    0.33    1.39 v _083_/X (sky130_fd_sc_hd__or2_2)
                                         _041_ (net)
                  0.07    0.00    1.39 v _102_/A (sky130_fd_sc_hd__or2_2)
     2    0.01    0.07    0.31    1.70 v _102_/X (sky130_fd_sc_hd__or2_2)
                                         _056_ (net)
                  0.07    0.00    1.70 v _148_/A (sky130_fd_sc_hd__or3_2)
     2    0.01    0.09    0.50    2.21 v _148_/X (sky130_fd_sc_hd__or3_2)
                                         _025_ (net)
                  0.09    0.00    2.21 v _152_/A2 (sky130_fd_sc_hd__o21bai_2)
     1    0.00    0.10    0.13    2.33 ^ _152_/Y (sky130_fd_sc_hd__o21bai_2)
                                         x58.C (net)
                  0.10    0.00    2.33 ^ _171_/D (sky130_fd_sc_hd__dfxtp_2)
                                  2.33   data arrival time

                  0.00    2.67    2.67   clock core_clock (rise edge)
                          0.00    2.67   clock network delay (ideal)
                          0.00    2.67   clock reconvergence pessimism
                                  2.67 ^ _171_/CLK (sky130_fd_sc_hd__dfxtp_2)
                         -0.08    2.59   library setup time
                                  2.59   data required time
-----------------------------------------------------------------------------
                                  2.59   data required time
                                 -2.33   data arrival time
-----------------------------------------------------------------------------
                                  0.26   slack (MET)


Startpoint: _176_ (rising edge-triggered flip-flop clocked by core_clock)
Endpoint: _164_ (rising edge-triggered flip-flop clocked by core_clock)
Path Group: core_clock
Path Type: max

Fanout     Cap    Slew   Delay    Time   Description
-----------------------------------------------------------------------------
                  0.00    0.00    0.00   clock core_clock (rise edge)
                          0.00    0.00   clock network delay (ideal)
                  0.00    0.00    0.00 ^ _176_/CLK (sky130_fd_sc_hd__dfxtp_2)
     4    0.01    0.04    0.31    0.31 v _176_/Q (sky130_fd_sc_hd__dfxtp_2)
                                         x10.A (net)
                  0.04    0.00    0.31 v _092_/A2 (sky130_fd_sc_hd__a22o_2)
     4    0.01    0.06    0.27    0.58 v _092_/X (sky130_fd_sc_hd__a22o_2)
                                         _048_ (net)
                  0.06    0.00    0.58 v _101_/A (sky130_fd_sc_hd__or4b_2)
     3    0.01    0.11    0.69    1.27 v _101_/X (sky130_fd_sc_hd__or4b_2)
                                         _055_ (net)
                  0.11    0.00    1.27 v _108_/D (sky130_fd_sc_hd__or4_2)
     2    0.01    0.12    0.58    1.85 v _108_/X (sky130_fd_sc_hd__or4_2)
                                         _061_ (net)
                  0.12    0.00    1.85 v _109_/C (sky130_fd_sc_hd__nand3_2)
     4    0.02    0.11    0.14    2.00 ^ _109_/Y (sky130_fd_sc_hd__nand3_2)
                                         _062_ (net)
                  0.11    0.00    2.00 ^ _117_/A1 (sky130_fd_sc_hd__o21ai_2)
     1    0.00    0.05    0.07    2.07 v _117_/Y (sky130_fd_sc_hd__o21ai_2)
                                         x72.S (net)
                  0.05    0.00    2.07 v _164_/D (sky130_fd_sc_hd__dfxtp_2)
                                  2.07   data arrival time

                  0.00    2.67    2.67   clock core_clock (rise edge)
                          0.00    2.67   clock network delay (ideal)
                          0.00    2.67   clock reconvergence pessimism
                                  2.67 ^ _164_/CLK (sky130_fd_sc_hd__dfxtp_2)
                         -0.13    2.54   library setup time
                                  2.54   data required time
-----------------------------------------------------------------------------
                                  2.54   data required time
                                 -2.07   data arrival time
-----------------------------------------------------------------------------
                                  0.47   slack (MET)


Startpoint: _176_ (rising edge-triggered flip-flop clocked by core_clock)
Endpoint: _163_ (rising edge-triggered flip-flop clocked by core_clock)
Path Group: core_clock
Path Type: max

Fanout     Cap    Slew   Delay    Time   Description
-----------------------------------------------------------------------------
                  0.00    0.00    0.00   clock core_clock (rise edge)
                          0.00    0.00   clock network delay (ideal)
                  0.00    0.00    0.00 ^ _176_/CLK (sky130_fd_sc_hd__dfxtp_2)
     4    0.01    0.04    0.31    0.31 v _176_/Q (sky130_fd_sc_hd__dfxtp_2)
                                         x10.A (net)
                  0.04    0.00    0.31 v _092_/A2 (sky130_fd_sc_hd__a22o_2)
     4    0.01    0.06    0.27    0.58 v _092_/X (sky130_fd_sc_hd__a22o_2)
                                         _048_ (net)
                  0.06    0.00    0.58 v _101_/A (sky130_fd_sc_hd__or4b_2)
     3    0.01    0.11    0.69    1.27 v _101_/X (sky130_fd_sc_hd__or4b_2)
                                         _055_ (net)
                  0.11    0.00    1.27 v _108_/D (sky130_fd_sc_hd__or4_2)
     2    0.01    0.12    0.58    1.85 v _108_/X (sky130_fd_sc_hd__or4_2)
                                         _061_ (net)
                  0.12    0.00    1.85 v _109_/C (sky130_fd_sc_hd__nand3_2)
     4    0.02    0.11    0.14    2.00 ^ _109_/Y (sky130_fd_sc_hd__nand3_2)
                                         _062_ (net)
                  0.11    0.00    2.00 ^ _112_/A1 (sky130_fd_sc_hd__a21oi_2)
     1    0.00    0.04    0.06    2.06 v _112_/Y (sky130_fd_sc_hd__a21oi_2)
                                         x71.S (net)
                  0.04    0.00    2.06 v _163_/D (sky130_fd_sc_hd__dfxtp_2)
                                  2.06   data arrival time

                  0.00    2.67    2.67   clock core_clock (rise edge)
                          0.00    2.67   clock network delay (ideal)
                          0.00    2.67   clock reconvergence pessimism
                                  2.67 ^ _163_/CLK (sky130_fd_sc_hd__dfxtp_2)
                         -0.12    2.55   library setup time
                                  2.55   data required time
-----------------------------------------------------------------------------
                                  2.55   data required time
                                 -2.06   data arrival time
-----------------------------------------------------------------------------
                                  0.49   slack (MET)


Startpoint: _172_ (rising edge-triggered flip-flop clocked by core_clock)
Endpoint: _161_ (rising edge-triggered flip-flop clocked by core_clock)
Path Group: core_clock
Path Type: max

Fanout     Cap    Slew   Delay    Time   Description
-----------------------------------------------------------------------------
                  0.00    0.00    0.00   clock core_clock (rise edge)
                          0.00    0.00   clock network delay (ideal)
                  0.00    0.00    0.00 ^ _172_/CLK (sky130_fd_sc_hd__dfxtp_2)
     3    0.01    0.04    0.31    0.31 v _172_/Q (sky130_fd_sc_hd__dfxtp_2)
                                         x2.A (net)
                  0.04    0.00    0.31 v _072_/A2 (sky130_fd_sc_hd__a22o_2)
     3    0.01    0.05    0.27    0.58 v _072_/X (sky130_fd_sc_hd__a22o_2)
                                         _032_ (net)
                  0.05    0.00    0.58 v _074_/B (sky130_fd_sc_hd__or3b_2)
     4    0.01    0.10    0.48    1.06 v _074_/X (sky130_fd_sc_hd__or3b_2)
                                         _034_ (net)
                  0.10    0.00    1.06 v _083_/A (sky130_fd_sc_hd__or2_2)
     3    0.01    0.07    0.33    1.39 v _083_/X (sky130_fd_sc_hd__or2_2)
                                         _041_ (net)
                  0.07    0.00    1.39 v _088_/A2 (sky130_fd_sc_hd__o21ba_2)
     3    0.01    0.05    0.23    1.62 v _088_/X (sky130_fd_sc_hd__o21ba_2)
                                         _045_ (net)
                  0.05    0.00    1.62 v _097_/B1 (sky130_fd_sc_hd__o221a_2)
     1    0.00    0.04    0.24    1.85 v _097_/X (sky130_fd_sc_hd__o221a_2)
                                         _052_ (net)
                  0.04    0.00    1.85 v _098_/B1 (sky130_fd_sc_hd__a21o_2)
     1    0.00    0.03    0.18    2.03 v _098_/X (sky130_fd_sc_hd__a21o_2)
                                         x69.S (net)
                  0.03    0.00    2.03 v _161_/D (sky130_fd_sc_hd__dfxtp_2)
                                  2.03   data arrival time

                  0.00    2.67    2.67   clock core_clock (rise edge)
                          0.00    2.67   clock network delay (ideal)
                          0.00    2.67   clock reconvergence pessimism
                                  2.67 ^ _161_/CLK (sky130_fd_sc_hd__dfxtp_2)
                         -0.12    2.55   library setup time
                                  2.55   data required time
-----------------------------------------------------------------------------
                                  2.55   data required time
                                 -2.03   data arrival time
-----------------------------------------------------------------------------
                                  0.52   slack (MET)


Startpoint: _172_ (rising edge-triggered flip-flop clocked by core_clock)
Endpoint: _159_ (rising edge-triggered flip-flop clocked by core_clock)
Path Group: core_clock
Path Type: max

Fanout     Cap    Slew   Delay    Time   Description
-----------------------------------------------------------------------------
                  0.00    0.00    0.00   clock core_clock (rise edge)
                          0.00    0.00   clock network delay (ideal)
                  0.00    0.00    0.00 ^ _172_/CLK (sky130_fd_sc_hd__dfxtp_2)
     3    0.01    0.04    0.31    0.31 v _172_/Q (sky130_fd_sc_hd__dfxtp_2)
                                         x2.A (net)
                  0.04    0.00    0.31 v _072_/A2 (sky130_fd_sc_hd__a22o_2)
     3    0.01    0.05    0.27    0.58 v _072_/X (sky130_fd_sc_hd__a22o_2)
                                         _032_ (net)
                  0.05    0.00    0.58 v _074_/B (sky130_fd_sc_hd__or3b_2)
     4    0.01    0.10    0.48    1.06 v _074_/X (sky130_fd_sc_hd__or3b_2)
                                         _034_ (net)
                  0.10    0.00    1.06 v _083_/A (sky130_fd_sc_hd__or2_2)
     3    0.01    0.07    0.33    1.39 v _083_/X (sky130_fd_sc_hd__or2_2)
                                         _041_ (net)
                  0.07    0.00    1.39 v _088_/A2 (sky130_fd_sc_hd__o21ba_2)
     3    0.01    0.05    0.23    1.62 v _088_/X (sky130_fd_sc_hd__o21ba_2)
                                         _045_ (net)
                  0.05    0.00    1.62 v _089_/B1 (sky130_fd_sc_hd__o21a_2)
     1    0.00    0.03    0.11    1.73 v _089_/X (sky130_fd_sc_hd__o21a_2)
                                         _046_ (net)
                  0.03    0.00    1.73 v _090_/B1 (sky130_fd_sc_hd__a21o_2)
     1    0.00    0.03    0.17    1.90 v _090_/X (sky130_fd_sc_hd__a21o_2)
                                         x67.S (net)
                  0.03    0.00    1.90 v _159_/D (sky130_fd_sc_hd__dfxtp_2)
                                  1.90   data arrival time

                  0.00    2.67    2.67   clock core_clock (rise edge)
                          0.00    2.67   clock network delay (ideal)
                          0.00    2.67   clock reconvergence pessimism
                                  2.67 ^ _159_/CLK (sky130_fd_sc_hd__dfxtp_2)
                         -0.12    2.55   library setup time
                                  2.55   data required time
-----------------------------------------------------------------------------
                                  2.55   data required time
                                 -1.90   data arrival time
-----------------------------------------------------------------------------
                                  0.65   slack (MET)


Startpoint: _172_ (rising edge-triggered flip-flop clocked by core_clock)
Endpoint: _162_ (rising edge-triggered flip-flop clocked by core_clock)
Path Group: core_clock
Path Type: max

Fanout     Cap    Slew   Delay    Time   Description
-----------------------------------------------------------------------------
                  0.00    0.00    0.00   clock core_clock (rise edge)
                          0.00    0.00   clock network delay (ideal)
                  0.00    0.00    0.00 ^ _172_/CLK (sky130_fd_sc_hd__dfxtp_2)
     3    0.01    0.04    0.31    0.31 v _172_/Q (sky130_fd_sc_hd__dfxtp_2)
                                         x2.A (net)
                  0.04    0.00    0.31 v _072_/A2 (sky130_fd_sc_hd__a22o_2)
     3    0.01    0.05    0.27    0.58 v _072_/X (sky130_fd_sc_hd__a22o_2)
                                         _032_ (net)
                  0.05    0.00    0.58 v _074_/B (sky130_fd_sc_hd__or3b_2)
     4    0.01    0.10    0.48    1.06 v _074_/X (sky130_fd_sc_hd__or3b_2)
                                         _034_ (net)
                  0.10    0.00    1.06 v _083_/A (sky130_fd_sc_hd__or2_2)
     3    0.01    0.07    0.33    1.39 v _083_/X (sky130_fd_sc_hd__or2_2)
                                         _041_ (net)
                  0.07    0.00    1.39 v _102_/A (sky130_fd_sc_hd__or2_2)
     2    0.01    0.07    0.31    1.70 v _102_/X (sky130_fd_sc_hd__or2_2)
                                         _056_ (net)
                  0.07    0.00    1.70 v _107_/A2 (sky130_fd_sc_hd__o211ai_2)
     1    0.00    0.12    0.14    1.84 ^ _107_/Y (sky130_fd_sc_hd__o211ai_2)
                                         x70.S (net)
                  0.12    0.00    1.84 ^ _162_/D (sky130_fd_sc_hd__dfxtp_2)
                                  1.84   data arrival time

                  0.00    2.67    2.67   clock core_clock (rise edge)
                          0.00    2.67   clock network delay (ideal)
                          0.00    2.67   clock reconvergence pessimism
                                  2.67 ^ _162_/CLK (sky130_fd_sc_hd__dfxtp_2)
                         -0.08    2.59   library setup time
                                  2.59   data required time
-----------------------------------------------------------------------------
                                  2.59   data required time
                                 -1.84   data arrival time
-----------------------------------------------------------------------------
                                  0.74   slack (MET)


Startpoint: _172_ (rising edge-triggered flip-flop clocked by core_clock)
Endpoint: _160_ (rising edge-triggered flip-flop clocked by core_clock)
Path Group: core_clock
Path Type: max

Fanout     Cap    Slew   Delay    Time   Description
-----------------------------------------------------------------------------
                  0.00    0.00    0.00   clock core_clock (rise edge)
                          0.00    0.00   clock network delay (ideal)
                  0.00    0.00    0.00 ^ _172_/CLK (sky130_fd_sc_hd__dfxtp_2)
     3    0.01    0.04    0.31    0.31 v _172_/Q (sky130_fd_sc_hd__dfxtp_2)
                                         x2.A (net)
                  0.04    0.00    0.31 v _072_/A2 (sky130_fd_sc_hd__a22o_2)
     3    0.01    0.05    0.27    0.58 v _072_/X (sky130_fd_sc_hd__a22o_2)
                                         _032_ (net)
                  0.05    0.00    0.58 v _074_/B (sky130_fd_sc_hd__or3b_2)
     4    0.01    0.10    0.48    1.06 v _074_/X (sky130_fd_sc_hd__or3b_2)
                                         _034_ (net)
                  0.10    0.00    1.06 v _083_/A (sky130_fd_sc_hd__or2_2)
     3    0.01    0.07    0.33    1.39 v _083_/X (sky130_fd_sc_hd__or2_2)
                                         _041_ (net)
                  0.07    0.00    1.39 v _088_/A2 (sky130_fd_sc_hd__o21ba_2)
     3    0.01    0.05    0.23    1.62 v _088_/X (sky130_fd_sc_hd__o21ba_2)
                                         _045_ (net)
                  0.05    0.00    1.62 v _091_/A (sky130_fd_sc_hd__inv_2)
     1    0.01    0.03    0.05    1.67 ^ _091_/Y (sky130_fd_sc_hd__inv_2)
                                         _047_ (net)
                  0.03    0.00    1.67 ^ _096_/A1 (sky130_fd_sc_hd__o21ai_2)
     1    0.00    0.04    0.05    1.72 v _096_/Y (sky130_fd_sc_hd__o21ai_2)
                                         x68.S (net)
                  0.04    0.00    1.72 v _160_/D (sky130_fd_sc_hd__dfxtp_2)
                                  1.72   data arrival time

                  0.00    2.67    2.67   clock core_clock (rise edge)
                          0.00    2.67   clock network delay (ideal)
                          0.00    2.67   clock reconvergence pessimism
                                  2.67 ^ _160_/CLK (sky130_fd_sc_hd__dfxtp_2)
                         -0.12    2.55   library setup time
                                  2.55   data required time
-----------------------------------------------------------------------------
                                  2.55   data required time
                                 -1.72   data arrival time
-----------------------------------------------------------------------------
                                  0.83   slack (MET)


Startpoint: _172_ (rising edge-triggered flip-flop clocked by core_clock)
Endpoint: _157_ (rising edge-triggered flip-flop clocked by core_clock)
Path Group: core_clock
Path Type: max

Fanout     Cap    Slew   Delay    Time   Description
-----------------------------------------------------------------------------
                  0.00    0.00    0.00   clock core_clock (rise edge)
                          0.00    0.00   clock network delay (ideal)
                  0.00    0.00    0.00 ^ _172_/CLK (sky130_fd_sc_hd__dfxtp_2)
     3    0.01    0.04    0.31    0.31 v _172_/Q (sky130_fd_sc_hd__dfxtp_2)
                                         x2.A (net)
                  0.04    0.00    0.31 v _072_/A2 (sky130_fd_sc_hd__a22o_2)
     3    0.01    0.05    0.27    0.58 v _072_/X (sky130_fd_sc_hd__a22o_2)
                                         _032_ (net)
                  0.05    0.00    0.58 v _074_/B (sky130_fd_sc_hd__or3b_2)
     4    0.01    0.10    0.48    1.06 v _074_/X (sky130_fd_sc_hd__or3b_2)
                                         _034_ (net)
                  0.10    0.00    1.06 v _078_/B1 (sky130_fd_sc_hd__o221a_2)
     1    0.00    0.04    0.26    1.32 v _078_/X (sky130_fd_sc_hd__o221a_2)
                                         _037_ (net)
                  0.04    0.00    1.32 v _079_/B1 (sky130_fd_sc_hd__a21o_2)
     1    0.00    0.04    0.19    1.50 v _079_/X (sky130_fd_sc_hd__a21o_2)
                                         x65.S (net)
                  0.04    0.00    1.50 v _157_/D (sky130_fd_sc_hd__dfxtp_2)
                                  1.50   data arrival time

                  0.00    2.67    2.67   clock core_clock (rise edge)
                          0.00    2.67   clock network delay (ideal)
                          0.00    2.67   clock reconvergence pessimism
                                  2.67 ^ _157_/CLK (sky130_fd_sc_hd__dfxtp_2)
                         -0.12    2.55   library setup time
                                  2.55   data required time
-----------------------------------------------------------------------------
                                  2.55   data required time
                                 -1.50   data arrival time
-----------------------------------------------------------------------------
                                  1.05   slack (MET)


Startpoint: _172_ (rising edge-triggered flip-flop clocked by core_clock)
Endpoint: _158_ (rising edge-triggered flip-flop clocked by core_clock)
Path Group: core_clock
Path Type: max

Fanout     Cap    Slew   Delay    Time   Description
-----------------------------------------------------------------------------
                  0.00    0.00    0.00   clock core_clock (rise edge)
                          0.00    0.00   clock network delay (ideal)
                  0.00    0.00    0.00 ^ _172_/CLK (sky130_fd_sc_hd__dfxtp_2)
     3    0.01    0.04    0.31    0.31 v _172_/Q (sky130_fd_sc_hd__dfxtp_2)
                                         x2.A (net)
                  0.04    0.00    0.31 v _072_/A2 (sky130_fd_sc_hd__a22o_2)
     3    0.01    0.05    0.27    0.58 v _072_/X (sky130_fd_sc_hd__a22o_2)
                                         _032_ (net)
                  0.05    0.00    0.58 v _074_/B (sky130_fd_sc_hd__or3b_2)
     4    0.01    0.10    0.48    1.06 v _074_/X (sky130_fd_sc_hd__or3b_2)
                                         _034_ (net)
                  0.10    0.00    1.06 v _083_/A (sky130_fd_sc_hd__or2_2)
     3    0.01    0.07    0.33    1.39 v _083_/X (sky130_fd_sc_hd__or2_2)
                                         _041_ (net)
                  0.07    0.00    1.39 v _087_/A2 (sky130_fd_sc_hd__o21bai_2)
     1    0.00    0.10    0.11    1.50 ^ _087_/Y (sky130_fd_sc_hd__o21bai_2)
                                         x66.S (net)
                  0.10    0.00    1.50 ^ _158_/D (sky130_fd_sc_hd__dfxtp_2)
                                  1.50   data arrival time

                  0.00    2.67    2.67   clock core_clock (rise edge)
                          0.00    2.67   clock network delay (ideal)
                          0.00    2.67   clock reconvergence pessimism
                                  2.67 ^ _158_/CLK (sky130_fd_sc_hd__dfxtp_2)
                         -0.08    2.59   library setup time
                                  2.59   data required time
-----------------------------------------------------------------------------
                                  2.59   data required time
                                 -1.50   data arrival time
-----------------------------------------------------------------------------
                                  1.09   slack (MET)


Startpoint: _172_ (rising edge-triggered flip-flop clocked by core_clock)
Endpoint: _156_ (rising edge-triggered flip-flop clocked by core_clock)
Path Group: core_clock
Path Type: max

Fanout     Cap    Slew   Delay    Time   Description
-----------------------------------------------------------------------------
                  0.00    0.00    0.00   clock core_clock (rise edge)
                          0.00    0.00   clock network delay (ideal)
                  0.00    0.00    0.00 ^ _172_/CLK (sky130_fd_sc_hd__dfxtp_2)
     3    0.01    0.04    0.31    0.31 v _172_/Q (sky130_fd_sc_hd__dfxtp_2)
                                         x2.A (net)
                  0.04    0.00    0.31 v _072_/A2 (sky130_fd_sc_hd__a22o_2)
     3    0.01    0.05    0.27    0.58 v _072_/X (sky130_fd_sc_hd__a22o_2)
                                         _032_ (net)
                  0.05    0.00    0.58 v _074_/B (sky130_fd_sc_hd__or3b_2)
     4    0.01    0.10    0.48    1.06 v _074_/X (sky130_fd_sc_hd__or3b_2)
                                         _034_ (net)
                  0.10    0.00    1.06 v _076_/A2 (sky130_fd_sc_hd__o21ai_2)
     1    0.00    0.10    0.13    1.19 ^ _076_/Y (sky130_fd_sc_hd__o21ai_2)
                                         x64.S (net)
                  0.10    0.00    1.19 ^ _156_/D (sky130_fd_sc_hd__dfxtp_2)
                                  1.19   data arrival time

                  0.00    2.67    2.67   clock core_clock (rise edge)
                          0.00    2.67   clock network delay (ideal)
                          0.00    2.67   clock reconvergence pessimism
                                  2.67 ^ _156_/CLK (sky130_fd_sc_hd__dfxtp_2)
                         -0.08    2.59   library setup time
                                  2.59   data required time
-----------------------------------------------------------------------------
                                  2.59   data required time
                                 -1.19   data arrival time
-----------------------------------------------------------------------------
                                  1.40   slack (MET)


Startpoint: _188_ (rising edge-triggered flip-flop clocked by core_clock)
Endpoint: _155_ (rising edge-triggered flip-flop clocked by core_clock)
Path Group: core_clock
Path Type: max

Fanout     Cap    Slew   Delay    Time   Description
-----------------------------------------------------------------------------
                  0.00    0.00    0.00   clock core_clock (rise edge)
                          0.00    0.00   clock network delay (ideal)
                  0.00    0.00    0.00 ^ _188_/CLK (sky130_fd_sc_hd__dfxtp_2)
     3    0.01    0.04    0.31    0.31 v _188_/Q (sky130_fd_sc_hd__dfxtp_2)
                                         x2.B (net)
                  0.04    0.00    0.31 v _070_/A (sky130_fd_sc_hd__nor2_2)
     2    0.01    0.10    0.12    0.43 ^ _070_/Y (sky130_fd_sc_hd__nor2_2)
                                         _031_ (net)
                  0.10    0.00    0.43 ^ _071_/B1 (sky130_fd_sc_hd__a21oi_2)
     1    0.00    0.05    0.04    0.47 v _071_/Y (sky130_fd_sc_hd__a21oi_2)
                                         x63.S (net)
                  0.05    0.00    0.47 v _155_/D (sky130_fd_sc_hd__dfxtp_2)
                                  0.47   data arrival time

                  0.00    2.67    2.67   clock core_clock (rise edge)
                          0.00    2.67   clock network delay (ideal)
                          0.00    2.67   clock reconvergence pessimism
                                  2.67 ^ _155_/CLK (sky130_fd_sc_hd__dfxtp_2)
                         -0.13    2.54   library setup time
                                  2.54   data required time
-----------------------------------------------------------------------------
                                  2.54   data required time
                                 -0.47   data arrival time
-----------------------------------------------------------------------------
                                  2.07   slack (MET)



worst slack corner Typical: -0.0360
