
===========================================================================
report_checks -path_delay min (Hold)
============================================================================
======================= Typical Corner ===================================

Startpoint: _196_ (rising edge-triggered flip-flop clocked by core_clock)
Endpoint: _163_ (rising edge-triggered flip-flop clocked by core_clock)
Path Group: core_clock
Path Type: min

Fanout     Cap    Slew   Delay    Time   Description
-----------------------------------------------------------------------------
                  0.00    0.00    0.00   clock core_clock (rise edge)
                          0.00    0.00   clock network delay (ideal)
                  0.00    0.00    0.00 ^ _196_/CLK (sky130_fd_sc_hd__dfxtp_2)
     3    0.01    0.04    0.31    0.31 v _196_/Q (sky130_fd_sc_hd__dfxtp_2)
                                         x18.B (net)
                  0.04    0.00    0.31 v _110_/A (sky130_fd_sc_hd__nand2_2)
     1    0.01    0.04    0.06    0.37 ^ _110_/Y (sky130_fd_sc_hd__nand2_2)
                                         _063_ (net)
                  0.04    0.00    0.37 ^ _112_/A2 (sky130_fd_sc_hd__a21oi_2)
     1    0.00    0.03    0.04    0.41 v _112_/Y (sky130_fd_sc_hd__a21oi_2)
                                         x71.S (net)
                  0.03    0.00    0.41 v _163_/D (sky130_fd_sc_hd__dfxtp_2)
                                  0.41   data arrival time

                  0.00    0.00    0.00   clock core_clock (rise edge)
                          0.00    0.00   clock network delay (ideal)
                          0.00    0.00   clock reconvergence pessimism
                                  0.00 ^ _163_/CLK (sky130_fd_sc_hd__dfxtp_2)
                         -0.05   -0.05   library hold time
                                 -0.05   data required time
-----------------------------------------------------------------------------
                                 -0.05   data required time
                                 -0.41   data arrival time
-----------------------------------------------------------------------------
                                  0.46   slack (MET)


Startpoint: _188_ (rising edge-triggered flip-flop clocked by core_clock)
Endpoint: _155_ (rising edge-triggered flip-flop clocked by core_clock)
Path Group: core_clock
Path Type: min

Fanout     Cap    Slew   Delay    Time   Description
-----------------------------------------------------------------------------
                  0.00    0.00    0.00   clock core_clock (rise edge)
                          0.00    0.00   clock network delay (ideal)
                  0.00    0.00    0.00 ^ _188_/CLK (sky130_fd_sc_hd__dfxtp_2)
     3    0.01    0.04    0.31    0.31 v _188_/Q (sky130_fd_sc_hd__dfxtp_2)
                                         x2.B (net)
                  0.04    0.00    0.31 v _069_/A (sky130_fd_sc_hd__nand2_2)
     1    0.01    0.04    0.05    0.36 ^ _069_/Y (sky130_fd_sc_hd__nand2_2)
                                         _030_ (net)
                  0.04    0.00    0.36 ^ _071_/A2 (sky130_fd_sc_hd__a21oi_2)
     1    0.00    0.03    0.05    0.41 v _071_/Y (sky130_fd_sc_hd__a21oi_2)
                                         x63.S (net)
                  0.03    0.00    0.41 v _155_/D (sky130_fd_sc_hd__dfxtp_2)
                                  0.41   data arrival time

                  0.00    0.00    0.00   clock core_clock (rise edge)
                          0.00    0.00   clock network delay (ideal)
                          0.00    0.00   clock reconvergence pessimism
                                  0.00 ^ _155_/CLK (sky130_fd_sc_hd__dfxtp_2)
                         -0.05   -0.05   library hold time
                                 -0.05   data required time
-----------------------------------------------------------------------------
                                 -0.05   data required time
                                 -0.41   data arrival time
-----------------------------------------------------------------------------
                                  0.46   slack (MET)


Startpoint: _194_ (rising edge-triggered flip-flop clocked by core_clock)
Endpoint: _161_ (rising edge-triggered flip-flop clocked by core_clock)
Path Group: core_clock
Path Type: min

Fanout     Cap    Slew   Delay    Time   Description
-----------------------------------------------------------------------------
                  0.00    0.00    0.00   clock core_clock (rise edge)
                          0.00    0.00   clock network delay (ideal)
                  0.00    0.00    0.00 ^ _194_/CLK (sky130_fd_sc_hd__dfxtp_2)
     4    0.01    0.07    0.32    0.32 ^ _194_/Q (sky130_fd_sc_hd__dfxtp_2)
                                         x14.B (net)
                  0.07    0.00    0.32 ^ _098_/A1 (sky130_fd_sc_hd__a21o_2)
     1    0.00    0.03    0.12    0.44 ^ _098_/X (sky130_fd_sc_hd__a21o_2)
                                         x69.S (net)
                  0.03    0.00    0.44 ^ _161_/D (sky130_fd_sc_hd__dfxtp_2)
                                  0.44   data arrival time

                  0.00    0.00    0.00   clock core_clock (rise edge)
                          0.00    0.00   clock network delay (ideal)
                          0.00    0.00   clock reconvergence pessimism
                                  0.00 ^ _161_/CLK (sky130_fd_sc_hd__dfxtp_2)
                         -0.03   -0.03   library hold time
                                 -0.03   data required time
-----------------------------------------------------------------------------
                                 -0.03   data required time
                                 -0.44   data arrival time
-----------------------------------------------------------------------------
                                  0.47   slack (MET)


Startpoint: _192_ (rising edge-triggered flip-flop clocked by core_clock)
Endpoint: _159_ (rising edge-triggered flip-flop clocked by core_clock)
Path Group: core_clock
Path Type: min

Fanout     Cap    Slew   Delay    Time   Description
-----------------------------------------------------------------------------
                  0.00    0.00    0.00   clock core_clock (rise edge)
                          0.00    0.00   clock network delay (ideal)
                  0.00    0.00    0.00 ^ _192_/CLK (sky130_fd_sc_hd__dfxtp_2)
     4    0.01    0.08    0.33    0.33 ^ _192_/Q (sky130_fd_sc_hd__dfxtp_2)
                                         x10.B (net)
                  0.08    0.00    0.33 ^ _090_/A1 (sky130_fd_sc_hd__a21o_2)
     1    0.00    0.02    0.11    0.44 ^ _090_/X (sky130_fd_sc_hd__a21o_2)
                                         x67.S (net)
                  0.02    0.00    0.44 ^ _159_/D (sky130_fd_sc_hd__dfxtp_2)
                                  0.44   data arrival time

                  0.00    0.00    0.00   clock core_clock (rise edge)
                          0.00    0.00   clock network delay (ideal)
                          0.00    0.00   clock reconvergence pessimism
                                  0.00 ^ _159_/CLK (sky130_fd_sc_hd__dfxtp_2)
                         -0.03   -0.03   library hold time
                                 -0.03   data required time
-----------------------------------------------------------------------------
                                 -0.03   data required time
                                 -0.44   data arrival time
-----------------------------------------------------------------------------
                                  0.48   slack (MET)


Startpoint: _184_ (rising edge-triggered flip-flop clocked by core_clock)
Endpoint: _167_ (rising edge-triggered flip-flop clocked by core_clock)
Path Group: core_clock
Path Type: min

Fanout     Cap    Slew   Delay    Time   Description
-----------------------------------------------------------------------------
                  0.00    0.00    0.00   clock core_clock (rise edge)
                          0.00    0.00   clock network delay (ideal)
                  0.00    0.00    0.00 ^ _184_/CLK (sky130_fd_sc_hd__dfxtp_2)
     4    0.01    0.08    0.33    0.33 ^ _184_/Q (sky130_fd_sc_hd__dfxtp_2)
                                         x26.A (net)
                  0.08    0.00    0.33 ^ _131_/A2 (sky130_fd_sc_hd__a21o_2)
     1    0.00    0.03    0.12    0.45 ^ _131_/X (sky130_fd_sc_hd__a21o_2)
                                         x75.S (net)
                  0.03    0.00    0.45 ^ _167_/D (sky130_fd_sc_hd__dfxtp_2)
                                  0.45   data arrival time

                  0.00    0.00    0.00   clock core_clock (rise edge)
                          0.00    0.00   clock network delay (ideal)
                          0.00    0.00   clock reconvergence pessimism
                                  0.00 ^ _167_/CLK (sky130_fd_sc_hd__dfxtp_2)
                         -0.03   -0.03   library hold time
                                 -0.03   data required time
-----------------------------------------------------------------------------
                                 -0.03   data required time
                                 -0.45   data arrival time
-----------------------------------------------------------------------------
                                  0.48   slack (MET)


Startpoint: _190_ (rising edge-triggered flip-flop clocked by core_clock)
Endpoint: _157_ (rising edge-triggered flip-flop clocked by core_clock)
Path Group: core_clock
Path Type: min

Fanout     Cap    Slew   Delay    Time   Description
-----------------------------------------------------------------------------
                  0.00    0.00    0.00   clock core_clock (rise edge)
                          0.00    0.00   clock network delay (ideal)
                  0.00    0.00    0.00 ^ _190_/CLK (sky130_fd_sc_hd__dfxtp_2)
     4    0.01    0.08    0.33    0.33 ^ _190_/Q (sky130_fd_sc_hd__dfxtp_2)
                                         x6.B (net)
                  0.08    0.00    0.33 ^ _079_/A1 (sky130_fd_sc_hd__a21o_2)
     1    0.00    0.03    0.12    0.46 ^ _079_/X (sky130_fd_sc_hd__a21o_2)
                                         x65.S (net)
                  0.03    0.00    0.46 ^ _157_/D (sky130_fd_sc_hd__dfxtp_2)
                                  0.46   data arrival time

                  0.00    0.00    0.00   clock core_clock (rise edge)
                          0.00    0.00   clock network delay (ideal)
                          0.00    0.00   clock reconvergence pessimism
                                  0.00 ^ _157_/CLK (sky130_fd_sc_hd__dfxtp_2)
                         -0.03   -0.03   library hold time
                                 -0.03   data required time
-----------------------------------------------------------------------------
                                 -0.03   data required time
                                 -0.46   data arrival time
-----------------------------------------------------------------------------
                                  0.49   slack (MET)


Startpoint: _177_ (rising edge-triggered flip-flop clocked by core_clock)
Endpoint: _160_ (rising edge-triggered flip-flop clocked by core_clock)
Path Group: core_clock
Path Type: min

Fanout     Cap    Slew   Delay    Time   Description
-----------------------------------------------------------------------------
                  0.00    0.00    0.00   clock core_clock (rise edge)
                          0.00    0.00   clock network delay (ideal)
                  0.00    0.00    0.00 ^ _177_/CLK (sky130_fd_sc_hd__dfxtp_2)
     4    0.02    0.10    0.34    0.34 ^ _177_/Q (sky130_fd_sc_hd__dfxtp_2)
                                         x12.A (net)
                  0.10    0.00    0.34 ^ _095_/A2 (sky130_fd_sc_hd__o21ai_2)
     2    0.01    0.04    0.07    0.41 v _095_/Y (sky130_fd_sc_hd__o21ai_2)
                                         _051_ (net)
                  0.04    0.00    0.41 v _096_/B1 (sky130_fd_sc_hd__o21ai_2)
     1    0.00    0.04    0.05    0.46 ^ _096_/Y (sky130_fd_sc_hd__o21ai_2)
                                         x68.S (net)
                  0.04    0.00    0.46 ^ _160_/D (sky130_fd_sc_hd__dfxtp_2)
                                  0.46   data arrival time

                  0.00    0.00    0.00   clock core_clock (rise edge)
                          0.00    0.00   clock network delay (ideal)
                          0.00    0.00   clock reconvergence pessimism
                                  0.00 ^ _160_/CLK (sky130_fd_sc_hd__dfxtp_2)
                         -0.04   -0.04   library hold time
                                 -0.04   data required time
-----------------------------------------------------------------------------
                                 -0.04   data required time
                                 -0.46   data arrival time
-----------------------------------------------------------------------------
                                  0.49   slack (MET)


Startpoint: _181_ (rising edge-triggered flip-flop clocked by core_clock)
Endpoint: _164_ (rising edge-triggered flip-flop clocked by core_clock)
Path Group: core_clock
Path Type: min

Fanout     Cap    Slew   Delay    Time   Description
-----------------------------------------------------------------------------
                  0.00    0.00    0.00   clock core_clock (rise edge)
                          0.00    0.00   clock network delay (ideal)
                  0.00    0.00    0.00 ^ _181_/CLK (sky130_fd_sc_hd__dfxtp_2)
     3    0.01    0.08    0.33    0.33 ^ _181_/Q (sky130_fd_sc_hd__dfxtp_2)
                                         x20.A (net)
                  0.08    0.00    0.33 ^ _116_/A2 (sky130_fd_sc_hd__o21ai_2)
     3    0.01    0.05    0.07    0.40 v _116_/Y (sky130_fd_sc_hd__o21ai_2)
                                         _068_ (net)
                  0.05    0.00    0.40 v _117_/B1 (sky130_fd_sc_hd__o21ai_2)
     1    0.00    0.05    0.05    0.46 ^ _117_/Y (sky130_fd_sc_hd__o21ai_2)
                                         x72.S (net)
                  0.05    0.00    0.46 ^ _164_/D (sky130_fd_sc_hd__dfxtp_2)
                                  0.46   data arrival time

                  0.00    0.00    0.00   clock core_clock (rise edge)
                          0.00    0.00   clock network delay (ideal)
                          0.00    0.00   clock reconvergence pessimism
                                  0.00 ^ _164_/CLK (sky130_fd_sc_hd__dfxtp_2)
                         -0.04   -0.04   library hold time
                                 -0.04   data required time
-----------------------------------------------------------------------------
                                 -0.04   data required time
                                 -0.46   data arrival time
-----------------------------------------------------------------------------
                                  0.49   slack (MET)


Startpoint: _204_ (rising edge-triggered flip-flop clocked by core_clock)
Endpoint: _156_ (rising edge-triggered flip-flop clocked by core_clock)
Path Group: core_clock
Path Type: min

Fanout     Cap    Slew   Delay    Time   Description
-----------------------------------------------------------------------------
                  0.00    0.00    0.00   clock core_clock (rise edge)
                          0.00    0.00   clock network delay (ideal)
                  0.00    0.00    0.00 ^ _204_/CLK (sky130_fd_sc_hd__dfxtp_2)
     5    0.03    0.14    0.37    0.37 ^ _204_/Q (sky130_fd_sc_hd__dfxtp_2)
                                         x47.c (net)
                  0.14    0.00    0.37 ^ _076_/A1 (sky130_fd_sc_hd__o21ai_2)
     1    0.00    0.03    0.08    0.45 v _076_/Y (sky130_fd_sc_hd__o21ai_2)
                                         x64.S (net)
                  0.03    0.00    0.45 v _156_/D (sky130_fd_sc_hd__dfxtp_2)
                                  0.45   data arrival time

                  0.00    0.00    0.00   clock core_clock (rise edge)
                          0.00    0.00   clock network delay (ideal)
                          0.00    0.00   clock reconvergence pessimism
                                  0.00 ^ _156_/CLK (sky130_fd_sc_hd__dfxtp_2)
                         -0.05   -0.05   library hold time
                                 -0.05   data required time
-----------------------------------------------------------------------------
                                 -0.05   data required time
                                 -0.45   data arrival time
-----------------------------------------------------------------------------
                                  0.50   slack (MET)


Startpoint: _202_ (rising edge-triggered flip-flop clocked by core_clock)
Endpoint: _169_ (rising edge-triggered flip-flop clocked by core_clock)
Path Group: core_clock
Path Type: min

Fanout     Cap    Slew   Delay    Time   Description
-----------------------------------------------------------------------------
                  0.00    0.00    0.00   clock core_clock (rise edge)
                          0.00    0.00   clock network delay (ideal)
                  0.00    0.00    0.00 ^ _202_/CLK (sky130_fd_sc_hd__dfxtp_2)
     4    0.01    0.08    0.33    0.33 ^ _202_/Q (sky130_fd_sc_hd__dfxtp_2)
                                         x30.B (net)
                  0.08    0.00    0.33 ^ _141_/A1 (sky130_fd_sc_hd__a22o_2)
     1    0.00    0.03    0.14    0.47 ^ _141_/X (sky130_fd_sc_hd__a22o_2)
                                         x77.S (net)
                  0.03    0.00    0.47 ^ _169_/D (sky130_fd_sc_hd__dfxtp_2)
                                  0.47   data arrival time

                  0.00    0.00    0.00   clock core_clock (rise edge)
                          0.00    0.00   clock network delay (ideal)
                          0.00    0.00   clock reconvergence pessimism
                                  0.00 ^ _169_/CLK (sky130_fd_sc_hd__dfxtp_2)
                         -0.03   -0.03   library hold time
                                 -0.03   data required time
-----------------------------------------------------------------------------
                                 -0.03   data required time
                                 -0.47   data arrival time
-----------------------------------------------------------------------------
                                  0.50   slack (MET)


Startpoint: _204_ (rising edge-triggered flip-flop clocked by core_clock)
Endpoint: _158_ (rising edge-triggered flip-flop clocked by core_clock)
Path Group: core_clock
Path Type: min

Fanout     Cap    Slew   Delay    Time   Description
-----------------------------------------------------------------------------
                  0.00    0.00    0.00   clock core_clock (rise edge)
                          0.00    0.00   clock network delay (ideal)
                  0.00    0.00    0.00 ^ _204_/CLK (sky130_fd_sc_hd__dfxtp_2)
     5    0.02    0.07    0.33    0.33 v _204_/Q (sky130_fd_sc_hd__dfxtp_2)
                                         x47.c (net)
                  0.07    0.00    0.33 v _087_/A1 (sky130_fd_sc_hd__o21bai_2)
     1    0.00    0.05    0.14    0.47 ^ _087_/Y (sky130_fd_sc_hd__o21bai_2)
                                         x66.S (net)
                  0.05    0.00    0.47 ^ _158_/D (sky130_fd_sc_hd__dfxtp_2)
                                  0.47   data arrival time

                  0.00    0.00    0.00   clock core_clock (rise edge)
                          0.00    0.00   clock network delay (ideal)
                          0.00    0.00   clock reconvergence pessimism
                                  0.00 ^ _158_/CLK (sky130_fd_sc_hd__dfxtp_2)
                         -0.04   -0.04   library hold time
                                 -0.04   data required time
-----------------------------------------------------------------------------
                                 -0.04   data required time
                                 -0.47   data arrival time
-----------------------------------------------------------------------------
                                  0.51   slack (MET)


Startpoint: _204_ (rising edge-triggered flip-flop clocked by core_clock)
Endpoint: _162_ (rising edge-triggered flip-flop clocked by core_clock)
Path Group: core_clock
Path Type: min

Fanout     Cap    Slew   Delay    Time   Description
-----------------------------------------------------------------------------
                  0.00    0.00    0.00   clock core_clock (rise edge)
                          0.00    0.00   clock network delay (ideal)
                  0.00    0.00    0.00 ^ _204_/CLK (sky130_fd_sc_hd__dfxtp_2)
     5    0.03    0.14    0.37    0.37 ^ _204_/Q (sky130_fd_sc_hd__dfxtp_2)
                                         x47.c (net)
                  0.14    0.00    0.37 ^ _107_/A1 (sky130_fd_sc_hd__o211ai_2)
     1    0.00    0.05    0.10    0.48 v _107_/Y (sky130_fd_sc_hd__o211ai_2)
                                         x70.S (net)
                  0.05    0.00    0.48 v _162_/D (sky130_fd_sc_hd__dfxtp_2)
                                  0.48   data arrival time

                  0.00    0.00    0.00   clock core_clock (rise edge)
                          0.00    0.00   clock network delay (ideal)
                          0.00    0.00   clock reconvergence pessimism
                                  0.00 ^ _162_/CLK (sky130_fd_sc_hd__dfxtp_2)
                         -0.06   -0.06   library hold time
                                 -0.06   data required time
-----------------------------------------------------------------------------
                                 -0.06   data required time
                                 -0.48   data arrival time
-----------------------------------------------------------------------------
                                  0.53   slack (MET)


Startpoint: _198_ (rising edge-triggered flip-flop clocked by core_clock)
Endpoint: _165_ (rising edge-triggered flip-flop clocked by core_clock)
Path Group: core_clock
Path Type: min

Fanout     Cap    Slew   Delay    Time   Description
-----------------------------------------------------------------------------
                  0.00    0.00    0.00   clock core_clock (rise edge)
                          0.00    0.00   clock network delay (ideal)
                  0.00    0.00    0.00 ^ _198_/CLK (sky130_fd_sc_hd__dfxtp_2)
     2    0.01    0.04    0.30    0.30 ^ _198_/Q (sky130_fd_sc_hd__dfxtp_2)
                                         x22.B (net)
                  0.04    0.00    0.30 ^ _120_/A (sky130_fd_sc_hd__and2_2)
     2    0.01    0.05    0.13    0.43 ^ _120_/X (sky130_fd_sc_hd__and2_2)
                                         _002_ (net)
                  0.05    0.00    0.43 ^ _121_/B1 (sky130_fd_sc_hd__a31o_2)
     1    0.00    0.03    0.09    0.52 ^ _121_/X (sky130_fd_sc_hd__a31o_2)
                                         x73.S (net)
                  0.03    0.00    0.52 ^ _165_/D (sky130_fd_sc_hd__dfxtp_2)
                                  0.52   data arrival time

                  0.00    0.00    0.00   clock core_clock (rise edge)
                          0.00    0.00   clock network delay (ideal)
                          0.00    0.00   clock reconvergence pessimism
                                  0.00 ^ _165_/CLK (sky130_fd_sc_hd__dfxtp_2)
                         -0.03   -0.03   library hold time
                                 -0.03   data required time
-----------------------------------------------------------------------------
                                 -0.03   data required time
                                 -0.52   data arrival time
-----------------------------------------------------------------------------
                                  0.55   slack (MET)


Startpoint: _201_ (rising edge-triggered flip-flop clocked by core_clock)
Endpoint: _168_ (rising edge-triggered flip-flop clocked by core_clock)
Path Group: core_clock
Path Type: min

Fanout     Cap    Slew   Delay    Time   Description
-----------------------------------------------------------------------------
                  0.00    0.00    0.00   clock core_clock (rise edge)
                          0.00    0.00   clock network delay (ideal)
                  0.00    0.00    0.00 ^ _201_/CLK (sky130_fd_sc_hd__dfxtp_2)
     4    0.02    0.09    0.34    0.34 ^ _201_/Q (sky130_fd_sc_hd__dfxtp_2)
                                         x28.B (net)
                  0.09    0.00    0.34 ^ _136_/A1 (sky130_fd_sc_hd__a21o_2)
     1    0.00    0.02    0.12    0.45 ^ _136_/X (sky130_fd_sc_hd__a21o_2)
                                         _015_ (net)
                  0.02    0.00    0.45 ^ _137_/B (sky130_fd_sc_hd__and2_2)
     1    0.00    0.04    0.12    0.57 ^ _137_/X (sky130_fd_sc_hd__and2_2)
                                         _016_ (net)
                  0.04    0.00    0.57 ^ _138_/A (sky130_fd_sc_hd__buf_1)
     1    0.00    0.04    0.07    0.65 ^ _138_/X (sky130_fd_sc_hd__buf_1)
                                         x76.S (net)
                  0.04    0.00    0.65 ^ _168_/D (sky130_fd_sc_hd__dfxtp_2)
                                  0.65   data arrival time

                  0.00    0.00    0.00   clock core_clock (rise edge)
                          0.00    0.00   clock network delay (ideal)
                          0.00    0.00   clock reconvergence pessimism
                                  0.00 ^ _168_/CLK (sky130_fd_sc_hd__dfxtp_2)
                         -0.04   -0.04   library hold time
                                 -0.04   data required time
-----------------------------------------------------------------------------
                                 -0.04   data required time
                                 -0.65   data arrival time
-----------------------------------------------------------------------------
                                  0.68   slack (MET)


Startpoint: _199_ (rising edge-triggered flip-flop clocked by core_clock)
Endpoint: _166_ (rising edge-triggered flip-flop clocked by core_clock)
Path Group: core_clock
Path Type: min

Fanout     Cap    Slew   Delay    Time   Description
-----------------------------------------------------------------------------
                  0.00    0.00    0.00   clock core_clock (rise edge)
                          0.00    0.00   clock network delay (ideal)
                  0.00    0.00    0.00 ^ _199_/CLK (sky130_fd_sc_hd__dfxtp_2)
     2    0.01    0.04    0.30    0.30 ^ _199_/Q (sky130_fd_sc_hd__dfxtp_2)
                                         x24.B (net)
                  0.04    0.00    0.30 ^ _122_/A1 (sky130_fd_sc_hd__a21o_2)
     2    0.00    0.03    0.11    0.41 ^ _122_/X (sky130_fd_sc_hd__a21o_2)
                                         _003_ (net)
                  0.03    0.00    0.41 ^ _125_/B (sky130_fd_sc_hd__or3_2)
     4    0.01    0.06    0.12    0.53 ^ _125_/X (sky130_fd_sc_hd__or3_2)
                                         _006_ (net)
                  0.06    0.00    0.53 ^ _128_/A1 (sky130_fd_sc_hd__a21bo_2)
     1    0.01    0.05    0.13    0.67 ^ _128_/X (sky130_fd_sc_hd__a21bo_2)
                                         _009_ (net)
                  0.05    0.00    0.67 ^ _129_/A (sky130_fd_sc_hd__inv_2)
     1    0.00    0.01    0.02    0.69 v _129_/Y (sky130_fd_sc_hd__inv_2)
                                         x74.S (net)
                  0.01    0.00    0.69 v _166_/D (sky130_fd_sc_hd__dfxtp_2)
                                  0.69   data arrival time

                  0.00    0.00    0.00   clock core_clock (rise edge)
                          0.00    0.00   clock network delay (ideal)
                          0.00    0.00   clock reconvergence pessimism
                                  0.00 ^ _166_/CLK (sky130_fd_sc_hd__dfxtp_2)
                         -0.04   -0.04   library hold time
                                 -0.04   data required time
-----------------------------------------------------------------------------
                                 -0.04   data required time
                                 -0.69   data arrival time
-----------------------------------------------------------------------------
                                  0.73   slack (MET)


Startpoint: _199_ (rising edge-triggered flip-flop clocked by core_clock)
Endpoint: _171_ (rising edge-triggered flip-flop clocked by core_clock)
Path Group: core_clock
Path Type: min

Fanout     Cap    Slew   Delay    Time   Description
-----------------------------------------------------------------------------
                  0.00    0.00    0.00   clock core_clock (rise edge)
                          0.00    0.00   clock network delay (ideal)
                  0.00    0.00    0.00 ^ _199_/CLK (sky130_fd_sc_hd__dfxtp_2)
     2    0.01    0.04    0.30    0.30 ^ _199_/Q (sky130_fd_sc_hd__dfxtp_2)
                                         x24.B (net)
                  0.04    0.00    0.30 ^ _122_/A1 (sky130_fd_sc_hd__a21o_2)
     2    0.00    0.03    0.11    0.41 ^ _122_/X (sky130_fd_sc_hd__a21o_2)
                                         _003_ (net)
                  0.03    0.00    0.41 ^ _125_/B (sky130_fd_sc_hd__or3_2)
     4    0.01    0.06    0.12    0.53 ^ _125_/X (sky130_fd_sc_hd__or3_2)
                                         _006_ (net)
                  0.06    0.00    0.53 ^ _148_/B (sky130_fd_sc_hd__or3_2)
     2    0.01    0.05    0.13    0.66 ^ _148_/X (sky130_fd_sc_hd__or3_2)
                                         _025_ (net)
                  0.05    0.00    0.66 ^ _152_/A2 (sky130_fd_sc_hd__o21bai_2)
     1    0.00    0.03    0.06    0.72 v _152_/Y (sky130_fd_sc_hd__o21bai_2)
                                         x58.C (net)
                  0.03    0.00    0.72 v _171_/D (sky130_fd_sc_hd__dfxtp_2)
                                  0.72   data arrival time

                  0.00    0.00    0.00   clock core_clock (rise edge)
                          0.00    0.00   clock network delay (ideal)
                          0.00    0.00   clock reconvergence pessimism
                                  0.00 ^ _171_/CLK (sky130_fd_sc_hd__dfxtp_2)
                         -0.05   -0.05   library hold time
                                 -0.05   data required time
-----------------------------------------------------------------------------
                                 -0.05   data required time
                                 -0.72   data arrival time
-----------------------------------------------------------------------------
                                  0.77   slack (MET)


Startpoint: _187_ (rising edge-triggered flip-flop clocked by core_clock)
Endpoint: _170_ (rising edge-triggered flip-flop clocked by core_clock)
Path Group: core_clock
Path Type: min

Fanout     Cap    Slew   Delay    Time   Description
-----------------------------------------------------------------------------
                  0.00    0.00    0.00   clock core_clock (rise edge)
                          0.00    0.00   clock network delay (ideal)
                  0.00    0.00    0.00 ^ _187_/CLK (sky130_fd_sc_hd__dfxtp_2)
     2    0.01    0.04    0.30    0.30 ^ _187_/Q (sky130_fd_sc_hd__dfxtp_2)
                                         x32.A (net)
                  0.04    0.00    0.30 ^ _145_/B (sky130_fd_sc_hd__or2_2)
     2    0.00    0.03    0.10    0.39 ^ _145_/X (sky130_fd_sc_hd__or2_2)
                                         _022_ (net)
                  0.03    0.00    0.39 ^ _150_/A2_N (sky130_fd_sc_hd__o2bb2a_2)
     1    0.01    0.04    0.21    0.60 v _150_/X (sky130_fd_sc_hd__o2bb2a_2)
                                         _027_ (net)
                  0.04    0.00    0.60 v _151_/C1 (sky130_fd_sc_hd__o211ai_2)
     2    0.00    0.05    0.05    0.65 ^ _151_/Y (sky130_fd_sc_hd__o211ai_2)
                                         _028_ (net)
                  0.05    0.00    0.65 ^ _153_/A1 (sky130_fd_sc_hd__mux2_2)
     1    0.00    0.04    0.13    0.79 ^ _153_/X (sky130_fd_sc_hd__mux2_2)
                                         _029_ (net)
                  0.04    0.00    0.79 ^ _154_/A (sky130_fd_sc_hd__buf_1)
     1    0.00    0.04    0.07    0.86 ^ _154_/X (sky130_fd_sc_hd__buf_1)
                                         x78.S (net)
                  0.04    0.00    0.86 ^ _170_/D (sky130_fd_sc_hd__dfxtp_2)
                                  0.86   data arrival time

                  0.00    0.00    0.00   clock core_clock (rise edge)
                          0.00    0.00   clock network delay (ideal)
                          0.00    0.00   clock reconvergence pessimism
                                  0.00 ^ _170_/CLK (sky130_fd_sc_hd__dfxtp_2)
                         -0.04   -0.04   library hold time
                                 -0.04   data required time
-----------------------------------------------------------------------------
                                 -0.04   data required time
                                 -0.86   data arrival time
-----------------------------------------------------------------------------
                                  0.90   slack (MET)



worst slack corner Typical: 0.4577
