
===========================================================================
report_checks -unconstrained
===========================================================================
======================= Typical Corner ===================================

Startpoint: _176_ (rising edge-triggered flip-flop clocked by core_clock)
Endpoint: _168_ (rising edge-triggered flip-flop clocked by core_clock)
Path Group: core_clock
Path Type: max

Fanout     Cap    Slew   Delay    Time   Description
-----------------------------------------------------------------------------
                  0.00    0.00    0.00   clock core_clock (rise edge)
                          0.00    0.00   clock network delay (ideal)
                  0.00    0.00    0.00 ^ _176_/CLK (sky130_fd_sc_hd__dfxtp_2)
     4    0.01    0.04    0.31    0.31 v _176_/Q (sky130_fd_sc_hd__dfxtp_2)
                                         x10.A (net)
                  0.04    0.00    0.31 v _092_/A2 (sky130_fd_sc_hd__a22o_2)
     4    0.01    0.06    0.27    0.58 v _092_/X (sky130_fd_sc_hd__a22o_2)
                                         _048_ (net)
                  0.06    0.00    0.58 v _101_/A (sky130_fd_sc_hd__or4b_2)
     3    0.01    0.11    0.69    1.27 v _101_/X (sky130_fd_sc_hd__or4b_2)
                                         _055_ (net)
                  0.11    0.00    1.27 v _108_/D (sky130_fd_sc_hd__or4_2)
     2    0.01    0.12    0.58    1.85 v _108_/X (sky130_fd_sc_hd__or4_2)
                                         _061_ (net)
                  0.12    0.00    1.85 v _127_/A3 (sky130_fd_sc_hd__a31o_2)
     3    0.01    0.05    0.29    2.14 v _127_/X (sky130_fd_sc_hd__a31o_2)
                                         _008_ (net)
                  0.05    0.00    2.14 v _135_/A2 (sky130_fd_sc_hd__a21o_2)
     2    0.00    0.04    0.21    2.35 v _135_/X (sky130_fd_sc_hd__a21o_2)
                                         _014_ (net)
                  0.04    0.00    2.35 v _137_/A (sky130_fd_sc_hd__and2_2)
     1    0.00    0.04    0.16    2.51 v _137_/X (sky130_fd_sc_hd__and2_2)
                                         _016_ (net)
                  0.04    0.00    2.51 v _138_/A (sky130_fd_sc_hd__buf_1)
     1    0.00    0.02    0.08    2.59 v _138_/X (sky130_fd_sc_hd__buf_1)
                                         x76.S (net)
                  0.02    0.00    2.59 v _168_/D (sky130_fd_sc_hd__dfxtp_2)
                                  2.59   data arrival time

                  0.00    2.67    2.67   clock core_clock (rise edge)
                          0.00    2.67   clock network delay (ideal)
                          0.00    2.67   clock reconvergence pessimism
                                  2.67 ^ _168_/CLK (sky130_fd_sc_hd__dfxtp_2)
                         -0.11    2.56   library setup time
                                  2.56   data required time
-----------------------------------------------------------------------------
                                  2.56   data required time
                                 -2.59   data arrival time
-----------------------------------------------------------------------------
                                 -0.04   slack (VIOLATED)




===========================================================================
report_checks --slack_max -0.01
============================================================================
======================= Typical Corner ===================================

Startpoint: _176_ (rising edge-triggered flip-flop clocked by core_clock)
Endpoint: _168_ (rising edge-triggered flip-flop clocked by core_clock)
Path Group: core_clock
Path Type: max

Fanout     Cap    Slew   Delay    Time   Description
-----------------------------------------------------------------------------
                  0.00    0.00    0.00   clock core_clock (rise edge)
                          0.00    0.00   clock network delay (ideal)
                  0.00    0.00    0.00 ^ _176_/CLK (sky130_fd_sc_hd__dfxtp_2)
     4    0.01    0.04    0.31    0.31 v _176_/Q (sky130_fd_sc_hd__dfxtp_2)
                                         x10.A (net)
                  0.04    0.00    0.31 v _092_/A2 (sky130_fd_sc_hd__a22o_2)
     4    0.01    0.06    0.27    0.58 v _092_/X (sky130_fd_sc_hd__a22o_2)
                                         _048_ (net)
                  0.06    0.00    0.58 v _101_/A (sky130_fd_sc_hd__or4b_2)
     3    0.01    0.11    0.69    1.27 v _101_/X (sky130_fd_sc_hd__or4b_2)
                                         _055_ (net)
                  0.11    0.00    1.27 v _108_/D (sky130_fd_sc_hd__or4_2)
     2    0.01    0.12    0.58    1.85 v _108_/X (sky130_fd_sc_hd__or4_2)
                                         _061_ (net)
                  0.12    0.00    1.85 v _127_/A3 (sky130_fd_sc_hd__a31o_2)
     3    0.01    0.05    0.29    2.14 v _127_/X (sky130_fd_sc_hd__a31o_2)
                                         _008_ (net)
                  0.05    0.00    2.14 v _135_/A2 (sky130_fd_sc_hd__a21o_2)
     2    0.00    0.04    0.21    2.35 v _135_/X (sky130_fd_sc_hd__a21o_2)
                                         _014_ (net)
                  0.04    0.00    2.35 v _137_/A (sky130_fd_sc_hd__and2_2)
     1    0.00    0.04    0.16    2.51 v _137_/X (sky130_fd_sc_hd__and2_2)
                                         _016_ (net)
                  0.04    0.00    2.51 v _138_/A (sky130_fd_sc_hd__buf_1)
     1    0.00    0.02    0.08    2.59 v _138_/X (sky130_fd_sc_hd__buf_1)
                                         x76.S (net)
                  0.02    0.00    2.59 v _168_/D (sky130_fd_sc_hd__dfxtp_2)
                                  2.59   data arrival time

                  0.00    2.67    2.67   clock core_clock (rise edge)
                          0.00    2.67   clock network delay (ideal)
                          0.00    2.67   clock reconvergence pessimism
                                  2.67 ^ _168_/CLK (sky130_fd_sc_hd__dfxtp_2)
                         -0.11    2.56   library setup time
                                  2.56   data required time
-----------------------------------------------------------------------------
                                  2.56   data required time
                                 -2.59   data arrival time
-----------------------------------------------------------------------------
                                 -0.04   slack (VIOLATED)




===========================================================================
 report_check_types -max_slew -max_cap -max_fanout -violators
============================================================================
======================= Typical Corner ===================================


max slew violations count Typical: 0
max fanout violations count Typical: 0
max cap violations count Typical: 0

===========================================================================
report_parasitic_annotation -report_unannotated
============================================================================
Found 1 unannotated drivers.
 clk
Found 0 partially unannotated drivers.

===========================================================================
max slew violation count 0
max fanout violation count 0
max cap violation count 0
============================================================================

===========================================================================
check_setup -verbose -unconstrained_endpoints -multiple_clock -no_clock -no_input_delay -loops -generated_clocks
===========================================================================
Warning: There are 33 input ports missing set_input_delay.
  a1
  a10
  a11
  a12
  a13
  a14
  a15
  a16
  a2
  a3
  a4
  a5
  a6
  a7
  a8
  a9
  b1
  b10
  b11
  b12
  b13
  b14
  b15
  b16
  b2
  b3
  b4
  b5
  b6
  b7
  b8
  b9
  cin
Warning: There are 50 unconstrained endpoints.
  cout
  s1
  s10
  s11
  s12
  s13
  s14
  s15
  s16
  s2
  s3
  s4
  s5
  s6
  s7
  s8
  s9
  _172_/D
  _173_/D
  _174_/D
  _175_/D
  _176_/D
  _177_/D
  _178_/D
  _179_/D
  _180_/D
  _181_/D
  _182_/D
  _183_/D
  _184_/D
  _185_/D
  _186_/D
  _187_/D
  _188_/D
  _189_/D
  _190_/D
  _191_/D
  _192_/D
  _193_/D
  _194_/D
  _195_/D
  _196_/D
  _197_/D
  _198_/D
  _199_/D
  _200_/D
  _201_/D
  _202_/D
  _203_/D
  _204_/D
