OpenROAD b16bda7e82721d10566ff7e2b68f1ff0be9f9e38 
Features included (+) or not (-): +Charts +GPU +GUI +Python
This program is licensed under the BSD-3 license. See the LICENSE file for details.
Components of this program may be licensed under more restrictive licenses which must be honored.
define_corners Typical
read_liberty -corner Typical /volare/sky130A/libs.ref/sky130_fd_sc_hd/lib/sky130_fd_sc_hd__tt_025C_1v80.lib
Using 1e-12 for capacitance...
Using 1e+03 for resistance...
Using 1e-09 for time...
Using 1e+00 for voltage...
Using 1e-03 for current...
Using 1e-09 for power...
Using 1e-06 for distance...
[INFO]: Reading ODB at '/openlane/designs/adder/runs/auto_pnr/results/floorplan/adder.odb'…
Reading design constraints file at '/openlane/designs/adder/src/adder.sdc'…
[WARNING STA-0361] net 'net5' not found.
[WARNING STA-0361] net 'net10' not found.
[WARNING STA-0361] net 'net15' not found.
[WARNING STA-0472] no valid objects specified for -through
[WARNING STA-0472] no valid objects specified for -through
[WARNING STA-0472] no valid objects specified for -through
[INFO]: Setting RC values...
[INFO]: Setting signal min routing layer to: met1 and clock min routing layer to met3. 
[INFO]: Setting signal max routing layer to: met5 and clock max routing layer to met5. 
[INFO GPL-0002] DBU: 1000
[INFO GPL-0003] SiteSize: (  0.460  2.720 ) um
[INFO GPL-0004] CoreBBox: (  5.520 10.880 ) ( 69.460 73.440 ) um
[INFO GPL-0006] NumInstances:               223
[INFO GPL-0007] NumPlaceInstances:          127
[INFO GPL-0008] NumFixedInstances:           96
[INFO GPL-0009] NumDummyInstances:            0
[INFO GPL-0010] NumNets:                    161
[INFO GPL-0011] NumPins:                    451
[INFO GPL-0012] DieBBox:  (  0.000  0.000 ) ( 75.180 85.900 ) um
[INFO GPL-0013] CoreBBox: (  5.520 10.880 ) ( 69.460 73.440 ) um
[INFO GPL-0016] CoreArea:              4000.086 um^2
[INFO GPL-0017] NonPlaceInstsArea:      235.226 um^2
[INFO GPL-0018] PlaceInstsArea:        2056.973 um^2
[INFO GPL-0019] Util:                    54.636 %
[INFO GPL-0020] StdInstsArea:          2056.973 um^2
[INFO GPL-0021] MacroInstsArea:           0.000 um^2
[InitialPlace]  Iter: 1 CG residual: 0.00000011 HPWL: 4785220
[InitialPlace]  Iter: 2 CG residual: 0.00000009 HPWL: 4144656
[InitialPlace]  Iter: 3 CG residual: 0.00000011 HPWL: 4068198
[InitialPlace]  Iter: 4 CG residual: 0.00000012 HPWL: 4040702
[InitialPlace]  Iter: 5 CG residual: 0.00000011 HPWL: 4030647
[INFO GPL-0031] FillerInit:NumGCells:       139
[INFO GPL-0032] FillerInit:NumGNets:        161
[INFO GPL-0033] FillerInit:NumGPins:        451
[INFO GPL-0023] TargetDensity:            0.600
[INFO GPL-0024] AvrgPlaceInstArea:       16.197 um^2
[INFO GPL-0025] IdealBinArea:            26.994 um^2
[INFO GPL-0026] IdealBinCnt:                148
[INFO GPL-0027] TotalBinArea:          4000.086 um^2
[INFO GPL-0028] BinCnt:         8      8
[INFO GPL-0029] BinSize: (  7.993  7.820 )
[INFO GPL-0030] NumBins: 64
[NesterovSolve] Iter:    1 overflow: 0.295 HPWL: 2889303
[INFO GPL-0100] worst slack -3.47e-10
[INFO GPL-0103] Weighted 0 nets.
[NesterovSolve] Snapshot saved at iter = 0
[NesterovSolve] Iter:   10 overflow: 0.334 HPWL: 3034150
[NesterovSolve] Iter:   20 overflow: 0.322 HPWL: 3077011
[NesterovSolve] Iter:   30 overflow: 0.320 HPWL: 3064497
[NesterovSolve] Iter:   40 overflow: 0.322 HPWL: 3058353
[NesterovSolve] Iter:   50 overflow: 0.324 HPWL: 3063551
[NesterovSolve] Iter:   60 overflow: 0.322 HPWL: 3064576
[NesterovSolve] Iter:   70 overflow: 0.322 HPWL: 3061439
[NesterovSolve] Iter:   80 overflow: 0.323 HPWL: 3061714
[NesterovSolve] Iter:   90 overflow: 0.323 HPWL: 3064290
[NesterovSolve] Iter:  100 overflow: 0.322 HPWL: 3062621
[NesterovSolve] Iter:  110 overflow: 0.322 HPWL: 3060379
[NesterovSolve] Iter:  120 overflow: 0.322 HPWL: 3061720
[NesterovSolve] Iter:  130 overflow: 0.322 HPWL: 3062275
[NesterovSolve] Iter:  140 overflow: 0.321 HPWL: 3060410
[NesterovSolve] Iter:  150 overflow: 0.321 HPWL: 3059040
[NesterovSolve] Iter:  160 overflow: 0.321 HPWL: 3059231
[NesterovSolve] Iter:  170 overflow: 0.320 HPWL: 3057334
[NesterovSolve] Iter:  180 overflow: 0.319 HPWL: 3053926
[NesterovSolve] Iter:  190 overflow: 0.317 HPWL: 3050391
[NesterovSolve] Iter:  200 overflow: 0.311 HPWL: 3040285
[NesterovSolve] Iter:  210 overflow: 0.300 HPWL: 3022803
[NesterovSolve] Iter:  220 overflow: 0.286 HPWL: 3002211
[INFO GPL-0100] worst slack -3.9e-10
[INFO GPL-0103] Weighted 10 nets.
[NesterovSolve] Iter:  230 overflow: 0.275 HPWL: 2989705
[NesterovSolve] Iter:  240 overflow: 0.250 HPWL: 2968470
[NesterovSolve] Iter:  250 overflow: 0.223 HPWL: 2948954
[NesterovSolve] Iter:  260 overflow: 0.203 HPWL: 2942029
[INFO GPL-0100] worst slack -3.61e-10
[INFO GPL-0103] Weighted 7 nets.
[INFO GPL-0075] Routability numCall: 1 inflationIterCnt: 1 bloatIterCnt: 0
[INFO GPL-0036] TileBBox: (    0    0 ) ( 6900 6900 ) DBU
[INFO GPL-0038] TileCnt:      10   12
[INFO GPL-0039] numRoutingLayers: 6
[INFO GPL-0040] NumTiles: 120
[INFO GPL-0063] TotalRouteOverflowH2: 0
[INFO GPL-0064] TotalRouteOverflowV2: 0
[INFO GPL-0065] OverflowTileCnt2: 0
[INFO GPL-0066] 0.5%RC: 0.9750
[INFO GPL-0067] 1.0%RC: 0.9625
[INFO GPL-0068] 2.0%RC: 0.9357
[INFO GPL-0069] 5.0%RC: 0.8813
[INFO GPL-0070] 0.5rcK: 1
[INFO GPL-0071] 1.0rcK: 1
[INFO GPL-0072] 2.0rcK: 0
[INFO GPL-0073] 5.0rcK: 0
[INFO GPL-0074] FinalRC: 0.9688
[INFO GPL-0077] FinalRC lower than targetRC(1), routability not needed.
[NesterovSolve] Iter:  270 overflow: 0.184 HPWL: 2940082
[NesterovSolve] Iter:  280 overflow: 0.166 HPWL: 2953131
[INFO GPL-0100] worst slack -3.61e-10
[INFO GPL-0103] Weighted 12 nets.
[NesterovSolve] Iter:  290 overflow: 0.140 HPWL: 2946106
[NesterovSolve] Iter:  300 overflow: 0.122 HPWL: 2951950
[NesterovSolve] Iter:  310 overflow: 0.109 HPWL: 2950803
[NesterovSolve] Finished with Overflow: 0.098212
Setting global connections for newly added cells…
Writing OpenROAD database to '/openlane/designs/adder/runs/auto_pnr/tmp/placement/7-global.odb'…
Writing netlist to '/openlane/designs/adder/runs/auto_pnr/tmp/placement/7-global.nl.v'…
Writing powered netlist to '/openlane/designs/adder/runs/auto_pnr/tmp/placement/7-global.pnl.v'…
Writing layout to '/openlane/designs/adder/runs/auto_pnr/tmp/placement/7-global.def'…
