
===========================================================================
 report_power
============================================================================
======================= Fastest Corner ===================================

Group                  Internal  Switching    Leakage      Total
                          Power      Power      Power      Power (Watts)
----------------------------------------------------------------
Sequential             9.68e-04   4.20e-05   7.26e-10   1.01e-03  49.1%
Combinational          1.04e-04   8.84e-05   5.58e-10   1.92e-04   9.3%
Clock                  5.24e-04   3.31e-04   8.58e-10   8.55e-04  41.6%
Macro                  0.00e+00   0.00e+00   0.00e+00   0.00e+00   0.0%
Pad                    0.00e+00   0.00e+00   0.00e+00   0.00e+00   0.0%
----------------------------------------------------------------
Total                  1.60e-03   4.61e-04   2.14e-09   2.06e-03 100.0%
                          77.6%      22.4%       0.0%

======================= Slowest Corner ===================================

Group                  Internal  Switching    Leakage      Total
                          Power      Power      Power      Power (Watts)
----------------------------------------------------------------
Sequential             6.49e-04   2.77e-05   7.32e-07   6.77e-04  48.3%
Combinational          7.74e-05   5.83e-05   6.45e-07   1.36e-04   9.7%
Clock                  3.77e-04   2.12e-04   1.34e-07   5.89e-04  42.0%
Macro                  0.00e+00   0.00e+00   0.00e+00   0.00e+00   0.0%
Pad                    0.00e+00   0.00e+00   0.00e+00   0.00e+00   0.0%
----------------------------------------------------------------
Total                  1.10e-03   2.98e-04   1.51e-06   1.40e-03 100.0%
                          78.7%      21.2%       0.1%

======================= Typical Corner ===================================

Group                  Internal  Switching    Leakage      Total
                          Power      Power      Power      Power (Watts)
----------------------------------------------------------------
Sequential             8.35e-04   3.54e-05   4.22e-10   8.70e-04  49.0%
Combinational          9.45e-05   7.46e-05   3.76e-10   1.69e-04   9.5%
Clock                  4.58e-04   2.78e-04   5.08e-10   7.36e-04  41.5%
Macro                  0.00e+00   0.00e+00   0.00e+00   0.00e+00   0.0%
Pad                    0.00e+00   0.00e+00   0.00e+00   0.00e+00   0.0%
----------------------------------------------------------------
Total                  1.39e-03   3.88e-04   1.30e-09   1.78e-03 100.0%
                          78.2%      21.8%       0.0%

