
===========================================================================
report_checks -unconstrained
===========================================================================
======================= Fastest Corner ===================================

Startpoint: _169_ (rising edge-triggered flip-flop clocked by core_clock)
Endpoint: _185_ (rising edge-triggered flip-flop clocked by core_clock)
Path Group: core_clock
Path Type: max
Corner: Fastest

Fanout     Cap    Slew   Delay    Time   Description
-----------------------------------------------------------------------------
                          0.00    0.00   clock core_clock (rise edge)
                          0.00    0.00   clock source latency
     1    0.02    0.00    0.00    0.00 ^ clk (in)
                                         clk (net)
                  0.00    0.00    0.00 ^ clkbuf_0_clk/A (sky130_fd_sc_hd__clkbuf_16)
     4    0.04    0.05    0.09    0.09 ^ clkbuf_0_clk/X (sky130_fd_sc_hd__clkbuf_16)
                                         clknet_0_clk (net)
                  0.05    0.00    0.09 ^ clkbuf_2_1__f_clk/A (sky130_fd_sc_hd__clkbuf_16)
    15    0.04    0.05    0.10    0.19 ^ clkbuf_2_1__f_clk/X (sky130_fd_sc_hd__clkbuf_16)
                                         clknet_2_1__leaf_clk (net)
                  0.05    0.00    0.19 ^ _169_/CLK (sky130_fd_sc_hd__dfxtp_1)
     2    0.01    0.03    0.20    0.39 v _169_/Q (sky130_fd_sc_hd__dfxtp_1)
                                         x1.cin (net)
                  0.03    0.00    0.39 v _062_/A (sky130_fd_sc_hd__or2_4)
     2    0.01    0.03    0.15    0.54 v _062_/X (sky130_fd_sc_hd__or2_4)
                                         _014_ (net)
                  0.03    0.00    0.54 v _064_/A2 (sky130_fd_sc_hd__a21bo_1)
     2    0.01    0.04    0.13    0.68 v _064_/X (sky130_fd_sc_hd__a21bo_1)
                                         _016_ (net)
                  0.04    0.00    0.68 v _066_/B (sky130_fd_sc_hd__xor2_1)
     2    0.00    0.05    0.09    0.77 v _066_/X (sky130_fd_sc_hd__xor2_1)
                                         _018_ (net)
                  0.05    0.00    0.77 v _067_/A (sky130_fd_sc_hd__nand2_1)
     3    0.01    0.07    0.07    0.84 ^ _067_/Y (sky130_fd_sc_hd__nand2_1)
                                         _019_ (net)
                  0.07    0.00    0.84 ^ _068_/B (sky130_fd_sc_hd__nand3b_1)
     2    0.00    0.04    0.05    0.90 v _068_/Y (sky130_fd_sc_hd__nand3b_1)
                                         _020_ (net)
                  0.04    0.00    0.90 v _070_/A2 (sky130_fd_sc_hd__a21o_1)
     2    0.01    0.04    0.13    1.03 v _070_/X (sky130_fd_sc_hd__a21o_1)
                                         _022_ (net)
                  0.04    0.00    1.03 v _071_/B (sky130_fd_sc_hd__xor2_1)
     2    0.01    0.05    0.10    1.13 v _071_/X (sky130_fd_sc_hd__xor2_1)
                                         _023_ (net)
                  0.05    0.00    1.13 v _078_/A1 (sky130_fd_sc_hd__a21o_1)
     2    0.00    0.03    0.11    1.24 v _078_/X (sky130_fd_sc_hd__a21o_1)
                                         _030_ (net)
                  0.03    0.00    1.24 v _080_/A1 (sky130_fd_sc_hd__a21o_1)
     2    0.01    0.04    0.11    1.36 v _080_/X (sky130_fd_sc_hd__a21o_1)
                                         _032_ (net)
                  0.04    0.00    1.36 v _082_/A2 (sky130_fd_sc_hd__a21oi_2)
     2    0.01    0.10    0.12    1.47 ^ _082_/Y (sky130_fd_sc_hd__a21oi_2)
                                         _034_ (net)
                  0.10    0.00    1.47 ^ _083_/B (sky130_fd_sc_hd__xnor2_1)
     2    0.01    0.06    0.07    1.55 v _083_/Y (sky130_fd_sc_hd__xnor2_1)
                                         _035_ (net)
                  0.06    0.00    1.55 v _085_/A2 (sky130_fd_sc_hd__a21oi_2)
     2    0.02    0.15    0.16    1.71 ^ _085_/Y (sky130_fd_sc_hd__a21oi_2)
                                         _037_ (net)
                  0.15    0.00    1.71 ^ _087_/A_N (sky130_fd_sc_hd__and2b_1)
     1    0.00    0.03    0.12    1.84 v _087_/X (sky130_fd_sc_hd__and2b_1)
                                         _039_ (net)
                  0.03    0.00    1.84 v _088_/B1 (sky130_fd_sc_hd__a21oi_2)
     2    0.01    0.10    0.07    1.90 ^ _088_/Y (sky130_fd_sc_hd__a21oi_2)
                                         _040_ (net)
                  0.10    0.00    1.90 ^ _090_/A_N (sky130_fd_sc_hd__and2b_1)
     1    0.00    0.03    0.12    2.02 v _090_/X (sky130_fd_sc_hd__and2b_1)
                                         _042_ (net)
                  0.03    0.00    2.02 v _091_/B1 (sky130_fd_sc_hd__a21o_1)
     2    0.01    0.05    0.10    2.12 v _091_/X (sky130_fd_sc_hd__a21o_1)
                                         _043_ (net)
                  0.05    0.00    2.12 v _092_/B (sky130_fd_sc_hd__xnor2_2)
     2    0.01    0.04    0.09    2.21 v _092_/Y (sky130_fd_sc_hd__xnor2_2)
                                         _044_ (net)
                  0.04    0.00    2.21 v _094_/A2 (sky130_fd_sc_hd__o21a_1)
     2    0.01    0.05    0.13    2.34 v _094_/X (sky130_fd_sc_hd__o21a_1)
                                         _046_ (net)
                  0.05    0.00    2.34 v _095_/B (sky130_fd_sc_hd__xnor2_2)
     2    0.01    0.13    0.13    2.47 ^ _095_/Y (sky130_fd_sc_hd__xnor2_2)
                                         _047_ (net)
                  0.13    0.00    2.47 ^ _097_/A1 (sky130_fd_sc_hd__a21oi_2)
     2    0.01    0.05    0.05    2.52 v _097_/Y (sky130_fd_sc_hd__a21oi_2)
                                         _049_ (net)
                  0.05    0.00    2.52 v _098_/A (sky130_fd_sc_hd__xnor2_1)
     2    0.01    0.17    0.17    2.69 ^ _098_/Y (sky130_fd_sc_hd__xnor2_1)
                                         _050_ (net)
                  0.17    0.00    2.69 ^ _100_/A2 (sky130_fd_sc_hd__a21oi_2)
     2    0.01    0.05    0.05    2.74 v _100_/Y (sky130_fd_sc_hd__a21oi_2)
                                         _052_ (net)
                  0.05    0.00    2.74 v _101_/B (sky130_fd_sc_hd__xnor2_1)
     2    0.01    0.06    0.11    2.85 v _101_/Y (sky130_fd_sc_hd__xnor2_1)
                                         _053_ (net)
                  0.06    0.00    2.85 v _103_/A2 (sky130_fd_sc_hd__a21o_1)
     2    0.01    0.05    0.15    2.99 v _103_/X (sky130_fd_sc_hd__a21o_1)
                                         _055_ (net)
                  0.05    0.00    2.99 v _104_/B (sky130_fd_sc_hd__xnor2_2)
     2    0.01    0.04    0.09    3.08 v _104_/Y (sky130_fd_sc_hd__xnor2_2)
                                         _056_ (net)
                  0.04    0.00    3.08 v _106_/A2 (sky130_fd_sc_hd__o21a_1)
     2    0.01    0.06    0.14    3.22 v _106_/X (sky130_fd_sc_hd__o21a_1)
                                         _058_ (net)
                  0.06    0.00    3.22 v _107_/B (sky130_fd_sc_hd__xnor2_2)
     2    0.01    0.14    0.13    3.36 ^ _107_/Y (sky130_fd_sc_hd__xnor2_2)
                                         _059_ (net)
                  0.14    0.00    3.36 ^ _109_/A1 (sky130_fd_sc_hd__a21oi_2)
     2    0.01    0.05    0.04    3.40 v _109_/Y (sky130_fd_sc_hd__a21oi_2)
                                         _001_ (net)
                  0.05    0.00    3.40 v _110_/B (sky130_fd_sc_hd__xnor2_1)
     2    0.01    0.20    0.18    3.58 ^ _110_/Y (sky130_fd_sc_hd__xnor2_1)
                                         _002_ (net)
                  0.20    0.00    3.58 ^ _112_/A2 (sky130_fd_sc_hd__a21oi_2)
     2    0.01    0.05    0.05    3.64 v _112_/Y (sky130_fd_sc_hd__a21oi_2)
                                         _004_ (net)
                  0.05    0.00    3.64 v _113_/B (sky130_fd_sc_hd__xnor2_1)
     2    0.01    0.15    0.15    3.78 ^ _113_/Y (sky130_fd_sc_hd__xnor2_1)
                                         _005_ (net)
                  0.15    0.00    3.78 ^ _135_/B (sky130_fd_sc_hd__xor2_1)
     1    0.01    0.14    0.13    3.92 ^ _135_/X (sky130_fd_sc_hd__xor2_1)
                                         x19.sum (net)
                  0.14    0.00    3.92 ^ _185_/D (sky130_fd_sc_hd__dfxtp_1)
                                  3.92   data arrival time

                          5.65    5.65   clock core_clock (rise edge)
                          0.00    5.65   clock source latency
     1    0.02    0.00    0.00    5.65 ^ clk (in)
                                         clk (net)
                  0.00    0.00    5.65 ^ clkbuf_0_clk/A (sky130_fd_sc_hd__clkbuf_16)
     4    0.04    0.05    0.09    5.74 ^ clkbuf_0_clk/X (sky130_fd_sc_hd__clkbuf_16)
                                         clknet_0_clk (net)
                  0.05    0.00    5.74 ^ clkbuf_2_1__f_clk/A (sky130_fd_sc_hd__clkbuf_16)
    15    0.04    0.05    0.10    5.84 ^ clkbuf_2_1__f_clk/X (sky130_fd_sc_hd__clkbuf_16)
                                         clknet_2_1__leaf_clk (net)
                  0.05    0.00    5.84 ^ _185_/CLK (sky130_fd_sc_hd__dfxtp_1)
                          0.00    5.84   clock reconvergence pessimism
                         -0.04    5.81   library setup time
                                  5.81   data required time
-----------------------------------------------------------------------------
                                  5.81   data required time
                                 -3.92   data arrival time
-----------------------------------------------------------------------------
                                  1.89   slack (MET)



======================= Slowest Corner ===================================

Startpoint: _169_ (rising edge-triggered flip-flop clocked by core_clock)
Endpoint: _186_ (rising edge-triggered flip-flop clocked by core_clock)
Path Group: core_clock
Path Type: max
Corner: Slowest

Fanout     Cap    Slew   Delay    Time   Description
-----------------------------------------------------------------------------
                          0.00    0.00   clock core_clock (rise edge)
                          0.00    0.00   clock source latency
     1    0.02    0.00    0.00    0.00 ^ clk (in)
                                         clk (net)
                  0.00    0.00    0.00 ^ clkbuf_0_clk/A (sky130_fd_sc_hd__clkbuf_16)
     4    0.04    0.10    0.22    0.22 ^ clkbuf_0_clk/X (sky130_fd_sc_hd__clkbuf_16)
                                         clknet_0_clk (net)
                  0.10    0.00    0.22 ^ clkbuf_2_1__f_clk/A (sky130_fd_sc_hd__clkbuf_16)
    15    0.04    0.09    0.26    0.48 ^ clkbuf_2_1__f_clk/X (sky130_fd_sc_hd__clkbuf_16)
                                         clknet_2_1__leaf_clk (net)
                  0.09    0.00    0.49 ^ _169_/CLK (sky130_fd_sc_hd__dfxtp_1)
     2    0.01    0.07    0.61    1.09 v _169_/Q (sky130_fd_sc_hd__dfxtp_1)
                                         x1.cin (net)
                  0.07    0.00    1.09 v _062_/A (sky130_fd_sc_hd__or2_4)
     2    0.01    0.09    0.48    1.57 v _062_/X (sky130_fd_sc_hd__or2_4)
                                         _014_ (net)
                  0.09    0.00    1.57 v _064_/A2 (sky130_fd_sc_hd__a21bo_1)
     2    0.01    0.10    0.38    1.95 v _064_/X (sky130_fd_sc_hd__a21bo_1)
                                         _016_ (net)
                  0.10    0.00    1.95 v _066_/B (sky130_fd_sc_hd__xor2_1)
     2    0.00    0.13    0.29    2.24 v _066_/X (sky130_fd_sc_hd__xor2_1)
                                         _018_ (net)
                  0.13    0.00    2.24 v _067_/A (sky130_fd_sc_hd__nand2_1)
     3    0.01    0.14    0.17    2.41 ^ _067_/Y (sky130_fd_sc_hd__nand2_1)
                                         _019_ (net)
                  0.14    0.00    2.41 ^ _068_/B (sky130_fd_sc_hd__nand3b_1)
     2    0.00    0.17    0.22    2.63 v _068_/Y (sky130_fd_sc_hd__nand3b_1)
                                         _020_ (net)
                  0.17    0.00    2.63 v _070_/A2 (sky130_fd_sc_hd__a21o_1)
     2    0.01    0.11    0.41    3.04 v _070_/X (sky130_fd_sc_hd__a21o_1)
                                         _022_ (net)
                  0.11    0.00    3.04 v _071_/B (sky130_fd_sc_hd__xor2_1)
     2    0.01    0.16    0.32    3.36 v _071_/X (sky130_fd_sc_hd__xor2_1)
                                         _023_ (net)
                  0.16    0.00    3.36 v _078_/A1 (sky130_fd_sc_hd__a21o_1)
     2    0.00    0.07    0.34    3.70 v _078_/X (sky130_fd_sc_hd__a21o_1)
                                         _030_ (net)
                  0.07    0.00    3.70 v _080_/A1 (sky130_fd_sc_hd__a21o_1)
     2    0.01    0.11    0.34    4.03 v _080_/X (sky130_fd_sc_hd__a21o_1)
                                         _032_ (net)
                  0.11    0.00    4.03 v _082_/A2 (sky130_fd_sc_hd__a21oi_2)
     2    0.01    0.21    0.29    4.32 ^ _082_/Y (sky130_fd_sc_hd__a21oi_2)
                                         _034_ (net)
                  0.21    0.00    4.32 ^ _084_/A_N (sky130_fd_sc_hd__and2b_1)
     1    0.01    0.09    0.44    4.76 v _084_/X (sky130_fd_sc_hd__and2b_1)
                                         _036_ (net)
                  0.09    0.00    4.76 v _085_/B1 (sky130_fd_sc_hd__a21oi_2)
     2    0.02    0.33    0.32    5.08 ^ _085_/Y (sky130_fd_sc_hd__a21oi_2)
                                         _037_ (net)
                  0.33    0.00    5.08 ^ _087_/A_N (sky130_fd_sc_hd__and2b_1)
     1    0.00    0.08    0.47    5.55 v _087_/X (sky130_fd_sc_hd__and2b_1)
                                         _039_ (net)
                  0.08    0.00    5.55 v _088_/B1 (sky130_fd_sc_hd__a21oi_2)
     2    0.01    0.21    0.23    5.78 ^ _088_/Y (sky130_fd_sc_hd__a21oi_2)
                                         _040_ (net)
                  0.21    0.00    5.78 ^ _090_/A_N (sky130_fd_sc_hd__and2b_1)
     1    0.00    0.08    0.43    6.21 v _090_/X (sky130_fd_sc_hd__and2b_1)
                                         _042_ (net)
                  0.08    0.00    6.21 v _091_/B1 (sky130_fd_sc_hd__a21o_1)
     2    0.01    0.14    0.37    6.57 v _091_/X (sky130_fd_sc_hd__a21o_1)
                                         _043_ (net)
                  0.14    0.00    6.57 v _092_/B (sky130_fd_sc_hd__xnor2_2)
     2    0.01    0.20    0.24    6.82 ^ _092_/Y (sky130_fd_sc_hd__xnor2_2)
                                         _044_ (net)
                  0.20    0.00    6.82 ^ _094_/A2 (sky130_fd_sc_hd__o21a_1)
     2    0.01    0.20    0.35    7.17 ^ _094_/X (sky130_fd_sc_hd__o21a_1)
                                         _046_ (net)
                  0.20    0.00    7.17 ^ _096_/A_N (sky130_fd_sc_hd__and2b_1)
     1    0.01    0.09    0.44    7.60 v _096_/X (sky130_fd_sc_hd__and2b_1)
                                         _048_ (net)
                  0.09    0.00    7.60 v _097_/B1 (sky130_fd_sc_hd__a21oi_2)
     2    0.01    0.22    0.24    7.84 ^ _097_/Y (sky130_fd_sc_hd__a21oi_2)
                                         _049_ (net)
                  0.22    0.00    7.84 ^ _099_/A_N (sky130_fd_sc_hd__and2b_1)
     1    0.00    0.08    0.44    8.27 v _099_/X (sky130_fd_sc_hd__and2b_1)
                                         _051_ (net)
                  0.08    0.00    8.27 v _100_/B1 (sky130_fd_sc_hd__a21oi_2)
     2    0.01    0.23    0.24    8.52 ^ _100_/Y (sky130_fd_sc_hd__a21oi_2)
                                         _052_ (net)
                  0.23    0.00    8.52 ^ _102_/A_N (sky130_fd_sc_hd__and2b_1)
     1    0.00    0.07    0.42    8.94 v _102_/X (sky130_fd_sc_hd__and2b_1)
                                         _054_ (net)
                  0.07    0.00    8.94 v _103_/B1 (sky130_fd_sc_hd__a21o_1)
     2    0.01    0.13    0.34    9.28 v _103_/X (sky130_fd_sc_hd__a21o_1)
                                         _055_ (net)
                  0.13    0.00    9.28 v _104_/B (sky130_fd_sc_hd__xnor2_2)
     2    0.01    0.20    0.24    9.52 ^ _104_/Y (sky130_fd_sc_hd__xnor2_2)
                                         _056_ (net)
                  0.20    0.00    9.52 ^ _106_/A2 (sky130_fd_sc_hd__o21a_1)
     2    0.01    0.23    0.38    9.89 ^ _106_/X (sky130_fd_sc_hd__o21a_1)
                                         _058_ (net)
                  0.23    0.00    9.90 ^ _108_/A_N (sky130_fd_sc_hd__and2b_1)
     1    0.01    0.09    0.45   10.35 v _108_/X (sky130_fd_sc_hd__and2b_1)
                                         _000_ (net)
                  0.09    0.00   10.35 v _109_/B1 (sky130_fd_sc_hd__a21oi_2)
     2    0.01    0.20    0.22   10.57 ^ _109_/Y (sky130_fd_sc_hd__a21oi_2)
                                         _001_ (net)
                  0.20    0.00   10.57 ^ _111_/A_N (sky130_fd_sc_hd__and2b_1)
     1    0.01    0.09    0.44   11.01 v _111_/X (sky130_fd_sc_hd__and2b_1)
                                         _003_ (net)
                  0.09    0.00   11.01 v _112_/B1 (sky130_fd_sc_hd__a21oi_2)
     2    0.01    0.22    0.23   11.25 ^ _112_/Y (sky130_fd_sc_hd__a21oi_2)
                                         _004_ (net)
                  0.22    0.00   11.25 ^ _114_/A_N (sky130_fd_sc_hd__and2b_1)
     1    0.00    0.07    0.42   11.67 v _114_/X (sky130_fd_sc_hd__and2b_1)
                                         _006_ (net)
                  0.07    0.00   11.67 v _115_/B1 (sky130_fd_sc_hd__a21o_1)
     1    0.01    0.09    0.31   11.98 v _115_/X (sky130_fd_sc_hd__a21o_1)
                                         x20.out (net)
                  0.09    0.00   11.98 v _186_/D (sky130_fd_sc_hd__dfxtp_1)
                                 11.98   data arrival time

                          5.65    5.65   clock core_clock (rise edge)
                          0.00    5.65   clock source latency
     1    0.02    0.00    0.00    5.65 ^ clk (in)
                                         clk (net)
                  0.00    0.00    5.65 ^ clkbuf_0_clk/A (sky130_fd_sc_hd__clkbuf_16)
     4    0.04    0.10    0.22    5.87 ^ clkbuf_0_clk/X (sky130_fd_sc_hd__clkbuf_16)
                                         clknet_0_clk (net)
                  0.10    0.00    5.87 ^ clkbuf_2_1__f_clk/A (sky130_fd_sc_hd__clkbuf_16)
    15    0.04    0.09    0.26    6.13 ^ clkbuf_2_1__f_clk/X (sky130_fd_sc_hd__clkbuf_16)
                                         clknet_2_1__leaf_clk (net)
                  0.09    0.00    6.14 ^ _186_/CLK (sky130_fd_sc_hd__dfxtp_1)
                          0.00    6.14   clock reconvergence pessimism
                         -0.27    5.86   library setup time
                                  5.86   data required time
-----------------------------------------------------------------------------
                                  5.86   data required time
                                -11.98   data arrival time
-----------------------------------------------------------------------------
                                 -6.11   slack (VIOLATED)



======================= Typical Corner ===================================

Startpoint: _137_ (rising edge-triggered flip-flop clocked by core_clock)
Endpoint: _185_ (rising edge-triggered flip-flop clocked by core_clock)
Path Group: core_clock
Path Type: max
Corner: Typical

Fanout     Cap    Slew   Delay    Time   Description
-----------------------------------------------------------------------------
                          0.00    0.00   clock core_clock (rise edge)
                          0.00    0.00   clock source latency
     1    0.02    0.00    0.00    0.00 ^ clk (in)
                                         clk (net)
                  0.00    0.00    0.00 ^ clkbuf_0_clk/A (sky130_fd_sc_hd__clkbuf_16)
     4    0.04    0.06    0.13    0.13 ^ clkbuf_0_clk/X (sky130_fd_sc_hd__clkbuf_16)
                                         clknet_0_clk (net)
                  0.06    0.00    0.13 ^ clkbuf_2_1__f_clk/A (sky130_fd_sc_hd__clkbuf_16)
    15    0.04    0.06    0.15    0.28 ^ clkbuf_2_1__f_clk/X (sky130_fd_sc_hd__clkbuf_16)
                                         clknet_2_1__leaf_clk (net)
                  0.06    0.00    0.28 ^ _137_/CLK (sky130_fd_sc_hd__dfxtp_2)
     3    0.01    0.04    0.33    0.61 v _137_/Q (sky130_fd_sc_hd__dfxtp_2)
                                         x1.a (net)
                  0.04    0.00    0.61 v _062_/B (sky130_fd_sc_hd__or2_4)
     2    0.01    0.05    0.23    0.83 v _062_/X (sky130_fd_sc_hd__or2_4)
                                         _014_ (net)
                  0.05    0.00    0.83 v _064_/A2 (sky130_fd_sc_hd__a21bo_1)
     2    0.01    0.05    0.21    1.04 v _064_/X (sky130_fd_sc_hd__a21bo_1)
                                         _016_ (net)
                  0.05    0.00    1.04 v _066_/B (sky130_fd_sc_hd__xor2_1)
     2    0.00    0.06    0.15    1.19 v _066_/X (sky130_fd_sc_hd__xor2_1)
                                         _018_ (net)
                  0.06    0.00    1.19 v _067_/A (sky130_fd_sc_hd__nand2_1)
     3    0.01    0.09    0.10    1.29 ^ _067_/Y (sky130_fd_sc_hd__nand2_1)
                                         _019_ (net)
                  0.09    0.00    1.29 ^ _068_/B (sky130_fd_sc_hd__nand3b_1)
     2    0.00    0.07    0.09    1.38 v _068_/Y (sky130_fd_sc_hd__nand3b_1)
                                         _020_ (net)
                  0.07    0.00    1.38 v _070_/A2 (sky130_fd_sc_hd__a21o_1)
     2    0.01    0.06    0.21    1.59 v _070_/X (sky130_fd_sc_hd__a21o_1)
                                         _022_ (net)
                  0.06    0.00    1.59 v _071_/B (sky130_fd_sc_hd__xor2_1)
     2    0.01    0.08    0.16    1.75 v _071_/X (sky130_fd_sc_hd__xor2_1)
                                         _023_ (net)
                  0.08    0.00    1.75 v _078_/A1 (sky130_fd_sc_hd__a21o_1)
     2    0.00    0.04    0.17    1.92 v _078_/X (sky130_fd_sc_hd__a21o_1)
                                         _030_ (net)
                  0.04    0.00    1.92 v _080_/A1 (sky130_fd_sc_hd__a21o_1)
     2    0.01    0.06    0.18    2.10 v _080_/X (sky130_fd_sc_hd__a21o_1)
                                         _032_ (net)
                  0.06    0.00    2.10 v _082_/A2 (sky130_fd_sc_hd__a21oi_2)
     2    0.01    0.13    0.17    2.27 ^ _082_/Y (sky130_fd_sc_hd__a21oi_2)
                                         _034_ (net)
                  0.13    0.00    2.27 ^ _084_/A_N (sky130_fd_sc_hd__and2b_1)
     1    0.01    0.04    0.20    2.47 v _084_/X (sky130_fd_sc_hd__and2b_1)
                                         _036_ (net)
                  0.04    0.00    2.47 v _085_/B1 (sky130_fd_sc_hd__a21oi_2)
     2    0.02    0.21    0.19    2.66 ^ _085_/Y (sky130_fd_sc_hd__a21oi_2)
                                         _037_ (net)
                  0.21    0.00    2.66 ^ _087_/A_N (sky130_fd_sc_hd__and2b_1)
     1    0.00    0.04    0.22    2.88 v _087_/X (sky130_fd_sc_hd__and2b_1)
                                         _039_ (net)
                  0.04    0.00    2.88 v _088_/B1 (sky130_fd_sc_hd__a21oi_2)
     2    0.01    0.13    0.13    3.01 ^ _088_/Y (sky130_fd_sc_hd__a21oi_2)
                                         _040_ (net)
                  0.13    0.00    3.01 ^ _090_/A_N (sky130_fd_sc_hd__and2b_1)
     1    0.00    0.04    0.20    3.21 v _090_/X (sky130_fd_sc_hd__and2b_1)
                                         _042_ (net)
                  0.04    0.00    3.21 v _091_/B1 (sky130_fd_sc_hd__a21o_1)
     2    0.01    0.08    0.19    3.40 v _091_/X (sky130_fd_sc_hd__a21o_1)
                                         _043_ (net)
                  0.08    0.00    3.40 v _092_/B (sky130_fd_sc_hd__xnor2_2)
     2    0.01    0.13    0.14    3.55 ^ _092_/Y (sky130_fd_sc_hd__xnor2_2)
                                         _044_ (net)
                  0.13    0.00    3.55 ^ _094_/A2 (sky130_fd_sc_hd__o21a_1)
     2    0.01    0.12    0.18    3.73 ^ _094_/X (sky130_fd_sc_hd__o21a_1)
                                         _046_ (net)
                  0.12    0.00    3.73 ^ _096_/A_N (sky130_fd_sc_hd__and2b_1)
     1    0.01    0.05    0.20    3.93 v _096_/X (sky130_fd_sc_hd__and2b_1)
                                         _048_ (net)
                  0.05    0.00    3.93 v _097_/B1 (sky130_fd_sc_hd__a21oi_2)
     2    0.01    0.14    0.14    4.07 ^ _097_/Y (sky130_fd_sc_hd__a21oi_2)
                                         _049_ (net)
                  0.14    0.00    4.07 ^ _099_/A_N (sky130_fd_sc_hd__and2b_1)
     1    0.00    0.04    0.20    4.27 v _099_/X (sky130_fd_sc_hd__and2b_1)
                                         _051_ (net)
                  0.04    0.00    4.27 v _100_/B1 (sky130_fd_sc_hd__a21oi_2)
     2    0.01    0.14    0.14    4.41 ^ _100_/Y (sky130_fd_sc_hd__a21oi_2)
                                         _052_ (net)
                  0.14    0.00    4.41 ^ _102_/A_N (sky130_fd_sc_hd__and2b_1)
     1    0.00    0.03    0.19    4.61 v _102_/X (sky130_fd_sc_hd__and2b_1)
                                         _054_ (net)
                  0.03    0.00    4.61 v _103_/B1 (sky130_fd_sc_hd__a21o_1)
     2    0.01    0.07    0.18    4.79 v _103_/X (sky130_fd_sc_hd__a21o_1)
                                         _055_ (net)
                  0.07    0.00    4.79 v _104_/B (sky130_fd_sc_hd__xnor2_2)
     2    0.01    0.05    0.14    4.93 v _104_/Y (sky130_fd_sc_hd__xnor2_2)
                                         _056_ (net)
                  0.05    0.00    4.93 v _106_/A2 (sky130_fd_sc_hd__o21a_1)
     2    0.01    0.08    0.22    5.14 v _106_/X (sky130_fd_sc_hd__o21a_1)
                                         _058_ (net)
                  0.08    0.00    5.14 v _107_/B (sky130_fd_sc_hd__xnor2_2)
     2    0.01    0.18    0.19    5.33 ^ _107_/Y (sky130_fd_sc_hd__xnor2_2)
                                         _059_ (net)
                  0.18    0.00    5.33 ^ _109_/A1 (sky130_fd_sc_hd__a21oi_2)
     2    0.01    0.06    0.09    5.42 v _109_/Y (sky130_fd_sc_hd__a21oi_2)
                                         _001_ (net)
                  0.06    0.00    5.42 v _110_/B (sky130_fd_sc_hd__xnor2_1)
     2    0.01    0.29    0.27    5.69 ^ _110_/Y (sky130_fd_sc_hd__xnor2_1)
                                         _002_ (net)
                  0.29    0.00    5.69 ^ _112_/A2 (sky130_fd_sc_hd__a21oi_2)
     2    0.01    0.07    0.11    5.80 v _112_/Y (sky130_fd_sc_hd__a21oi_2)
                                         _004_ (net)
                  0.07    0.00    5.80 v _113_/B (sky130_fd_sc_hd__xnor2_1)
     2    0.01    0.21    0.21    6.02 ^ _113_/Y (sky130_fd_sc_hd__xnor2_1)
                                         _005_ (net)
                  0.21    0.00    6.02 ^ _135_/B (sky130_fd_sc_hd__xor2_1)
     1    0.01    0.19    0.22    6.24 ^ _135_/X (sky130_fd_sc_hd__xor2_1)
                                         x19.sum (net)
                  0.19    0.00    6.24 ^ _185_/D (sky130_fd_sc_hd__dfxtp_1)
                                  6.24   data arrival time

                          5.65    5.65   clock core_clock (rise edge)
                          0.00    5.65   clock source latency
     1    0.02    0.00    0.00    5.65 ^ clk (in)
                                         clk (net)
                  0.00    0.00    5.65 ^ clkbuf_0_clk/A (sky130_fd_sc_hd__clkbuf_16)
     4    0.04    0.06    0.13    5.78 ^ clkbuf_0_clk/X (sky130_fd_sc_hd__clkbuf_16)
                                         clknet_0_clk (net)
                  0.06    0.00    5.78 ^ clkbuf_2_1__f_clk/A (sky130_fd_sc_hd__clkbuf_16)
    15    0.04    0.06    0.15    5.93 ^ clkbuf_2_1__f_clk/X (sky130_fd_sc_hd__clkbuf_16)
                                         clknet_2_1__leaf_clk (net)
                  0.06    0.00    5.93 ^ _185_/CLK (sky130_fd_sc_hd__dfxtp_1)
                          0.00    5.93   clock reconvergence pessimism
                         -0.08    5.84   library setup time
                                  5.84   data required time
-----------------------------------------------------------------------------
                                  5.84   data required time
                                 -6.24   data arrival time
-----------------------------------------------------------------------------
                                 -0.40   slack (VIOLATED)




===========================================================================
report_checks --slack_max -0.01
============================================================================
======================= Fastest Corner ===================================

No paths found.

======================= Slowest Corner ===================================

Startpoint: _169_ (rising edge-triggered flip-flop clocked by core_clock)
Endpoint: _186_ (rising edge-triggered flip-flop clocked by core_clock)
Path Group: core_clock
Path Type: max
Corner: Slowest

Fanout     Cap    Slew   Delay    Time   Description
-----------------------------------------------------------------------------
                          0.00    0.00   clock core_clock (rise edge)
                          0.00    0.00   clock source latency
     1    0.02    0.00    0.00    0.00 ^ clk (in)
                                         clk (net)
                  0.00    0.00    0.00 ^ clkbuf_0_clk/A (sky130_fd_sc_hd__clkbuf_16)
     4    0.04    0.10    0.22    0.22 ^ clkbuf_0_clk/X (sky130_fd_sc_hd__clkbuf_16)
                                         clknet_0_clk (net)
                  0.10    0.00    0.22 ^ clkbuf_2_1__f_clk/A (sky130_fd_sc_hd__clkbuf_16)
    15    0.04    0.09    0.26    0.48 ^ clkbuf_2_1__f_clk/X (sky130_fd_sc_hd__clkbuf_16)
                                         clknet_2_1__leaf_clk (net)
                  0.09    0.00    0.49 ^ _169_/CLK (sky130_fd_sc_hd__dfxtp_1)
     2    0.01    0.07    0.61    1.09 v _169_/Q (sky130_fd_sc_hd__dfxtp_1)
                                         x1.cin (net)
                  0.07    0.00    1.09 v _062_/A (sky130_fd_sc_hd__or2_4)
     2    0.01    0.09    0.48    1.57 v _062_/X (sky130_fd_sc_hd__or2_4)
                                         _014_ (net)
                  0.09    0.00    1.57 v _064_/A2 (sky130_fd_sc_hd__a21bo_1)
     2    0.01    0.10    0.38    1.95 v _064_/X (sky130_fd_sc_hd__a21bo_1)
                                         _016_ (net)
                  0.10    0.00    1.95 v _066_/B (sky130_fd_sc_hd__xor2_1)
     2    0.00    0.13    0.29    2.24 v _066_/X (sky130_fd_sc_hd__xor2_1)
                                         _018_ (net)
                  0.13    0.00    2.24 v _067_/A (sky130_fd_sc_hd__nand2_1)
     3    0.01    0.14    0.17    2.41 ^ _067_/Y (sky130_fd_sc_hd__nand2_1)
                                         _019_ (net)
                  0.14    0.00    2.41 ^ _068_/B (sky130_fd_sc_hd__nand3b_1)
     2    0.00    0.17    0.22    2.63 v _068_/Y (sky130_fd_sc_hd__nand3b_1)
                                         _020_ (net)
                  0.17    0.00    2.63 v _070_/A2 (sky130_fd_sc_hd__a21o_1)
     2    0.01    0.11    0.41    3.04 v _070_/X (sky130_fd_sc_hd__a21o_1)
                                         _022_ (net)
                  0.11    0.00    3.04 v _071_/B (sky130_fd_sc_hd__xor2_1)
     2    0.01    0.16    0.32    3.36 v _071_/X (sky130_fd_sc_hd__xor2_1)
                                         _023_ (net)
                  0.16    0.00    3.36 v _078_/A1 (sky130_fd_sc_hd__a21o_1)
     2    0.00    0.07    0.34    3.70 v _078_/X (sky130_fd_sc_hd__a21o_1)
                                         _030_ (net)
                  0.07    0.00    3.70 v _080_/A1 (sky130_fd_sc_hd__a21o_1)
     2    0.01    0.11    0.34    4.03 v _080_/X (sky130_fd_sc_hd__a21o_1)
                                         _032_ (net)
                  0.11    0.00    4.03 v _082_/A2 (sky130_fd_sc_hd__a21oi_2)
     2    0.01    0.21    0.29    4.32 ^ _082_/Y (sky130_fd_sc_hd__a21oi_2)
                                         _034_ (net)
                  0.21    0.00    4.32 ^ _084_/A_N (sky130_fd_sc_hd__and2b_1)
     1    0.01    0.09    0.44    4.76 v _084_/X (sky130_fd_sc_hd__and2b_1)
                                         _036_ (net)
                  0.09    0.00    4.76 v _085_/B1 (sky130_fd_sc_hd__a21oi_2)
     2    0.02    0.33    0.32    5.08 ^ _085_/Y (sky130_fd_sc_hd__a21oi_2)
                                         _037_ (net)
                  0.33    0.00    5.08 ^ _087_/A_N (sky130_fd_sc_hd__and2b_1)
     1    0.00    0.08    0.47    5.55 v _087_/X (sky130_fd_sc_hd__and2b_1)
                                         _039_ (net)
                  0.08    0.00    5.55 v _088_/B1 (sky130_fd_sc_hd__a21oi_2)
     2    0.01    0.21    0.23    5.78 ^ _088_/Y (sky130_fd_sc_hd__a21oi_2)
                                         _040_ (net)
                  0.21    0.00    5.78 ^ _090_/A_N (sky130_fd_sc_hd__and2b_1)
     1    0.00    0.08    0.43    6.21 v _090_/X (sky130_fd_sc_hd__and2b_1)
                                         _042_ (net)
                  0.08    0.00    6.21 v _091_/B1 (sky130_fd_sc_hd__a21o_1)
     2    0.01    0.14    0.37    6.57 v _091_/X (sky130_fd_sc_hd__a21o_1)
                                         _043_ (net)
                  0.14    0.00    6.57 v _092_/B (sky130_fd_sc_hd__xnor2_2)
     2    0.01    0.20    0.24    6.82 ^ _092_/Y (sky130_fd_sc_hd__xnor2_2)
                                         _044_ (net)
                  0.20    0.00    6.82 ^ _094_/A2 (sky130_fd_sc_hd__o21a_1)
     2    0.01    0.20    0.35    7.17 ^ _094_/X (sky130_fd_sc_hd__o21a_1)
                                         _046_ (net)
                  0.20    0.00    7.17 ^ _096_/A_N (sky130_fd_sc_hd__and2b_1)
     1    0.01    0.09    0.44    7.60 v _096_/X (sky130_fd_sc_hd__and2b_1)
                                         _048_ (net)
                  0.09    0.00    7.60 v _097_/B1 (sky130_fd_sc_hd__a21oi_2)
     2    0.01    0.22    0.24    7.84 ^ _097_/Y (sky130_fd_sc_hd__a21oi_2)
                                         _049_ (net)
                  0.22    0.00    7.84 ^ _099_/A_N (sky130_fd_sc_hd__and2b_1)
     1    0.00    0.08    0.44    8.27 v _099_/X (sky130_fd_sc_hd__and2b_1)
                                         _051_ (net)
                  0.08    0.00    8.27 v _100_/B1 (sky130_fd_sc_hd__a21oi_2)
     2    0.01    0.23    0.24    8.52 ^ _100_/Y (sky130_fd_sc_hd__a21oi_2)
                                         _052_ (net)
                  0.23    0.00    8.52 ^ _102_/A_N (sky130_fd_sc_hd__and2b_1)
     1    0.00    0.07    0.42    8.94 v _102_/X (sky130_fd_sc_hd__and2b_1)
                                         _054_ (net)
                  0.07    0.00    8.94 v _103_/B1 (sky130_fd_sc_hd__a21o_1)
     2    0.01    0.13    0.34    9.28 v _103_/X (sky130_fd_sc_hd__a21o_1)
                                         _055_ (net)
                  0.13    0.00    9.28 v _104_/B (sky130_fd_sc_hd__xnor2_2)
     2    0.01    0.20    0.24    9.52 ^ _104_/Y (sky130_fd_sc_hd__xnor2_2)
                                         _056_ (net)
                  0.20    0.00    9.52 ^ _106_/A2 (sky130_fd_sc_hd__o21a_1)
     2    0.01    0.23    0.38    9.89 ^ _106_/X (sky130_fd_sc_hd__o21a_1)
                                         _058_ (net)
                  0.23    0.00    9.90 ^ _108_/A_N (sky130_fd_sc_hd__and2b_1)
     1    0.01    0.09    0.45   10.35 v _108_/X (sky130_fd_sc_hd__and2b_1)
                                         _000_ (net)
                  0.09    0.00   10.35 v _109_/B1 (sky130_fd_sc_hd__a21oi_2)
     2    0.01    0.20    0.22   10.57 ^ _109_/Y (sky130_fd_sc_hd__a21oi_2)
                                         _001_ (net)
                  0.20    0.00   10.57 ^ _111_/A_N (sky130_fd_sc_hd__and2b_1)
     1    0.01    0.09    0.44   11.01 v _111_/X (sky130_fd_sc_hd__and2b_1)
                                         _003_ (net)
                  0.09    0.00   11.01 v _112_/B1 (sky130_fd_sc_hd__a21oi_2)
     2    0.01    0.22    0.23   11.25 ^ _112_/Y (sky130_fd_sc_hd__a21oi_2)
                                         _004_ (net)
                  0.22    0.00   11.25 ^ _114_/A_N (sky130_fd_sc_hd__and2b_1)
     1    0.00    0.07    0.42   11.67 v _114_/X (sky130_fd_sc_hd__and2b_1)
                                         _006_ (net)
                  0.07    0.00   11.67 v _115_/B1 (sky130_fd_sc_hd__a21o_1)
     1    0.01    0.09    0.31   11.98 v _115_/X (sky130_fd_sc_hd__a21o_1)
                                         x20.out (net)
                  0.09    0.00   11.98 v _186_/D (sky130_fd_sc_hd__dfxtp_1)
                                 11.98   data arrival time

                          5.65    5.65   clock core_clock (rise edge)
                          0.00    5.65   clock source latency
     1    0.02    0.00    0.00    5.65 ^ clk (in)
                                         clk (net)
                  0.00    0.00    5.65 ^ clkbuf_0_clk/A (sky130_fd_sc_hd__clkbuf_16)
     4    0.04    0.10    0.22    5.87 ^ clkbuf_0_clk/X (sky130_fd_sc_hd__clkbuf_16)
                                         clknet_0_clk (net)
                  0.10    0.00    5.87 ^ clkbuf_2_1__f_clk/A (sky130_fd_sc_hd__clkbuf_16)
    15    0.04    0.09    0.26    6.13 ^ clkbuf_2_1__f_clk/X (sky130_fd_sc_hd__clkbuf_16)
                                         clknet_2_1__leaf_clk (net)
                  0.09    0.00    6.14 ^ _186_/CLK (sky130_fd_sc_hd__dfxtp_1)
                          0.00    6.14   clock reconvergence pessimism
                         -0.27    5.86   library setup time
                                  5.86   data required time
-----------------------------------------------------------------------------
                                  5.86   data required time
                                -11.98   data arrival time
-----------------------------------------------------------------------------
                                 -6.11   slack (VIOLATED)



======================= Typical Corner ===================================

Startpoint: _137_ (rising edge-triggered flip-flop clocked by core_clock)
Endpoint: _185_ (rising edge-triggered flip-flop clocked by core_clock)
Path Group: core_clock
Path Type: max
Corner: Typical

Fanout     Cap    Slew   Delay    Time   Description
-----------------------------------------------------------------------------
                          0.00    0.00   clock core_clock (rise edge)
                          0.00    0.00   clock source latency
     1    0.02    0.00    0.00    0.00 ^ clk (in)
                                         clk (net)
                  0.00    0.00    0.00 ^ clkbuf_0_clk/A (sky130_fd_sc_hd__clkbuf_16)
     4    0.04    0.06    0.13    0.13 ^ clkbuf_0_clk/X (sky130_fd_sc_hd__clkbuf_16)
                                         clknet_0_clk (net)
                  0.06    0.00    0.13 ^ clkbuf_2_1__f_clk/A (sky130_fd_sc_hd__clkbuf_16)
    15    0.04    0.06    0.15    0.28 ^ clkbuf_2_1__f_clk/X (sky130_fd_sc_hd__clkbuf_16)
                                         clknet_2_1__leaf_clk (net)
                  0.06    0.00    0.28 ^ _137_/CLK (sky130_fd_sc_hd__dfxtp_2)
     3    0.01    0.04    0.33    0.61 v _137_/Q (sky130_fd_sc_hd__dfxtp_2)
                                         x1.a (net)
                  0.04    0.00    0.61 v _062_/B (sky130_fd_sc_hd__or2_4)
     2    0.01    0.05    0.23    0.83 v _062_/X (sky130_fd_sc_hd__or2_4)
                                         _014_ (net)
                  0.05    0.00    0.83 v _064_/A2 (sky130_fd_sc_hd__a21bo_1)
     2    0.01    0.05    0.21    1.04 v _064_/X (sky130_fd_sc_hd__a21bo_1)
                                         _016_ (net)
                  0.05    0.00    1.04 v _066_/B (sky130_fd_sc_hd__xor2_1)
     2    0.00    0.06    0.15    1.19 v _066_/X (sky130_fd_sc_hd__xor2_1)
                                         _018_ (net)
                  0.06    0.00    1.19 v _067_/A (sky130_fd_sc_hd__nand2_1)
     3    0.01    0.09    0.10    1.29 ^ _067_/Y (sky130_fd_sc_hd__nand2_1)
                                         _019_ (net)
                  0.09    0.00    1.29 ^ _068_/B (sky130_fd_sc_hd__nand3b_1)
     2    0.00    0.07    0.09    1.38 v _068_/Y (sky130_fd_sc_hd__nand3b_1)
                                         _020_ (net)
                  0.07    0.00    1.38 v _070_/A2 (sky130_fd_sc_hd__a21o_1)
     2    0.01    0.06    0.21    1.59 v _070_/X (sky130_fd_sc_hd__a21o_1)
                                         _022_ (net)
                  0.06    0.00    1.59 v _071_/B (sky130_fd_sc_hd__xor2_1)
     2    0.01    0.08    0.16    1.75 v _071_/X (sky130_fd_sc_hd__xor2_1)
                                         _023_ (net)
                  0.08    0.00    1.75 v _078_/A1 (sky130_fd_sc_hd__a21o_1)
     2    0.00    0.04    0.17    1.92 v _078_/X (sky130_fd_sc_hd__a21o_1)
                                         _030_ (net)
                  0.04    0.00    1.92 v _080_/A1 (sky130_fd_sc_hd__a21o_1)
     2    0.01    0.06    0.18    2.10 v _080_/X (sky130_fd_sc_hd__a21o_1)
                                         _032_ (net)
                  0.06    0.00    2.10 v _082_/A2 (sky130_fd_sc_hd__a21oi_2)
     2    0.01    0.13    0.17    2.27 ^ _082_/Y (sky130_fd_sc_hd__a21oi_2)
                                         _034_ (net)
                  0.13    0.00    2.27 ^ _084_/A_N (sky130_fd_sc_hd__and2b_1)
     1    0.01    0.04    0.20    2.47 v _084_/X (sky130_fd_sc_hd__and2b_1)
                                         _036_ (net)
                  0.04    0.00    2.47 v _085_/B1 (sky130_fd_sc_hd__a21oi_2)
     2    0.02    0.21    0.19    2.66 ^ _085_/Y (sky130_fd_sc_hd__a21oi_2)
                                         _037_ (net)
                  0.21    0.00    2.66 ^ _087_/A_N (sky130_fd_sc_hd__and2b_1)
     1    0.00    0.04    0.22    2.88 v _087_/X (sky130_fd_sc_hd__and2b_1)
                                         _039_ (net)
                  0.04    0.00    2.88 v _088_/B1 (sky130_fd_sc_hd__a21oi_2)
     2    0.01    0.13    0.13    3.01 ^ _088_/Y (sky130_fd_sc_hd__a21oi_2)
                                         _040_ (net)
                  0.13    0.00    3.01 ^ _090_/A_N (sky130_fd_sc_hd__and2b_1)
     1    0.00    0.04    0.20    3.21 v _090_/X (sky130_fd_sc_hd__and2b_1)
                                         _042_ (net)
                  0.04    0.00    3.21 v _091_/B1 (sky130_fd_sc_hd__a21o_1)
     2    0.01    0.08    0.19    3.40 v _091_/X (sky130_fd_sc_hd__a21o_1)
                                         _043_ (net)
                  0.08    0.00    3.40 v _092_/B (sky130_fd_sc_hd__xnor2_2)
     2    0.01    0.13    0.14    3.55 ^ _092_/Y (sky130_fd_sc_hd__xnor2_2)
                                         _044_ (net)
                  0.13    0.00    3.55 ^ _094_/A2 (sky130_fd_sc_hd__o21a_1)
     2    0.01    0.12    0.18    3.73 ^ _094_/X (sky130_fd_sc_hd__o21a_1)
                                         _046_ (net)
                  0.12    0.00    3.73 ^ _096_/A_N (sky130_fd_sc_hd__and2b_1)
     1    0.01    0.05    0.20    3.93 v _096_/X (sky130_fd_sc_hd__and2b_1)
                                         _048_ (net)
                  0.05    0.00    3.93 v _097_/B1 (sky130_fd_sc_hd__a21oi_2)
     2    0.01    0.14    0.14    4.07 ^ _097_/Y (sky130_fd_sc_hd__a21oi_2)
                                         _049_ (net)
                  0.14    0.00    4.07 ^ _099_/A_N (sky130_fd_sc_hd__and2b_1)
     1    0.00    0.04    0.20    4.27 v _099_/X (sky130_fd_sc_hd__and2b_1)
                                         _051_ (net)
                  0.04    0.00    4.27 v _100_/B1 (sky130_fd_sc_hd__a21oi_2)
     2    0.01    0.14    0.14    4.41 ^ _100_/Y (sky130_fd_sc_hd__a21oi_2)
                                         _052_ (net)
                  0.14    0.00    4.41 ^ _102_/A_N (sky130_fd_sc_hd__and2b_1)
     1    0.00    0.03    0.19    4.61 v _102_/X (sky130_fd_sc_hd__and2b_1)
                                         _054_ (net)
                  0.03    0.00    4.61 v _103_/B1 (sky130_fd_sc_hd__a21o_1)
     2    0.01    0.07    0.18    4.79 v _103_/X (sky130_fd_sc_hd__a21o_1)
                                         _055_ (net)
                  0.07    0.00    4.79 v _104_/B (sky130_fd_sc_hd__xnor2_2)
     2    0.01    0.05    0.14    4.93 v _104_/Y (sky130_fd_sc_hd__xnor2_2)
                                         _056_ (net)
                  0.05    0.00    4.93 v _106_/A2 (sky130_fd_sc_hd__o21a_1)
     2    0.01    0.08    0.22    5.14 v _106_/X (sky130_fd_sc_hd__o21a_1)
                                         _058_ (net)
                  0.08    0.00    5.14 v _107_/B (sky130_fd_sc_hd__xnor2_2)
     2    0.01    0.18    0.19    5.33 ^ _107_/Y (sky130_fd_sc_hd__xnor2_2)
                                         _059_ (net)
                  0.18    0.00    5.33 ^ _109_/A1 (sky130_fd_sc_hd__a21oi_2)
     2    0.01    0.06    0.09    5.42 v _109_/Y (sky130_fd_sc_hd__a21oi_2)
                                         _001_ (net)
                  0.06    0.00    5.42 v _110_/B (sky130_fd_sc_hd__xnor2_1)
     2    0.01    0.29    0.27    5.69 ^ _110_/Y (sky130_fd_sc_hd__xnor2_1)
                                         _002_ (net)
                  0.29    0.00    5.69 ^ _112_/A2 (sky130_fd_sc_hd__a21oi_2)
     2    0.01    0.07    0.11    5.80 v _112_/Y (sky130_fd_sc_hd__a21oi_2)
                                         _004_ (net)
                  0.07    0.00    5.80 v _113_/B (sky130_fd_sc_hd__xnor2_1)
     2    0.01    0.21    0.21    6.02 ^ _113_/Y (sky130_fd_sc_hd__xnor2_1)
                                         _005_ (net)
                  0.21    0.00    6.02 ^ _135_/B (sky130_fd_sc_hd__xor2_1)
     1    0.01    0.19    0.22    6.24 ^ _135_/X (sky130_fd_sc_hd__xor2_1)
                                         x19.sum (net)
                  0.19    0.00    6.24 ^ _185_/D (sky130_fd_sc_hd__dfxtp_1)
                                  6.24   data arrival time

                          5.65    5.65   clock core_clock (rise edge)
                          0.00    5.65   clock source latency
     1    0.02    0.00    0.00    5.65 ^ clk (in)
                                         clk (net)
                  0.00    0.00    5.65 ^ clkbuf_0_clk/A (sky130_fd_sc_hd__clkbuf_16)
     4    0.04    0.06    0.13    5.78 ^ clkbuf_0_clk/X (sky130_fd_sc_hd__clkbuf_16)
                                         clknet_0_clk (net)
                  0.06    0.00    5.78 ^ clkbuf_2_1__f_clk/A (sky130_fd_sc_hd__clkbuf_16)
    15    0.04    0.06    0.15    5.93 ^ clkbuf_2_1__f_clk/X (sky130_fd_sc_hd__clkbuf_16)
                                         clknet_2_1__leaf_clk (net)
                  0.06    0.00    5.93 ^ _185_/CLK (sky130_fd_sc_hd__dfxtp_1)
                          0.00    5.93   clock reconvergence pessimism
                         -0.08    5.84   library setup time
                                  5.84   data required time
-----------------------------------------------------------------------------
                                  5.84   data required time
                                 -6.24   data arrival time
-----------------------------------------------------------------------------
                                 -0.40   slack (VIOLATED)




===========================================================================
 report_check_types -max_slew -max_cap -max_fanout -violators
============================================================================
======================= Fastest Corner ===================================


max slew violations count Fastest: 0
max fanout violations count Fastest: 0
max cap violations count Fastest: 0
======================= Slowest Corner ===================================


max slew violations count Slowest: 0
max fanout violations count Slowest: 0
max cap violations count Slowest: 0
======================= Typical Corner ===================================


max slew violations count Typical: 0
max fanout violations count Typical: 0
max cap violations count Typical: 0

===========================================================================
report_parasitic_annotation -report_unannotated
============================================================================
Found 3 unannotated drivers.
 clkload0/Y
 clkload1/Y
 clkload2/Y
Found 0 partially unannotated drivers.

===========================================================================
max slew violation count 0
max fanout violation count 0
max cap violation count 0
============================================================================

===========================================================================
check_setup -verbose -unconstrained_endpoints -multiple_clock -no_clock -no_input_delay -loops -generated_clocks
===========================================================================
Warning: There are 33 input ports missing set_input_delay.
  a1
  a10
  a11
  a12
  a13
  a14
  a15
  a16
  a2
  a3
  a4
  a5
  a6
  a7
  a8
  a9
  b1
  b10
  b11
  b12
  b13
  b14
  b15
  b16
  b2
  b3
  b4
  b5
  b6
  b7
  b8
  b9
  cin
Warning: There are 50 unconstrained endpoints.
  cout
  s1
  s10
  s11
  s12
  s13
  s14
  s15
  s16
  s2
  s3
  s4
  s5
  s6
  s7
  s8
  s9
  _137_/D
  _138_/D
  _139_/D
  _140_/D
  _141_/D
  _142_/D
  _143_/D
  _144_/D
  _145_/D
  _146_/D
  _147_/D
  _148_/D
  _149_/D
  _150_/D
  _151_/D
  _152_/D
  _153_/D
  _154_/D
  _155_/D
  _156_/D
  _157_/D
  _158_/D
  _159_/D
  _160_/D
  _161_/D
  _162_/D
  _163_/D
  _164_/D
  _165_/D
  _166_/D
  _167_/D
  _168_/D
  _169_/D
