
===========================================================================
 report_power
============================================================================
======================= Fastest Corner ===================================

Group                  Internal  Switching    Leakage      Total
                          Power      Power      Power      Power (Watts)
----------------------------------------------------------------
Sequential             8.40e-04   4.55e-05   7.29e-10   8.85e-04  47.4%
Combinational          1.04e-04   8.38e-05   5.42e-10   1.88e-04  10.0%
Clock                  5.42e-04   2.54e-04   9.83e-10   7.96e-04  42.6%
Macro                  0.00e+00   0.00e+00   0.00e+00   0.00e+00   0.0%
Pad                    0.00e+00   0.00e+00   0.00e+00   0.00e+00   0.0%
----------------------------------------------------------------
Total                  1.49e-03   3.84e-04   2.25e-09   1.87e-03 100.0%
                          79.5%      20.5%       0.0%

======================= Slowest Corner ===================================

Group                  Internal  Switching    Leakage      Total
                          Power      Power      Power      Power (Watts)
----------------------------------------------------------------
Sequential             5.63e-04   3.02e-05   7.33e-07   5.94e-04  46.5%
Combinational          7.73e-05   5.53e-05   6.41e-07   1.33e-04  10.4%
Clock                  3.89e-04   1.61e-04   1.49e-07   5.50e-04  43.1%
Macro                  0.00e+00   0.00e+00   0.00e+00   0.00e+00   0.0%
Pad                    0.00e+00   0.00e+00   0.00e+00   0.00e+00   0.0%
----------------------------------------------------------------
Total                  1.03e-03   2.47e-04   1.52e-06   1.28e-03 100.0%
                          80.6%      19.3%       0.1%

======================= Typical Corner ===================================

Group                  Internal  Switching    Leakage      Total
                          Power      Power      Power      Power (Watts)
----------------------------------------------------------------
Sequential             7.24e-04   3.86e-05   4.22e-10   7.62e-04  47.2%
Combinational          9.40e-05   7.08e-05   3.90e-10   1.65e-04  10.2%
Clock                  4.74e-04   2.13e-04   5.97e-10   6.87e-04  42.6%
Macro                  0.00e+00   0.00e+00   0.00e+00   0.00e+00   0.0%
Pad                    0.00e+00   0.00e+00   0.00e+00   0.00e+00   0.0%
----------------------------------------------------------------
Total                  1.29e-03   3.22e-04   1.41e-09   1.61e-03 100.0%
                          80.0%      20.0%       0.0%

