
===========================================================================
report_checks -path_delay max (Setup)
============================================================================
======================= Typical Corner ===================================

Startpoint: _191_ (rising edge-triggered flip-flop clocked by core_clock)
Endpoint: _170_ (rising edge-triggered flip-flop clocked by core_clock)
Path Group: core_clock
Path Type: max

Fanout     Cap    Slew   Delay    Time   Description
-----------------------------------------------------------------------------
                          0.00    0.00   clock core_clock (rise edge)
                          0.00    0.00   clock source latency
     1    0.01    0.00    0.00    0.00 ^ clk (in)
                                         clk (net)
                  0.00    0.00    0.00 ^ clkbuf_0_clk/A (sky130_fd_sc_hd__clkbuf_16)
     4    0.03    0.05    0.12    0.12 ^ clkbuf_0_clk/X (sky130_fd_sc_hd__clkbuf_16)
                                         clknet_0_clk (net)
                  0.05    0.00    0.12 ^ clkbuf_2_0__f_clk/A (sky130_fd_sc_hd__clkbuf_16)
    14    0.04    0.06    0.15    0.27 ^ clkbuf_2_0__f_clk/X (sky130_fd_sc_hd__clkbuf_16)
                                         clknet_2_0__leaf_clk (net)
                  0.06    0.00    0.27 ^ _191_/CLK (sky130_fd_sc_hd__dfxtp_1)
     3    0.01    0.06    0.33    0.59 v _191_/Q (sky130_fd_sc_hd__dfxtp_1)
                                         b_q[3] (net)
                  0.06    0.00    0.59 v _090_/B (sky130_fd_sc_hd__and2_4)
     2    0.01    0.03    0.16    0.76 v _090_/X (sky130_fd_sc_hd__and2_4)
                                         _046_ (net)
                  0.03    0.00    0.76 v _091_/A (sky130_fd_sc_hd__nor2_2)
     2    0.01    0.12    0.13    0.89 ^ _091_/Y (sky130_fd_sc_hd__nor2_2)
                                         _047_ (net)
                  0.12    0.00    0.89 ^ _097_/A (sky130_fd_sc_hd__inv_2)
     1    0.00    0.03    0.04    0.92 v _097_/Y (sky130_fd_sc_hd__inv_2)
                                         _052_ (net)
                  0.03    0.00    0.92 v _100_/A1 (sky130_fd_sc_hd__o31a_1)
     4    0.01    0.08    0.32    1.25 v _100_/X (sky130_fd_sc_hd__o31a_1)
                                         _055_ (net)
                  0.08    0.00    1.25 v _121_/A3 (sky130_fd_sc_hd__o31a_1)
     3    0.01    0.09    0.30    1.55 v _121_/X (sky130_fd_sc_hd__o31a_1)
                                         _072_ (net)
                  0.09    0.00    1.55 v _145_/A3 (sky130_fd_sc_hd__o31ai_4)
     2    0.01    0.20    0.21    1.76 ^ _145_/Y (sky130_fd_sc_hd__o31ai_4)
                                         _017_ (net)
                  0.20    0.00    1.76 ^ _158_/A1 (sky130_fd_sc_hd__a211oi_2)
     2    0.01    0.08    0.11    1.87 v _158_/Y (sky130_fd_sc_hd__a211oi_2)
                                         _028_ (net)
                  0.08    0.00    1.87 v _164_/A3 (sky130_fd_sc_hd__o31a_1)
     2    0.01    0.07    0.27    2.14 v _164_/X (sky130_fd_sc_hd__o31a_1)
                                         _033_ (net)
                  0.07    0.00    2.14 v _165_/B (sky130_fd_sc_hd__xor2_1)
     1    0.00    0.05    0.15    2.29 v _165_/X (sky130_fd_sc_hd__xor2_1)
                                         sum_d[15] (net)
                  0.05    0.00    2.29 v _170_/D (sky130_fd_sc_hd__dfxtp_1)
                                  2.29   data arrival time

                          2.60    2.60   clock core_clock (rise edge)
                          0.00    2.60   clock source latency
     1    0.01    0.00    0.00    2.60 ^ clk (in)
                                         clk (net)
                  0.00    0.00    2.60 ^ clkbuf_0_clk/A (sky130_fd_sc_hd__clkbuf_16)
     4    0.03    0.05    0.12    2.72 ^ clkbuf_0_clk/X (sky130_fd_sc_hd__clkbuf_16)
                                         clknet_0_clk (net)
                  0.05    0.00    2.72 ^ clkbuf_2_3__f_clk/A (sky130_fd_sc_hd__clkbuf_16)
    10    0.04    0.06    0.14    2.86 ^ clkbuf_2_3__f_clk/X (sky130_fd_sc_hd__clkbuf_16)
                                         clknet_2_3__leaf_clk (net)
                  0.06    0.00    2.87 ^ _170_/CLK (sky130_fd_sc_hd__dfxtp_1)
                          0.00    2.87   clock reconvergence pessimism
                         -0.11    2.76   library setup time
                                  2.76   data required time
-----------------------------------------------------------------------------
                                  2.76   data required time
                                 -2.29   data arrival time
-----------------------------------------------------------------------------
                                  0.47   slack (MET)


Startpoint: _191_ (rising edge-triggered flip-flop clocked by core_clock)
Endpoint: _171_ (rising edge-triggered flip-flop clocked by core_clock)
Path Group: core_clock
Path Type: max

Fanout     Cap    Slew   Delay    Time   Description
-----------------------------------------------------------------------------
                          0.00    0.00   clock core_clock (rise edge)
                          0.00    0.00   clock source latency
     1    0.01    0.00    0.00    0.00 ^ clk (in)
                                         clk (net)
                  0.00    0.00    0.00 ^ clkbuf_0_clk/A (sky130_fd_sc_hd__clkbuf_16)
     4    0.03    0.05    0.12    0.12 ^ clkbuf_0_clk/X (sky130_fd_sc_hd__clkbuf_16)
                                         clknet_0_clk (net)
                  0.05    0.00    0.12 ^ clkbuf_2_0__f_clk/A (sky130_fd_sc_hd__clkbuf_16)
    14    0.04    0.06    0.15    0.27 ^ clkbuf_2_0__f_clk/X (sky130_fd_sc_hd__clkbuf_16)
                                         clknet_2_0__leaf_clk (net)
                  0.06    0.00    0.27 ^ _191_/CLK (sky130_fd_sc_hd__dfxtp_1)
     3    0.01    0.06    0.33    0.59 v _191_/Q (sky130_fd_sc_hd__dfxtp_1)
                                         b_q[3] (net)
                  0.06    0.00    0.59 v _090_/B (sky130_fd_sc_hd__and2_4)
     2    0.01    0.03    0.16    0.76 v _090_/X (sky130_fd_sc_hd__and2_4)
                                         _046_ (net)
                  0.03    0.00    0.76 v _091_/A (sky130_fd_sc_hd__nor2_2)
     2    0.01    0.12    0.13    0.89 ^ _091_/Y (sky130_fd_sc_hd__nor2_2)
                                         _047_ (net)
                  0.12    0.00    0.89 ^ _097_/A (sky130_fd_sc_hd__inv_2)
     1    0.00    0.03    0.04    0.92 v _097_/Y (sky130_fd_sc_hd__inv_2)
                                         _052_ (net)
                  0.03    0.00    0.92 v _100_/A1 (sky130_fd_sc_hd__o31a_1)
     4    0.01    0.08    0.32    1.25 v _100_/X (sky130_fd_sc_hd__o31a_1)
                                         _055_ (net)
                  0.08    0.00    1.25 v _121_/A3 (sky130_fd_sc_hd__o31a_1)
     3    0.01    0.09    0.30    1.55 v _121_/X (sky130_fd_sc_hd__o31a_1)
                                         _072_ (net)
                  0.09    0.00    1.55 v _145_/A3 (sky130_fd_sc_hd__o31ai_4)
     2    0.01    0.20    0.21    1.76 ^ _145_/Y (sky130_fd_sc_hd__o31ai_4)
                                         _017_ (net)
                  0.20    0.00    1.76 ^ _158_/A1 (sky130_fd_sc_hd__a211oi_2)
     2    0.01    0.08    0.11    1.87 v _158_/Y (sky130_fd_sc_hd__a211oi_2)
                                         _028_ (net)
                  0.08    0.00    1.87 v _164_/A3 (sky130_fd_sc_hd__o31a_1)
     2    0.01    0.07    0.27    2.14 v _164_/X (sky130_fd_sc_hd__o31a_1)
                                         _033_ (net)
                  0.07    0.00    2.14 v _166_/A2 (sky130_fd_sc_hd__o21ai_1)
     1    0.01    0.15    0.16    2.30 ^ _166_/Y (sky130_fd_sc_hd__o21ai_1)
                                         sum_d[16] (net)
                  0.15    0.00    2.30 ^ _171_/D (sky130_fd_sc_hd__dfxtp_1)
                                  2.30   data arrival time

                          2.60    2.60   clock core_clock (rise edge)
                          0.00    2.60   clock source latency
     1    0.01    0.00    0.00    2.60 ^ clk (in)
                                         clk (net)
                  0.00    0.00    2.60 ^ clkbuf_0_clk/A (sky130_fd_sc_hd__clkbuf_16)
     4    0.03    0.05    0.12    2.72 ^ clkbuf_0_clk/X (sky130_fd_sc_hd__clkbuf_16)
                                         clknet_0_clk (net)
                  0.05    0.00    2.72 ^ clkbuf_2_1__f_clk/A (sky130_fd_sc_hd__clkbuf_16)
    17    0.04    0.06    0.15    2.87 ^ clkbuf_2_1__f_clk/X (sky130_fd_sc_hd__clkbuf_16)
                                         clknet_2_1__leaf_clk (net)
                  0.06    0.00    2.87 ^ _171_/CLK (sky130_fd_sc_hd__dfxtp_1)
                          0.00    2.87   clock reconvergence pessimism
                         -0.08    2.79   library setup time
                                  2.79   data required time
-----------------------------------------------------------------------------
                                  2.79   data required time
                                 -2.30   data arrival time
-----------------------------------------------------------------------------
                                  0.49   slack (MET)


Startpoint: _191_ (rising edge-triggered flip-flop clocked by core_clock)
Endpoint: _216_ (rising edge-triggered flip-flop clocked by core_clock)
Path Group: core_clock
Path Type: max

Fanout     Cap    Slew   Delay    Time   Description
-----------------------------------------------------------------------------
                          0.00    0.00   clock core_clock (rise edge)
                          0.00    0.00   clock source latency
     1    0.01    0.00    0.00    0.00 ^ clk (in)
                                         clk (net)
                  0.00    0.00    0.00 ^ clkbuf_0_clk/A (sky130_fd_sc_hd__clkbuf_16)
     4    0.03    0.05    0.12    0.12 ^ clkbuf_0_clk/X (sky130_fd_sc_hd__clkbuf_16)
                                         clknet_0_clk (net)
                  0.05    0.00    0.12 ^ clkbuf_2_0__f_clk/A (sky130_fd_sc_hd__clkbuf_16)
    14    0.04    0.06    0.15    0.27 ^ clkbuf_2_0__f_clk/X (sky130_fd_sc_hd__clkbuf_16)
                                         clknet_2_0__leaf_clk (net)
                  0.06    0.00    0.27 ^ _191_/CLK (sky130_fd_sc_hd__dfxtp_1)
     3    0.01    0.06    0.33    0.59 v _191_/Q (sky130_fd_sc_hd__dfxtp_1)
                                         b_q[3] (net)
                  0.06    0.00    0.59 v _090_/B (sky130_fd_sc_hd__and2_4)
     2    0.01    0.03    0.16    0.76 v _090_/X (sky130_fd_sc_hd__and2_4)
                                         _046_ (net)
                  0.03    0.00    0.76 v _091_/A (sky130_fd_sc_hd__nor2_2)
     2    0.01    0.12    0.13    0.89 ^ _091_/Y (sky130_fd_sc_hd__nor2_2)
                                         _047_ (net)
                  0.12    0.00    0.89 ^ _097_/A (sky130_fd_sc_hd__inv_2)
     1    0.00    0.03    0.04    0.92 v _097_/Y (sky130_fd_sc_hd__inv_2)
                                         _052_ (net)
                  0.03    0.00    0.92 v _100_/A1 (sky130_fd_sc_hd__o31a_1)
     4    0.01    0.08    0.32    1.25 v _100_/X (sky130_fd_sc_hd__o31a_1)
                                         _055_ (net)
                  0.08    0.00    1.25 v _121_/A3 (sky130_fd_sc_hd__o31a_1)
     3    0.01    0.09    0.30    1.55 v _121_/X (sky130_fd_sc_hd__o31a_1)
                                         _072_ (net)
                  0.09    0.00    1.55 v rebuffer3/A (sky130_fd_sc_hd__dlymetal6s2s_1)
     1    0.00    0.04    0.16    1.71 v rebuffer3/X (sky130_fd_sc_hd__dlymetal6s2s_1)
                                         net53 (net)
                  0.04    0.00    1.71 v _133_/A2 (sky130_fd_sc_hd__o21a_1)
     2    0.01    0.06    0.19    1.89 v _133_/X (sky130_fd_sc_hd__o21a_1)
                                         _007_ (net)
                  0.06    0.00    1.89 v _138_/A2 (sky130_fd_sc_hd__o21a_1)
     1    0.01    0.05    0.18    2.08 v _138_/X (sky130_fd_sc_hd__o21a_1)
                                         _011_ (net)
                  0.05    0.00    2.08 v _139_/B (sky130_fd_sc_hd__xnor2_1)
     1    0.00    0.07    0.13    2.21 v _139_/Y (sky130_fd_sc_hd__xnor2_1)
                                         sum_d[11] (net)
                  0.07    0.00    2.21 v _216_/D (sky130_fd_sc_hd__dfxtp_1)
                                  2.21   data arrival time

                          2.60    2.60   clock core_clock (rise edge)
                          0.00    2.60   clock source latency
     1    0.01    0.00    0.00    2.60 ^ clk (in)
                                         clk (net)
                  0.00    0.00    2.60 ^ clkbuf_0_clk/A (sky130_fd_sc_hd__clkbuf_16)
     4    0.03    0.05    0.12    2.72 ^ clkbuf_0_clk/X (sky130_fd_sc_hd__clkbuf_16)
                                         clknet_0_clk (net)
                  0.05    0.00    2.72 ^ clkbuf_2_1__f_clk/A (sky130_fd_sc_hd__clkbuf_16)
    17    0.04    0.06    0.15    2.87 ^ clkbuf_2_1__f_clk/X (sky130_fd_sc_hd__clkbuf_16)
                                         clknet_2_1__leaf_clk (net)
                  0.06    0.00    2.87 ^ _216_/CLK (sky130_fd_sc_hd__dfxtp_1)
                          0.00    2.87   clock reconvergence pessimism
                         -0.12    2.75   library setup time
                                  2.75   data required time
-----------------------------------------------------------------------------
                                  2.75   data required time
                                 -2.21   data arrival time
-----------------------------------------------------------------------------
                                  0.55   slack (MET)


Startpoint: _191_ (rising edge-triggered flip-flop clocked by core_clock)
Endpoint: _168_ (rising edge-triggered flip-flop clocked by core_clock)
Path Group: core_clock
Path Type: max

Fanout     Cap    Slew   Delay    Time   Description
-----------------------------------------------------------------------------
                          0.00    0.00   clock core_clock (rise edge)
                          0.00    0.00   clock source latency
     1    0.01    0.00    0.00    0.00 ^ clk (in)
                                         clk (net)
                  0.00    0.00    0.00 ^ clkbuf_0_clk/A (sky130_fd_sc_hd__clkbuf_16)
     4    0.03    0.05    0.12    0.12 ^ clkbuf_0_clk/X (sky130_fd_sc_hd__clkbuf_16)
                                         clknet_0_clk (net)
                  0.05    0.00    0.12 ^ clkbuf_2_0__f_clk/A (sky130_fd_sc_hd__clkbuf_16)
    14    0.04    0.06    0.15    0.27 ^ clkbuf_2_0__f_clk/X (sky130_fd_sc_hd__clkbuf_16)
                                         clknet_2_0__leaf_clk (net)
                  0.06    0.00    0.27 ^ _191_/CLK (sky130_fd_sc_hd__dfxtp_1)
     3    0.01    0.06    0.33    0.59 v _191_/Q (sky130_fd_sc_hd__dfxtp_1)
                                         b_q[3] (net)
                  0.06    0.00    0.59 v _090_/B (sky130_fd_sc_hd__and2_4)
     2    0.01    0.03    0.16    0.76 v _090_/X (sky130_fd_sc_hd__and2_4)
                                         _046_ (net)
                  0.03    0.00    0.76 v _091_/A (sky130_fd_sc_hd__nor2_2)
     2    0.01    0.12    0.13    0.89 ^ _091_/Y (sky130_fd_sc_hd__nor2_2)
                                         _047_ (net)
                  0.12    0.00    0.89 ^ _097_/A (sky130_fd_sc_hd__inv_2)
     1    0.00    0.03    0.04    0.92 v _097_/Y (sky130_fd_sc_hd__inv_2)
                                         _052_ (net)
                  0.03    0.00    0.92 v _100_/A1 (sky130_fd_sc_hd__o31a_1)
     4    0.01    0.08    0.32    1.25 v _100_/X (sky130_fd_sc_hd__o31a_1)
                                         _055_ (net)
                  0.08    0.00    1.25 v _121_/A3 (sky130_fd_sc_hd__o31a_1)
     3    0.01    0.09    0.30    1.55 v _121_/X (sky130_fd_sc_hd__o31a_1)
                                         _072_ (net)
                  0.09    0.00    1.55 v _145_/A3 (sky130_fd_sc_hd__o31ai_4)
     2    0.01    0.20    0.21    1.76 ^ _145_/Y (sky130_fd_sc_hd__o31ai_4)
                                         _017_ (net)
                  0.20    0.00    1.76 ^ rebuffer9/A (sky130_fd_sc_hd__buf_2)
     2    0.01    0.06    0.16    1.92 ^ rebuffer9/X (sky130_fd_sc_hd__buf_2)
                                         net59 (net)
                  0.06    0.00    1.92 ^ _153_/A1 (sky130_fd_sc_hd__a21o_1)
     1    0.01    0.06    0.12    2.05 ^ _153_/X (sky130_fd_sc_hd__a21o_1)
                                         _024_ (net)
                  0.06    0.00    2.05 ^ _154_/B (sky130_fd_sc_hd__xnor2_1)
     1    0.00    0.15    0.13    2.17 ^ _154_/Y (sky130_fd_sc_hd__xnor2_1)
                                         sum_d[13] (net)
                  0.15    0.00    2.17 ^ _168_/D (sky130_fd_sc_hd__dfxtp_1)
                                  2.17   data arrival time

                          2.60    2.60   clock core_clock (rise edge)
                          0.00    2.60   clock source latency
     1    0.01    0.00    0.00    2.60 ^ clk (in)
                                         clk (net)
                  0.00    0.00    2.60 ^ clkbuf_0_clk/A (sky130_fd_sc_hd__clkbuf_16)
     4    0.03    0.05    0.12    2.72 ^ clkbuf_0_clk/X (sky130_fd_sc_hd__clkbuf_16)
                                         clknet_0_clk (net)
                  0.05    0.00    2.72 ^ clkbuf_2_1__f_clk/A (sky130_fd_sc_hd__clkbuf_16)
    17    0.04    0.06    0.15    2.87 ^ clkbuf_2_1__f_clk/X (sky130_fd_sc_hd__clkbuf_16)
                                         clknet_2_1__leaf_clk (net)
                  0.06    0.00    2.87 ^ _168_/CLK (sky130_fd_sc_hd__dfxtp_1)
                          0.00    2.87   clock reconvergence pessimism
                         -0.08    2.79   library setup time
                                  2.79   data required time
-----------------------------------------------------------------------------
                                  2.79   data required time
                                 -2.17   data arrival time
-----------------------------------------------------------------------------
                                  0.62   slack (MET)


Startpoint: _172_ (rising edge-triggered flip-flop clocked by core_clock)
Endpoint: _169_ (rising edge-triggered flip-flop clocked by core_clock)
Path Group: core_clock
Path Type: max

Fanout     Cap    Slew   Delay    Time   Description
-----------------------------------------------------------------------------
                          0.00    0.00   clock core_clock (rise edge)
                          0.00    0.00   clock source latency
     1    0.01    0.00    0.00    0.00 ^ clk (in)
                                         clk (net)
                  0.00    0.00    0.00 ^ clkbuf_0_clk/A (sky130_fd_sc_hd__clkbuf_16)
     4    0.03    0.05    0.12    0.12 ^ clkbuf_0_clk/X (sky130_fd_sc_hd__clkbuf_16)
                                         clknet_0_clk (net)
                  0.05    0.00    0.12 ^ clkbuf_2_1__f_clk/A (sky130_fd_sc_hd__clkbuf_16)
    17    0.04    0.06    0.15    0.27 ^ clkbuf_2_1__f_clk/X (sky130_fd_sc_hd__clkbuf_16)
                                         clknet_2_1__leaf_clk (net)
                  0.06    0.00    0.27 ^ _172_/CLK (sky130_fd_sc_hd__dfxtp_1)
     2    0.00    0.03    0.30    0.57 v _172_/Q (sky130_fd_sc_hd__dfxtp_1)
                                         a_q[0] (net)
                  0.03    0.00    0.57 v _075_/A (sky130_fd_sc_hd__or2_1)
     2    0.01    0.06    0.23    0.80 v _075_/X (sky130_fd_sc_hd__or2_1)
                                         _034_ (net)
                  0.06    0.00    0.80 v _079_/A2 (sky130_fd_sc_hd__a21bo_1)
     2    0.01    0.05    0.21    1.01 v _079_/X (sky130_fd_sc_hd__a21bo_1)
                                         _037_ (net)
                  0.05    0.00    1.01 v _084_/A1 (sky130_fd_sc_hd__a21boi_2)
     3    0.01    0.16    0.18    1.19 ^ _084_/Y (sky130_fd_sc_hd__a21boi_2)
                                         _041_ (net)
                  0.16    0.00    1.19 ^ _100_/A3 (sky130_fd_sc_hd__o31a_1)
     4    0.01    0.13    0.20    1.39 ^ _100_/X (sky130_fd_sc_hd__o31a_1)
                                         _055_ (net)
                  0.13    0.00    1.39 ^ _121_/A3 (sky130_fd_sc_hd__o31a_1)
     3    0.02    0.17    0.22    1.61 ^ _121_/X (sky130_fd_sc_hd__o31a_1)
                                         _072_ (net)
                  0.17    0.00    1.61 ^ _145_/A3 (sky130_fd_sc_hd__o31ai_4)
     2    0.01    0.06    0.08    1.69 v _145_/Y (sky130_fd_sc_hd__o31ai_4)
                                         _017_ (net)
                  0.06    0.00    1.69 v _158_/A1 (sky130_fd_sc_hd__a211oi_2)
     2    0.01    0.20    0.22    1.90 ^ _158_/Y (sky130_fd_sc_hd__a211oi_2)
                                         _028_ (net)
                  0.20    0.00    1.90 ^ _159_/B (sky130_fd_sc_hd__nor2_1)
     1    0.01    0.06    0.08    1.98 v _159_/Y (sky130_fd_sc_hd__nor2_1)
                                         _029_ (net)
                  0.06    0.00    1.98 v _160_/B (sky130_fd_sc_hd__xnor2_1)
     1    0.01    0.17    0.18    2.16 ^ _160_/Y (sky130_fd_sc_hd__xnor2_1)
                                         sum_d[14] (net)
                  0.17    0.00    2.16 ^ _169_/D (sky130_fd_sc_hd__dfxtp_1)
                                  2.16   data arrival time

                          2.60    2.60   clock core_clock (rise edge)
                          0.00    2.60   clock source latency
     1    0.01    0.00    0.00    2.60 ^ clk (in)
                                         clk (net)
                  0.00    0.00    2.60 ^ clkbuf_0_clk/A (sky130_fd_sc_hd__clkbuf_16)
     4    0.03    0.05    0.12    2.72 ^ clkbuf_0_clk/X (sky130_fd_sc_hd__clkbuf_16)
                                         clknet_0_clk (net)
                  0.05    0.00    2.72 ^ clkbuf_2_1__f_clk/A (sky130_fd_sc_hd__clkbuf_16)
    17    0.04    0.06    0.15    2.87 ^ clkbuf_2_1__f_clk/X (sky130_fd_sc_hd__clkbuf_16)
                                         clknet_2_1__leaf_clk (net)
                  0.06    0.00    2.87 ^ _169_/CLK (sky130_fd_sc_hd__dfxtp_1)
                          0.00    2.87   clock reconvergence pessimism
                         -0.08    2.79   library setup time
                                  2.79   data required time
-----------------------------------------------------------------------------
                                  2.79   data required time
                                 -2.16   data arrival time
-----------------------------------------------------------------------------
                                  0.63   slack (MET)


Startpoint: _191_ (rising edge-triggered flip-flop clocked by core_clock)
Endpoint: _214_ (rising edge-triggered flip-flop clocked by core_clock)
Path Group: core_clock
Path Type: max

Fanout     Cap    Slew   Delay    Time   Description
-----------------------------------------------------------------------------
                          0.00    0.00   clock core_clock (rise edge)
                          0.00    0.00   clock source latency
     1    0.01    0.00    0.00    0.00 ^ clk (in)
                                         clk (net)
                  0.00    0.00    0.00 ^ clkbuf_0_clk/A (sky130_fd_sc_hd__clkbuf_16)
     4    0.03    0.05    0.12    0.12 ^ clkbuf_0_clk/X (sky130_fd_sc_hd__clkbuf_16)
                                         clknet_0_clk (net)
                  0.05    0.00    0.12 ^ clkbuf_2_0__f_clk/A (sky130_fd_sc_hd__clkbuf_16)
    14    0.04    0.06    0.15    0.27 ^ clkbuf_2_0__f_clk/X (sky130_fd_sc_hd__clkbuf_16)
                                         clknet_2_0__leaf_clk (net)
                  0.06    0.00    0.27 ^ _191_/CLK (sky130_fd_sc_hd__dfxtp_1)
     3    0.01    0.06    0.33    0.59 v _191_/Q (sky130_fd_sc_hd__dfxtp_1)
                                         b_q[3] (net)
                  0.06    0.00    0.59 v _090_/B (sky130_fd_sc_hd__and2_4)
     2    0.01    0.03    0.16    0.76 v _090_/X (sky130_fd_sc_hd__and2_4)
                                         _046_ (net)
                  0.03    0.00    0.76 v _091_/A (sky130_fd_sc_hd__nor2_2)
     2    0.01    0.12    0.13    0.89 ^ _091_/Y (sky130_fd_sc_hd__nor2_2)
                                         _047_ (net)
                  0.12    0.00    0.89 ^ _097_/A (sky130_fd_sc_hd__inv_2)
     1    0.00    0.03    0.04    0.92 v _097_/Y (sky130_fd_sc_hd__inv_2)
                                         _052_ (net)
                  0.03    0.00    0.92 v _100_/A1 (sky130_fd_sc_hd__o31a_1)
     4    0.01    0.08    0.32    1.25 v _100_/X (sky130_fd_sc_hd__o31a_1)
                                         _055_ (net)
                  0.08    0.00    1.25 v _121_/A3 (sky130_fd_sc_hd__o31a_1)
     3    0.01    0.09    0.30    1.55 v _121_/X (sky130_fd_sc_hd__o31a_1)
                                         _072_ (net)
                  0.09    0.00    1.55 v rebuffer1/A (sky130_fd_sc_hd__dlygate4sd1_1)
     2    0.00    0.04    0.26    1.81 v rebuffer1/X (sky130_fd_sc_hd__dlygate4sd1_1)
                                         net51 (net)
                  0.04    0.00    1.81 v _127_/A1 (sky130_fd_sc_hd__o21a_1)
     1    0.01    0.04    0.19    2.00 v _127_/X (sky130_fd_sc_hd__o21a_1)
                                         _002_ (net)
                  0.04    0.00    2.00 v _128_/B (sky130_fd_sc_hd__xnor2_1)
     1    0.00    0.06    0.12    2.12 v _128_/Y (sky130_fd_sc_hd__xnor2_1)
                                         sum_d[9] (net)
                  0.06    0.00    2.12 v _214_/D (sky130_fd_sc_hd__dfxtp_1)
                                  2.12   data arrival time

                          2.60    2.60   clock core_clock (rise edge)
                          0.00    2.60   clock source latency
     1    0.01    0.00    0.00    2.60 ^ clk (in)
                                         clk (net)
                  0.00    0.00    2.60 ^ clkbuf_0_clk/A (sky130_fd_sc_hd__clkbuf_16)
     4    0.03    0.05    0.12    2.72 ^ clkbuf_0_clk/X (sky130_fd_sc_hd__clkbuf_16)
                                         clknet_0_clk (net)
                  0.05    0.00    2.72 ^ clkbuf_2_1__f_clk/A (sky130_fd_sc_hd__clkbuf_16)
    17    0.04    0.06    0.15    2.87 ^ clkbuf_2_1__f_clk/X (sky130_fd_sc_hd__clkbuf_16)
                                         clknet_2_1__leaf_clk (net)
                  0.06    0.00    2.87 ^ _214_/CLK (sky130_fd_sc_hd__dfxtp_1)
                          0.00    2.87   clock reconvergence pessimism
                         -0.11    2.76   library setup time
                                  2.76   data required time
-----------------------------------------------------------------------------
                                  2.76   data required time
                                 -2.12   data arrival time
-----------------------------------------------------------------------------
                                  0.64   slack (MET)


Startpoint: _191_ (rising edge-triggered flip-flop clocked by core_clock)
Endpoint: _167_ (rising edge-triggered flip-flop clocked by core_clock)
Path Group: core_clock
Path Type: max

Fanout     Cap    Slew   Delay    Time   Description
-----------------------------------------------------------------------------
                          0.00    0.00   clock core_clock (rise edge)
                          0.00    0.00   clock source latency
     1    0.01    0.00    0.00    0.00 ^ clk (in)
                                         clk (net)
                  0.00    0.00    0.00 ^ clkbuf_0_clk/A (sky130_fd_sc_hd__clkbuf_16)
     4    0.03    0.05    0.12    0.12 ^ clkbuf_0_clk/X (sky130_fd_sc_hd__clkbuf_16)
                                         clknet_0_clk (net)
                  0.05    0.00    0.12 ^ clkbuf_2_0__f_clk/A (sky130_fd_sc_hd__clkbuf_16)
    14    0.04    0.06    0.15    0.27 ^ clkbuf_2_0__f_clk/X (sky130_fd_sc_hd__clkbuf_16)
                                         clknet_2_0__leaf_clk (net)
                  0.06    0.00    0.27 ^ _191_/CLK (sky130_fd_sc_hd__dfxtp_1)
     3    0.01    0.06    0.33    0.59 v _191_/Q (sky130_fd_sc_hd__dfxtp_1)
                                         b_q[3] (net)
                  0.06    0.00    0.59 v _090_/B (sky130_fd_sc_hd__and2_4)
     2    0.01    0.03    0.16    0.76 v _090_/X (sky130_fd_sc_hd__and2_4)
                                         _046_ (net)
                  0.03    0.00    0.76 v _091_/A (sky130_fd_sc_hd__nor2_2)
     2    0.01    0.12    0.13    0.89 ^ _091_/Y (sky130_fd_sc_hd__nor2_2)
                                         _047_ (net)
                  0.12    0.00    0.89 ^ _097_/A (sky130_fd_sc_hd__inv_2)
     1    0.00    0.03    0.04    0.92 v _097_/Y (sky130_fd_sc_hd__inv_2)
                                         _052_ (net)
                  0.03    0.00    0.92 v _100_/A1 (sky130_fd_sc_hd__o31a_1)
     4    0.01    0.08    0.32    1.25 v _100_/X (sky130_fd_sc_hd__o31a_1)
                                         _055_ (net)
                  0.08    0.00    1.25 v _121_/A3 (sky130_fd_sc_hd__o31a_1)
     3    0.01    0.09    0.30    1.55 v _121_/X (sky130_fd_sc_hd__o31a_1)
                                         _072_ (net)
                  0.09    0.00    1.55 v _145_/A3 (sky130_fd_sc_hd__o31ai_4)
     2    0.01    0.20    0.21    1.76 ^ _145_/Y (sky130_fd_sc_hd__o31ai_4)
                                         _017_ (net)
                  0.20    0.00    1.76 ^ rebuffer9/A (sky130_fd_sc_hd__buf_2)
     2    0.01    0.06    0.16    1.92 ^ rebuffer9/X (sky130_fd_sc_hd__buf_2)
                                         net59 (net)
                  0.06    0.00    1.92 ^ _149_/A (sky130_fd_sc_hd__xor2_1)
     1    0.01    0.16    0.17    2.09 ^ _149_/X (sky130_fd_sc_hd__xor2_1)
                                         sum_d[12] (net)
                  0.16    0.00    2.09 ^ _167_/D (sky130_fd_sc_hd__dfxtp_1)
                                  2.09   data arrival time

                          2.60    2.60   clock core_clock (rise edge)
                          0.00    2.60   clock source latency
     1    0.01    0.00    0.00    2.60 ^ clk (in)
                                         clk (net)
                  0.00    0.00    2.60 ^ clkbuf_0_clk/A (sky130_fd_sc_hd__clkbuf_16)
     4    0.03    0.05    0.12    2.72 ^ clkbuf_0_clk/X (sky130_fd_sc_hd__clkbuf_16)
                                         clknet_0_clk (net)
                  0.05    0.00    2.72 ^ clkbuf_2_1__f_clk/A (sky130_fd_sc_hd__clkbuf_16)
    17    0.04    0.06    0.15    2.87 ^ clkbuf_2_1__f_clk/X (sky130_fd_sc_hd__clkbuf_16)
                                         clknet_2_1__leaf_clk (net)
                  0.06    0.00    2.87 ^ _167_/CLK (sky130_fd_sc_hd__dfxtp_1)
                          0.00    2.87   clock reconvergence pessimism
                         -0.08    2.79   library setup time
                                  2.79   data required time
-----------------------------------------------------------------------------
                                  2.79   data required time
                                 -2.09   data arrival time
-----------------------------------------------------------------------------
                                  0.70   slack (MET)


Startpoint: _191_ (rising edge-triggered flip-flop clocked by core_clock)
Endpoint: _213_ (rising edge-triggered flip-flop clocked by core_clock)
Path Group: core_clock
Path Type: max

Fanout     Cap    Slew   Delay    Time   Description
-----------------------------------------------------------------------------
                          0.00    0.00   clock core_clock (rise edge)
                          0.00    0.00   clock source latency
     1    0.01    0.00    0.00    0.00 ^ clk (in)
                                         clk (net)
                  0.00    0.00    0.00 ^ clkbuf_0_clk/A (sky130_fd_sc_hd__clkbuf_16)
     4    0.03    0.05    0.12    0.12 ^ clkbuf_0_clk/X (sky130_fd_sc_hd__clkbuf_16)
                                         clknet_0_clk (net)
                  0.05    0.00    0.12 ^ clkbuf_2_0__f_clk/A (sky130_fd_sc_hd__clkbuf_16)
    14    0.04    0.06    0.15    0.27 ^ clkbuf_2_0__f_clk/X (sky130_fd_sc_hd__clkbuf_16)
                                         clknet_2_0__leaf_clk (net)
                  0.06    0.00    0.27 ^ _191_/CLK (sky130_fd_sc_hd__dfxtp_1)
     3    0.01    0.06    0.33    0.59 v _191_/Q (sky130_fd_sc_hd__dfxtp_1)
                                         b_q[3] (net)
                  0.06    0.00    0.59 v _090_/B (sky130_fd_sc_hd__and2_4)
     2    0.01    0.03    0.16    0.76 v _090_/X (sky130_fd_sc_hd__and2_4)
                                         _046_ (net)
                  0.03    0.00    0.76 v _091_/A (sky130_fd_sc_hd__nor2_2)
     2    0.01    0.12    0.13    0.89 ^ _091_/Y (sky130_fd_sc_hd__nor2_2)
                                         _047_ (net)
                  0.12    0.00    0.89 ^ _097_/A (sky130_fd_sc_hd__inv_2)
     1    0.00    0.03    0.04    0.92 v _097_/Y (sky130_fd_sc_hd__inv_2)
                                         _052_ (net)
                  0.03    0.00    0.92 v _100_/A1 (sky130_fd_sc_hd__o31a_1)
     4    0.01    0.08    0.32    1.25 v _100_/X (sky130_fd_sc_hd__o31a_1)
                                         _055_ (net)
                  0.08    0.00    1.25 v _121_/A3 (sky130_fd_sc_hd__o31a_1)
     3    0.01    0.09    0.30    1.55 v _121_/X (sky130_fd_sc_hd__o31a_1)
                                         _072_ (net)
                  0.09    0.00    1.55 v rebuffer1/A (sky130_fd_sc_hd__dlygate4sd1_1)
     2    0.00    0.04    0.26    1.81 v rebuffer1/X (sky130_fd_sc_hd__dlygate4sd1_1)
                                         net51 (net)
                  0.04    0.00    1.81 v rebuffer2/A (sky130_fd_sc_hd__clkbuf_1)
     1    0.00    0.04    0.09    1.90 v rebuffer2/X (sky130_fd_sc_hd__clkbuf_1)
                                         net52 (net)
                  0.04    0.00    1.90 v _125_/A (sky130_fd_sc_hd__xor2_1)
     1    0.00    0.05    0.15    2.05 v _125_/X (sky130_fd_sc_hd__xor2_1)
                                         sum_d[8] (net)
                  0.05    0.00    2.05 v _213_/D (sky130_fd_sc_hd__dfxtp_1)
                                  2.05   data arrival time

                          2.60    2.60   clock core_clock (rise edge)
                          0.00    2.60   clock source latency
     1    0.01    0.00    0.00    2.60 ^ clk (in)
                                         clk (net)
                  0.00    0.00    2.60 ^ clkbuf_0_clk/A (sky130_fd_sc_hd__clkbuf_16)
     4    0.03    0.05    0.12    2.72 ^ clkbuf_0_clk/X (sky130_fd_sc_hd__clkbuf_16)
                                         clknet_0_clk (net)
                  0.05    0.00    2.72 ^ clkbuf_2_3__f_clk/A (sky130_fd_sc_hd__clkbuf_16)
    10    0.04    0.06    0.14    2.86 ^ clkbuf_2_3__f_clk/X (sky130_fd_sc_hd__clkbuf_16)
                                         clknet_2_3__leaf_clk (net)
                  0.06    0.00    2.87 ^ _213_/CLK (sky130_fd_sc_hd__dfxtp_1)
                          0.00    2.87   clock reconvergence pessimism
                         -0.11    2.76   library setup time
                                  2.76   data required time
-----------------------------------------------------------------------------
                                  2.76   data required time
                                 -2.05   data arrival time
-----------------------------------------------------------------------------
                                  0.70   slack (MET)


Startpoint: _191_ (rising edge-triggered flip-flop clocked by core_clock)
Endpoint: _215_ (rising edge-triggered flip-flop clocked by core_clock)
Path Group: core_clock
Path Type: max

Fanout     Cap    Slew   Delay    Time   Description
-----------------------------------------------------------------------------
                          0.00    0.00   clock core_clock (rise edge)
                          0.00    0.00   clock source latency
     1    0.01    0.00    0.00    0.00 ^ clk (in)
                                         clk (net)
                  0.00    0.00    0.00 ^ clkbuf_0_clk/A (sky130_fd_sc_hd__clkbuf_16)
     4    0.03    0.05    0.12    0.12 ^ clkbuf_0_clk/X (sky130_fd_sc_hd__clkbuf_16)
                                         clknet_0_clk (net)
                  0.05    0.00    0.12 ^ clkbuf_2_0__f_clk/A (sky130_fd_sc_hd__clkbuf_16)
    14    0.04    0.06    0.15    0.27 ^ clkbuf_2_0__f_clk/X (sky130_fd_sc_hd__clkbuf_16)
                                         clknet_2_0__leaf_clk (net)
                  0.06    0.00    0.27 ^ _191_/CLK (sky130_fd_sc_hd__dfxtp_1)
     3    0.01    0.06    0.33    0.59 v _191_/Q (sky130_fd_sc_hd__dfxtp_1)
                                         b_q[3] (net)
                  0.06    0.00    0.59 v _090_/B (sky130_fd_sc_hd__and2_4)
     2    0.01    0.03    0.16    0.76 v _090_/X (sky130_fd_sc_hd__and2_4)
                                         _046_ (net)
                  0.03    0.00    0.76 v _091_/A (sky130_fd_sc_hd__nor2_2)
     2    0.01    0.12    0.13    0.89 ^ _091_/Y (sky130_fd_sc_hd__nor2_2)
                                         _047_ (net)
                  0.12    0.00    0.89 ^ _097_/A (sky130_fd_sc_hd__inv_2)
     1    0.00    0.03    0.04    0.92 v _097_/Y (sky130_fd_sc_hd__inv_2)
                                         _052_ (net)
                  0.03    0.00    0.92 v _100_/A1 (sky130_fd_sc_hd__o31a_1)
     4    0.01    0.08    0.32    1.25 v _100_/X (sky130_fd_sc_hd__o31a_1)
                                         _055_ (net)
                  0.08    0.00    1.25 v _121_/A3 (sky130_fd_sc_hd__o31a_1)
     3    0.01    0.09    0.30    1.55 v _121_/X (sky130_fd_sc_hd__o31a_1)
                                         _072_ (net)
                  0.09    0.00    1.55 v rebuffer3/A (sky130_fd_sc_hd__dlymetal6s2s_1)
     1    0.00    0.04    0.16    1.71 v rebuffer3/X (sky130_fd_sc_hd__dlymetal6s2s_1)
                                         net53 (net)
                  0.04    0.00    1.71 v _133_/A2 (sky130_fd_sc_hd__o21a_1)
     2    0.01    0.06    0.19    1.89 v _133_/X (sky130_fd_sc_hd__o21a_1)
                                         _007_ (net)
                  0.06    0.00    1.89 v _134_/B (sky130_fd_sc_hd__xnor2_1)
     1    0.00    0.06    0.13    2.02 v _134_/Y (sky130_fd_sc_hd__xnor2_1)
                                         sum_d[10] (net)
                  0.06    0.00    2.02 v _215_/D (sky130_fd_sc_hd__dfxtp_1)
                                  2.02   data arrival time

                          2.60    2.60   clock core_clock (rise edge)
                          0.00    2.60   clock source latency
     1    0.01    0.00    0.00    2.60 ^ clk (in)
                                         clk (net)
                  0.00    0.00    2.60 ^ clkbuf_0_clk/A (sky130_fd_sc_hd__clkbuf_16)
     4    0.03    0.05    0.12    2.72 ^ clkbuf_0_clk/X (sky130_fd_sc_hd__clkbuf_16)
                                         clknet_0_clk (net)
                  0.05    0.00    2.72 ^ clkbuf_2_1__f_clk/A (sky130_fd_sc_hd__clkbuf_16)
    17    0.04    0.06    0.15    2.87 ^ clkbuf_2_1__f_clk/X (sky130_fd_sc_hd__clkbuf_16)
                                         clknet_2_1__leaf_clk (net)
                  0.06    0.00    2.87 ^ _215_/CLK (sky130_fd_sc_hd__dfxtp_1)
                          0.00    2.87   clock reconvergence pessimism
                         -0.11    2.76   library setup time
                                  2.76   data required time
-----------------------------------------------------------------------------
                                  2.76   data required time
                                 -2.02   data arrival time
-----------------------------------------------------------------------------
                                  0.73   slack (MET)


Startpoint: _172_ (rising edge-triggered flip-flop clocked by core_clock)
Endpoint: _209_ (rising edge-triggered flip-flop clocked by core_clock)
Path Group: core_clock
Path Type: max

Fanout     Cap    Slew   Delay    Time   Description
-----------------------------------------------------------------------------
                          0.00    0.00   clock core_clock (rise edge)
                          0.00    0.00   clock source latency
     1    0.01    0.00    0.00    0.00 ^ clk (in)
                                         clk (net)
                  0.00    0.00    0.00 ^ clkbuf_0_clk/A (sky130_fd_sc_hd__clkbuf_16)
     4    0.03    0.05    0.12    0.12 ^ clkbuf_0_clk/X (sky130_fd_sc_hd__clkbuf_16)
                                         clknet_0_clk (net)
                  0.05    0.00    0.12 ^ clkbuf_2_1__f_clk/A (sky130_fd_sc_hd__clkbuf_16)
    17    0.04    0.06    0.15    0.27 ^ clkbuf_2_1__f_clk/X (sky130_fd_sc_hd__clkbuf_16)
                                         clknet_2_1__leaf_clk (net)
                  0.06    0.00    0.27 ^ _172_/CLK (sky130_fd_sc_hd__dfxtp_1)
     2    0.00    0.03    0.30    0.57 v _172_/Q (sky130_fd_sc_hd__dfxtp_1)
                                         a_q[0] (net)
                  0.03    0.00    0.57 v _075_/A (sky130_fd_sc_hd__or2_1)
     2    0.01    0.06    0.23    0.80 v _075_/X (sky130_fd_sc_hd__or2_1)
                                         _034_ (net)
                  0.06    0.00    0.80 v _079_/A2 (sky130_fd_sc_hd__a21bo_1)
     2    0.01    0.05    0.21    1.01 v _079_/X (sky130_fd_sc_hd__a21bo_1)
                                         _037_ (net)
                  0.05    0.00    1.01 v _084_/A1 (sky130_fd_sc_hd__a21boi_2)
     3    0.01    0.16    0.18    1.19 ^ _084_/Y (sky130_fd_sc_hd__a21boi_2)
                                         _041_ (net)
                  0.16    0.00    1.19 ^ _100_/A3 (sky130_fd_sc_hd__o31a_1)
     4    0.01    0.13    0.20    1.39 ^ _100_/X (sky130_fd_sc_hd__o31a_1)
                                         _055_ (net)
                  0.13    0.00    1.39 ^ rebuffer6/A (sky130_fd_sc_hd__dlygate4sd1_1)
     1    0.00    0.03    0.21    1.60 ^ rebuffer6/X (sky130_fd_sc_hd__dlygate4sd1_1)
                                         net56 (net)
                  0.03    0.00    1.60 ^ rebuffer4/A (sky130_fd_sc_hd__dlygate4sd1_1)
     1    0.01    0.07    0.20    1.80 ^ rebuffer4/X (sky130_fd_sc_hd__dlygate4sd1_1)
                                         net54 (net)
                  0.07    0.00    1.80 ^ _101_/B (sky130_fd_sc_hd__xnor2_1)
     1    0.00    0.13    0.12    1.92 ^ _101_/Y (sky130_fd_sc_hd__xnor2_1)
                                         sum_d[4] (net)
                  0.13    0.00    1.92 ^ _209_/D (sky130_fd_sc_hd__dfxtp_1)
                                  1.92   data arrival time

                          2.60    2.60   clock core_clock (rise edge)
                          0.00    2.60   clock source latency
     1    0.01    0.00    0.00    2.60 ^ clk (in)
                                         clk (net)
                  0.00    0.00    2.60 ^ clkbuf_0_clk/A (sky130_fd_sc_hd__clkbuf_16)
     4    0.03    0.05    0.12    2.72 ^ clkbuf_0_clk/X (sky130_fd_sc_hd__clkbuf_16)
                                         clknet_0_clk (net)
                  0.05    0.00    2.72 ^ clkbuf_2_2__f_clk/A (sky130_fd_sc_hd__clkbuf_16)
    12    0.04    0.06    0.14    2.86 ^ clkbuf_2_2__f_clk/X (sky130_fd_sc_hd__clkbuf_16)
                                         clknet_2_2__leaf_clk (net)
                  0.06    0.00    2.87 ^ _209_/CLK (sky130_fd_sc_hd__dfxtp_1)
                          0.00    2.87   clock reconvergence pessimism
                         -0.07    2.80   library setup time
                                  2.80   data required time
-----------------------------------------------------------------------------
                                  2.80   data required time
                                 -1.92   data arrival time
-----------------------------------------------------------------------------
                                  0.88   slack (MET)


Startpoint: _172_ (rising edge-triggered flip-flop clocked by core_clock)
Endpoint: _210_ (rising edge-triggered flip-flop clocked by core_clock)
Path Group: core_clock
Path Type: max

Fanout     Cap    Slew   Delay    Time   Description
-----------------------------------------------------------------------------
                          0.00    0.00   clock core_clock (rise edge)
                          0.00    0.00   clock source latency
     1    0.01    0.00    0.00    0.00 ^ clk (in)
                                         clk (net)
                  0.00    0.00    0.00 ^ clkbuf_0_clk/A (sky130_fd_sc_hd__clkbuf_16)
     4    0.03    0.05    0.12    0.12 ^ clkbuf_0_clk/X (sky130_fd_sc_hd__clkbuf_16)
                                         clknet_0_clk (net)
                  0.05    0.00    0.12 ^ clkbuf_2_1__f_clk/A (sky130_fd_sc_hd__clkbuf_16)
    17    0.04    0.06    0.15    0.27 ^ clkbuf_2_1__f_clk/X (sky130_fd_sc_hd__clkbuf_16)
                                         clknet_2_1__leaf_clk (net)
                  0.06    0.00    0.27 ^ _172_/CLK (sky130_fd_sc_hd__dfxtp_1)
     2    0.00    0.03    0.30    0.57 v _172_/Q (sky130_fd_sc_hd__dfxtp_1)
                                         a_q[0] (net)
                  0.03    0.00    0.57 v _075_/A (sky130_fd_sc_hd__or2_1)
     2    0.01    0.06    0.23    0.80 v _075_/X (sky130_fd_sc_hd__or2_1)
                                         _034_ (net)
                  0.06    0.00    0.80 v _079_/A2 (sky130_fd_sc_hd__a21bo_1)
     2    0.01    0.05    0.21    1.01 v _079_/X (sky130_fd_sc_hd__a21bo_1)
                                         _037_ (net)
                  0.05    0.00    1.01 v _084_/A1 (sky130_fd_sc_hd__a21boi_2)
     3    0.01    0.16    0.18    1.19 ^ _084_/Y (sky130_fd_sc_hd__a21boi_2)
                                         _041_ (net)
                  0.16    0.00    1.19 ^ _100_/A3 (sky130_fd_sc_hd__o31a_1)
     4    0.01    0.13    0.20    1.39 ^ _100_/X (sky130_fd_sc_hd__o31a_1)
                                         _055_ (net)
                  0.13    0.00    1.39 ^ rebuffer5/A (sky130_fd_sc_hd__dlygate4sd1_1)
     1    0.00    0.05    0.22    1.61 ^ rebuffer5/X (sky130_fd_sc_hd__dlygate4sd1_1)
                                         net55 (net)
                  0.05    0.00    1.61 ^ _103_/A2 (sky130_fd_sc_hd__o21a_1)
     1    0.01    0.07    0.12    1.73 ^ _103_/X (sky130_fd_sc_hd__o21a_1)
                                         _057_ (net)
                  0.07    0.00    1.73 ^ _104_/B (sky130_fd_sc_hd__xnor2_1)
     1    0.00    0.13    0.12    1.85 ^ _104_/Y (sky130_fd_sc_hd__xnor2_1)
                                         sum_d[5] (net)
                  0.13    0.00    1.85 ^ _210_/D (sky130_fd_sc_hd__dfxtp_1)
                                  1.85   data arrival time

                          2.60    2.60   clock core_clock (rise edge)
                          0.00    2.60   clock source latency
     1    0.01    0.00    0.00    2.60 ^ clk (in)
                                         clk (net)
                  0.00    0.00    2.60 ^ clkbuf_0_clk/A (sky130_fd_sc_hd__clkbuf_16)
     4    0.03    0.05    0.12    2.72 ^ clkbuf_0_clk/X (sky130_fd_sc_hd__clkbuf_16)
                                         clknet_0_clk (net)
                  0.05    0.00    2.72 ^ clkbuf_2_2__f_clk/A (sky130_fd_sc_hd__clkbuf_16)
    12    0.04    0.06    0.14    2.86 ^ clkbuf_2_2__f_clk/X (sky130_fd_sc_hd__clkbuf_16)
                                         clknet_2_2__leaf_clk (net)
                  0.06    0.00    2.87 ^ _210_/CLK (sky130_fd_sc_hd__dfxtp_1)
                          0.00    2.87   clock reconvergence pessimism
                         -0.07    2.80   library setup time
                                  2.80   data required time
-----------------------------------------------------------------------------
                                  2.80   data required time
                                 -1.85   data arrival time
-----------------------------------------------------------------------------
                                  0.95   slack (MET)


Startpoint: _172_ (rising edge-triggered flip-flop clocked by core_clock)
Endpoint: _212_ (rising edge-triggered flip-flop clocked by core_clock)
Path Group: core_clock
Path Type: max

Fanout     Cap    Slew   Delay    Time   Description
-----------------------------------------------------------------------------
                          0.00    0.00   clock core_clock (rise edge)
                          0.00    0.00   clock source latency
     1    0.01    0.00    0.00    0.00 ^ clk (in)
                                         clk (net)
                  0.00    0.00    0.00 ^ clkbuf_0_clk/A (sky130_fd_sc_hd__clkbuf_16)
     4    0.03    0.05    0.12    0.12 ^ clkbuf_0_clk/X (sky130_fd_sc_hd__clkbuf_16)
                                         clknet_0_clk (net)
                  0.05    0.00    0.12 ^ clkbuf_2_1__f_clk/A (sky130_fd_sc_hd__clkbuf_16)
    17    0.04    0.06    0.15    0.27 ^ clkbuf_2_1__f_clk/X (sky130_fd_sc_hd__clkbuf_16)
                                         clknet_2_1__leaf_clk (net)
                  0.06    0.00    0.27 ^ _172_/CLK (sky130_fd_sc_hd__dfxtp_1)
     2    0.00    0.03    0.30    0.57 v _172_/Q (sky130_fd_sc_hd__dfxtp_1)
                                         a_q[0] (net)
                  0.03    0.00    0.57 v _075_/A (sky130_fd_sc_hd__or2_1)
     2    0.01    0.06    0.23    0.80 v _075_/X (sky130_fd_sc_hd__or2_1)
                                         _034_ (net)
                  0.06    0.00    0.80 v _079_/A2 (sky130_fd_sc_hd__a21bo_1)
     2    0.01    0.05    0.21    1.01 v _079_/X (sky130_fd_sc_hd__a21bo_1)
                                         _037_ (net)
                  0.05    0.00    1.01 v _084_/A1 (sky130_fd_sc_hd__a21boi_2)
     3    0.01    0.16    0.18    1.19 ^ _084_/Y (sky130_fd_sc_hd__a21boi_2)
                                         _041_ (net)
                  0.16    0.00    1.19 ^ _100_/A3 (sky130_fd_sc_hd__o31a_1)
     4    0.01    0.13    0.20    1.39 ^ _100_/X (sky130_fd_sc_hd__o31a_1)
                                         _055_ (net)
                  0.13    0.00    1.39 ^ _111_/A1 (sky130_fd_sc_hd__o21a_1)
     2    0.01    0.10    0.18    1.57 ^ _111_/X (sky130_fd_sc_hd__o21a_1)
                                         _064_ (net)
                  0.10    0.00    1.57 ^ _117_/A2 (sky130_fd_sc_hd__o21a_1)
     1    0.01    0.06    0.13    1.70 ^ _117_/X (sky130_fd_sc_hd__o21a_1)
                                         _069_ (net)
                  0.06    0.00    1.70 ^ _118_/B (sky130_fd_sc_hd__xnor2_1)
     1    0.00    0.11    0.11    1.81 ^ _118_/Y (sky130_fd_sc_hd__xnor2_1)
                                         sum_d[7] (net)
                  0.11    0.00    1.81 ^ _212_/D (sky130_fd_sc_hd__dfxtp_1)
                                  1.81   data arrival time

                          2.60    2.60   clock core_clock (rise edge)
                          0.00    2.60   clock source latency
     1    0.01    0.00    0.00    2.60 ^ clk (in)
                                         clk (net)
                  0.00    0.00    2.60 ^ clkbuf_0_clk/A (sky130_fd_sc_hd__clkbuf_16)
     4    0.03    0.05    0.12    2.72 ^ clkbuf_0_clk/X (sky130_fd_sc_hd__clkbuf_16)
                                         clknet_0_clk (net)
                  0.05    0.00    2.72 ^ clkbuf_2_0__f_clk/A (sky130_fd_sc_hd__clkbuf_16)
    14    0.04    0.06    0.15    2.87 ^ clkbuf_2_0__f_clk/X (sky130_fd_sc_hd__clkbuf_16)
                                         clknet_2_0__leaf_clk (net)
                  0.06    0.00    2.87 ^ _212_/CLK (sky130_fd_sc_hd__dfxtp_1)
                          0.00    2.87   clock reconvergence pessimism
                         -0.07    2.80   library setup time
                                  2.80   data required time
-----------------------------------------------------------------------------
                                  2.80   data required time
                                 -1.81   data arrival time
-----------------------------------------------------------------------------
                                  0.99   slack (MET)


Startpoint: _172_ (rising edge-triggered flip-flop clocked by core_clock)
Endpoint: _211_ (rising edge-triggered flip-flop clocked by core_clock)
Path Group: core_clock
Path Type: max

Fanout     Cap    Slew   Delay    Time   Description
-----------------------------------------------------------------------------
                          0.00    0.00   clock core_clock (rise edge)
                          0.00    0.00   clock source latency
     1    0.01    0.00    0.00    0.00 ^ clk (in)
                                         clk (net)
                  0.00    0.00    0.00 ^ clkbuf_0_clk/A (sky130_fd_sc_hd__clkbuf_16)
     4    0.03    0.05    0.12    0.12 ^ clkbuf_0_clk/X (sky130_fd_sc_hd__clkbuf_16)
                                         clknet_0_clk (net)
                  0.05    0.00    0.12 ^ clkbuf_2_1__f_clk/A (sky130_fd_sc_hd__clkbuf_16)
    17    0.04    0.06    0.15    0.27 ^ clkbuf_2_1__f_clk/X (sky130_fd_sc_hd__clkbuf_16)
                                         clknet_2_1__leaf_clk (net)
                  0.06    0.00    0.27 ^ _172_/CLK (sky130_fd_sc_hd__dfxtp_1)
     2    0.00    0.03    0.30    0.57 v _172_/Q (sky130_fd_sc_hd__dfxtp_1)
                                         a_q[0] (net)
                  0.03    0.00    0.57 v _075_/A (sky130_fd_sc_hd__or2_1)
     2    0.01    0.06    0.23    0.80 v _075_/X (sky130_fd_sc_hd__or2_1)
                                         _034_ (net)
                  0.06    0.00    0.80 v _079_/A2 (sky130_fd_sc_hd__a21bo_1)
     2    0.01    0.05    0.21    1.01 v _079_/X (sky130_fd_sc_hd__a21bo_1)
                                         _037_ (net)
                  0.05    0.00    1.01 v _084_/A1 (sky130_fd_sc_hd__a21boi_2)
     3    0.01    0.16    0.18    1.19 ^ _084_/Y (sky130_fd_sc_hd__a21boi_2)
                                         _041_ (net)
                  0.16    0.00    1.19 ^ _100_/A3 (sky130_fd_sc_hd__o31a_1)
     4    0.01    0.13    0.20    1.39 ^ _100_/X (sky130_fd_sc_hd__o31a_1)
                                         _055_ (net)
                  0.13    0.00    1.39 ^ _111_/A1 (sky130_fd_sc_hd__o21a_1)
     2    0.01    0.10    0.18    1.57 ^ _111_/X (sky130_fd_sc_hd__o21a_1)
                                         _064_ (net)
                  0.10    0.00    1.57 ^ _112_/B (sky130_fd_sc_hd__xnor2_1)
     1    0.00    0.15    0.13    1.70 ^ _112_/Y (sky130_fd_sc_hd__xnor2_1)
                                         sum_d[6] (net)
                  0.15    0.00    1.70 ^ _211_/D (sky130_fd_sc_hd__dfxtp_1)
                                  1.70   data arrival time

                          2.60    2.60   clock core_clock (rise edge)
                          0.00    2.60   clock source latency
     1    0.01    0.00    0.00    2.60 ^ clk (in)
                                         clk (net)
                  0.00    0.00    2.60 ^ clkbuf_0_clk/A (sky130_fd_sc_hd__clkbuf_16)
     4    0.03    0.05    0.12    2.72 ^ clkbuf_0_clk/X (sky130_fd_sc_hd__clkbuf_16)
                                         clknet_0_clk (net)
                  0.05    0.00    2.72 ^ clkbuf_2_0__f_clk/A (sky130_fd_sc_hd__clkbuf_16)
    14    0.04    0.06    0.15    2.87 ^ clkbuf_2_0__f_clk/X (sky130_fd_sc_hd__clkbuf_16)
                                         clknet_2_0__leaf_clk (net)
                  0.06    0.00    2.87 ^ _211_/CLK (sky130_fd_sc_hd__dfxtp_1)
                          0.00    2.87   clock reconvergence pessimism
                         -0.08    2.79   library setup time
                                  2.79   data required time
-----------------------------------------------------------------------------
                                  2.79   data required time
                                 -1.70   data arrival time
-----------------------------------------------------------------------------
                                  1.09   slack (MET)


Startpoint: _172_ (rising edge-triggered flip-flop clocked by core_clock)
Endpoint: _208_ (rising edge-triggered flip-flop clocked by core_clock)
Path Group: core_clock
Path Type: max

Fanout     Cap    Slew   Delay    Time   Description
-----------------------------------------------------------------------------
                          0.00    0.00   clock core_clock (rise edge)
                          0.00    0.00   clock source latency
     1    0.01    0.00    0.00    0.00 ^ clk (in)
                                         clk (net)
                  0.00    0.00    0.00 ^ clkbuf_0_clk/A (sky130_fd_sc_hd__clkbuf_16)
     4    0.03    0.05    0.12    0.12 ^ clkbuf_0_clk/X (sky130_fd_sc_hd__clkbuf_16)
                                         clknet_0_clk (net)
                  0.05    0.00    0.12 ^ clkbuf_2_1__f_clk/A (sky130_fd_sc_hd__clkbuf_16)
    17    0.04    0.06    0.15    0.27 ^ clkbuf_2_1__f_clk/X (sky130_fd_sc_hd__clkbuf_16)
                                         clknet_2_1__leaf_clk (net)
                  0.06    0.00    0.27 ^ _172_/CLK (sky130_fd_sc_hd__dfxtp_1)
     2    0.00    0.03    0.30    0.57 v _172_/Q (sky130_fd_sc_hd__dfxtp_1)
                                         a_q[0] (net)
                  0.03    0.00    0.57 v _075_/A (sky130_fd_sc_hd__or2_1)
     2    0.01    0.06    0.23    0.80 v _075_/X (sky130_fd_sc_hd__or2_1)
                                         _034_ (net)
                  0.06    0.00    0.80 v _079_/A2 (sky130_fd_sc_hd__a21bo_1)
     2    0.01    0.05    0.21    1.01 v _079_/X (sky130_fd_sc_hd__a21bo_1)
                                         _037_ (net)
                  0.05    0.00    1.01 v _084_/A1 (sky130_fd_sc_hd__a21boi_2)
     3    0.01    0.16    0.18    1.19 ^ _084_/Y (sky130_fd_sc_hd__a21boi_2)
                                         _041_ (net)
                  0.16    0.00    1.19 ^ _092_/A1 (sky130_fd_sc_hd__o21a_1)
     1    0.01    0.07    0.16    1.35 ^ _092_/X (sky130_fd_sc_hd__o21a_1)
                                         _048_ (net)
                  0.07    0.00    1.35 ^ _093_/B (sky130_fd_sc_hd__xnor2_1)
     1    0.00    0.12    0.11    1.46 ^ _093_/Y (sky130_fd_sc_hd__xnor2_1)
                                         sum_d[3] (net)
                  0.12    0.00    1.46 ^ _208_/D (sky130_fd_sc_hd__dfxtp_1)
                                  1.46   data arrival time

                          2.60    2.60   clock core_clock (rise edge)
                          0.00    2.60   clock source latency
     1    0.01    0.00    0.00    2.60 ^ clk (in)
                                         clk (net)
                  0.00    0.00    2.60 ^ clkbuf_0_clk/A (sky130_fd_sc_hd__clkbuf_16)
     4    0.03    0.05    0.12    2.72 ^ clkbuf_0_clk/X (sky130_fd_sc_hd__clkbuf_16)
                                         clknet_0_clk (net)
                  0.05    0.00    2.72 ^ clkbuf_2_0__f_clk/A (sky130_fd_sc_hd__clkbuf_16)
    14    0.04    0.06    0.15    2.87 ^ clkbuf_2_0__f_clk/X (sky130_fd_sc_hd__clkbuf_16)
                                         clknet_2_0__leaf_clk (net)
                  0.06    0.00    2.87 ^ _208_/CLK (sky130_fd_sc_hd__dfxtp_1)
                          0.00    2.87   clock reconvergence pessimism
                         -0.07    2.80   library setup time
                                  2.80   data required time
-----------------------------------------------------------------------------
                                  2.80   data required time
                                 -1.46   data arrival time
-----------------------------------------------------------------------------
                                  1.34   slack (MET)


Startpoint: _172_ (rising edge-triggered flip-flop clocked by core_clock)
Endpoint: _206_ (rising edge-triggered flip-flop clocked by core_clock)
Path Group: core_clock
Path Type: max

Fanout     Cap    Slew   Delay    Time   Description
-----------------------------------------------------------------------------
                          0.00    0.00   clock core_clock (rise edge)
                          0.00    0.00   clock source latency
     1    0.01    0.00    0.00    0.00 ^ clk (in)
                                         clk (net)
                  0.00    0.00    0.00 ^ clkbuf_0_clk/A (sky130_fd_sc_hd__clkbuf_16)
     4    0.03    0.05    0.12    0.12 ^ clkbuf_0_clk/X (sky130_fd_sc_hd__clkbuf_16)
                                         clknet_0_clk (net)
                  0.05    0.00    0.12 ^ clkbuf_2_1__f_clk/A (sky130_fd_sc_hd__clkbuf_16)
    17    0.04    0.06    0.15    0.27 ^ clkbuf_2_1__f_clk/X (sky130_fd_sc_hd__clkbuf_16)
                                         clknet_2_1__leaf_clk (net)
                  0.06    0.00    0.27 ^ _172_/CLK (sky130_fd_sc_hd__dfxtp_1)
     2    0.00    0.03    0.30    0.57 v _172_/Q (sky130_fd_sc_hd__dfxtp_1)
                                         a_q[0] (net)
                  0.03    0.00    0.57 v _075_/A (sky130_fd_sc_hd__or2_1)
     2    0.01    0.06    0.23    0.80 v _075_/X (sky130_fd_sc_hd__or2_1)
                                         _034_ (net)
                  0.06    0.00    0.80 v _079_/A2 (sky130_fd_sc_hd__a21bo_1)
     2    0.01    0.05    0.21    1.01 v _079_/X (sky130_fd_sc_hd__a21bo_1)
                                         _037_ (net)
                  0.05    0.00    1.01 v rebuffer7/A (sky130_fd_sc_hd__dlygate4sd1_1)
     1    0.01    0.04    0.24    1.25 v rebuffer7/X (sky130_fd_sc_hd__dlygate4sd1_1)
                                         net57 (net)
                  0.04    0.00    1.25 v _083_/A (sky130_fd_sc_hd__xnor2_1)
     1    0.00    0.04    0.11    1.36 v _083_/Y (sky130_fd_sc_hd__xnor2_1)
                                         sum_d[1] (net)
                  0.04    0.00    1.36 v _206_/D (sky130_fd_sc_hd__dfxtp_1)
                                  1.36   data arrival time

                          2.60    2.60   clock core_clock (rise edge)
                          0.00    2.60   clock source latency
     1    0.01    0.00    0.00    2.60 ^ clk (in)
                                         clk (net)
                  0.00    0.00    2.60 ^ clkbuf_0_clk/A (sky130_fd_sc_hd__clkbuf_16)
     4    0.03    0.05    0.12    2.72 ^ clkbuf_0_clk/X (sky130_fd_sc_hd__clkbuf_16)
                                         clknet_0_clk (net)
                  0.05    0.00    2.72 ^ clkbuf_2_0__f_clk/A (sky130_fd_sc_hd__clkbuf_16)
    14    0.04    0.06    0.15    2.87 ^ clkbuf_2_0__f_clk/X (sky130_fd_sc_hd__clkbuf_16)
                                         clknet_2_0__leaf_clk (net)
                  0.06    0.00    2.87 ^ _206_/CLK (sky130_fd_sc_hd__dfxtp_1)
                          0.00    2.87   clock reconvergence pessimism
                         -0.10    2.76   library setup time
                                  2.76   data required time
-----------------------------------------------------------------------------
                                  2.76   data required time
                                 -1.36   data arrival time
-----------------------------------------------------------------------------
                                  1.40   slack (MET)


Startpoint: _172_ (rising edge-triggered flip-flop clocked by core_clock)
Endpoint: _207_ (rising edge-triggered flip-flop clocked by core_clock)
Path Group: core_clock
Path Type: max

Fanout     Cap    Slew   Delay    Time   Description
-----------------------------------------------------------------------------
                          0.00    0.00   clock core_clock (rise edge)
                          0.00    0.00   clock source latency
     1    0.01    0.00    0.00    0.00 ^ clk (in)
                                         clk (net)
                  0.00    0.00    0.00 ^ clkbuf_0_clk/A (sky130_fd_sc_hd__clkbuf_16)
     4    0.03    0.05    0.12    0.12 ^ clkbuf_0_clk/X (sky130_fd_sc_hd__clkbuf_16)
                                         clknet_0_clk (net)
                  0.05    0.00    0.12 ^ clkbuf_2_1__f_clk/A (sky130_fd_sc_hd__clkbuf_16)
    17    0.04    0.06    0.15    0.27 ^ clkbuf_2_1__f_clk/X (sky130_fd_sc_hd__clkbuf_16)
                                         clknet_2_1__leaf_clk (net)
                  0.06    0.00    0.27 ^ _172_/CLK (sky130_fd_sc_hd__dfxtp_1)
     2    0.00    0.03    0.30    0.57 v _172_/Q (sky130_fd_sc_hd__dfxtp_1)
                                         a_q[0] (net)
                  0.03    0.00    0.57 v _075_/A (sky130_fd_sc_hd__or2_1)
     2    0.01    0.06    0.23    0.80 v _075_/X (sky130_fd_sc_hd__or2_1)
                                         _034_ (net)
                  0.06    0.00    0.80 v _079_/A2 (sky130_fd_sc_hd__a21bo_1)
     2    0.01    0.05    0.21    1.01 v _079_/X (sky130_fd_sc_hd__a21bo_1)
                                         _037_ (net)
                  0.05    0.00    1.01 v _084_/A1 (sky130_fd_sc_hd__a21boi_2)
     3    0.01    0.16    0.18    1.19 ^ _084_/Y (sky130_fd_sc_hd__a21boi_2)
                                         _041_ (net)
                  0.16    0.00    1.19 ^ _088_/A (sky130_fd_sc_hd__xor2_1)
     1    0.00    0.09    0.14    1.33 ^ _088_/X (sky130_fd_sc_hd__xor2_1)
                                         sum_d[2] (net)
                  0.09    0.00    1.33 ^ _207_/D (sky130_fd_sc_hd__dfxtp_1)
                                  1.33   data arrival time

                          2.60    2.60   clock core_clock (rise edge)
                          0.00    2.60   clock source latency
     1    0.01    0.00    0.00    2.60 ^ clk (in)
                                         clk (net)
                  0.00    0.00    2.60 ^ clkbuf_0_clk/A (sky130_fd_sc_hd__clkbuf_16)
     4    0.03    0.05    0.12    2.72 ^ clkbuf_0_clk/X (sky130_fd_sc_hd__clkbuf_16)
                                         clknet_0_clk (net)
                  0.05    0.00    2.72 ^ clkbuf_2_0__f_clk/A (sky130_fd_sc_hd__clkbuf_16)
    14    0.04    0.06    0.15    2.87 ^ clkbuf_2_0__f_clk/X (sky130_fd_sc_hd__clkbuf_16)
                                         clknet_2_0__leaf_clk (net)
                  0.06    0.00    2.87 ^ _207_/CLK (sky130_fd_sc_hd__dfxtp_1)
                          0.00    2.87   clock reconvergence pessimism
                         -0.06    2.81   library setup time
                                  2.81   data required time
-----------------------------------------------------------------------------
                                  2.81   data required time
                                 -1.33   data arrival time
-----------------------------------------------------------------------------
                                  1.48   slack (MET)


Startpoint: _172_ (rising edge-triggered flip-flop clocked by core_clock)
Endpoint: _205_ (rising edge-triggered flip-flop clocked by core_clock)
Path Group: core_clock
Path Type: max

Fanout     Cap    Slew   Delay    Time   Description
-----------------------------------------------------------------------------
                          0.00    0.00   clock core_clock (rise edge)
                          0.00    0.00   clock source latency
     1    0.01    0.00    0.00    0.00 ^ clk (in)
                                         clk (net)
                  0.00    0.00    0.00 ^ clkbuf_0_clk/A (sky130_fd_sc_hd__clkbuf_16)
     4    0.03    0.05    0.12    0.12 ^ clkbuf_0_clk/X (sky130_fd_sc_hd__clkbuf_16)
                                         clknet_0_clk (net)
                  0.05    0.00    0.12 ^ clkbuf_2_1__f_clk/A (sky130_fd_sc_hd__clkbuf_16)
    17    0.04    0.06    0.15    0.27 ^ clkbuf_2_1__f_clk/X (sky130_fd_sc_hd__clkbuf_16)
                                         clknet_2_1__leaf_clk (net)
                  0.06    0.00    0.27 ^ _172_/CLK (sky130_fd_sc_hd__dfxtp_1)
     2    0.00    0.03    0.30    0.57 v _172_/Q (sky130_fd_sc_hd__dfxtp_1)
                                         a_q[0] (net)
                  0.03    0.00    0.57 v _075_/A (sky130_fd_sc_hd__or2_1)
     2    0.01    0.06    0.23    0.80 v _075_/X (sky130_fd_sc_hd__or2_1)
                                         _034_ (net)
                  0.06    0.00    0.80 v _077_/A (sky130_fd_sc_hd__nand2_1)
     1    0.01    0.06    0.07    0.88 ^ _077_/Y (sky130_fd_sc_hd__nand2_1)
                                         _036_ (net)
                  0.06    0.00    0.88 ^ _078_/B (sky130_fd_sc_hd__xnor2_1)
     1    0.00    0.10    0.10    0.98 ^ _078_/Y (sky130_fd_sc_hd__xnor2_1)
                                         sum_d[0] (net)
                  0.10    0.00    0.98 ^ _205_/D (sky130_fd_sc_hd__dfxtp_1)
                                  0.98   data arrival time

                          2.60    2.60   clock core_clock (rise edge)
                          0.00    2.60   clock source latency
     1    0.01    0.00    0.00    2.60 ^ clk (in)
                                         clk (net)
                  0.00    0.00    2.60 ^ clkbuf_0_clk/A (sky130_fd_sc_hd__clkbuf_16)
     4    0.03    0.05    0.12    2.72 ^ clkbuf_0_clk/X (sky130_fd_sc_hd__clkbuf_16)
                                         clknet_0_clk (net)
                  0.05    0.00    2.72 ^ clkbuf_2_0__f_clk/A (sky130_fd_sc_hd__clkbuf_16)
    14    0.04    0.06    0.15    2.87 ^ clkbuf_2_0__f_clk/X (sky130_fd_sc_hd__clkbuf_16)
                                         clknet_2_0__leaf_clk (net)
                  0.06    0.00    2.87 ^ _205_/CLK (sky130_fd_sc_hd__dfxtp_1)
                          0.00    2.87   clock reconvergence pessimism
                         -0.06    2.80   library setup time
                                  2.80   data required time
-----------------------------------------------------------------------------
                                  2.80   data required time
                                 -0.98   data arrival time
-----------------------------------------------------------------------------
                                  1.83   slack (MET)



worst slack corner Typical: 0.4671
