
===========================================================================
report_checks -unconstrained
===========================================================================
======================= Typical Corner ===================================

Startpoint: _191_ (rising edge-triggered flip-flop clocked by core_clock)
Endpoint: _170_ (rising edge-triggered flip-flop clocked by core_clock)
Path Group: core_clock
Path Type: max

Fanout     Cap    Slew   Delay    Time   Description
-----------------------------------------------------------------------------
                          0.00    0.00   clock core_clock (rise edge)
                          0.00    0.00   clock source latency
     1    0.01    0.00    0.00    0.00 ^ clk (in)
                                         clk (net)
                  0.00    0.00    0.00 ^ clkbuf_0_clk/A (sky130_fd_sc_hd__clkbuf_16)
     4    0.03    0.05    0.12    0.12 ^ clkbuf_0_clk/X (sky130_fd_sc_hd__clkbuf_16)
                                         clknet_0_clk (net)
                  0.05    0.00    0.12 ^ clkbuf_2_0__f_clk/A (sky130_fd_sc_hd__clkbuf_16)
    14    0.04    0.06    0.15    0.27 ^ clkbuf_2_0__f_clk/X (sky130_fd_sc_hd__clkbuf_16)
                                         clknet_2_0__leaf_clk (net)
                  0.06    0.00    0.27 ^ _191_/CLK (sky130_fd_sc_hd__dfxtp_1)
     3    0.01    0.06    0.33    0.59 v _191_/Q (sky130_fd_sc_hd__dfxtp_1)
                                         b_q[3] (net)
                  0.06    0.00    0.59 v _090_/B (sky130_fd_sc_hd__and2_4)
     2    0.01    0.03    0.16    0.76 v _090_/X (sky130_fd_sc_hd__and2_4)
                                         _046_ (net)
                  0.03    0.00    0.76 v _091_/A (sky130_fd_sc_hd__nor2_2)
     2    0.01    0.12    0.13    0.89 ^ _091_/Y (sky130_fd_sc_hd__nor2_2)
                                         _047_ (net)
                  0.12    0.00    0.89 ^ _097_/A (sky130_fd_sc_hd__inv_2)
     1    0.00    0.03    0.04    0.92 v _097_/Y (sky130_fd_sc_hd__inv_2)
                                         _052_ (net)
                  0.03    0.00    0.92 v _100_/A1 (sky130_fd_sc_hd__o31a_1)
     4    0.01    0.08    0.32    1.25 v _100_/X (sky130_fd_sc_hd__o31a_1)
                                         _055_ (net)
                  0.08    0.00    1.25 v _121_/A3 (sky130_fd_sc_hd__o31a_1)
     3    0.01    0.09    0.30    1.55 v _121_/X (sky130_fd_sc_hd__o31a_1)
                                         _072_ (net)
                  0.09    0.00    1.55 v _145_/A3 (sky130_fd_sc_hd__o31ai_4)
     2    0.01    0.20    0.21    1.76 ^ _145_/Y (sky130_fd_sc_hd__o31ai_4)
                                         _017_ (net)
                  0.20    0.00    1.76 ^ _158_/A1 (sky130_fd_sc_hd__a211oi_2)
     2    0.01    0.08    0.11    1.87 v _158_/Y (sky130_fd_sc_hd__a211oi_2)
                                         _028_ (net)
                  0.08    0.00    1.87 v _164_/A3 (sky130_fd_sc_hd__o31a_1)
     2    0.01    0.07    0.27    2.14 v _164_/X (sky130_fd_sc_hd__o31a_1)
                                         _033_ (net)
                  0.07    0.00    2.14 v _165_/B (sky130_fd_sc_hd__xor2_1)
     1    0.00    0.05    0.15    2.29 v _165_/X (sky130_fd_sc_hd__xor2_1)
                                         sum_d[15] (net)
                  0.05    0.00    2.29 v _170_/D (sky130_fd_sc_hd__dfxtp_1)
                                  2.29   data arrival time

                          2.60    2.60   clock core_clock (rise edge)
                          0.00    2.60   clock source latency
     1    0.01    0.00    0.00    2.60 ^ clk (in)
                                         clk (net)
                  0.00    0.00    2.60 ^ clkbuf_0_clk/A (sky130_fd_sc_hd__clkbuf_16)
     4    0.03    0.05    0.12    2.72 ^ clkbuf_0_clk/X (sky130_fd_sc_hd__clkbuf_16)
                                         clknet_0_clk (net)
                  0.05    0.00    2.72 ^ clkbuf_2_3__f_clk/A (sky130_fd_sc_hd__clkbuf_16)
    10    0.04    0.06    0.14    2.86 ^ clkbuf_2_3__f_clk/X (sky130_fd_sc_hd__clkbuf_16)
                                         clknet_2_3__leaf_clk (net)
                  0.06    0.00    2.87 ^ _170_/CLK (sky130_fd_sc_hd__dfxtp_1)
                          0.00    2.87   clock reconvergence pessimism
                         -0.11    2.76   library setup time
                                  2.76   data required time
-----------------------------------------------------------------------------
                                  2.76   data required time
                                 -2.29   data arrival time
-----------------------------------------------------------------------------
                                  0.47   slack (MET)




===========================================================================
report_checks --slack_max -0.01
============================================================================
======================= Typical Corner ===================================

No paths found.


===========================================================================
 report_check_types -max_slew -max_cap -max_fanout -violators
============================================================================
======================= Typical Corner ===================================


max slew violations count Typical: 0
max fanout violations count Typical: 0
max cap violations count Typical: 0

===========================================================================
report_parasitic_annotation -report_unannotated
============================================================================
Found 3 unannotated drivers.
 clkload0/Y
 clkload1/Y
 clkload2/Y
Found 32 partially unannotated drivers.
 a[1]
 clk
 _078_/Y
 _083_/Y
 _088_/X
 _172_/Q
 _173_/Q
 _174_/Q
 _175_/Q
 _176_/Q
 _177_/Q
 _178_/Q
 _179_/Q
 _181_/Q
 _182_/Q
 clkbuf_0_clk/X
 input1/X
 input10/X
 input13/X
 input15/X
 input22/X
 input23/X
 input3/X
 input4/X
 output34/X
 output35/X
 output36/X
 output38/X
 output40/X
 output41/X
 output42/X
 output49/X

===========================================================================
max slew violation count 0
max fanout violation count 0
max cap violation count 0
============================================================================

===========================================================================
check_setup -verbose -unconstrained_endpoints -multiple_clock -no_clock -no_input_delay -loops -generated_clocks
===========================================================================
Warning: There are 33 input ports missing set_input_delay.
  a[0]
  a[10]
  a[11]
  a[12]
  a[13]
  a[14]
  a[15]
  a[1]
  a[2]
  a[3]
  a[4]
  a[5]
  a[6]
  a[7]
  a[8]
  a[9]
  b[0]
  b[10]
  b[11]
  b[12]
  b[13]
  b[14]
  b[15]
  b[1]
  b[2]
  b[3]
  b[4]
  b[5]
  b[6]
  b[7]
  b[8]
  b[9]
  cin
Warning: There are 50 unconstrained endpoints.
  sum[0]
  sum[10]
  sum[11]
  sum[12]
  sum[13]
  sum[14]
  sum[15]
  sum[16]
  sum[1]
  sum[2]
  sum[3]
  sum[4]
  sum[5]
  sum[6]
  sum[7]
  sum[8]
  sum[9]
  _172_/D
  _173_/D
  _174_/D
  _175_/D
  _176_/D
  _177_/D
  _178_/D
  _179_/D
  _180_/D
  _181_/D
  _182_/D
  _183_/D
  _184_/D
  _185_/D
  _186_/D
  _187_/D
  _188_/D
  _189_/D
  _190_/D
  _191_/D
  _192_/D
  _193_/D
  _194_/D
  _195_/D
  _196_/D
  _197_/D
  _198_/D
  _199_/D
  _200_/D
  _201_/D
  _202_/D
  _203_/D
  _204_/D
