
===========================================================================
report_checks -path_delay max (Setup)
============================================================================
======================= Typical Corner ===================================

Startpoint: _191_ (rising edge-triggered flip-flop clocked by core_clock)
Endpoint: _170_ (rising edge-triggered flip-flop clocked by core_clock)
Path Group: core_clock
Path Type: max

Fanout     Cap    Slew   Delay    Time   Description
-----------------------------------------------------------------------------
                          0.00    0.00   clock core_clock (rise edge)
                          0.00    0.00   clock source latency
     1    0.01    0.00    0.00    0.00 ^ clk (in)
                                         clk (net)
                  0.00    0.00    0.00 ^ clkbuf_0_clk/A (sky130_fd_sc_hd__clkbuf_16)
     4    0.03    0.05    0.12    0.12 ^ clkbuf_0_clk/X (sky130_fd_sc_hd__clkbuf_16)
                                         clknet_0_clk (net)
                  0.05    0.00    0.12 ^ clkbuf_2_0__f_clk/A (sky130_fd_sc_hd__clkbuf_16)
    14    0.03    0.05    0.14    0.26 ^ clkbuf_2_0__f_clk/X (sky130_fd_sc_hd__clkbuf_16)
                                         clknet_2_0__leaf_clk (net)
                  0.05    0.00    0.26 ^ _191_/CLK (sky130_fd_sc_hd__dfxtp_1)
     3    0.01    0.04    0.31    0.57 v _191_/Q (sky130_fd_sc_hd__dfxtp_1)
                                         b_q[3] (net)
                  0.04    0.00    0.57 v _090_/B (sky130_fd_sc_hd__and2_4)
     2    0.01    0.03    0.16    0.73 v _090_/X (sky130_fd_sc_hd__and2_4)
                                         _046_ (net)
                  0.03    0.00    0.73 v _091_/A (sky130_fd_sc_hd__nor2_2)
     2    0.01    0.10    0.11    0.84 ^ _091_/Y (sky130_fd_sc_hd__nor2_2)
                                         _047_ (net)
                  0.10    0.00    0.84 ^ _097_/A (sky130_fd_sc_hd__inv_2)
     1    0.00    0.02    0.03    0.87 v _097_/Y (sky130_fd_sc_hd__inv_2)
                                         _052_ (net)
                  0.02    0.00    0.87 v _100_/A1 (sky130_fd_sc_hd__o31a_1)
     4    0.01    0.07    0.31    1.18 v _100_/X (sky130_fd_sc_hd__o31a_1)
                                         _055_ (net)
                  0.07    0.00    1.18 v _121_/A3 (sky130_fd_sc_hd__o31a_1)
     3    0.01    0.09    0.29    1.46 v _121_/X (sky130_fd_sc_hd__o31a_1)
                                         _072_ (net)
                  0.09    0.00    1.46 v _145_/A3 (sky130_fd_sc_hd__o31ai_4)
     2    0.01    0.19    0.19    1.65 ^ _145_/Y (sky130_fd_sc_hd__o31ai_4)
                                         _017_ (net)
                  0.19    0.00    1.65 ^ _158_/A1 (sky130_fd_sc_hd__a211oi_2)
     2    0.00    0.07    0.10    1.75 v _158_/Y (sky130_fd_sc_hd__a211oi_2)
                                         _028_ (net)
                  0.07    0.00    1.75 v _164_/A3 (sky130_fd_sc_hd__o31a_1)
     2    0.01    0.07    0.26    2.01 v _164_/X (sky130_fd_sc_hd__o31a_1)
                                         _033_ (net)
                  0.07    0.00    2.01 v _165_/B (sky130_fd_sc_hd__xor2_1)
     1    0.00    0.04    0.14    2.15 v _165_/X (sky130_fd_sc_hd__xor2_1)
                                         sum_d[15] (net)
                  0.04    0.00    2.15 v _170_/D (sky130_fd_sc_hd__dfxtp_1)
                                  2.15   data arrival time

                          2.60    2.60   clock core_clock (rise edge)
                          0.00    2.60   clock source latency
     1    0.01    0.00    0.00    2.60 ^ clk (in)
                                         clk (net)
                  0.00    0.00    2.60 ^ clkbuf_0_clk/A (sky130_fd_sc_hd__clkbuf_16)
     4    0.03    0.05    0.12    2.72 ^ clkbuf_0_clk/X (sky130_fd_sc_hd__clkbuf_16)
                                         clknet_0_clk (net)
                  0.05    0.00    2.72 ^ clkbuf_2_3__f_clk/A (sky130_fd_sc_hd__clkbuf_16)
    10    0.03    0.05    0.14    2.86 ^ clkbuf_2_3__f_clk/X (sky130_fd_sc_hd__clkbuf_16)
                                         clknet_2_3__leaf_clk (net)
                  0.05    0.00    2.86 ^ _170_/CLK (sky130_fd_sc_hd__dfxtp_1)
                          0.00    2.86   clock reconvergence pessimism
                         -0.11    2.75   library setup time
                                  2.75   data required time
-----------------------------------------------------------------------------
                                  2.75   data required time
                                 -2.15   data arrival time
-----------------------------------------------------------------------------
                                  0.60   slack (MET)


Startpoint: _191_ (rising edge-triggered flip-flop clocked by core_clock)
Endpoint: _216_ (rising edge-triggered flip-flop clocked by core_clock)
Path Group: core_clock
Path Type: max

Fanout     Cap    Slew   Delay    Time   Description
-----------------------------------------------------------------------------
                          0.00    0.00   clock core_clock (rise edge)
                          0.00    0.00   clock source latency
     1    0.01    0.00    0.00    0.00 ^ clk (in)
                                         clk (net)
                  0.00    0.00    0.00 ^ clkbuf_0_clk/A (sky130_fd_sc_hd__clkbuf_16)
     4    0.03    0.05    0.12    0.12 ^ clkbuf_0_clk/X (sky130_fd_sc_hd__clkbuf_16)
                                         clknet_0_clk (net)
                  0.05    0.00    0.12 ^ clkbuf_2_0__f_clk/A (sky130_fd_sc_hd__clkbuf_16)
    14    0.03    0.05    0.14    0.26 ^ clkbuf_2_0__f_clk/X (sky130_fd_sc_hd__clkbuf_16)
                                         clknet_2_0__leaf_clk (net)
                  0.05    0.00    0.26 ^ _191_/CLK (sky130_fd_sc_hd__dfxtp_1)
     3    0.01    0.04    0.31    0.57 v _191_/Q (sky130_fd_sc_hd__dfxtp_1)
                                         b_q[3] (net)
                  0.04    0.00    0.57 v _090_/B (sky130_fd_sc_hd__and2_4)
     2    0.01    0.03    0.16    0.73 v _090_/X (sky130_fd_sc_hd__and2_4)
                                         _046_ (net)
                  0.03    0.00    0.73 v _091_/A (sky130_fd_sc_hd__nor2_2)
     2    0.01    0.10    0.11    0.84 ^ _091_/Y (sky130_fd_sc_hd__nor2_2)
                                         _047_ (net)
                  0.10    0.00    0.84 ^ _097_/A (sky130_fd_sc_hd__inv_2)
     1    0.00    0.02    0.03    0.87 v _097_/Y (sky130_fd_sc_hd__inv_2)
                                         _052_ (net)
                  0.02    0.00    0.87 v _100_/A1 (sky130_fd_sc_hd__o31a_1)
     4    0.01    0.07    0.31    1.18 v _100_/X (sky130_fd_sc_hd__o31a_1)
                                         _055_ (net)
                  0.07    0.00    1.18 v _121_/A3 (sky130_fd_sc_hd__o31a_1)
     3    0.01    0.09    0.29    1.46 v _121_/X (sky130_fd_sc_hd__o31a_1)
                                         _072_ (net)
                  0.09    0.00    1.46 v rebuffer3/A (sky130_fd_sc_hd__dlymetal6s2s_1)
     1    0.00    0.04    0.15    1.61 v rebuffer3/X (sky130_fd_sc_hd__dlymetal6s2s_1)
                                         net53 (net)
                  0.04    0.00    1.61 v _133_/A2 (sky130_fd_sc_hd__o21a_1)
     2    0.01    0.05    0.18    1.79 v _133_/X (sky130_fd_sc_hd__o21a_1)
                                         _007_ (net)
                  0.05    0.00    1.79 v _138_/A2 (sky130_fd_sc_hd__o21a_1)
     1    0.00    0.04    0.17    1.97 v _138_/X (sky130_fd_sc_hd__o21a_1)
                                         _011_ (net)
                  0.04    0.00    1.97 v _139_/B (sky130_fd_sc_hd__xnor2_1)
     1    0.00    0.05    0.11    2.08 v _139_/Y (sky130_fd_sc_hd__xnor2_1)
                                         sum_d[11] (net)
                  0.05    0.00    2.08 v _216_/D (sky130_fd_sc_hd__dfxtp_1)
                                  2.08   data arrival time

                          2.60    2.60   clock core_clock (rise edge)
                          0.00    2.60   clock source latency
     1    0.01    0.00    0.00    2.60 ^ clk (in)
                                         clk (net)
                  0.00    0.00    2.60 ^ clkbuf_0_clk/A (sky130_fd_sc_hd__clkbuf_16)
     4    0.03    0.05    0.12    2.72 ^ clkbuf_0_clk/X (sky130_fd_sc_hd__clkbuf_16)
                                         clknet_0_clk (net)
                  0.05    0.00    2.72 ^ clkbuf_2_1__f_clk/A (sky130_fd_sc_hd__clkbuf_16)
    17    0.03    0.05    0.14    2.86 ^ clkbuf_2_1__f_clk/X (sky130_fd_sc_hd__clkbuf_16)
                                         clknet_2_1__leaf_clk (net)
                  0.05    0.00    2.86 ^ _216_/CLK (sky130_fd_sc_hd__dfxtp_1)
                          0.00    2.86   clock reconvergence pessimism
                         -0.11    2.75   library setup time
                                  2.75   data required time
-----------------------------------------------------------------------------
                                  2.75   data required time
                                 -2.08   data arrival time
-----------------------------------------------------------------------------
                                  0.67   slack (MET)


Startpoint: _191_ (rising edge-triggered flip-flop clocked by core_clock)
Endpoint: _171_ (rising edge-triggered flip-flop clocked by core_clock)
Path Group: core_clock
Path Type: max

Fanout     Cap    Slew   Delay    Time   Description
-----------------------------------------------------------------------------
                          0.00    0.00   clock core_clock (rise edge)
                          0.00    0.00   clock source latency
     1    0.01    0.00    0.00    0.00 ^ clk (in)
                                         clk (net)
                  0.00    0.00    0.00 ^ clkbuf_0_clk/A (sky130_fd_sc_hd__clkbuf_16)
     4    0.03    0.05    0.12    0.12 ^ clkbuf_0_clk/X (sky130_fd_sc_hd__clkbuf_16)
                                         clknet_0_clk (net)
                  0.05    0.00    0.12 ^ clkbuf_2_0__f_clk/A (sky130_fd_sc_hd__clkbuf_16)
    14    0.03    0.05    0.14    0.26 ^ clkbuf_2_0__f_clk/X (sky130_fd_sc_hd__clkbuf_16)
                                         clknet_2_0__leaf_clk (net)
                  0.05    0.00    0.26 ^ _191_/CLK (sky130_fd_sc_hd__dfxtp_1)
     3    0.01    0.04    0.31    0.57 v _191_/Q (sky130_fd_sc_hd__dfxtp_1)
                                         b_q[3] (net)
                  0.04    0.00    0.57 v _090_/B (sky130_fd_sc_hd__and2_4)
     2    0.01    0.03    0.16    0.73 v _090_/X (sky130_fd_sc_hd__and2_4)
                                         _046_ (net)
                  0.03    0.00    0.73 v _091_/A (sky130_fd_sc_hd__nor2_2)
     2    0.01    0.10    0.11    0.84 ^ _091_/Y (sky130_fd_sc_hd__nor2_2)
                                         _047_ (net)
                  0.10    0.00    0.84 ^ _097_/A (sky130_fd_sc_hd__inv_2)
     1    0.00    0.02    0.03    0.87 v _097_/Y (sky130_fd_sc_hd__inv_2)
                                         _052_ (net)
                  0.02    0.00    0.87 v _100_/A1 (sky130_fd_sc_hd__o31a_1)
     4    0.01    0.07    0.31    1.18 v _100_/X (sky130_fd_sc_hd__o31a_1)
                                         _055_ (net)
                  0.07    0.00    1.18 v _121_/A3 (sky130_fd_sc_hd__o31a_1)
     3    0.01    0.09    0.29    1.46 v _121_/X (sky130_fd_sc_hd__o31a_1)
                                         _072_ (net)
                  0.09    0.00    1.46 v _145_/A3 (sky130_fd_sc_hd__o31ai_4)
     2    0.01    0.19    0.19    1.65 ^ _145_/Y (sky130_fd_sc_hd__o31ai_4)
                                         _017_ (net)
                  0.19    0.00    1.65 ^ _158_/A1 (sky130_fd_sc_hd__a211oi_2)
     2    0.00    0.07    0.10    1.75 v _158_/Y (sky130_fd_sc_hd__a211oi_2)
                                         _028_ (net)
                  0.07    0.00    1.75 v _164_/A3 (sky130_fd_sc_hd__o31a_1)
     2    0.01    0.07    0.26    2.01 v _164_/X (sky130_fd_sc_hd__o31a_1)
                                         _033_ (net)
                  0.07    0.00    2.01 v _166_/A2 (sky130_fd_sc_hd__o21ai_1)
     1    0.00    0.08    0.10    2.12 ^ _166_/Y (sky130_fd_sc_hd__o21ai_1)
                                         sum_d[16] (net)
                  0.08    0.00    2.12 ^ _171_/D (sky130_fd_sc_hd__dfxtp_1)
                                  2.12   data arrival time

                          2.60    2.60   clock core_clock (rise edge)
                          0.00    2.60   clock source latency
     1    0.01    0.00    0.00    2.60 ^ clk (in)
                                         clk (net)
                  0.00    0.00    2.60 ^ clkbuf_0_clk/A (sky130_fd_sc_hd__clkbuf_16)
     4    0.03    0.05    0.12    2.72 ^ clkbuf_0_clk/X (sky130_fd_sc_hd__clkbuf_16)
                                         clknet_0_clk (net)
                  0.05    0.00    2.72 ^ clkbuf_2_1__f_clk/A (sky130_fd_sc_hd__clkbuf_16)
    17    0.03    0.05    0.14    2.86 ^ clkbuf_2_1__f_clk/X (sky130_fd_sc_hd__clkbuf_16)
                                         clknet_2_1__leaf_clk (net)
                  0.05    0.00    2.86 ^ _171_/CLK (sky130_fd_sc_hd__dfxtp_1)
                          0.00    2.86   clock reconvergence pessimism
                         -0.06    2.80   library setup time
                                  2.80   data required time
-----------------------------------------------------------------------------
                                  2.80   data required time
                                 -2.12   data arrival time
-----------------------------------------------------------------------------
                                  0.68   slack (MET)


Startpoint: _191_ (rising edge-triggered flip-flop clocked by core_clock)
Endpoint: _214_ (rising edge-triggered flip-flop clocked by core_clock)
Path Group: core_clock
Path Type: max

Fanout     Cap    Slew   Delay    Time   Description
-----------------------------------------------------------------------------
                          0.00    0.00   clock core_clock (rise edge)
                          0.00    0.00   clock source latency
     1    0.01    0.00    0.00    0.00 ^ clk (in)
                                         clk (net)
                  0.00    0.00    0.00 ^ clkbuf_0_clk/A (sky130_fd_sc_hd__clkbuf_16)
     4    0.03    0.05    0.12    0.12 ^ clkbuf_0_clk/X (sky130_fd_sc_hd__clkbuf_16)
                                         clknet_0_clk (net)
                  0.05    0.00    0.12 ^ clkbuf_2_0__f_clk/A (sky130_fd_sc_hd__clkbuf_16)
    14    0.03    0.05    0.14    0.26 ^ clkbuf_2_0__f_clk/X (sky130_fd_sc_hd__clkbuf_16)
                                         clknet_2_0__leaf_clk (net)
                  0.05    0.00    0.26 ^ _191_/CLK (sky130_fd_sc_hd__dfxtp_1)
     3    0.01    0.04    0.31    0.57 v _191_/Q (sky130_fd_sc_hd__dfxtp_1)
                                         b_q[3] (net)
                  0.04    0.00    0.57 v _090_/B (sky130_fd_sc_hd__and2_4)
     2    0.01    0.03    0.16    0.73 v _090_/X (sky130_fd_sc_hd__and2_4)
                                         _046_ (net)
                  0.03    0.00    0.73 v _091_/A (sky130_fd_sc_hd__nor2_2)
     2    0.01    0.10    0.11    0.84 ^ _091_/Y (sky130_fd_sc_hd__nor2_2)
                                         _047_ (net)
                  0.10    0.00    0.84 ^ _097_/A (sky130_fd_sc_hd__inv_2)
     1    0.00    0.02    0.03    0.87 v _097_/Y (sky130_fd_sc_hd__inv_2)
                                         _052_ (net)
                  0.02    0.00    0.87 v _100_/A1 (sky130_fd_sc_hd__o31a_1)
     4    0.01    0.07    0.31    1.18 v _100_/X (sky130_fd_sc_hd__o31a_1)
                                         _055_ (net)
                  0.07    0.00    1.18 v _121_/A3 (sky130_fd_sc_hd__o31a_1)
     3    0.01    0.09    0.29    1.46 v _121_/X (sky130_fd_sc_hd__o31a_1)
                                         _072_ (net)
                  0.09    0.00    1.46 v rebuffer1/A (sky130_fd_sc_hd__dlygate4sd1_1)
     2    0.00    0.04    0.25    1.71 v rebuffer1/X (sky130_fd_sc_hd__dlygate4sd1_1)
                                         net51 (net)
                  0.04    0.00    1.71 v _127_/A1 (sky130_fd_sc_hd__o21a_1)
     1    0.00    0.04    0.19    1.90 v _127_/X (sky130_fd_sc_hd__o21a_1)
                                         _002_ (net)
                  0.04    0.00    1.90 v _128_/B (sky130_fd_sc_hd__xnor2_1)
     1    0.00    0.05    0.11    2.01 v _128_/Y (sky130_fd_sc_hd__xnor2_1)
                                         sum_d[9] (net)
                  0.05    0.00    2.01 v _214_/D (sky130_fd_sc_hd__dfxtp_1)
                                  2.01   data arrival time

                          2.60    2.60   clock core_clock (rise edge)
                          0.00    2.60   clock source latency
     1    0.01    0.00    0.00    2.60 ^ clk (in)
                                         clk (net)
                  0.00    0.00    2.60 ^ clkbuf_0_clk/A (sky130_fd_sc_hd__clkbuf_16)
     4    0.03    0.05    0.12    2.72 ^ clkbuf_0_clk/X (sky130_fd_sc_hd__clkbuf_16)
                                         clknet_0_clk (net)
                  0.05    0.00    2.72 ^ clkbuf_2_1__f_clk/A (sky130_fd_sc_hd__clkbuf_16)
    17    0.03    0.05    0.14    2.86 ^ clkbuf_2_1__f_clk/X (sky130_fd_sc_hd__clkbuf_16)
                                         clknet_2_1__leaf_clk (net)
                  0.05    0.00    2.86 ^ _214_/CLK (sky130_fd_sc_hd__dfxtp_1)
                          0.00    2.86   clock reconvergence pessimism
                         -0.11    2.75   library setup time
                                  2.75   data required time
-----------------------------------------------------------------------------
                                  2.75   data required time
                                 -2.01   data arrival time
-----------------------------------------------------------------------------
                                  0.74   slack (MET)


Startpoint: _172_ (rising edge-triggered flip-flop clocked by core_clock)
Endpoint: _168_ (rising edge-triggered flip-flop clocked by core_clock)
Path Group: core_clock
Path Type: max

Fanout     Cap    Slew   Delay    Time   Description
-----------------------------------------------------------------------------
                          0.00    0.00   clock core_clock (rise edge)
                          0.00    0.00   clock source latency
     1    0.01    0.00    0.00    0.00 ^ clk (in)
                                         clk (net)
                  0.00    0.00    0.00 ^ clkbuf_0_clk/A (sky130_fd_sc_hd__clkbuf_16)
     4    0.03    0.05    0.12    0.12 ^ clkbuf_0_clk/X (sky130_fd_sc_hd__clkbuf_16)
                                         clknet_0_clk (net)
                  0.05    0.00    0.12 ^ clkbuf_2_1__f_clk/A (sky130_fd_sc_hd__clkbuf_16)
    17    0.03    0.05    0.14    0.26 ^ clkbuf_2_1__f_clk/X (sky130_fd_sc_hd__clkbuf_16)
                                         clknet_2_1__leaf_clk (net)
                  0.05    0.00    0.26 ^ _172_/CLK (sky130_fd_sc_hd__dfxtp_1)
     2    0.00    0.03    0.30    0.56 v _172_/Q (sky130_fd_sc_hd__dfxtp_1)
                                         a_q[0] (net)
                  0.03    0.00    0.56 v _075_/A (sky130_fd_sc_hd__or2_1)
     2    0.00    0.06    0.23    0.78 v _075_/X (sky130_fd_sc_hd__or2_1)
                                         _034_ (net)
                  0.06    0.00    0.78 v _079_/A2 (sky130_fd_sc_hd__a21bo_1)
     2    0.01    0.05    0.20    0.99 v _079_/X (sky130_fd_sc_hd__a21bo_1)
                                         _037_ (net)
                  0.05    0.00    0.99 v _084_/A1 (sky130_fd_sc_hd__a21boi_2)
     3    0.01    0.15    0.16    1.15 ^ _084_/Y (sky130_fd_sc_hd__a21boi_2)
                                         _041_ (net)
                  0.15    0.00    1.15 ^ _100_/A3 (sky130_fd_sc_hd__o31a_1)
     4    0.01    0.10    0.18    1.33 ^ _100_/X (sky130_fd_sc_hd__o31a_1)
                                         _055_ (net)
                  0.10    0.00    1.33 ^ _121_/A3 (sky130_fd_sc_hd__o31a_1)
     3    0.01    0.15    0.20    1.52 ^ _121_/X (sky130_fd_sc_hd__o31a_1)
                                         _072_ (net)
                  0.15    0.00    1.52 ^ _145_/A3 (sky130_fd_sc_hd__o31ai_4)
     2    0.01    0.06    0.07    1.59 v _145_/Y (sky130_fd_sc_hd__o31ai_4)
                                         _017_ (net)
                  0.06    0.00    1.59 v rebuffer9/A (sky130_fd_sc_hd__buf_2)
     2    0.01    0.03    0.13    1.72 v rebuffer9/X (sky130_fd_sc_hd__buf_2)
                                         net59 (net)
                  0.03    0.00    1.72 v _153_/A1 (sky130_fd_sc_hd__a21o_1)
     1    0.00    0.04    0.15    1.88 v _153_/X (sky130_fd_sc_hd__a21o_1)
                                         _024_ (net)
                  0.04    0.00    1.88 v _154_/B (sky130_fd_sc_hd__xnor2_1)
     1    0.00    0.04    0.11    1.99 v _154_/Y (sky130_fd_sc_hd__xnor2_1)
                                         sum_d[13] (net)
                  0.04    0.00    1.99 v _168_/D (sky130_fd_sc_hd__dfxtp_1)
                                  1.99   data arrival time

                          2.60    2.60   clock core_clock (rise edge)
                          0.00    2.60   clock source latency
     1    0.01    0.00    0.00    2.60 ^ clk (in)
                                         clk (net)
                  0.00    0.00    2.60 ^ clkbuf_0_clk/A (sky130_fd_sc_hd__clkbuf_16)
     4    0.03    0.05    0.12    2.72 ^ clkbuf_0_clk/X (sky130_fd_sc_hd__clkbuf_16)
                                         clknet_0_clk (net)
                  0.05    0.00    2.72 ^ clkbuf_2_1__f_clk/A (sky130_fd_sc_hd__clkbuf_16)
    17    0.03    0.05    0.14    2.86 ^ clkbuf_2_1__f_clk/X (sky130_fd_sc_hd__clkbuf_16)
                                         clknet_2_1__leaf_clk (net)
                  0.05    0.00    2.86 ^ _168_/CLK (sky130_fd_sc_hd__dfxtp_1)
                          0.00    2.86   clock reconvergence pessimism
                         -0.11    2.75   library setup time
                                  2.75   data required time
-----------------------------------------------------------------------------
                                  2.75   data required time
                                 -1.99   data arrival time
-----------------------------------------------------------------------------
                                  0.77   slack (MET)


Startpoint: _172_ (rising edge-triggered flip-flop clocked by core_clock)
Endpoint: _169_ (rising edge-triggered flip-flop clocked by core_clock)
Path Group: core_clock
Path Type: max

Fanout     Cap    Slew   Delay    Time   Description
-----------------------------------------------------------------------------
                          0.00    0.00   clock core_clock (rise edge)
                          0.00    0.00   clock source latency
     1    0.01    0.00    0.00    0.00 ^ clk (in)
                                         clk (net)
                  0.00    0.00    0.00 ^ clkbuf_0_clk/A (sky130_fd_sc_hd__clkbuf_16)
     4    0.03    0.05    0.12    0.12 ^ clkbuf_0_clk/X (sky130_fd_sc_hd__clkbuf_16)
                                         clknet_0_clk (net)
                  0.05    0.00    0.12 ^ clkbuf_2_1__f_clk/A (sky130_fd_sc_hd__clkbuf_16)
    17    0.03    0.05    0.14    0.26 ^ clkbuf_2_1__f_clk/X (sky130_fd_sc_hd__clkbuf_16)
                                         clknet_2_1__leaf_clk (net)
                  0.05    0.00    0.26 ^ _172_/CLK (sky130_fd_sc_hd__dfxtp_1)
     2    0.00    0.03    0.30    0.56 v _172_/Q (sky130_fd_sc_hd__dfxtp_1)
                                         a_q[0] (net)
                  0.03    0.00    0.56 v _075_/A (sky130_fd_sc_hd__or2_1)
     2    0.00    0.06    0.23    0.78 v _075_/X (sky130_fd_sc_hd__or2_1)
                                         _034_ (net)
                  0.06    0.00    0.78 v _079_/A2 (sky130_fd_sc_hd__a21bo_1)
     2    0.01    0.05    0.20    0.99 v _079_/X (sky130_fd_sc_hd__a21bo_1)
                                         _037_ (net)
                  0.05    0.00    0.99 v _084_/A1 (sky130_fd_sc_hd__a21boi_2)
     3    0.01    0.15    0.16    1.15 ^ _084_/Y (sky130_fd_sc_hd__a21boi_2)
                                         _041_ (net)
                  0.15    0.00    1.15 ^ _100_/A3 (sky130_fd_sc_hd__o31a_1)
     4    0.01    0.10    0.18    1.33 ^ _100_/X (sky130_fd_sc_hd__o31a_1)
                                         _055_ (net)
                  0.10    0.00    1.33 ^ _121_/A3 (sky130_fd_sc_hd__o31a_1)
     3    0.01    0.15    0.20    1.52 ^ _121_/X (sky130_fd_sc_hd__o31a_1)
                                         _072_ (net)
                  0.15    0.00    1.52 ^ _145_/A3 (sky130_fd_sc_hd__o31ai_4)
     2    0.01    0.06    0.07    1.59 v _145_/Y (sky130_fd_sc_hd__o31ai_4)
                                         _017_ (net)
                  0.06    0.00    1.59 v _158_/A1 (sky130_fd_sc_hd__a211oi_2)
     2    0.01    0.18    0.19    1.79 ^ _158_/Y (sky130_fd_sc_hd__a211oi_2)
                                         _028_ (net)
                  0.18    0.00    1.79 ^ _159_/B (sky130_fd_sc_hd__nor2_1)
     1    0.00    0.05    0.07    1.86 v _159_/Y (sky130_fd_sc_hd__nor2_1)
                                         _029_ (net)
                  0.05    0.00    1.86 v _160_/B (sky130_fd_sc_hd__xnor2_1)
     1    0.00    0.04    0.11    1.97 v _160_/Y (sky130_fd_sc_hd__xnor2_1)
                                         sum_d[14] (net)
                  0.04    0.00    1.97 v _169_/D (sky130_fd_sc_hd__dfxtp_1)
                                  1.97   data arrival time

                          2.60    2.60   clock core_clock (rise edge)
                          0.00    2.60   clock source latency
     1    0.01    0.00    0.00    2.60 ^ clk (in)
                                         clk (net)
                  0.00    0.00    2.60 ^ clkbuf_0_clk/A (sky130_fd_sc_hd__clkbuf_16)
     4    0.03    0.05    0.12    2.72 ^ clkbuf_0_clk/X (sky130_fd_sc_hd__clkbuf_16)
                                         clknet_0_clk (net)
                  0.05    0.00    2.72 ^ clkbuf_2_1__f_clk/A (sky130_fd_sc_hd__clkbuf_16)
    17    0.03    0.05    0.14    2.86 ^ clkbuf_2_1__f_clk/X (sky130_fd_sc_hd__clkbuf_16)
                                         clknet_2_1__leaf_clk (net)
                  0.05    0.00    2.86 ^ _169_/CLK (sky130_fd_sc_hd__dfxtp_1)
                          0.00    2.86   clock reconvergence pessimism
                         -0.11    2.75   library setup time
                                  2.75   data required time
-----------------------------------------------------------------------------
                                  2.75   data required time
                                 -1.97   data arrival time
-----------------------------------------------------------------------------
                                  0.78   slack (MET)


Startpoint: _191_ (rising edge-triggered flip-flop clocked by core_clock)
Endpoint: _213_ (rising edge-triggered flip-flop clocked by core_clock)
Path Group: core_clock
Path Type: max

Fanout     Cap    Slew   Delay    Time   Description
-----------------------------------------------------------------------------
                          0.00    0.00   clock core_clock (rise edge)
                          0.00    0.00   clock source latency
     1    0.01    0.00    0.00    0.00 ^ clk (in)
                                         clk (net)
                  0.00    0.00    0.00 ^ clkbuf_0_clk/A (sky130_fd_sc_hd__clkbuf_16)
     4    0.03    0.05    0.12    0.12 ^ clkbuf_0_clk/X (sky130_fd_sc_hd__clkbuf_16)
                                         clknet_0_clk (net)
                  0.05    0.00    0.12 ^ clkbuf_2_0__f_clk/A (sky130_fd_sc_hd__clkbuf_16)
    14    0.03    0.05    0.14    0.26 ^ clkbuf_2_0__f_clk/X (sky130_fd_sc_hd__clkbuf_16)
                                         clknet_2_0__leaf_clk (net)
                  0.05    0.00    0.26 ^ _191_/CLK (sky130_fd_sc_hd__dfxtp_1)
     3    0.01    0.04    0.31    0.57 v _191_/Q (sky130_fd_sc_hd__dfxtp_1)
                                         b_q[3] (net)
                  0.04    0.00    0.57 v _090_/B (sky130_fd_sc_hd__and2_4)
     2    0.01    0.03    0.16    0.73 v _090_/X (sky130_fd_sc_hd__and2_4)
                                         _046_ (net)
                  0.03    0.00    0.73 v _091_/A (sky130_fd_sc_hd__nor2_2)
     2    0.01    0.10    0.11    0.84 ^ _091_/Y (sky130_fd_sc_hd__nor2_2)
                                         _047_ (net)
                  0.10    0.00    0.84 ^ _097_/A (sky130_fd_sc_hd__inv_2)
     1    0.00    0.02    0.03    0.87 v _097_/Y (sky130_fd_sc_hd__inv_2)
                                         _052_ (net)
                  0.02    0.00    0.87 v _100_/A1 (sky130_fd_sc_hd__o31a_1)
     4    0.01    0.07    0.31    1.18 v _100_/X (sky130_fd_sc_hd__o31a_1)
                                         _055_ (net)
                  0.07    0.00    1.18 v _121_/A3 (sky130_fd_sc_hd__o31a_1)
     3    0.01    0.09    0.29    1.46 v _121_/X (sky130_fd_sc_hd__o31a_1)
                                         _072_ (net)
                  0.09    0.00    1.46 v rebuffer1/A (sky130_fd_sc_hd__dlygate4sd1_1)
     2    0.00    0.04    0.25    1.71 v rebuffer1/X (sky130_fd_sc_hd__dlygate4sd1_1)
                                         net51 (net)
                  0.04    0.00    1.71 v rebuffer2/A (sky130_fd_sc_hd__clkbuf_1)
     1    0.00    0.03    0.09    1.81 v rebuffer2/X (sky130_fd_sc_hd__clkbuf_1)
                                         net52 (net)
                  0.03    0.00    1.81 v _125_/A (sky130_fd_sc_hd__xor2_1)
     1    0.00    0.04    0.14    1.95 v _125_/X (sky130_fd_sc_hd__xor2_1)
                                         sum_d[8] (net)
                  0.04    0.00    1.95 v _213_/D (sky130_fd_sc_hd__dfxtp_1)
                                  1.95   data arrival time

                          2.60    2.60   clock core_clock (rise edge)
                          0.00    2.60   clock source latency
     1    0.01    0.00    0.00    2.60 ^ clk (in)
                                         clk (net)
                  0.00    0.00    2.60 ^ clkbuf_0_clk/A (sky130_fd_sc_hd__clkbuf_16)
     4    0.03    0.05    0.12    2.72 ^ clkbuf_0_clk/X (sky130_fd_sc_hd__clkbuf_16)
                                         clknet_0_clk (net)
                  0.05    0.00    2.72 ^ clkbuf_2_3__f_clk/A (sky130_fd_sc_hd__clkbuf_16)
    10    0.03    0.05    0.14    2.86 ^ clkbuf_2_3__f_clk/X (sky130_fd_sc_hd__clkbuf_16)
                                         clknet_2_3__leaf_clk (net)
                  0.05    0.00    2.86 ^ _213_/CLK (sky130_fd_sc_hd__dfxtp_1)
                          0.00    2.86   clock reconvergence pessimism
                         -0.11    2.75   library setup time
                                  2.75   data required time
-----------------------------------------------------------------------------
                                  2.75   data required time
                                 -1.95   data arrival time
-----------------------------------------------------------------------------
                                  0.80   slack (MET)


Startpoint: _191_ (rising edge-triggered flip-flop clocked by core_clock)
Endpoint: _215_ (rising edge-triggered flip-flop clocked by core_clock)
Path Group: core_clock
Path Type: max

Fanout     Cap    Slew   Delay    Time   Description
-----------------------------------------------------------------------------
                          0.00    0.00   clock core_clock (rise edge)
                          0.00    0.00   clock source latency
     1    0.01    0.00    0.00    0.00 ^ clk (in)
                                         clk (net)
                  0.00    0.00    0.00 ^ clkbuf_0_clk/A (sky130_fd_sc_hd__clkbuf_16)
     4    0.03    0.05    0.12    0.12 ^ clkbuf_0_clk/X (sky130_fd_sc_hd__clkbuf_16)
                                         clknet_0_clk (net)
                  0.05    0.00    0.12 ^ clkbuf_2_0__f_clk/A (sky130_fd_sc_hd__clkbuf_16)
    14    0.03    0.05    0.14    0.26 ^ clkbuf_2_0__f_clk/X (sky130_fd_sc_hd__clkbuf_16)
                                         clknet_2_0__leaf_clk (net)
                  0.05    0.00    0.26 ^ _191_/CLK (sky130_fd_sc_hd__dfxtp_1)
     3    0.01    0.04    0.31    0.57 v _191_/Q (sky130_fd_sc_hd__dfxtp_1)
                                         b_q[3] (net)
                  0.04    0.00    0.57 v _090_/B (sky130_fd_sc_hd__and2_4)
     2    0.01    0.03    0.16    0.73 v _090_/X (sky130_fd_sc_hd__and2_4)
                                         _046_ (net)
                  0.03    0.00    0.73 v _091_/A (sky130_fd_sc_hd__nor2_2)
     2    0.01    0.10    0.11    0.84 ^ _091_/Y (sky130_fd_sc_hd__nor2_2)
                                         _047_ (net)
                  0.10    0.00    0.84 ^ _097_/A (sky130_fd_sc_hd__inv_2)
     1    0.00    0.02    0.03    0.87 v _097_/Y (sky130_fd_sc_hd__inv_2)
                                         _052_ (net)
                  0.02    0.00    0.87 v _100_/A1 (sky130_fd_sc_hd__o31a_1)
     4    0.01    0.07    0.31    1.18 v _100_/X (sky130_fd_sc_hd__o31a_1)
                                         _055_ (net)
                  0.07    0.00    1.18 v _121_/A3 (sky130_fd_sc_hd__o31a_1)
     3    0.01    0.09    0.29    1.46 v _121_/X (sky130_fd_sc_hd__o31a_1)
                                         _072_ (net)
                  0.09    0.00    1.46 v rebuffer3/A (sky130_fd_sc_hd__dlymetal6s2s_1)
     1    0.00    0.04    0.15    1.61 v rebuffer3/X (sky130_fd_sc_hd__dlymetal6s2s_1)
                                         net53 (net)
                  0.04    0.00    1.61 v _133_/A2 (sky130_fd_sc_hd__o21a_1)
     2    0.01    0.05    0.18    1.79 v _133_/X (sky130_fd_sc_hd__o21a_1)
                                         _007_ (net)
                  0.05    0.00    1.79 v _134_/B (sky130_fd_sc_hd__xnor2_1)
     1    0.00    0.05    0.11    1.91 v _134_/Y (sky130_fd_sc_hd__xnor2_1)
                                         sum_d[10] (net)
                  0.05    0.00    1.91 v _215_/D (sky130_fd_sc_hd__dfxtp_1)
                                  1.91   data arrival time

                          2.60    2.60   clock core_clock (rise edge)
                          0.00    2.60   clock source latency
     1    0.01    0.00    0.00    2.60 ^ clk (in)
                                         clk (net)
                  0.00    0.00    2.60 ^ clkbuf_0_clk/A (sky130_fd_sc_hd__clkbuf_16)
     4    0.03    0.05    0.12    2.72 ^ clkbuf_0_clk/X (sky130_fd_sc_hd__clkbuf_16)
                                         clknet_0_clk (net)
                  0.05    0.00    2.72 ^ clkbuf_2_1__f_clk/A (sky130_fd_sc_hd__clkbuf_16)
    17    0.03    0.05    0.14    2.86 ^ clkbuf_2_1__f_clk/X (sky130_fd_sc_hd__clkbuf_16)
                                         clknet_2_1__leaf_clk (net)
                  0.05    0.00    2.86 ^ _215_/CLK (sky130_fd_sc_hd__dfxtp_1)
                          0.00    2.86   clock reconvergence pessimism
                         -0.11    2.75   library setup time
                                  2.75   data required time
-----------------------------------------------------------------------------
                                  2.75   data required time
                                 -1.91   data arrival time
-----------------------------------------------------------------------------
                                  0.84   slack (MET)


Startpoint: _172_ (rising edge-triggered flip-flop clocked by core_clock)
Endpoint: _167_ (rising edge-triggered flip-flop clocked by core_clock)
Path Group: core_clock
Path Type: max

Fanout     Cap    Slew   Delay    Time   Description
-----------------------------------------------------------------------------
                          0.00    0.00   clock core_clock (rise edge)
                          0.00    0.00   clock source latency
     1    0.01    0.00    0.00    0.00 ^ clk (in)
                                         clk (net)
                  0.00    0.00    0.00 ^ clkbuf_0_clk/A (sky130_fd_sc_hd__clkbuf_16)
     4    0.03    0.05    0.12    0.12 ^ clkbuf_0_clk/X (sky130_fd_sc_hd__clkbuf_16)
                                         clknet_0_clk (net)
                  0.05    0.00    0.12 ^ clkbuf_2_1__f_clk/A (sky130_fd_sc_hd__clkbuf_16)
    17    0.03    0.05    0.14    0.26 ^ clkbuf_2_1__f_clk/X (sky130_fd_sc_hd__clkbuf_16)
                                         clknet_2_1__leaf_clk (net)
                  0.05    0.00    0.26 ^ _172_/CLK (sky130_fd_sc_hd__dfxtp_1)
     2    0.00    0.03    0.30    0.56 v _172_/Q (sky130_fd_sc_hd__dfxtp_1)
                                         a_q[0] (net)
                  0.03    0.00    0.56 v _075_/A (sky130_fd_sc_hd__or2_1)
     2    0.00    0.06    0.23    0.78 v _075_/X (sky130_fd_sc_hd__or2_1)
                                         _034_ (net)
                  0.06    0.00    0.78 v _079_/A2 (sky130_fd_sc_hd__a21bo_1)
     2    0.01    0.05    0.20    0.99 v _079_/X (sky130_fd_sc_hd__a21bo_1)
                                         _037_ (net)
                  0.05    0.00    0.99 v _084_/A1 (sky130_fd_sc_hd__a21boi_2)
     3    0.01    0.15    0.16    1.15 ^ _084_/Y (sky130_fd_sc_hd__a21boi_2)
                                         _041_ (net)
                  0.15    0.00    1.15 ^ _100_/A3 (sky130_fd_sc_hd__o31a_1)
     4    0.01    0.10    0.18    1.33 ^ _100_/X (sky130_fd_sc_hd__o31a_1)
                                         _055_ (net)
                  0.10    0.00    1.33 ^ _121_/A3 (sky130_fd_sc_hd__o31a_1)
     3    0.01    0.15    0.20    1.52 ^ _121_/X (sky130_fd_sc_hd__o31a_1)
                                         _072_ (net)
                  0.15    0.00    1.52 ^ _145_/A3 (sky130_fd_sc_hd__o31ai_4)
     2    0.01    0.06    0.07    1.59 v _145_/Y (sky130_fd_sc_hd__o31ai_4)
                                         _017_ (net)
                  0.06    0.00    1.59 v rebuffer9/A (sky130_fd_sc_hd__buf_2)
     2    0.01    0.03    0.13    1.72 v rebuffer9/X (sky130_fd_sc_hd__buf_2)
                                         net59 (net)
                  0.03    0.00    1.72 v _149_/A (sky130_fd_sc_hd__xor2_1)
     1    0.00    0.06    0.14    1.87 v _149_/X (sky130_fd_sc_hd__xor2_1)
                                         sum_d[12] (net)
                  0.06    0.00    1.87 v _167_/D (sky130_fd_sc_hd__dfxtp_1)
                                  1.87   data arrival time

                          2.60    2.60   clock core_clock (rise edge)
                          0.00    2.60   clock source latency
     1    0.01    0.00    0.00    2.60 ^ clk (in)
                                         clk (net)
                  0.00    0.00    2.60 ^ clkbuf_0_clk/A (sky130_fd_sc_hd__clkbuf_16)
     4    0.03    0.05    0.12    2.72 ^ clkbuf_0_clk/X (sky130_fd_sc_hd__clkbuf_16)
                                         clknet_0_clk (net)
                  0.05    0.00    2.72 ^ clkbuf_2_1__f_clk/A (sky130_fd_sc_hd__clkbuf_16)
    17    0.03    0.05    0.14    2.86 ^ clkbuf_2_1__f_clk/X (sky130_fd_sc_hd__clkbuf_16)
                                         clknet_2_1__leaf_clk (net)
                  0.05    0.00    2.86 ^ _167_/CLK (sky130_fd_sc_hd__dfxtp_1)
                          0.00    2.86   clock reconvergence pessimism
                         -0.12    2.74   library setup time
                                  2.74   data required time
-----------------------------------------------------------------------------
                                  2.74   data required time
                                 -1.87   data arrival time
-----------------------------------------------------------------------------
                                  0.88   slack (MET)


Startpoint: _172_ (rising edge-triggered flip-flop clocked by core_clock)
Endpoint: _209_ (rising edge-triggered flip-flop clocked by core_clock)
Path Group: core_clock
Path Type: max

Fanout     Cap    Slew   Delay    Time   Description
-----------------------------------------------------------------------------
                          0.00    0.00   clock core_clock (rise edge)
                          0.00    0.00   clock source latency
     1    0.01    0.00    0.00    0.00 ^ clk (in)
                                         clk (net)
                  0.00    0.00    0.00 ^ clkbuf_0_clk/A (sky130_fd_sc_hd__clkbuf_16)
     4    0.03    0.05    0.12    0.12 ^ clkbuf_0_clk/X (sky130_fd_sc_hd__clkbuf_16)
                                         clknet_0_clk (net)
                  0.05    0.00    0.12 ^ clkbuf_2_1__f_clk/A (sky130_fd_sc_hd__clkbuf_16)
    17    0.03    0.05    0.14    0.26 ^ clkbuf_2_1__f_clk/X (sky130_fd_sc_hd__clkbuf_16)
                                         clknet_2_1__leaf_clk (net)
                  0.05    0.00    0.26 ^ _172_/CLK (sky130_fd_sc_hd__dfxtp_1)
     2    0.00    0.03    0.30    0.56 v _172_/Q (sky130_fd_sc_hd__dfxtp_1)
                                         a_q[0] (net)
                  0.03    0.00    0.56 v _075_/A (sky130_fd_sc_hd__or2_1)
     2    0.00    0.06    0.23    0.78 v _075_/X (sky130_fd_sc_hd__or2_1)
                                         _034_ (net)
                  0.06    0.00    0.78 v _079_/A2 (sky130_fd_sc_hd__a21bo_1)
     2    0.01    0.05    0.20    0.99 v _079_/X (sky130_fd_sc_hd__a21bo_1)
                                         _037_ (net)
                  0.05    0.00    0.99 v _084_/A1 (sky130_fd_sc_hd__a21boi_2)
     3    0.01    0.15    0.16    1.15 ^ _084_/Y (sky130_fd_sc_hd__a21boi_2)
                                         _041_ (net)
                  0.15    0.00    1.15 ^ _100_/A3 (sky130_fd_sc_hd__o31a_1)
     4    0.01    0.10    0.18    1.33 ^ _100_/X (sky130_fd_sc_hd__o31a_1)
                                         _055_ (net)
                  0.10    0.00    1.33 ^ rebuffer6/A (sky130_fd_sc_hd__dlygate4sd1_1)
     1    0.00    0.03    0.20    1.53 ^ rebuffer6/X (sky130_fd_sc_hd__dlygate4sd1_1)
                                         net56 (net)
                  0.03    0.00    1.53 ^ rebuffer4/A (sky130_fd_sc_hd__dlygate4sd1_1)
     1    0.00    0.06    0.20    1.72 ^ rebuffer4/X (sky130_fd_sc_hd__dlygate4sd1_1)
                                         net54 (net)
                  0.06    0.00    1.72 ^ _101_/B (sky130_fd_sc_hd__xnor2_1)
     1    0.00    0.10    0.10    1.82 ^ _101_/Y (sky130_fd_sc_hd__xnor2_1)
                                         sum_d[4] (net)
                  0.10    0.00    1.82 ^ _209_/D (sky130_fd_sc_hd__dfxtp_1)
                                  1.82   data arrival time

                          2.60    2.60   clock core_clock (rise edge)
                          0.00    2.60   clock source latency
     1    0.01    0.00    0.00    2.60 ^ clk (in)
                                         clk (net)
                  0.00    0.00    2.60 ^ clkbuf_0_clk/A (sky130_fd_sc_hd__clkbuf_16)
     4    0.03    0.05    0.12    2.72 ^ clkbuf_0_clk/X (sky130_fd_sc_hd__clkbuf_16)
                                         clknet_0_clk (net)
                  0.05    0.00    2.72 ^ clkbuf_2_2__f_clk/A (sky130_fd_sc_hd__clkbuf_16)
    12    0.03    0.05    0.14    2.86 ^ clkbuf_2_2__f_clk/X (sky130_fd_sc_hd__clkbuf_16)
                                         clknet_2_2__leaf_clk (net)
                  0.05    0.00    2.86 ^ _209_/CLK (sky130_fd_sc_hd__dfxtp_1)
                          0.00    2.86   clock reconvergence pessimism
                         -0.06    2.79   library setup time
                                  2.79   data required time
-----------------------------------------------------------------------------
                                  2.79   data required time
                                 -1.82   data arrival time
-----------------------------------------------------------------------------
                                  0.97   slack (MET)


Startpoint: _172_ (rising edge-triggered flip-flop clocked by core_clock)
Endpoint: _210_ (rising edge-triggered flip-flop clocked by core_clock)
Path Group: core_clock
Path Type: max

Fanout     Cap    Slew   Delay    Time   Description
-----------------------------------------------------------------------------
                          0.00    0.00   clock core_clock (rise edge)
                          0.00    0.00   clock source latency
     1    0.01    0.00    0.00    0.00 ^ clk (in)
                                         clk (net)
                  0.00    0.00    0.00 ^ clkbuf_0_clk/A (sky130_fd_sc_hd__clkbuf_16)
     4    0.03    0.05    0.12    0.12 ^ clkbuf_0_clk/X (sky130_fd_sc_hd__clkbuf_16)
                                         clknet_0_clk (net)
                  0.05    0.00    0.12 ^ clkbuf_2_1__f_clk/A (sky130_fd_sc_hd__clkbuf_16)
    17    0.03    0.05    0.14    0.26 ^ clkbuf_2_1__f_clk/X (sky130_fd_sc_hd__clkbuf_16)
                                         clknet_2_1__leaf_clk (net)
                  0.05    0.00    0.26 ^ _172_/CLK (sky130_fd_sc_hd__dfxtp_1)
     2    0.00    0.03    0.30    0.56 v _172_/Q (sky130_fd_sc_hd__dfxtp_1)
                                         a_q[0] (net)
                  0.03    0.00    0.56 v _075_/A (sky130_fd_sc_hd__or2_1)
     2    0.00    0.06    0.23    0.78 v _075_/X (sky130_fd_sc_hd__or2_1)
                                         _034_ (net)
                  0.06    0.00    0.78 v _079_/A2 (sky130_fd_sc_hd__a21bo_1)
     2    0.01    0.05    0.20    0.99 v _079_/X (sky130_fd_sc_hd__a21bo_1)
                                         _037_ (net)
                  0.05    0.00    0.99 v _084_/A1 (sky130_fd_sc_hd__a21boi_2)
     3    0.01    0.15    0.16    1.15 ^ _084_/Y (sky130_fd_sc_hd__a21boi_2)
                                         _041_ (net)
                  0.15    0.00    1.15 ^ _100_/A3 (sky130_fd_sc_hd__o31a_1)
     4    0.01    0.10    0.18    1.33 ^ _100_/X (sky130_fd_sc_hd__o31a_1)
                                         _055_ (net)
                  0.10    0.00    1.33 ^ rebuffer5/A (sky130_fd_sc_hd__dlygate4sd1_1)
     1    0.00    0.04    0.20    1.53 ^ rebuffer5/X (sky130_fd_sc_hd__dlygate4sd1_1)
                                         net55 (net)
                  0.04    0.00    1.53 ^ _103_/A2 (sky130_fd_sc_hd__o21a_1)
     1    0.00    0.06    0.11    1.64 ^ _103_/X (sky130_fd_sc_hd__o21a_1)
                                         _057_ (net)
                  0.06    0.00    1.64 ^ _104_/B (sky130_fd_sc_hd__xnor2_1)
     1    0.00    0.10    0.10    1.74 ^ _104_/Y (sky130_fd_sc_hd__xnor2_1)
                                         sum_d[5] (net)
                  0.10    0.00    1.74 ^ _210_/D (sky130_fd_sc_hd__dfxtp_1)
                                  1.74   data arrival time

                          2.60    2.60   clock core_clock (rise edge)
                          0.00    2.60   clock source latency
     1    0.01    0.00    0.00    2.60 ^ clk (in)
                                         clk (net)
                  0.00    0.00    2.60 ^ clkbuf_0_clk/A (sky130_fd_sc_hd__clkbuf_16)
     4    0.03    0.05    0.12    2.72 ^ clkbuf_0_clk/X (sky130_fd_sc_hd__clkbuf_16)
                                         clknet_0_clk (net)
                  0.05    0.00    2.72 ^ clkbuf_2_2__f_clk/A (sky130_fd_sc_hd__clkbuf_16)
    12    0.03    0.05    0.14    2.86 ^ clkbuf_2_2__f_clk/X (sky130_fd_sc_hd__clkbuf_16)
                                         clknet_2_2__leaf_clk (net)
                  0.05    0.00    2.86 ^ _210_/CLK (sky130_fd_sc_hd__dfxtp_1)
                          0.00    2.86   clock reconvergence pessimism
                         -0.06    2.79   library setup time
                                  2.79   data required time
-----------------------------------------------------------------------------
                                  2.79   data required time
                                 -1.74   data arrival time
-----------------------------------------------------------------------------
                                  1.05   slack (MET)


Startpoint: _191_ (rising edge-triggered flip-flop clocked by core_clock)
Endpoint: _212_ (rising edge-triggered flip-flop clocked by core_clock)
Path Group: core_clock
Path Type: max

Fanout     Cap    Slew   Delay    Time   Description
-----------------------------------------------------------------------------
                          0.00    0.00   clock core_clock (rise edge)
                          0.00    0.00   clock source latency
     1    0.01    0.00    0.00    0.00 ^ clk (in)
                                         clk (net)
                  0.00    0.00    0.00 ^ clkbuf_0_clk/A (sky130_fd_sc_hd__clkbuf_16)
     4    0.03    0.05    0.12    0.12 ^ clkbuf_0_clk/X (sky130_fd_sc_hd__clkbuf_16)
                                         clknet_0_clk (net)
                  0.05    0.00    0.12 ^ clkbuf_2_0__f_clk/A (sky130_fd_sc_hd__clkbuf_16)
    14    0.03    0.05    0.14    0.26 ^ clkbuf_2_0__f_clk/X (sky130_fd_sc_hd__clkbuf_16)
                                         clknet_2_0__leaf_clk (net)
                  0.05    0.00    0.26 ^ _191_/CLK (sky130_fd_sc_hd__dfxtp_1)
     3    0.01    0.04    0.31    0.57 v _191_/Q (sky130_fd_sc_hd__dfxtp_1)
                                         b_q[3] (net)
                  0.04    0.00    0.57 v _090_/B (sky130_fd_sc_hd__and2_4)
     2    0.01    0.03    0.16    0.73 v _090_/X (sky130_fd_sc_hd__and2_4)
                                         _046_ (net)
                  0.03    0.00    0.73 v _091_/A (sky130_fd_sc_hd__nor2_2)
     2    0.01    0.10    0.11    0.84 ^ _091_/Y (sky130_fd_sc_hd__nor2_2)
                                         _047_ (net)
                  0.10    0.00    0.84 ^ _097_/A (sky130_fd_sc_hd__inv_2)
     1    0.00    0.02    0.03    0.87 v _097_/Y (sky130_fd_sc_hd__inv_2)
                                         _052_ (net)
                  0.02    0.00    0.87 v _100_/A1 (sky130_fd_sc_hd__o31a_1)
     4    0.01    0.07    0.31    1.18 v _100_/X (sky130_fd_sc_hd__o31a_1)
                                         _055_ (net)
                  0.07    0.00    1.18 v _111_/A1 (sky130_fd_sc_hd__o21a_1)
     2    0.01    0.05    0.21    1.39 v _111_/X (sky130_fd_sc_hd__o21a_1)
                                         _064_ (net)
                  0.05    0.00    1.39 v _117_/A2 (sky130_fd_sc_hd__o21a_1)
     1    0.00    0.04    0.17    1.56 v _117_/X (sky130_fd_sc_hd__o21a_1)
                                         _069_ (net)
                  0.04    0.00    1.56 v _118_/B (sky130_fd_sc_hd__xnor2_1)
     1    0.00    0.04    0.11    1.67 v _118_/Y (sky130_fd_sc_hd__xnor2_1)
                                         sum_d[7] (net)
                  0.04    0.00    1.67 v _212_/D (sky130_fd_sc_hd__dfxtp_1)
                                  1.67   data arrival time

                          2.60    2.60   clock core_clock (rise edge)
                          0.00    2.60   clock source latency
     1    0.01    0.00    0.00    2.60 ^ clk (in)
                                         clk (net)
                  0.00    0.00    2.60 ^ clkbuf_0_clk/A (sky130_fd_sc_hd__clkbuf_16)
     4    0.03    0.05    0.12    2.72 ^ clkbuf_0_clk/X (sky130_fd_sc_hd__clkbuf_16)
                                         clknet_0_clk (net)
                  0.05    0.00    2.72 ^ clkbuf_2_0__f_clk/A (sky130_fd_sc_hd__clkbuf_16)
    14    0.03    0.05    0.14    2.86 ^ clkbuf_2_0__f_clk/X (sky130_fd_sc_hd__clkbuf_16)
                                         clknet_2_0__leaf_clk (net)
                  0.05    0.00    2.86 ^ _212_/CLK (sky130_fd_sc_hd__dfxtp_1)
                          0.00    2.86   clock reconvergence pessimism
                         -0.11    2.75   library setup time
                                  2.75   data required time
-----------------------------------------------------------------------------
                                  2.75   data required time
                                 -1.67   data arrival time
-----------------------------------------------------------------------------
                                  1.08   slack (MET)


Startpoint: _172_ (rising edge-triggered flip-flop clocked by core_clock)
Endpoint: _211_ (rising edge-triggered flip-flop clocked by core_clock)
Path Group: core_clock
Path Type: max

Fanout     Cap    Slew   Delay    Time   Description
-----------------------------------------------------------------------------
                          0.00    0.00   clock core_clock (rise edge)
                          0.00    0.00   clock source latency
     1    0.01    0.00    0.00    0.00 ^ clk (in)
                                         clk (net)
                  0.00    0.00    0.00 ^ clkbuf_0_clk/A (sky130_fd_sc_hd__clkbuf_16)
     4    0.03    0.05    0.12    0.12 ^ clkbuf_0_clk/X (sky130_fd_sc_hd__clkbuf_16)
                                         clknet_0_clk (net)
                  0.05    0.00    0.12 ^ clkbuf_2_1__f_clk/A (sky130_fd_sc_hd__clkbuf_16)
    17    0.03    0.05    0.14    0.26 ^ clkbuf_2_1__f_clk/X (sky130_fd_sc_hd__clkbuf_16)
                                         clknet_2_1__leaf_clk (net)
                  0.05    0.00    0.26 ^ _172_/CLK (sky130_fd_sc_hd__dfxtp_1)
     2    0.00    0.03    0.30    0.56 v _172_/Q (sky130_fd_sc_hd__dfxtp_1)
                                         a_q[0] (net)
                  0.03    0.00    0.56 v _075_/A (sky130_fd_sc_hd__or2_1)
     2    0.00    0.06    0.23    0.78 v _075_/X (sky130_fd_sc_hd__or2_1)
                                         _034_ (net)
                  0.06    0.00    0.78 v _079_/A2 (sky130_fd_sc_hd__a21bo_1)
     2    0.01    0.05    0.20    0.99 v _079_/X (sky130_fd_sc_hd__a21bo_1)
                                         _037_ (net)
                  0.05    0.00    0.99 v _084_/A1 (sky130_fd_sc_hd__a21boi_2)
     3    0.01    0.15    0.16    1.15 ^ _084_/Y (sky130_fd_sc_hd__a21boi_2)
                                         _041_ (net)
                  0.15    0.00    1.15 ^ _100_/A3 (sky130_fd_sc_hd__o31a_1)
     4    0.01    0.10    0.18    1.33 ^ _100_/X (sky130_fd_sc_hd__o31a_1)
                                         _055_ (net)
                  0.10    0.00    1.33 ^ _111_/A1 (sky130_fd_sc_hd__o21a_1)
     2    0.01    0.08    0.16    1.49 ^ _111_/X (sky130_fd_sc_hd__o21a_1)
                                         _064_ (net)
                  0.08    0.00    1.49 ^ _112_/B (sky130_fd_sc_hd__xnor2_1)
     1    0.00    0.10    0.11    1.59 ^ _112_/Y (sky130_fd_sc_hd__xnor2_1)
                                         sum_d[6] (net)
                  0.10    0.00    1.59 ^ _211_/D (sky130_fd_sc_hd__dfxtp_1)
                                  1.59   data arrival time

                          2.60    2.60   clock core_clock (rise edge)
                          0.00    2.60   clock source latency
     1    0.01    0.00    0.00    2.60 ^ clk (in)
                                         clk (net)
                  0.00    0.00    2.60 ^ clkbuf_0_clk/A (sky130_fd_sc_hd__clkbuf_16)
     4    0.03    0.05    0.12    2.72 ^ clkbuf_0_clk/X (sky130_fd_sc_hd__clkbuf_16)
                                         clknet_0_clk (net)
                  0.05    0.00    2.72 ^ clkbuf_2_0__f_clk/A (sky130_fd_sc_hd__clkbuf_16)
    14    0.03    0.05    0.14    2.86 ^ clkbuf_2_0__f_clk/X (sky130_fd_sc_hd__clkbuf_16)
                                         clknet_2_0__leaf_clk (net)
                  0.05    0.00    2.86 ^ _211_/CLK (sky130_fd_sc_hd__dfxtp_1)
                          0.00    2.86   clock reconvergence pessimism
                         -0.06    2.79   library setup time
                                  2.79   data required time
-----------------------------------------------------------------------------
                                  2.79   data required time
                                 -1.59   data arrival time
-----------------------------------------------------------------------------
                                  1.20   slack (MET)


Startpoint: _172_ (rising edge-triggered flip-flop clocked by core_clock)
Endpoint: _208_ (rising edge-triggered flip-flop clocked by core_clock)
Path Group: core_clock
Path Type: max

Fanout     Cap    Slew   Delay    Time   Description
-----------------------------------------------------------------------------
                          0.00    0.00   clock core_clock (rise edge)
                          0.00    0.00   clock source latency
     1    0.01    0.00    0.00    0.00 ^ clk (in)
                                         clk (net)
                  0.00    0.00    0.00 ^ clkbuf_0_clk/A (sky130_fd_sc_hd__clkbuf_16)
     4    0.03    0.05    0.12    0.12 ^ clkbuf_0_clk/X (sky130_fd_sc_hd__clkbuf_16)
                                         clknet_0_clk (net)
                  0.05    0.00    0.12 ^ clkbuf_2_1__f_clk/A (sky130_fd_sc_hd__clkbuf_16)
    17    0.03    0.05    0.14    0.26 ^ clkbuf_2_1__f_clk/X (sky130_fd_sc_hd__clkbuf_16)
                                         clknet_2_1__leaf_clk (net)
                  0.05    0.00    0.26 ^ _172_/CLK (sky130_fd_sc_hd__dfxtp_1)
     2    0.00    0.03    0.30    0.56 v _172_/Q (sky130_fd_sc_hd__dfxtp_1)
                                         a_q[0] (net)
                  0.03    0.00    0.56 v _075_/A (sky130_fd_sc_hd__or2_1)
     2    0.00    0.06    0.23    0.78 v _075_/X (sky130_fd_sc_hd__or2_1)
                                         _034_ (net)
                  0.06    0.00    0.78 v _079_/A2 (sky130_fd_sc_hd__a21bo_1)
     2    0.01    0.05    0.20    0.99 v _079_/X (sky130_fd_sc_hd__a21bo_1)
                                         _037_ (net)
                  0.05    0.00    0.99 v _084_/A1 (sky130_fd_sc_hd__a21boi_2)
     3    0.01    0.15    0.16    1.15 ^ _084_/Y (sky130_fd_sc_hd__a21boi_2)
                                         _041_ (net)
                  0.15    0.00    1.15 ^ _092_/A1 (sky130_fd_sc_hd__o21a_1)
     1    0.00    0.06    0.15    1.31 ^ _092_/X (sky130_fd_sc_hd__o21a_1)
                                         _048_ (net)
                  0.06    0.00    1.31 ^ _093_/B (sky130_fd_sc_hd__xnor2_1)
     1    0.00    0.10    0.10    1.41 ^ _093_/Y (sky130_fd_sc_hd__xnor2_1)
                                         sum_d[3] (net)
                  0.10    0.00    1.41 ^ _208_/D (sky130_fd_sc_hd__dfxtp_1)
                                  1.41   data arrival time

                          2.60    2.60   clock core_clock (rise edge)
                          0.00    2.60   clock source latency
     1    0.01    0.00    0.00    2.60 ^ clk (in)
                                         clk (net)
                  0.00    0.00    2.60 ^ clkbuf_0_clk/A (sky130_fd_sc_hd__clkbuf_16)
     4    0.03    0.05    0.12    2.72 ^ clkbuf_0_clk/X (sky130_fd_sc_hd__clkbuf_16)
                                         clknet_0_clk (net)
                  0.05    0.00    2.72 ^ clkbuf_2_0__f_clk/A (sky130_fd_sc_hd__clkbuf_16)
    14    0.03    0.05    0.14    2.86 ^ clkbuf_2_0__f_clk/X (sky130_fd_sc_hd__clkbuf_16)
                                         clknet_2_0__leaf_clk (net)
                  0.05    0.00    2.86 ^ _208_/CLK (sky130_fd_sc_hd__dfxtp_1)
                          0.00    2.86   clock reconvergence pessimism
                         -0.06    2.79   library setup time
                                  2.79   data required time
-----------------------------------------------------------------------------
                                  2.79   data required time
                                 -1.41   data arrival time
-----------------------------------------------------------------------------
                                  1.39   slack (MET)


Startpoint: _172_ (rising edge-triggered flip-flop clocked by core_clock)
Endpoint: _206_ (rising edge-triggered flip-flop clocked by core_clock)
Path Group: core_clock
Path Type: max

Fanout     Cap    Slew   Delay    Time   Description
-----------------------------------------------------------------------------
                          0.00    0.00   clock core_clock (rise edge)
                          0.00    0.00   clock source latency
     1    0.01    0.00    0.00    0.00 ^ clk (in)
                                         clk (net)
                  0.00    0.00    0.00 ^ clkbuf_0_clk/A (sky130_fd_sc_hd__clkbuf_16)
     4    0.03    0.05    0.12    0.12 ^ clkbuf_0_clk/X (sky130_fd_sc_hd__clkbuf_16)
                                         clknet_0_clk (net)
                  0.05    0.00    0.12 ^ clkbuf_2_1__f_clk/A (sky130_fd_sc_hd__clkbuf_16)
    17    0.03    0.05    0.14    0.26 ^ clkbuf_2_1__f_clk/X (sky130_fd_sc_hd__clkbuf_16)
                                         clknet_2_1__leaf_clk (net)
                  0.05    0.00    0.26 ^ _172_/CLK (sky130_fd_sc_hd__dfxtp_1)
     2    0.00    0.03    0.30    0.56 v _172_/Q (sky130_fd_sc_hd__dfxtp_1)
                                         a_q[0] (net)
                  0.03    0.00    0.56 v _075_/A (sky130_fd_sc_hd__or2_1)
     2    0.00    0.06    0.23    0.78 v _075_/X (sky130_fd_sc_hd__or2_1)
                                         _034_ (net)
                  0.06    0.00    0.78 v _079_/A2 (sky130_fd_sc_hd__a21bo_1)
     2    0.01    0.05    0.20    0.99 v _079_/X (sky130_fd_sc_hd__a21bo_1)
                                         _037_ (net)
                  0.05    0.00    0.99 v rebuffer7/A (sky130_fd_sc_hd__dlygate4sd1_1)
     1    0.00    0.04    0.24    1.22 v rebuffer7/X (sky130_fd_sc_hd__dlygate4sd1_1)
                                         net57 (net)
                  0.04    0.00    1.22 v _083_/A (sky130_fd_sc_hd__xnor2_1)
     1    0.00    0.04    0.11    1.33 v _083_/Y (sky130_fd_sc_hd__xnor2_1)
                                         sum_d[1] (net)
                  0.04    0.00    1.33 v _206_/D (sky130_fd_sc_hd__dfxtp_1)
                                  1.33   data arrival time

                          2.60    2.60   clock core_clock (rise edge)
                          0.00    2.60   clock source latency
     1    0.01    0.00    0.00    2.60 ^ clk (in)
                                         clk (net)
                  0.00    0.00    2.60 ^ clkbuf_0_clk/A (sky130_fd_sc_hd__clkbuf_16)
     4    0.03    0.05    0.12    2.72 ^ clkbuf_0_clk/X (sky130_fd_sc_hd__clkbuf_16)
                                         clknet_0_clk (net)
                  0.05    0.00    2.72 ^ clkbuf_2_0__f_clk/A (sky130_fd_sc_hd__clkbuf_16)
    14    0.03    0.05    0.14    2.86 ^ clkbuf_2_0__f_clk/X (sky130_fd_sc_hd__clkbuf_16)
                                         clknet_2_0__leaf_clk (net)
                  0.05    0.00    2.86 ^ _206_/CLK (sky130_fd_sc_hd__dfxtp_1)
                          0.00    2.86   clock reconvergence pessimism
                         -0.11    2.75   library setup time
                                  2.75   data required time
-----------------------------------------------------------------------------
                                  2.75   data required time
                                 -1.33   data arrival time
-----------------------------------------------------------------------------
                                  1.42   slack (MET)


Startpoint: _172_ (rising edge-triggered flip-flop clocked by core_clock)
Endpoint: _207_ (rising edge-triggered flip-flop clocked by core_clock)
Path Group: core_clock
Path Type: max

Fanout     Cap    Slew   Delay    Time   Description
-----------------------------------------------------------------------------
                          0.00    0.00   clock core_clock (rise edge)
                          0.00    0.00   clock source latency
     1    0.01    0.00    0.00    0.00 ^ clk (in)
                                         clk (net)
                  0.00    0.00    0.00 ^ clkbuf_0_clk/A (sky130_fd_sc_hd__clkbuf_16)
     4    0.03    0.05    0.12    0.12 ^ clkbuf_0_clk/X (sky130_fd_sc_hd__clkbuf_16)
                                         clknet_0_clk (net)
                  0.05    0.00    0.12 ^ clkbuf_2_1__f_clk/A (sky130_fd_sc_hd__clkbuf_16)
    17    0.03    0.05    0.14    0.26 ^ clkbuf_2_1__f_clk/X (sky130_fd_sc_hd__clkbuf_16)
                                         clknet_2_1__leaf_clk (net)
                  0.05    0.00    0.26 ^ _172_/CLK (sky130_fd_sc_hd__dfxtp_1)
     2    0.00    0.03    0.30    0.56 v _172_/Q (sky130_fd_sc_hd__dfxtp_1)
                                         a_q[0] (net)
                  0.03    0.00    0.56 v _075_/A (sky130_fd_sc_hd__or2_1)
     2    0.00    0.06    0.23    0.78 v _075_/X (sky130_fd_sc_hd__or2_1)
                                         _034_ (net)
                  0.06    0.00    0.78 v _079_/A2 (sky130_fd_sc_hd__a21bo_1)
     2    0.01    0.05    0.20    0.99 v _079_/X (sky130_fd_sc_hd__a21bo_1)
                                         _037_ (net)
                  0.05    0.00    0.99 v _084_/A1 (sky130_fd_sc_hd__a21boi_2)
     3    0.01    0.15    0.16    1.15 ^ _084_/Y (sky130_fd_sc_hd__a21boi_2)
                                         _041_ (net)
                  0.15    0.00    1.15 ^ _088_/A (sky130_fd_sc_hd__xor2_1)
     1    0.00    0.09    0.14    1.29 ^ _088_/X (sky130_fd_sc_hd__xor2_1)
                                         sum_d[2] (net)
                  0.09    0.00    1.29 ^ _207_/D (sky130_fd_sc_hd__dfxtp_1)
                                  1.29   data arrival time

                          2.60    2.60   clock core_clock (rise edge)
                          0.00    2.60   clock source latency
     1    0.01    0.00    0.00    2.60 ^ clk (in)
                                         clk (net)
                  0.00    0.00    2.60 ^ clkbuf_0_clk/A (sky130_fd_sc_hd__clkbuf_16)
     4    0.03    0.05    0.12    2.72 ^ clkbuf_0_clk/X (sky130_fd_sc_hd__clkbuf_16)
                                         clknet_0_clk (net)
                  0.05    0.00    2.72 ^ clkbuf_2_0__f_clk/A (sky130_fd_sc_hd__clkbuf_16)
    14    0.03    0.05    0.14    2.86 ^ clkbuf_2_0__f_clk/X (sky130_fd_sc_hd__clkbuf_16)
                                         clknet_2_0__leaf_clk (net)
                  0.05    0.00    2.86 ^ _207_/CLK (sky130_fd_sc_hd__dfxtp_1)
                          0.00    2.86   clock reconvergence pessimism
                         -0.06    2.80   library setup time
                                  2.80   data required time
-----------------------------------------------------------------------------
                                  2.80   data required time
                                 -1.29   data arrival time
-----------------------------------------------------------------------------
                                  1.51   slack (MET)


Startpoint: _172_ (rising edge-triggered flip-flop clocked by core_clock)
Endpoint: _205_ (rising edge-triggered flip-flop clocked by core_clock)
Path Group: core_clock
Path Type: max

Fanout     Cap    Slew   Delay    Time   Description
-----------------------------------------------------------------------------
                          0.00    0.00   clock core_clock (rise edge)
                          0.00    0.00   clock source latency
     1    0.01    0.00    0.00    0.00 ^ clk (in)
                                         clk (net)
                  0.00    0.00    0.00 ^ clkbuf_0_clk/A (sky130_fd_sc_hd__clkbuf_16)
     4    0.03    0.05    0.12    0.12 ^ clkbuf_0_clk/X (sky130_fd_sc_hd__clkbuf_16)
                                         clknet_0_clk (net)
                  0.05    0.00    0.12 ^ clkbuf_2_1__f_clk/A (sky130_fd_sc_hd__clkbuf_16)
    17    0.03    0.05    0.14    0.26 ^ clkbuf_2_1__f_clk/X (sky130_fd_sc_hd__clkbuf_16)
                                         clknet_2_1__leaf_clk (net)
                  0.05    0.00    0.26 ^ _172_/CLK (sky130_fd_sc_hd__dfxtp_1)
     2    0.00    0.03    0.30    0.56 v _172_/Q (sky130_fd_sc_hd__dfxtp_1)
                                         a_q[0] (net)
                  0.03    0.00    0.56 v _075_/A (sky130_fd_sc_hd__or2_1)
     2    0.00    0.06    0.23    0.78 v _075_/X (sky130_fd_sc_hd__or2_1)
                                         _034_ (net)
                  0.06    0.00    0.78 v _077_/A (sky130_fd_sc_hd__nand2_1)
     1    0.00    0.06    0.07    0.86 ^ _077_/Y (sky130_fd_sc_hd__nand2_1)
                                         _036_ (net)
                  0.06    0.00    0.86 ^ _078_/B (sky130_fd_sc_hd__xnor2_1)
     1    0.00    0.10    0.10    0.95 ^ _078_/Y (sky130_fd_sc_hd__xnor2_1)
                                         sum_d[0] (net)
                  0.10    0.00    0.95 ^ _205_/D (sky130_fd_sc_hd__dfxtp_1)
                                  0.95   data arrival time

                          2.60    2.60   clock core_clock (rise edge)
                          0.00    2.60   clock source latency
     1    0.01    0.00    0.00    2.60 ^ clk (in)
                                         clk (net)
                  0.00    0.00    2.60 ^ clkbuf_0_clk/A (sky130_fd_sc_hd__clkbuf_16)
     4    0.03    0.05    0.12    2.72 ^ clkbuf_0_clk/X (sky130_fd_sc_hd__clkbuf_16)
                                         clknet_0_clk (net)
                  0.05    0.00    2.72 ^ clkbuf_2_0__f_clk/A (sky130_fd_sc_hd__clkbuf_16)
    14    0.03    0.05    0.14    2.86 ^ clkbuf_2_0__f_clk/X (sky130_fd_sc_hd__clkbuf_16)
                                         clknet_2_0__leaf_clk (net)
                  0.05    0.00    2.86 ^ _205_/CLK (sky130_fd_sc_hd__dfxtp_1)
                          0.00    2.86   clock reconvergence pessimism
                         -0.06    2.79   library setup time
                                  2.79   data required time
-----------------------------------------------------------------------------
                                  2.79   data required time
                                 -0.95   data arrival time
-----------------------------------------------------------------------------
                                  1.84   slack (MET)



worst slack corner Typical: 0.6020
