
===========================================================================
report_checks -path_delay min (Hold)
============================================================================
======================= Typical Corner ===================================

Startpoint: _204_ (rising edge-triggered flip-flop clocked by core_clock)
Endpoint: _205_ (rising edge-triggered flip-flop clocked by core_clock)
Path Group: core_clock
Path Type: min

Fanout     Cap    Slew   Delay    Time   Description
-----------------------------------------------------------------------------
                          0.00    0.00   clock core_clock (rise edge)
                          0.00    0.00   clock source latency
     1    0.01    0.00    0.00    0.00 ^ clk (in)
                                         clk (net)
                  0.00    0.00    0.00 ^ clkbuf_0_clk/A (sky130_fd_sc_hd__clkbuf_16)
     4    0.03    0.05    0.12    0.12 ^ clkbuf_0_clk/X (sky130_fd_sc_hd__clkbuf_16)
                                         clknet_0_clk (net)
                  0.05    0.00    0.12 ^ clkbuf_2_1__f_clk/A (sky130_fd_sc_hd__clkbuf_16)
    17    0.03    0.05    0.14    0.26 ^ clkbuf_2_1__f_clk/X (sky130_fd_sc_hd__clkbuf_16)
                                         clknet_2_1__leaf_clk (net)
                  0.05    0.00    0.26 ^ _204_/CLK (sky130_fd_sc_hd__dfxtp_1)
     2    0.01    0.08    0.33    0.59 ^ _204_/Q (sky130_fd_sc_hd__dfxtp_1)
                                         cin_q (net)
                  0.08    0.00    0.59 ^ _078_/A (sky130_fd_sc_hd__xnor2_1)
     1    0.00    0.03    0.07    0.66 v _078_/Y (sky130_fd_sc_hd__xnor2_1)
                                         sum_d[0] (net)
                  0.03    0.00    0.66 v _205_/D (sky130_fd_sc_hd__dfxtp_1)
                                  0.66   data arrival time

                          0.00    0.00   clock core_clock (rise edge)
                          0.00    0.00   clock source latency
     1    0.01    0.00    0.00    0.00 ^ clk (in)
                                         clk (net)
                  0.00    0.00    0.00 ^ clkbuf_0_clk/A (sky130_fd_sc_hd__clkbuf_16)
     4    0.03    0.05    0.12    0.12 ^ clkbuf_0_clk/X (sky130_fd_sc_hd__clkbuf_16)
                                         clknet_0_clk (net)
                  0.05    0.00    0.12 ^ clkbuf_2_0__f_clk/A (sky130_fd_sc_hd__clkbuf_16)
    14    0.03    0.05    0.14    0.26 ^ clkbuf_2_0__f_clk/X (sky130_fd_sc_hd__clkbuf_16)
                                         clknet_2_0__leaf_clk (net)
                  0.05    0.00    0.26 ^ _205_/CLK (sky130_fd_sc_hd__dfxtp_1)
                          0.00    0.26   clock reconvergence pessimism
                         -0.04    0.22   library hold time
                                  0.22   data required time
-----------------------------------------------------------------------------
                                  0.22   data required time
                                 -0.66   data arrival time
-----------------------------------------------------------------------------
                                  0.44   slack (MET)


Startpoint: _187_ (rising edge-triggered flip-flop clocked by core_clock)
Endpoint: _171_ (rising edge-triggered flip-flop clocked by core_clock)
Path Group: core_clock
Path Type: min

Fanout     Cap    Slew   Delay    Time   Description
-----------------------------------------------------------------------------
                          0.00    0.00   clock core_clock (rise edge)
                          0.00    0.00   clock source latency
     1    0.01    0.00    0.00    0.00 ^ clk (in)
                                         clk (net)
                  0.00    0.00    0.00 ^ clkbuf_0_clk/A (sky130_fd_sc_hd__clkbuf_16)
     4    0.03    0.05    0.12    0.12 ^ clkbuf_0_clk/X (sky130_fd_sc_hd__clkbuf_16)
                                         clknet_0_clk (net)
                  0.05    0.00    0.12 ^ clkbuf_2_3__f_clk/A (sky130_fd_sc_hd__clkbuf_16)
    10    0.03    0.05    0.14    0.26 ^ clkbuf_2_3__f_clk/X (sky130_fd_sc_hd__clkbuf_16)
                                         clknet_2_3__leaf_clk (net)
                  0.05    0.00    0.26 ^ _187_/CLK (sky130_fd_sc_hd__dfxtp_1)
     2    0.00    0.03    0.30    0.56 v _187_/Q (sky130_fd_sc_hd__dfxtp_1)
                                         a_q[15] (net)
                  0.03    0.00    0.56 v _162_/A (sky130_fd_sc_hd__nand2_1)
     2    0.00    0.04    0.05    0.61 ^ _162_/Y (sky130_fd_sc_hd__nand2_1)
                                         _031_ (net)
                  0.04    0.00    0.61 ^ _166_/B1 (sky130_fd_sc_hd__o21ai_1)
     1    0.00    0.03    0.05    0.66 v _166_/Y (sky130_fd_sc_hd__o21ai_1)
                                         sum_d[16] (net)
                  0.03    0.00    0.66 v _171_/D (sky130_fd_sc_hd__dfxtp_1)
                                  0.66   data arrival time

                          0.00    0.00   clock core_clock (rise edge)
                          0.00    0.00   clock source latency
     1    0.01    0.00    0.00    0.00 ^ clk (in)
                                         clk (net)
                  0.00    0.00    0.00 ^ clkbuf_0_clk/A (sky130_fd_sc_hd__clkbuf_16)
     4    0.03    0.05    0.12    0.12 ^ clkbuf_0_clk/X (sky130_fd_sc_hd__clkbuf_16)
                                         clknet_0_clk (net)
                  0.05    0.00    0.12 ^ clkbuf_2_1__f_clk/A (sky130_fd_sc_hd__clkbuf_16)
    17    0.03    0.05    0.14    0.26 ^ clkbuf_2_1__f_clk/X (sky130_fd_sc_hd__clkbuf_16)
                                         clknet_2_1__leaf_clk (net)
                  0.05    0.00    0.26 ^ _171_/CLK (sky130_fd_sc_hd__dfxtp_1)
                          0.00    0.26   clock reconvergence pessimism
                         -0.04    0.21   library hold time
                                  0.21   data required time
-----------------------------------------------------------------------------
                                  0.21   data required time
                                 -0.66   data arrival time
-----------------------------------------------------------------------------
                                  0.45   slack (MET)


Startpoint: _173_ (rising edge-triggered flip-flop clocked by core_clock)
Endpoint: _206_ (rising edge-triggered flip-flop clocked by core_clock)
Path Group: core_clock
Path Type: min

Fanout     Cap    Slew   Delay    Time   Description
-----------------------------------------------------------------------------
                          0.00    0.00   clock core_clock (rise edge)
                          0.00    0.00   clock source latency
     1    0.01    0.00    0.00    0.00 ^ clk (in)
                                         clk (net)
                  0.00    0.00    0.00 ^ clkbuf_0_clk/A (sky130_fd_sc_hd__clkbuf_16)
     4    0.03    0.05    0.12    0.12 ^ clkbuf_0_clk/X (sky130_fd_sc_hd__clkbuf_16)
                                         clknet_0_clk (net)
                  0.05    0.00    0.12 ^ clkbuf_2_1__f_clk/A (sky130_fd_sc_hd__clkbuf_16)
    17    0.03    0.05    0.14    0.26 ^ clkbuf_2_1__f_clk/X (sky130_fd_sc_hd__clkbuf_16)
                                         clknet_2_1__leaf_clk (net)
                  0.05    0.00    0.26 ^ _173_/CLK (sky130_fd_sc_hd__dfxtp_1)
     2    0.00    0.05    0.31    0.57 ^ _173_/Q (sky130_fd_sc_hd__dfxtp_1)
                                         a_q[1] (net)
                  0.05    0.00    0.57 ^ _081_/A (sky130_fd_sc_hd__nand2_1)
     2    0.00    0.04    0.05    0.62 v _081_/Y (sky130_fd_sc_hd__nand2_1)
                                         _039_ (net)
                  0.04    0.00    0.62 v _082_/B (sky130_fd_sc_hd__nand2_1)
     1    0.00    0.06    0.07    0.69 ^ _082_/Y (sky130_fd_sc_hd__nand2_1)
                                         _040_ (net)
                  0.06    0.00    0.69 ^ _083_/B (sky130_fd_sc_hd__xnor2_1)
     1    0.00    0.03    0.05    0.74 v _083_/Y (sky130_fd_sc_hd__xnor2_1)
                                         sum_d[1] (net)
                  0.03    0.00    0.74 v _206_/D (sky130_fd_sc_hd__dfxtp_1)
                                  0.74   data arrival time

                          0.00    0.00   clock core_clock (rise edge)
                          0.00    0.00   clock source latency
     1    0.01    0.00    0.00    0.00 ^ clk (in)
                                         clk (net)
                  0.00    0.00    0.00 ^ clkbuf_0_clk/A (sky130_fd_sc_hd__clkbuf_16)
     4    0.03    0.05    0.12    0.12 ^ clkbuf_0_clk/X (sky130_fd_sc_hd__clkbuf_16)
                                         clknet_0_clk (net)
                  0.05    0.00    0.12 ^ clkbuf_2_0__f_clk/A (sky130_fd_sc_hd__clkbuf_16)
    14    0.03    0.05    0.14    0.26 ^ clkbuf_2_0__f_clk/X (sky130_fd_sc_hd__clkbuf_16)
                                         clknet_2_0__leaf_clk (net)
                  0.05    0.00    0.26 ^ _206_/CLK (sky130_fd_sc_hd__dfxtp_1)
                          0.00    0.26   clock reconvergence pessimism
                         -0.04    0.22   library hold time
                                  0.22   data required time
-----------------------------------------------------------------------------
                                  0.22   data required time
                                 -0.74   data arrival time
-----------------------------------------------------------------------------
                                  0.53   slack (MET)


Startpoint: _186_ (rising edge-triggered flip-flop clocked by core_clock)
Endpoint: _169_ (rising edge-triggered flip-flop clocked by core_clock)
Path Group: core_clock
Path Type: min

Fanout     Cap    Slew   Delay    Time   Description
-----------------------------------------------------------------------------
                          0.00    0.00   clock core_clock (rise edge)
                          0.00    0.00   clock source latency
     1    0.01    0.00    0.00    0.00 ^ clk (in)
                                         clk (net)
                  0.00    0.00    0.00 ^ clkbuf_0_clk/A (sky130_fd_sc_hd__clkbuf_16)
     4    0.03    0.05    0.12    0.12 ^ clkbuf_0_clk/X (sky130_fd_sc_hd__clkbuf_16)
                                         clknet_0_clk (net)
                  0.05    0.00    0.12 ^ clkbuf_2_3__f_clk/A (sky130_fd_sc_hd__clkbuf_16)
    10    0.03    0.05    0.14    0.26 ^ clkbuf_2_3__f_clk/X (sky130_fd_sc_hd__clkbuf_16)
                                         clknet_2_3__leaf_clk (net)
                  0.05    0.00    0.26 ^ _186_/CLK (sky130_fd_sc_hd__dfxtp_1)
     2    0.00    0.05    0.31    0.57 ^ _186_/Q (sky130_fd_sc_hd__dfxtp_1)
                                         a_q[14] (net)
                  0.05    0.00    0.57 ^ _156_/A (sky130_fd_sc_hd__nand2_1)
     2    0.00    0.04    0.06    0.62 v _156_/Y (sky130_fd_sc_hd__nand2_1)
                                         _026_ (net)
                  0.04    0.00    0.62 v _157_/B (sky130_fd_sc_hd__nand2_1)
     2    0.01    0.08    0.09    0.71 ^ _157_/Y (sky130_fd_sc_hd__nand2_1)
                                         _027_ (net)
                  0.08    0.00    0.71 ^ _160_/A (sky130_fd_sc_hd__xnor2_1)
     1    0.00    0.03    0.07    0.78 v _160_/Y (sky130_fd_sc_hd__xnor2_1)
                                         sum_d[14] (net)
                  0.03    0.00    0.78 v _169_/D (sky130_fd_sc_hd__dfxtp_1)
                                  0.78   data arrival time

                          0.00    0.00   clock core_clock (rise edge)
                          0.00    0.00   clock source latency
     1    0.01    0.00    0.00    0.00 ^ clk (in)
                                         clk (net)
                  0.00    0.00    0.00 ^ clkbuf_0_clk/A (sky130_fd_sc_hd__clkbuf_16)
     4    0.03    0.05    0.12    0.12 ^ clkbuf_0_clk/X (sky130_fd_sc_hd__clkbuf_16)
                                         clknet_0_clk (net)
                  0.05    0.00    0.12 ^ clkbuf_2_1__f_clk/A (sky130_fd_sc_hd__clkbuf_16)
    17    0.03    0.05    0.14    0.26 ^ clkbuf_2_1__f_clk/X (sky130_fd_sc_hd__clkbuf_16)
                                         clknet_2_1__leaf_clk (net)
                  0.05    0.00    0.26 ^ _169_/CLK (sky130_fd_sc_hd__dfxtp_1)
                          0.00    0.26   clock reconvergence pessimism
                         -0.05    0.21   library hold time
                                  0.21   data required time
-----------------------------------------------------------------------------
                                  0.21   data required time
                                 -0.78   data arrival time
-----------------------------------------------------------------------------
                                  0.56   slack (MET)


Startpoint: _180_ (rising edge-triggered flip-flop clocked by core_clock)
Endpoint: _213_ (rising edge-triggered flip-flop clocked by core_clock)
Path Group: core_clock
Path Type: min

Fanout     Cap    Slew   Delay    Time   Description
-----------------------------------------------------------------------------
                          0.00    0.00   clock core_clock (rise edge)
                          0.00    0.00   clock source latency
     1    0.01    0.00    0.00    0.00 ^ clk (in)
                                         clk (net)
                  0.00    0.00    0.00 ^ clkbuf_0_clk/A (sky130_fd_sc_hd__clkbuf_16)
     4    0.03    0.05    0.12    0.12 ^ clkbuf_0_clk/X (sky130_fd_sc_hd__clkbuf_16)
                                         clknet_0_clk (net)
                  0.05    0.00    0.12 ^ clkbuf_2_3__f_clk/A (sky130_fd_sc_hd__clkbuf_16)
    10    0.03    0.05    0.14    0.26 ^ clkbuf_2_3__f_clk/X (sky130_fd_sc_hd__clkbuf_16)
                                         clknet_2_3__leaf_clk (net)
                  0.05    0.00    0.26 ^ _180_/CLK (sky130_fd_sc_hd__dfxtp_1)
     3    0.01    0.07    0.33    0.58 ^ _180_/Q (sky130_fd_sc_hd__dfxtp_1)
                                         a_q[8] (net)
                  0.07    0.00    0.58 ^ _122_/A (sky130_fd_sc_hd__nand2_1)
     2    0.00    0.04    0.06    0.65 v _122_/Y (sky130_fd_sc_hd__nand2_1)
                                         _073_ (net)
                  0.04    0.00    0.65 v _124_/A (sky130_fd_sc_hd__nand2_1)
     3    0.01    0.09    0.09    0.74 ^ _124_/Y (sky130_fd_sc_hd__nand2_1)
                                         _000_ (net)
                  0.09    0.00    0.74 ^ _125_/B (sky130_fd_sc_hd__xor2_1)
     1    0.00    0.03    0.06    0.80 v _125_/X (sky130_fd_sc_hd__xor2_1)
                                         sum_d[8] (net)
                  0.03    0.00    0.80 v _213_/D (sky130_fd_sc_hd__dfxtp_1)
                                  0.80   data arrival time

                          0.00    0.00   clock core_clock (rise edge)
                          0.00    0.00   clock source latency
     1    0.01    0.00    0.00    0.00 ^ clk (in)
                                         clk (net)
                  0.00    0.00    0.00 ^ clkbuf_0_clk/A (sky130_fd_sc_hd__clkbuf_16)
     4    0.03    0.05    0.12    0.12 ^ clkbuf_0_clk/X (sky130_fd_sc_hd__clkbuf_16)
                                         clknet_0_clk (net)
                  0.05    0.00    0.12 ^ clkbuf_2_3__f_clk/A (sky130_fd_sc_hd__clkbuf_16)
    10    0.03    0.05    0.14    0.26 ^ clkbuf_2_3__f_clk/X (sky130_fd_sc_hd__clkbuf_16)
                                         clknet_2_3__leaf_clk (net)
                  0.05    0.00    0.26 ^ _213_/CLK (sky130_fd_sc_hd__dfxtp_1)
                          0.00    0.26   clock reconvergence pessimism
                         -0.05    0.21   library hold time
                                  0.21   data required time
-----------------------------------------------------------------------------
                                  0.21   data required time
                                 -0.80   data arrival time
-----------------------------------------------------------------------------
                                  0.59   slack (MET)


Startpoint: _180_ (rising edge-triggered flip-flop clocked by core_clock)
Endpoint: _214_ (rising edge-triggered flip-flop clocked by core_clock)
Path Group: core_clock
Path Type: min

Fanout     Cap    Slew   Delay    Time   Description
-----------------------------------------------------------------------------
                          0.00    0.00   clock core_clock (rise edge)
                          0.00    0.00   clock source latency
     1    0.01    0.00    0.00    0.00 ^ clk (in)
                                         clk (net)
                  0.00    0.00    0.00 ^ clkbuf_0_clk/A (sky130_fd_sc_hd__clkbuf_16)
     4    0.03    0.05    0.12    0.12 ^ clkbuf_0_clk/X (sky130_fd_sc_hd__clkbuf_16)
                                         clknet_0_clk (net)
                  0.05    0.00    0.12 ^ clkbuf_2_3__f_clk/A (sky130_fd_sc_hd__clkbuf_16)
    10    0.03    0.05    0.14    0.26 ^ clkbuf_2_3__f_clk/X (sky130_fd_sc_hd__clkbuf_16)
                                         clknet_2_3__leaf_clk (net)
                  0.05    0.00    0.26 ^ _180_/CLK (sky130_fd_sc_hd__dfxtp_1)
     3    0.01    0.04    0.31    0.57 v _180_/Q (sky130_fd_sc_hd__dfxtp_1)
                                         a_q[8] (net)
                  0.04    0.00    0.57 v _122_/A (sky130_fd_sc_hd__nand2_1)
     2    0.00    0.06    0.06    0.63 ^ _122_/Y (sky130_fd_sc_hd__nand2_1)
                                         _073_ (net)
                  0.06    0.00    0.63 ^ _127_/B1 (sky130_fd_sc_hd__o21a_1)
     1    0.00    0.06    0.12    0.75 ^ _127_/X (sky130_fd_sc_hd__o21a_1)
                                         _002_ (net)
                  0.06    0.00    0.75 ^ _128_/B (sky130_fd_sc_hd__xnor2_1)
     1    0.00    0.03    0.05    0.81 v _128_/Y (sky130_fd_sc_hd__xnor2_1)
                                         sum_d[9] (net)
                  0.03    0.00    0.81 v _214_/D (sky130_fd_sc_hd__dfxtp_1)
                                  0.81   data arrival time

                          0.00    0.00   clock core_clock (rise edge)
                          0.00    0.00   clock source latency
     1    0.01    0.00    0.00    0.00 ^ clk (in)
                                         clk (net)
                  0.00    0.00    0.00 ^ clkbuf_0_clk/A (sky130_fd_sc_hd__clkbuf_16)
     4    0.03    0.05    0.12    0.12 ^ clkbuf_0_clk/X (sky130_fd_sc_hd__clkbuf_16)
                                         clknet_0_clk (net)
                  0.05    0.00    0.12 ^ clkbuf_2_1__f_clk/A (sky130_fd_sc_hd__clkbuf_16)
    17    0.03    0.05    0.14    0.26 ^ clkbuf_2_1__f_clk/X (sky130_fd_sc_hd__clkbuf_16)
                                         clknet_2_1__leaf_clk (net)
                  0.05    0.00    0.26 ^ _214_/CLK (sky130_fd_sc_hd__dfxtp_1)
                          0.00    0.26   clock reconvergence pessimism
                         -0.04    0.22   library hold time
                                  0.22   data required time
-----------------------------------------------------------------------------
                                  0.22   data required time
                                 -0.81   data arrival time
-----------------------------------------------------------------------------
                                  0.59   slack (MET)


Startpoint: _176_ (rising edge-triggered flip-flop clocked by core_clock)
Endpoint: _210_ (rising edge-triggered flip-flop clocked by core_clock)
Path Group: core_clock
Path Type: min

Fanout     Cap    Slew   Delay    Time   Description
-----------------------------------------------------------------------------
                          0.00    0.00   clock core_clock (rise edge)
                          0.00    0.00   clock source latency
     1    0.01    0.00    0.00    0.00 ^ clk (in)
                                         clk (net)
                  0.00    0.00    0.00 ^ clkbuf_0_clk/A (sky130_fd_sc_hd__clkbuf_16)
     4    0.03    0.05    0.12    0.12 ^ clkbuf_0_clk/X (sky130_fd_sc_hd__clkbuf_16)
                                         clknet_0_clk (net)
                  0.05    0.00    0.12 ^ clkbuf_2_1__f_clk/A (sky130_fd_sc_hd__clkbuf_16)
    17    0.03    0.05    0.14    0.26 ^ clkbuf_2_1__f_clk/X (sky130_fd_sc_hd__clkbuf_16)
                                         clknet_2_1__leaf_clk (net)
                  0.05    0.00    0.26 ^ _176_/CLK (sky130_fd_sc_hd__dfxtp_1)
     3    0.01    0.04    0.31    0.57 v _176_/Q (sky130_fd_sc_hd__dfxtp_1)
                                         a_q[4] (net)
                  0.04    0.00    0.57 v _095_/A (sky130_fd_sc_hd__nand2_1)
     2    0.00    0.05    0.06    0.63 ^ _095_/Y (sky130_fd_sc_hd__nand2_1)
                                         _050_ (net)
                  0.05    0.00    0.63 ^ _103_/B1 (sky130_fd_sc_hd__o21a_1)
     1    0.00    0.06    0.12    0.75 ^ _103_/X (sky130_fd_sc_hd__o21a_1)
                                         _057_ (net)
                  0.06    0.00    0.75 ^ _104_/B (sky130_fd_sc_hd__xnor2_1)
     1    0.00    0.03    0.05    0.81 v _104_/Y (sky130_fd_sc_hd__xnor2_1)
                                         sum_d[5] (net)
                  0.03    0.00    0.81 v _210_/D (sky130_fd_sc_hd__dfxtp_1)
                                  0.81   data arrival time

                          0.00    0.00   clock core_clock (rise edge)
                          0.00    0.00   clock source latency
     1    0.01    0.00    0.00    0.00 ^ clk (in)
                                         clk (net)
                  0.00    0.00    0.00 ^ clkbuf_0_clk/A (sky130_fd_sc_hd__clkbuf_16)
     4    0.03    0.05    0.12    0.12 ^ clkbuf_0_clk/X (sky130_fd_sc_hd__clkbuf_16)
                                         clknet_0_clk (net)
                  0.05    0.00    0.12 ^ clkbuf_2_2__f_clk/A (sky130_fd_sc_hd__clkbuf_16)
    12    0.03    0.05    0.14    0.26 ^ clkbuf_2_2__f_clk/X (sky130_fd_sc_hd__clkbuf_16)
                                         clknet_2_2__leaf_clk (net)
                  0.05    0.00    0.26 ^ _210_/CLK (sky130_fd_sc_hd__dfxtp_1)
                          0.00    0.26   clock reconvergence pessimism
                         -0.04    0.22   library hold time
                                  0.22   data required time
-----------------------------------------------------------------------------
                                  0.22   data required time
                                 -0.81   data arrival time
-----------------------------------------------------------------------------
                                  0.59   slack (MET)


Startpoint: _200_ (rising edge-triggered flip-flop clocked by core_clock)
Endpoint: _167_ (rising edge-triggered flip-flop clocked by core_clock)
Path Group: core_clock
Path Type: min

Fanout     Cap    Slew   Delay    Time   Description
-----------------------------------------------------------------------------
                          0.00    0.00   clock core_clock (rise edge)
                          0.00    0.00   clock source latency
     1    0.01    0.00    0.00    0.00 ^ clk (in)
                                         clk (net)
                  0.00    0.00    0.00 ^ clkbuf_0_clk/A (sky130_fd_sc_hd__clkbuf_16)
     4    0.03    0.05    0.12    0.12 ^ clkbuf_0_clk/X (sky130_fd_sc_hd__clkbuf_16)
                                         clknet_0_clk (net)
                  0.05    0.00    0.12 ^ clkbuf_2_2__f_clk/A (sky130_fd_sc_hd__clkbuf_16)
    12    0.03    0.05    0.14    0.26 ^ clkbuf_2_2__f_clk/X (sky130_fd_sc_hd__clkbuf_16)
                                         clknet_2_2__leaf_clk (net)
                  0.05    0.00    0.26 ^ _200_/CLK (sky130_fd_sc_hd__dfxtp_1)
     2    0.00    0.03    0.30    0.56 v _200_/Q (sky130_fd_sc_hd__dfxtp_1)
                                         b_q[12] (net)
                  0.03    0.00    0.56 v _147_/B (sky130_fd_sc_hd__nor2_1)
     1    0.00    0.07    0.07    0.63 ^ _147_/Y (sky130_fd_sc_hd__nor2_1)
                                         _019_ (net)
                  0.07    0.00    0.63 ^ _148_/B (sky130_fd_sc_hd__nor2_1)
     3    0.01    0.06    0.07    0.70 v _148_/Y (sky130_fd_sc_hd__nor2_1)
                                         _020_ (net)
                  0.06    0.00    0.70 v _149_/B (sky130_fd_sc_hd__xor2_1)
     1    0.00    0.08    0.11    0.81 ^ _149_/X (sky130_fd_sc_hd__xor2_1)
                                         sum_d[12] (net)
                  0.08    0.00    0.81 ^ _167_/D (sky130_fd_sc_hd__dfxtp_1)
                                  0.81   data arrival time

                          0.00    0.00   clock core_clock (rise edge)
                          0.00    0.00   clock source latency
     1    0.01    0.00    0.00    0.00 ^ clk (in)
                                         clk (net)
                  0.00    0.00    0.00 ^ clkbuf_0_clk/A (sky130_fd_sc_hd__clkbuf_16)
     4    0.03    0.05    0.12    0.12 ^ clkbuf_0_clk/X (sky130_fd_sc_hd__clkbuf_16)
                                         clknet_0_clk (net)
                  0.05    0.00    0.12 ^ clkbuf_2_1__f_clk/A (sky130_fd_sc_hd__clkbuf_16)
    17    0.03    0.05    0.14    0.26 ^ clkbuf_2_1__f_clk/X (sky130_fd_sc_hd__clkbuf_16)
                                         clknet_2_1__leaf_clk (net)
                  0.05    0.00    0.26 ^ _167_/CLK (sky130_fd_sc_hd__dfxtp_1)
                          0.00    0.26   clock reconvergence pessimism
                         -0.04    0.22   library hold time
                                  0.22   data required time
-----------------------------------------------------------------------------
                                  0.22   data required time
                                 -0.81   data arrival time
-----------------------------------------------------------------------------
                                  0.59   slack (MET)


Startpoint: _174_ (rising edge-triggered flip-flop clocked by core_clock)
Endpoint: _208_ (rising edge-triggered flip-flop clocked by core_clock)
Path Group: core_clock
Path Type: min

Fanout     Cap    Slew   Delay    Time   Description
-----------------------------------------------------------------------------
                          0.00    0.00   clock core_clock (rise edge)
                          0.00    0.00   clock source latency
     1    0.01    0.00    0.00    0.00 ^ clk (in)
                                         clk (net)
                  0.00    0.00    0.00 ^ clkbuf_0_clk/A (sky130_fd_sc_hd__clkbuf_16)
     4    0.03    0.05    0.12    0.12 ^ clkbuf_0_clk/X (sky130_fd_sc_hd__clkbuf_16)
                                         clknet_0_clk (net)
                  0.05    0.00    0.12 ^ clkbuf_2_1__f_clk/A (sky130_fd_sc_hd__clkbuf_16)
    17    0.03    0.05    0.14    0.26 ^ clkbuf_2_1__f_clk/X (sky130_fd_sc_hd__clkbuf_16)
                                         clknet_2_1__leaf_clk (net)
                  0.05    0.00    0.26 ^ _174_/CLK (sky130_fd_sc_hd__dfxtp_1)
     3    0.01    0.04    0.31    0.57 v _174_/Q (sky130_fd_sc_hd__dfxtp_1)
                                         a_q[2] (net)
                  0.04    0.00    0.57 v _086_/A (sky130_fd_sc_hd__nand2_1)
     2    0.00    0.06    0.06    0.63 ^ _086_/Y (sky130_fd_sc_hd__nand2_1)
                                         _043_ (net)
                  0.06    0.00    0.63 ^ _092_/B1 (sky130_fd_sc_hd__o21a_1)
     1    0.00    0.06    0.12    0.75 ^ _092_/X (sky130_fd_sc_hd__o21a_1)
                                         _048_ (net)
                  0.06    0.00    0.75 ^ _093_/B (sky130_fd_sc_hd__xnor2_1)
     1    0.00    0.03    0.05    0.81 v _093_/Y (sky130_fd_sc_hd__xnor2_1)
                                         sum_d[3] (net)
                  0.03    0.00    0.81 v _208_/D (sky130_fd_sc_hd__dfxtp_1)
                                  0.81   data arrival time

                          0.00    0.00   clock core_clock (rise edge)
                          0.00    0.00   clock source latency
     1    0.01    0.00    0.00    0.00 ^ clk (in)
                                         clk (net)
                  0.00    0.00    0.00 ^ clkbuf_0_clk/A (sky130_fd_sc_hd__clkbuf_16)
     4    0.03    0.05    0.12    0.12 ^ clkbuf_0_clk/X (sky130_fd_sc_hd__clkbuf_16)
                                         clknet_0_clk (net)
                  0.05    0.00    0.12 ^ clkbuf_2_0__f_clk/A (sky130_fd_sc_hd__clkbuf_16)
    14    0.03    0.05    0.14    0.26 ^ clkbuf_2_0__f_clk/X (sky130_fd_sc_hd__clkbuf_16)
                                         clknet_2_0__leaf_clk (net)
                  0.05    0.00    0.26 ^ _208_/CLK (sky130_fd_sc_hd__dfxtp_1)
                          0.00    0.26   clock reconvergence pessimism
                         -0.04    0.22   library hold time
                                  0.22   data required time
-----------------------------------------------------------------------------
                                  0.22   data required time
                                 -0.81   data arrival time
-----------------------------------------------------------------------------
                                  0.59   slack (MET)


Startpoint: _178_ (rising edge-triggered flip-flop clocked by core_clock)
Endpoint: _212_ (rising edge-triggered flip-flop clocked by core_clock)
Path Group: core_clock
Path Type: min

Fanout     Cap    Slew   Delay    Time   Description
-----------------------------------------------------------------------------
                          0.00    0.00   clock core_clock (rise edge)
                          0.00    0.00   clock source latency
     1    0.01    0.00    0.00    0.00 ^ clk (in)
                                         clk (net)
                  0.00    0.00    0.00 ^ clkbuf_0_clk/A (sky130_fd_sc_hd__clkbuf_16)
     4    0.03    0.05    0.12    0.12 ^ clkbuf_0_clk/X (sky130_fd_sc_hd__clkbuf_16)
                                         clknet_0_clk (net)
                  0.05    0.00    0.12 ^ clkbuf_2_1__f_clk/A (sky130_fd_sc_hd__clkbuf_16)
    17    0.03    0.05    0.14    0.26 ^ clkbuf_2_1__f_clk/X (sky130_fd_sc_hd__clkbuf_16)
                                         clknet_2_1__leaf_clk (net)
                  0.05    0.00    0.26 ^ _178_/CLK (sky130_fd_sc_hd__dfxtp_1)
     3    0.01    0.04    0.31    0.57 v _178_/Q (sky130_fd_sc_hd__dfxtp_1)
                                         a_q[6] (net)
                  0.04    0.00    0.57 v _116_/A (sky130_fd_sc_hd__nand2_1)
     2    0.00    0.06    0.07    0.63 ^ _116_/Y (sky130_fd_sc_hd__nand2_1)
                                         _068_ (net)
                  0.06    0.00    0.63 ^ _117_/B1 (sky130_fd_sc_hd__o21a_1)
     1    0.00    0.06    0.12    0.76 ^ _117_/X (sky130_fd_sc_hd__o21a_1)
                                         _069_ (net)
                  0.06    0.00    0.76 ^ _118_/B (sky130_fd_sc_hd__xnor2_1)
     1    0.00    0.03    0.05    0.81 v _118_/Y (sky130_fd_sc_hd__xnor2_1)
                                         sum_d[7] (net)
                  0.03    0.00    0.81 v _212_/D (sky130_fd_sc_hd__dfxtp_1)
                                  0.81   data arrival time

                          0.00    0.00   clock core_clock (rise edge)
                          0.00    0.00   clock source latency
     1    0.01    0.00    0.00    0.00 ^ clk (in)
                                         clk (net)
                  0.00    0.00    0.00 ^ clkbuf_0_clk/A (sky130_fd_sc_hd__clkbuf_16)
     4    0.03    0.05    0.12    0.12 ^ clkbuf_0_clk/X (sky130_fd_sc_hd__clkbuf_16)
                                         clknet_0_clk (net)
                  0.05    0.00    0.12 ^ clkbuf_2_0__f_clk/A (sky130_fd_sc_hd__clkbuf_16)
    14    0.03    0.05    0.14    0.26 ^ clkbuf_2_0__f_clk/X (sky130_fd_sc_hd__clkbuf_16)
                                         clknet_2_0__leaf_clk (net)
                  0.05    0.00    0.26 ^ _212_/CLK (sky130_fd_sc_hd__dfxtp_1)
                          0.00    0.26   clock reconvergence pessimism
                         -0.04    0.22   library hold time
                                  0.22   data required time
-----------------------------------------------------------------------------
                                  0.22   data required time
                                 -0.81   data arrival time
-----------------------------------------------------------------------------
                                  0.59   slack (MET)


Startpoint: _182_ (rising edge-triggered flip-flop clocked by core_clock)
Endpoint: _216_ (rising edge-triggered flip-flop clocked by core_clock)
Path Group: core_clock
Path Type: min

Fanout     Cap    Slew   Delay    Time   Description
-----------------------------------------------------------------------------
                          0.00    0.00   clock core_clock (rise edge)
                          0.00    0.00   clock source latency
     1    0.01    0.00    0.00    0.00 ^ clk (in)
                                         clk (net)
                  0.00    0.00    0.00 ^ clkbuf_0_clk/A (sky130_fd_sc_hd__clkbuf_16)
     4    0.03    0.05    0.12    0.12 ^ clkbuf_0_clk/X (sky130_fd_sc_hd__clkbuf_16)
                                         clknet_0_clk (net)
                  0.05    0.00    0.12 ^ clkbuf_2_3__f_clk/A (sky130_fd_sc_hd__clkbuf_16)
    10    0.03    0.05    0.14    0.26 ^ clkbuf_2_3__f_clk/X (sky130_fd_sc_hd__clkbuf_16)
                                         clknet_2_3__leaf_clk (net)
                  0.05    0.00    0.26 ^ _182_/CLK (sky130_fd_sc_hd__dfxtp_1)
     4    0.01    0.06    0.33    0.59 v _182_/Q (sky130_fd_sc_hd__dfxtp_1)
                                         a_q[10] (net)
                  0.06    0.00    0.59 v _137_/A (sky130_fd_sc_hd__nand2_1)
     1    0.00    0.04    0.06    0.64 ^ _137_/Y (sky130_fd_sc_hd__nand2_1)
                                         _010_ (net)
                  0.04    0.00    0.64 ^ _138_/B1 (sky130_fd_sc_hd__o21a_1)
     1    0.00    0.06    0.12    0.76 ^ _138_/X (sky130_fd_sc_hd__o21a_1)
                                         _011_ (net)
                  0.06    0.00    0.76 ^ _139_/B (sky130_fd_sc_hd__xnor2_1)
     1    0.00    0.03    0.05    0.81 v _139_/Y (sky130_fd_sc_hd__xnor2_1)
                                         sum_d[11] (net)
                  0.03    0.00    0.81 v _216_/D (sky130_fd_sc_hd__dfxtp_1)
                                  0.81   data arrival time

                          0.00    0.00   clock core_clock (rise edge)
                          0.00    0.00   clock source latency
     1    0.01    0.00    0.00    0.00 ^ clk (in)
                                         clk (net)
                  0.00    0.00    0.00 ^ clkbuf_0_clk/A (sky130_fd_sc_hd__clkbuf_16)
     4    0.03    0.05    0.12    0.12 ^ clkbuf_0_clk/X (sky130_fd_sc_hd__clkbuf_16)
                                         clknet_0_clk (net)
                  0.05    0.00    0.12 ^ clkbuf_2_1__f_clk/A (sky130_fd_sc_hd__clkbuf_16)
    17    0.03    0.05    0.14    0.26 ^ clkbuf_2_1__f_clk/X (sky130_fd_sc_hd__clkbuf_16)
                                         clknet_2_1__leaf_clk (net)
                  0.05    0.00    0.26 ^ _216_/CLK (sky130_fd_sc_hd__dfxtp_1)
                          0.00    0.26   clock reconvergence pessimism
                         -0.04    0.22   library hold time
                                  0.22   data required time
-----------------------------------------------------------------------------
                                  0.22   data required time
                                 -0.81   data arrival time
-----------------------------------------------------------------------------
                                  0.60   slack (MET)


Startpoint: _174_ (rising edge-triggered flip-flop clocked by core_clock)
Endpoint: _207_ (rising edge-triggered flip-flop clocked by core_clock)
Path Group: core_clock
Path Type: min

Fanout     Cap    Slew   Delay    Time   Description
-----------------------------------------------------------------------------
                          0.00    0.00   clock core_clock (rise edge)
                          0.00    0.00   clock source latency
     1    0.01    0.00    0.00    0.00 ^ clk (in)
                                         clk (net)
                  0.00    0.00    0.00 ^ clkbuf_0_clk/A (sky130_fd_sc_hd__clkbuf_16)
     4    0.03    0.05    0.12    0.12 ^ clkbuf_0_clk/X (sky130_fd_sc_hd__clkbuf_16)
                                         clknet_0_clk (net)
                  0.05    0.00    0.12 ^ clkbuf_2_1__f_clk/A (sky130_fd_sc_hd__clkbuf_16)
    17    0.03    0.05    0.14    0.26 ^ clkbuf_2_1__f_clk/X (sky130_fd_sc_hd__clkbuf_16)
                                         clknet_2_1__leaf_clk (net)
                  0.05    0.00    0.26 ^ _174_/CLK (sky130_fd_sc_hd__dfxtp_1)
     3    0.01    0.07    0.33    0.59 ^ _174_/Q (sky130_fd_sc_hd__dfxtp_1)
                                         a_q[2] (net)
                  0.07    0.00    0.59 ^ _086_/A (sky130_fd_sc_hd__nand2_1)
     2    0.00    0.04    0.06    0.65 v _086_/Y (sky130_fd_sc_hd__nand2_1)
                                         _043_ (net)
                  0.04    0.00    0.65 v _087_/B (sky130_fd_sc_hd__nand2_1)
     3    0.01    0.10    0.10    0.75 ^ _087_/Y (sky130_fd_sc_hd__nand2_1)
                                         _044_ (net)
                  0.10    0.00    0.75 ^ _088_/B (sky130_fd_sc_hd__xor2_1)
     1    0.00    0.03    0.06    0.81 v _088_/X (sky130_fd_sc_hd__xor2_1)
                                         sum_d[2] (net)
                  0.03    0.00    0.81 v _207_/D (sky130_fd_sc_hd__dfxtp_1)
                                  0.81   data arrival time

                          0.00    0.00   clock core_clock (rise edge)
                          0.00    0.00   clock source latency
     1    0.01    0.00    0.00    0.00 ^ clk (in)
                                         clk (net)
                  0.00    0.00    0.00 ^ clkbuf_0_clk/A (sky130_fd_sc_hd__clkbuf_16)
     4    0.03    0.05    0.12    0.12 ^ clkbuf_0_clk/X (sky130_fd_sc_hd__clkbuf_16)
                                         clknet_0_clk (net)
                  0.05    0.00    0.12 ^ clkbuf_2_0__f_clk/A (sky130_fd_sc_hd__clkbuf_16)
    14    0.03    0.05    0.14    0.26 ^ clkbuf_2_0__f_clk/X (sky130_fd_sc_hd__clkbuf_16)
                                         clknet_2_0__leaf_clk (net)
                  0.05    0.00    0.26 ^ _207_/CLK (sky130_fd_sc_hd__dfxtp_1)
                          0.00    0.26   clock reconvergence pessimism
                         -0.05    0.21   library hold time
                                  0.21   data required time
-----------------------------------------------------------------------------
                                  0.21   data required time
                                 -0.81   data arrival time
-----------------------------------------------------------------------------
                                  0.60   slack (MET)


Startpoint: _203_ (rising edge-triggered flip-flop clocked by core_clock)
Endpoint: _170_ (rising edge-triggered flip-flop clocked by core_clock)
Path Group: core_clock
Path Type: min

Fanout     Cap    Slew   Delay    Time   Description
-----------------------------------------------------------------------------
                          0.00    0.00   clock core_clock (rise edge)
                          0.00    0.00   clock source latency
     1    0.01    0.00    0.00    0.00 ^ clk (in)
                                         clk (net)
                  0.00    0.00    0.00 ^ clkbuf_0_clk/A (sky130_fd_sc_hd__clkbuf_16)
     4    0.03    0.05    0.12    0.12 ^ clkbuf_0_clk/X (sky130_fd_sc_hd__clkbuf_16)
                                         clknet_0_clk (net)
                  0.05    0.00    0.12 ^ clkbuf_2_2__f_clk/A (sky130_fd_sc_hd__clkbuf_16)
    12    0.03    0.05    0.14    0.26 ^ clkbuf_2_2__f_clk/X (sky130_fd_sc_hd__clkbuf_16)
                                         clknet_2_2__leaf_clk (net)
                  0.05    0.00    0.26 ^ _203_/CLK (sky130_fd_sc_hd__dfxtp_1)
     2    0.00    0.03    0.30    0.56 v _203_/Q (sky130_fd_sc_hd__dfxtp_1)
                                         b_q[15] (net)
                  0.03    0.00    0.56 v _161_/B (sky130_fd_sc_hd__nor2_1)
     2    0.00    0.10    0.10    0.66 ^ _161_/Y (sky130_fd_sc_hd__nor2_1)
                                         _030_ (net)
                  0.10    0.00    0.66 ^ _163_/A (sky130_fd_sc_hd__or2b_1)
     1    0.00    0.05    0.12    0.77 ^ _163_/X (sky130_fd_sc_hd__or2b_1)
                                         _032_ (net)
                  0.05    0.00    0.77 ^ _165_/A (sky130_fd_sc_hd__xor2_1)
     1    0.00    0.03    0.05    0.83 v _165_/X (sky130_fd_sc_hd__xor2_1)
                                         sum_d[15] (net)
                  0.03    0.00    0.83 v _170_/D (sky130_fd_sc_hd__dfxtp_1)
                                  0.83   data arrival time

                          0.00    0.00   clock core_clock (rise edge)
                          0.00    0.00   clock source latency
     1    0.01    0.00    0.00    0.00 ^ clk (in)
                                         clk (net)
                  0.00    0.00    0.00 ^ clkbuf_0_clk/A (sky130_fd_sc_hd__clkbuf_16)
     4    0.03    0.05    0.12    0.12 ^ clkbuf_0_clk/X (sky130_fd_sc_hd__clkbuf_16)
                                         clknet_0_clk (net)
                  0.05    0.00    0.12 ^ clkbuf_2_3__f_clk/A (sky130_fd_sc_hd__clkbuf_16)
    10    0.03    0.05    0.14    0.26 ^ clkbuf_2_3__f_clk/X (sky130_fd_sc_hd__clkbuf_16)
                                         clknet_2_3__leaf_clk (net)
                  0.05    0.00    0.26 ^ _170_/CLK (sky130_fd_sc_hd__dfxtp_1)
                          0.00    0.26   clock reconvergence pessimism
                         -0.05    0.21   library hold time
                                  0.21   data required time
-----------------------------------------------------------------------------
                                  0.21   data required time
                                 -0.83   data arrival time
-----------------------------------------------------------------------------
                                  0.62   slack (MET)


Startpoint: _182_ (rising edge-triggered flip-flop clocked by core_clock)
Endpoint: _215_ (rising edge-triggered flip-flop clocked by core_clock)
Path Group: core_clock
Path Type: min

Fanout     Cap    Slew   Delay    Time   Description
-----------------------------------------------------------------------------
                          0.00    0.00   clock core_clock (rise edge)
                          0.00    0.00   clock source latency
     1    0.01    0.00    0.00    0.00 ^ clk (in)
                                         clk (net)
                  0.00    0.00    0.00 ^ clkbuf_0_clk/A (sky130_fd_sc_hd__clkbuf_16)
     4    0.03    0.05    0.12    0.12 ^ clkbuf_0_clk/X (sky130_fd_sc_hd__clkbuf_16)
                                         clknet_0_clk (net)
                  0.05    0.00    0.12 ^ clkbuf_2_3__f_clk/A (sky130_fd_sc_hd__clkbuf_16)
    10    0.03    0.05    0.14    0.26 ^ clkbuf_2_3__f_clk/X (sky130_fd_sc_hd__clkbuf_16)
                                         clknet_2_3__leaf_clk (net)
                  0.05    0.00    0.26 ^ _182_/CLK (sky130_fd_sc_hd__dfxtp_1)
     4    0.01    0.12    0.36    0.62 ^ _182_/Q (sky130_fd_sc_hd__dfxtp_1)
                                         a_q[10] (net)
                  0.12    0.00    0.62 ^ _129_/A (sky130_fd_sc_hd__xor2_1)
     2    0.01    0.05    0.10    0.72 v _129_/X (sky130_fd_sc_hd__xor2_1)
                                         _003_ (net)
                  0.05    0.00    0.72 v _134_/A (sky130_fd_sc_hd__xnor2_1)
     1    0.00    0.04    0.13    0.85 ^ _134_/Y (sky130_fd_sc_hd__xnor2_1)
                                         sum_d[10] (net)
                  0.04    0.00    0.85 ^ _215_/D (sky130_fd_sc_hd__dfxtp_1)
                                  0.85   data arrival time

                          0.00    0.00   clock core_clock (rise edge)
                          0.00    0.00   clock source latency
     1    0.01    0.00    0.00    0.00 ^ clk (in)
                                         clk (net)
                  0.00    0.00    0.00 ^ clkbuf_0_clk/A (sky130_fd_sc_hd__clkbuf_16)
     4    0.03    0.05    0.12    0.12 ^ clkbuf_0_clk/X (sky130_fd_sc_hd__clkbuf_16)
                                         clknet_0_clk (net)
                  0.05    0.00    0.12 ^ clkbuf_2_1__f_clk/A (sky130_fd_sc_hd__clkbuf_16)
    17    0.03    0.05    0.14    0.26 ^ clkbuf_2_1__f_clk/X (sky130_fd_sc_hd__clkbuf_16)
                                         clknet_2_1__leaf_clk (net)
                  0.05    0.00    0.26 ^ _215_/CLK (sky130_fd_sc_hd__dfxtp_1)
                          0.00    0.26   clock reconvergence pessimism
                         -0.03    0.23   library hold time
                                  0.23   data required time
-----------------------------------------------------------------------------
                                  0.23   data required time
                                 -0.85   data arrival time
-----------------------------------------------------------------------------
                                  0.62   slack (MET)


Startpoint: _176_ (rising edge-triggered flip-flop clocked by core_clock)
Endpoint: _209_ (rising edge-triggered flip-flop clocked by core_clock)
Path Group: core_clock
Path Type: min

Fanout     Cap    Slew   Delay    Time   Description
-----------------------------------------------------------------------------
                          0.00    0.00   clock core_clock (rise edge)
                          0.00    0.00   clock source latency
     1    0.01    0.00    0.00    0.00 ^ clk (in)
                                         clk (net)
                  0.00    0.00    0.00 ^ clkbuf_0_clk/A (sky130_fd_sc_hd__clkbuf_16)
     4    0.03    0.05    0.12    0.12 ^ clkbuf_0_clk/X (sky130_fd_sc_hd__clkbuf_16)
                                         clknet_0_clk (net)
                  0.05    0.00    0.12 ^ clkbuf_2_1__f_clk/A (sky130_fd_sc_hd__clkbuf_16)
    17    0.03    0.05    0.14    0.26 ^ clkbuf_2_1__f_clk/X (sky130_fd_sc_hd__clkbuf_16)
                                         clknet_2_1__leaf_clk (net)
                  0.05    0.00    0.26 ^ _176_/CLK (sky130_fd_sc_hd__dfxtp_1)
     3    0.01    0.04    0.31    0.57 v _176_/Q (sky130_fd_sc_hd__dfxtp_1)
                                         a_q[4] (net)
                  0.04    0.00    0.57 v _095_/A (sky130_fd_sc_hd__nand2_1)
     2    0.00    0.05    0.06    0.63 ^ _095_/Y (sky130_fd_sc_hd__nand2_1)
                                         _050_ (net)
                  0.05    0.00    0.63 ^ _096_/B (sky130_fd_sc_hd__and2b_1)
     2    0.01    0.08    0.14    0.77 ^ _096_/X (sky130_fd_sc_hd__and2b_1)
                                         _051_ (net)
                  0.08    0.00    0.77 ^ _101_/A (sky130_fd_sc_hd__xnor2_1)
     1    0.00    0.03    0.07    0.84 v _101_/Y (sky130_fd_sc_hd__xnor2_1)
                                         sum_d[4] (net)
                  0.03    0.00    0.84 v _209_/D (sky130_fd_sc_hd__dfxtp_1)
                                  0.84   data arrival time

                          0.00    0.00   clock core_clock (rise edge)
                          0.00    0.00   clock source latency
     1    0.01    0.00    0.00    0.00 ^ clk (in)
                                         clk (net)
                  0.00    0.00    0.00 ^ clkbuf_0_clk/A (sky130_fd_sc_hd__clkbuf_16)
     4    0.03    0.05    0.12    0.12 ^ clkbuf_0_clk/X (sky130_fd_sc_hd__clkbuf_16)
                                         clknet_0_clk (net)
                  0.05    0.00    0.12 ^ clkbuf_2_2__f_clk/A (sky130_fd_sc_hd__clkbuf_16)
    12    0.03    0.05    0.14    0.26 ^ clkbuf_2_2__f_clk/X (sky130_fd_sc_hd__clkbuf_16)
                                         clknet_2_2__leaf_clk (net)
                  0.05    0.00    0.26 ^ _209_/CLK (sky130_fd_sc_hd__dfxtp_1)
                          0.00    0.26   clock reconvergence pessimism
                         -0.04    0.22   library hold time
                                  0.22   data required time
-----------------------------------------------------------------------------
                                  0.22   data required time
                                 -0.84   data arrival time
-----------------------------------------------------------------------------
                                  0.63   slack (MET)


Startpoint: _194_ (rising edge-triggered flip-flop clocked by core_clock)
Endpoint: _211_ (rising edge-triggered flip-flop clocked by core_clock)
Path Group: core_clock
Path Type: min

Fanout     Cap    Slew   Delay    Time   Description
-----------------------------------------------------------------------------
                          0.00    0.00   clock core_clock (rise edge)
                          0.00    0.00   clock source latency
     1    0.01    0.00    0.00    0.00 ^ clk (in)
                                         clk (net)
                  0.00    0.00    0.00 ^ clkbuf_0_clk/A (sky130_fd_sc_hd__clkbuf_16)
     4    0.03    0.05    0.12    0.12 ^ clkbuf_0_clk/X (sky130_fd_sc_hd__clkbuf_16)
                                         clknet_0_clk (net)
                  0.05    0.00    0.12 ^ clkbuf_2_0__f_clk/A (sky130_fd_sc_hd__clkbuf_16)
    14    0.03    0.05    0.14    0.26 ^ clkbuf_2_0__f_clk/X (sky130_fd_sc_hd__clkbuf_16)
                                         clknet_2_0__leaf_clk (net)
                  0.05    0.00    0.26 ^ _194_/CLK (sky130_fd_sc_hd__dfxtp_1)
     3    0.01    0.07    0.33    0.59 ^ _194_/Q (sky130_fd_sc_hd__dfxtp_1)
                                         b_q[6] (net)
                  0.07    0.00    0.59 ^ _106_/B (sky130_fd_sc_hd__nor2_1)
     2    0.00    0.03    0.05    0.64 v _106_/Y (sky130_fd_sc_hd__nor2_1)
                                         _059_ (net)
                  0.03    0.00    0.64 v _107_/B (sky130_fd_sc_hd__nor2_1)
     2    0.01    0.15    0.13    0.77 ^ _107_/Y (sky130_fd_sc_hd__nor2_1)
                                         _060_ (net)
                  0.15    0.00    0.77 ^ _112_/A (sky130_fd_sc_hd__xnor2_1)
     1    0.00    0.03    0.08    0.85 v _112_/Y (sky130_fd_sc_hd__xnor2_1)
                                         sum_d[6] (net)
                  0.03    0.00    0.85 v _211_/D (sky130_fd_sc_hd__dfxtp_1)
                                  0.85   data arrival time

                          0.00    0.00   clock core_clock (rise edge)
                          0.00    0.00   clock source latency
     1    0.01    0.00    0.00    0.00 ^ clk (in)
                                         clk (net)
                  0.00    0.00    0.00 ^ clkbuf_0_clk/A (sky130_fd_sc_hd__clkbuf_16)
     4    0.03    0.05    0.12    0.12 ^ clkbuf_0_clk/X (sky130_fd_sc_hd__clkbuf_16)
                                         clknet_0_clk (net)
                  0.05    0.00    0.12 ^ clkbuf_2_0__f_clk/A (sky130_fd_sc_hd__clkbuf_16)
    14    0.03    0.05    0.14    0.26 ^ clkbuf_2_0__f_clk/X (sky130_fd_sc_hd__clkbuf_16)
                                         clknet_2_0__leaf_clk (net)
                  0.05    0.00    0.26 ^ _211_/CLK (sky130_fd_sc_hd__dfxtp_1)
                          0.00    0.26   clock reconvergence pessimism
                         -0.04    0.21   library hold time
                                  0.21   data required time
-----------------------------------------------------------------------------
                                  0.21   data required time
                                 -0.85   data arrival time
-----------------------------------------------------------------------------
                                  0.63   slack (MET)


Startpoint: _201_ (rising edge-triggered flip-flop clocked by core_clock)
Endpoint: _168_ (rising edge-triggered flip-flop clocked by core_clock)
Path Group: core_clock
Path Type: min

Fanout     Cap    Slew   Delay    Time   Description
-----------------------------------------------------------------------------
                          0.00    0.00   clock core_clock (rise edge)
                          0.00    0.00   clock source latency
     1    0.01    0.00    0.00    0.00 ^ clk (in)
                                         clk (net)
                  0.00    0.00    0.00 ^ clkbuf_0_clk/A (sky130_fd_sc_hd__clkbuf_16)
     4    0.03    0.05    0.12    0.12 ^ clkbuf_0_clk/X (sky130_fd_sc_hd__clkbuf_16)
                                         clknet_0_clk (net)
                  0.05    0.00    0.12 ^ clkbuf_2_2__f_clk/A (sky130_fd_sc_hd__clkbuf_16)
    12    0.03    0.05    0.14    0.26 ^ clkbuf_2_2__f_clk/X (sky130_fd_sc_hd__clkbuf_16)
                                         clknet_2_2__leaf_clk (net)
                  0.05    0.00    0.26 ^ _201_/CLK (sky130_fd_sc_hd__dfxtp_1)
     2    0.00    0.03    0.30    0.56 v _201_/Q (sky130_fd_sc_hd__dfxtp_1)
                                         b_q[13] (net)
                  0.03    0.00    0.56 v _150_/B (sky130_fd_sc_hd__nor2_1)
     3    0.01    0.14    0.12    0.68 ^ _150_/Y (sky130_fd_sc_hd__nor2_1)
                                         _021_ (net)
                  0.14    0.00    0.68 ^ _152_/A (sky130_fd_sc_hd__or2_1)
     1    0.00    0.06    0.13    0.81 ^ _152_/X (sky130_fd_sc_hd__or2_1)
                                         _023_ (net)
                  0.06    0.00    0.81 ^ _154_/A (sky130_fd_sc_hd__xnor2_1)
     1    0.00    0.03    0.06    0.87 v _154_/Y (sky130_fd_sc_hd__xnor2_1)
                                         sum_d[13] (net)
                  0.03    0.00    0.87 v _168_/D (sky130_fd_sc_hd__dfxtp_1)
                                  0.87   data arrival time

                          0.00    0.00   clock core_clock (rise edge)
                          0.00    0.00   clock source latency
     1    0.01    0.00    0.00    0.00 ^ clk (in)
                                         clk (net)
                  0.00    0.00    0.00 ^ clkbuf_0_clk/A (sky130_fd_sc_hd__clkbuf_16)
     4    0.03    0.05    0.12    0.12 ^ clkbuf_0_clk/X (sky130_fd_sc_hd__clkbuf_16)
                                         clknet_0_clk (net)
                  0.05    0.00    0.12 ^ clkbuf_2_1__f_clk/A (sky130_fd_sc_hd__clkbuf_16)
    17    0.03    0.05    0.14    0.26 ^ clkbuf_2_1__f_clk/X (sky130_fd_sc_hd__clkbuf_16)
                                         clknet_2_1__leaf_clk (net)
                  0.05    0.00    0.26 ^ _168_/CLK (sky130_fd_sc_hd__dfxtp_1)
                          0.00    0.26   clock reconvergence pessimism
                         -0.04    0.22   library hold time
                                  0.22   data required time
-----------------------------------------------------------------------------
                                  0.22   data required time
                                 -0.87   data arrival time
-----------------------------------------------------------------------------
                                  0.66   slack (MET)



worst slack corner Typical: 0.4426
