Instance,Terminal,Layer,X location,Y location,Voltage
FILLER_0_20_119,VGND,li1,60.7200,65.2800,0.000024
FILLER_0_20_89,VGND,li1,47.3800,65.2800,0.000039
FILLER_0_20_85,VGND,li1,44.8500,65.2800,0.000039
FILLER_0_20_80,VGND,li1,43.2400,65.2800,0.000042
FILLER_0_20_71,VGND,li1,39.5600,65.2800,0.000045
FILLER_0_20_62,VGND,li1,35.4200,65.2800,0.000050
FILLER_0_20_57,VGND,li1,32.2000,65.2800,0.000046
FILLER_0_20_53,VGND,li1,30.5900,65.2800,0.000043
FILLER_0_20_44,VGND,li1,27.1400,65.2800,0.000049
FILLER_0_20_35,VGND,li1,23.0000,65.2800,0.000051
FILLER_0_20_29,VGND,li1,19.5500,65.2800,0.000054
FILLER_0_20_26,VGND,li1,17.9400,65.2800,0.000054
FILLER_0_20_20,VGND,li1,15.4100,65.2800,0.000049
FILLER_0_20_3,VGND,li1,7.3600,65.2800,0.000062
FILLER_0_19_113,VGND,li1,59.3400,65.2800,0.000024
FILLER_0_19_93,VGND,li1,48.9900,65.2800,0.000039
FILLER_0_19_73,VGND,li1,39.7900,65.2800,0.000045
FILLER_0_19_36,VGND,li1,23.0000,65.2800,0.000051
FILLER_0_18_123,VGND,li1,62.3300,59.8400,0.000044
FILLER_0_18_101,VGND,li1,52.6700,59.8400,0.000059
FILLER_0_18_70,VGND,li1,39.5600,59.8400,0.000066
FILLER_0_18_58,VGND,li1,34.9600,59.8400,0.000067
FILLER_0_18_46,VGND,li1,29.4400,59.8400,0.000056
FILLER_0_18_29,VGND,li1,19.0900,59.8400,0.000075
FILLER_0_18_26,VGND,li1,17.9400,59.8400,0.000075
FILLER_0_18_9,VGND,li1,9.8900,59.8400,0.000091
FILLER_0_17_123,VGND,li1,62.3300,59.8400,0.000044
FILLER_0_17_111,VGND,li1,56.8100,59.8400,0.000052
FILLER_0_17_93,VGND,li1,49.2200,59.8400,0.000062
FILLER_0_17_57,VGND,li1,31.9700,59.8400,0.000060
FILLER_0_17_52,VGND,li1,30.3600,59.8400,0.000056
FILLER_0_17_40,VGND,li1,26.6800,59.8400,0.000065
FILLER_0_17_6,VGND,li1,8.7400,59.8400,0.000091
FILLER_0_16_122,VGND,li1,62.1000,54.4000,0.000106
FILLER_0_16_85,VGND,li1,45.5400,54.4000,0.000125
FILLER_0_16_83,VGND,li1,43.9300,54.4000,0.000125
FILLER_0_16_65,VGND,li1,35.8800,54.4000,0.000139
FILLER_0_16_53,VGND,li1,32.6600,54.4000,0.000135
FILLER_0_16_41,VGND,li1,27.1400,54.4000,0.000164
FILLER_0_16_29,VGND,li1,21.6200,54.4000,0.000166
FILLER_0_16_27,VGND,li1,18.1700,54.4000,0.000141
FILLER_0_16_3,VGND,li1,8.7400,54.4000,0.000143
FILLER_0_15_113,VGND,li1,59.3400,54.4000,0.000106
FILLER_0_15_95,VGND,li1,49.4500,54.4000,0.000162
FILLER_0_15_85,VGND,li1,45.5400,54.4000,0.000125
FILLER_0_15_73,VGND,li1,41.8600,54.4000,0.000131
FILLER_0_15_52,VGND,li1,30.3600,54.4000,0.000130
FILLER_0_15_28,VGND,li1,18.6300,54.4000,0.000141
FILLER_0_15_20,VGND,li1,16.5600,54.4000,0.000125
FILLER_0_14_123,VGND,li1,62.3300,48.9600,0.000011
FILLER_0_14_111,VGND,li1,59.3400,48.9600,0.000011
FILLER_0_14_105,VGND,li1,54.0500,48.9600,0.000014
FILLER_0_14_97,VGND,li1,51.9800,48.9600,0.000016
FILLER_0_14_85,VGND,li1,47.3800,48.9600,0.000015
FILLER_0_14_83,VGND,li1,43.9300,48.9600,0.000017
FILLER_0_14_79,VGND,li1,42.7800,48.9600,0.000017
FILLER_0_14_67,VGND,li1,39.1000,48.9600,0.000023
FILLER_0_14_55,VGND,li1,33.5800,48.9600,0.000027
FILLER_0_14_37,VGND,li1,23.0000,48.9600,0.000038
FILLER_0_14_29,VGND,li1,20.7000,48.9600,0.000036
FILLER_0_14_22,VGND,li1,17.0200,48.9600,0.000027
FILLER_0_14_13,VGND,li1,11.7300,48.9600,0.000030
FILLER_0_14_9,VGND,li1,10.5800,48.9600,0.000030
FILLER_0_13_123,VGND,li1,62.3300,48.9600,0.000011
FILLER_0_13_119,VGND,li1,61.1800,48.9600,0.000011
FILLER_0_13_109,VGND,li1,56.3500,48.9600,0.000013
FILLER_0_13_98,VGND,li1,51.0600,48.9600,0.000016
FILLER_0_13_82,VGND,li1,46.0000,48.9600,0.000015
FILLER_0_13_75,VGND,li1,40.2500,48.9600,0.000020
FILLER_0_13_69,VGND,li1,37.9500,48.9600,0.000023
FILLER_0_13_57,VGND,li1,34.5000,48.9600,0.000027
FILLER_0_13_39,VGND,li1,23.6900,48.9600,0.000038
FILLER_0_13_35,VGND,li1,22.5400,48.9600,0.000038
FILLER_0_13_16,VGND,li1,13.1100,48.9600,0.000029
FILLER_0_13_9,VGND,li1,9.8900,48.9600,0.000030
FILLER_0_13_3,VGND,li1,8.2800,48.9600,0.000030
FILLER_0_12_122,VGND,li1,62.1000,43.5200,0.000015
FILLER_0_12_110,VGND,li1,58.8800,43.5200,0.000018
FILLER_0_12_85,VGND,li1,45.0800,43.5200,0.000026
FILLER_0_12_82,VGND,li1,43.7000,43.5200,0.000026
FILLER_0_12_63,VGND,li1,34.7300,43.5200,0.000039
FILLER_0_12_55,VGND,li1,32.6600,43.5200,0.000040
FILLER_0_12_38,VGND,li1,23.2300,43.5200,0.000056
FILLER_0_12_33,VGND,li1,21.1600,43.5200,0.000055
FILLER_0_11_123,VGND,li1,62.3300,43.5200,0.000015
FILLER_0_11_119,VGND,li1,61.1800,43.5200,0.000015
FILLER_0_11_110,VGND,li1,56.5800,43.5200,0.000021
FILLER_0_11_97,VGND,li1,50.8300,43.5200,0.000026
FILLER_0_11_84,VGND,li1,44.3900,43.5200,0.000026
FILLER_0_11_63,VGND,li1,34.7300,43.5200,0.000039
FILLER_0_11_57,VGND,li1,33.1200,43.5200,0.000040
FILLER_0_11_15,VGND,li1,12.6500,43.5200,0.000054
FILLER_0_11_9,VGND,li1,11.0400,43.5200,0.000059
FILLER_0_10_123,VGND,li1,62.3300,38.0800,0.000048
FILLER_0_10_106,VGND,li1,54.5100,38.0800,0.000059
FILLER_0_10_83,VGND,li1,43.9300,38.0800,0.000078
FILLER_0_10_57,VGND,li1,33.1200,38.0800,0.000092
FILLER_0_10_45,VGND,li1,28.9800,38.0800,0.000065
FILLER_0_10_3,VGND,li1,9.6600,38.0800,0.000039
FILLER_0_9_121,VGND,li1,61.8700,38.0800,0.000048
FILLER_0_9_113,VGND,li1,59.3400,38.0800,0.000048
FILLER_0_9_106,VGND,li1,55.6600,38.0800,0.000054
FILLER_0_9_91,VGND,li1,48.0700,38.0800,0.000073
FILLER_0_9_80,VGND,li1,44.1600,38.0800,0.000078
FILLER_0_9_69,VGND,li1,37.9500,38.0800,0.000134
FILLER_0_9_57,VGND,li1,34.5000,38.0800,0.000092
FILLER_0_9_53,VGND,li1,30.5900,38.0800,0.000070
FILLER_0_9_45,VGND,li1,28.0600,38.0800,0.000065
FILLER_0_9_33,VGND,li1,23.4600,38.0800,0.000055
FILLER_0_9_21,VGND,li1,17.9400,38.0800,0.000042
FILLER_0_9_9,VGND,li1,12.4200,38.0800,0.000038
FILLER_0_8_123,VGND,li1,62.3300,32.6400,0.000096
FILLER_0_8_89,VGND,li1,46.6900,32.6400,0.000101
FILLER_0_8_85,VGND,li1,45.5400,32.6400,0.000101
FILLER_0_8_81,VGND,li1,43.4700,32.6400,0.000095
FILLER_0_8_73,VGND,li1,40.9400,32.6400,0.000088
FILLER_0_8_49,VGND,li1,29.4400,32.6400,0.000045
FILLER_0_8_37,VGND,li1,25.3000,32.6400,0.000045
FILLER_0_8_19,VGND,li1,14.9500,32.6400,0.000038
FILLER_0_7_116,VGND,li1,60.7200,32.6400,0.000096
FILLER_0_7_79,VGND,li1,43.2400,32.6400,0.000095
FILLER_0_7_67,VGND,li1,36.8000,32.6400,0.000075
FILLER_0_7_50,VGND,li1,29.9000,32.6400,0.000045
FILLER_0_7_45,VGND,li1,26.6800,32.6400,0.000045
FILLER_0_7_39,VGND,li1,23.9200,32.6400,0.000045
FILLER_0_7_31,VGND,li1,21.6200,32.6400,0.000043
FILLER_0_7_19,VGND,li1,17.0200,32.6400,0.000040
FILLER_0_6_120,VGND,li1,61.6400,27.2000,0.000040
FILLER_0_6_85,VGND,li1,45.0800,27.2000,0.000056
FILLER_0_6_83,VGND,li1,43.9300,27.2000,0.000056
FILLER_0_6_29,VGND,li1,19.3200,27.2000,0.000148
FILLER_0_6_6,VGND,li1,9.6600,27.2000,0.000124
FILLER_0_5_121,VGND,li1,61.8700,27.2000,0.000040
FILLER_0_5_113,VGND,li1,59.3400,27.2000,0.000040
FILLER_0_5_100,VGND,li1,54.2800,27.2000,0.000053
FILLER_0_5_88,VGND,li1,48.7600,27.2000,0.000061
FILLER_0_5_76,VGND,li1,43.2400,27.2000,0.000066
FILLER_0_5_29,VGND,li1,20.7000,27.2000,0.000161
FILLER_0_5_9,VGND,li1,10.5800,27.2000,0.000124
FILLER_0_4_112,VGND,li1,59.8000,21.7600,0.000006
FILLER_0_4_93,VGND,li1,48.9900,21.7600,0.000012
FILLER_0_4_85,VGND,li1,46.4600,21.7600,0.000013
FILLER_0_4_83,VGND,li1,43.9300,21.7600,0.000019
FILLER_0_4_77,VGND,li1,42.3200,21.7600,0.000019
FILLER_0_4_65,VGND,li1,38.1800,21.7600,0.000027
FILLER_0_4_53,VGND,li1,32.6600,21.7600,0.000033
FILLER_0_4_27,VGND,li1,18.1700,21.7600,0.000054
FILLER_0_4_21,VGND,li1,16.5600,21.7600,0.000053
FILLER_0_4_3,VGND,li1,7.1300,21.7600,0.000076
FILLER_0_3_121,VGND,li1,61.8700,21.7600,0.000006
FILLER_0_3_113,VGND,li1,59.3400,21.7600,0.000006
FILLER_0_3_110,VGND,li1,56.5800,21.7600,0.000007
FILLER_0_3_98,VGND,li1,53.3600,21.7600,0.000009
FILLER_0_3_86,VGND,li1,47.8400,21.7600,0.000013
FILLER_0_3_74,VGND,li1,42.3200,21.7600,0.000019
FILLER_0_3_57,VGND,li1,31.9700,21.7600,0.000032
FILLER_0_3_54,VGND,li1,30.8200,21.7600,0.000032
FILLER_0_3_46,VGND,li1,28.5200,21.7600,0.000043
FILLER_0_3_34,VGND,li1,23.9200,21.7600,0.000054
FILLER_0_3_22,VGND,li1,18.4000,21.7600,0.000054
FILLER_0_2_120,VGND,li1,61.6400,16.3200,0.000037
FILLER_0_2_101,VGND,li1,52.6700,16.3200,0.000052
FILLER_0_2_64,VGND,li1,35.8800,16.3200,0.000068
FILLER_0_2_44,VGND,li1,26.6800,16.3200,0.000076
FILLER_0_2_32,VGND,li1,23.0000,16.3200,0.000078
FILLER_0_2_27,VGND,li1,18.1700,16.3200,0.000080
FILLER_0_2_9,VGND,li1,10.1200,16.3200,0.000096
FILLER_0_1_121,VGND,li1,61.8700,16.3200,0.000037
FILLER_0_1_113,VGND,li1,59.3400,16.3200,0.000037
FILLER_0_1_110,VGND,li1,56.5800,16.3200,0.000048
FILLER_0_1_102,VGND,li1,54.2800,16.3200,0.000052
FILLER_0_1_90,VGND,li1,49.6800,16.3200,0.000058
FILLER_0_1_78,VGND,li1,44.1600,16.3200,0.000052
FILLER_0_1_61,VGND,li1,33.8100,16.3200,0.000066
FILLER_0_1_57,VGND,li1,32.6600,16.3200,0.000066
FILLER_0_1_38,VGND,li1,23.4600,16.3200,0.000078
FILLER_0_1_20,VGND,li1,15.1800,16.3200,0.000086
FILLER_0_1_3,VGND,li1,7.1300,16.3200,0.000096
FILLER_0_0_116,VGND,li1,59.3400,10.8800,0.000002
FILLER_0_0_111,VGND,li1,56.8100,10.8800,0.000003
FILLER_0_0_107,VGND,li1,55.6600,10.8800,0.000003
FILLER_0_0_98,VGND,li1,51.9800,10.8800,0.000004
FILLER_0_0_89,VGND,li1,47.8400,10.8800,0.000005
FILLER_0_0_85,VGND,li1,44.8500,10.8800,0.000005
FILLER_0_0_80,VGND,li1,43.2400,10.8800,0.000007
FILLER_0_0_71,VGND,li1,39.5600,10.8800,0.000009
FILLER_0_0_62,VGND,li1,35.4200,10.8800,0.000012
FILLER_0_0_57,VGND,li1,32.2000,10.8800,0.000016
FILLER_0_0_49,VGND,li1,28.2900,10.8800,0.000021
FILLER_0_0_29,VGND,li1,19.0900,10.8800,0.000029
rebuffer1,VGND,li1,35.6500,32.6400,0.000065
clkload2,VGND,li1,47.8400,54.4000,0.000162
clkload1,VGND,li1,46.2300,32.6400,0.000101
clkload0,VGND,li1,19.5500,54.4000,0.000141
clkbuf_2_3__f_clk,VGND,li1,51.0600,54.4000,0.000190
clkbuf_2_2__f_clk,VGND,li1,52.4400,32.6400,0.000166
clkbuf_2_1__f_clk,VGND,li1,24.8400,54.4000,0.000189
clkbuf_2_0__f_clk,VGND,li1,24.3800,27.2000,0.000185
clkbuf_0_clk,VGND,li1,39.1000,38.0800,0.000134
output50,VGND,li1,8.9700,43.5200,0.000060
output49,VGND,li1,7.5900,38.0800,0.000040
output48,VGND,li1,8.9700,38.0800,0.000039
output47,VGND,li1,7.5900,27.2000,0.000125
output46,VGND,li1,7.5900,27.2000,0.000125
output45,VGND,li1,7.5900,16.3200,0.000096
output44,VGND,li1,8.9700,16.3200,0.000096
output43,VGND,li1,14.9500,21.7600,0.000053
output42,VGND,li1,8.9700,59.8400,0.000091
output41,VGND,li1,9.8900,65.2800,0.000062
output40,VGND,li1,7.5900,59.8400,0.000091
output39,VGND,li1,7.5900,59.8400,0.000091
output38,VGND,li1,7.5900,48.9600,0.000031
output37,VGND,li1,8.9700,48.9600,0.000030
output36,VGND,li1,7.5900,43.5200,0.000060
output35,VGND,li1,8.9700,27.2000,0.000124
output34,VGND,li1,14.0300,65.2800,0.000057
input33,VGND,li1,61.8700,54.4000,0.000106
input32,VGND,li1,37.4900,10.8800,0.000010
input31,VGND,li1,33.3500,10.8800,0.000014
input30,VGND,li1,29.2100,10.8800,0.000021
input29,VGND,li1,30.5900,10.8800,0.000016
input28,VGND,li1,20.0100,10.8800,0.000029
input27,VGND,li1,10.3500,10.8800,0.000028
input26,VGND,li1,8.9700,10.8800,0.000028
input25,VGND,li1,7.5900,10.8800,0.000028
input24,VGND,li1,60.4900,10.8800,0.000002
input23,VGND,li1,61.8700,10.8800,0.000002
input22,VGND,li1,58.1900,10.8800,0.000003
input21,VGND,li1,54.0500,10.8800,0.000003
input20,VGND,li1,49.9100,10.8800,0.000004
input19,VGND,li1,45.7700,10.8800,0.000005
input18,VGND,li1,41.6300,10.8800,0.000007
input17,VGND,li1,19.5500,16.3200,0.000080
input16,VGND,li1,37.4900,65.2800,0.000048
input15,VGND,li1,33.3500,65.2800,0.000048
input14,VGND,li1,29.2100,65.2800,0.000043
input13,VGND,li1,25.0700,65.2800,0.000050
input12,VGND,li1,20.9300,65.2800,0.000053
input11,VGND,li1,16.7900,65.2800,0.000049
input10,VGND,li1,12.6500,65.2800,0.000057
input9,VGND,li1,8.5100,65.2800,0.000062
input8,VGND,li1,61.8700,65.2800,0.000024
input7,VGND,li1,61.8700,65.2800,0.000024
input6,VGND,li1,59.5700,65.2800,0.000024
input5,VGND,li1,58.1900,65.2800,0.000029
input4,VGND,li1,48.9900,65.2800,0.000039
input3,VGND,li1,45.7700,65.2800,0.000039
input2,VGND,li1,41.6300,65.2800,0.000042
input1,VGND,li1,11.2700,65.2800,0.000062
TAP_TAPCELL_ROW_20_87,VGND,li1,57.2700,65.5710,0.000029
TAP_TAPCELL_ROW_20_86,VGND,li1,44.3900,65.5710,0.000039
TAP_TAPCELL_ROW_20_85,VGND,li1,31.5100,65.5710,0.000046
TAP_TAPCELL_ROW_20_84,VGND,li1,18.6300,65.5710,0.000054
TAP_TAPCELL_ROW_19_83,VGND,li1,57.2700,64.9880,0.000029
TAP_TAPCELL_ROW_19_82,VGND,li1,31.5100,64.9880,0.000046
TAP_TAPCELL_ROW_18_81,VGND,li1,44.3900,60.1310,0.000065
TAP_TAPCELL_ROW_18_80,VGND,li1,18.6300,60.1310,0.000075
TAP_TAPCELL_ROW_17_79,VGND,li1,57.2700,59.5480,0.000052
TAP_TAPCELL_ROW_17_78,VGND,li1,31.5100,59.5480,0.000060
TAP_TAPCELL_ROW_16_77,VGND,li1,44.3900,54.6910,0.000125
TAP_TAPCELL_ROW_16_76,VGND,li1,18.6300,54.6910,0.000141
TAP_TAPCELL_ROW_15_75,VGND,li1,57.2700,54.1080,0.000128
TAP_TAPCELL_ROW_15_74,VGND,li1,31.5100,54.1080,0.000130
TAP_TAPCELL_ROW_14_73,VGND,li1,44.3900,49.2510,0.000015
TAP_TAPCELL_ROW_14_72,VGND,li1,18.6300,49.2510,0.000033
TAP_TAPCELL_ROW_13_71,VGND,li1,57.2700,48.6680,0.000013
TAP_TAPCELL_ROW_13_70,VGND,li1,31.5100,48.6680,0.000030
TAP_TAPCELL_ROW_12_69,VGND,li1,44.3900,43.8110,0.000026
TAP_TAPCELL_ROW_12_68,VGND,li1,18.6300,43.8110,0.000052
TAP_TAPCELL_ROW_11_67,VGND,li1,57.2700,43.2280,0.000018
TAP_TAPCELL_ROW_11_66,VGND,li1,31.5100,43.2280,0.000042
TAP_TAPCELL_ROW_10_65,VGND,li1,44.3900,38.3710,0.000078
TAP_TAPCELL_ROW_10_64,VGND,li1,18.6300,38.3710,0.000042
TAP_TAPCELL_ROW_9_63,VGND,li1,57.2700,37.7880,0.000054
TAP_TAPCELL_ROW_9_62,VGND,li1,31.5100,37.7880,0.000070
TAP_TAPCELL_ROW_8_61,VGND,li1,44.3900,32.9310,0.000095
TAP_TAPCELL_ROW_8_60,VGND,li1,18.6300,32.9310,0.000040
TAP_TAPCELL_ROW_7_59,VGND,li1,57.2700,32.3480,0.000122
TAP_TAPCELL_ROW_7_58,VGND,li1,31.5100,32.3480,0.000055
TAP_TAPCELL_ROW_6_57,VGND,li1,44.3900,27.4910,0.000056
TAP_TAPCELL_ROW_6_56,VGND,li1,18.6300,27.4910,0.000148
TAP_TAPCELL_ROW_5_55,VGND,li1,57.2700,26.9080,0.000049
TAP_TAPCELL_ROW_5_54,VGND,li1,31.5100,26.9080,0.000109
TAP_TAPCELL_ROW_4_53,VGND,li1,44.3900,22.0510,0.000014
TAP_TAPCELL_ROW_4_52,VGND,li1,18.6300,22.0510,0.000054
TAP_TAPCELL_ROW_3_51,VGND,li1,57.2700,21.4680,0.000007
TAP_TAPCELL_ROW_3_50,VGND,li1,31.5100,21.4680,0.000032
TAP_TAPCELL_ROW_2_49,VGND,li1,44.3900,16.6110,0.000052
TAP_TAPCELL_ROW_2_48,VGND,li1,18.6300,16.6110,0.000080
TAP_TAPCELL_ROW_1_47,VGND,li1,57.2700,16.0280,0.000048
TAP_TAPCELL_ROW_1_46,VGND,li1,31.5100,16.0280,0.000064
TAP_TAPCELL_ROW_0_45,VGND,li1,57.2700,11.1710,0.000003
TAP_TAPCELL_ROW_0_44,VGND,li1,44.3900,11.1710,0.000005
TAP_TAPCELL_ROW_0_43,VGND,li1,31.5100,11.1710,0.000016
TAP_TAPCELL_ROW_0_42,VGND,li1,18.6300,11.1710,0.000029
PHY_EDGE_ROW_20_Left_41,VGND,li1,6.2100,65.2800,0.000062
PHY_EDGE_ROW_19_Left_40,VGND,li1,6.2100,65.2800,0.000062
PHY_EDGE_ROW_18_Left_39,VGND,li1,6.2100,59.8400,0.000091
PHY_EDGE_ROW_17_Left_38,VGND,li1,6.2100,59.8400,0.000091
PHY_EDGE_ROW_16_Left_37,VGND,li1,6.2100,54.4000,0.000143
PHY_EDGE_ROW_15_Left_36,VGND,li1,6.2100,54.4000,0.000143
PHY_EDGE_ROW_14_Left_35,VGND,li1,6.2100,48.9600,0.000031
PHY_EDGE_ROW_13_Left_34,VGND,li1,6.2100,48.9600,0.000031
PHY_EDGE_ROW_12_Left_33,VGND,li1,6.2100,43.5200,0.000060
PHY_EDGE_ROW_11_Left_32,VGND,li1,6.2100,43.5200,0.000060
PHY_EDGE_ROW_10_Left_31,VGND,li1,6.2100,38.0800,0.000040
PHY_EDGE_ROW_9_Left_30,VGND,li1,6.2100,38.0800,0.000040
PHY_EDGE_ROW_8_Left_29,VGND,li1,6.2100,32.6400,0.000050
PHY_EDGE_ROW_7_Left_28,VGND,li1,6.2100,32.6400,0.000050
PHY_EDGE_ROW_6_Left_27,VGND,li1,6.2100,27.2000,0.000125
PHY_EDGE_ROW_5_Left_26,VGND,li1,6.2100,27.2000,0.000125
PHY_EDGE_ROW_4_Left_25,VGND,li1,6.2100,21.7600,0.000076
PHY_EDGE_ROW_3_Left_24,VGND,li1,6.2100,21.7600,0.000076
PHY_EDGE_ROW_2_Left_23,VGND,li1,6.2100,16.3200,0.000096
PHY_EDGE_ROW_1_Left_22,VGND,li1,6.2100,16.3200,0.000096
PHY_EDGE_ROW_0_Left_21,VGND,li1,6.2100,10.8800,0.000028
PHY_EDGE_ROW_20_Right_20,VGND,li1,63.2500,65.2800,0.000024
PHY_EDGE_ROW_19_Right_19,VGND,li1,63.2500,65.2800,0.000024
PHY_EDGE_ROW_18_Right_18,VGND,li1,63.2500,59.8400,0.000044
PHY_EDGE_ROW_17_Right_17,VGND,li1,63.2500,59.8400,0.000044
PHY_EDGE_ROW_16_Right_16,VGND,li1,63.2500,54.4000,0.000106
PHY_EDGE_ROW_15_Right_15,VGND,li1,63.2500,54.4000,0.000106
PHY_EDGE_ROW_14_Right_14,VGND,li1,63.2500,48.9600,0.000011
PHY_EDGE_ROW_13_Right_13,VGND,li1,63.2500,48.9600,0.000011
PHY_EDGE_ROW_12_Right_12,VGND,li1,63.2500,43.5200,0.000015
PHY_EDGE_ROW_11_Right_11,VGND,li1,63.2500,43.5200,0.000015
PHY_EDGE_ROW_10_Right_10,VGND,li1,63.2500,38.0800,0.000048
PHY_EDGE_ROW_9_Right_9,VGND,li1,63.2500,38.0800,0.000048
PHY_EDGE_ROW_8_Right_8,VGND,li1,63.2500,32.6400,0.000096
PHY_EDGE_ROW_7_Right_7,VGND,li1,63.2500,32.6400,0.000096
PHY_EDGE_ROW_6_Right_6,VGND,li1,63.2500,27.2000,0.000040
PHY_EDGE_ROW_5_Right_5,VGND,li1,63.2500,27.2000,0.000040
PHY_EDGE_ROW_4_Right_4,VGND,li1,63.2500,21.7600,0.000006
PHY_EDGE_ROW_3_Right_3,VGND,li1,63.2500,21.7600,0.000006
PHY_EDGE_ROW_2_Right_2,VGND,li1,63.2500,16.3200,0.000037
PHY_EDGE_ROW_1_Right_1,VGND,li1,63.2500,16.3200,0.000037
PHY_EDGE_ROW_0_Right_0,VGND,li1,63.2500,10.8800,0.000002
_192_,VGND,li1,14.2600,54.4000,0.000135
_191_,VGND,li1,57.0400,16.3200,0.000048
_190_,VGND,li1,58.4200,32.6400,0.000122
_189_,VGND,li1,57.0400,27.2000,0.000049
_188_,VGND,li1,53.3600,21.7600,0.000009
_187_,VGND,li1,49.4500,27.2000,0.000061
_186_,VGND,li1,48.3000,16.3200,0.000058
_185_,VGND,li1,40.4800,16.3200,0.000067
_184_,VGND,li1,37.7200,16.3200,0.000071
_183_,VGND,li1,35.8800,21.7600,0.000034
_182_,VGND,li1,31.2800,16.3200,0.000064
_181_,VGND,li1,27.6000,16.3200,0.000076
_180_,VGND,li1,24.3800,10.8800,0.000030
_179_,VGND,li1,19.3200,16.3200,0.000080
_178_,VGND,li1,14.2600,16.3200,0.000086
_177_,VGND,li1,11.2700,21.7600,0.000076
_176_,VGND,li1,10.8100,43.5200,0.000059
_175_,VGND,li1,53.3600,65.2800,0.000039
_174_,VGND,li1,58.4200,59.8400,0.000052
_173_,VGND,li1,58.4200,38.0800,0.000048
_172_,VGND,li1,53.3600,65.2800,0.000039
_171_,VGND,li1,50.8300,32.6400,0.000166
_170_,VGND,li1,44.3900,65.2800,0.000039
_169_,VGND,li1,40.0200,54.4000,0.000137
_168_,VGND,li1,35.8800,59.8400,0.000067
_167_,VGND,li1,35.4200,65.2800,0.000050
_166_,VGND,li1,27.6000,65.2800,0.000049
_165_,VGND,li1,26.2200,27.2000,0.000165
_164_,VGND,li1,23.0000,59.8400,0.000077
_163_,VGND,li1,18.4000,65.2800,0.000054
_162_,VGND,li1,13.8000,59.8400,0.000089
_161_,VGND,li1,10.8100,54.4000,0.000143
_160_,VGND,li1,10.8100,65.2800,0.000062
_159_,VGND,li1,43.2400,59.8400,0.000065
_158_,VGND,li1,48.3000,59.8400,0.000062
_157_,VGND,li1,20.2400,59.8400,0.000079
_156_,VGND,li1,12.8800,59.8400,0.000089
_155_,VGND,li1,35.4200,54.4000,0.000139
_154_,VGND,li1,27.1400,48.9600,0.000045
_153_,VGND,li1,27.6000,48.9600,0.000045
_152_,VGND,li1,27.1400,43.5200,0.000059
_151_,VGND,li1,27.6000,43.5200,0.000059
_150_,VGND,li1,10.5800,32.6400,0.000050
_149_,VGND,li1,10.5800,32.6400,0.000050
_148_,VGND,li1,22.5400,21.7600,0.000054
_147_,VGND,li1,15.1800,27.2000,0.000122
_146_,VGND,li1,14.7200,27.2000,0.000122
_145_,VGND,li1,11.0400,16.3200,0.000095
_144_,VGND,li1,14.7200,10.8800,0.000028
_143_,VGND,li1,10.5800,21.7600,0.000076
_142_,VGND,li1,42.7800,59.8400,0.000065
_141_,VGND,li1,54.0500,59.8400,0.000056
_140_,VGND,li1,55.2000,59.8400,0.000056
_139_,VGND,li1,53.3600,54.4000,0.000168
_138_,VGND,li1,53.5900,48.9600,0.000016
_137_,VGND,li1,49.6800,48.9600,0.000016
_136_,VGND,li1,58.1900,43.5200,0.000018
_135_,VGND,li1,46.4600,43.5200,0.000027
_134_,VGND,li1,48.0700,43.5200,0.000027
_133_,VGND,li1,41.8600,43.5200,0.000030
_132_,VGND,li1,37.2600,43.5200,0.000036
_131_,VGND,li1,43.4700,43.5200,0.000030
_130_,VGND,li1,39.7900,38.0800,0.000117
_129_,VGND,li1,36.3400,43.5200,0.000039
_128_,VGND,li1,38.1800,32.6400,0.000075
_127_,VGND,li1,41.6300,38.0800,0.000100
_126_,VGND,li1,33.5800,27.2000,0.000099
_125_,VGND,li1,36.8000,27.2000,0.000087
_124_,VGND,li1,37.0300,27.2000,0.000087
_123_,VGND,li1,27.8300,32.6400,0.000045
_122_,VGND,li1,25.3000,32.6400,0.000045
_121_,VGND,li1,17.0200,32.6400,0.000040
_120_,VGND,li1,20.7000,32.6400,0.000043
_119_,VGND,li1,13.8000,38.0800,0.000038
_118_,VGND,li1,14.7200,43.5200,0.000048
_117_,VGND,li1,19.7800,43.5200,0.000055
_116_,VGND,li1,17.2500,43.5200,0.000052
_115_,VGND,li1,22.3100,43.5200,0.000056
_114_,VGND,li1,11.5000,48.9600,0.000030
_113_,VGND,li1,13.8000,48.9600,0.000029
_112_,VGND,li1,47.6100,59.8400,0.000062
_111_,VGND,li1,51.9800,59.8400,0.000059
_110_,VGND,li1,60.2600,54.4000,0.000106
_109_,VGND,li1,57.2700,54.4000,0.000128
_108_,VGND,li1,58.6500,59.8400,0.000044
_107_,VGND,li1,60.9500,59.8400,0.000044
_106_,VGND,li1,58.8800,48.9600,0.000011
_105_,VGND,li1,52.4400,43.5200,0.000024
_104_,VGND,li1,55.4300,48.9600,0.000014
_103_,VGND,li1,53.1300,43.5200,0.000024
_102_,VGND,li1,59.5700,43.5200,0.000015
_101_,VGND,li1,55.4300,43.5200,0.000021
_100_,VGND,li1,46.6900,38.0800,0.000073
_099_,VGND,li1,39.3300,43.5200,0.000034
_098_,VGND,li1,42.0900,43.5200,0.000030
_097_,VGND,li1,39.3300,48.9600,0.000023
_096_,VGND,li1,38.6400,32.6400,0.000081
_095_,VGND,li1,39.7900,27.2000,0.000074
_094_,VGND,li1,32.4300,32.6400,0.000055
_093_,VGND,li1,30.3600,27.2000,0.000109
_092_,VGND,li1,40.9400,32.6400,0.000088
_091_,VGND,li1,41.6300,27.2000,0.000066
_090_,VGND,li1,38.4100,27.2000,0.000087
_089_,VGND,li1,43.0100,27.2000,0.000066
_088_,VGND,li1,34.0400,32.6400,0.000065
_087_,VGND,li1,39.7900,27.2000,0.000074
_086_,VGND,li1,33.8100,27.2000,0.000099
_085_,VGND,li1,26.9100,21.7600,0.000043
_084_,VGND,li1,28.7500,21.7600,0.000038
_083_,VGND,li1,30.5900,27.2000,0.000109
_082_,VGND,li1,22.5400,38.0800,0.000055
_081_,VGND,li1,16.7900,38.0800,0.000036
_080_,VGND,li1,18.4000,43.5200,0.000052
_079_,VGND,li1,22.0800,43.5200,0.000056
_078_,VGND,li1,15.4100,48.9600,0.000027
_077_,VGND,li1,20.9300,48.9600,0.000036
_076_,VGND,li1,15.4100,43.5200,0.000048
_075_,VGND,li1,18.8600,48.9600,0.000033
_074_,VGND,li1,46.6900,43.5200,0.000027
_073_,VGND,li1,39.5600,43.5200,0.000034
_072_,VGND,li1,42.5500,48.9600,0.000017
_071_,VGND,li1,35.6500,43.5200,0.000039
_070_,VGND,li1,41.1700,48.9600,0.000020
_069_,VGND,li1,50.8300,38.0800,0.000065
_068_,VGND,li1,53.5900,38.0800,0.000059
_067_,VGND,li1,46.6900,38.0800,0.000073
_066_,VGND,li1,58.1900,32.6400,0.000122
_065_,VGND,li1,49.4500,43.5200,0.000026
_064_,VGND,li1,50.8300,38.0800,0.000065
_063_,VGND,li1,53.5900,38.0800,0.000059
