Instance,Terminal,Layer,X location,Y location,Voltage
FILLER_0_20_119,VPWR,li1,60.7200,68.0000,1.799985
FILLER_0_20_89,VPWR,li1,47.3800,68.0000,1.799987
FILLER_0_20_85,VPWR,li1,44.8500,68.0000,1.799990
FILLER_0_20_80,VPWR,li1,43.2400,68.0000,1.799993
FILLER_0_20_71,VPWR,li1,39.5600,68.0000,1.799993
FILLER_0_20_62,VPWR,li1,35.4200,68.0000,1.799994
FILLER_0_20_57,VPWR,li1,32.2000,68.0000,1.799996
FILLER_0_20_53,VPWR,li1,30.5900,68.0000,1.799996
FILLER_0_20_44,VPWR,li1,27.1400,68.0000,1.799997
FILLER_0_20_35,VPWR,li1,23.0000,68.0000,1.799997
FILLER_0_20_29,VPWR,li1,19.5500,68.0000,1.799997
FILLER_0_20_26,VPWR,li1,17.9400,68.0000,1.799997
FILLER_0_20_20,VPWR,li1,15.4100,68.0000,1.799996
FILLER_0_20_3,VPWR,li1,7.3600,68.0000,1.799997
FILLER_0_19_113,VPWR,li1,59.3400,62.5600,1.799936
FILLER_0_19_93,VPWR,li1,48.9900,62.5600,1.799923
FILLER_0_19_73,VPWR,li1,39.7900,62.5600,1.799939
FILLER_0_19_36,VPWR,li1,23.0000,62.5600,1.799938
FILLER_0_18_123,VPWR,li1,62.3300,62.5600,1.799936
FILLER_0_18_101,VPWR,li1,52.6700,62.5600,1.799927
FILLER_0_18_70,VPWR,li1,39.5600,62.5600,1.799939
FILLER_0_18_58,VPWR,li1,34.9600,62.5600,1.799934
FILLER_0_18_46,VPWR,li1,29.4400,62.5600,1.799942
FILLER_0_18_29,VPWR,li1,19.0900,62.5600,1.799930
FILLER_0_18_26,VPWR,li1,17.9400,62.5600,1.799930
FILLER_0_18_9,VPWR,li1,9.8900,62.5600,1.799930
FILLER_0_17_123,VPWR,li1,62.3300,57.1200,1.799878
FILLER_0_17_111,VPWR,li1,56.8100,57.1200,1.799880
FILLER_0_17_93,VPWR,li1,49.2200,57.1200,1.799859
FILLER_0_17_57,VPWR,li1,31.9700,57.1200,1.799936
FILLER_0_17_52,VPWR,li1,30.3600,57.1200,1.799936
FILLER_0_17_40,VPWR,li1,26.6800,57.1200,1.799948
FILLER_0_17_6,VPWR,li1,8.7400,57.1200,1.799941
FILLER_0_16_122,VPWR,li1,62.1000,57.1200,1.799878
FILLER_0_16_85,VPWR,li1,45.5400,57.1200,1.799888
FILLER_0_16_83,VPWR,li1,43.9300,57.1200,1.799888
FILLER_0_16_65,VPWR,li1,35.8800,57.1200,1.799922
FILLER_0_16_53,VPWR,li1,32.6600,57.1200,1.799928
FILLER_0_16_41,VPWR,li1,27.1400,57.1200,1.799948
FILLER_0_16_29,VPWR,li1,21.6200,57.1200,1.799936
FILLER_0_16_27,VPWR,li1,18.1700,57.1200,1.799937
FILLER_0_16_3,VPWR,li1,8.7400,57.1200,1.799941
FILLER_0_15_113,VPWR,li1,59.3400,51.6800,1.799972
FILLER_0_15_95,VPWR,li1,49.4500,51.6800,1.799955
FILLER_0_15_85,VPWR,li1,45.5400,51.6800,1.799948
FILLER_0_15_73,VPWR,li1,41.8600,51.6800,1.799947
FILLER_0_15_52,VPWR,li1,30.3600,51.6800,1.799890
FILLER_0_15_28,VPWR,li1,18.6300,51.6800,1.799882
FILLER_0_15_20,VPWR,li1,16.5600,51.6800,1.799894
FILLER_0_14_123,VPWR,li1,62.3300,51.6800,1.799972
FILLER_0_14_111,VPWR,li1,59.3400,51.6800,1.799972
FILLER_0_14_105,VPWR,li1,54.0500,51.6800,1.799965
FILLER_0_14_97,VPWR,li1,51.9800,51.6800,1.799960
FILLER_0_14_85,VPWR,li1,47.3800,51.6800,1.799951
FILLER_0_14_83,VPWR,li1,43.9300,51.6800,1.799948
FILLER_0_14_79,VPWR,li1,42.7800,51.6800,1.799947
FILLER_0_14_67,VPWR,li1,39.1000,51.6800,1.799930
FILLER_0_14_55,VPWR,li1,33.5800,51.6800,1.799901
FILLER_0_14_37,VPWR,li1,23.0000,51.6800,1.799859
FILLER_0_14_29,VPWR,li1,20.7000,51.6800,1.799871
FILLER_0_14_22,VPWR,li1,17.0200,51.6800,1.799894
FILLER_0_14_13,VPWR,li1,11.7300,51.6800,1.799909
FILLER_0_14_9,VPWR,li1,10.5800,51.6800,1.799908
FILLER_0_13_123,VPWR,li1,62.3300,46.2400,1.799985
FILLER_0_13_119,VPWR,li1,61.1800,46.2400,1.799985
FILLER_0_13_109,VPWR,li1,56.3500,46.2400,1.799985
FILLER_0_13_98,VPWR,li1,51.0600,46.2400,1.799979
FILLER_0_13_82,VPWR,li1,46.0000,46.2400,1.799977
FILLER_0_13_75,VPWR,li1,40.2500,46.2400,1.799974
FILLER_0_13_69,VPWR,li1,37.9500,46.2400,1.799971
FILLER_0_13_57,VPWR,li1,34.5000,46.2400,1.799967
FILLER_0_13_39,VPWR,li1,23.6900,46.2400,1.799957
FILLER_0_13_35,VPWR,li1,22.5400,46.2400,1.799957
FILLER_0_13_16,VPWR,li1,13.1100,46.2400,1.799962
FILLER_0_13_9,VPWR,li1,9.8900,46.2400,1.799956
FILLER_0_13_3,VPWR,li1,8.2800,46.2400,1.799956
FILLER_0_12_122,VPWR,li1,62.1000,46.2400,1.799985
FILLER_0_12_110,VPWR,li1,58.8800,46.2400,1.799985
FILLER_0_12_85,VPWR,li1,45.0800,46.2400,1.799977
FILLER_0_12_82,VPWR,li1,43.7000,46.2400,1.799977
FILLER_0_12_63,VPWR,li1,34.7300,46.2400,1.799967
FILLER_0_12_55,VPWR,li1,32.6600,46.2400,1.799963
FILLER_0_12_38,VPWR,li1,23.2300,46.2400,1.799957
FILLER_0_12_33,VPWR,li1,21.1600,46.2400,1.799957
FILLER_0_11_123,VPWR,li1,62.3300,40.8000,1.799933
FILLER_0_11_119,VPWR,li1,61.1800,40.8000,1.799933
FILLER_0_11_110,VPWR,li1,56.5800,40.8000,1.799938
FILLER_0_11_97,VPWR,li1,50.8300,40.8000,1.799919
FILLER_0_11_84,VPWR,li1,44.3900,40.8000,1.799903
FILLER_0_11_63,VPWR,li1,34.7300,40.8000,1.799887
FILLER_0_11_57,VPWR,li1,33.1200,40.8000,1.799905
FILLER_0_11_15,VPWR,li1,12.6500,40.8000,1.799960
FILLER_0_11_9,VPWR,li1,11.0400,40.8000,1.799960
FILLER_0_10_123,VPWR,li1,62.3300,40.8000,1.799933
FILLER_0_10_106,VPWR,li1,54.5100,40.8000,1.799931
FILLER_0_10_83,VPWR,li1,43.9300,40.8000,1.799903
FILLER_0_10_57,VPWR,li1,33.1200,40.8000,1.799905
FILLER_0_10_45,VPWR,li1,28.9800,40.8000,1.799928
FILLER_0_10_3,VPWR,li1,9.6600,40.8000,1.799960
FILLER_0_9_121,VPWR,li1,61.8700,35.3600,1.799959
FILLER_0_9_113,VPWR,li1,59.3400,35.3600,1.799959
FILLER_0_9_106,VPWR,li1,55.6600,35.3600,1.799966
FILLER_0_9_91,VPWR,li1,48.0700,35.3600,1.799966
FILLER_0_9_80,VPWR,li1,44.1600,35.3600,1.799974
FILLER_0_9_69,VPWR,li1,37.9500,35.3600,1.799977
FILLER_0_9_57,VPWR,li1,34.5000,35.3600,1.799977
FILLER_0_9_53,VPWR,li1,30.5900,35.3600,1.799980
FILLER_0_9_45,VPWR,li1,28.0600,35.3600,1.799982
FILLER_0_9_33,VPWR,li1,23.4600,35.3600,1.799978
FILLER_0_9_21,VPWR,li1,17.9400,35.3600,1.799974
FILLER_0_9_9,VPWR,li1,12.4200,35.3600,1.799973
FILLER_0_8_123,VPWR,li1,62.3300,35.3600,1.799959
FILLER_0_8_89,VPWR,li1,46.6900,35.3600,1.799971
FILLER_0_8_85,VPWR,li1,45.5400,35.3600,1.799971
FILLER_0_8_81,VPWR,li1,43.4700,35.3600,1.799974
FILLER_0_8_73,VPWR,li1,40.9400,35.3600,1.799977
FILLER_0_8_49,VPWR,li1,29.4400,35.3600,1.799980
FILLER_0_8_37,VPWR,li1,25.3000,35.3600,1.799980
FILLER_0_8_19,VPWR,li1,14.9500,35.3600,1.799973
FILLER_0_7_116,VPWR,li1,60.7200,29.9200,1.799858
FILLER_0_7_79,VPWR,li1,43.2400,29.9200,1.799873
FILLER_0_7_67,VPWR,li1,36.8000,29.9200,1.799883
FILLER_0_7_50,VPWR,li1,29.9000,29.9200,1.799876
FILLER_0_7_45,VPWR,li1,26.6800,29.9200,1.799874
FILLER_0_7_39,VPWR,li1,23.9200,29.9200,1.799838
FILLER_0_7_31,VPWR,li1,21.6200,29.9200,1.799849
FILLER_0_7_19,VPWR,li1,17.0200,29.9200,1.799871
FILLER_0_6_120,VPWR,li1,61.6400,29.9200,1.799858
FILLER_0_6_85,VPWR,li1,45.0800,29.9200,1.799856
FILLER_0_6_83,VPWR,li1,43.9300,29.9200,1.799873
FILLER_0_6_29,VPWR,li1,19.3200,29.9200,1.799860
FILLER_0_6_6,VPWR,li1,9.6600,29.9200,1.799888
FILLER_0_5_121,VPWR,li1,61.8700,24.4800,1.799979
FILLER_0_5_113,VPWR,li1,59.3400,24.4800,1.799979
FILLER_0_5_100,VPWR,li1,54.2800,24.4800,1.799972
FILLER_0_5_88,VPWR,li1,48.7600,24.4800,1.799974
FILLER_0_5_76,VPWR,li1,43.2400,24.4800,1.799977
FILLER_0_5_29,VPWR,li1,20.7000,24.4800,1.799942
FILLER_0_5_9,VPWR,li1,10.5800,24.4800,1.799948
FILLER_0_4_112,VPWR,li1,59.8000,24.4800,1.799979
FILLER_0_4_93,VPWR,li1,48.9900,24.4800,1.799974
FILLER_0_4_85,VPWR,li1,46.4600,24.4800,1.799975
FILLER_0_4_83,VPWR,li1,43.9300,24.4800,1.799976
FILLER_0_4_77,VPWR,li1,42.3200,24.4800,1.799977
FILLER_0_4_65,VPWR,li1,38.1800,24.4800,1.799967
FILLER_0_4_53,VPWR,li1,32.6600,24.4800,1.799960
FILLER_0_4_27,VPWR,li1,18.1700,24.4800,1.799941
FILLER_0_4_21,VPWR,li1,16.5600,24.4800,1.799939
FILLER_0_4_3,VPWR,li1,7.1300,24.4800,1.799947
FILLER_0_3_121,VPWR,li1,61.8700,19.0400,1.799962
FILLER_0_3_113,VPWR,li1,59.3400,19.0400,1.799962
FILLER_0_3_110,VPWR,li1,56.5800,19.0400,1.799962
FILLER_0_3_98,VPWR,li1,53.3600,19.0400,1.799957
FILLER_0_3_86,VPWR,li1,47.8400,19.0400,1.799951
FILLER_0_3_74,VPWR,li1,42.3200,19.0400,1.799958
FILLER_0_3_57,VPWR,li1,31.9700,19.0400,1.799959
FILLER_0_3_54,VPWR,li1,30.8200,19.0400,1.799959
FILLER_0_3_46,VPWR,li1,28.5200,19.0400,1.799964
FILLER_0_3_34,VPWR,li1,23.9200,19.0400,1.799964
FILLER_0_3_22,VPWR,li1,18.4000,19.0400,1.799959
FILLER_0_2_120,VPWR,li1,61.6400,19.0400,1.799962
FILLER_0_2_101,VPWR,li1,52.6700,19.0400,1.799957
FILLER_0_2_64,VPWR,li1,35.8800,19.0400,1.799959
FILLER_0_2_44,VPWR,li1,26.6800,19.0400,1.799968
FILLER_0_2_32,VPWR,li1,23.0000,19.0400,1.799964
FILLER_0_2_27,VPWR,li1,18.1700,19.0400,1.799959
FILLER_0_2_9,VPWR,li1,10.1200,19.0400,1.799944
FILLER_0_1_121,VPWR,li1,61.8700,13.6000,1.799990
FILLER_0_1_113,VPWR,li1,59.3400,13.6000,1.799990
FILLER_0_1_110,VPWR,li1,56.5800,13.6000,1.799990
FILLER_0_1_102,VPWR,li1,54.2800,13.6000,1.799987
FILLER_0_1_90,VPWR,li1,49.6800,13.6000,1.799982
FILLER_0_1_78,VPWR,li1,44.1600,13.6000,1.799977
FILLER_0_1_61,VPWR,li1,33.8100,13.6000,1.799954
FILLER_0_1_57,VPWR,li1,32.6600,13.6000,1.799952
FILLER_0_1_38,VPWR,li1,23.4600,13.6000,1.799932
FILLER_0_1_20,VPWR,li1,15.1800,13.6000,1.799929
FILLER_0_1_3,VPWR,li1,7.1300,13.6000,1.799931
FILLER_0_0_116,VPWR,li1,59.3400,13.6000,1.799990
FILLER_0_0_111,VPWR,li1,56.8100,13.6000,1.799990
FILLER_0_0_107,VPWR,li1,55.6600,13.6000,1.799987
FILLER_0_0_98,VPWR,li1,51.9800,13.6000,1.799985
FILLER_0_0_89,VPWR,li1,47.8400,13.6000,1.799980
FILLER_0_0_85,VPWR,li1,44.8500,13.6000,1.799977
FILLER_0_0_80,VPWR,li1,43.2400,13.6000,1.799974
FILLER_0_0_71,VPWR,li1,39.5600,13.6000,1.799966
FILLER_0_0_62,VPWR,li1,35.4200,13.6000,1.799957
FILLER_0_0_57,VPWR,li1,32.2000,13.6000,1.799952
FILLER_0_0_49,VPWR,li1,28.2900,13.6000,1.799947
FILLER_0_0_29,VPWR,li1,19.0900,13.6000,1.799924
rebuffer1,VPWR,li1,35.6500,35.3600,1.799977
clkload2,VPWR,li1,47.8400,51.6800,1.799951
clkload1,VPWR,li1,46.2300,29.9200,1.799856
clkload0,VPWR,li1,19.5500,51.6800,1.799882
clkbuf_2_3__f_clk,VPWR,li1,51.0600,57.1200,1.799834
clkbuf_2_2__f_clk,VPWR,li1,52.4400,29.9200,1.799810
clkbuf_2_1__f_clk,VPWR,li1,24.8400,51.6800,1.799850
clkbuf_2_0__f_clk,VPWR,li1,24.3800,29.9200,1.799838
clkbuf_0_clk,VPWR,li1,39.1000,40.8000,1.799862
output50,VPWR,li1,8.9700,40.8000,1.799960
output49,VPWR,li1,7.5900,35.3600,1.799962
output48,VPWR,li1,8.9700,35.3600,1.799962
output47,VPWR,li1,7.5900,29.9200,1.799888
output46,VPWR,li1,7.5900,24.4800,1.799947
output45,VPWR,li1,7.5900,19.0400,1.799943
output44,VPWR,li1,8.9700,19.0400,1.799944
output43,VPWR,li1,14.9500,19.0400,1.799956
output42,VPWR,li1,8.9700,62.5600,1.799930
output41,VPWR,li1,9.8900,68.0000,1.799997
output40,VPWR,li1,7.5900,62.5600,1.799929
output39,VPWR,li1,7.5900,57.1200,1.799940
output38,VPWR,li1,7.5900,51.6800,1.799908
output37,VPWR,li1,8.9700,51.6800,1.799908
output36,VPWR,li1,7.5900,40.8000,1.799960
output35,VPWR,li1,8.9700,24.4800,1.799948
output34,VPWR,li1,14.0300,68.0000,1.799996
input33,VPWR,li1,61.8700,51.6800,1.799972
input32,VPWR,li1,37.4900,13.6000,1.799959
input31,VPWR,li1,33.3500,13.6000,1.799954
input30,VPWR,li1,29.2100,13.6000,1.799949
input29,VPWR,li1,30.5900,13.6000,1.799949
input28,VPWR,li1,20.0100,13.6000,1.799924
input27,VPWR,li1,10.3500,13.6000,1.799931
input26,VPWR,li1,8.9700,13.6000,1.799931
input25,VPWR,li1,7.5900,13.6000,1.799931
input24,VPWR,li1,60.4900,13.6000,1.799990
input23,VPWR,li1,61.8700,13.6000,1.799990
input22,VPWR,li1,58.1900,13.6000,1.799990
input21,VPWR,li1,54.0500,13.6000,1.799987
input20,VPWR,li1,49.9100,13.6000,1.799982
input19,VPWR,li1,45.7700,13.6000,1.799977
input18,VPWR,li1,41.6300,13.6000,1.799974
input17,VPWR,li1,19.5500,19.0400,1.799959
input16,VPWR,li1,37.4900,68.0000,1.799994
input15,VPWR,li1,33.3500,68.0000,1.799995
input14,VPWR,li1,29.2100,68.0000,1.799996
input13,VPWR,li1,25.0700,68.0000,1.799997
input12,VPWR,li1,20.9300,68.0000,1.799997
input11,VPWR,li1,16.7900,68.0000,1.799997
input10,VPWR,li1,12.6500,68.0000,1.799997
input9,VPWR,li1,8.5100,68.0000,1.799997
input8,VPWR,li1,61.8700,62.5600,1.799936
input7,VPWR,li1,61.8700,68.0000,1.799985
input6,VPWR,li1,59.5700,68.0000,1.799985
input5,VPWR,li1,58.1900,68.0000,1.799985
input4,VPWR,li1,48.9900,68.0000,1.799987
input3,VPWR,li1,45.7700,68.0000,1.799990
input2,VPWR,li1,41.6300,68.0000,1.799993
input1,VPWR,li1,11.2700,68.0000,1.799997
TAP_TAPCELL_ROW_20_87,VPWR,li1,57.2700,67.6930,1.799985
TAP_TAPCELL_ROW_20_86,VPWR,li1,44.3900,67.6930,1.799990
TAP_TAPCELL_ROW_20_85,VPWR,li1,31.5100,67.6930,1.799996
TAP_TAPCELL_ROW_20_84,VPWR,li1,18.6300,67.6930,1.799997
TAP_TAPCELL_ROW_19_83,VPWR,li1,57.2700,62.8660,1.799940
TAP_TAPCELL_ROW_19_82,VPWR,li1,31.5100,62.8660,1.799939
TAP_TAPCELL_ROW_18_81,VPWR,li1,44.3900,62.2530,1.799931
TAP_TAPCELL_ROW_18_80,VPWR,li1,18.6300,62.2530,1.799930
TAP_TAPCELL_ROW_17_79,VPWR,li1,57.2700,57.4260,1.799879
TAP_TAPCELL_ROW_17_78,VPWR,li1,31.5100,57.4260,1.799936
TAP_TAPCELL_ROW_16_77,VPWR,li1,44.3900,56.8130,1.799888
TAP_TAPCELL_ROW_16_76,VPWR,li1,18.6300,56.8130,1.799937
TAP_TAPCELL_ROW_15_75,VPWR,li1,57.2700,51.9860,1.799972
TAP_TAPCELL_ROW_15_74,VPWR,li1,31.5100,51.9860,1.799890
TAP_TAPCELL_ROW_14_73,VPWR,li1,44.3900,51.3730,1.799948
TAP_TAPCELL_ROW_14_72,VPWR,li1,18.6300,51.3730,1.799882
TAP_TAPCELL_ROW_13_71,VPWR,li1,57.2700,46.5460,1.799985
TAP_TAPCELL_ROW_13_70,VPWR,li1,31.5100,46.5460,1.799963
TAP_TAPCELL_ROW_12_69,VPWR,li1,44.3900,45.9330,1.799977
TAP_TAPCELL_ROW_12_68,VPWR,li1,18.6300,45.9330,1.799958
TAP_TAPCELL_ROW_11_67,VPWR,li1,57.2700,41.1060,1.799934
TAP_TAPCELL_ROW_11_66,VPWR,li1,31.5100,41.1060,1.799905
TAP_TAPCELL_ROW_10_65,VPWR,li1,44.3900,40.4930,1.799903
TAP_TAPCELL_ROW_10_64,VPWR,li1,18.6300,40.4930,1.799944
TAP_TAPCELL_ROW_9_63,VPWR,li1,57.2700,35.6660,1.799966
TAP_TAPCELL_ROW_9_62,VPWR,li1,31.5100,35.6660,1.799978
TAP_TAPCELL_ROW_8_61,VPWR,li1,44.3900,35.0530,1.799974
TAP_TAPCELL_ROW_8_60,VPWR,li1,18.6300,35.0530,1.799974
TAP_TAPCELL_ROW_7_59,VPWR,li1,57.2700,30.2260,1.799858
TAP_TAPCELL_ROW_7_58,VPWR,li1,31.5100,30.2260,1.799876
TAP_TAPCELL_ROW_6_57,VPWR,li1,44.3900,29.6130,1.799873
TAP_TAPCELL_ROW_6_56,VPWR,li1,18.6300,29.6130,1.799871
TAP_TAPCELL_ROW_5_55,VPWR,li1,57.2700,24.7860,1.799979
TAP_TAPCELL_ROW_5_54,VPWR,li1,31.5100,24.7860,1.799958
TAP_TAPCELL_ROW_4_53,VPWR,li1,44.3900,24.1730,1.799976
TAP_TAPCELL_ROW_4_52,VPWR,li1,18.6300,24.1730,1.799941
TAP_TAPCELL_ROW_3_51,VPWR,li1,57.2700,19.3460,1.799962
TAP_TAPCELL_ROW_3_50,VPWR,li1,31.5100,19.3460,1.799959
TAP_TAPCELL_ROW_2_49,VPWR,li1,44.3900,18.7330,1.799956
TAP_TAPCELL_ROW_2_48,VPWR,li1,18.6300,18.7330,1.799959
TAP_TAPCELL_ROW_1_47,VPWR,li1,57.2700,13.9060,1.799990
TAP_TAPCELL_ROW_1_46,VPWR,li1,31.5100,13.9060,1.799952
TAP_TAPCELL_ROW_0_45,VPWR,li1,57.2700,13.2930,1.799990
TAP_TAPCELL_ROW_0_44,VPWR,li1,44.3900,13.2930,1.799977
TAP_TAPCELL_ROW_0_43,VPWR,li1,31.5100,13.2930,1.799952
TAP_TAPCELL_ROW_0_42,VPWR,li1,18.6300,13.2930,1.799924
PHY_EDGE_ROW_20_Left_41,VPWR,li1,6.2100,68.0000,1.799997
PHY_EDGE_ROW_19_Left_40,VPWR,li1,6.2100,62.5600,1.799929
PHY_EDGE_ROW_18_Left_39,VPWR,li1,6.2100,62.5600,1.799929
PHY_EDGE_ROW_17_Left_38,VPWR,li1,6.2100,57.1200,1.799940
PHY_EDGE_ROW_16_Left_37,VPWR,li1,6.2100,57.1200,1.799940
PHY_EDGE_ROW_15_Left_36,VPWR,li1,6.2100,51.6800,1.799908
PHY_EDGE_ROW_14_Left_35,VPWR,li1,6.2100,51.6800,1.799908
PHY_EDGE_ROW_13_Left_34,VPWR,li1,6.2100,46.2400,1.799956
PHY_EDGE_ROW_12_Left_33,VPWR,li1,6.2100,46.2400,1.799956
PHY_EDGE_ROW_11_Left_32,VPWR,li1,6.2100,40.8000,1.799960
PHY_EDGE_ROW_10_Left_31,VPWR,li1,6.2100,40.8000,1.799960
PHY_EDGE_ROW_9_Left_30,VPWR,li1,6.2100,35.3600,1.799962
PHY_EDGE_ROW_8_Left_29,VPWR,li1,6.2100,35.3600,1.799962
PHY_EDGE_ROW_7_Left_28,VPWR,li1,6.2100,29.9200,1.799888
PHY_EDGE_ROW_6_Left_27,VPWR,li1,6.2100,29.9200,1.799888
PHY_EDGE_ROW_5_Left_26,VPWR,li1,6.2100,24.4800,1.799947
PHY_EDGE_ROW_4_Left_25,VPWR,li1,6.2100,24.4800,1.799947
PHY_EDGE_ROW_3_Left_24,VPWR,li1,6.2100,19.0400,1.799943
PHY_EDGE_ROW_2_Left_23,VPWR,li1,6.2100,19.0400,1.799943
PHY_EDGE_ROW_1_Left_22,VPWR,li1,6.2100,13.6000,1.799931
PHY_EDGE_ROW_0_Left_21,VPWR,li1,6.2100,13.6000,1.799931
PHY_EDGE_ROW_20_Right_20,VPWR,li1,63.2500,68.0000,1.799985
PHY_EDGE_ROW_19_Right_19,VPWR,li1,63.2500,62.5600,1.799936
PHY_EDGE_ROW_18_Right_18,VPWR,li1,63.2500,62.5600,1.799936
PHY_EDGE_ROW_17_Right_17,VPWR,li1,63.2500,57.1200,1.799878
PHY_EDGE_ROW_16_Right_16,VPWR,li1,63.2500,57.1200,1.799878
PHY_EDGE_ROW_15_Right_15,VPWR,li1,63.2500,51.6800,1.799972
PHY_EDGE_ROW_14_Right_14,VPWR,li1,63.2500,51.6800,1.799972
PHY_EDGE_ROW_13_Right_13,VPWR,li1,63.2500,46.2400,1.799985
PHY_EDGE_ROW_12_Right_12,VPWR,li1,63.2500,46.2400,1.799985
PHY_EDGE_ROW_11_Right_11,VPWR,li1,63.2500,40.8000,1.799933
PHY_EDGE_ROW_10_Right_10,VPWR,li1,63.2500,40.8000,1.799933
PHY_EDGE_ROW_9_Right_9,VPWR,li1,63.2500,35.3600,1.799959
PHY_EDGE_ROW_8_Right_8,VPWR,li1,63.2500,35.3600,1.799959
PHY_EDGE_ROW_7_Right_7,VPWR,li1,63.2500,29.9200,1.799858
PHY_EDGE_ROW_6_Right_6,VPWR,li1,63.2500,29.9200,1.799858
PHY_EDGE_ROW_5_Right_5,VPWR,li1,63.2500,24.4800,1.799979
PHY_EDGE_ROW_4_Right_4,VPWR,li1,63.2500,24.4800,1.799979
PHY_EDGE_ROW_3_Right_3,VPWR,li1,63.2500,19.0400,1.799962
PHY_EDGE_ROW_2_Right_2,VPWR,li1,63.2500,19.0400,1.799962
PHY_EDGE_ROW_1_Right_1,VPWR,li1,63.2500,13.6000,1.799990
PHY_EDGE_ROW_0_Right_0,VPWR,li1,63.2500,13.6000,1.799990
_192_,VPWR,li1,14.2600,57.1200,1.799941
_191_,VPWR,li1,57.0400,19.0400,1.799962
_190_,VPWR,li1,58.4200,35.3600,1.799959
_189_,VPWR,li1,57.0400,29.9200,1.799858
_188_,VPWR,li1,53.3600,24.4800,1.799972
_187_,VPWR,li1,49.4500,29.9200,1.799824
_186_,VPWR,li1,48.3000,19.0400,1.799951
_185_,VPWR,li1,40.4800,19.0400,1.799961
_184_,VPWR,li1,37.7200,13.6000,1.799959
_183_,VPWR,li1,35.8800,19.0400,1.799959
_182_,VPWR,li1,31.2800,19.0400,1.799959
_181_,VPWR,li1,27.6000,13.6000,1.799947
_180_,VPWR,li1,24.3800,13.6000,1.799932
_179_,VPWR,li1,19.3200,13.6000,1.799924
_178_,VPWR,li1,14.2600,19.0400,1.799955
_177_,VPWR,li1,11.2700,24.4800,1.799948
_176_,VPWR,li1,10.8100,46.2400,1.799956
_175_,VPWR,li1,53.3600,68.0000,1.799981
_174_,VPWR,li1,58.4200,62.5600,1.799936
_173_,VPWR,li1,58.4200,40.8000,1.799934
_172_,VPWR,li1,53.3600,62.5600,1.799927
_171_,VPWR,li1,50.8300,35.3600,1.799962
_170_,VPWR,li1,44.3900,62.5600,1.799931
_169_,VPWR,li1,40.0200,57.1200,1.799904
_168_,VPWR,li1,35.8800,57.1200,1.799922
_167_,VPWR,li1,35.4200,62.5600,1.799934
_166_,VPWR,li1,27.6000,62.5600,1.799945
_165_,VPWR,li1,26.2200,24.4800,1.799953
_164_,VPWR,li1,23.0000,62.5600,1.799938
_163_,VPWR,li1,18.4000,62.5600,1.799930
_162_,VPWR,li1,13.8000,62.5600,1.799936
_161_,VPWR,li1,10.8100,51.6800,1.799909
_160_,VPWR,li1,10.8100,62.5600,1.799930
_159_,VPWR,li1,43.2400,57.1200,1.799902
_158_,VPWR,li1,48.3000,62.5600,1.799923
_157_,VPWR,li1,20.2400,57.1200,1.799936
_156_,VPWR,li1,12.8800,57.1200,1.799941
_155_,VPWR,li1,35.4200,51.6800,1.799907
_154_,VPWR,li1,27.1400,51.6800,1.799879
_153_,VPWR,li1,27.6000,46.2400,1.799958
_152_,VPWR,li1,27.1400,46.2400,1.799958
_151_,VPWR,li1,27.6000,40.8000,1.799928
_150_,VPWR,li1,10.5800,35.3600,1.799962
_149_,VPWR,li1,10.5800,29.9200,1.799888
_148_,VPWR,li1,22.5400,24.4800,1.799942
_147_,VPWR,li1,15.1800,24.4800,1.799939
_146_,VPWR,li1,14.7200,29.9200,1.799882
_145_,VPWR,li1,11.0400,13.6000,1.799931
_144_,VPWR,li1,14.7200,13.6000,1.799929
_143_,VPWR,li1,10.5800,19.0400,1.799944
_142_,VPWR,li1,42.7800,62.5600,1.799942
_141_,VPWR,li1,54.0500,62.5600,1.799927
_140_,VPWR,li1,55.2000,57.1200,1.799880
_139_,VPWR,li1,53.3600,51.6800,1.799960
_138_,VPWR,li1,53.5900,46.2400,1.799981
_137_,VPWR,li1,49.6800,46.2400,1.799977
_136_,VPWR,li1,58.1900,40.8000,1.799934
_135_,VPWR,li1,46.4600,46.2400,1.799977
_134_,VPWR,li1,48.0700,46.2400,1.799977
_133_,VPWR,li1,41.8600,40.8000,1.799897
_132_,VPWR,li1,37.2600,46.2400,1.799971
_131_,VPWR,li1,43.4700,40.8000,1.799897
_130_,VPWR,li1,39.7900,35.3600,1.799977
_129_,VPWR,li1,36.3400,40.8000,1.799887
_128_,VPWR,li1,38.1800,35.3600,1.799977
_127_,VPWR,li1,41.6300,35.3600,1.799977
_126_,VPWR,li1,33.5800,29.9200,1.799879
_125_,VPWR,li1,36.8000,24.4800,1.799967
_124_,VPWR,li1,37.0300,29.9200,1.799883
_123_,VPWR,li1,27.8300,29.9200,1.799874
_122_,VPWR,li1,25.3000,29.9200,1.799838
_121_,VPWR,li1,17.0200,35.3600,1.799974
_120_,VPWR,li1,20.7000,35.3600,1.799976
_119_,VPWR,li1,13.8000,40.8000,1.799961
_118_,VPWR,li1,14.7200,40.8000,1.799955
_117_,VPWR,li1,19.7800,46.2400,1.799957
_116_,VPWR,li1,17.2500,46.2400,1.799958
_115_,VPWR,li1,22.3100,46.2400,1.799957
_114_,VPWR,li1,11.5000,46.2400,1.799956
_113_,VPWR,li1,13.8000,51.6800,1.799914
_112_,VPWR,li1,47.6100,57.1200,1.799859
_111_,VPWR,li1,51.9800,57.1200,1.799834
_110_,VPWR,li1,60.2600,57.1200,1.799878
_109_,VPWR,li1,57.2700,57.1200,1.799879
_108_,VPWR,li1,58.6500,57.1200,1.799879
_107_,VPWR,li1,60.9500,57.1200,1.799878
_106_,VPWR,li1,58.8800,46.2400,1.799985
_105_,VPWR,li1,52.4400,46.2400,1.799979
_104_,VPWR,li1,55.4300,51.6800,1.799965
_103_,VPWR,li1,53.1300,40.8000,1.799931
_102_,VPWR,li1,59.5700,40.8000,1.799933
_101_,VPWR,li1,55.4300,40.8000,1.799938
_100_,VPWR,li1,46.6900,40.8000,1.799911
_099_,VPWR,li1,39.3300,40.8000,1.799862
_098_,VPWR,li1,42.0900,46.2400,1.799978
_097_,VPWR,li1,39.3300,46.2400,1.799974
_096_,VPWR,li1,38.6400,29.9200,1.799886
_095_,VPWR,li1,39.7900,24.4800,1.799972
_094_,VPWR,li1,32.4300,35.3600,1.799978
_093_,VPWR,li1,30.3600,29.9200,1.799876
_092_,VPWR,li1,40.9400,29.9200,1.799891
_091_,VPWR,li1,41.6300,29.9200,1.799891
_090_,VPWR,li1,38.4100,24.4800,1.799967
_089_,VPWR,li1,43.0100,29.9200,1.799873
_088_,VPWR,li1,34.0400,29.9200,1.799879
_087_,VPWR,li1,39.7900,29.9200,1.799886
_086_,VPWR,li1,33.8100,24.4800,1.799960
_085_,VPWR,li1,26.9100,24.4800,1.799953
_084_,VPWR,li1,28.7500,24.4800,1.799956
_083_,VPWR,li1,30.5900,24.4800,1.799958
_082_,VPWR,li1,22.5400,40.8000,1.799935
_081_,VPWR,li1,16.7900,40.8000,1.799948
_080_,VPWR,li1,18.4000,40.8000,1.799948
_079_,VPWR,li1,22.0800,40.8000,1.799935
_078_,VPWR,li1,15.4100,46.2400,1.799959
_077_,VPWR,li1,20.9300,46.2400,1.799957
_076_,VPWR,li1,15.4100,46.2400,1.799959
_075_,VPWR,li1,18.8600,46.2400,1.799958
_074_,VPWR,li1,46.6900,40.8000,1.799911
_073_,VPWR,li1,39.5600,46.2400,1.799974
_072_,VPWR,li1,42.5500,46.2400,1.799978
_071_,VPWR,li1,35.6500,46.2400,1.799967
_070_,VPWR,li1,41.1700,46.2400,1.799978
_069_,VPWR,li1,50.8300,40.8000,1.799919
_068_,VPWR,li1,53.5900,40.8000,1.799931
_067_,VPWR,li1,46.6900,35.3600,1.799971
_066_,VPWR,li1,58.1900,29.9200,1.799858
_065_,VPWR,li1,49.4500,40.8000,1.799919
_064_,VPWR,li1,50.8300,35.3600,1.799962
_063_,VPWR,li1,53.5900,35.3600,1.799964
