
Circuit 1 cell sky130_fd_pr__pfet_01v8 and Circuit 2 cell sky130_fd_pr__pfet_01v8 are black boxes.
Warning: Equate pins:  cell sky130_fd_pr__pfet_01v8 is a placeholder, treated as a black box.
Warning: Equate pins:  cell sky130_fd_pr__pfet_01v8 is a placeholder, treated as a black box.

Subcircuit pins:
Circuit 1: sky130_fd_pr__pfet_01v8         |Circuit 2: sky130_fd_pr__pfet_01v8         
-------------------------------------------|-------------------------------------------
1                                          |1                                          
2                                          |2                                          
3                                          |3                                          
4                                          |4                                          
---------------------------------------------------------------------------------------
Cell pin lists are equivalent.
Device classes sky130_fd_pr__pfet_01v8 and sky130_fd_pr__pfet_01v8 are equivalent.

Circuit 1 cell sky130_fd_pr__nfet_01v8 and Circuit 2 cell sky130_fd_pr__nfet_01v8 are black boxes.
Warning: Equate pins:  cell sky130_fd_pr__nfet_01v8 is a placeholder, treated as a black box.
Warning: Equate pins:  cell sky130_fd_pr__nfet_01v8 is a placeholder, treated as a black box.

Subcircuit pins:
Circuit 1: sky130_fd_pr__nfet_01v8         |Circuit 2: sky130_fd_pr__nfet_01v8         
-------------------------------------------|-------------------------------------------
1                                          |1                                          
2                                          |2                                          
3                                          |3                                          
4                                          |4                                          
---------------------------------------------------------------------------------------
Cell pin lists are equivalent.
Device classes sky130_fd_pr__nfet_01v8 and sky130_fd_pr__nfet_01v8 are equivalent.
Flattening unmatched subcell carry_n in circuit rca8b (0)(8 instances)
Flattening unmatched subcell sum_n in circuit rca8b (0)(8 instances)
Flattening unmatched subcell invx1 in circuit rca8b (0)(16 instances)

Class rca8b (0):  Merged 88 parallel devices.
Class rca8b (1):  Merged 88 parallel devices.
Subcircuit summary:
Circuit 1: rca8b                           |Circuit 2: rca8b                           
-------------------------------------------|-------------------------------------------
sky130_fd_pr__pfet_01v8 (184->112)         |sky130_fd_pr__pfet_01v8 (184->112)         
sky130_fd_pr__nfet_01v8 (128->112)         |sky130_fd_pr__nfet_01v8 (128->112)         
Number of devices: 224                     |Number of devices: 224                     
Number of nets: 131                        |Number of nets: 131                        
---------------------------------------------------------------------------------------
Netlists match uniquely with property errors.
carry_n:31/sky130_fd_pr__nfet_01v8:M27 vs. sky130_fd_pr__nfet_01v8:23:
 W circuit1: 0.42   circuit2: 0.84   (delta=66.7%, cutoff=1%)
carry_n:31/sky130_fd_pr__nfet_01v8:M25 vs. sky130_fd_pr__nfet_01v8:83:
 W circuit1: 0.42   circuit2: 0.84   (delta=66.7%, cutoff=1%)
carry_n:15/sky130_fd_pr__nfet_01v8:M25 vs. sky130_fd_pr__nfet_01v8:51:
 W circuit1: 0.42   circuit2: 0.84   (delta=66.7%, cutoff=1%)
carry_n:23/sky130_fd_pr__nfet_01v8:M25 vs. sky130_fd_pr__nfet_01v8:68:
 W circuit1: 0.42   circuit2: 0.84   (delta=66.7%, cutoff=1%)
carry_n:7/sky130_fd_pr__nfet_01v8:M25 vs. sky130_fd_pr__nfet_01v8:204:
 W circuit1: 0.42   circuit2: 0.84   (delta=66.7%, cutoff=1%)
carry_n:2/sky130_fd_pr__nfet_01v8:M27 vs. sky130_fd_pr__nfet_01v8:210:
 W circuit1: 0.42   circuit2: 0.84   (delta=66.7%, cutoff=1%)
carry_n:31/sky130_fd_pr__nfet_01v8:M30 vs. sky130_fd_pr__nfet_01v8:64:
 W circuit1: 0.42   circuit2: 0.84   (delta=66.7%, cutoff=1%)
carry_n:31/sky130_fd_pr__nfet_01v8:M28 vs. sky130_fd_pr__nfet_01v8:232:
 W circuit1: 0.42   circuit2: 0.84   (delta=66.7%, cutoff=1%)
carry_n:7/sky130_fd_pr__nfet_01v8:M30 vs. sky130_fd_pr__nfet_01v8:183:
 W circuit1: 0.42   circuit2: 0.84   (delta=66.7%, cutoff=1%)
carry_n:23/sky130_fd_pr__nfet_01v8:M30 vs. sky130_fd_pr__nfet_01v8:247:
 W circuit1: 0.42   circuit2: 0.84   (delta=66.7%, cutoff=1%)
carry_n:15/sky130_fd_pr__nfet_01v8:M30 vs. sky130_fd_pr__nfet_01v8:33:
 W circuit1: 0.42   circuit2: 0.84   (delta=66.7%, cutoff=1%)
carry_n:7/sky130_fd_pr__nfet_01v8:M28 vs. sky130_fd_pr__nfet_01v8:13:
 W circuit1: 0.42   circuit2: 0.84   (delta=66.7%, cutoff=1%)
carry_n:23/sky130_fd_pr__nfet_01v8:M28 vs. sky130_fd_pr__nfet_01v8:31:
 W circuit1: 0.42   circuit2: 0.84   (delta=66.7%, cutoff=1%)
carry_n:15/sky130_fd_pr__nfet_01v8:M28 vs. sky130_fd_pr__nfet_01v8:113:
 W circuit1: 0.42   circuit2: 0.84   (delta=66.7%, cutoff=1%)
carry_n:25/sky130_fd_pr__nfet_01v8:M30 vs. sky130_fd_pr__nfet_01v8:157:
 W circuit1: 0.42   circuit2: 0.84   (delta=66.7%, cutoff=1%)
carry_n:17/sky130_fd_pr__nfet_01v8:M30 vs. sky130_fd_pr__nfet_01v8:244:
 W circuit1: 0.42   circuit2: 0.84   (delta=66.7%, cutoff=1%)
carry_n:9/sky130_fd_pr__nfet_01v8:M30 vs. sky130_fd_pr__nfet_01v8:255:
 W circuit1: 0.42   circuit2: 0.84   (delta=66.7%, cutoff=1%)
carry_n:17/sky130_fd_pr__nfet_01v8:M28 vs. sky130_fd_pr__nfet_01v8:25:
 W circuit1: 0.42   circuit2: 0.84   (delta=66.7%, cutoff=1%)
carry_n:9/sky130_fd_pr__nfet_01v8:M28 vs. sky130_fd_pr__nfet_01v8:30:
 W circuit1: 0.42   circuit2: 0.84   (delta=66.7%, cutoff=1%)
carry_n:25/sky130_fd_pr__nfet_01v8:M28 vs. sky130_fd_pr__nfet_01v8:253:
 W circuit1: 0.42   circuit2: 0.84   (delta=66.7%, cutoff=1%)
carry_n:2/sky130_fd_pr__nfet_01v8:M30 vs. sky130_fd_pr__nfet_01v8:179:
 W circuit1: 0.42   circuit2: 0.84   (delta=66.7%, cutoff=1%)
carry_n:2/sky130_fd_pr__nfet_01v8:M28 vs. sky130_fd_pr__nfet_01v8:114:
 W circuit1: 0.42   circuit2: 0.84   (delta=66.7%, cutoff=1%)
carry_n:31/sky130_fd_pr__nfet_01v8:M26 vs. sky130_fd_pr__nfet_01v8:276:
 W circuit1: 0.42   circuit2: 0.84   (delta=66.7%, cutoff=1%)
carry_n:23/sky130_fd_pr__nfet_01v8:M26 vs. sky130_fd_pr__nfet_01v8:230:
 W circuit1: 0.42   circuit2: 0.84   (delta=66.7%, cutoff=1%)
carry_n:15/sky130_fd_pr__nfet_01v8:M26 vs. sky130_fd_pr__nfet_01v8:215:
 W circuit1: 0.42   circuit2: 0.84   (delta=66.7%, cutoff=1%)
carry_n:7/sky130_fd_pr__nfet_01v8:M26 vs. sky130_fd_pr__nfet_01v8:53:
 W circuit1: 0.42   circuit2: 0.84   (delta=66.7%, cutoff=1%)
carry_n:25/sky130_fd_pr__nfet_01v8:M25 vs. sky130_fd_pr__nfet_01v8:293:
 W circuit1: 0.42   circuit2: 0.84   (delta=66.7%, cutoff=1%)
carry_n:17/sky130_fd_pr__nfet_01v8:M25 vs. sky130_fd_pr__nfet_01v8:61:
 W circuit1: 0.42   circuit2: 0.84   (delta=66.7%, cutoff=1%)
carry_n:9/sky130_fd_pr__nfet_01v8:M25 vs. sky130_fd_pr__nfet_01v8:281:
 W circuit1: 0.42   circuit2: 0.84   (delta=66.7%, cutoff=1%)
carry_n:2/sky130_fd_pr__nfet_01v8:M25 vs. sky130_fd_pr__nfet_01v8:194:
 W circuit1: 0.42   circuit2: 0.84   (delta=66.7%, cutoff=1%)
carry_n:25/sky130_fd_pr__nfet_01v8:M26 vs. sky130_fd_pr__nfet_01v8:141:
 W circuit1: 0.42   circuit2: 0.84   (delta=66.7%, cutoff=1%)
carry_n:9/sky130_fd_pr__nfet_01v8:M26 vs. sky130_fd_pr__nfet_01v8:129:
 W circuit1: 0.42   circuit2: 0.84   (delta=66.7%, cutoff=1%)
carry_n:17/sky130_fd_pr__nfet_01v8:M26 vs. sky130_fd_pr__nfet_01v8:225:
 W circuit1: 0.42   circuit2: 0.84   (delta=66.7%, cutoff=1%)
carry_n:2/sky130_fd_pr__nfet_01v8:M26 vs. sky130_fd_pr__nfet_01v8:248:
 W circuit1: 0.42   circuit2: 0.84   (delta=66.7%, cutoff=1%)
carry_n:25/sky130_fd_pr__nfet_01v8:M27 vs. sky130_fd_pr__nfet_01v8:274:
 W circuit1: 0.42   circuit2: 0.84   (delta=66.7%, cutoff=1%)
carry_n:23/sky130_fd_pr__nfet_01v8:M27 vs. sky130_fd_pr__nfet_01v8:49:
 W circuit1: 0.42   circuit2: 0.84   (delta=66.7%, cutoff=1%)
carry_n:15/sky130_fd_pr__nfet_01v8:M27 vs. sky130_fd_pr__nfet_01v8:311:
 W circuit1: 0.42   circuit2: 0.84   (delta=66.7%, cutoff=1%)
carry_n:17/sky130_fd_pr__nfet_01v8:M27 vs. sky130_fd_pr__nfet_01v8:45:
 W circuit1: 0.42   circuit2: 0.84   (delta=66.7%, cutoff=1%)
carry_n:9/sky130_fd_pr__nfet_01v8:M27 vs. sky130_fd_pr__nfet_01v8:220:
 W circuit1: 0.42   circuit2: 0.84   (delta=66.7%, cutoff=1%)
carry_n:7/sky130_fd_pr__nfet_01v8:M27 vs. sky130_fd_pr__nfet_01v8:149:
 W circuit1: 0.42   circuit2: 0.84   (delta=66.7%, cutoff=1%)
carry_n:31/sky130_fd_pr__pfet_01v8:M11 vs. sky130_fd_pr__pfet_01v8:18:
 W circuit1: 0.42   circuit2: 0.84   (delta=66.7%, cutoff=1%)
carry_n:31/sky130_fd_pr__pfet_01v8:M13 vs. sky130_fd_pr__pfet_01v8:75:
 W circuit1: 0.42   circuit2: 0.84   (delta=66.7%, cutoff=1%)
carry_n:31/sky130_fd_pr__pfet_01v8:M7 vs. sky130_fd_pr__pfet_01v8:115:
 W circuit1: 0.42   circuit2: 0.84   (delta=66.7%, cutoff=1%)
carry_n:31/sky130_fd_pr__pfet_01v8:M3 vs. sky130_fd_pr__pfet_01v8:16:
 W circuit1: 0.42   circuit2: 0.84   (delta=66.7%, cutoff=1%)
carry_n:23/sky130_fd_pr__pfet_01v8:M7 vs. sky130_fd_pr__pfet_01v8:8:
 W circuit1: 0.42   circuit2: 0.84   (delta=66.7%, cutoff=1%)
carry_n:15/sky130_fd_pr__pfet_01v8:M7 vs. sky130_fd_pr__pfet_01v8:4:
 W circuit1: 0.42   circuit2: 0.84   (delta=66.7%, cutoff=1%)
carry_n:7/sky130_fd_pr__pfet_01v8:M7 vs. sky130_fd_pr__pfet_01v8:77:
 W circuit1: 0.42   circuit2: 0.84   (delta=66.7%, cutoff=1%)
carry_n:7/sky130_fd_pr__pfet_01v8:M3 vs. sky130_fd_pr__pfet_01v8:19:
 W circuit1: 0.42   circuit2: 0.84   (delta=66.7%, cutoff=1%)
carry_n:23/sky130_fd_pr__pfet_01v8:M3 vs. sky130_fd_pr__pfet_01v8:47:
 W circuit1: 0.42   circuit2: 0.84   (delta=66.7%, cutoff=1%)
carry_n:15/sky130_fd_pr__pfet_01v8:M3 vs. sky130_fd_pr__pfet_01v8:42:
 W circuit1: 0.42   circuit2: 0.84   (delta=66.7%, cutoff=1%)
carry_n:17/sky130_fd_pr__pfet_01v8:M7 vs. sky130_fd_pr__pfet_01v8:41:
 W circuit1: 0.42   circuit2: 0.84   (delta=66.7%, cutoff=1%)
carry_n:9/sky130_fd_pr__pfet_01v8:M7 vs. sky130_fd_pr__pfet_01v8:80:
 W circuit1: 0.42   circuit2: 0.84   (delta=66.7%, cutoff=1%)
carry_n:25/sky130_fd_pr__pfet_01v8:M7 vs. sky130_fd_pr__pfet_01v8:116:
 W circuit1: 0.42   circuit2: 0.84   (delta=66.7%, cutoff=1%)
carry_n:17/sky130_fd_pr__pfet_01v8:M3 vs. sky130_fd_pr__pfet_01v8:21:
 W circuit1: 0.42   circuit2: 0.84   (delta=66.7%, cutoff=1%)
carry_n:9/sky130_fd_pr__pfet_01v8:M3 vs. sky130_fd_pr__pfet_01v8:132:
 W circuit1: 0.42   circuit2: 0.84   (delta=66.7%, cutoff=1%)
carry_n:25/sky130_fd_pr__pfet_01v8:M3 vs. sky130_fd_pr__pfet_01v8:153:
 W circuit1: 0.42   circuit2: 0.84   (delta=66.7%, cutoff=1%)
carry_n:2/sky130_fd_pr__pfet_01v8:M7 vs. sky130_fd_pr__pfet_01v8:144:
 W circuit1: 0.42   circuit2: 0.84   (delta=66.7%, cutoff=1%)
carry_n:2/sky130_fd_pr__pfet_01v8:M3 vs. sky130_fd_pr__pfet_01v8:130:
 W circuit1: 0.42   circuit2: 0.84   (delta=66.7%, cutoff=1%)
carry_n:25/sky130_fd_pr__pfet_01v8:M11 vs. sky130_fd_pr__pfet_01v8:12:
 W circuit1: 0.42   circuit2: 0.84   (delta=66.7%, cutoff=1%)
carry_n:17/sky130_fd_pr__pfet_01v8:M11 vs. sky130_fd_pr__pfet_01v8:112:
 W circuit1: 0.42   circuit2: 0.84   (delta=66.7%, cutoff=1%)
carry_n:9/sky130_fd_pr__pfet_01v8:M11 vs. sky130_fd_pr__pfet_01v8:92:
 W circuit1: 0.42   circuit2: 0.84   (delta=66.7%, cutoff=1%)
carry_n:2/sky130_fd_pr__pfet_01v8:M11 vs. sky130_fd_pr__pfet_01v8:213:
 W circuit1: 0.42   circuit2: 0.84   (delta=66.7%, cutoff=1%)
carry_n:23/sky130_fd_pr__pfet_01v8:M11 vs. sky130_fd_pr__pfet_01v8:34:
 W circuit1: 0.42   circuit2: 0.84   (delta=66.7%, cutoff=1%)
carry_n:15/sky130_fd_pr__pfet_01v8:M11 vs. sky130_fd_pr__pfet_01v8:163:
 W circuit1: 0.42   circuit2: 0.84   (delta=66.7%, cutoff=1%)
carry_n:7/sky130_fd_pr__pfet_01v8:M11 vs. sky130_fd_pr__pfet_01v8:216:
 W circuit1: 0.42   circuit2: 0.84   (delta=66.7%, cutoff=1%)
carry_n:25/sky130_fd_pr__pfet_01v8:M1 vs. sky130_fd_pr__pfet_01v8:98:
 W circuit1: 0.42   circuit2: 0.84   (delta=66.7%, cutoff=1%)
carry_n:17/sky130_fd_pr__pfet_01v8:M1 vs. sky130_fd_pr__pfet_01v8:133:
 W circuit1: 0.42   circuit2: 0.84   (delta=66.7%, cutoff=1%)
carry_n:9/sky130_fd_pr__pfet_01v8:M1 vs. sky130_fd_pr__pfet_01v8:146:
 W circuit1: 0.42   circuit2: 0.84   (delta=66.7%, cutoff=1%)
carry_n:2/sky130_fd_pr__pfet_01v8:M1 vs. sky130_fd_pr__pfet_01v8:193:
 W circuit1: 0.42   circuit2: 0.84   (delta=66.7%, cutoff=1%)
carry_n:2/sky130_fd_pr__pfet_01v8:M13 vs. sky130_fd_pr__pfet_01v8:231:
 W circuit1: 0.42   circuit2: 0.84   (delta=66.7%, cutoff=1%)
carry_n:25/sky130_fd_pr__pfet_01v8:M13 vs. sky130_fd_pr__pfet_01v8:66:
 W circuit1: 0.42   circuit2: 0.84   (delta=66.7%, cutoff=1%)
carry_n:23/sky130_fd_pr__pfet_01v8:M13 vs. sky130_fd_pr__pfet_01v8:7:
 W circuit1: 0.42   circuit2: 0.84   (delta=66.7%, cutoff=1%)
carry_n:15/sky130_fd_pr__pfet_01v8:M13 vs. sky130_fd_pr__pfet_01v8:104:
 W circuit1: 0.42   circuit2: 0.84   (delta=66.7%, cutoff=1%)
carry_n:9/sky130_fd_pr__pfet_01v8:M13 vs. sky130_fd_pr__pfet_01v8:38:
 W circuit1: 0.42   circuit2: 0.84   (delta=66.7%, cutoff=1%)
carry_n:17/sky130_fd_pr__pfet_01v8:M13 vs. sky130_fd_pr__pfet_01v8:95:
 W circuit1: 0.42   circuit2: 0.84   (delta=66.7%, cutoff=1%)
carry_n:7/sky130_fd_pr__pfet_01v8:M13 vs. sky130_fd_pr__pfet_01v8:261:
 W circuit1: 0.42   circuit2: 0.84   (delta=66.7%, cutoff=1%)
carry_n:31/sky130_fd_pr__pfet_01v8:M1 vs. sky130_fd_pr__pfet_01v8:17:
 W circuit1: 0.42   circuit2: 0.84   (delta=66.7%, cutoff=1%)
carry_n:23/sky130_fd_pr__pfet_01v8:M1 vs. sky130_fd_pr__pfet_01v8:46:
 W circuit1: 0.42   circuit2: 0.84   (delta=66.7%, cutoff=1%)
carry_n:15/sky130_fd_pr__pfet_01v8:M1 vs. sky130_fd_pr__pfet_01v8:26:
 W circuit1: 0.42   circuit2: 0.84   (delta=66.7%, cutoff=1%)
carry_n:7/sky130_fd_pr__pfet_01v8:M1 vs. sky130_fd_pr__pfet_01v8:101:
 W circuit1: 0.42   circuit2: 0.84   (delta=66.7%, cutoff=1%)

Subcircuit pins:
Circuit 1: rca8b                           |Circuit 2: rca8b                           
-------------------------------------------|-------------------------------------------
s8                                         |s8                                         
s1                                         |s1                                         
s7                                         |s7                                         
s6                                         |s6                                         
s4                                         |s4                                         
s5                                         |s5                                         
s3                                         |s3                                         
s2                                         |s2                                         
b8                                         |b8                                         
b6                                         |b6                                         
b4                                         |b4                                         
b2                                         |b2                                         
a8                                         |a8                                         
a6                                         |a6                                         
a4                                         |a4                                         
a2                                         |a2                                         
cin                                        |cin                                        
cout                                       |cout                                       
b7                                         |b7                                         
b5                                         |b5                                         
b3                                         |b3                                         
b1                                         |b1                                         
a5                                         |a5                                         
a3                                         |a3                                         
a7                                         |a7                                         
a1                                         |a1                                         
DGND                                       |DGND                                       
DVDD                                       |DVDD                                       
---------------------------------------------------------------------------------------
Cell pin lists are equivalent.
Device classes rca8b and rca8b are equivalent.

Final result: Circuits match uniquely.
Property errors were found.

The following cells had property errors:
 rca8b
