Instance,Terminal,Layer,X location,Y location,Voltage
FILLER_0_21_118,VPWR,li1,60.4900,68.0000,1.799967
FILLER_0_21_113,VPWR,li1,57.9600,68.0000,1.799967
FILLER_0_21_109,VPWR,li1,56.3500,68.0000,1.799965
FILLER_0_21_100,VPWR,li1,52.9000,68.0000,1.799964
FILLER_0_21_91,VPWR,li1,48.7600,68.0000,1.799960
FILLER_0_21_85,VPWR,li1,45.3100,68.0000,1.799962
FILLER_0_21_82,VPWR,li1,43.7000,68.0000,1.799965
FILLER_0_21_73,VPWR,li1,40.4800,68.0000,1.799961
FILLER_0_21_64,VPWR,li1,36.3400,68.0000,1.799953
FILLER_0_21_60,VPWR,li1,33.3500,68.0000,1.799945
FILLER_0_21_55,VPWR,li1,31.0500,68.0000,1.799946
FILLER_0_21_50,VPWR,li1,28.9800,68.0000,1.799947
FILLER_0_21_29,VPWR,li1,19.3200,68.0000,1.799934
FILLER_0_20_121,VPWR,li1,62.5600,68.0000,1.799967
FILLER_0_20_101,VPWR,li1,52.9000,68.0000,1.799964
FILLER_0_20_66,VPWR,li1,36.3400,68.0000,1.799953
FILLER_0_20_49,VPWR,li1,28.2900,68.0000,1.799947
FILLER_0_20_29,VPWR,li1,19.7800,68.0000,1.799933
FILLER_0_19_125,VPWR,li1,63.4800,62.5600,1.799965
FILLER_0_19_113,VPWR,li1,60.2600,62.5600,1.799965
FILLER_0_19_109,VPWR,li1,56.3500,62.5600,1.799957
FILLER_0_19_101,VPWR,li1,53.8200,62.5600,1.799955
FILLER_0_19_81,VPWR,li1,43.7000,62.5600,1.799957
FILLER_0_19_57,VPWR,li1,33.5800,62.5600,1.799946
FILLER_0_19_35,VPWR,li1,22.5400,62.5600,1.799945
FILLER_0_18_123,VPWR,li1,62.3300,62.5600,1.799965
FILLER_0_18_117,VPWR,li1,60.7200,62.5600,1.799965
FILLER_0_18_83,VPWR,li1,43.9300,62.5600,1.799957
FILLER_0_18_76,VPWR,li1,41.1700,62.5600,1.799952
FILLER_0_18_68,VPWR,li1,38.6400,62.5600,1.799946
FILLER_0_18_56,VPWR,li1,34.0400,62.5600,1.799946
FILLER_0_18_37,VPWR,li1,23.2300,62.5600,1.799945
FILLER_0_18_29,VPWR,li1,20.7000,62.5600,1.799944
FILLER_0_18_27,VPWR,li1,18.1700,62.5600,1.799943
FILLER_0_18_21,VPWR,li1,16.5600,62.5600,1.799943
FILLER_0_18_9,VPWR,li1,12.4200,62.5600,1.799952
FILLER_0_17_119,VPWR,li1,62.1000,57.1200,1.799895
FILLER_0_17_111,VPWR,li1,56.8100,57.1200,1.799895
FILLER_0_17_99,VPWR,li1,53.8200,57.1200,1.799860
FILLER_0_17_57,VPWR,li1,33.1200,57.1200,1.799762
FILLER_0_17_30,VPWR,li1,20.0100,57.1200,1.799838
FILLER_0_17_18,VPWR,li1,16.5600,57.1200,1.799869
FILLER_0_17_6,VPWR,li1,11.0400,57.1200,1.799887
FILLER_0_16_126,VPWR,li1,63.7100,57.1200,1.799895
FILLER_0_16_118,VPWR,li1,61.6400,57.1200,1.799895
FILLER_0_16_88,VPWR,li1,47.8400,57.1200,1.799818
FILLER_0_16_82,VPWR,li1,43.7000,57.1200,1.799821
FILLER_0_16_64,VPWR,li1,35.4200,57.1200,1.799773
FILLER_0_16_37,VPWR,li1,23.2300,57.1200,1.799814
FILLER_0_16_29,VPWR,li1,19.7800,57.1200,1.799853
FILLER_0_16_27,VPWR,li1,18.1700,57.1200,1.799853
FILLER_0_16_19,VPWR,li1,16.1000,57.1200,1.799869
FILLER_0_15_125,VPWR,li1,63.4800,51.6800,1.799962
FILLER_0_15_113,VPWR,li1,57.9600,51.6800,1.799969
FILLER_0_15_91,VPWR,li1,47.6100,51.6800,1.799972
FILLER_0_15_85,VPWR,li1,46.0000,51.6800,1.799975
FILLER_0_15_73,VPWR,li1,41.8600,51.6800,1.799978
FILLER_0_15_23,VPWR,li1,16.5600,51.6800,1.799966
FILLER_0_14_126,VPWR,li1,63.7100,51.6800,1.799962
FILLER_0_14_108,VPWR,li1,55.6600,51.6800,1.799968
FILLER_0_14_93,VPWR,li1,48.5300,51.6800,1.799970
FILLER_0_14_85,VPWR,li1,46.4600,51.6800,1.799972
FILLER_0_14_72,VPWR,li1,41.4000,51.6800,1.799978
FILLER_0_14_48,VPWR,li1,28.9800,51.6800,1.799976
FILLER_0_14_38,VPWR,li1,23.2300,51.6800,1.799970
FILLER_0_14_9,VPWR,li1,10.1200,51.6800,1.799961
FILLER_0_13_126,VPWR,li1,63.7100,46.2400,1.799975
FILLER_0_13_99,VPWR,li1,51.2900,46.2400,1.799972
FILLER_0_13_87,VPWR,li1,48.3000,46.2400,1.799970
FILLER_0_13_61,VPWR,li1,33.8100,46.2400,1.799971
FILLER_0_13_57,VPWR,li1,32.6600,46.2400,1.799971
FILLER_0_13_55,VPWR,li1,31.0500,46.2400,1.799974
FILLER_0_13_28,VPWR,li1,18.8600,46.2400,1.799971
FILLER_0_13_20,VPWR,li1,16.5600,46.2400,1.799971
FILLER_0_12_126,VPWR,li1,63.7100,46.2400,1.799975
FILLER_0_12_112,VPWR,li1,57.9600,46.2400,1.799978
FILLER_0_12_96,VPWR,li1,50.6000,46.2400,1.799972
FILLER_0_12_76,VPWR,li1,40.7100,46.2400,1.799970
FILLER_0_12_72,VPWR,li1,39.5600,46.2400,1.799970
FILLER_0_12_49,VPWR,li1,28.2900,46.2400,1.799977
FILLER_0_12_45,VPWR,li1,27.1400,46.2400,1.799977
FILLER_0_12_14,VPWR,li1,12.4200,46.2400,1.799971
FILLER_0_12_6,VPWR,li1,10.1200,46.2400,1.799966
FILLER_0_11_125,VPWR,li1,63.4800,40.8000,1.799937
FILLER_0_11_113,VPWR,li1,60.2600,40.8000,1.799937
FILLER_0_11_111,VPWR,li1,56.8100,40.8000,1.799934
FILLER_0_11_107,VPWR,li1,55.6600,40.8000,1.799934
FILLER_0_11_63,VPWR,li1,34.9600,40.8000,1.799894
FILLER_0_11_54,VPWR,li1,30.8200,40.8000,1.799917
FILLER_0_11_32,VPWR,li1,20.4700,40.8000,1.799945
FILLER_0_11_24,VPWR,li1,17.0200,40.8000,1.799950
FILLER_0_10_126,VPWR,li1,63.7100,40.8000,1.799937
FILLER_0_10_108,VPWR,li1,55.6600,40.8000,1.799934
FILLER_0_10_77,VPWR,li1,41.6300,40.8000,1.799867
FILLER_0_10_68,VPWR,li1,37.0300,40.8000,1.799883
FILLER_0_10_60,VPWR,li1,34.9600,40.8000,1.799894
FILLER_0_10_48,VPWR,li1,30.3600,40.8000,1.799928
FILLER_0_10_29,VPWR,li1,19.7800,40.8000,1.799947
FILLER_0_10_26,VPWR,li1,17.9400,40.8000,1.799950
FILLER_0_10_18,VPWR,li1,14.7200,40.8000,1.799953
FILLER_0_10_6,VPWR,li1,11.0400,40.8000,1.799949
FILLER_0_9_125,VPWR,li1,63.4800,35.3600,1.799975
FILLER_0_9_113,VPWR,li1,60.2600,35.3600,1.799975
FILLER_0_9_111,VPWR,li1,56.8100,35.3600,1.799975
FILLER_0_9_105,VPWR,li1,55.2000,35.3600,1.799975
FILLER_0_9_93,VPWR,li1,51.0600,35.3600,1.799975
FILLER_0_9_65,VPWR,li1,35.8800,35.3600,1.799971
FILLER_0_9_57,VPWR,li1,33.5800,35.3600,1.799972
FILLER_0_9_55,VPWR,li1,31.0500,35.3600,1.799975
FILLER_0_9_43,VPWR,li1,26.6800,35.3600,1.799977
FILLER_0_9_31,VPWR,li1,22.5400,35.3600,1.799976
FILLER_0_9_19,VPWR,li1,17.0200,35.3600,1.799975
FILLER_0_8_126,VPWR,li1,63.7100,35.3600,1.799975
FILLER_0_8_122,VPWR,li1,62.5600,35.3600,1.799975
FILLER_0_8_105,VPWR,li1,54.0500,35.3600,1.799975
FILLER_0_8_97,VPWR,li1,51.9800,35.3600,1.799975
FILLER_0_8_85,VPWR,li1,47.3800,35.3600,1.799974
FILLER_0_8_83,VPWR,li1,43.9300,35.3600,1.799975
FILLER_0_8_65,VPWR,li1,38.1800,35.3600,1.799970
FILLER_0_8_41,VPWR,li1,25.3000,35.3600,1.799977
FILLER_0_8_29,VPWR,li1,21.6200,35.3600,1.799976
FILLER_0_8_27,VPWR,li1,18.1700,35.3600,1.799975
FILLER_0_8_21,VPWR,li1,16.5600,35.3600,1.799975
FILLER_0_8_9,VPWR,li1,12.4200,35.3600,1.799974
FILLER_0_7_125,VPWR,li1,63.4800,29.9200,1.799899
FILLER_0_7_113,VPWR,li1,60.2600,29.9200,1.799899
FILLER_0_7_109,VPWR,li1,56.3500,29.9200,1.799887
FILLER_0_7_97,VPWR,li1,52.9000,29.9200,1.799874
FILLER_0_7_85,VPWR,li1,47.3800,29.9200,1.799865
FILLER_0_7_73,VPWR,li1,41.8600,29.9200,1.799914
FILLER_0_7_46,VPWR,li1,27.1400,29.9200,1.799940
FILLER_0_7_21,VPWR,li1,17.0200,29.9200,1.799939
FILLER_0_7_3,VPWR,li1,7.3600,29.9200,1.799932
FILLER_0_6_126,VPWR,li1,63.7100,29.9200,1.799899
FILLER_0_6_109,VPWR,li1,55.8900,29.9200,1.799887
FILLER_0_6_105,VPWR,li1,54.7400,29.9200,1.799887
FILLER_0_6_73,VPWR,li1,40.0200,29.9200,1.799918
FILLER_0_6_58,VPWR,li1,32.6600,29.9200,1.799935
FILLER_0_6_33,VPWR,li1,20.9300,29.9200,1.799936
FILLER_0_6_29,VPWR,li1,19.7800,29.9200,1.799938
FILLER_0_6_20,VPWR,li1,16.5600,29.9200,1.799939
FILLER_0_6_3,VPWR,li1,7.1300,29.9200,1.799932
FILLER_0_5_125,VPWR,li1,63.4800,24.4800,1.799976
FILLER_0_5_113,VPWR,li1,60.2600,24.4800,1.799976
FILLER_0_5_110,VPWR,li1,56.5800,24.4800,1.799976
FILLER_0_5_102,VPWR,li1,54.2800,24.4800,1.799967
FILLER_0_5_85,VPWR,li1,44.8500,24.4800,1.799954
FILLER_0_5_73,VPWR,li1,41.8600,24.4800,1.799954
FILLER_0_5_62,VPWR,li1,34.5000,24.4800,1.799915
FILLER_0_5_33,VPWR,li1,21.3900,24.4800,1.799901
FILLER_0_5_9,VPWR,li1,11.5000,24.4800,1.799920
FILLER_0_4_121,VPWR,li1,62.5600,24.4800,1.799976
FILLER_0_4_109,VPWR,li1,58.4200,24.4800,1.799976
FILLER_0_4_97,VPWR,li1,52.9000,24.4800,1.799967
FILLER_0_4_85,VPWR,li1,47.3800,24.4800,1.799954
FILLER_0_4_72,VPWR,li1,41.4000,24.4800,1.799954
FILLER_0_4_60,VPWR,li1,35.8800,24.4800,1.799926
FILLER_0_4_48,VPWR,li1,30.3600,24.4800,1.799905
FILLER_0_4_37,VPWR,li1,22.7700,24.4800,1.799897
FILLER_0_4_29,VPWR,li1,20.7000,24.4800,1.799901
FILLER_0_4_20,VPWR,li1,16.5600,24.4800,1.799910
FILLER_0_4_3,VPWR,li1,7.1300,24.4800,1.799920
FILLER_0_3_125,VPWR,li1,63.4800,19.0400,1.799980
FILLER_0_3_113,VPWR,li1,60.2600,19.0400,1.799980
FILLER_0_3_111,VPWR,li1,56.8100,19.0400,1.799980
FILLER_0_3_105,VPWR,li1,55.2000,19.0400,1.799976
FILLER_0_3_93,VPWR,li1,51.0600,19.0400,1.799978
FILLER_0_3_81,VPWR,li1,45.5400,19.0400,1.799980
FILLER_0_3_69,VPWR,li1,40.0200,19.0400,1.799978
FILLER_0_3_57,VPWR,li1,34.5000,19.0400,1.799970
FILLER_0_3_55,VPWR,li1,31.0500,19.0400,1.799964
FILLER_0_3_51,VPWR,li1,29.9000,19.0400,1.799964
FILLER_0_3_34,VPWR,li1,21.3900,19.0400,1.799947
FILLER_0_3_26,VPWR,li1,19.3200,19.0400,1.799946
FILLER_0_3_9,VPWR,li1,9.8900,19.0400,1.799949
FILLER_0_2_115,VPWR,li1,61.1800,19.0400,1.799980
FILLER_0_2_97,VPWR,li1,50.6000,19.0400,1.799978
FILLER_0_2_85,VPWR,li1,47.3800,19.0400,1.799979
FILLER_0_2_83,VPWR,li1,43.9300,19.0400,1.799982
FILLER_0_2_71,VPWR,li1,40.9400,19.0400,1.799978
FILLER_0_2_37,VPWR,li1,22.7700,19.0400,1.799947
FILLER_0_2_29,VPWR,li1,20.7000,19.0400,1.799947
FILLER_0_1_125,VPWR,li1,63.4800,13.6000,1.799979
FILLER_0_1_113,VPWR,li1,60.2600,13.6000,1.799979
FILLER_0_1_108,VPWR,li1,56.1200,13.6000,1.799974
FILLER_0_1_96,VPWR,li1,52.4400,13.6000,1.799966
FILLER_0_1_63,VPWR,li1,34.7300,13.6000,1.799940
FILLER_0_1_57,VPWR,li1,33.1200,13.6000,1.799940
FILLER_0_1_55,VPWR,li1,31.0500,13.6000,1.799942
FILLER_0_1_36,VPWR,li1,22.7700,13.6000,1.799938
FILLER_0_1_19,VPWR,li1,14.4900,13.6000,1.799950
FILLER_0_0_118,VPWR,li1,60.4900,13.6000,1.799979
FILLER_0_0_113,VPWR,li1,57.9600,13.6000,1.799979
FILLER_0_0_109,VPWR,li1,56.3500,13.6000,1.799974
FILLER_0_0_100,VPWR,li1,52.9000,13.6000,1.799970
FILLER_0_0_91,VPWR,li1,48.7600,13.6000,1.799961
FILLER_0_0_83,VPWR,li1,43.9300,13.6000,1.799955
FILLER_0_0_60,VPWR,li1,33.3500,13.6000,1.799940
FILLER_0_0_55,VPWR,li1,31.0500,13.6000,1.799942
FILLER_0_0_50,VPWR,li1,28.9800,13.6000,1.799943
FILLER_0_0_29,VPWR,li1,19.0900,13.6000,1.799938
rebuffer8,VPWR,li1,24.1500,51.6800,1.799970
rebuffer7,VPWR,li1,31.2800,51.6800,1.799974
rebuffer6,VPWR,li1,36.1100,46.2400,1.799970
rebuffer5,VPWR,li1,34.7300,29.9200,1.799929
rebuffer4,VPWR,li1,29.2100,35.3600,1.799978
rebuffer3,VPWR,li1,16.7900,46.2400,1.799971
rebuffer2,VPWR,li1,22.3100,40.8000,1.799943
rebuffer1,VPWR,li1,20.2400,46.2400,1.799971
clkload2,VPWR,li1,42.7800,62.5600,1.799952
clkload1,VPWR,li1,29.4400,57.1200,1.799756
clkload0,VPWR,li1,42.5500,29.9200,1.799914
clkbuf_2_3__f_clk,VPWR,li1,46.4600,57.1200,1.799798
clkbuf_2_2__f_clk,VPWR,li1,26.6800,57.1200,1.799788
clkbuf_2_1__f_clk,VPWR,li1,49.2200,29.9200,1.799848
clkbuf_2_0__f_clk,VPWR,li1,26.6800,24.4800,1.799890
clkbuf_0_clk,VPWR,li1,40.0200,40.8000,1.799867
output50,VPWR,li1,7.5900,40.8000,1.799949
output49,VPWR,li1,7.5900,35.3600,1.799964
output48,VPWR,li1,8.9700,35.3600,1.799964
output47,VPWR,li1,7.5900,24.4800,1.799920
output46,VPWR,li1,8.9700,24.4800,1.799920
output45,VPWR,li1,7.5900,19.0400,1.799948
output44,VPWR,li1,7.5900,19.0400,1.799948
output43,VPWR,li1,8.9700,19.0400,1.799949
output42,VPWR,li1,8.9700,62.5600,1.799942
output41,VPWR,li1,7.5900,68.0000,1.799929
output40,VPWR,li1,7.5900,62.5600,1.799942
output39,VPWR,li1,7.5900,57.1200,1.799886
output38,VPWR,li1,7.5900,51.6800,1.799961
output37,VPWR,li1,8.9700,51.6800,1.799961
output36,VPWR,li1,7.5900,46.2400,1.799965
output35,VPWR,li1,8.9700,19.0400,1.799949
output34,VPWR,li1,17.7100,68.0000,1.799934
input33,VPWR,li1,63.2500,62.5600,1.799965
input32,VPWR,li1,35.6500,13.6000,1.799939
input31,VPWR,li1,34.2700,13.6000,1.799940
input30,VPWR,li1,30.1300,13.6000,1.799943
input29,VPWR,li1,32.4300,13.6000,1.799942
input28,VPWR,li1,20.0100,13.6000,1.799938
input27,VPWR,li1,17.7100,13.6000,1.799938
input26,VPWR,li1,14.9500,13.6000,1.799945
input25,VPWR,li1,16.3300,13.6000,1.799945
input24,VPWR,li1,61.8700,13.6000,1.799979
input23,VPWR,li1,63.2500,13.6000,1.799979
input22,VPWR,li1,59.1100,13.6000,1.799979
input21,VPWR,li1,54.9700,13.6000,1.799974
input20,VPWR,li1,50.8300,13.6000,1.799966
input19,VPWR,li1,46.6900,13.6000,1.799954
input18,VPWR,li1,45.3100,13.6000,1.799954
input17,VPWR,li1,10.3500,19.0400,1.799949
input16,VPWR,li1,38.4100,68.0000,1.799957
input15,VPWR,li1,34.2700,68.0000,1.799949
input14,VPWR,li1,30.1300,68.0000,1.799946
input13,VPWR,li1,32.4300,68.0000,1.799945
input12,VPWR,li1,20.4700,68.0000,1.799933
input11,VPWR,li1,16.3300,68.0000,1.799936
input10,VPWR,li1,10.3500,68.0000,1.799930
input9,VPWR,li1,8.9700,68.0000,1.799930
input8,VPWR,li1,61.8700,68.0000,1.799967
input7,VPWR,li1,63.2500,68.0000,1.799967
input6,VPWR,li1,59.1100,68.0000,1.799967
input5,VPWR,li1,54.9700,68.0000,1.799965
input4,VPWR,li1,50.8300,68.0000,1.799962
input3,VPWR,li1,46.6900,68.0000,1.799959
input2,VPWR,li1,42.5500,68.0000,1.799965
input1,VPWR,li1,14.9500,68.0000,1.799936
TAP_TAPCELL_ROW_21_91,VPWR,li1,57.2700,68.3060,1.799967
TAP_TAPCELL_ROW_21_90,VPWR,li1,44.3900,68.3060,1.799962
TAP_TAPCELL_ROW_21_89,VPWR,li1,31.5100,68.3060,1.799946
TAP_TAPCELL_ROW_21_88,VPWR,li1,18.6300,68.3060,1.799934
TAP_TAPCELL_ROW_20_87,VPWR,li1,44.3900,67.6930,1.799962
TAP_TAPCELL_ROW_20_86,VPWR,li1,18.6300,67.6930,1.799934
TAP_TAPCELL_ROW_19_85,VPWR,li1,57.2700,62.8660,1.799957
TAP_TAPCELL_ROW_19_84,VPWR,li1,31.5100,62.8660,1.799946
TAP_TAPCELL_ROW_18_83,VPWR,li1,44.3900,62.2530,1.799957
TAP_TAPCELL_ROW_18_82,VPWR,li1,18.6300,62.2530,1.799943
TAP_TAPCELL_ROW_17_81,VPWR,li1,57.2700,57.4260,1.799895
TAP_TAPCELL_ROW_17_80,VPWR,li1,31.5100,57.4260,1.799762
TAP_TAPCELL_ROW_16_79,VPWR,li1,44.3900,56.8130,1.799821
TAP_TAPCELL_ROW_16_78,VPWR,li1,18.6300,56.8130,1.799853
TAP_TAPCELL_ROW_15_77,VPWR,li1,57.2700,51.9860,1.799969
TAP_TAPCELL_ROW_15_76,VPWR,li1,31.5100,51.9860,1.799974
TAP_TAPCELL_ROW_14_75,VPWR,li1,44.3900,51.3730,1.799975
TAP_TAPCELL_ROW_14_74,VPWR,li1,18.6300,51.3730,1.799966
TAP_TAPCELL_ROW_13_73,VPWR,li1,57.2700,46.5460,1.799978
TAP_TAPCELL_ROW_13_72,VPWR,li1,31.5100,46.5460,1.799974
TAP_TAPCELL_ROW_12_71,VPWR,li1,44.3900,45.9330,1.799970
TAP_TAPCELL_ROW_12_70,VPWR,li1,18.6300,45.9330,1.799971
TAP_TAPCELL_ROW_11_69,VPWR,li1,57.2700,41.1060,1.799934
TAP_TAPCELL_ROW_11_68,VPWR,li1,31.5100,41.1060,1.799917
TAP_TAPCELL_ROW_10_67,VPWR,li1,44.3900,40.4930,1.799900
TAP_TAPCELL_ROW_10_66,VPWR,li1,18.6300,40.4930,1.799947
TAP_TAPCELL_ROW_9_65,VPWR,li1,57.2700,35.6660,1.799975
TAP_TAPCELL_ROW_9_64,VPWR,li1,31.5100,35.6660,1.799975
TAP_TAPCELL_ROW_8_63,VPWR,li1,44.3900,35.0530,1.799975
TAP_TAPCELL_ROW_8_62,VPWR,li1,18.6300,35.0530,1.799976
TAP_TAPCELL_ROW_7_61,VPWR,li1,57.2700,30.2260,1.799905
TAP_TAPCELL_ROW_7_60,VPWR,li1,31.5100,30.2260,1.799935
TAP_TAPCELL_ROW_6_59,VPWR,li1,44.3900,29.6130,1.799892
TAP_TAPCELL_ROW_6_58,VPWR,li1,18.6300,29.6130,1.799938
TAP_TAPCELL_ROW_5_57,VPWR,li1,57.2700,24.7860,1.799976
TAP_TAPCELL_ROW_5_56,VPWR,li1,31.5100,24.7860,1.799905
TAP_TAPCELL_ROW_4_55,VPWR,li1,44.3900,24.1730,1.799954
TAP_TAPCELL_ROW_4_54,VPWR,li1,18.6300,24.1730,1.799905
TAP_TAPCELL_ROW_3_53,VPWR,li1,57.2700,19.3460,1.799980
TAP_TAPCELL_ROW_3_52,VPWR,li1,31.5100,19.3460,1.799964
TAP_TAPCELL_ROW_2_51,VPWR,li1,44.3900,18.7330,1.799982
TAP_TAPCELL_ROW_2_50,VPWR,li1,18.6300,18.7330,1.799946
TAP_TAPCELL_ROW_1_49,VPWR,li1,57.2700,13.9060,1.799979
TAP_TAPCELL_ROW_1_48,VPWR,li1,31.5100,13.9060,1.799942
TAP_TAPCELL_ROW_0_47,VPWR,li1,57.2700,13.2930,1.799979
TAP_TAPCELL_ROW_0_46,VPWR,li1,44.3900,13.2930,1.799955
TAP_TAPCELL_ROW_0_45,VPWR,li1,31.5100,13.2930,1.799942
TAP_TAPCELL_ROW_0_44,VPWR,li1,18.6300,13.2930,1.799938
PHY_EDGE_ROW_21_Left_43,VPWR,li1,6.2100,68.0000,1.799929
PHY_EDGE_ROW_20_Left_42,VPWR,li1,6.2100,68.0000,1.799929
PHY_EDGE_ROW_19_Left_41,VPWR,li1,6.2100,62.5600,1.799942
PHY_EDGE_ROW_18_Left_40,VPWR,li1,6.2100,62.5600,1.799942
PHY_EDGE_ROW_17_Left_39,VPWR,li1,6.2100,57.1200,1.799886
PHY_EDGE_ROW_16_Left_38,VPWR,li1,6.2100,57.1200,1.799886
PHY_EDGE_ROW_15_Left_37,VPWR,li1,6.2100,51.6800,1.799961
PHY_EDGE_ROW_14_Left_36,VPWR,li1,6.2100,51.6800,1.799961
PHY_EDGE_ROW_13_Left_35,VPWR,li1,6.2100,46.2400,1.799965
PHY_EDGE_ROW_12_Left_34,VPWR,li1,6.2100,46.2400,1.799965
PHY_EDGE_ROW_11_Left_33,VPWR,li1,6.2100,40.8000,1.799949
PHY_EDGE_ROW_10_Left_32,VPWR,li1,6.2100,40.8000,1.799949
PHY_EDGE_ROW_9_Left_31,VPWR,li1,6.2100,35.3600,1.799964
PHY_EDGE_ROW_8_Left_30,VPWR,li1,6.2100,35.3600,1.799964
PHY_EDGE_ROW_7_Left_29,VPWR,li1,6.2100,29.9200,1.799932
PHY_EDGE_ROW_6_Left_28,VPWR,li1,6.2100,29.9200,1.799932
PHY_EDGE_ROW_5_Left_27,VPWR,li1,6.2100,24.4800,1.799920
PHY_EDGE_ROW_4_Left_26,VPWR,li1,6.2100,24.4800,1.799920
PHY_EDGE_ROW_3_Left_25,VPWR,li1,6.2100,19.0400,1.799948
PHY_EDGE_ROW_2_Left_24,VPWR,li1,6.2100,19.0400,1.799948
PHY_EDGE_ROW_1_Left_23,VPWR,li1,6.2100,13.6000,1.799944
PHY_EDGE_ROW_0_Left_22,VPWR,li1,6.2100,13.6000,1.799944
PHY_EDGE_ROW_21_Right_21,VPWR,li1,64.6300,68.0000,1.799967
PHY_EDGE_ROW_20_Right_20,VPWR,li1,64.6300,68.0000,1.799967
PHY_EDGE_ROW_19_Right_19,VPWR,li1,64.6300,62.5600,1.799965
PHY_EDGE_ROW_18_Right_18,VPWR,li1,64.6300,62.5600,1.799965
PHY_EDGE_ROW_17_Right_17,VPWR,li1,64.6300,57.1200,1.799895
PHY_EDGE_ROW_16_Right_16,VPWR,li1,64.6300,57.1200,1.799895
PHY_EDGE_ROW_15_Right_15,VPWR,li1,64.6300,51.6800,1.799962
PHY_EDGE_ROW_14_Right_14,VPWR,li1,64.6300,51.6800,1.799962
PHY_EDGE_ROW_13_Right_13,VPWR,li1,64.6300,46.2400,1.799975
PHY_EDGE_ROW_12_Right_12,VPWR,li1,64.6300,46.2400,1.799975
PHY_EDGE_ROW_11_Right_11,VPWR,li1,64.6300,40.8000,1.799937
PHY_EDGE_ROW_10_Right_10,VPWR,li1,64.6300,40.8000,1.799937
PHY_EDGE_ROW_9_Right_9,VPWR,li1,64.6300,35.3600,1.799975
PHY_EDGE_ROW_8_Right_8,VPWR,li1,64.6300,35.3600,1.799975
PHY_EDGE_ROW_7_Right_7,VPWR,li1,64.6300,29.9200,1.799899
PHY_EDGE_ROW_6_Right_6,VPWR,li1,64.6300,29.9200,1.799899
PHY_EDGE_ROW_5_Right_5,VPWR,li1,64.6300,24.4800,1.799976
PHY_EDGE_ROW_4_Right_4,VPWR,li1,64.6300,24.4800,1.799976
PHY_EDGE_ROW_3_Right_3,VPWR,li1,64.6300,19.0400,1.799980
PHY_EDGE_ROW_2_Right_2,VPWR,li1,64.6300,19.0400,1.799980
PHY_EDGE_ROW_1_Right_1,VPWR,li1,64.6300,13.6000,1.799979
PHY_EDGE_ROW_0_Right_0,VPWR,li1,64.6300,13.6000,1.799979
_204_,VPWR,li1,27.6000,62.5600,1.799946
_203_,VPWR,li1,59.8000,29.9200,1.799899
_202_,VPWR,li1,59.8000,40.8000,1.799937
_201_,VPWR,li1,57.9600,35.3600,1.799975
_200_,VPWR,li1,54.7400,19.0400,1.799976
_199_,VPWR,li1,48.7600,24.4800,1.799954
_198_,VPWR,li1,46.0000,13.6000,1.799954
_197_,VPWR,li1,38.6400,13.6000,1.799937
_196_,VPWR,li1,40.0200,13.6000,1.799937
_195_,VPWR,li1,34.5000,19.0400,1.799970
_194_,VPWR,li1,26.9100,19.0400,1.799947
_193_,VPWR,li1,27.1400,13.6000,1.799944
_192_,VPWR,li1,24.6100,13.6000,1.799938
_191_,VPWR,li1,18.4000,13.6000,1.799938
_190_,VPWR,li1,14.7200,19.0400,1.799946
_189_,VPWR,li1,11.0400,29.9200,1.799932
_188_,VPWR,li1,10.8100,46.2400,1.799966
_187_,VPWR,li1,59.8000,51.6800,1.799963
_186_,VPWR,li1,53.3600,57.1200,1.799860
_185_,VPWR,li1,57.5000,68.0000,1.799967
_184_,VPWR,li1,55.6600,62.5600,1.799957
_183_,VPWR,li1,48.3000,62.5600,1.799950
_182_,VPWR,li1,48.3000,68.0000,1.799958
_181_,VPWR,li1,40.4800,68.0000,1.799961
_180_,VPWR,li1,39.1000,62.5600,1.799946
_179_,VPWR,li1,32.2000,68.0000,1.799945
_178_,VPWR,li1,27.3700,62.5600,1.799946
_177_,VPWR,li1,24.8400,68.0000,1.799931
_176_,VPWR,li1,22.7700,29.9200,1.799935
_175_,VPWR,li1,17.9400,62.5600,1.799943
_174_,VPWR,li1,14.7200,68.0000,1.799936
_173_,VPWR,li1,10.5800,62.5600,1.799942
_172_,VPWR,li1,10.8100,51.6800,1.799962
_171_,VPWR,li1,10.5800,68.0000,1.799930
_170_,VPWR,li1,24.3800,68.0000,1.799931
_169_,VPWR,li1,48.3000,62.5600,1.799950
_168_,VPWR,li1,38.1800,57.1200,1.799782
_167_,VPWR,li1,39.5600,57.1200,1.799782
_166_,VPWR,li1,10.5800,57.1200,1.799887
_165_,VPWR,li1,41.8600,46.2400,1.799970
_164_,VPWR,li1,10.5800,40.8000,1.799949
_163_,VPWR,li1,40.0200,35.3600,1.799969
_162_,VPWR,li1,10.5800,35.3600,1.799964
_161_,VPWR,li1,11.5000,29.9200,1.799932
_160_,VPWR,li1,11.0400,24.4800,1.799920
_159_,VPWR,li1,17.0200,24.4800,1.799910
_158_,VPWR,li1,25.3000,19.0400,1.799947
_157_,VPWR,li1,10.5800,13.6000,1.799944
_156_,VPWR,li1,13.8000,19.0400,1.799950
_155_,VPWR,li1,10.5800,13.6000,1.799944
_154_,VPWR,li1,21.3900,57.1200,1.799838
_153_,VPWR,li1,28.5200,51.6800,1.799976
_152_,VPWR,li1,36.3400,51.6800,1.799973
_151_,VPWR,li1,37.2600,51.6800,1.799974
_150_,VPWR,li1,59.3400,46.2400,1.799976
_149_,VPWR,li1,33.3500,51.6800,1.799973
_148_,VPWR,li1,25.5300,51.6800,1.799973
_147_,VPWR,li1,52.6700,46.2400,1.799973
_146_,VPWR,li1,55.4300,46.2400,1.799975
_145_,VPWR,li1,62.3300,46.2400,1.799975
_144_,VPWR,li1,60.0300,51.6800,1.799963
_143_,VPWR,li1,62.3300,51.6800,1.799962
_142_,VPWR,li1,38.4100,51.6800,1.799974
_141_,VPWR,li1,55.4300,51.6800,1.799968
_140_,VPWR,li1,58.8800,57.1200,1.799895
_139_,VPWR,li1,52.9000,46.2400,1.799973
_138_,VPWR,li1,45.3100,57.1200,1.799798
_137_,VPWR,li1,49.4500,51.6800,1.799970
_136_,VPWR,li1,58.4200,57.1200,1.799895
_135_,VPWR,li1,50.1400,51.6800,1.799970
_134_,VPWR,li1,62.7900,46.2400,1.799975
_133_,VPWR,li1,55.6600,46.2400,1.799975
_132_,VPWR,li1,60.4900,46.2400,1.799976
_131_,VPWR,li1,52.4400,51.6800,1.799968
_130_,VPWR,li1,53.3600,51.6800,1.799968
_129_,VPWR,li1,15.4100,51.6800,1.799966
_128_,VPWR,li1,34.0400,51.6800,1.799973
_127_,VPWR,li1,37.0300,46.2400,1.799970
_126_,VPWR,li1,46.4600,46.2400,1.799970
_125_,VPWR,li1,46.6900,40.8000,1.799907
_124_,VPWR,li1,48.9900,46.2400,1.799970
_123_,VPWR,li1,54.0500,40.8000,1.799927
_122_,VPWR,li1,48.7600,40.8000,1.799913
_121_,VPWR,li1,42.5500,46.2400,1.799970
_120_,VPWR,li1,53.5900,40.8000,1.799927
_119_,VPWR,li1,46.0000,40.8000,1.799907
_118_,VPWR,li1,51.2900,40.8000,1.799919
_117_,VPWR,li1,40.0200,40.8000,1.799867
_116_,VPWR,li1,43.2400,40.8000,1.799900
_115_,VPWR,li1,50.8300,40.8000,1.799919
_114_,VPWR,li1,47.6100,35.3600,1.799974
_113_,VPWR,li1,45.3100,35.3600,1.799974
_112_,VPWR,li1,38.1800,40.8000,1.799883
_111_,VPWR,li1,43.0100,35.3600,1.799975
_110_,VPWR,li1,41.6300,35.3600,1.799969
_109_,VPWR,li1,33.5800,46.2400,1.799971
_108_,VPWR,li1,28.7500,46.2400,1.799977
_107_,VPWR,li1,28.9800,40.8000,1.799928
_106_,VPWR,li1,21.1600,51.6800,1.799968
_105_,VPWR,li1,34.7300,35.3600,1.799972
_104_,VPWR,li1,29.4400,29.9200,1.799946
_103_,VPWR,li1,37.7200,29.9200,1.799922
_102_,VPWR,li1,30.1300,46.2400,1.799974
_101_,VPWR,li1,29.6700,29.9200,1.799940
_100_,VPWR,li1,32.4300,35.3600,1.799975
_099_,VPWR,li1,37.4900,29.9200,1.799922
_098_,VPWR,li1,29.4400,35.3600,1.799978
_097_,VPWR,li1,33.8100,29.9200,1.799929
_096_,VPWR,li1,26.6800,24.4800,1.799890
_095_,VPWR,li1,38.1800,24.4800,1.799939
_094_,VPWR,li1,32.8900,24.4800,1.799915
_093_,VPWR,li1,36.1100,24.4800,1.799926
_092_,VPWR,li1,25.5300,29.9200,1.799940
_091_,VPWR,li1,26.9100,35.3600,1.799977
_090_,VPWR,li1,24.3800,24.4800,1.799897
_089_,VPWR,li1,22.5400,29.9200,1.799936
_088_,VPWR,li1,25.7600,40.8000,1.799940
_087_,VPWR,li1,33.1200,40.8000,1.799904
_086_,VPWR,li1,19.0900,51.6800,1.799966
_085_,VPWR,li1,23.9200,46.2400,1.799974
_084_,VPWR,li1,21.6200,57.1200,1.799838
_083_,VPWR,li1,22.3100,40.8000,1.799943
_082_,VPWR,li1,25.0700,40.8000,1.799940
_081_,VPWR,li1,14.0300,46.2400,1.799971
_080_,VPWR,li1,24.6100,46.2400,1.799974
_079_,VPWR,li1,18.8600,40.8000,1.799947
_078_,VPWR,li1,20.9300,46.2400,1.799972
_077_,VPWR,li1,26.9100,40.8000,1.799940
_076_,VPWR,li1,16.5600,40.8000,1.799950
_075_,VPWR,li1,17.7100,51.6800,1.799966
_074_,VPWR,li1,20.9300,51.6800,1.799968
_073_,VPWR,li1,15.4100,40.8000,1.799953
_072_,VPWR,li1,14.9500,51.6800,1.799966
_071_,VPWR,li1,17.4800,51.6800,1.799966
_070_,VPWR,li1,12.6500,51.6800,1.799967
_069_,VPWR,li1,11.2700,51.6800,1.799962
