
Circuit 1 cell sky130_fd_pr__nfet_01v8 and Circuit 2 cell sky130_fd_pr__nfet_01v8 are black boxes.
Warning: Equate pins:  cell sky130_fd_pr__nfet_01v8 is a placeholder, treated as a black box.
Warning: Equate pins:  cell sky130_fd_pr__nfet_01v8 is a placeholder, treated as a black box.

Subcircuit pins:
Circuit 1: sky130_fd_pr__nfet_01v8         |Circuit 2: sky130_fd_pr__nfet_01v8         
-------------------------------------------|-------------------------------------------
1                                          |1                                          
2                                          |2                                          
3                                          |3                                          
4                                          |4                                          
---------------------------------------------------------------------------------------
Cell pin lists are equivalent.
Device classes sky130_fd_pr__nfet_01v8 and sky130_fd_pr__nfet_01v8 are equivalent.

Circuit 1 cell sky130_fd_pr__pfet_01v8 and Circuit 2 cell sky130_fd_pr__pfet_01v8 are black boxes.
Warning: Equate pins:  cell sky130_fd_pr__pfet_01v8 is a placeholder, treated as a black box.
Warning: Equate pins:  cell sky130_fd_pr__pfet_01v8 is a placeholder, treated as a black box.

Subcircuit pins:
Circuit 1: sky130_fd_pr__pfet_01v8         |Circuit 2: sky130_fd_pr__pfet_01v8         
-------------------------------------------|-------------------------------------------
1                                          |1                                          
2                                          |2                                          
3                                          |3                                          
4                                          |4                                          
---------------------------------------------------------------------------------------
Cell pin lists are equivalent.
Device classes sky130_fd_pr__pfet_01v8 and sky130_fd_pr__pfet_01v8 are equivalent.

Class fa (1):  Merged 18 parallel devices.
Subcircuit summary:
Circuit 1: fa                              |Circuit 2: fa                              
-------------------------------------------|-------------------------------------------
sky130_fd_pr__nfet_01v8 (12)               |sky130_fd_pr__nfet_01v8 (21->12)           
sky130_fd_pr__pfet_01v8 (12)               |sky130_fd_pr__pfet_01v8 (21->12)           
Number of devices: 24                      |Number of devices: 24                      
Number of nets: 17                         |Number of nets: 17                         
---------------------------------------------------------------------------------------
Netlists match uniquely.

Subcircuit pins:
Circuit 1: fa                              |Circuit 2: fa                              
-------------------------------------------|-------------------------------------------
sum_n                                      |sum_n                                      
cout_n                                     |cout_n                                     
cin                                        |cin                                        
DVDD                                       |DVDD                                       
DGND                                       |DGND                                       
b                                          |b                                          
a                                          |a                                          
---------------------------------------------------------------------------------------
Cell pin lists are equivalent.
Device classes fa and fa are equivalent.

Final result: Circuits match uniquely.
.
