
===========================================================================
 report_power
============================================================================
======================= Fastest Corner ===================================

Group                  Internal  Switching    Leakage      Total
                          Power      Power      Power      Power (Watts)
----------------------------------------------------------------
Sequential             1.14e-03   5.85e-05   7.51e-10   1.20e-03  46.5%
Combinational          1.73e-04   1.77e-04   8.76e-10   3.50e-04  13.6%
Clock                  6.22e-04   4.06e-04   9.01e-10   1.03e-03  39.9%
Macro                  0.00e+00   0.00e+00   0.00e+00   0.00e+00   0.0%
Pad                    0.00e+00   0.00e+00   0.00e+00   0.00e+00   0.0%
----------------------------------------------------------------
Total                  1.94e-03   6.42e-04   2.53e-09   2.58e-03 100.0%
                          75.1%      24.9%       0.0%

======================= Slowest Corner ===================================

Group                  Internal  Switching    Leakage      Total
                          Power      Power      Power      Power (Watts)
----------------------------------------------------------------
Sequential             7.65e-04   3.87e-05   7.38e-07   8.04e-04  45.7%
Combinational          1.30e-04   1.17e-04   9.63e-07   2.49e-04  14.1%
Clock                  4.48e-04   2.60e-04   1.34e-07   7.08e-04  40.2%
Macro                  0.00e+00   0.00e+00   0.00e+00   0.00e+00   0.0%
Pad                    0.00e+00   0.00e+00   0.00e+00   0.00e+00   0.0%
----------------------------------------------------------------
Total                  1.34e-03   4.16e-04   1.83e-06   1.76e-03 100.0%
                          76.3%      23.6%       0.1%

======================= Typical Corner ===================================

Group                  Internal  Switching    Leakage      Total
                          Power      Power      Power      Power (Watts)
----------------------------------------------------------------
Sequential             9.84e-04   4.94e-05   4.22e-10   1.03e-03  46.4%
Combinational          1.59e-04   1.49e-04   6.42e-10   3.08e-04  13.8%
Clock                  5.45e-04   3.41e-04   5.50e-10   8.86e-04  39.8%
Macro                  0.00e+00   0.00e+00   0.00e+00   0.00e+00   0.0%
Pad                    0.00e+00   0.00e+00   0.00e+00   0.00e+00   0.0%
----------------------------------------------------------------
Total                  1.69e-03   5.40e-04   1.61e-09   2.23e-03 100.0%
                          75.8%      24.2%       0.0%

