
Circuit 1 cell sky130_fd_pr__nfet_01v8 and Circuit 2 cell sky130_fd_pr__nfet_01v8 are black boxes.
Warning: Equate pins:  cell sky130_fd_pr__nfet_01v8 is a placeholder, treated as a black box.
Warning: Equate pins:  cell sky130_fd_pr__nfet_01v8 is a placeholder, treated as a black box.

Subcircuit pins:
Circuit 1: sky130_fd_pr__nfet_01v8         |Circuit 2: sky130_fd_pr__nfet_01v8         
-------------------------------------------|-------------------------------------------
1                                          |1                                          
2                                          |2                                          
3                                          |3                                          
4                                          |4                                          
---------------------------------------------------------------------------------------
Cell pin lists are equivalent.
Device classes sky130_fd_pr__nfet_01v8 and sky130_fd_pr__nfet_01v8 are equivalent.

Circuit 1 cell sky130_fd_pr__pfet_01v8 and Circuit 2 cell sky130_fd_pr__pfet_01v8 are black boxes.
Warning: Equate pins:  cell sky130_fd_pr__pfet_01v8 is a placeholder, treated as a black box.
Warning: Equate pins:  cell sky130_fd_pr__pfet_01v8 is a placeholder, treated as a black box.

Subcircuit pins:
Circuit 1: sky130_fd_pr__pfet_01v8         |Circuit 2: sky130_fd_pr__pfet_01v8         
-------------------------------------------|-------------------------------------------
1                                          |1                                          
2                                          |2                                          
3                                          |3                                          
4                                          |4                                          
---------------------------------------------------------------------------------------
Cell pin lists are equivalent.
Device classes sky130_fd_pr__pfet_01v8 and sky130_fd_pr__pfet_01v8 are equivalent.

Class fa (1):  Merged 2 parallel devices.
Subcircuit summary:
Circuit 1: fa                              |Circuit 2: fa                              
-------------------------------------------|-------------------------------------------
sky130_fd_pr__nfet_01v8 (12)               |sky130_fd_pr__nfet_01v8 (26->25) **Mismatc 
sky130_fd_pr__pfet_01v8 (12)               |sky130_fd_pr__pfet_01v8 (26->25) **Mismatc 
Number of devices: 24 **Mismatch**         |Number of devices: 50 **Mismatch**         
Number of nets: 17 **Mismatch**            |Number of nets: 43 **Mismatch**            
---------------------------------------------------------------------------------------
NET mismatches: Class fragments follow (with fanout counts):
Circuit 1: fa                              |Circuit 2: fa                              

---------------------------------------------------------------------------------------
Net: a                                     |Net: a                                     
  sky130_fd_pr__pfet_01v8/2 = 4            |  sky130_fd_pr__pfet_01v8/2 = 11           
  sky130_fd_pr__nfet_01v8/2 = 4            |  sky130_fd_pr__nfet_01v8/2 = 11           
                                           |                                           
Net: b                                     |Net: b                                     
  sky130_fd_pr__nfet_01v8/2 = 4            |  sky130_fd_pr__nfet_01v8/2 = 10           
  sky130_fd_pr__pfet_01v8/2 = 4            |  sky130_fd_pr__pfet_01v8/2 = 10           
                                           |                                           
Net: DGND                                  |Net: DGND                                  
  sky130_fd_pr__nfet_01v8/4 = 12           |  sky130_fd_pr__nfet_01v8/4 = 25           
  sky130_fd_pr__nfet_01v8/(1|3) = 7        |  sky130_fd_pr__nfet_01v8/(1|3) = 8        
                                           |                                           
Net: DVDD                                  |Net: DVDD                                  
  sky130_fd_pr__pfet_01v8/4 = 12           |  sky130_fd_pr__pfet_01v8/4 = 25           
  sky130_fd_pr__pfet_01v8/(1|3) = 7        |  sky130_fd_pr__pfet_01v8/(1|3) = 8        
                                           |                                           
Net: net2                                  |Net: a_n1573_n118#                         
  sky130_fd_pr__nfet_01v8/(1|3) = 4        |  sky130_fd_pr__nfet_01v8/(1|3) = 2        
                                           |                                           
Net: net1                                  |Net: a_n1703_n118#                         
  sky130_fd_pr__pfet_01v8/(1|3) = 4        |  sky130_fd_pr__nfet_01v8/(1|3) = 2        
                                           |                                           
(no matching net)                          |Net: a_n49_n118#                           
                                           |  sky130_fd_pr__nfet_01v8/(1|3) = 2        
                                           |                                           
(no matching net)                          |Net: a_n139_n118#                          
                                           |  sky130_fd_pr__nfet_01v8/(1|3) = 2        
                                           |                                           
(no matching net)                          |Net: a_81_n118#                            
                                           |  sky130_fd_pr__nfet_01v8/(1|3) = 2        
                                           |                                           
(no matching net)                          |Net: a_n2713_n118#                         
                                           |  sky130_fd_pr__nfet_01v8/(1|3) = 2        
                                           |                                           
(no matching net)                          |Net: a_n1923_n118#                         
                                           |  sky130_fd_pr__nfet_01v8/(1|3) = 2        
                                           |                                           
(no matching net)                          |Net: a_n269_n118#                          
                                           |  sky130_fd_pr__nfet_01v8/(1|3) = 2        
                                           |                                           
(no matching net)                          |Net: a_n2183_n118#                         
                                           |  sky130_fd_pr__nfet_01v8/(1|3) = 2        
                                           |                                           
(no matching net)                          |Net: a_n1443_n118#                         
                                           |  sky130_fd_pr__nfet_01v8/(1|3) = 2        
                                           |                                           
(no matching net)                          |Net: a_n2583_n118#                         
                                           |  sky130_fd_pr__nfet_01v8/(1|3) = 2        
                                           |                                           
(no matching net)                          |Net: a_n669_210#                           
                                           |  sky130_fd_pr__pfet_01v8/(1|3) = 2        
                                           |                                           
(no matching net)                          |Net: a_81_210#                             
                                           |  sky130_fd_pr__pfet_01v8/(1|3) = 2        
                                           |                                           
(no matching net)                          |Net: a_n49_210#                            
                                           |  sky130_fd_pr__pfet_01v8/(1|3) = 2        
                                           |                                           
(no matching net)                          |Net: a_n1923_210#                          
                                           |  sky130_fd_pr__pfet_01v8/(1|3) = 2        
                                           |                                           
(no matching net)                          |Net: a_n2053_210#                          
                                           |  sky130_fd_pr__pfet_01v8/(1|3) = 2        
                                           |                                           
(no matching net)                          |Net: a_n1573_210#                          
                                           |  sky130_fd_pr__pfet_01v8/(1|3) = 2        
                                           |                                           
(no matching net)                          |Net: a_n1703_210#                          
                                           |  sky130_fd_pr__pfet_01v8/(1|3) = 2        
                                           |                                           
(no matching net)                          |Net: a_n139_210#                           
                                           |  sky130_fd_pr__pfet_01v8/(1|3) = 2        
                                           |                                           
(no matching net)                          |Net: a_n2713_210#                          
                                           |  sky130_fd_pr__pfet_01v8/(1|3) = 2        
                                           |                                           
(no matching net)                          |Net: a_n269_210#                           
                                           |  sky130_fd_pr__pfet_01v8/(1|3) = 2        
                                           |                                           
(no matching net)                          |Net: a_n2183_210#                          
                                           |  sky130_fd_pr__pfet_01v8/(1|3) = 2        
                                           |                                           
(no matching net)                          |Net: a_n1443_210#                          
                                           |  sky130_fd_pr__pfet_01v8/(1|3) = 2        
                                           |                                           
(no matching net)                          |Net: a_n2583_210#                          
                                           |  sky130_fd_pr__pfet_01v8/(1|3) = 2        
                                           |                                           
(no matching net)                          |Net: a_n2053_n118#                         
                                           |  sky130_fd_pr__nfet_01v8/(1|3) = 2        
                                           |                                           
(no matching net)                          |Net: a_n669_n118#                          
                                           |  sky130_fd_pr__nfet_01v8/(1|3) = 2        
                                           |                                           
(no matching net)                          |Net: a_n1109_n118#                         
                                           |  sky130_fd_pr__nfet_01v8/(1|3) = 3        
                                           |                                           
(no matching net)                          |Net: a_n1109_210#                          
                                           |  sky130_fd_pr__pfet_01v8/(1|3) = 3        
---------------------------------------------------------------------------------------
DEVICE mismatches: Class fragments follow (with node fanout counts):
Circuit 1: fa                              |Circuit 2: fa                              

---------------------------------------------------------------------------------------
Instance: sky130_fd_pr__nfet_01v8:M9       |Instance: sky130_fd_pr__nfet_01v8:4        
  (1,3) = (19,4)                           |  (1,3) = (2,2)                            
  2 = 8                                    |  2 = 22                                   
  4 = 19                                   |  4 = 33                                   
                                           |                                           
Instance: sky130_fd_pr__nfet_01v8:M10      |Instance: sky130_fd_pr__nfet_01v8:5        
  (1,3) = (19,4)                           |  (1,3) = (2,2)                            
  2 = 8                                    |  2 = 20                                   
  4 = 19                                   |  4 = 33                                   
                                           |                                           
Instance: sky130_fd_pr__pfet_01v8:M5       |Instance: sky130_fd_pr__nfet_01v8:6        
  (1,3) = (19,4)                           |  (1,3) = (2,2)                            
  2 = 8                                    |  2 = 22                                   
  4 = 19                                   |  4 = 33                                   
                                           |                                           
Instance: sky130_fd_pr__pfet_01v8:M6       |Instance: sky130_fd_pr__nfet_01v8:15       
  (1,3) = (19,4)                           |  (1,3) = (33,2)                           
  2 = 8                                    |  2 = 22                                   
  4 = 19                                   |  4 = 33                                   
                                           |                                           
(no matching instance)                     |Instance: sky130_fd_pr__nfet_01v8:19       
                                           |  (1,3) = (2,2)                            
                                           |  2 = 20                                   
                                           |  4 = 33                                   
                                           |                                           
                                           |                                           
(no matching instance)                     |Instance: sky130_fd_pr__nfet_01v8:23       
                                           |  (1,3) = (2,2)                            
                                           |  2 = 22                                   
                                           |  4 = 33                                   
                                           |                                           
                                           |                                           
(no matching instance)                     |Instance: sky130_fd_pr__nfet_01v8:26       
                                           |  (1,3) = (2,2)                            
                                           |  2 = 20                                   
                                           |  4 = 33                                   
                                           |                                           
                                           |                                           
(no matching instance)                     |Instance: sky130_fd_pr__nfet_01v8:28       
                                           |  (1,3) = (33,2)                           
                                           |  2 = 22                                   
                                           |  4 = 33                                   
                                           |                                           
                                           |                                           
(no matching instance)                     |Instance: sky130_fd_pr__nfet_01v8:33       
                                           |  (1,3) = (33,2)                           
                                           |  2 = 22                                   
                                           |  4 = 33                                   
                                           |                                           
                                           |                                           
(no matching instance)                     |Instance: sky130_fd_pr__nfet_01v8:36       
                                           |  (1,3) = (2,2)                            
                                           |  2 = 22                                   
                                           |  4 = 33                                   
                                           |                                           
                                           |                                           
(no matching instance)                     |Instance: sky130_fd_pr__nfet_01v8:39       
                                           |  (1,3) = (33,3)                           
                                           |  2 = 20                                   
                                           |  4 = 33                                   
                                           |                                           
                                           |                                           
(no matching instance)                     |Instance: sky130_fd_pr__nfet_01v8:41       
                                           |  (1,3) = (33,3)                           
                                           |  2 = 22                                   
                                           |  4 = 33                                   
                                           |                                           
                                           |                                           
(no matching instance)                     |Instance: sky130_fd_pr__nfet_01v8:44       
                                           |  (1,3) = (2,2)                            
                                           |  2 = 22                                   
                                           |  4 = 33                                   
                                           |                                           
                                           |                                           
(no matching instance)                     |Instance: sky130_fd_pr__nfet_01v8:50       
                                           |  (1,3) = (33,2)                           
                                           |  2 = 20                                   
                                           |  4 = 33                                   
                                           |                                           
                                           |                                           
(no matching instance)                     |Instance: sky130_fd_pr__nfet_01v8:51       
                                           |  (1,3) = (33,2)                           
                                           |  2 = 22                                   
                                           |  4 = 33                                   
                                           |                                           
                                           |                                           
(no matching instance)                     |Instance: sky130_fd_pr__pfet_01v8:3        
                                           |  (1,3) = (2,2)                            
                                           |  2 = 22                                   
                                           |  4 = 33                                   
                                           |                                           
                                           |                                           
(no matching instance)                     |Instance: sky130_fd_pr__pfet_01v8:8        
                                           |  (1,3) = (2,2)                            
                                           |  2 = 22                                   
                                           |  4 = 33                                   
                                           |                                           
                                           |                                           
(no matching instance)                     |Instance: sky130_fd_pr__pfet_01v8:9        
                                           |  (1,3) = (2,2)                            
                                           |  2 = 20                                   
                                           |  4 = 33                                   
                                           |                                           
                                           |                                           
(no matching instance)                     |Instance: sky130_fd_pr__pfet_01v8:10       
                                           |  (1,3) = (33,2)                           
                                           |  2 = 22                                   
                                           |  4 = 33                                   
                                           |                                           
                                           |                                           
(no matching instance)                     |Instance: sky130_fd_pr__pfet_01v8:11       
                                           |  (1,3) = (33,3)                           
                                           |  2 = 20                                   
                                           |  4 = 33                                   
                                           |                                           
                                           |                                           
(no matching instance)                     |Instance: sky130_fd_pr__pfet_01v8:13       
                                           |  (1,3) = (33,2)                           
                                           |  2 = 22                                   
                                           |  4 = 33                                   
                                           |                                           
                                           |                                           
(no matching instance)                     |Instance: sky130_fd_pr__pfet_01v8:16       
                                           |  (1,3) = (33,2)                           
                                           |  2 = 20                                   
                                           |  4 = 33                                   
                                           |                                           
                                           |                                           
(no matching instance)                     |Instance: sky130_fd_pr__pfet_01v8:18       
                                           |  (1,3) = (2,2)                            
                                           |  2 = 22                                   
                                           |  4 = 33                                   
                                           |                                           
                                           |                                           
(no matching instance)                     |Instance: sky130_fd_pr__pfet_01v8:20       
                                           |  (1,3) = (2,2)                            
                                           |  2 = 20                                   
                                           |  4 = 33                                   
                                           |                                           
                                           |                                           
(no matching instance)                     |Instance: sky130_fd_pr__pfet_01v8:21       
                                           |  (1,3) = (33,3)                           
                                           |  2 = 22                                   
                                           |  4 = 33                                   
                                           |                                           
                                           |                                           
(no matching instance)                     |Instance: sky130_fd_pr__pfet_01v8:24       
                                           |  (1,3) = (2,2)                            
                                           |  2 = 20                                   
                                           |  4 = 33                                   
                                           |                                           
                                           |                                           
(no matching instance)                     |Instance: sky130_fd_pr__pfet_01v8:30       
                                           |  (1,3) = (33,2)                           
                                           |  2 = 22                                   
                                           |  4 = 33                                   
                                           |                                           
                                           |                                           
(no matching instance)                     |Instance: sky130_fd_pr__pfet_01v8:38       
                                           |  (1,3) = (33,2)                           
                                           |  2 = 22                                   
                                           |  4 = 33                                   
                                           |                                           
                                           |                                           
(no matching instance)                     |Instance: sky130_fd_pr__pfet_01v8:42       
                                           |  (1,3) = (2,2)                            
                                           |  2 = 22                                   
                                           |  4 = 33                                   
                                           |                                           
                                           |                                           
(no matching instance)                     |Instance: sky130_fd_pr__pfet_01v8:43       
                                           |  (1,3) = (2,2)                            
                                           |  2 = 22                                   
                                           |  4 = 33                                   
                                           |                                           
---------------------------------------------------------------------------------------
Netlists do not match.
Port matching may fail to disambiguate symmetries.

Subcircuit pins:
Circuit 1: fa                              |Circuit 2: fa                              
-------------------------------------------|-------------------------------------------
a                                          |(no pin, node is a_n1109_210#              
b                                          |(no pin, node is a_n1109_n118#             
DGND                                       |(no pin, node is a_n669_n118#              
DVDD                                       |(no pin, node is a_n2053_n118#             
sum_n                                      |sum_n                                      
cin                                        |cin                                        
cout_n                                     |cout_n                                     
(no matching pin)                          |a                                          
(no matching pin)                          |b                                          
(no matching pin)                          |DVDD                                       
(no matching pin)                          |DGND                                       
---------------------------------------------------------------------------------------
Cell pin lists for fa and fa altered to match.
Device classes fa and fa are equivalent.

Final result: Top level cell failed pin matching.
