OpenROAD b16bda7e82721d10566ff7e2b68f1ff0be9f9e38 
Features included (+) or not (-): +Charts +GPU +GUI +Python
This program is licensed under the BSD-3 license. See the LICENSE file for details.
Components of this program may be licensed under more restrictive licenses which must be honored.
define_corners Typical
read_liberty -corner Typical /volare/sky130A/libs.ref/sky130_fd_sc_hd/lib/sky130_fd_sc_hd__tt_025C_1v80.lib
Using 1e-12 for capacitance...
Using 1e+03 for resistance...
Using 1e-09 for time...
Using 1e+00 for voltage...
Using 1e-03 for current...
Using 1e-09 for power...
Using 1e-06 for distance...
[INFO]: Reading ODB at '/openlane/designs/brent-kung/runs/auto_pnr/results/floorplan/adder.odb'…
Reading design constraints file at '/openlane/designs/brent-kung/src/adder.sdc'…
[INFO]: Setting RC values...
[INFO]: Setting signal min routing layer to: met1 and clock min routing layer to met3. 
[INFO]: Setting signal max routing layer to: met5 and clock max routing layer to met5. 
[INFO GPL-0002] DBU: 1000
[INFO GPL-0003] SiteSize: (  0.460  2.720 ) um
[INFO GPL-0004] CoreBBox: (  5.520 10.880 ) ( 65.320 70.720 ) um
[INFO GPL-0006] NumInstances:               228
[INFO GPL-0007] NumPlaceInstances:          136
[INFO GPL-0008] NumFixedInstances:           92
[INFO GPL-0009] NumDummyInstances:            0
[INFO GPL-0010] NumNets:                    170
[INFO GPL-0011] NumPins:                    538
[INFO GPL-0012] DieBBox:  (  0.000  0.000 ) ( 70.920 81.640 ) um
[INFO GPL-0013] CoreBBox: (  5.520 10.880 ) ( 65.320 70.720 ) um
[INFO GPL-0016] CoreArea:              3578.432 um^2
[INFO GPL-0017] NonPlaceInstsArea:      225.216 um^2
[INFO GPL-0018] PlaceInstsArea:        1792.970 um^2
[INFO GPL-0019] Util:                    53.470 %
[INFO GPL-0020] StdInstsArea:          1792.970 um^2
[INFO GPL-0021] MacroInstsArea:           0.000 um^2
[InitialPlace]  Iter: 1 CG residual: 0.00000012 HPWL: 4533940
[InitialPlace]  Iter: 2 CG residual: 0.00000008 HPWL: 4047911
[InitialPlace]  Iter: 3 CG residual: 0.00000010 HPWL: 4022171
[InitialPlace]  Iter: 4 CG residual: 0.00000004 HPWL: 4015951
[InitialPlace]  Iter: 5 CG residual: 0.00000008 HPWL: 4010353
[INFO GPL-0031] FillerInit:NumGCells:       152
[INFO GPL-0032] FillerInit:NumGNets:        170
[INFO GPL-0033] FillerInit:NumGPins:        538
[INFO GPL-0023] TargetDensity:            0.600
[INFO GPL-0024] AvrgPlaceInstArea:       13.184 um^2
[INFO GPL-0025] IdealBinArea:            21.973 um^2
[INFO GPL-0026] IdealBinCnt:                162
[INFO GPL-0027] TotalBinArea:          3578.432 um^2
[INFO GPL-0028] BinCnt:         8      8
[INFO GPL-0029] BinSize: (  7.475  7.480 )
[INFO GPL-0030] NumBins: 64
[NesterovSolve] Iter:    1 overflow: 0.314 HPWL: 2892795
[INFO GPL-0100] worst slack 3.26e-10
[INFO GPL-0103] Weighted 13 nets.
[NesterovSolve] Snapshot saved at iter = 0
[NesterovSolve] Iter:   10 overflow: 0.307 HPWL: 2930855
[NesterovSolve] Iter:   20 overflow: 0.320 HPWL: 2944750
[NesterovSolve] Iter:   30 overflow: 0.314 HPWL: 2950622
[NesterovSolve] Iter:   40 overflow: 0.317 HPWL: 2949611
[NesterovSolve] Iter:   50 overflow: 0.313 HPWL: 2946921
[NesterovSolve] Iter:   60 overflow: 0.314 HPWL: 2946534
[NesterovSolve] Iter:   70 overflow: 0.314 HPWL: 2946929
[NesterovSolve] Iter:   80 overflow: 0.314 HPWL: 2947184
[NesterovSolve] Iter:   90 overflow: 0.314 HPWL: 2947045
[NesterovSolve] Iter:  100 overflow: 0.314 HPWL: 2946884
[NesterovSolve] Iter:  110 overflow: 0.314 HPWL: 2946898
[NesterovSolve] Iter:  120 overflow: 0.313 HPWL: 2946912
[NesterovSolve] Iter:  130 overflow: 0.313 HPWL: 2946596
[NesterovSolve] Iter:  140 overflow: 0.313 HPWL: 2946150
[NesterovSolve] Iter:  150 overflow: 0.312 HPWL: 2945960
[NesterovSolve] Iter:  160 overflow: 0.312 HPWL: 2945634
[NesterovSolve] Iter:  170 overflow: 0.311 HPWL: 2944883
[NesterovSolve] Iter:  180 overflow: 0.309 HPWL: 2943689
[NesterovSolve] Iter:  190 overflow: 0.307 HPWL: 2941862
[NesterovSolve] Iter:  200 overflow: 0.304 HPWL: 2939627
[NesterovSolve] Iter:  210 overflow: 0.299 HPWL: 2937009
[NesterovSolve] Iter:  220 overflow: 0.294 HPWL: 2933664
[NesterovSolve] Iter:  230 overflow: 0.285 HPWL: 2929617
[INFO GPL-0100] worst slack 3.31e-10
[INFO GPL-0103] Weighted 16 nets.
[NesterovSolve] Iter:  240 overflow: 0.274 HPWL: 2924853
[NesterovSolve] Iter:  250 overflow: 0.256 HPWL: 2916671
[NesterovSolve] Iter:  260 overflow: 0.230 HPWL: 2901737
[NesterovSolve] Iter:  270 overflow: 0.212 HPWL: 2895253
[INFO GPL-0100] worst slack 3.34e-10
[INFO GPL-0103] Weighted 16 nets.
[INFO GPL-0075] Routability numCall: 1 inflationIterCnt: 1 bloatIterCnt: 0
[INFO GPL-0036] TileBBox: (    0    0 ) ( 6900 6900 ) DBU
[INFO GPL-0038] TileCnt:      10   11
[INFO GPL-0039] numRoutingLayers: 6
[INFO GPL-0040] NumTiles: 110
[INFO GPL-0063] TotalRouteOverflowH2: 0
[INFO GPL-0064] TotalRouteOverflowV2: 0
[INFO GPL-0065] OverflowTileCnt2: 0
[INFO GPL-0066] 0.5%RC: 1.0000
[INFO GPL-0067] 1.0%RC: 1.0000
[INFO GPL-0068] 2.0%RC: 0.9929
[INFO GPL-0069] 5.0%RC: 0.9031
[INFO GPL-0070] 0.5rcK: 1
[INFO GPL-0071] 1.0rcK: 1
[INFO GPL-0072] 2.0rcK: 0
[INFO GPL-0073] 5.0rcK: 0
[INFO GPL-0074] FinalRC: 1.0000
[INFO GPL-0078] FinalRC lower than minRC (1e+30), min RC updated.
[INFO GPL-0045] InflatedAreaDelta:        0.000 um^2
[INFO GPL-0046] TargetDensity:            0.600
[INFO GPL-0049] WhiteSpaceArea:        3353.216 um^2
[INFO GPL-0050] NesterovInstsArea:     1792.970 um^2
[INFO GPL-0051] TotalFillerArea:        218.960 um^2
[INFO GPL-0052] TotalGCellsArea:       2011.930 um^2
[INFO GPL-0053] ExpectedGCellsArea:    2011.930 um^2
[INFO GPL-0054] NewTargetDensity:         0.600
[INFO GPL-0055] NewWhiteSpaceArea:     3353.216 um^2
[INFO GPL-0056] MovableArea:           2011.930 um^2
[INFO GPL-0057] NewNesterovInstArea:   1792.970 um^2
[INFO GPL-0058] NewTotalFillerArea:     218.960 um^2
[INFO GPL-0059] NewTotalGCellsArea:    2011.930 um^2
[NesterovSolve] Revert back to snapshot coordi
[NesterovSolve] Iter:  280 overflow: 0.322 HPWL: 2922732
[NesterovSolve] Iter:  290 overflow: 0.311 HPWL: 2937613
[NesterovSolve] Iter:  300 overflow: 0.318 HPWL: 2951371
[NesterovSolve] Iter:  310 overflow: 0.321 HPWL: 2951902
[NesterovSolve] Iter:  320 overflow: 0.317 HPWL: 2949301
[NesterovSolve] Iter:  330 overflow: 0.316 HPWL: 2948151
[NesterovSolve] Iter:  340 overflow: 0.317 HPWL: 2948270
[NesterovSolve] Iter:  350 overflow: 0.318 HPWL: 2949114
[NesterovSolve] Iter:  360 overflow: 0.318 HPWL: 2949097
[NesterovSolve] Iter:  370 overflow: 0.317 HPWL: 2948614
[NesterovSolve] Iter:  380 overflow: 0.317 HPWL: 2948238
[NesterovSolve] Iter:  390 overflow: 0.317 HPWL: 2948516
[NesterovSolve] Iter:  400 overflow: 0.317 HPWL: 2948781
[NesterovSolve] Iter:  410 overflow: 0.316 HPWL: 2948336
[NesterovSolve] Iter:  420 overflow: 0.316 HPWL: 2947762
[NesterovSolve] Iter:  430 overflow: 0.315 HPWL: 2947509
[NesterovSolve] Iter:  440 overflow: 0.315 HPWL: 2947173
[NesterovSolve] Iter:  450 overflow: 0.313 HPWL: 2946260
[NesterovSolve] Iter:  460 overflow: 0.310 HPWL: 2944337
[NesterovSolve] Iter:  470 overflow: 0.307 HPWL: 2942204
[NesterovSolve] Iter:  480 overflow: 0.303 HPWL: 2939460
[NesterovSolve] Iter:  490 overflow: 0.298 HPWL: 2935998
[NesterovSolve] Iter:  500 overflow: 0.290 HPWL: 2932255
[NesterovSolve] Iter:  510 overflow: 0.280 HPWL: 2927565
[NesterovSolve] Iter:  520 overflow: 0.262 HPWL: 2921240
[NesterovSolve] Iter:  530 overflow: 0.242 HPWL: 2912998
[NesterovSolve] Iter:  540 overflow: 0.224 HPWL: 2901680
[NesterovSolve] Iter:  550 overflow: 0.207 HPWL: 2904321
[INFO GPL-0075] Routability numCall: 2 inflationIterCnt: 2 bloatIterCnt: 0
[INFO GPL-0036] TileBBox: (    0    0 ) ( 6900 6900 ) DBU
[INFO GPL-0038] TileCnt:      10   11
[INFO GPL-0039] numRoutingLayers: 6
[INFO GPL-0040] NumTiles: 110
[INFO GPL-0063] TotalRouteOverflowH2: 0
[INFO GPL-0064] TotalRouteOverflowV2: 0
[INFO GPL-0065] OverflowTileCnt2: 0
[INFO GPL-0066] 0.5%RC: 1.0000
[INFO GPL-0067] 1.0%RC: 0.9875
[INFO GPL-0068] 2.0%RC: 0.9500
[INFO GPL-0069] 5.0%RC: 0.8875
[INFO GPL-0070] 0.5rcK: 1
[INFO GPL-0071] 1.0rcK: 1
[INFO GPL-0072] 2.0rcK: 0
[INFO GPL-0073] 5.0rcK: 0
[INFO GPL-0074] FinalRC: 0.9937
[INFO GPL-0077] FinalRC lower than targetRC(1), routability not needed.
[NesterovSolve] Iter:  560 overflow: 0.177 HPWL: 2903679
[NesterovSolve] Iter:  570 overflow: 0.162 HPWL: 2899527
[INFO GPL-0100] worst slack 3.42e-10
[INFO GPL-0103] Weighted 16 nets.
[NesterovSolve] Iter:  580 overflow: 0.142 HPWL: 2907710
[NesterovSolve] Iter:  590 overflow: 0.127 HPWL: 2907164
[NesterovSolve] Iter:  600 overflow: 0.114 HPWL: 2914378
[NesterovSolve] Iter:  610 overflow: 0.104 HPWL: 2922572
[NesterovSolve] Finished with Overflow: 0.099756
Setting global connections for newly added cells…
Writing OpenROAD database to '/openlane/designs/brent-kung/runs/auto_pnr/tmp/placement/7-global.odb'…
Writing netlist to '/openlane/designs/brent-kung/runs/auto_pnr/tmp/placement/7-global.nl.v'…
Writing powered netlist to '/openlane/designs/brent-kung/runs/auto_pnr/tmp/placement/7-global.pnl.v'…
Writing layout to '/openlane/designs/brent-kung/runs/auto_pnr/tmp/placement/7-global.def'…
