
===========================================================================
report_checks -path_delay max (Setup)
============================================================================
======================= Typical Corner ===================================

Startpoint: _165_ (rising edge-triggered flip-flop clocked by core_clock)
Endpoint: _157_ (rising edge-triggered flip-flop clocked by core_clock)
Path Group: core_clock
Path Type: max

Fanout     Cap    Slew   Delay    Time   Description
-----------------------------------------------------------------------------
                          0.00    0.00   clock core_clock (rise edge)
                          0.00    0.00   clock source latency
     1    0.01    0.00    0.00    0.00 ^ clk (in)
                                         clk (net)
                  0.00    0.00    0.00 ^ clkbuf_0_clk/A (sky130_fd_sc_hd__clkbuf_16)
     4    0.04    0.06    0.12    0.12 ^ clkbuf_0_clk/X (sky130_fd_sc_hd__clkbuf_16)
                                         clknet_0_clk (net)
                  0.06    0.00    0.12 ^ clkbuf_2_0__f_clk/A (sky130_fd_sc_hd__clkbuf_16)
    16    0.04    0.06    0.14    0.27 ^ clkbuf_2_0__f_clk/X (sky130_fd_sc_hd__clkbuf_16)
                                         clknet_2_0__leaf_clk (net)
                  0.06    0.00    0.27 ^ _165_/CLK (sky130_fd_sc_hd__dfxtp_1)
     2    0.00    0.03    0.30    0.57 v _165_/Q (sky130_fd_sc_hd__dfxtp_1)
                                         x12.A (net)
                  0.03    0.00    0.57 v _084_/B (sky130_fd_sc_hd__and2_1)
     2    0.00    0.04    0.15    0.72 v _084_/X (sky130_fd_sc_hd__and2_1)
                                         _035_ (net)
                  0.04    0.00    0.72 v _086_/A (sky130_fd_sc_hd__or2b_1)
     3    0.01    0.07    0.24    0.97 v _086_/X (sky130_fd_sc_hd__or2b_1)
                                         _037_ (net)
                  0.07    0.00    0.97 v _088_/B (sky130_fd_sc_hd__nor3b_1)
     2    0.01    0.23    0.23    1.20 ^ _088_/Y (sky130_fd_sc_hd__nor3b_1)
                                         _039_ (net)
                  0.23    0.00    1.20 ^ _094_/A2 (sky130_fd_sc_hd__a21oi_1)
     3    0.01    0.08    0.13    1.33 v _094_/Y (sky130_fd_sc_hd__a21oi_1)
                                         _045_ (net)
                  0.08    0.00    1.33 v _100_/A (sky130_fd_sc_hd__or4_1)
     2    0.01    0.10    0.55    1.88 v _100_/X (sky130_fd_sc_hd__or4_1)
                                         _051_ (net)
                  0.10    0.00    1.88 v _105_/A2 (sky130_fd_sc_hd__a211oi_1)
     3    0.01    0.30    0.33    2.20 ^ _105_/Y (sky130_fd_sc_hd__a211oi_1)
                                         _056_ (net)
                  0.30    0.00    2.20 ^ _139_/A1_N (sky130_fd_sc_hd__a2bb2o_1)
     1    0.00    0.05    0.32    2.52 v _139_/X (sky130_fd_sc_hd__a2bb2o_1)
                                         _012_ (net)
                  0.05    0.00    2.52 v _140_/B1 (sky130_fd_sc_hd__o21a_1)
     1    0.00    0.04    0.11    2.63 v _140_/X (sky130_fd_sc_hd__o21a_1)
                                         x77.S (net)
                  0.04    0.00    2.63 v _157_/D (sky130_fd_sc_hd__dfxtp_1)
                                  2.63   data arrival time

                          2.60    2.60   clock core_clock (rise edge)
                          0.00    2.60   clock source latency
     1    0.01    0.00    0.00    2.60 ^ clk (in)
                                         clk (net)
                  0.00    0.00    2.60 ^ clkbuf_0_clk/A (sky130_fd_sc_hd__clkbuf_16)
     4    0.04    0.06    0.12    2.72 ^ clkbuf_0_clk/X (sky130_fd_sc_hd__clkbuf_16)
                                         clknet_0_clk (net)
                  0.06    0.00    2.72 ^ clkbuf_2_1__f_clk/A (sky130_fd_sc_hd__clkbuf_16)
    15    0.04    0.06    0.15    2.87 ^ clkbuf_2_1__f_clk/X (sky130_fd_sc_hd__clkbuf_16)
                                         clknet_2_1__leaf_clk (net)
                  0.06    0.00    2.87 ^ _157_/CLK (sky130_fd_sc_hd__dfxtp_1)
                          0.00    2.87   clock reconvergence pessimism
                         -0.11    2.76   library setup time
                                  2.76   data required time
-----------------------------------------------------------------------------
                                  2.76   data required time
                                 -2.63   data arrival time
-----------------------------------------------------------------------------
                                  0.13   slack (MET)


Startpoint: _165_ (rising edge-triggered flip-flop clocked by core_clock)
Endpoint: _158_ (rising edge-triggered flip-flop clocked by core_clock)
Path Group: core_clock
Path Type: max

Fanout     Cap    Slew   Delay    Time   Description
-----------------------------------------------------------------------------
                          0.00    0.00   clock core_clock (rise edge)
                          0.00    0.00   clock source latency
     1    0.01    0.00    0.00    0.00 ^ clk (in)
                                         clk (net)
                  0.00    0.00    0.00 ^ clkbuf_0_clk/A (sky130_fd_sc_hd__clkbuf_16)
     4    0.04    0.06    0.12    0.12 ^ clkbuf_0_clk/X (sky130_fd_sc_hd__clkbuf_16)
                                         clknet_0_clk (net)
                  0.06    0.00    0.12 ^ clkbuf_2_0__f_clk/A (sky130_fd_sc_hd__clkbuf_16)
    16    0.04    0.06    0.14    0.27 ^ clkbuf_2_0__f_clk/X (sky130_fd_sc_hd__clkbuf_16)
                                         clknet_2_0__leaf_clk (net)
                  0.06    0.00    0.27 ^ _165_/CLK (sky130_fd_sc_hd__dfxtp_1)
     2    0.00    0.03    0.30    0.57 v _165_/Q (sky130_fd_sc_hd__dfxtp_1)
                                         x12.A (net)
                  0.03    0.00    0.57 v _084_/B (sky130_fd_sc_hd__and2_1)
     2    0.00    0.04    0.15    0.72 v _084_/X (sky130_fd_sc_hd__and2_1)
                                         _035_ (net)
                  0.04    0.00    0.72 v _086_/A (sky130_fd_sc_hd__or2b_1)
     3    0.01    0.07    0.24    0.97 v _086_/X (sky130_fd_sc_hd__or2b_1)
                                         _037_ (net)
                  0.07    0.00    0.97 v _088_/B (sky130_fd_sc_hd__nor3b_1)
     2    0.01    0.23    0.23    1.20 ^ _088_/Y (sky130_fd_sc_hd__nor3b_1)
                                         _039_ (net)
                  0.23    0.00    1.20 ^ _094_/A2 (sky130_fd_sc_hd__a21oi_1)
     3    0.01    0.08    0.13    1.33 v _094_/Y (sky130_fd_sc_hd__a21oi_1)
                                         _045_ (net)
                  0.08    0.00    1.33 v _100_/A (sky130_fd_sc_hd__or4_1)
     2    0.01    0.10    0.55    1.88 v _100_/X (sky130_fd_sc_hd__or4_1)
                                         _051_ (net)
                  0.10    0.00    1.88 v _105_/A2 (sky130_fd_sc_hd__a211oi_1)
     3    0.01    0.30    0.33    2.20 ^ _105_/Y (sky130_fd_sc_hd__a211oi_1)
                                         _056_ (net)
                  0.30    0.00    2.20 ^ _111_/A1 (sky130_fd_sc_hd__o32a_1)
     1    0.00    0.05    0.20    2.41 ^ _111_/X (sky130_fd_sc_hd__o32a_1)
                                         _062_ (net)
                  0.05    0.00    2.41 ^ _112_/A (sky130_fd_sc_hd__clkbuf_1)
     2    0.00    0.07    0.10    2.50 ^ _112_/X (sky130_fd_sc_hd__clkbuf_1)
                                         x62.C (net)
                  0.07    0.00    2.50 ^ _142_/A2 (sky130_fd_sc_hd__a21boi_1)
     1    0.00    0.04    0.06    2.56 v _142_/Y (sky130_fd_sc_hd__a21boi_1)
                                         x78.S (net)
                  0.04    0.00    2.56 v _158_/D (sky130_fd_sc_hd__dfxtp_1)
                                  2.56   data arrival time

                          2.60    2.60   clock core_clock (rise edge)
                          0.00    2.60   clock source latency
     1    0.01    0.00    0.00    2.60 ^ clk (in)
                                         clk (net)
                  0.00    0.00    2.60 ^ clkbuf_0_clk/A (sky130_fd_sc_hd__clkbuf_16)
     4    0.04    0.06    0.12    2.72 ^ clkbuf_0_clk/X (sky130_fd_sc_hd__clkbuf_16)
                                         clknet_0_clk (net)
                  0.06    0.00    2.72 ^ clkbuf_2_3__f_clk/A (sky130_fd_sc_hd__clkbuf_16)
    12    0.04    0.06    0.15    2.87 ^ clkbuf_2_3__f_clk/X (sky130_fd_sc_hd__clkbuf_16)
                                         clknet_2_3__leaf_clk (net)
                  0.06    0.00    2.87 ^ _158_/CLK (sky130_fd_sc_hd__dfxtp_1)
                          0.00    2.87   clock reconvergence pessimism
                         -0.10    2.77   library setup time
                                  2.77   data required time
-----------------------------------------------------------------------------
                                  2.77   data required time
                                 -2.56   data arrival time
-----------------------------------------------------------------------------
                                  0.20   slack (MET)


Startpoint: _165_ (rising edge-triggered flip-flop clocked by core_clock)
Endpoint: _156_ (rising edge-triggered flip-flop clocked by core_clock)
Path Group: core_clock
Path Type: max

Fanout     Cap    Slew   Delay    Time   Description
-----------------------------------------------------------------------------
                          0.00    0.00   clock core_clock (rise edge)
                          0.00    0.00   clock source latency
     1    0.01    0.00    0.00    0.00 ^ clk (in)
                                         clk (net)
                  0.00    0.00    0.00 ^ clkbuf_0_clk/A (sky130_fd_sc_hd__clkbuf_16)
     4    0.04    0.06    0.12    0.12 ^ clkbuf_0_clk/X (sky130_fd_sc_hd__clkbuf_16)
                                         clknet_0_clk (net)
                  0.06    0.00    0.12 ^ clkbuf_2_0__f_clk/A (sky130_fd_sc_hd__clkbuf_16)
    16    0.04    0.06    0.14    0.27 ^ clkbuf_2_0__f_clk/X (sky130_fd_sc_hd__clkbuf_16)
                                         clknet_2_0__leaf_clk (net)
                  0.06    0.00    0.27 ^ _165_/CLK (sky130_fd_sc_hd__dfxtp_1)
     2    0.00    0.03    0.30    0.57 v _165_/Q (sky130_fd_sc_hd__dfxtp_1)
                                         x12.A (net)
                  0.03    0.00    0.57 v _084_/B (sky130_fd_sc_hd__and2_1)
     2    0.00    0.04    0.15    0.72 v _084_/X (sky130_fd_sc_hd__and2_1)
                                         _035_ (net)
                  0.04    0.00    0.72 v _086_/A (sky130_fd_sc_hd__or2b_1)
     3    0.01    0.07    0.24    0.97 v _086_/X (sky130_fd_sc_hd__or2b_1)
                                         _037_ (net)
                  0.07    0.00    0.97 v _088_/B (sky130_fd_sc_hd__nor3b_1)
     2    0.01    0.23    0.23    1.20 ^ _088_/Y (sky130_fd_sc_hd__nor3b_1)
                                         _039_ (net)
                  0.23    0.00    1.20 ^ _094_/A2 (sky130_fd_sc_hd__a21oi_1)
     3    0.01    0.08    0.13    1.33 v _094_/Y (sky130_fd_sc_hd__a21oi_1)
                                         _045_ (net)
                  0.08    0.00    1.33 v _100_/A (sky130_fd_sc_hd__or4_1)
     2    0.01    0.10    0.55    1.88 v _100_/X (sky130_fd_sc_hd__or4_1)
                                         _051_ (net)
                  0.10    0.00    1.88 v _105_/A2 (sky130_fd_sc_hd__a211oi_1)
     3    0.01    0.30    0.33    2.20 ^ _105_/Y (sky130_fd_sc_hd__a211oi_1)
                                         _056_ (net)
                  0.30    0.00    2.20 ^ _138_/A2_N (sky130_fd_sc_hd__a2bb2o_1)
     1    0.01    0.06    0.33    2.53 v _138_/X (sky130_fd_sc_hd__a2bb2o_1)
                                         x76.S (net)
                  0.06    0.00    2.53 v _156_/D (sky130_fd_sc_hd__dfxtp_1)
                                  2.53   data arrival time

                          2.60    2.60   clock core_clock (rise edge)
                          0.00    2.60   clock source latency
     1    0.01    0.00    0.00    2.60 ^ clk (in)
                                         clk (net)
                  0.00    0.00    2.60 ^ clkbuf_0_clk/A (sky130_fd_sc_hd__clkbuf_16)
     4    0.04    0.06    0.12    2.72 ^ clkbuf_0_clk/X (sky130_fd_sc_hd__clkbuf_16)
                                         clknet_0_clk (net)
                  0.06    0.00    2.72 ^ clkbuf_2_1__f_clk/A (sky130_fd_sc_hd__clkbuf_16)
    15    0.04    0.06    0.15    2.87 ^ clkbuf_2_1__f_clk/X (sky130_fd_sc_hd__clkbuf_16)
                                         clknet_2_1__leaf_clk (net)
                  0.06    0.00    2.87 ^ _156_/CLK (sky130_fd_sc_hd__dfxtp_1)
                          0.00    2.87   clock reconvergence pessimism
                         -0.12    2.75   library setup time
                                  2.75   data required time
-----------------------------------------------------------------------------
                                  2.75   data required time
                                 -2.53   data arrival time
-----------------------------------------------------------------------------
                                  0.22   slack (MET)


Startpoint: _165_ (rising edge-triggered flip-flop clocked by core_clock)
Endpoint: _159_ (rising edge-triggered flip-flop clocked by core_clock)
Path Group: core_clock
Path Type: max

Fanout     Cap    Slew   Delay    Time   Description
-----------------------------------------------------------------------------
                          0.00    0.00   clock core_clock (rise edge)
                          0.00    0.00   clock source latency
     1    0.01    0.00    0.00    0.00 ^ clk (in)
                                         clk (net)
                  0.00    0.00    0.00 ^ clkbuf_0_clk/A (sky130_fd_sc_hd__clkbuf_16)
     4    0.04    0.06    0.12    0.12 ^ clkbuf_0_clk/X (sky130_fd_sc_hd__clkbuf_16)
                                         clknet_0_clk (net)
                  0.06    0.00    0.12 ^ clkbuf_2_0__f_clk/A (sky130_fd_sc_hd__clkbuf_16)
    16    0.04    0.06    0.14    0.27 ^ clkbuf_2_0__f_clk/X (sky130_fd_sc_hd__clkbuf_16)
                                         clknet_2_0__leaf_clk (net)
                  0.06    0.00    0.27 ^ _165_/CLK (sky130_fd_sc_hd__dfxtp_1)
     2    0.00    0.03    0.30    0.57 v _165_/Q (sky130_fd_sc_hd__dfxtp_1)
                                         x12.A (net)
                  0.03    0.00    0.57 v _084_/B (sky130_fd_sc_hd__and2_1)
     2    0.00    0.04    0.15    0.72 v _084_/X (sky130_fd_sc_hd__and2_1)
                                         _035_ (net)
                  0.04    0.00    0.72 v _086_/A (sky130_fd_sc_hd__or2b_1)
     3    0.01    0.07    0.24    0.97 v _086_/X (sky130_fd_sc_hd__or2b_1)
                                         _037_ (net)
                  0.07    0.00    0.97 v _088_/B (sky130_fd_sc_hd__nor3b_1)
     2    0.01    0.23    0.23    1.20 ^ _088_/Y (sky130_fd_sc_hd__nor3b_1)
                                         _039_ (net)
                  0.23    0.00    1.20 ^ _094_/A2 (sky130_fd_sc_hd__a21oi_1)
     3    0.01    0.08    0.13    1.33 v _094_/Y (sky130_fd_sc_hd__a21oi_1)
                                         _045_ (net)
                  0.08    0.00    1.33 v _100_/A (sky130_fd_sc_hd__or4_1)
     2    0.01    0.10    0.55    1.88 v _100_/X (sky130_fd_sc_hd__or4_1)
                                         _051_ (net)
                  0.10    0.00    1.88 v _105_/A2 (sky130_fd_sc_hd__a211oi_1)
     3    0.01    0.30    0.33    2.20 ^ _105_/Y (sky130_fd_sc_hd__a211oi_1)
                                         _056_ (net)
                  0.30    0.00    2.20 ^ _111_/A1 (sky130_fd_sc_hd__o32a_1)
     1    0.00    0.05    0.20    2.41 ^ _111_/X (sky130_fd_sc_hd__o32a_1)
                                         _062_ (net)
                  0.05    0.00    2.41 ^ _112_/A (sky130_fd_sc_hd__clkbuf_1)
     2    0.00    0.07    0.10    2.50 ^ _112_/X (sky130_fd_sc_hd__clkbuf_1)
                                         x62.C (net)
                  0.07    0.00    2.50 ^ _159_/D (sky130_fd_sc_hd__dfxtp_1)
                                  2.50   data arrival time

                          2.60    2.60   clock core_clock (rise edge)
                          0.00    2.60   clock source latency
     1    0.01    0.00    0.00    2.60 ^ clk (in)
                                         clk (net)
                  0.00    0.00    2.60 ^ clkbuf_0_clk/A (sky130_fd_sc_hd__clkbuf_16)
     4    0.04    0.06    0.12    2.72 ^ clkbuf_0_clk/X (sky130_fd_sc_hd__clkbuf_16)
                                         clknet_0_clk (net)
                  0.06    0.00    2.72 ^ clkbuf_2_3__f_clk/A (sky130_fd_sc_hd__clkbuf_16)
    12    0.04    0.06    0.15    2.87 ^ clkbuf_2_3__f_clk/X (sky130_fd_sc_hd__clkbuf_16)
                                         clknet_2_3__leaf_clk (net)
                  0.06    0.00    2.87 ^ _159_/CLK (sky130_fd_sc_hd__dfxtp_1)
                          0.00    2.87   clock reconvergence pessimism
                         -0.06    2.81   library setup time
                                  2.81   data required time
-----------------------------------------------------------------------------
                                  2.81   data required time
                                 -2.50   data arrival time
-----------------------------------------------------------------------------
                                  0.31   slack (MET)


Startpoint: _165_ (rising edge-triggered flip-flop clocked by core_clock)
Endpoint: _154_ (rising edge-triggered flip-flop clocked by core_clock)
Path Group: core_clock
Path Type: max

Fanout     Cap    Slew   Delay    Time   Description
-----------------------------------------------------------------------------
                          0.00    0.00   clock core_clock (rise edge)
                          0.00    0.00   clock source latency
     1    0.01    0.00    0.00    0.00 ^ clk (in)
                                         clk (net)
                  0.00    0.00    0.00 ^ clkbuf_0_clk/A (sky130_fd_sc_hd__clkbuf_16)
     4    0.04    0.06    0.12    0.12 ^ clkbuf_0_clk/X (sky130_fd_sc_hd__clkbuf_16)
                                         clknet_0_clk (net)
                  0.06    0.00    0.12 ^ clkbuf_2_0__f_clk/A (sky130_fd_sc_hd__clkbuf_16)
    16    0.04    0.06    0.14    0.27 ^ clkbuf_2_0__f_clk/X (sky130_fd_sc_hd__clkbuf_16)
                                         clknet_2_0__leaf_clk (net)
                  0.06    0.00    0.27 ^ _165_/CLK (sky130_fd_sc_hd__dfxtp_1)
     2    0.00    0.03    0.30    0.57 v _165_/Q (sky130_fd_sc_hd__dfxtp_1)
                                         x12.A (net)
                  0.03    0.00    0.57 v _084_/B (sky130_fd_sc_hd__and2_1)
     2    0.00    0.04    0.15    0.72 v _084_/X (sky130_fd_sc_hd__and2_1)
                                         _035_ (net)
                  0.04    0.00    0.72 v _086_/A (sky130_fd_sc_hd__or2b_1)
     3    0.01    0.07    0.24    0.97 v _086_/X (sky130_fd_sc_hd__or2b_1)
                                         _037_ (net)
                  0.07    0.00    0.97 v _088_/B (sky130_fd_sc_hd__nor3b_1)
     2    0.01    0.23    0.23    1.20 ^ _088_/Y (sky130_fd_sc_hd__nor3b_1)
                                         _039_ (net)
                  0.23    0.00    1.20 ^ _094_/A2 (sky130_fd_sc_hd__a21oi_1)
     3    0.01    0.08    0.13    1.33 v _094_/Y (sky130_fd_sc_hd__a21oi_1)
                                         _045_ (net)
                  0.08    0.00    1.33 v _100_/A (sky130_fd_sc_hd__or4_1)
     2    0.01    0.10    0.55    1.88 v _100_/X (sky130_fd_sc_hd__or4_1)
                                         _051_ (net)
                  0.10    0.00    1.88 v _134_/B (sky130_fd_sc_hd__nand2_1)
     2    0.01    0.07    0.10    1.98 ^ _134_/Y (sky130_fd_sc_hd__nand2_1)
                                         _010_ (net)
                  0.07    0.00    1.98 ^ _135_/A2 (sky130_fd_sc_hd__a21oi_1)
     1    0.00    0.05    0.07    2.05 v _135_/Y (sky130_fd_sc_hd__a21oi_1)
                                         x74.S (net)
                  0.05    0.00    2.05 v _154_/D (sky130_fd_sc_hd__dfxtp_1)
                                  2.05   data arrival time

                          2.60    2.60   clock core_clock (rise edge)
                          0.00    2.60   clock source latency
     1    0.01    0.00    0.00    2.60 ^ clk (in)
                                         clk (net)
                  0.00    0.00    2.60 ^ clkbuf_0_clk/A (sky130_fd_sc_hd__clkbuf_16)
     4    0.04    0.06    0.12    2.72 ^ clkbuf_0_clk/X (sky130_fd_sc_hd__clkbuf_16)
                                         clknet_0_clk (net)
                  0.06    0.00    2.72 ^ clkbuf_2_1__f_clk/A (sky130_fd_sc_hd__clkbuf_16)
    15    0.04    0.06    0.15    2.87 ^ clkbuf_2_1__f_clk/X (sky130_fd_sc_hd__clkbuf_16)
                                         clknet_2_1__leaf_clk (net)
                  0.06    0.00    2.87 ^ _154_/CLK (sky130_fd_sc_hd__dfxtp_1)
                          0.00    2.87   clock reconvergence pessimism
                         -0.11    2.76   library setup time
                                  2.76   data required time
-----------------------------------------------------------------------------
                                  2.76   data required time
                                 -2.05   data arrival time
-----------------------------------------------------------------------------
                                  0.71   slack (MET)


Startpoint: _165_ (rising edge-triggered flip-flop clocked by core_clock)
Endpoint: _155_ (rising edge-triggered flip-flop clocked by core_clock)
Path Group: core_clock
Path Type: max

Fanout     Cap    Slew   Delay    Time   Description
-----------------------------------------------------------------------------
                          0.00    0.00   clock core_clock (rise edge)
                          0.00    0.00   clock source latency
     1    0.01    0.00    0.00    0.00 ^ clk (in)
                                         clk (net)
                  0.00    0.00    0.00 ^ clkbuf_0_clk/A (sky130_fd_sc_hd__clkbuf_16)
     4    0.04    0.06    0.12    0.12 ^ clkbuf_0_clk/X (sky130_fd_sc_hd__clkbuf_16)
                                         clknet_0_clk (net)
                  0.06    0.00    0.12 ^ clkbuf_2_0__f_clk/A (sky130_fd_sc_hd__clkbuf_16)
    16    0.04    0.06    0.14    0.27 ^ clkbuf_2_0__f_clk/X (sky130_fd_sc_hd__clkbuf_16)
                                         clknet_2_0__leaf_clk (net)
                  0.06    0.00    0.27 ^ _165_/CLK (sky130_fd_sc_hd__dfxtp_1)
     2    0.00    0.03    0.30    0.57 v _165_/Q (sky130_fd_sc_hd__dfxtp_1)
                                         x12.A (net)
                  0.03    0.00    0.57 v _084_/B (sky130_fd_sc_hd__and2_1)
     2    0.00    0.04    0.15    0.72 v _084_/X (sky130_fd_sc_hd__and2_1)
                                         _035_ (net)
                  0.04    0.00    0.72 v _086_/A (sky130_fd_sc_hd__or2b_1)
     3    0.01    0.07    0.24    0.97 v _086_/X (sky130_fd_sc_hd__or2b_1)
                                         _037_ (net)
                  0.07    0.00    0.97 v _088_/B (sky130_fd_sc_hd__nor3b_1)
     2    0.01    0.23    0.23    1.20 ^ _088_/Y (sky130_fd_sc_hd__nor3b_1)
                                         _039_ (net)
                  0.23    0.00    1.20 ^ _094_/A2 (sky130_fd_sc_hd__a21oi_1)
     3    0.01    0.08    0.13    1.33 v _094_/Y (sky130_fd_sc_hd__a21oi_1)
                                         _045_ (net)
                  0.08    0.00    1.33 v _100_/A (sky130_fd_sc_hd__or4_1)
     2    0.01    0.10    0.55    1.88 v _100_/X (sky130_fd_sc_hd__or4_1)
                                         _051_ (net)
                  0.10    0.00    1.88 v _134_/B (sky130_fd_sc_hd__nand2_1)
     2    0.01    0.07    0.10    1.98 ^ _134_/Y (sky130_fd_sc_hd__nand2_1)
                                         _010_ (net)
                  0.07    0.00    1.98 ^ _137_/A1 (sky130_fd_sc_hd__o21ai_1)
     1    0.00    0.04    0.07    2.05 v _137_/Y (sky130_fd_sc_hd__o21ai_1)
                                         x75.S (net)
                  0.04    0.00    2.05 v _155_/D (sky130_fd_sc_hd__dfxtp_1)
                                  2.05   data arrival time

                          2.60    2.60   clock core_clock (rise edge)
                          0.00    2.60   clock source latency
     1    0.01    0.00    0.00    2.60 ^ clk (in)
                                         clk (net)
                  0.00    0.00    2.60 ^ clkbuf_0_clk/A (sky130_fd_sc_hd__clkbuf_16)
     4    0.04    0.06    0.12    2.72 ^ clkbuf_0_clk/X (sky130_fd_sc_hd__clkbuf_16)
                                         clknet_0_clk (net)
                  0.06    0.00    2.72 ^ clkbuf_2_3__f_clk/A (sky130_fd_sc_hd__clkbuf_16)
    12    0.04    0.06    0.15    2.87 ^ clkbuf_2_3__f_clk/X (sky130_fd_sc_hd__clkbuf_16)
                                         clknet_2_3__leaf_clk (net)
                  0.06    0.00    2.87 ^ _155_/CLK (sky130_fd_sc_hd__dfxtp_1)
                          0.00    2.87   clock reconvergence pessimism
                         -0.11    2.76   library setup time
                                  2.76   data required time
-----------------------------------------------------------------------------
                                  2.76   data required time
                                 -2.05   data arrival time
-----------------------------------------------------------------------------
                                  0.71   slack (MET)


Startpoint: _177_ (rising edge-triggered flip-flop clocked by core_clock)
Endpoint: _153_ (rising edge-triggered flip-flop clocked by core_clock)
Path Group: core_clock
Path Type: max

Fanout     Cap    Slew   Delay    Time   Description
-----------------------------------------------------------------------------
                          0.00    0.00   clock core_clock (rise edge)
                          0.00    0.00   clock source latency
     1    0.01    0.00    0.00    0.00 ^ clk (in)
                                         clk (net)
                  0.00    0.00    0.00 ^ clkbuf_0_clk/A (sky130_fd_sc_hd__clkbuf_16)
     4    0.04    0.06    0.12    0.12 ^ clkbuf_0_clk/X (sky130_fd_sc_hd__clkbuf_16)
                                         clknet_0_clk (net)
                  0.06    0.00    0.12 ^ clkbuf_2_0__f_clk/A (sky130_fd_sc_hd__clkbuf_16)
    16    0.04    0.06    0.14    0.27 ^ clkbuf_2_0__f_clk/X (sky130_fd_sc_hd__clkbuf_16)
                                         clknet_2_0__leaf_clk (net)
                  0.06    0.00    0.27 ^ _177_/CLK (sky130_fd_sc_hd__dfxtp_1)
     4    0.01    0.06    0.33    0.60 v _177_/Q (sky130_fd_sc_hd__dfxtp_1)
                                         x4.B (net)
                  0.06    0.00    0.60 v _078_/A1 (sky130_fd_sc_hd__o221a_1)
     2    0.00    0.05    0.27    0.87 v _078_/X (sky130_fd_sc_hd__o221a_1)
                                         _029_ (net)
                  0.05    0.00    0.87 v _080_/B2 (sky130_fd_sc_hd__a221o_1)
     1    0.00    0.05    0.31    1.18 v _080_/X (sky130_fd_sc_hd__a221o_1)
                                         _031_ (net)
                  0.05    0.00    1.18 v _082_/B2 (sky130_fd_sc_hd__o221a_1)
     4    0.01    0.08    0.25    1.43 v _082_/X (sky130_fd_sc_hd__o221a_1)
                                         _033_ (net)
                  0.08    0.00    1.43 v _094_/A1 (sky130_fd_sc_hd__a21oi_1)
     3    0.01    0.18    0.19    1.62 ^ _094_/Y (sky130_fd_sc_hd__a21oi_1)
                                         _045_ (net)
                  0.18    0.00    1.62 ^ _130_/A (sky130_fd_sc_hd__or3_1)
     1    0.00    0.04    0.14    1.76 ^ _130_/X (sky130_fd_sc_hd__or3_1)
                                         _008_ (net)
                  0.04    0.00    1.76 ^ _131_/A (sky130_fd_sc_hd__nand2_1)
     2    0.01    0.05    0.06    1.81 v _131_/Y (sky130_fd_sc_hd__nand2_1)
                                         _009_ (net)
                  0.05    0.00    1.81 v _133_/A2 (sky130_fd_sc_hd__a21oi_1)
     1    0.00    0.11    0.14    1.95 ^ _133_/Y (sky130_fd_sc_hd__a21oi_1)
                                         x73.S (net)
                  0.11    0.00    1.95 ^ _153_/D (sky130_fd_sc_hd__dfxtp_1)
                                  1.95   data arrival time

                          2.60    2.60   clock core_clock (rise edge)
                          0.00    2.60   clock source latency
     1    0.01    0.00    0.00    2.60 ^ clk (in)
                                         clk (net)
                  0.00    0.00    2.60 ^ clkbuf_0_clk/A (sky130_fd_sc_hd__clkbuf_16)
     4    0.04    0.06    0.12    2.72 ^ clkbuf_0_clk/X (sky130_fd_sc_hd__clkbuf_16)
                                         clknet_0_clk (net)
                  0.06    0.00    2.72 ^ clkbuf_2_1__f_clk/A (sky130_fd_sc_hd__clkbuf_16)
    15    0.04    0.06    0.15    2.87 ^ clkbuf_2_1__f_clk/X (sky130_fd_sc_hd__clkbuf_16)
                                         clknet_2_1__leaf_clk (net)
                  0.06    0.00    2.87 ^ _153_/CLK (sky130_fd_sc_hd__dfxtp_1)
                          0.00    2.87   clock reconvergence pessimism
                         -0.07    2.80   library setup time
                                  2.80   data required time
-----------------------------------------------------------------------------
                                  2.80   data required time
                                 -1.95   data arrival time
-----------------------------------------------------------------------------
                                  0.85   slack (MET)


Startpoint: _177_ (rising edge-triggered flip-flop clocked by core_clock)
Endpoint: _152_ (rising edge-triggered flip-flop clocked by core_clock)
Path Group: core_clock
Path Type: max

Fanout     Cap    Slew   Delay    Time   Description
-----------------------------------------------------------------------------
                          0.00    0.00   clock core_clock (rise edge)
                          0.00    0.00   clock source latency
     1    0.01    0.00    0.00    0.00 ^ clk (in)
                                         clk (net)
                  0.00    0.00    0.00 ^ clkbuf_0_clk/A (sky130_fd_sc_hd__clkbuf_16)
     4    0.04    0.06    0.12    0.12 ^ clkbuf_0_clk/X (sky130_fd_sc_hd__clkbuf_16)
                                         clknet_0_clk (net)
                  0.06    0.00    0.12 ^ clkbuf_2_0__f_clk/A (sky130_fd_sc_hd__clkbuf_16)
    16    0.04    0.06    0.14    0.27 ^ clkbuf_2_0__f_clk/X (sky130_fd_sc_hd__clkbuf_16)
                                         clknet_2_0__leaf_clk (net)
                  0.06    0.00    0.27 ^ _177_/CLK (sky130_fd_sc_hd__dfxtp_1)
     4    0.01    0.06    0.33    0.60 v _177_/Q (sky130_fd_sc_hd__dfxtp_1)
                                         x4.B (net)
                  0.06    0.00    0.60 v _078_/A1 (sky130_fd_sc_hd__o221a_1)
     2    0.00    0.05    0.27    0.87 v _078_/X (sky130_fd_sc_hd__o221a_1)
                                         _029_ (net)
                  0.05    0.00    0.87 v _080_/B2 (sky130_fd_sc_hd__a221o_1)
     1    0.00    0.05    0.31    1.18 v _080_/X (sky130_fd_sc_hd__a221o_1)
                                         _031_ (net)
                  0.05    0.00    1.18 v _082_/B2 (sky130_fd_sc_hd__o221a_1)
     4    0.01    0.08    0.25    1.43 v _082_/X (sky130_fd_sc_hd__o221a_1)
                                         _033_ (net)
                  0.08    0.00    1.43 v _094_/A1 (sky130_fd_sc_hd__a21oi_1)
     3    0.01    0.18    0.19    1.62 ^ _094_/Y (sky130_fd_sc_hd__a21oi_1)
                                         _045_ (net)
                  0.18    0.00    1.62 ^ _130_/A (sky130_fd_sc_hd__or3_1)
     1    0.00    0.04    0.14    1.76 ^ _130_/X (sky130_fd_sc_hd__or3_1)
                                         _008_ (net)
                  0.04    0.00    1.76 ^ _131_/A (sky130_fd_sc_hd__nand2_1)
     2    0.01    0.05    0.06    1.81 v _131_/Y (sky130_fd_sc_hd__nand2_1)
                                         _009_ (net)
                  0.05    0.00    1.81 v _132_/A2 (sky130_fd_sc_hd__o21ai_1)
     1    0.00    0.09    0.10    1.92 ^ _132_/Y (sky130_fd_sc_hd__o21ai_1)
                                         x72.S (net)
                  0.09    0.00    1.92 ^ _152_/D (sky130_fd_sc_hd__dfxtp_1)
                                  1.92   data arrival time

                          2.60    2.60   clock core_clock (rise edge)
                          0.00    2.60   clock source latency
     1    0.01    0.00    0.00    2.60 ^ clk (in)
                                         clk (net)
                  0.00    0.00    2.60 ^ clkbuf_0_clk/A (sky130_fd_sc_hd__clkbuf_16)
     4    0.04    0.06    0.12    2.72 ^ clkbuf_0_clk/X (sky130_fd_sc_hd__clkbuf_16)
                                         clknet_0_clk (net)
                  0.06    0.00    2.72 ^ clkbuf_2_3__f_clk/A (sky130_fd_sc_hd__clkbuf_16)
    12    0.04    0.06    0.15    2.87 ^ clkbuf_2_3__f_clk/X (sky130_fd_sc_hd__clkbuf_16)
                                         clknet_2_3__leaf_clk (net)
                  0.06    0.00    2.87 ^ _152_/CLK (sky130_fd_sc_hd__dfxtp_1)
                          0.00    2.87   clock reconvergence pessimism
                         -0.06    2.81   library setup time
                                  2.81   data required time
-----------------------------------------------------------------------------
                                  2.81   data required time
                                 -1.92   data arrival time
-----------------------------------------------------------------------------
                                  0.89   slack (MET)


Startpoint: _177_ (rising edge-triggered flip-flop clocked by core_clock)
Endpoint: _150_ (rising edge-triggered flip-flop clocked by core_clock)
Path Group: core_clock
Path Type: max

Fanout     Cap    Slew   Delay    Time   Description
-----------------------------------------------------------------------------
                          0.00    0.00   clock core_clock (rise edge)
                          0.00    0.00   clock source latency
     1    0.01    0.00    0.00    0.00 ^ clk (in)
                                         clk (net)
                  0.00    0.00    0.00 ^ clkbuf_0_clk/A (sky130_fd_sc_hd__clkbuf_16)
     4    0.04    0.06    0.12    0.12 ^ clkbuf_0_clk/X (sky130_fd_sc_hd__clkbuf_16)
                                         clknet_0_clk (net)
                  0.06    0.00    0.12 ^ clkbuf_2_0__f_clk/A (sky130_fd_sc_hd__clkbuf_16)
    16    0.04    0.06    0.14    0.27 ^ clkbuf_2_0__f_clk/X (sky130_fd_sc_hd__clkbuf_16)
                                         clknet_2_0__leaf_clk (net)
                  0.06    0.00    0.27 ^ _177_/CLK (sky130_fd_sc_hd__dfxtp_1)
     4    0.01    0.06    0.33    0.60 v _177_/Q (sky130_fd_sc_hd__dfxtp_1)
                                         x4.B (net)
                  0.06    0.00    0.60 v _078_/A1 (sky130_fd_sc_hd__o221a_1)
     2    0.00    0.05    0.27    0.87 v _078_/X (sky130_fd_sc_hd__o221a_1)
                                         _029_ (net)
                  0.05    0.00    0.87 v _080_/B2 (sky130_fd_sc_hd__a221o_1)
     1    0.00    0.05    0.31    1.18 v _080_/X (sky130_fd_sc_hd__a221o_1)
                                         _031_ (net)
                  0.05    0.00    1.18 v _082_/B2 (sky130_fd_sc_hd__o221a_1)
     4    0.01    0.08    0.25    1.43 v _082_/X (sky130_fd_sc_hd__o221a_1)
                                         _033_ (net)
                  0.08    0.00    1.43 v _094_/A1 (sky130_fd_sc_hd__a21oi_1)
     3    0.01    0.18    0.19    1.62 ^ _094_/Y (sky130_fd_sc_hd__a21oi_1)
                                         _045_ (net)
                  0.18    0.00    1.62 ^ _127_/A (sky130_fd_sc_hd__nor2_1)
     2    0.01    0.06    0.09    1.71 v _127_/Y (sky130_fd_sc_hd__nor2_1)
                                         _007_ (net)
                  0.06    0.00    1.71 v _128_/A2 (sky130_fd_sc_hd__a21oi_1)
     1    0.00    0.12    0.15    1.86 ^ _128_/Y (sky130_fd_sc_hd__a21oi_1)
                                         x70.S (net)
                  0.12    0.00    1.86 ^ _150_/D (sky130_fd_sc_hd__dfxtp_1)
                                  1.86   data arrival time

                          2.60    2.60   clock core_clock (rise edge)
                          0.00    2.60   clock source latency
     1    0.01    0.00    0.00    2.60 ^ clk (in)
                                         clk (net)
                  0.00    0.00    2.60 ^ clkbuf_0_clk/A (sky130_fd_sc_hd__clkbuf_16)
     4    0.04    0.06    0.12    2.72 ^ clkbuf_0_clk/X (sky130_fd_sc_hd__clkbuf_16)
                                         clknet_0_clk (net)
                  0.06    0.00    2.72 ^ clkbuf_2_0__f_clk/A (sky130_fd_sc_hd__clkbuf_16)
    16    0.04    0.06    0.14    2.87 ^ clkbuf_2_0__f_clk/X (sky130_fd_sc_hd__clkbuf_16)
                                         clknet_2_0__leaf_clk (net)
                  0.06    0.00    2.87 ^ _150_/CLK (sky130_fd_sc_hd__dfxtp_1)
                          0.00    2.87   clock reconvergence pessimism
                         -0.07    2.80   library setup time
                                  2.80   data required time
-----------------------------------------------------------------------------
                                  2.80   data required time
                                 -1.86   data arrival time
-----------------------------------------------------------------------------
                                  0.94   slack (MET)


Startpoint: _177_ (rising edge-triggered flip-flop clocked by core_clock)
Endpoint: _151_ (rising edge-triggered flip-flop clocked by core_clock)
Path Group: core_clock
Path Type: max

Fanout     Cap    Slew   Delay    Time   Description
-----------------------------------------------------------------------------
                          0.00    0.00   clock core_clock (rise edge)
                          0.00    0.00   clock source latency
     1    0.01    0.00    0.00    0.00 ^ clk (in)
                                         clk (net)
                  0.00    0.00    0.00 ^ clkbuf_0_clk/A (sky130_fd_sc_hd__clkbuf_16)
     4    0.04    0.06    0.12    0.12 ^ clkbuf_0_clk/X (sky130_fd_sc_hd__clkbuf_16)
                                         clknet_0_clk (net)
                  0.06    0.00    0.12 ^ clkbuf_2_0__f_clk/A (sky130_fd_sc_hd__clkbuf_16)
    16    0.04    0.06    0.14    0.27 ^ clkbuf_2_0__f_clk/X (sky130_fd_sc_hd__clkbuf_16)
                                         clknet_2_0__leaf_clk (net)
                  0.06    0.00    0.27 ^ _177_/CLK (sky130_fd_sc_hd__dfxtp_1)
     4    0.01    0.06    0.33    0.60 v _177_/Q (sky130_fd_sc_hd__dfxtp_1)
                                         x4.B (net)
                  0.06    0.00    0.60 v _078_/A1 (sky130_fd_sc_hd__o221a_1)
     2    0.00    0.05    0.27    0.87 v _078_/X (sky130_fd_sc_hd__o221a_1)
                                         _029_ (net)
                  0.05    0.00    0.87 v _080_/B2 (sky130_fd_sc_hd__a221o_1)
     1    0.00    0.05    0.31    1.18 v _080_/X (sky130_fd_sc_hd__a221o_1)
                                         _031_ (net)
                  0.05    0.00    1.18 v _082_/B2 (sky130_fd_sc_hd__o221a_1)
     4    0.01    0.08    0.25    1.43 v _082_/X (sky130_fd_sc_hd__o221a_1)
                                         _033_ (net)
                  0.08    0.00    1.43 v _094_/A1 (sky130_fd_sc_hd__a21oi_1)
     3    0.01    0.18    0.19    1.62 ^ _094_/Y (sky130_fd_sc_hd__a21oi_1)
                                         _045_ (net)
                  0.18    0.00    1.62 ^ _127_/A (sky130_fd_sc_hd__nor2_1)
     2    0.01    0.06    0.09    1.71 v _127_/Y (sky130_fd_sc_hd__nor2_1)
                                         _007_ (net)
                  0.06    0.00    1.71 v _129_/A1 (sky130_fd_sc_hd__a21boi_1)
     1    0.00    0.10    0.11    1.82 ^ _129_/Y (sky130_fd_sc_hd__a21boi_1)
                                         x71.S (net)
                  0.10    0.00    1.82 ^ _151_/D (sky130_fd_sc_hd__dfxtp_1)
                                  1.82   data arrival time

                          2.60    2.60   clock core_clock (rise edge)
                          0.00    2.60   clock source latency
     1    0.01    0.00    0.00    2.60 ^ clk (in)
                                         clk (net)
                  0.00    0.00    2.60 ^ clkbuf_0_clk/A (sky130_fd_sc_hd__clkbuf_16)
     4    0.04    0.06    0.12    2.72 ^ clkbuf_0_clk/X (sky130_fd_sc_hd__clkbuf_16)
                                         clknet_0_clk (net)
                  0.06    0.00    2.72 ^ clkbuf_2_3__f_clk/A (sky130_fd_sc_hd__clkbuf_16)
    12    0.04    0.06    0.15    2.87 ^ clkbuf_2_3__f_clk/X (sky130_fd_sc_hd__clkbuf_16)
                                         clknet_2_3__leaf_clk (net)
                  0.06    0.00    2.87 ^ _151_/CLK (sky130_fd_sc_hd__dfxtp_1)
                          0.00    2.87   clock reconvergence pessimism
                         -0.06    2.81   library setup time
                                  2.81   data required time
-----------------------------------------------------------------------------
                                  2.81   data required time
                                 -1.82   data arrival time
-----------------------------------------------------------------------------
                                  0.99   slack (MET)


Startpoint: _177_ (rising edge-triggered flip-flop clocked by core_clock)
Endpoint: _146_ (rising edge-triggered flip-flop clocked by core_clock)
Path Group: core_clock
Path Type: max

Fanout     Cap    Slew   Delay    Time   Description
-----------------------------------------------------------------------------
                          0.00    0.00   clock core_clock (rise edge)
                          0.00    0.00   clock source latency
     1    0.01    0.00    0.00    0.00 ^ clk (in)
                                         clk (net)
                  0.00    0.00    0.00 ^ clkbuf_0_clk/A (sky130_fd_sc_hd__clkbuf_16)
     4    0.04    0.06    0.12    0.12 ^ clkbuf_0_clk/X (sky130_fd_sc_hd__clkbuf_16)
                                         clknet_0_clk (net)
                  0.06    0.00    0.12 ^ clkbuf_2_0__f_clk/A (sky130_fd_sc_hd__clkbuf_16)
    16    0.04    0.06    0.14    0.27 ^ clkbuf_2_0__f_clk/X (sky130_fd_sc_hd__clkbuf_16)
                                         clknet_2_0__leaf_clk (net)
                  0.06    0.00    0.27 ^ _177_/CLK (sky130_fd_sc_hd__dfxtp_1)
     4    0.01    0.06    0.33    0.60 v _177_/Q (sky130_fd_sc_hd__dfxtp_1)
                                         x4.B (net)
                  0.06    0.00    0.60 v _078_/A1 (sky130_fd_sc_hd__o221a_1)
     2    0.00    0.05    0.27    0.87 v _078_/X (sky130_fd_sc_hd__o221a_1)
                                         _029_ (net)
                  0.05    0.00    0.87 v _080_/B2 (sky130_fd_sc_hd__a221o_1)
     1    0.00    0.05    0.31    1.18 v _080_/X (sky130_fd_sc_hd__a221o_1)
                                         _031_ (net)
                  0.05    0.00    1.18 v _082_/B2 (sky130_fd_sc_hd__o221a_1)
     4    0.01    0.08    0.25    1.43 v _082_/X (sky130_fd_sc_hd__o221a_1)
                                         _033_ (net)
                  0.08    0.00    1.43 v _120_/B1_N (sky130_fd_sc_hd__o21ba_1)
     1    0.00    0.05    0.22    1.64 ^ _120_/X (sky130_fd_sc_hd__o21ba_1)
                                         _004_ (net)
                  0.05    0.00    1.64 ^ _121_/B1 (sky130_fd_sc_hd__a21o_1)
     1    0.00    0.03    0.07    1.72 ^ _121_/X (sky130_fd_sc_hd__a21o_1)
                                         x66.S (net)
                  0.03    0.00    1.72 ^ _146_/D (sky130_fd_sc_hd__dfxtp_1)
                                  1.72   data arrival time

                          2.60    2.60   clock core_clock (rise edge)
                          0.00    2.60   clock source latency
     1    0.01    0.00    0.00    2.60 ^ clk (in)
                                         clk (net)
                  0.00    0.00    2.60 ^ clkbuf_0_clk/A (sky130_fd_sc_hd__clkbuf_16)
     4    0.04    0.06    0.12    2.72 ^ clkbuf_0_clk/X (sky130_fd_sc_hd__clkbuf_16)
                                         clknet_0_clk (net)
                  0.06    0.00    2.72 ^ clkbuf_2_0__f_clk/A (sky130_fd_sc_hd__clkbuf_16)
    16    0.04    0.06    0.14    2.87 ^ clkbuf_2_0__f_clk/X (sky130_fd_sc_hd__clkbuf_16)
                                         clknet_2_0__leaf_clk (net)
                  0.06    0.00    2.87 ^ _146_/CLK (sky130_fd_sc_hd__dfxtp_1)
                          0.00    2.87   clock reconvergence pessimism
                         -0.05    2.82   library setup time
                                  2.82   data required time
-----------------------------------------------------------------------------
                                  2.82   data required time
                                 -1.72   data arrival time
-----------------------------------------------------------------------------
                                  1.10   slack (MET)


Startpoint: _177_ (rising edge-triggered flip-flop clocked by core_clock)
Endpoint: _148_ (rising edge-triggered flip-flop clocked by core_clock)
Path Group: core_clock
Path Type: max

Fanout     Cap    Slew   Delay    Time   Description
-----------------------------------------------------------------------------
                          0.00    0.00   clock core_clock (rise edge)
                          0.00    0.00   clock source latency
     1    0.01    0.00    0.00    0.00 ^ clk (in)
                                         clk (net)
                  0.00    0.00    0.00 ^ clkbuf_0_clk/A (sky130_fd_sc_hd__clkbuf_16)
     4    0.04    0.06    0.12    0.12 ^ clkbuf_0_clk/X (sky130_fd_sc_hd__clkbuf_16)
                                         clknet_0_clk (net)
                  0.06    0.00    0.12 ^ clkbuf_2_0__f_clk/A (sky130_fd_sc_hd__clkbuf_16)
    16    0.04    0.06    0.14    0.27 ^ clkbuf_2_0__f_clk/X (sky130_fd_sc_hd__clkbuf_16)
                                         clknet_2_0__leaf_clk (net)
                  0.06    0.00    0.27 ^ _177_/CLK (sky130_fd_sc_hd__dfxtp_1)
     4    0.01    0.06    0.33    0.60 v _177_/Q (sky130_fd_sc_hd__dfxtp_1)
                                         x4.B (net)
                  0.06    0.00    0.60 v _078_/A1 (sky130_fd_sc_hd__o221a_1)
     2    0.00    0.05    0.27    0.87 v _078_/X (sky130_fd_sc_hd__o221a_1)
                                         _029_ (net)
                  0.05    0.00    0.87 v _080_/B2 (sky130_fd_sc_hd__a221o_1)
     1    0.00    0.05    0.31    1.18 v _080_/X (sky130_fd_sc_hd__a221o_1)
                                         _031_ (net)
                  0.05    0.00    1.18 v _082_/B2 (sky130_fd_sc_hd__o221a_1)
     4    0.01    0.08    0.25    1.43 v _082_/X (sky130_fd_sc_hd__o221a_1)
                                         _033_ (net)
                  0.08    0.00    1.43 v _123_/A (sky130_fd_sc_hd__nand2_1)
     2    0.01    0.07    0.09    1.51 ^ _123_/Y (sky130_fd_sc_hd__nand2_1)
                                         _005_ (net)
                  0.07    0.00    1.51 ^ _124_/A3 (sky130_fd_sc_hd__a31o_1)
     1    0.00    0.04    0.14    1.65 ^ _124_/X (sky130_fd_sc_hd__a31o_1)
                                         x68.S (net)
                  0.04    0.00    1.65 ^ _148_/D (sky130_fd_sc_hd__dfxtp_1)
                                  1.65   data arrival time

                          2.60    2.60   clock core_clock (rise edge)
                          0.00    2.60   clock source latency
     1    0.01    0.00    0.00    2.60 ^ clk (in)
                                         clk (net)
                  0.00    0.00    2.60 ^ clkbuf_0_clk/A (sky130_fd_sc_hd__clkbuf_16)
     4    0.04    0.06    0.12    2.72 ^ clkbuf_0_clk/X (sky130_fd_sc_hd__clkbuf_16)
                                         clknet_0_clk (net)
                  0.06    0.00    2.72 ^ clkbuf_2_0__f_clk/A (sky130_fd_sc_hd__clkbuf_16)
    16    0.04    0.06    0.14    2.87 ^ clkbuf_2_0__f_clk/X (sky130_fd_sc_hd__clkbuf_16)
                                         clknet_2_0__leaf_clk (net)
                  0.06    0.00    2.87 ^ _148_/CLK (sky130_fd_sc_hd__dfxtp_1)
                          0.00    2.87   clock reconvergence pessimism
                         -0.05    2.82   library setup time
                                  2.82   data required time
-----------------------------------------------------------------------------
                                  2.82   data required time
                                 -1.65   data arrival time
-----------------------------------------------------------------------------
                                  1.17   slack (MET)


Startpoint: _177_ (rising edge-triggered flip-flop clocked by core_clock)
Endpoint: _149_ (rising edge-triggered flip-flop clocked by core_clock)
Path Group: core_clock
Path Type: max

Fanout     Cap    Slew   Delay    Time   Description
-----------------------------------------------------------------------------
                          0.00    0.00   clock core_clock (rise edge)
                          0.00    0.00   clock source latency
     1    0.01    0.00    0.00    0.00 ^ clk (in)
                                         clk (net)
                  0.00    0.00    0.00 ^ clkbuf_0_clk/A (sky130_fd_sc_hd__clkbuf_16)
     4    0.04    0.06    0.12    0.12 ^ clkbuf_0_clk/X (sky130_fd_sc_hd__clkbuf_16)
                                         clknet_0_clk (net)
                  0.06    0.00    0.12 ^ clkbuf_2_0__f_clk/A (sky130_fd_sc_hd__clkbuf_16)
    16    0.04    0.06    0.14    0.27 ^ clkbuf_2_0__f_clk/X (sky130_fd_sc_hd__clkbuf_16)
                                         clknet_2_0__leaf_clk (net)
                  0.06    0.00    0.27 ^ _177_/CLK (sky130_fd_sc_hd__dfxtp_1)
     4    0.01    0.06    0.33    0.60 v _177_/Q (sky130_fd_sc_hd__dfxtp_1)
                                         x4.B (net)
                  0.06    0.00    0.60 v _078_/A1 (sky130_fd_sc_hd__o221a_1)
     2    0.00    0.05    0.27    0.87 v _078_/X (sky130_fd_sc_hd__o221a_1)
                                         _029_ (net)
                  0.05    0.00    0.87 v _080_/B2 (sky130_fd_sc_hd__a221o_1)
     1    0.00    0.05    0.31    1.18 v _080_/X (sky130_fd_sc_hd__a221o_1)
                                         _031_ (net)
                  0.05    0.00    1.18 v _082_/B2 (sky130_fd_sc_hd__o221a_1)
     4    0.01    0.08    0.25    1.43 v _082_/X (sky130_fd_sc_hd__o221a_1)
                                         _033_ (net)
                  0.08    0.00    1.43 v _123_/A (sky130_fd_sc_hd__nand2_1)
     2    0.01    0.07    0.09    1.51 ^ _123_/Y (sky130_fd_sc_hd__nand2_1)
                                         _005_ (net)
                  0.07    0.00    1.51 ^ _126_/A1 (sky130_fd_sc_hd__a21bo_1)
     1    0.00    0.04    0.11    1.62 ^ _126_/X (sky130_fd_sc_hd__a21bo_1)
                                         x69.S (net)
                  0.04    0.00    1.62 ^ _149_/D (sky130_fd_sc_hd__dfxtp_1)
                                  1.62   data arrival time

                          2.60    2.60   clock core_clock (rise edge)
                          0.00    2.60   clock source latency
     1    0.01    0.00    0.00    2.60 ^ clk (in)
                                         clk (net)
                  0.00    0.00    2.60 ^ clkbuf_0_clk/A (sky130_fd_sc_hd__clkbuf_16)
     4    0.04    0.06    0.12    2.72 ^ clkbuf_0_clk/X (sky130_fd_sc_hd__clkbuf_16)
                                         clknet_0_clk (net)
                  0.06    0.00    2.72 ^ clkbuf_2_0__f_clk/A (sky130_fd_sc_hd__clkbuf_16)
    16    0.04    0.06    0.14    2.87 ^ clkbuf_2_0__f_clk/X (sky130_fd_sc_hd__clkbuf_16)
                                         clknet_2_0__leaf_clk (net)
                  0.06    0.00    2.87 ^ _149_/CLK (sky130_fd_sc_hd__dfxtp_1)
                          0.00    2.87   clock reconvergence pessimism
                         -0.05    2.82   library setup time
                                  2.82   data required time
-----------------------------------------------------------------------------
                                  2.82   data required time
                                 -1.62   data arrival time
-----------------------------------------------------------------------------
                                  1.20   slack (MET)


Startpoint: _177_ (rising edge-triggered flip-flop clocked by core_clock)
Endpoint: _147_ (rising edge-triggered flip-flop clocked by core_clock)
Path Group: core_clock
Path Type: max

Fanout     Cap    Slew   Delay    Time   Description
-----------------------------------------------------------------------------
                          0.00    0.00   clock core_clock (rise edge)
                          0.00    0.00   clock source latency
     1    0.01    0.00    0.00    0.00 ^ clk (in)
                                         clk (net)
                  0.00    0.00    0.00 ^ clkbuf_0_clk/A (sky130_fd_sc_hd__clkbuf_16)
     4    0.04    0.06    0.12    0.12 ^ clkbuf_0_clk/X (sky130_fd_sc_hd__clkbuf_16)
                                         clknet_0_clk (net)
                  0.06    0.00    0.12 ^ clkbuf_2_0__f_clk/A (sky130_fd_sc_hd__clkbuf_16)
    16    0.04    0.06    0.14    0.27 ^ clkbuf_2_0__f_clk/X (sky130_fd_sc_hd__clkbuf_16)
                                         clknet_2_0__leaf_clk (net)
                  0.06    0.00    0.27 ^ _177_/CLK (sky130_fd_sc_hd__dfxtp_1)
     4    0.01    0.06    0.33    0.60 v _177_/Q (sky130_fd_sc_hd__dfxtp_1)
                                         x4.B (net)
                  0.06    0.00    0.60 v _078_/A1 (sky130_fd_sc_hd__o221a_1)
     2    0.00    0.05    0.27    0.87 v _078_/X (sky130_fd_sc_hd__o221a_1)
                                         _029_ (net)
                  0.05    0.00    0.87 v _080_/B2 (sky130_fd_sc_hd__a221o_1)
     1    0.00    0.05    0.31    1.18 v _080_/X (sky130_fd_sc_hd__a221o_1)
                                         _031_ (net)
                  0.05    0.00    1.18 v _082_/B2 (sky130_fd_sc_hd__o221a_1)
     4    0.01    0.08    0.25    1.43 v _082_/X (sky130_fd_sc_hd__o221a_1)
                                         _033_ (net)
                  0.08    0.00    1.43 v _122_/A1 (sky130_fd_sc_hd__a21oi_1)
     1    0.00    0.10    0.13    1.56 ^ _122_/Y (sky130_fd_sc_hd__a21oi_1)
                                         x67.S (net)
                  0.10    0.00    1.56 ^ _147_/D (sky130_fd_sc_hd__dfxtp_1)
                                  1.56   data arrival time

                          2.60    2.60   clock core_clock (rise edge)
                          0.00    2.60   clock source latency
     1    0.01    0.00    0.00    2.60 ^ clk (in)
                                         clk (net)
                  0.00    0.00    2.60 ^ clkbuf_0_clk/A (sky130_fd_sc_hd__clkbuf_16)
     4    0.04    0.06    0.12    2.72 ^ clkbuf_0_clk/X (sky130_fd_sc_hd__clkbuf_16)
                                         clknet_0_clk (net)
                  0.06    0.00    2.72 ^ clkbuf_2_0__f_clk/A (sky130_fd_sc_hd__clkbuf_16)
    16    0.04    0.06    0.14    2.87 ^ clkbuf_2_0__f_clk/X (sky130_fd_sc_hd__clkbuf_16)
                                         clknet_2_0__leaf_clk (net)
                  0.06    0.00    2.87 ^ _147_/CLK (sky130_fd_sc_hd__dfxtp_1)
                          0.00    2.87   clock reconvergence pessimism
                         -0.07    2.80   library setup time
                                  2.80   data required time
-----------------------------------------------------------------------------
                                  2.80   data required time
                                 -1.56   data arrival time
-----------------------------------------------------------------------------
                                  1.25   slack (MET)


Startpoint: _161_ (rising edge-triggered flip-flop clocked by core_clock)
Endpoint: _145_ (rising edge-triggered flip-flop clocked by core_clock)
Path Group: core_clock
Path Type: max

Fanout     Cap    Slew   Delay    Time   Description
-----------------------------------------------------------------------------
                          0.00    0.00   clock core_clock (rise edge)
                          0.00    0.00   clock source latency
     1    0.01    0.00    0.00    0.00 ^ clk (in)
                                         clk (net)
                  0.00    0.00    0.00 ^ clkbuf_0_clk/A (sky130_fd_sc_hd__clkbuf_16)
     4    0.04    0.06    0.12    0.12 ^ clkbuf_0_clk/X (sky130_fd_sc_hd__clkbuf_16)
                                         clknet_0_clk (net)
                  0.06    0.00    0.12 ^ clkbuf_2_1__f_clk/A (sky130_fd_sc_hd__clkbuf_16)
    15    0.04    0.06    0.15    0.27 ^ clkbuf_2_1__f_clk/X (sky130_fd_sc_hd__clkbuf_16)
                                         clknet_2_1__leaf_clk (net)
                  0.06    0.00    0.27 ^ _161_/CLK (sky130_fd_sc_hd__dfxtp_1)
     4    0.01    0.06    0.33    0.60 v _161_/Q (sky130_fd_sc_hd__dfxtp_1)
                                         x4.A (net)
                  0.06    0.00    0.60 v _075_/A2 (sky130_fd_sc_hd__a22oi_1)
     2    0.01    0.20    0.22    0.81 ^ _075_/Y (sky130_fd_sc_hd__a22oi_1)
                                         _026_ (net)
                  0.20    0.00    0.81 ^ _077_/A (sky130_fd_sc_hd__nor2_1)
     2    0.00    0.06    0.08    0.90 v _077_/Y (sky130_fd_sc_hd__nor2_1)
                                         _028_ (net)
                  0.06    0.00    0.90 v _116_/B (sky130_fd_sc_hd__or2_1)
     2    0.00    0.06    0.21    1.11 v _116_/X (sky130_fd_sc_hd__or2_1)
                                         _002_ (net)
                  0.06    0.00    1.11 v _118_/B1_N (sky130_fd_sc_hd__o21ba_1)
     1    0.00    0.05    0.21    1.32 ^ _118_/X (sky130_fd_sc_hd__o21ba_1)
                                         _003_ (net)
                  0.05    0.00    1.32 ^ _119_/B1 (sky130_fd_sc_hd__a21o_1)
     1    0.00    0.04    0.08    1.40 ^ _119_/X (sky130_fd_sc_hd__a21o_1)
                                         x65.S (net)
                  0.04    0.00    1.40 ^ _145_/D (sky130_fd_sc_hd__dfxtp_1)
                                  1.40   data arrival time

                          2.60    2.60   clock core_clock (rise edge)
                          0.00    2.60   clock source latency
     1    0.01    0.00    0.00    2.60 ^ clk (in)
                                         clk (net)
                  0.00    0.00    2.60 ^ clkbuf_0_clk/A (sky130_fd_sc_hd__clkbuf_16)
     4    0.04    0.06    0.12    2.72 ^ clkbuf_0_clk/X (sky130_fd_sc_hd__clkbuf_16)
                                         clknet_0_clk (net)
                  0.06    0.00    2.72 ^ clkbuf_2_0__f_clk/A (sky130_fd_sc_hd__clkbuf_16)
    16    0.04    0.06    0.14    2.87 ^ clkbuf_2_0__f_clk/X (sky130_fd_sc_hd__clkbuf_16)
                                         clknet_2_0__leaf_clk (net)
                  0.06    0.00    2.87 ^ _145_/CLK (sky130_fd_sc_hd__dfxtp_1)
                          0.00    2.87   clock reconvergence pessimism
                         -0.05    2.82   library setup time
                                  2.82   data required time
-----------------------------------------------------------------------------
                                  2.82   data required time
                                 -1.40   data arrival time
-----------------------------------------------------------------------------
                                  1.42   slack (MET)


Startpoint: _161_ (rising edge-triggered flip-flop clocked by core_clock)
Endpoint: _144_ (rising edge-triggered flip-flop clocked by core_clock)
Path Group: core_clock
Path Type: max

Fanout     Cap    Slew   Delay    Time   Description
-----------------------------------------------------------------------------
                          0.00    0.00   clock core_clock (rise edge)
                          0.00    0.00   clock source latency
     1    0.01    0.00    0.00    0.00 ^ clk (in)
                                         clk (net)
                  0.00    0.00    0.00 ^ clkbuf_0_clk/A (sky130_fd_sc_hd__clkbuf_16)
     4    0.04    0.06    0.12    0.12 ^ clkbuf_0_clk/X (sky130_fd_sc_hd__clkbuf_16)
                                         clknet_0_clk (net)
                  0.06    0.00    0.12 ^ clkbuf_2_1__f_clk/A (sky130_fd_sc_hd__clkbuf_16)
    15    0.04    0.06    0.15    0.27 ^ clkbuf_2_1__f_clk/X (sky130_fd_sc_hd__clkbuf_16)
                                         clknet_2_1__leaf_clk (net)
                  0.06    0.00    0.27 ^ _161_/CLK (sky130_fd_sc_hd__dfxtp_1)
     4    0.01    0.06    0.33    0.60 v _161_/Q (sky130_fd_sc_hd__dfxtp_1)
                                         x4.A (net)
                  0.06    0.00    0.60 v _075_/A2 (sky130_fd_sc_hd__a22oi_1)
     2    0.01    0.20    0.22    0.81 ^ _075_/Y (sky130_fd_sc_hd__a22oi_1)
                                         _026_ (net)
                  0.20    0.00    0.81 ^ _077_/A (sky130_fd_sc_hd__nor2_1)
     2    0.00    0.06    0.08    0.90 v _077_/Y (sky130_fd_sc_hd__nor2_1)
                                         _028_ (net)
                  0.06    0.00    0.90 v _116_/B (sky130_fd_sc_hd__or2_1)
     2    0.00    0.06    0.21    1.11 v _116_/X (sky130_fd_sc_hd__or2_1)
                                         _002_ (net)
                  0.06    0.00    1.11 v _117_/A2 (sky130_fd_sc_hd__a21oi_1)
     1    0.00    0.13    0.16    1.27 ^ _117_/Y (sky130_fd_sc_hd__a21oi_1)
                                         x64.S (net)
                  0.13    0.00    1.27 ^ _144_/D (sky130_fd_sc_hd__dfxtp_1)
                                  1.27   data arrival time

                          2.60    2.60   clock core_clock (rise edge)
                          0.00    2.60   clock source latency
     1    0.01    0.00    0.00    2.60 ^ clk (in)
                                         clk (net)
                  0.00    0.00    2.60 ^ clkbuf_0_clk/A (sky130_fd_sc_hd__clkbuf_16)
     4    0.04    0.06    0.12    2.72 ^ clkbuf_0_clk/X (sky130_fd_sc_hd__clkbuf_16)
                                         clknet_0_clk (net)
                  0.06    0.00    2.72 ^ clkbuf_2_0__f_clk/A (sky130_fd_sc_hd__clkbuf_16)
    16    0.04    0.06    0.14    2.87 ^ clkbuf_2_0__f_clk/X (sky130_fd_sc_hd__clkbuf_16)
                                         clknet_2_0__leaf_clk (net)
                  0.06    0.00    2.87 ^ _144_/CLK (sky130_fd_sc_hd__dfxtp_1)
                          0.00    2.87   clock reconvergence pessimism
                         -0.07    2.80   library setup time
                                  2.80   data required time
-----------------------------------------------------------------------------
                                  2.80   data required time
                                 -1.27   data arrival time
-----------------------------------------------------------------------------
                                  1.52   slack (MET)


Startpoint: _176_ (rising edge-triggered flip-flop clocked by core_clock)
Endpoint: _143_ (rising edge-triggered flip-flop clocked by core_clock)
Path Group: core_clock
Path Type: max

Fanout     Cap    Slew   Delay    Time   Description
-----------------------------------------------------------------------------
                          0.00    0.00   clock core_clock (rise edge)
                          0.00    0.00   clock source latency
     1    0.01    0.00    0.00    0.00 ^ clk (in)
                                         clk (net)
                  0.00    0.00    0.00 ^ clkbuf_0_clk/A (sky130_fd_sc_hd__clkbuf_16)
     4    0.04    0.06    0.12    0.12 ^ clkbuf_0_clk/X (sky130_fd_sc_hd__clkbuf_16)
                                         clknet_0_clk (net)
                  0.06    0.00    0.12 ^ clkbuf_2_1__f_clk/A (sky130_fd_sc_hd__clkbuf_16)
    15    0.04    0.06    0.15    0.27 ^ clkbuf_2_1__f_clk/X (sky130_fd_sc_hd__clkbuf_16)
                                         clknet_2_1__leaf_clk (net)
                  0.06    0.00    0.27 ^ _176_/CLK (sky130_fd_sc_hd__dfxtp_1)
     4    0.01    0.06    0.32    0.59 v _176_/Q (sky130_fd_sc_hd__dfxtp_1)
                                         x2.B (net)
                  0.06    0.00    0.59 v _113_/A1 (sky130_fd_sc_hd__o21ba_1)
     1    0.00    0.03    0.18    0.77 v _113_/X (sky130_fd_sc_hd__o21ba_1)
                                         _000_ (net)
                  0.03    0.00    0.77 v _114_/B1 (sky130_fd_sc_hd__a21o_1)
     1    0.00    0.04    0.15    0.92 v _114_/X (sky130_fd_sc_hd__a21o_1)
                                         x63.S (net)
                  0.04    0.00    0.92 v _143_/D (sky130_fd_sc_hd__dfxtp_1)
                                  0.92   data arrival time

                          2.60    2.60   clock core_clock (rise edge)
                          0.00    2.60   clock source latency
     1    0.01    0.00    0.00    2.60 ^ clk (in)
                                         clk (net)
                  0.00    0.00    2.60 ^ clkbuf_0_clk/A (sky130_fd_sc_hd__clkbuf_16)
     4    0.04    0.06    0.12    2.72 ^ clkbuf_0_clk/X (sky130_fd_sc_hd__clkbuf_16)
                                         clknet_0_clk (net)
                  0.06    0.00    2.72 ^ clkbuf_2_0__f_clk/A (sky130_fd_sc_hd__clkbuf_16)
    16    0.04    0.06    0.14    2.87 ^ clkbuf_2_0__f_clk/X (sky130_fd_sc_hd__clkbuf_16)
                                         clknet_2_0__leaf_clk (net)
                  0.06    0.00    2.87 ^ _143_/CLK (sky130_fd_sc_hd__dfxtp_1)
                          0.00    2.87   clock reconvergence pessimism
                         -0.10    2.77   library setup time
                                  2.77   data required time
-----------------------------------------------------------------------------
                                  2.77   data required time
                                 -0.92   data arrival time
-----------------------------------------------------------------------------
                                  1.84   slack (MET)



worst slack corner Typical: 0.1314
