
===========================================================================
report_checks -path_delay max (Setup)
============================================================================
======================= Typical Corner ===================================

Startpoint: _172_ (rising edge-triggered flip-flop clocked by core_clock)
Endpoint: _170_ (rising edge-triggered flip-flop clocked by core_clock)
Path Group: core_clock
Path Type: max

Fanout     Cap    Slew   Delay    Time   Description
-----------------------------------------------------------------------------
                  0.00    0.00    0.00   clock core_clock (rise edge)
                          0.00    0.00   clock network delay (ideal)
                  0.00    0.00    0.00 ^ _172_/CLK (sky130_fd_sc_hd__dfxtp_2)
     2    0.01    0.05    0.30    0.30 ^ _172_/Q (sky130_fd_sc_hd__dfxtp_2)
                                         a_q[0] (net)
                  0.05    0.00    0.30 ^ _075_/A (sky130_fd_sc_hd__or2_2)
     2    0.01    0.05    0.11    0.41 ^ _075_/X (sky130_fd_sc_hd__or2_2)
                                         _034_ (net)
                  0.05    0.00    0.41 ^ _079_/A2 (sky130_fd_sc_hd__a21bo_2)
     2    0.01    0.09    0.16    0.57 ^ _079_/X (sky130_fd_sc_hd__a21bo_2)
                                         _037_ (net)
                  0.09    0.00    0.57 ^ _084_/A1 (sky130_fd_sc_hd__a21boi_2)
     3    0.01    0.07    0.08    0.66 v _084_/Y (sky130_fd_sc_hd__a21boi_2)
                                         _041_ (net)
                  0.07    0.00    0.66 v _100_/A1 (sky130_fd_sc_hd__o31a_2)
     4    0.01    0.08    0.39    1.04 v _100_/X (sky130_fd_sc_hd__o31a_2)
                                         _055_ (net)
                  0.08    0.00    1.04 v _121_/A1 (sky130_fd_sc_hd__o31a_2)
     4    0.02    0.09    0.40    1.45 v _121_/X (sky130_fd_sc_hd__o31a_2)
                                         _072_ (net)
                  0.09    0.00    1.45 v _145_/A1 (sky130_fd_sc_hd__o31ai_2)
     3    0.02    0.39    0.41    1.86 ^ _145_/Y (sky130_fd_sc_hd__o31ai_2)
                                         _017_ (net)
                  0.39    0.00    1.86 ^ _158_/A1 (sky130_fd_sc_hd__a211oi_2)
     2    0.01    0.11    0.14    2.00 v _158_/Y (sky130_fd_sc_hd__a211oi_2)
                                         _028_ (net)
                  0.11    0.00    2.00 v _164_/A3 (sky130_fd_sc_hd__o31a_2)
     2    0.01    0.08    0.34    2.33 v _164_/X (sky130_fd_sc_hd__o31a_2)
                                         _033_ (net)
                  0.08    0.00    2.33 v _165_/B (sky130_fd_sc_hd__xor2_2)
     1    0.00    0.04    0.14    2.47 v _165_/X (sky130_fd_sc_hd__xor2_2)
                                         sum_d[15] (net)
                  0.04    0.00    2.47 v _170_/D (sky130_fd_sc_hd__dfxtp_2)
                                  2.47   data arrival time

                  0.00    2.60    2.60   clock core_clock (rise edge)
                          0.00    2.60   clock network delay (ideal)
                          0.00    2.60   clock reconvergence pessimism
                                  2.60 ^ _170_/CLK (sky130_fd_sc_hd__dfxtp_2)
                         -0.12    2.48   library setup time
                                  2.48   data required time
-----------------------------------------------------------------------------
                                  2.48   data required time
                                 -2.47   data arrival time
-----------------------------------------------------------------------------
                                  0.00   slack (MET)


Startpoint: _172_ (rising edge-triggered flip-flop clocked by core_clock)
Endpoint: _171_ (rising edge-triggered flip-flop clocked by core_clock)
Path Group: core_clock
Path Type: max

Fanout     Cap    Slew   Delay    Time   Description
-----------------------------------------------------------------------------
                  0.00    0.00    0.00   clock core_clock (rise edge)
                          0.00    0.00   clock network delay (ideal)
                  0.00    0.00    0.00 ^ _172_/CLK (sky130_fd_sc_hd__dfxtp_2)
     2    0.01    0.05    0.30    0.30 ^ _172_/Q (sky130_fd_sc_hd__dfxtp_2)
                                         a_q[0] (net)
                  0.05    0.00    0.30 ^ _075_/A (sky130_fd_sc_hd__or2_2)
     2    0.01    0.05    0.11    0.41 ^ _075_/X (sky130_fd_sc_hd__or2_2)
                                         _034_ (net)
                  0.05    0.00    0.41 ^ _079_/A2 (sky130_fd_sc_hd__a21bo_2)
     2    0.01    0.09    0.16    0.57 ^ _079_/X (sky130_fd_sc_hd__a21bo_2)
                                         _037_ (net)
                  0.09    0.00    0.57 ^ _084_/A1 (sky130_fd_sc_hd__a21boi_2)
     3    0.01    0.07    0.08    0.66 v _084_/Y (sky130_fd_sc_hd__a21boi_2)
                                         _041_ (net)
                  0.07    0.00    0.66 v _100_/A1 (sky130_fd_sc_hd__o31a_2)
     4    0.01    0.08    0.39    1.04 v _100_/X (sky130_fd_sc_hd__o31a_2)
                                         _055_ (net)
                  0.08    0.00    1.04 v _121_/A1 (sky130_fd_sc_hd__o31a_2)
     4    0.02    0.09    0.40    1.45 v _121_/X (sky130_fd_sc_hd__o31a_2)
                                         _072_ (net)
                  0.09    0.00    1.45 v _145_/A1 (sky130_fd_sc_hd__o31ai_2)
     3    0.02    0.39    0.41    1.86 ^ _145_/Y (sky130_fd_sc_hd__o31ai_2)
                                         _017_ (net)
                  0.39    0.00    1.86 ^ _158_/A1 (sky130_fd_sc_hd__a211oi_2)
     2    0.01    0.11    0.14    2.00 v _158_/Y (sky130_fd_sc_hd__a211oi_2)
                                         _028_ (net)
                  0.11    0.00    2.00 v _164_/A3 (sky130_fd_sc_hd__o31a_2)
     2    0.01    0.08    0.34    2.33 v _164_/X (sky130_fd_sc_hd__o31a_2)
                                         _033_ (net)
                  0.08    0.00    2.33 v _166_/A2 (sky130_fd_sc_hd__o21ai_2)
     1    0.00    0.07    0.10    2.44 ^ _166_/Y (sky130_fd_sc_hd__o21ai_2)
                                         sum_d[16] (net)
                  0.07    0.00    2.44 ^ _171_/D (sky130_fd_sc_hd__dfxtp_2)
                                  2.44   data arrival time

                  0.00    2.60    2.60   clock core_clock (rise edge)
                          0.00    2.60   clock network delay (ideal)
                          0.00    2.60   clock reconvergence pessimism
                                  2.60 ^ _171_/CLK (sky130_fd_sc_hd__dfxtp_2)
                         -0.07    2.53   library setup time
                                  2.53   data required time
-----------------------------------------------------------------------------
                                  2.53   data required time
                                 -2.44   data arrival time
-----------------------------------------------------------------------------
                                  0.09   slack (MET)


Startpoint: _172_ (rising edge-triggered flip-flop clocked by core_clock)
Endpoint: _169_ (rising edge-triggered flip-flop clocked by core_clock)
Path Group: core_clock
Path Type: max

Fanout     Cap    Slew   Delay    Time   Description
-----------------------------------------------------------------------------
                  0.00    0.00    0.00   clock core_clock (rise edge)
                          0.00    0.00   clock network delay (ideal)
                  0.00    0.00    0.00 ^ _172_/CLK (sky130_fd_sc_hd__dfxtp_2)
     2    0.01    0.05    0.30    0.30 ^ _172_/Q (sky130_fd_sc_hd__dfxtp_2)
                                         a_q[0] (net)
                  0.05    0.00    0.30 ^ _075_/A (sky130_fd_sc_hd__or2_2)
     2    0.01    0.05    0.11    0.41 ^ _075_/X (sky130_fd_sc_hd__or2_2)
                                         _034_ (net)
                  0.05    0.00    0.41 ^ _079_/A2 (sky130_fd_sc_hd__a21bo_2)
     2    0.01    0.09    0.16    0.57 ^ _079_/X (sky130_fd_sc_hd__a21bo_2)
                                         _037_ (net)
                  0.09    0.00    0.57 ^ _084_/A1 (sky130_fd_sc_hd__a21boi_2)
     3    0.01    0.07    0.08    0.66 v _084_/Y (sky130_fd_sc_hd__a21boi_2)
                                         _041_ (net)
                  0.07    0.00    0.66 v _100_/A1 (sky130_fd_sc_hd__o31a_2)
     4    0.01    0.08    0.39    1.04 v _100_/X (sky130_fd_sc_hd__o31a_2)
                                         _055_ (net)
                  0.08    0.00    1.04 v _121_/A1 (sky130_fd_sc_hd__o31a_2)
     4    0.02    0.09    0.40    1.45 v _121_/X (sky130_fd_sc_hd__o31a_2)
                                         _072_ (net)
                  0.09    0.00    1.45 v _145_/A1 (sky130_fd_sc_hd__o31ai_2)
     3    0.02    0.39    0.41    1.86 ^ _145_/Y (sky130_fd_sc_hd__o31ai_2)
                                         _017_ (net)
                  0.39    0.00    1.86 ^ _158_/A1 (sky130_fd_sc_hd__a211oi_2)
     2    0.01    0.11    0.14    2.00 v _158_/Y (sky130_fd_sc_hd__a211oi_2)
                                         _028_ (net)
                  0.11    0.00    2.00 v _159_/B (sky130_fd_sc_hd__nor2_2)
     1    0.01    0.12    0.14    2.13 ^ _159_/Y (sky130_fd_sc_hd__nor2_2)
                                         _029_ (net)
                  0.12    0.00    2.13 ^ _160_/B (sky130_fd_sc_hd__xnor2_2)
     1    0.00    0.09    0.11    2.24 ^ _160_/Y (sky130_fd_sc_hd__xnor2_2)
                                         sum_d[14] (net)
                  0.09    0.00    2.24 ^ _169_/D (sky130_fd_sc_hd__dfxtp_2)
                                  2.24   data arrival time

                  0.00    2.60    2.60   clock core_clock (rise edge)
                          0.00    2.60   clock network delay (ideal)
                          0.00    2.60   clock reconvergence pessimism
                                  2.60 ^ _169_/CLK (sky130_fd_sc_hd__dfxtp_2)
                         -0.08    2.52   library setup time
                                  2.52   data required time
-----------------------------------------------------------------------------
                                  2.52   data required time
                                 -2.24   data arrival time
-----------------------------------------------------------------------------
                                  0.28   slack (MET)


Startpoint: _172_ (rising edge-triggered flip-flop clocked by core_clock)
Endpoint: _168_ (rising edge-triggered flip-flop clocked by core_clock)
Path Group: core_clock
Path Type: max

Fanout     Cap    Slew   Delay    Time   Description
-----------------------------------------------------------------------------
                  0.00    0.00    0.00   clock core_clock (rise edge)
                          0.00    0.00   clock network delay (ideal)
                  0.00    0.00    0.00 ^ _172_/CLK (sky130_fd_sc_hd__dfxtp_2)
     2    0.01    0.05    0.30    0.30 ^ _172_/Q (sky130_fd_sc_hd__dfxtp_2)
                                         a_q[0] (net)
                  0.05    0.00    0.30 ^ _075_/A (sky130_fd_sc_hd__or2_2)
     2    0.01    0.05    0.11    0.41 ^ _075_/X (sky130_fd_sc_hd__or2_2)
                                         _034_ (net)
                  0.05    0.00    0.41 ^ _079_/A2 (sky130_fd_sc_hd__a21bo_2)
     2    0.01    0.09    0.16    0.57 ^ _079_/X (sky130_fd_sc_hd__a21bo_2)
                                         _037_ (net)
                  0.09    0.00    0.57 ^ _084_/A1 (sky130_fd_sc_hd__a21boi_2)
     3    0.01    0.07    0.08    0.66 v _084_/Y (sky130_fd_sc_hd__a21boi_2)
                                         _041_ (net)
                  0.07    0.00    0.66 v _100_/A1 (sky130_fd_sc_hd__o31a_2)
     4    0.01    0.08    0.39    1.04 v _100_/X (sky130_fd_sc_hd__o31a_2)
                                         _055_ (net)
                  0.08    0.00    1.04 v _121_/A1 (sky130_fd_sc_hd__o31a_2)
     4    0.02    0.09    0.40    1.45 v _121_/X (sky130_fd_sc_hd__o31a_2)
                                         _072_ (net)
                  0.09    0.00    1.45 v _145_/A1 (sky130_fd_sc_hd__o31ai_2)
     3    0.02    0.39    0.41    1.86 ^ _145_/Y (sky130_fd_sc_hd__o31ai_2)
                                         _017_ (net)
                  0.39    0.00    1.86 ^ _153_/A1 (sky130_fd_sc_hd__a21o_2)
     1    0.01    0.06    0.21    2.06 ^ _153_/X (sky130_fd_sc_hd__a21o_2)
                                         _024_ (net)
                  0.06    0.00    2.06 ^ _154_/B (sky130_fd_sc_hd__xnor2_2)
     1    0.00    0.04    0.05    2.11 v _154_/Y (sky130_fd_sc_hd__xnor2_2)
                                         sum_d[13] (net)
                  0.04    0.00    2.11 v _168_/D (sky130_fd_sc_hd__dfxtp_2)
                                  2.11   data arrival time

                  0.00    2.60    2.60   clock core_clock (rise edge)
                          0.00    2.60   clock network delay (ideal)
                          0.00    2.60   clock reconvergence pessimism
                                  2.60 ^ _168_/CLK (sky130_fd_sc_hd__dfxtp_2)
                         -0.12    2.48   library setup time
                                  2.48   data required time
-----------------------------------------------------------------------------
                                  2.48   data required time
                                 -2.11   data arrival time
-----------------------------------------------------------------------------
                                  0.37   slack (MET)


Startpoint: _172_ (rising edge-triggered flip-flop clocked by core_clock)
Endpoint: _216_ (rising edge-triggered flip-flop clocked by core_clock)
Path Group: core_clock
Path Type: max

Fanout     Cap    Slew   Delay    Time   Description
-----------------------------------------------------------------------------
                  0.00    0.00    0.00   clock core_clock (rise edge)
                          0.00    0.00   clock network delay (ideal)
                  0.00    0.00    0.00 ^ _172_/CLK (sky130_fd_sc_hd__dfxtp_2)
     2    0.01    0.05    0.30    0.30 ^ _172_/Q (sky130_fd_sc_hd__dfxtp_2)
                                         a_q[0] (net)
                  0.05    0.00    0.30 ^ _075_/A (sky130_fd_sc_hd__or2_2)
     2    0.01    0.05    0.11    0.41 ^ _075_/X (sky130_fd_sc_hd__or2_2)
                                         _034_ (net)
                  0.05    0.00    0.41 ^ _079_/A2 (sky130_fd_sc_hd__a21bo_2)
     2    0.01    0.09    0.16    0.57 ^ _079_/X (sky130_fd_sc_hd__a21bo_2)
                                         _037_ (net)
                  0.09    0.00    0.57 ^ _084_/A1 (sky130_fd_sc_hd__a21boi_2)
     3    0.01    0.07    0.08    0.66 v _084_/Y (sky130_fd_sc_hd__a21boi_2)
                                         _041_ (net)
                  0.07    0.00    0.66 v _100_/A1 (sky130_fd_sc_hd__o31a_2)
     4    0.01    0.08    0.39    1.04 v _100_/X (sky130_fd_sc_hd__o31a_2)
                                         _055_ (net)
                  0.08    0.00    1.04 v _121_/A1 (sky130_fd_sc_hd__o31a_2)
     4    0.02    0.09    0.40    1.45 v _121_/X (sky130_fd_sc_hd__o31a_2)
                                         _072_ (net)
                  0.09    0.00    1.45 v _133_/A1 (sky130_fd_sc_hd__o21a_2)
     2    0.01    0.05    0.24    1.69 v _133_/X (sky130_fd_sc_hd__o21a_2)
                                         _007_ (net)
                  0.05    0.00    1.69 v _138_/A2 (sky130_fd_sc_hd__o21a_2)
     1    0.01    0.05    0.21    1.90 v _138_/X (sky130_fd_sc_hd__o21a_2)
                                         _011_ (net)
                  0.05    0.00    1.90 v _139_/B (sky130_fd_sc_hd__xnor2_2)
     1    0.00    0.05    0.12    2.02 v _139_/Y (sky130_fd_sc_hd__xnor2_2)
                                         sum_d[11] (net)
                  0.05    0.00    2.02 v _216_/D (sky130_fd_sc_hd__dfxtp_2)
                                  2.02   data arrival time

                  0.00    2.60    2.60   clock core_clock (rise edge)
                          0.00    2.60   clock network delay (ideal)
                          0.00    2.60   clock reconvergence pessimism
                                  2.60 ^ _216_/CLK (sky130_fd_sc_hd__dfxtp_2)
                         -0.12    2.48   library setup time
                                  2.48   data required time
-----------------------------------------------------------------------------
                                  2.48   data required time
                                 -2.02   data arrival time
-----------------------------------------------------------------------------
                                  0.46   slack (MET)


Startpoint: _172_ (rising edge-triggered flip-flop clocked by core_clock)
Endpoint: _167_ (rising edge-triggered flip-flop clocked by core_clock)
Path Group: core_clock
Path Type: max

Fanout     Cap    Slew   Delay    Time   Description
-----------------------------------------------------------------------------
                  0.00    0.00    0.00   clock core_clock (rise edge)
                          0.00    0.00   clock network delay (ideal)
                  0.00    0.00    0.00 ^ _172_/CLK (sky130_fd_sc_hd__dfxtp_2)
     2    0.01    0.05    0.30    0.30 ^ _172_/Q (sky130_fd_sc_hd__dfxtp_2)
                                         a_q[0] (net)
                  0.05    0.00    0.30 ^ _075_/A (sky130_fd_sc_hd__or2_2)
     2    0.01    0.05    0.11    0.41 ^ _075_/X (sky130_fd_sc_hd__or2_2)
                                         _034_ (net)
                  0.05    0.00    0.41 ^ _079_/A2 (sky130_fd_sc_hd__a21bo_2)
     2    0.01    0.09    0.16    0.57 ^ _079_/X (sky130_fd_sc_hd__a21bo_2)
                                         _037_ (net)
                  0.09    0.00    0.57 ^ _084_/A1 (sky130_fd_sc_hd__a21boi_2)
     3    0.01    0.07    0.08    0.66 v _084_/Y (sky130_fd_sc_hd__a21boi_2)
                                         _041_ (net)
                  0.07    0.00    0.66 v _100_/A1 (sky130_fd_sc_hd__o31a_2)
     4    0.01    0.08    0.39    1.04 v _100_/X (sky130_fd_sc_hd__o31a_2)
                                         _055_ (net)
                  0.08    0.00    1.04 v _121_/A1 (sky130_fd_sc_hd__o31a_2)
     4    0.02    0.09    0.40    1.45 v _121_/X (sky130_fd_sc_hd__o31a_2)
                                         _072_ (net)
                  0.09    0.00    1.45 v _145_/A1 (sky130_fd_sc_hd__o31ai_2)
     3    0.02    0.39    0.41    1.86 ^ _145_/Y (sky130_fd_sc_hd__o31ai_2)
                                         _017_ (net)
                  0.39    0.00    1.86 ^ _149_/A (sky130_fd_sc_hd__xor2_2)
     1    0.00    0.07    0.11    1.96 v _149_/X (sky130_fd_sc_hd__xor2_2)
                                         sum_d[12] (net)
                  0.07    0.00    1.96 v _167_/D (sky130_fd_sc_hd__dfxtp_2)
                                  1.96   data arrival time

                  0.00    2.60    2.60   clock core_clock (rise edge)
                          0.00    2.60   clock network delay (ideal)
                          0.00    2.60   clock reconvergence pessimism
                                  2.60 ^ _167_/CLK (sky130_fd_sc_hd__dfxtp_2)
                         -0.13    2.47   library setup time
                                  2.47   data required time
-----------------------------------------------------------------------------
                                  2.47   data required time
                                 -1.96   data arrival time
-----------------------------------------------------------------------------
                                  0.50   slack (MET)


Startpoint: _172_ (rising edge-triggered flip-flop clocked by core_clock)
Endpoint: _215_ (rising edge-triggered flip-flop clocked by core_clock)
Path Group: core_clock
Path Type: max

Fanout     Cap    Slew   Delay    Time   Description
-----------------------------------------------------------------------------
                  0.00    0.00    0.00   clock core_clock (rise edge)
                          0.00    0.00   clock network delay (ideal)
                  0.00    0.00    0.00 ^ _172_/CLK (sky130_fd_sc_hd__dfxtp_2)
     2    0.01    0.05    0.30    0.30 ^ _172_/Q (sky130_fd_sc_hd__dfxtp_2)
                                         a_q[0] (net)
                  0.05    0.00    0.30 ^ _075_/A (sky130_fd_sc_hd__or2_2)
     2    0.01    0.05    0.11    0.41 ^ _075_/X (sky130_fd_sc_hd__or2_2)
                                         _034_ (net)
                  0.05    0.00    0.41 ^ _079_/A2 (sky130_fd_sc_hd__a21bo_2)
     2    0.01    0.09    0.16    0.57 ^ _079_/X (sky130_fd_sc_hd__a21bo_2)
                                         _037_ (net)
                  0.09    0.00    0.57 ^ _084_/A1 (sky130_fd_sc_hd__a21boi_2)
     3    0.01    0.07    0.08    0.66 v _084_/Y (sky130_fd_sc_hd__a21boi_2)
                                         _041_ (net)
                  0.07    0.00    0.66 v _100_/A1 (sky130_fd_sc_hd__o31a_2)
     4    0.01    0.08    0.39    1.04 v _100_/X (sky130_fd_sc_hd__o31a_2)
                                         _055_ (net)
                  0.08    0.00    1.04 v _121_/A1 (sky130_fd_sc_hd__o31a_2)
     4    0.02    0.09    0.40    1.45 v _121_/X (sky130_fd_sc_hd__o31a_2)
                                         _072_ (net)
                  0.09    0.00    1.45 v _133_/A1 (sky130_fd_sc_hd__o21a_2)
     2    0.01    0.05    0.24    1.69 v _133_/X (sky130_fd_sc_hd__o21a_2)
                                         _007_ (net)
                  0.05    0.00    1.69 v _134_/B (sky130_fd_sc_hd__xnor2_2)
     1    0.00    0.05    0.12    1.81 v _134_/Y (sky130_fd_sc_hd__xnor2_2)
                                         sum_d[10] (net)
                  0.05    0.00    1.81 v _215_/D (sky130_fd_sc_hd__dfxtp_2)
                                  1.81   data arrival time

                  0.00    2.60    2.60   clock core_clock (rise edge)
                          0.00    2.60   clock network delay (ideal)
                          0.00    2.60   clock reconvergence pessimism
                                  2.60 ^ _215_/CLK (sky130_fd_sc_hd__dfxtp_2)
                         -0.12    2.48   library setup time
                                  2.48   data required time
-----------------------------------------------------------------------------
                                  2.48   data required time
                                 -1.81   data arrival time
-----------------------------------------------------------------------------
                                  0.67   slack (MET)


Startpoint: _172_ (rising edge-triggered flip-flop clocked by core_clock)
Endpoint: _214_ (rising edge-triggered flip-flop clocked by core_clock)
Path Group: core_clock
Path Type: max

Fanout     Cap    Slew   Delay    Time   Description
-----------------------------------------------------------------------------
                  0.00    0.00    0.00   clock core_clock (rise edge)
                          0.00    0.00   clock network delay (ideal)
                  0.00    0.00    0.00 ^ _172_/CLK (sky130_fd_sc_hd__dfxtp_2)
     2    0.01    0.05    0.30    0.30 ^ _172_/Q (sky130_fd_sc_hd__dfxtp_2)
                                         a_q[0] (net)
                  0.05    0.00    0.30 ^ _075_/A (sky130_fd_sc_hd__or2_2)
     2    0.01    0.05    0.11    0.41 ^ _075_/X (sky130_fd_sc_hd__or2_2)
                                         _034_ (net)
                  0.05    0.00    0.41 ^ _079_/A2 (sky130_fd_sc_hd__a21bo_2)
     2    0.01    0.09    0.16    0.57 ^ _079_/X (sky130_fd_sc_hd__a21bo_2)
                                         _037_ (net)
                  0.09    0.00    0.57 ^ _084_/A1 (sky130_fd_sc_hd__a21boi_2)
     3    0.01    0.07    0.08    0.66 v _084_/Y (sky130_fd_sc_hd__a21boi_2)
                                         _041_ (net)
                  0.07    0.00    0.66 v _100_/A1 (sky130_fd_sc_hd__o31a_2)
     4    0.01    0.08    0.39    1.04 v _100_/X (sky130_fd_sc_hd__o31a_2)
                                         _055_ (net)
                  0.08    0.00    1.04 v _121_/A1 (sky130_fd_sc_hd__o31a_2)
     4    0.02    0.09    0.40    1.45 v _121_/X (sky130_fd_sc_hd__o31a_2)
                                         _072_ (net)
                  0.09    0.00    1.45 v _127_/A1 (sky130_fd_sc_hd__o21a_2)
     1    0.01    0.05    0.24    1.68 v _127_/X (sky130_fd_sc_hd__o21a_2)
                                         _002_ (net)
                  0.05    0.00    1.68 v _128_/B (sky130_fd_sc_hd__xnor2_2)
     1    0.00    0.05    0.12    1.80 v _128_/Y (sky130_fd_sc_hd__xnor2_2)
                                         sum_d[9] (net)
                  0.05    0.00    1.80 v _214_/D (sky130_fd_sc_hd__dfxtp_2)
                                  1.80   data arrival time

                  0.00    2.60    2.60   clock core_clock (rise edge)
                          0.00    2.60   clock network delay (ideal)
                          0.00    2.60   clock reconvergence pessimism
                                  2.60 ^ _214_/CLK (sky130_fd_sc_hd__dfxtp_2)
                         -0.12    2.48   library setup time
                                  2.48   data required time
-----------------------------------------------------------------------------
                                  2.48   data required time
                                 -1.80   data arrival time
-----------------------------------------------------------------------------
                                  0.68   slack (MET)


Startpoint: _172_ (rising edge-triggered flip-flop clocked by core_clock)
Endpoint: _212_ (rising edge-triggered flip-flop clocked by core_clock)
Path Group: core_clock
Path Type: max

Fanout     Cap    Slew   Delay    Time   Description
-----------------------------------------------------------------------------
                  0.00    0.00    0.00   clock core_clock (rise edge)
                          0.00    0.00   clock network delay (ideal)
                  0.00    0.00    0.00 ^ _172_/CLK (sky130_fd_sc_hd__dfxtp_2)
     2    0.01    0.03    0.29    0.29 v _172_/Q (sky130_fd_sc_hd__dfxtp_2)
                                         a_q[0] (net)
                  0.03    0.00    0.29 v _075_/A (sky130_fd_sc_hd__or2_2)
     2    0.01    0.07    0.30    0.59 v _075_/X (sky130_fd_sc_hd__or2_2)
                                         _034_ (net)
                  0.07    0.00    0.59 v _079_/A2 (sky130_fd_sc_hd__a21bo_2)
     2    0.01    0.06    0.25    0.84 v _079_/X (sky130_fd_sc_hd__a21bo_2)
                                         _037_ (net)
                  0.06    0.00    0.84 v _084_/A1 (sky130_fd_sc_hd__a21boi_2)
     3    0.01    0.20    0.21    1.05 ^ _084_/Y (sky130_fd_sc_hd__a21boi_2)
                                         _041_ (net)
                  0.20    0.00    1.05 ^ _100_/A1 (sky130_fd_sc_hd__o31a_2)
     4    0.02    0.10    0.22    1.28 ^ _100_/X (sky130_fd_sc_hd__o31a_2)
                                         _055_ (net)
                  0.10    0.00    1.28 ^ _111_/A1 (sky130_fd_sc_hd__o21a_2)
     2    0.01    0.07    0.17    1.45 ^ _111_/X (sky130_fd_sc_hd__o21a_2)
                                         _064_ (net)
                  0.07    0.00    1.45 ^ _117_/A2 (sky130_fd_sc_hd__o21a_2)
     1    0.01    0.06    0.13    1.58 ^ _117_/X (sky130_fd_sc_hd__o21a_2)
                                         _069_ (net)
                  0.06    0.00    1.58 ^ _118_/B (sky130_fd_sc_hd__xnor2_2)
     1    0.00    0.04    0.05    1.63 v _118_/Y (sky130_fd_sc_hd__xnor2_2)
                                         sum_d[7] (net)
                  0.04    0.00    1.63 v _212_/D (sky130_fd_sc_hd__dfxtp_2)
                                  1.63   data arrival time

                  0.00    2.60    2.60   clock core_clock (rise edge)
                          0.00    2.60   clock network delay (ideal)
                          0.00    2.60   clock reconvergence pessimism
                                  2.60 ^ _212_/CLK (sky130_fd_sc_hd__dfxtp_2)
                         -0.12    2.48   library setup time
                                  2.48   data required time
-----------------------------------------------------------------------------
                                  2.48   data required time
                                 -1.63   data arrival time
-----------------------------------------------------------------------------
                                  0.85   slack (MET)


Startpoint: _172_ (rising edge-triggered flip-flop clocked by core_clock)
Endpoint: _213_ (rising edge-triggered flip-flop clocked by core_clock)
Path Group: core_clock
Path Type: max

Fanout     Cap    Slew   Delay    Time   Description
-----------------------------------------------------------------------------
                  0.00    0.00    0.00   clock core_clock (rise edge)
                          0.00    0.00   clock network delay (ideal)
                  0.00    0.00    0.00 ^ _172_/CLK (sky130_fd_sc_hd__dfxtp_2)
     2    0.01    0.05    0.30    0.30 ^ _172_/Q (sky130_fd_sc_hd__dfxtp_2)
                                         a_q[0] (net)
                  0.05    0.00    0.30 ^ _075_/A (sky130_fd_sc_hd__or2_2)
     2    0.01    0.05    0.11    0.41 ^ _075_/X (sky130_fd_sc_hd__or2_2)
                                         _034_ (net)
                  0.05    0.00    0.41 ^ _079_/A2 (sky130_fd_sc_hd__a21bo_2)
     2    0.01    0.09    0.16    0.57 ^ _079_/X (sky130_fd_sc_hd__a21bo_2)
                                         _037_ (net)
                  0.09    0.00    0.57 ^ _084_/A1 (sky130_fd_sc_hd__a21boi_2)
     3    0.01    0.07    0.08    0.66 v _084_/Y (sky130_fd_sc_hd__a21boi_2)
                                         _041_ (net)
                  0.07    0.00    0.66 v _100_/A1 (sky130_fd_sc_hd__o31a_2)
     4    0.01    0.08    0.39    1.04 v _100_/X (sky130_fd_sc_hd__o31a_2)
                                         _055_ (net)
                  0.08    0.00    1.04 v _121_/A1 (sky130_fd_sc_hd__o31a_2)
     4    0.02    0.09    0.40    1.45 v _121_/X (sky130_fd_sc_hd__o31a_2)
                                         _072_ (net)
                  0.09    0.00    1.45 v _125_/A (sky130_fd_sc_hd__xor2_2)
     1    0.00    0.04    0.17    1.62 v _125_/X (sky130_fd_sc_hd__xor2_2)
                                         sum_d[8] (net)
                  0.04    0.00    1.62 v _213_/D (sky130_fd_sc_hd__dfxtp_2)
                                  1.62   data arrival time

                  0.00    2.60    2.60   clock core_clock (rise edge)
                          0.00    2.60   clock network delay (ideal)
                          0.00    2.60   clock reconvergence pessimism
                                  2.60 ^ _213_/CLK (sky130_fd_sc_hd__dfxtp_2)
                         -0.12    2.48   library setup time
                                  2.48   data required time
-----------------------------------------------------------------------------
                                  2.48   data required time
                                 -1.62   data arrival time
-----------------------------------------------------------------------------
                                  0.86   slack (MET)


Startpoint: _172_ (rising edge-triggered flip-flop clocked by core_clock)
Endpoint: _211_ (rising edge-triggered flip-flop clocked by core_clock)
Path Group: core_clock
Path Type: max

Fanout     Cap    Slew   Delay    Time   Description
-----------------------------------------------------------------------------
                  0.00    0.00    0.00   clock core_clock (rise edge)
                          0.00    0.00   clock network delay (ideal)
                  0.00    0.00    0.00 ^ _172_/CLK (sky130_fd_sc_hd__dfxtp_2)
     2    0.01    0.03    0.29    0.29 v _172_/Q (sky130_fd_sc_hd__dfxtp_2)
                                         a_q[0] (net)
                  0.03    0.00    0.29 v _075_/A (sky130_fd_sc_hd__or2_2)
     2    0.01    0.07    0.30    0.59 v _075_/X (sky130_fd_sc_hd__or2_2)
                                         _034_ (net)
                  0.07    0.00    0.59 v _079_/A2 (sky130_fd_sc_hd__a21bo_2)
     2    0.01    0.06    0.25    0.84 v _079_/X (sky130_fd_sc_hd__a21bo_2)
                                         _037_ (net)
                  0.06    0.00    0.84 v _084_/A1 (sky130_fd_sc_hd__a21boi_2)
     3    0.01    0.20    0.21    1.05 ^ _084_/Y (sky130_fd_sc_hd__a21boi_2)
                                         _041_ (net)
                  0.20    0.00    1.05 ^ _100_/A1 (sky130_fd_sc_hd__o31a_2)
     4    0.02    0.10    0.22    1.28 ^ _100_/X (sky130_fd_sc_hd__o31a_2)
                                         _055_ (net)
                  0.10    0.00    1.28 ^ _111_/A1 (sky130_fd_sc_hd__o21a_2)
     2    0.01    0.07    0.17    1.45 ^ _111_/X (sky130_fd_sc_hd__o21a_2)
                                         _064_ (net)
                  0.07    0.00    1.45 ^ _112_/B (sky130_fd_sc_hd__xnor2_2)
     1    0.00    0.04    0.05    1.50 v _112_/Y (sky130_fd_sc_hd__xnor2_2)
                                         sum_d[6] (net)
                  0.04    0.00    1.50 v _211_/D (sky130_fd_sc_hd__dfxtp_2)
                                  1.50   data arrival time

                  0.00    2.60    2.60   clock core_clock (rise edge)
                          0.00    2.60   clock network delay (ideal)
                          0.00    2.60   clock reconvergence pessimism
                                  2.60 ^ _211_/CLK (sky130_fd_sc_hd__dfxtp_2)
                         -0.12    2.48   library setup time
                                  2.48   data required time
-----------------------------------------------------------------------------
                                  2.48   data required time
                                 -1.50   data arrival time
-----------------------------------------------------------------------------
                                  0.98   slack (MET)


Startpoint: _172_ (rising edge-triggered flip-flop clocked by core_clock)
Endpoint: _210_ (rising edge-triggered flip-flop clocked by core_clock)
Path Group: core_clock
Path Type: max

Fanout     Cap    Slew   Delay    Time   Description
-----------------------------------------------------------------------------
                  0.00    0.00    0.00   clock core_clock (rise edge)
                          0.00    0.00   clock network delay (ideal)
                  0.00    0.00    0.00 ^ _172_/CLK (sky130_fd_sc_hd__dfxtp_2)
     2    0.01    0.03    0.29    0.29 v _172_/Q (sky130_fd_sc_hd__dfxtp_2)
                                         a_q[0] (net)
                  0.03    0.00    0.29 v _075_/A (sky130_fd_sc_hd__or2_2)
     2    0.01    0.07    0.30    0.59 v _075_/X (sky130_fd_sc_hd__or2_2)
                                         _034_ (net)
                  0.07    0.00    0.59 v _079_/A2 (sky130_fd_sc_hd__a21bo_2)
     2    0.01    0.06    0.25    0.84 v _079_/X (sky130_fd_sc_hd__a21bo_2)
                                         _037_ (net)
                  0.06    0.00    0.84 v _084_/A1 (sky130_fd_sc_hd__a21boi_2)
     3    0.01    0.20    0.21    1.05 ^ _084_/Y (sky130_fd_sc_hd__a21boi_2)
                                         _041_ (net)
                  0.20    0.00    1.05 ^ _100_/A1 (sky130_fd_sc_hd__o31a_2)
     4    0.02    0.10    0.22    1.28 ^ _100_/X (sky130_fd_sc_hd__o31a_2)
                                         _055_ (net)
                  0.10    0.00    1.28 ^ _103_/A2 (sky130_fd_sc_hd__o21a_2)
     1    0.01    0.06    0.14    1.42 ^ _103_/X (sky130_fd_sc_hd__o21a_2)
                                         _057_ (net)
                  0.06    0.00    1.42 ^ _104_/B (sky130_fd_sc_hd__xnor2_2)
     1    0.00    0.05    0.05    1.47 v _104_/Y (sky130_fd_sc_hd__xnor2_2)
                                         sum_d[5] (net)
                  0.05    0.00    1.47 v _210_/D (sky130_fd_sc_hd__dfxtp_2)
                                  1.47   data arrival time

                  0.00    2.60    2.60   clock core_clock (rise edge)
                          0.00    2.60   clock network delay (ideal)
                          0.00    2.60   clock reconvergence pessimism
                                  2.60 ^ _210_/CLK (sky130_fd_sc_hd__dfxtp_2)
                         -0.12    2.48   library setup time
                                  2.48   data required time
-----------------------------------------------------------------------------
                                  2.48   data required time
                                 -1.47   data arrival time
-----------------------------------------------------------------------------
                                  1.01   slack (MET)


Startpoint: _172_ (rising edge-triggered flip-flop clocked by core_clock)
Endpoint: _209_ (rising edge-triggered flip-flop clocked by core_clock)
Path Group: core_clock
Path Type: max

Fanout     Cap    Slew   Delay    Time   Description
-----------------------------------------------------------------------------
                  0.00    0.00    0.00   clock core_clock (rise edge)
                          0.00    0.00   clock network delay (ideal)
                  0.00    0.00    0.00 ^ _172_/CLK (sky130_fd_sc_hd__dfxtp_2)
     2    0.01    0.03    0.29    0.29 v _172_/Q (sky130_fd_sc_hd__dfxtp_2)
                                         a_q[0] (net)
                  0.03    0.00    0.29 v _075_/A (sky130_fd_sc_hd__or2_2)
     2    0.01    0.07    0.30    0.59 v _075_/X (sky130_fd_sc_hd__or2_2)
                                         _034_ (net)
                  0.07    0.00    0.59 v _079_/A2 (sky130_fd_sc_hd__a21bo_2)
     2    0.01    0.06    0.25    0.84 v _079_/X (sky130_fd_sc_hd__a21bo_2)
                                         _037_ (net)
                  0.06    0.00    0.84 v _084_/A1 (sky130_fd_sc_hd__a21boi_2)
     3    0.01    0.20    0.21    1.05 ^ _084_/Y (sky130_fd_sc_hd__a21boi_2)
                                         _041_ (net)
                  0.20    0.00    1.05 ^ _100_/A1 (sky130_fd_sc_hd__o31a_2)
     4    0.02    0.10    0.22    1.28 ^ _100_/X (sky130_fd_sc_hd__o31a_2)
                                         _055_ (net)
                  0.10    0.00    1.28 ^ _101_/B (sky130_fd_sc_hd__xnor2_2)
     1    0.00    0.09    0.10    1.38 ^ _101_/Y (sky130_fd_sc_hd__xnor2_2)
                                         sum_d[4] (net)
                  0.09    0.00    1.38 ^ _209_/D (sky130_fd_sc_hd__dfxtp_2)
                                  1.38   data arrival time

                  0.00    2.60    2.60   clock core_clock (rise edge)
                          0.00    2.60   clock network delay (ideal)
                          0.00    2.60   clock reconvergence pessimism
                                  2.60 ^ _209_/CLK (sky130_fd_sc_hd__dfxtp_2)
                         -0.08    2.52   library setup time
                                  2.52   data required time
-----------------------------------------------------------------------------
                                  2.52   data required time
                                 -1.38   data arrival time
-----------------------------------------------------------------------------
                                  1.15   slack (MET)


Startpoint: _172_ (rising edge-triggered flip-flop clocked by core_clock)
Endpoint: _208_ (rising edge-triggered flip-flop clocked by core_clock)
Path Group: core_clock
Path Type: max

Fanout     Cap    Slew   Delay    Time   Description
-----------------------------------------------------------------------------
                  0.00    0.00    0.00   clock core_clock (rise edge)
                          0.00    0.00   clock network delay (ideal)
                  0.00    0.00    0.00 ^ _172_/CLK (sky130_fd_sc_hd__dfxtp_2)
     2    0.01    0.03    0.29    0.29 v _172_/Q (sky130_fd_sc_hd__dfxtp_2)
                                         a_q[0] (net)
                  0.03    0.00    0.29 v _075_/A (sky130_fd_sc_hd__or2_2)
     2    0.01    0.07    0.30    0.59 v _075_/X (sky130_fd_sc_hd__or2_2)
                                         _034_ (net)
                  0.07    0.00    0.59 v _079_/A2 (sky130_fd_sc_hd__a21bo_2)
     2    0.01    0.06    0.25    0.84 v _079_/X (sky130_fd_sc_hd__a21bo_2)
                                         _037_ (net)
                  0.06    0.00    0.84 v _084_/A1 (sky130_fd_sc_hd__a21boi_2)
     3    0.01    0.20    0.21    1.05 ^ _084_/Y (sky130_fd_sc_hd__a21boi_2)
                                         _041_ (net)
                  0.20    0.00    1.05 ^ _092_/A1 (sky130_fd_sc_hd__o21a_2)
     1    0.01    0.06    0.18    1.24 ^ _092_/X (sky130_fd_sc_hd__o21a_2)
                                         _048_ (net)
                  0.06    0.00    1.24 ^ _093_/B (sky130_fd_sc_hd__xnor2_2)
     1    0.00    0.04    0.05    1.29 v _093_/Y (sky130_fd_sc_hd__xnor2_2)
                                         sum_d[3] (net)
                  0.04    0.00    1.29 v _208_/D (sky130_fd_sc_hd__dfxtp_2)
                                  1.29   data arrival time

                  0.00    2.60    2.60   clock core_clock (rise edge)
                          0.00    2.60   clock network delay (ideal)
                          0.00    2.60   clock reconvergence pessimism
                                  2.60 ^ _208_/CLK (sky130_fd_sc_hd__dfxtp_2)
                         -0.12    2.48   library setup time
                                  2.48   data required time
-----------------------------------------------------------------------------
                                  2.48   data required time
                                 -1.29   data arrival time
-----------------------------------------------------------------------------
                                  1.19   slack (MET)


Startpoint: _172_ (rising edge-triggered flip-flop clocked by core_clock)
Endpoint: _207_ (rising edge-triggered flip-flop clocked by core_clock)
Path Group: core_clock
Path Type: max

Fanout     Cap    Slew   Delay    Time   Description
-----------------------------------------------------------------------------
                  0.00    0.00    0.00   clock core_clock (rise edge)
                          0.00    0.00   clock network delay (ideal)
                  0.00    0.00    0.00 ^ _172_/CLK (sky130_fd_sc_hd__dfxtp_2)
     2    0.01    0.03    0.29    0.29 v _172_/Q (sky130_fd_sc_hd__dfxtp_2)
                                         a_q[0] (net)
                  0.03    0.00    0.29 v _075_/A (sky130_fd_sc_hd__or2_2)
     2    0.01    0.07    0.30    0.59 v _075_/X (sky130_fd_sc_hd__or2_2)
                                         _034_ (net)
                  0.07    0.00    0.59 v _079_/A2 (sky130_fd_sc_hd__a21bo_2)
     2    0.01    0.06    0.25    0.84 v _079_/X (sky130_fd_sc_hd__a21bo_2)
                                         _037_ (net)
                  0.06    0.00    0.84 v _084_/A1 (sky130_fd_sc_hd__a21boi_2)
     3    0.01    0.20    0.21    1.05 ^ _084_/Y (sky130_fd_sc_hd__a21boi_2)
                                         _041_ (net)
                  0.20    0.00    1.05 ^ _088_/A (sky130_fd_sc_hd__xor2_2)
     1    0.00    0.05    0.09    1.14 v _088_/X (sky130_fd_sc_hd__xor2_2)
                                         sum_d[2] (net)
                  0.05    0.00    1.14 v _207_/D (sky130_fd_sc_hd__dfxtp_2)
                                  1.14   data arrival time

                  0.00    2.60    2.60   clock core_clock (rise edge)
                          0.00    2.60   clock network delay (ideal)
                          0.00    2.60   clock reconvergence pessimism
                                  2.60 ^ _207_/CLK (sky130_fd_sc_hd__dfxtp_2)
                         -0.13    2.47   library setup time
                                  2.47   data required time
-----------------------------------------------------------------------------
                                  2.47   data required time
                                 -1.14   data arrival time
-----------------------------------------------------------------------------
                                  1.34   slack (MET)


Startpoint: _172_ (rising edge-triggered flip-flop clocked by core_clock)
Endpoint: _206_ (rising edge-triggered flip-flop clocked by core_clock)
Path Group: core_clock
Path Type: max

Fanout     Cap    Slew   Delay    Time   Description
-----------------------------------------------------------------------------
                  0.00    0.00    0.00   clock core_clock (rise edge)
                          0.00    0.00   clock network delay (ideal)
                  0.00    0.00    0.00 ^ _172_/CLK (sky130_fd_sc_hd__dfxtp_2)
     2    0.01    0.03    0.29    0.29 v _172_/Q (sky130_fd_sc_hd__dfxtp_2)
                                         a_q[0] (net)
                  0.03    0.00    0.29 v _075_/A (sky130_fd_sc_hd__or2_2)
     2    0.01    0.07    0.30    0.59 v _075_/X (sky130_fd_sc_hd__or2_2)
                                         _034_ (net)
                  0.07    0.00    0.59 v _079_/A2 (sky130_fd_sc_hd__a21bo_2)
     2    0.01    0.06    0.25    0.84 v _079_/X (sky130_fd_sc_hd__a21bo_2)
                                         _037_ (net)
                  0.06    0.00    0.84 v _083_/A (sky130_fd_sc_hd__xnor2_2)
     1    0.00    0.04    0.12    0.97 v _083_/Y (sky130_fd_sc_hd__xnor2_2)
                                         sum_d[1] (net)
                  0.04    0.00    0.97 v _206_/D (sky130_fd_sc_hd__dfxtp_2)
                                  0.97   data arrival time

                  0.00    2.60    2.60   clock core_clock (rise edge)
                          0.00    2.60   clock network delay (ideal)
                          0.00    2.60   clock reconvergence pessimism
                                  2.60 ^ _206_/CLK (sky130_fd_sc_hd__dfxtp_2)
                         -0.12    2.48   library setup time
                                  2.48   data required time
-----------------------------------------------------------------------------
                                  2.48   data required time
                                 -0.97   data arrival time
-----------------------------------------------------------------------------
                                  1.51   slack (MET)


Startpoint: _172_ (rising edge-triggered flip-flop clocked by core_clock)
Endpoint: _205_ (rising edge-triggered flip-flop clocked by core_clock)
Path Group: core_clock
Path Type: max

Fanout     Cap    Slew   Delay    Time   Description
-----------------------------------------------------------------------------
                  0.00    0.00    0.00   clock core_clock (rise edge)
                          0.00    0.00   clock network delay (ideal)
                  0.00    0.00    0.00 ^ _172_/CLK (sky130_fd_sc_hd__dfxtp_2)
     2    0.01    0.03    0.29    0.29 v _172_/Q (sky130_fd_sc_hd__dfxtp_2)
                                         a_q[0] (net)
                  0.03    0.00    0.29 v _075_/A (sky130_fd_sc_hd__or2_2)
     2    0.01    0.07    0.30    0.59 v _075_/X (sky130_fd_sc_hd__or2_2)
                                         _034_ (net)
                  0.07    0.00    0.59 v _077_/A (sky130_fd_sc_hd__nand2_2)
     1    0.01    0.06    0.08    0.67 ^ _077_/Y (sky130_fd_sc_hd__nand2_2)
                                         _036_ (net)
                  0.06    0.00    0.67 ^ _078_/B (sky130_fd_sc_hd__xnor2_2)
     1    0.00    0.04    0.05    0.72 v _078_/Y (sky130_fd_sc_hd__xnor2_2)
                                         sum_d[0] (net)
                  0.04    0.00    0.72 v _205_/D (sky130_fd_sc_hd__dfxtp_2)
                                  0.72   data arrival time

                  0.00    2.60    2.60   clock core_clock (rise edge)
                          0.00    2.60   clock network delay (ideal)
                          0.00    2.60   clock reconvergence pessimism
                                  2.60 ^ _205_/CLK (sky130_fd_sc_hd__dfxtp_2)
                         -0.12    2.48   library setup time
                                  2.48   data required time
-----------------------------------------------------------------------------
                                  2.48   data required time
                                 -0.72   data arrival time
-----------------------------------------------------------------------------
                                  1.76   slack (MET)



worst slack corner Typical: 0.0049
