
Circuit 1 cell sky130_fd_pr__pfet_01v8 and Circuit 2 cell sky130_fd_pr__pfet_01v8 are black boxes.
Warning: Equate pins:  cell sky130_fd_pr__pfet_01v8 is a placeholder, treated as a black box.
Warning: Equate pins:  cell sky130_fd_pr__pfet_01v8 is a placeholder, treated as a black box.

Subcircuit pins:
Circuit 1: sky130_fd_pr__pfet_01v8         |Circuit 2: sky130_fd_pr__pfet_01v8         
-------------------------------------------|-------------------------------------------
1                                          |1                                          
2                                          |2                                          
3                                          |3                                          
4                                          |4                                          
---------------------------------------------------------------------------------------
Cell pin lists are equivalent.
Device classes sky130_fd_pr__pfet_01v8 and sky130_fd_pr__pfet_01v8 are equivalent.

Circuit 1 cell sky130_fd_pr__nfet_01v8 and Circuit 2 cell sky130_fd_pr__nfet_01v8 are black boxes.
Warning: Equate pins:  cell sky130_fd_pr__nfet_01v8 is a placeholder, treated as a black box.
Warning: Equate pins:  cell sky130_fd_pr__nfet_01v8 is a placeholder, treated as a black box.

Subcircuit pins:
Circuit 1: sky130_fd_pr__nfet_01v8         |Circuit 2: sky130_fd_pr__nfet_01v8         
-------------------------------------------|-------------------------------------------
1                                          |1                                          
2                                          |2                                          
3                                          |3                                          
4                                          |4                                          
---------------------------------------------------------------------------------------
Cell pin lists are equivalent.
Device classes sky130_fd_pr__nfet_01v8 and sky130_fd_pr__nfet_01v8 are equivalent.
Flattening unmatched subcell inv in circuit ro7 (0)(7 instances)
Flattening unmatched subcell inv_wo_tap in circuit ro7 (1)(7 instances)
Flattening unmatched subcell pfet$1 in circuit ro7 (1)(7 instances)

Subcircuit summary:
Circuit 1: ro7                             |Circuit 2: ro7                             
-------------------------------------------|-------------------------------------------
sky130_fd_pr__pfet_01v8 (7)                |sky130_fd_pr__pfet_01v8 (7)                
sky130_fd_pr__nfet_01v8 (7)                |sky130_fd_pr__nfet_01v8 (7)                
Number of devices: 14                      |Number of devices: 14                      
Number of nets: 9                          |Number of nets: 9                          
---------------------------------------------------------------------------------------
Resolving symmetries by property value.
Resolving symmetries by pin name.
Netlists match uniquely.

Subcircuit pins:
Circuit 1: ro7                             |Circuit 2: ro7                             
-------------------------------------------|-------------------------------------------
vout                                       |vout                                       
DVDD                                       |DVDD                                       
DGND                                       |DGND                                       
---------------------------------------------------------------------------------------
Cell pin lists are equivalent.
Device classes ro7 and ro7 are equivalent.

Final result: Circuits match uniquely.
.
