
===========================================================================
report_checks -path_delay max (Setup)
============================================================================
======================= Typical Corner ===================================

Startpoint: _170_ (rising edge-triggered flip-flop clocked by core_clock)
Endpoint: _157_ (rising edge-triggered flip-flop clocked by core_clock)
Path Group: core_clock
Path Type: max

Fanout     Cap    Slew   Delay    Time   Description
-----------------------------------------------------------------------------
                          0.00    0.00   clock core_clock (rise edge)
                          0.00    0.00   clock source latency
     1    0.01    0.00    0.00    0.00 ^ clk (in)
                                         clk (net)
                  0.00    0.00    0.00 ^ clkbuf_0_clk/A (sky130_fd_sc_hd__clkbuf_16)
     4    0.03    0.05    0.12    0.12 ^ clkbuf_0_clk/X (sky130_fd_sc_hd__clkbuf_16)
                                         clknet_0_clk (net)
                  0.05    0.00    0.12 ^ clkbuf_2_3__f_clk/A (sky130_fd_sc_hd__clkbuf_16)
    12    0.03    0.05    0.14    0.26 ^ clkbuf_2_3__f_clk/X (sky130_fd_sc_hd__clkbuf_16)
                                         clknet_2_3__leaf_clk (net)
                  0.05    0.00    0.26 ^ _170_/CLK (sky130_fd_sc_hd__dfxtp_2)
     2    0.01    0.04    0.33    0.58 v _170_/Q (sky130_fd_sc_hd__dfxtp_2)
                                         x22.A (net)
                  0.04    0.00    0.58 v _064_/B (sky130_fd_sc_hd__nand2_4)
     3    0.01    0.05    0.07    0.65 ^ _064_/Y (sky130_fd_sc_hd__nand2_4)
                                         _015_ (net)
                  0.05    0.00    0.65 ^ _065_/A (sky130_fd_sc_hd__inv_2)
     1    0.00    0.02    0.03    0.68 v _065_/Y (sky130_fd_sc_hd__inv_2)
                                         _016_ (net)
                  0.02    0.00    0.68 v _069_/B (sky130_fd_sc_hd__or4_4)
     2    0.00    0.08    0.50    1.17 v _069_/X (sky130_fd_sc_hd__or4_4)
                                         _020_ (net)
                  0.08    0.00    1.17 v _100_/A (sky130_fd_sc_hd__or4_4)
     2    0.01    0.10    0.56    1.73 v _100_/X (sky130_fd_sc_hd__or4_4)
                                         _051_ (net)
                  0.10    0.00    1.73 v _105_/A1 (sky130_fd_sc_hd__a211oi_4)
     3    0.01    0.21    0.24    1.98 ^ _105_/Y (sky130_fd_sc_hd__a211oi_4)
                                         _056_ (net)
                  0.21    0.00    1.98 ^ _139_/A2_N (sky130_fd_sc_hd__a2bb2o_4)
     1    0.00    0.03    0.23    2.20 v _139_/X (sky130_fd_sc_hd__a2bb2o_4)
                                         _012_ (net)
                  0.03    0.00    2.20 v _140_/B1 (sky130_fd_sc_hd__o21a_1)
     1    0.00    0.03    0.09    2.29 v _140_/X (sky130_fd_sc_hd__o21a_1)
                                         x77.S (net)
                  0.03    0.00    2.29 v _157_/D (sky130_fd_sc_hd__dfxtp_1)
                                  2.29   data arrival time

                          2.60    2.60   clock core_clock (rise edge)
                          0.00    2.60   clock source latency
     1    0.01    0.00    0.00    2.60 ^ clk (in)
                                         clk (net)
                  0.00    0.00    2.60 ^ clkbuf_0_clk/A (sky130_fd_sc_hd__clkbuf_16)
     4    0.03    0.05    0.12    2.72 ^ clkbuf_0_clk/X (sky130_fd_sc_hd__clkbuf_16)
                                         clknet_0_clk (net)
                  0.05    0.00    2.72 ^ clkbuf_2_1__f_clk/A (sky130_fd_sc_hd__clkbuf_16)
    15    0.03    0.05    0.14    2.86 ^ clkbuf_2_1__f_clk/X (sky130_fd_sc_hd__clkbuf_16)
                                         clknet_2_1__leaf_clk (net)
                  0.05    0.00    2.86 ^ _157_/CLK (sky130_fd_sc_hd__dfxtp_1)
                          0.00    2.86   clock reconvergence pessimism
                         -0.10    2.76   library setup time
                                  2.76   data required time
-----------------------------------------------------------------------------
                                  2.76   data required time
                                 -2.29   data arrival time
-----------------------------------------------------------------------------
                                  0.47   slack (MET)


Startpoint: _170_ (rising edge-triggered flip-flop clocked by core_clock)
Endpoint: _158_ (rising edge-triggered flip-flop clocked by core_clock)
Path Group: core_clock
Path Type: max

Fanout     Cap    Slew   Delay    Time   Description
-----------------------------------------------------------------------------
                          0.00    0.00   clock core_clock (rise edge)
                          0.00    0.00   clock source latency
     1    0.01    0.00    0.00    0.00 ^ clk (in)
                                         clk (net)
                  0.00    0.00    0.00 ^ clkbuf_0_clk/A (sky130_fd_sc_hd__clkbuf_16)
     4    0.03    0.05    0.12    0.12 ^ clkbuf_0_clk/X (sky130_fd_sc_hd__clkbuf_16)
                                         clknet_0_clk (net)
                  0.05    0.00    0.12 ^ clkbuf_2_3__f_clk/A (sky130_fd_sc_hd__clkbuf_16)
    12    0.03    0.05    0.14    0.26 ^ clkbuf_2_3__f_clk/X (sky130_fd_sc_hd__clkbuf_16)
                                         clknet_2_3__leaf_clk (net)
                  0.05    0.00    0.26 ^ _170_/CLK (sky130_fd_sc_hd__dfxtp_2)
     2    0.01    0.04    0.33    0.58 v _170_/Q (sky130_fd_sc_hd__dfxtp_2)
                                         x22.A (net)
                  0.04    0.00    0.58 v _064_/B (sky130_fd_sc_hd__nand2_4)
     3    0.01    0.05    0.07    0.65 ^ _064_/Y (sky130_fd_sc_hd__nand2_4)
                                         _015_ (net)
                  0.05    0.00    0.65 ^ _065_/A (sky130_fd_sc_hd__inv_2)
     1    0.00    0.02    0.03    0.68 v _065_/Y (sky130_fd_sc_hd__inv_2)
                                         _016_ (net)
                  0.02    0.00    0.68 v _069_/B (sky130_fd_sc_hd__or4_4)
     2    0.00    0.08    0.50    1.17 v _069_/X (sky130_fd_sc_hd__or4_4)
                                         _020_ (net)
                  0.08    0.00    1.17 v _100_/A (sky130_fd_sc_hd__or4_4)
     2    0.01    0.10    0.56    1.73 v _100_/X (sky130_fd_sc_hd__or4_4)
                                         _051_ (net)
                  0.10    0.00    1.73 v _105_/A1 (sky130_fd_sc_hd__a211oi_4)
     3    0.01    0.21    0.24    1.98 ^ _105_/Y (sky130_fd_sc_hd__a211oi_4)
                                         _056_ (net)
                  0.21    0.00    1.98 ^ _111_/A3 (sky130_fd_sc_hd__o32a_1)
     1    0.00    0.04    0.16    2.14 ^ _111_/X (sky130_fd_sc_hd__o32a_1)
                                         _062_ (net)
                  0.04    0.00    2.14 ^ _112_/A (sky130_fd_sc_hd__clkbuf_1)
     2    0.00    0.06    0.09    2.23 ^ _112_/X (sky130_fd_sc_hd__clkbuf_1)
                                         x62.C (net)
                  0.06    0.00    2.23 ^ _142_/A2 (sky130_fd_sc_hd__a21boi_1)
     1    0.00    0.03    0.06    2.29 v _142_/Y (sky130_fd_sc_hd__a21boi_1)
                                         x78.S (net)
                  0.03    0.00    2.29 v _158_/D (sky130_fd_sc_hd__dfxtp_1)
                                  2.29   data arrival time

                          2.60    2.60   clock core_clock (rise edge)
                          0.00    2.60   clock source latency
     1    0.01    0.00    0.00    2.60 ^ clk (in)
                                         clk (net)
                  0.00    0.00    2.60 ^ clkbuf_0_clk/A (sky130_fd_sc_hd__clkbuf_16)
     4    0.03    0.05    0.12    2.72 ^ clkbuf_0_clk/X (sky130_fd_sc_hd__clkbuf_16)
                                         clknet_0_clk (net)
                  0.05    0.00    2.72 ^ clkbuf_2_3__f_clk/A (sky130_fd_sc_hd__clkbuf_16)
    12    0.03    0.05    0.14    2.86 ^ clkbuf_2_3__f_clk/X (sky130_fd_sc_hd__clkbuf_16)
                                         clknet_2_3__leaf_clk (net)
                  0.05    0.00    2.86 ^ _158_/CLK (sky130_fd_sc_hd__dfxtp_1)
                          0.00    2.86   clock reconvergence pessimism
                         -0.10    2.75   library setup time
                                  2.75   data required time
-----------------------------------------------------------------------------
                                  2.75   data required time
                                 -2.29   data arrival time
-----------------------------------------------------------------------------
                                  0.47   slack (MET)


Startpoint: _170_ (rising edge-triggered flip-flop clocked by core_clock)
Endpoint: _156_ (rising edge-triggered flip-flop clocked by core_clock)
Path Group: core_clock
Path Type: max

Fanout     Cap    Slew   Delay    Time   Description
-----------------------------------------------------------------------------
                          0.00    0.00   clock core_clock (rise edge)
                          0.00    0.00   clock source latency
     1    0.01    0.00    0.00    0.00 ^ clk (in)
                                         clk (net)
                  0.00    0.00    0.00 ^ clkbuf_0_clk/A (sky130_fd_sc_hd__clkbuf_16)
     4    0.03    0.05    0.12    0.12 ^ clkbuf_0_clk/X (sky130_fd_sc_hd__clkbuf_16)
                                         clknet_0_clk (net)
                  0.05    0.00    0.12 ^ clkbuf_2_3__f_clk/A (sky130_fd_sc_hd__clkbuf_16)
    12    0.03    0.05    0.14    0.26 ^ clkbuf_2_3__f_clk/X (sky130_fd_sc_hd__clkbuf_16)
                                         clknet_2_3__leaf_clk (net)
                  0.05    0.00    0.26 ^ _170_/CLK (sky130_fd_sc_hd__dfxtp_2)
     2    0.01    0.04    0.33    0.58 v _170_/Q (sky130_fd_sc_hd__dfxtp_2)
                                         x22.A (net)
                  0.04    0.00    0.58 v _064_/B (sky130_fd_sc_hd__nand2_4)
     3    0.01    0.05    0.07    0.65 ^ _064_/Y (sky130_fd_sc_hd__nand2_4)
                                         _015_ (net)
                  0.05    0.00    0.65 ^ _065_/A (sky130_fd_sc_hd__inv_2)
     1    0.00    0.02    0.03    0.68 v _065_/Y (sky130_fd_sc_hd__inv_2)
                                         _016_ (net)
                  0.02    0.00    0.68 v _069_/B (sky130_fd_sc_hd__or4_4)
     2    0.00    0.08    0.50    1.17 v _069_/X (sky130_fd_sc_hd__or4_4)
                                         _020_ (net)
                  0.08    0.00    1.17 v _100_/A (sky130_fd_sc_hd__or4_4)
     2    0.01    0.10    0.56    1.73 v _100_/X (sky130_fd_sc_hd__or4_4)
                                         _051_ (net)
                  0.10    0.00    1.73 v _105_/A1 (sky130_fd_sc_hd__a211oi_4)
     3    0.01    0.21    0.24    1.98 ^ _105_/Y (sky130_fd_sc_hd__a211oi_4)
                                         _056_ (net)
                  0.21    0.00    1.98 ^ _138_/A2_N (sky130_fd_sc_hd__a2bb2o_2)
     1    0.00    0.04    0.28    2.26 v _138_/X (sky130_fd_sc_hd__a2bb2o_2)
                                         x76.S (net)
                  0.04    0.00    2.26 v _156_/D (sky130_fd_sc_hd__dfxtp_1)
                                  2.26   data arrival time

                          2.60    2.60   clock core_clock (rise edge)
                          0.00    2.60   clock source latency
     1    0.01    0.00    0.00    2.60 ^ clk (in)
                                         clk (net)
                  0.00    0.00    2.60 ^ clkbuf_0_clk/A (sky130_fd_sc_hd__clkbuf_16)
     4    0.03    0.05    0.12    2.72 ^ clkbuf_0_clk/X (sky130_fd_sc_hd__clkbuf_16)
                                         clknet_0_clk (net)
                  0.05    0.00    2.72 ^ clkbuf_2_1__f_clk/A (sky130_fd_sc_hd__clkbuf_16)
    15    0.03    0.05    0.14    2.86 ^ clkbuf_2_1__f_clk/X (sky130_fd_sc_hd__clkbuf_16)
                                         clknet_2_1__leaf_clk (net)
                  0.05    0.00    2.86 ^ _156_/CLK (sky130_fd_sc_hd__dfxtp_1)
                          0.00    2.86   clock reconvergence pessimism
                         -0.11    2.75   library setup time
                                  2.75   data required time
-----------------------------------------------------------------------------
                                  2.75   data required time
                                 -2.26   data arrival time
-----------------------------------------------------------------------------
                                  0.49   slack (MET)


Startpoint: _170_ (rising edge-triggered flip-flop clocked by core_clock)
Endpoint: _159_ (rising edge-triggered flip-flop clocked by core_clock)
Path Group: core_clock
Path Type: max

Fanout     Cap    Slew   Delay    Time   Description
-----------------------------------------------------------------------------
                          0.00    0.00   clock core_clock (rise edge)
                          0.00    0.00   clock source latency
     1    0.01    0.00    0.00    0.00 ^ clk (in)
                                         clk (net)
                  0.00    0.00    0.00 ^ clkbuf_0_clk/A (sky130_fd_sc_hd__clkbuf_16)
     4    0.03    0.05    0.12    0.12 ^ clkbuf_0_clk/X (sky130_fd_sc_hd__clkbuf_16)
                                         clknet_0_clk (net)
                  0.05    0.00    0.12 ^ clkbuf_2_3__f_clk/A (sky130_fd_sc_hd__clkbuf_16)
    12    0.03    0.05    0.14    0.26 ^ clkbuf_2_3__f_clk/X (sky130_fd_sc_hd__clkbuf_16)
                                         clknet_2_3__leaf_clk (net)
                  0.05    0.00    0.26 ^ _170_/CLK (sky130_fd_sc_hd__dfxtp_2)
     2    0.01    0.04    0.33    0.58 v _170_/Q (sky130_fd_sc_hd__dfxtp_2)
                                         x22.A (net)
                  0.04    0.00    0.58 v _064_/B (sky130_fd_sc_hd__nand2_4)
     3    0.01    0.05    0.07    0.65 ^ _064_/Y (sky130_fd_sc_hd__nand2_4)
                                         _015_ (net)
                  0.05    0.00    0.65 ^ _065_/A (sky130_fd_sc_hd__inv_2)
     1    0.00    0.02    0.03    0.68 v _065_/Y (sky130_fd_sc_hd__inv_2)
                                         _016_ (net)
                  0.02    0.00    0.68 v _069_/B (sky130_fd_sc_hd__or4_4)
     2    0.00    0.08    0.50    1.17 v _069_/X (sky130_fd_sc_hd__or4_4)
                                         _020_ (net)
                  0.08    0.00    1.17 v _100_/A (sky130_fd_sc_hd__or4_4)
     2    0.01    0.10    0.56    1.73 v _100_/X (sky130_fd_sc_hd__or4_4)
                                         _051_ (net)
                  0.10    0.00    1.73 v _105_/A1 (sky130_fd_sc_hd__a211oi_4)
     3    0.01    0.21    0.24    1.98 ^ _105_/Y (sky130_fd_sc_hd__a211oi_4)
                                         _056_ (net)
                  0.21    0.00    1.98 ^ _111_/A3 (sky130_fd_sc_hd__o32a_1)
     1    0.00    0.04    0.16    2.14 ^ _111_/X (sky130_fd_sc_hd__o32a_1)
                                         _062_ (net)
                  0.04    0.00    2.14 ^ _112_/A (sky130_fd_sc_hd__clkbuf_1)
     2    0.00    0.06    0.09    2.23 ^ _112_/X (sky130_fd_sc_hd__clkbuf_1)
                                         x62.C (net)
                  0.06    0.00    2.23 ^ _159_/D (sky130_fd_sc_hd__dfxtp_1)
                                  2.23   data arrival time

                          2.60    2.60   clock core_clock (rise edge)
                          0.00    2.60   clock source latency
     1    0.01    0.00    0.00    2.60 ^ clk (in)
                                         clk (net)
                  0.00    0.00    2.60 ^ clkbuf_0_clk/A (sky130_fd_sc_hd__clkbuf_16)
     4    0.03    0.05    0.12    2.72 ^ clkbuf_0_clk/X (sky130_fd_sc_hd__clkbuf_16)
                                         clknet_0_clk (net)
                  0.05    0.00    2.72 ^ clkbuf_2_3__f_clk/A (sky130_fd_sc_hd__clkbuf_16)
    12    0.03    0.05    0.14    2.86 ^ clkbuf_2_3__f_clk/X (sky130_fd_sc_hd__clkbuf_16)
                                         clknet_2_3__leaf_clk (net)
                  0.05    0.00    2.86 ^ _159_/CLK (sky130_fd_sc_hd__dfxtp_1)
                          0.00    2.86   clock reconvergence pessimism
                         -0.06    2.80   library setup time
                                  2.80   data required time
-----------------------------------------------------------------------------
                                  2.80   data required time
                                 -2.23   data arrival time
-----------------------------------------------------------------------------
                                  0.57   slack (MET)


Startpoint: _170_ (rising edge-triggered flip-flop clocked by core_clock)
Endpoint: _155_ (rising edge-triggered flip-flop clocked by core_clock)
Path Group: core_clock
Path Type: max

Fanout     Cap    Slew   Delay    Time   Description
-----------------------------------------------------------------------------
                          0.00    0.00   clock core_clock (rise edge)
                          0.00    0.00   clock source latency
     1    0.01    0.00    0.00    0.00 ^ clk (in)
                                         clk (net)
                  0.00    0.00    0.00 ^ clkbuf_0_clk/A (sky130_fd_sc_hd__clkbuf_16)
     4    0.03    0.05    0.12    0.12 ^ clkbuf_0_clk/X (sky130_fd_sc_hd__clkbuf_16)
                                         clknet_0_clk (net)
                  0.05    0.00    0.12 ^ clkbuf_2_3__f_clk/A (sky130_fd_sc_hd__clkbuf_16)
    12    0.03    0.05    0.14    0.26 ^ clkbuf_2_3__f_clk/X (sky130_fd_sc_hd__clkbuf_16)
                                         clknet_2_3__leaf_clk (net)
                  0.05    0.00    0.26 ^ _170_/CLK (sky130_fd_sc_hd__dfxtp_2)
     2    0.01    0.04    0.33    0.58 v _170_/Q (sky130_fd_sc_hd__dfxtp_2)
                                         x22.A (net)
                  0.04    0.00    0.58 v _064_/B (sky130_fd_sc_hd__nand2_4)
     3    0.01    0.05    0.07    0.65 ^ _064_/Y (sky130_fd_sc_hd__nand2_4)
                                         _015_ (net)
                  0.05    0.00    0.65 ^ _065_/A (sky130_fd_sc_hd__inv_2)
     1    0.00    0.02    0.03    0.68 v _065_/Y (sky130_fd_sc_hd__inv_2)
                                         _016_ (net)
                  0.02    0.00    0.68 v _069_/B (sky130_fd_sc_hd__or4_4)
     2    0.00    0.08    0.50    1.17 v _069_/X (sky130_fd_sc_hd__or4_4)
                                         _020_ (net)
                  0.08    0.00    1.17 v _100_/A (sky130_fd_sc_hd__or4_4)
     2    0.01    0.10    0.56    1.73 v _100_/X (sky130_fd_sc_hd__or4_4)
                                         _051_ (net)
                  0.10    0.00    1.73 v _134_/B (sky130_fd_sc_hd__nand2_1)
     2    0.00    0.07    0.10    1.83 ^ _134_/Y (sky130_fd_sc_hd__nand2_1)
                                         _010_ (net)
                  0.07    0.00    1.83 ^ _137_/A1 (sky130_fd_sc_hd__o21ai_1)
     1    0.00    0.05    0.06    1.89 v _137_/Y (sky130_fd_sc_hd__o21ai_1)
                                         x75.S (net)
                  0.05    0.00    1.89 v _155_/D (sky130_fd_sc_hd__dfxtp_1)
                                  1.89   data arrival time

                          2.60    2.60   clock core_clock (rise edge)
                          0.00    2.60   clock source latency
     1    0.01    0.00    0.00    2.60 ^ clk (in)
                                         clk (net)
                  0.00    0.00    2.60 ^ clkbuf_0_clk/A (sky130_fd_sc_hd__clkbuf_16)
     4    0.03    0.05    0.12    2.72 ^ clkbuf_0_clk/X (sky130_fd_sc_hd__clkbuf_16)
                                         clknet_0_clk (net)
                  0.05    0.00    2.72 ^ clkbuf_2_3__f_clk/A (sky130_fd_sc_hd__clkbuf_16)
    12    0.03    0.05    0.14    2.86 ^ clkbuf_2_3__f_clk/X (sky130_fd_sc_hd__clkbuf_16)
                                         clknet_2_3__leaf_clk (net)
                  0.05    0.00    2.86 ^ _155_/CLK (sky130_fd_sc_hd__dfxtp_1)
                          0.00    2.86   clock reconvergence pessimism
                         -0.11    2.75   library setup time
                                  2.75   data required time
-----------------------------------------------------------------------------
                                  2.75   data required time
                                 -1.89   data arrival time
-----------------------------------------------------------------------------
                                  0.86   slack (MET)


Startpoint: _170_ (rising edge-triggered flip-flop clocked by core_clock)
Endpoint: _154_ (rising edge-triggered flip-flop clocked by core_clock)
Path Group: core_clock
Path Type: max

Fanout     Cap    Slew   Delay    Time   Description
-----------------------------------------------------------------------------
                          0.00    0.00   clock core_clock (rise edge)
                          0.00    0.00   clock source latency
     1    0.01    0.00    0.00    0.00 ^ clk (in)
                                         clk (net)
                  0.00    0.00    0.00 ^ clkbuf_0_clk/A (sky130_fd_sc_hd__clkbuf_16)
     4    0.03    0.05    0.12    0.12 ^ clkbuf_0_clk/X (sky130_fd_sc_hd__clkbuf_16)
                                         clknet_0_clk (net)
                  0.05    0.00    0.12 ^ clkbuf_2_3__f_clk/A (sky130_fd_sc_hd__clkbuf_16)
    12    0.03    0.05    0.14    0.26 ^ clkbuf_2_3__f_clk/X (sky130_fd_sc_hd__clkbuf_16)
                                         clknet_2_3__leaf_clk (net)
                  0.05    0.00    0.26 ^ _170_/CLK (sky130_fd_sc_hd__dfxtp_2)
     2    0.01    0.04    0.33    0.58 v _170_/Q (sky130_fd_sc_hd__dfxtp_2)
                                         x22.A (net)
                  0.04    0.00    0.58 v _064_/B (sky130_fd_sc_hd__nand2_4)
     3    0.01    0.05    0.07    0.65 ^ _064_/Y (sky130_fd_sc_hd__nand2_4)
                                         _015_ (net)
                  0.05    0.00    0.65 ^ _065_/A (sky130_fd_sc_hd__inv_2)
     1    0.00    0.02    0.03    0.68 v _065_/Y (sky130_fd_sc_hd__inv_2)
                                         _016_ (net)
                  0.02    0.00    0.68 v _069_/B (sky130_fd_sc_hd__or4_4)
     2    0.00    0.08    0.50    1.17 v _069_/X (sky130_fd_sc_hd__or4_4)
                                         _020_ (net)
                  0.08    0.00    1.17 v _100_/A (sky130_fd_sc_hd__or4_4)
     2    0.01    0.10    0.56    1.73 v _100_/X (sky130_fd_sc_hd__or4_4)
                                         _051_ (net)
                  0.10    0.00    1.73 v _134_/B (sky130_fd_sc_hd__nand2_1)
     2    0.00    0.07    0.10    1.83 ^ _134_/Y (sky130_fd_sc_hd__nand2_1)
                                         _010_ (net)
                  0.07    0.00    1.83 ^ _135_/A2 (sky130_fd_sc_hd__a21oi_1)
     1    0.00    0.05    0.06    1.89 v _135_/Y (sky130_fd_sc_hd__a21oi_1)
                                         x74.S (net)
                  0.05    0.00    1.89 v _154_/D (sky130_fd_sc_hd__dfxtp_1)
                                  1.89   data arrival time

                          2.60    2.60   clock core_clock (rise edge)
                          0.00    2.60   clock source latency
     1    0.01    0.00    0.00    2.60 ^ clk (in)
                                         clk (net)
                  0.00    0.00    2.60 ^ clkbuf_0_clk/A (sky130_fd_sc_hd__clkbuf_16)
     4    0.03    0.05    0.12    2.72 ^ clkbuf_0_clk/X (sky130_fd_sc_hd__clkbuf_16)
                                         clknet_0_clk (net)
                  0.05    0.00    2.72 ^ clkbuf_2_1__f_clk/A (sky130_fd_sc_hd__clkbuf_16)
    15    0.03    0.05    0.14    2.86 ^ clkbuf_2_1__f_clk/X (sky130_fd_sc_hd__clkbuf_16)
                                         clknet_2_1__leaf_clk (net)
                  0.05    0.00    2.86 ^ _154_/CLK (sky130_fd_sc_hd__dfxtp_1)
                          0.00    2.86   clock reconvergence pessimism
                         -0.11    2.75   library setup time
                                  2.75   data required time
-----------------------------------------------------------------------------
                                  2.75   data required time
                                 -1.89   data arrival time
-----------------------------------------------------------------------------
                                  0.86   slack (MET)


Startpoint: _177_ (rising edge-triggered flip-flop clocked by core_clock)
Endpoint: _153_ (rising edge-triggered flip-flop clocked by core_clock)
Path Group: core_clock
Path Type: max

Fanout     Cap    Slew   Delay    Time   Description
-----------------------------------------------------------------------------
                          0.00    0.00   clock core_clock (rise edge)
                          0.00    0.00   clock source latency
     1    0.01    0.00    0.00    0.00 ^ clk (in)
                                         clk (net)
                  0.00    0.00    0.00 ^ clkbuf_0_clk/A (sky130_fd_sc_hd__clkbuf_16)
     4    0.03    0.05    0.12    0.12 ^ clkbuf_0_clk/X (sky130_fd_sc_hd__clkbuf_16)
                                         clknet_0_clk (net)
                  0.05    0.00    0.12 ^ clkbuf_2_0__f_clk/A (sky130_fd_sc_hd__clkbuf_16)
    16    0.03    0.05    0.14    0.26 ^ clkbuf_2_0__f_clk/X (sky130_fd_sc_hd__clkbuf_16)
                                         clknet_2_0__leaf_clk (net)
                  0.05    0.00    0.26 ^ _177_/CLK (sky130_fd_sc_hd__dfxtp_2)
     4    0.01    0.04    0.32    0.58 v _177_/Q (sky130_fd_sc_hd__dfxtp_2)
                                         x4.B (net)
                  0.04    0.00    0.58 v _078_/A1 (sky130_fd_sc_hd__o221a_1)
     2    0.00    0.05    0.25    0.83 v _078_/X (sky130_fd_sc_hd__o221a_1)
                                         _029_ (net)
                  0.05    0.00    0.83 v _080_/B2 (sky130_fd_sc_hd__a221o_1)
     1    0.00    0.06    0.32    1.16 v _080_/X (sky130_fd_sc_hd__a221o_1)
                                         _031_ (net)
                  0.06    0.00    1.16 v _082_/B2 (sky130_fd_sc_hd__o221a_4)
     4    0.01    0.05    0.23    1.39 v _082_/X (sky130_fd_sc_hd__o221a_4)
                                         _033_ (net)
                  0.05    0.00    1.39 v _094_/A1 (sky130_fd_sc_hd__a21oi_2)
     3    0.01    0.12    0.14    1.53 ^ _094_/Y (sky130_fd_sc_hd__a21oi_2)
                                         _045_ (net)
                  0.12    0.00    1.53 ^ _130_/A (sky130_fd_sc_hd__or3_1)
     1    0.00    0.04    0.12    1.65 ^ _130_/X (sky130_fd_sc_hd__or3_1)
                                         _008_ (net)
                  0.04    0.00    1.65 ^ _131_/A (sky130_fd_sc_hd__nand2_1)
     2    0.00    0.04    0.05    1.70 v _131_/Y (sky130_fd_sc_hd__nand2_1)
                                         _009_ (net)
                  0.04    0.00    1.70 v _133_/A2 (sky130_fd_sc_hd__a21oi_1)
     1    0.00    0.08    0.12    1.81 ^ _133_/Y (sky130_fd_sc_hd__a21oi_1)
                                         x73.S (net)
                  0.08    0.00    1.81 ^ _153_/D (sky130_fd_sc_hd__dfxtp_1)
                                  1.81   data arrival time

                          2.60    2.60   clock core_clock (rise edge)
                          0.00    2.60   clock source latency
     1    0.01    0.00    0.00    2.60 ^ clk (in)
                                         clk (net)
                  0.00    0.00    2.60 ^ clkbuf_0_clk/A (sky130_fd_sc_hd__clkbuf_16)
     4    0.03    0.05    0.12    2.72 ^ clkbuf_0_clk/X (sky130_fd_sc_hd__clkbuf_16)
                                         clknet_0_clk (net)
                  0.05    0.00    2.72 ^ clkbuf_2_1__f_clk/A (sky130_fd_sc_hd__clkbuf_16)
    15    0.03    0.05    0.14    2.86 ^ clkbuf_2_1__f_clk/X (sky130_fd_sc_hd__clkbuf_16)
                                         clknet_2_1__leaf_clk (net)
                  0.05    0.00    2.86 ^ _153_/CLK (sky130_fd_sc_hd__dfxtp_1)
                          0.00    2.86   clock reconvergence pessimism
                         -0.06    2.80   library setup time
                                  2.80   data required time
-----------------------------------------------------------------------------
                                  2.80   data required time
                                 -1.81   data arrival time
-----------------------------------------------------------------------------
                                  0.98   slack (MET)


Startpoint: _177_ (rising edge-triggered flip-flop clocked by core_clock)
Endpoint: _152_ (rising edge-triggered flip-flop clocked by core_clock)
Path Group: core_clock
Path Type: max

Fanout     Cap    Slew   Delay    Time   Description
-----------------------------------------------------------------------------
                          0.00    0.00   clock core_clock (rise edge)
                          0.00    0.00   clock source latency
     1    0.01    0.00    0.00    0.00 ^ clk (in)
                                         clk (net)
                  0.00    0.00    0.00 ^ clkbuf_0_clk/A (sky130_fd_sc_hd__clkbuf_16)
     4    0.03    0.05    0.12    0.12 ^ clkbuf_0_clk/X (sky130_fd_sc_hd__clkbuf_16)
                                         clknet_0_clk (net)
                  0.05    0.00    0.12 ^ clkbuf_2_0__f_clk/A (sky130_fd_sc_hd__clkbuf_16)
    16    0.03    0.05    0.14    0.26 ^ clkbuf_2_0__f_clk/X (sky130_fd_sc_hd__clkbuf_16)
                                         clknet_2_0__leaf_clk (net)
                  0.05    0.00    0.26 ^ _177_/CLK (sky130_fd_sc_hd__dfxtp_2)
     4    0.01    0.04    0.32    0.58 v _177_/Q (sky130_fd_sc_hd__dfxtp_2)
                                         x4.B (net)
                  0.04    0.00    0.58 v _078_/A1 (sky130_fd_sc_hd__o221a_1)
     2    0.00    0.05    0.25    0.83 v _078_/X (sky130_fd_sc_hd__o221a_1)
                                         _029_ (net)
                  0.05    0.00    0.83 v _080_/B2 (sky130_fd_sc_hd__a221o_1)
     1    0.00    0.06    0.32    1.16 v _080_/X (sky130_fd_sc_hd__a221o_1)
                                         _031_ (net)
                  0.06    0.00    1.16 v _082_/B2 (sky130_fd_sc_hd__o221a_4)
     4    0.01    0.05    0.23    1.39 v _082_/X (sky130_fd_sc_hd__o221a_4)
                                         _033_ (net)
                  0.05    0.00    1.39 v _094_/A1 (sky130_fd_sc_hd__a21oi_2)
     3    0.01    0.12    0.14    1.53 ^ _094_/Y (sky130_fd_sc_hd__a21oi_2)
                                         _045_ (net)
                  0.12    0.00    1.53 ^ _130_/A (sky130_fd_sc_hd__or3_1)
     1    0.00    0.04    0.12    1.65 ^ _130_/X (sky130_fd_sc_hd__or3_1)
                                         _008_ (net)
                  0.04    0.00    1.65 ^ _131_/A (sky130_fd_sc_hd__nand2_1)
     2    0.00    0.04    0.05    1.70 v _131_/Y (sky130_fd_sc_hd__nand2_1)
                                         _009_ (net)
                  0.04    0.00    1.70 v _132_/A2 (sky130_fd_sc_hd__o21ai_1)
     1    0.00    0.08    0.09    1.79 ^ _132_/Y (sky130_fd_sc_hd__o21ai_1)
                                         x72.S (net)
                  0.08    0.00    1.79 ^ _152_/D (sky130_fd_sc_hd__dfxtp_1)
                                  1.79   data arrival time

                          2.60    2.60   clock core_clock (rise edge)
                          0.00    2.60   clock source latency
     1    0.01    0.00    0.00    2.60 ^ clk (in)
                                         clk (net)
                  0.00    0.00    2.60 ^ clkbuf_0_clk/A (sky130_fd_sc_hd__clkbuf_16)
     4    0.03    0.05    0.12    2.72 ^ clkbuf_0_clk/X (sky130_fd_sc_hd__clkbuf_16)
                                         clknet_0_clk (net)
                  0.05    0.00    2.72 ^ clkbuf_2_3__f_clk/A (sky130_fd_sc_hd__clkbuf_16)
    12    0.03    0.05    0.14    2.86 ^ clkbuf_2_3__f_clk/X (sky130_fd_sc_hd__clkbuf_16)
                                         clknet_2_3__leaf_clk (net)
                  0.05    0.00    2.86 ^ _152_/CLK (sky130_fd_sc_hd__dfxtp_1)
                          0.00    2.86   clock reconvergence pessimism
                         -0.06    2.80   library setup time
                                  2.80   data required time
-----------------------------------------------------------------------------
                                  2.80   data required time
                                 -1.79   data arrival time
-----------------------------------------------------------------------------
                                  1.01   slack (MET)


Startpoint: _177_ (rising edge-triggered flip-flop clocked by core_clock)
Endpoint: _150_ (rising edge-triggered flip-flop clocked by core_clock)
Path Group: core_clock
Path Type: max

Fanout     Cap    Slew   Delay    Time   Description
-----------------------------------------------------------------------------
                          0.00    0.00   clock core_clock (rise edge)
                          0.00    0.00   clock source latency
     1    0.01    0.00    0.00    0.00 ^ clk (in)
                                         clk (net)
                  0.00    0.00    0.00 ^ clkbuf_0_clk/A (sky130_fd_sc_hd__clkbuf_16)
     4    0.03    0.05    0.12    0.12 ^ clkbuf_0_clk/X (sky130_fd_sc_hd__clkbuf_16)
                                         clknet_0_clk (net)
                  0.05    0.00    0.12 ^ clkbuf_2_0__f_clk/A (sky130_fd_sc_hd__clkbuf_16)
    16    0.03    0.05    0.14    0.26 ^ clkbuf_2_0__f_clk/X (sky130_fd_sc_hd__clkbuf_16)
                                         clknet_2_0__leaf_clk (net)
                  0.05    0.00    0.26 ^ _177_/CLK (sky130_fd_sc_hd__dfxtp_2)
     4    0.01    0.04    0.32    0.58 v _177_/Q (sky130_fd_sc_hd__dfxtp_2)
                                         x4.B (net)
                  0.04    0.00    0.58 v _078_/A1 (sky130_fd_sc_hd__o221a_1)
     2    0.00    0.05    0.25    0.83 v _078_/X (sky130_fd_sc_hd__o221a_1)
                                         _029_ (net)
                  0.05    0.00    0.83 v _080_/B2 (sky130_fd_sc_hd__a221o_1)
     1    0.00    0.06    0.32    1.16 v _080_/X (sky130_fd_sc_hd__a221o_1)
                                         _031_ (net)
                  0.06    0.00    1.16 v _082_/B2 (sky130_fd_sc_hd__o221a_4)
     4    0.01    0.05    0.23    1.39 v _082_/X (sky130_fd_sc_hd__o221a_4)
                                         _033_ (net)
                  0.05    0.00    1.39 v _094_/A1 (sky130_fd_sc_hd__a21oi_2)
     3    0.01    0.12    0.14    1.53 ^ _094_/Y (sky130_fd_sc_hd__a21oi_2)
                                         _045_ (net)
                  0.12    0.00    1.53 ^ _127_/A (sky130_fd_sc_hd__nor2_1)
     2    0.00    0.05    0.07    1.60 v _127_/Y (sky130_fd_sc_hd__nor2_1)
                                         _007_ (net)
                  0.05    0.00    1.60 v _128_/A2 (sky130_fd_sc_hd__a21oi_1)
     1    0.00    0.08    0.12    1.71 ^ _128_/Y (sky130_fd_sc_hd__a21oi_1)
                                         x70.S (net)
                  0.08    0.00    1.71 ^ _150_/D (sky130_fd_sc_hd__dfxtp_1)
                                  1.71   data arrival time

                          2.60    2.60   clock core_clock (rise edge)
                          0.00    2.60   clock source latency
     1    0.01    0.00    0.00    2.60 ^ clk (in)
                                         clk (net)
                  0.00    0.00    2.60 ^ clkbuf_0_clk/A (sky130_fd_sc_hd__clkbuf_16)
     4    0.03    0.05    0.12    2.72 ^ clkbuf_0_clk/X (sky130_fd_sc_hd__clkbuf_16)
                                         clknet_0_clk (net)
                  0.05    0.00    2.72 ^ clkbuf_2_0__f_clk/A (sky130_fd_sc_hd__clkbuf_16)
    16    0.03    0.05    0.14    2.86 ^ clkbuf_2_0__f_clk/X (sky130_fd_sc_hd__clkbuf_16)
                                         clknet_2_0__leaf_clk (net)
                  0.05    0.00    2.86 ^ _150_/CLK (sky130_fd_sc_hd__dfxtp_1)
                          0.00    2.86   clock reconvergence pessimism
                         -0.06    2.80   library setup time
                                  2.80   data required time
-----------------------------------------------------------------------------
                                  2.80   data required time
                                 -1.71   data arrival time
-----------------------------------------------------------------------------
                                  1.08   slack (MET)


Startpoint: _177_ (rising edge-triggered flip-flop clocked by core_clock)
Endpoint: _151_ (rising edge-triggered flip-flop clocked by core_clock)
Path Group: core_clock
Path Type: max

Fanout     Cap    Slew   Delay    Time   Description
-----------------------------------------------------------------------------
                          0.00    0.00   clock core_clock (rise edge)
                          0.00    0.00   clock source latency
     1    0.01    0.00    0.00    0.00 ^ clk (in)
                                         clk (net)
                  0.00    0.00    0.00 ^ clkbuf_0_clk/A (sky130_fd_sc_hd__clkbuf_16)
     4    0.03    0.05    0.12    0.12 ^ clkbuf_0_clk/X (sky130_fd_sc_hd__clkbuf_16)
                                         clknet_0_clk (net)
                  0.05    0.00    0.12 ^ clkbuf_2_0__f_clk/A (sky130_fd_sc_hd__clkbuf_16)
    16    0.03    0.05    0.14    0.26 ^ clkbuf_2_0__f_clk/X (sky130_fd_sc_hd__clkbuf_16)
                                         clknet_2_0__leaf_clk (net)
                  0.05    0.00    0.26 ^ _177_/CLK (sky130_fd_sc_hd__dfxtp_2)
     4    0.01    0.04    0.32    0.58 v _177_/Q (sky130_fd_sc_hd__dfxtp_2)
                                         x4.B (net)
                  0.04    0.00    0.58 v _078_/A1 (sky130_fd_sc_hd__o221a_1)
     2    0.00    0.05    0.25    0.83 v _078_/X (sky130_fd_sc_hd__o221a_1)
                                         _029_ (net)
                  0.05    0.00    0.83 v _080_/B2 (sky130_fd_sc_hd__a221o_1)
     1    0.00    0.06    0.32    1.16 v _080_/X (sky130_fd_sc_hd__a221o_1)
                                         _031_ (net)
                  0.06    0.00    1.16 v _082_/B2 (sky130_fd_sc_hd__o221a_4)
     4    0.01    0.05    0.23    1.39 v _082_/X (sky130_fd_sc_hd__o221a_4)
                                         _033_ (net)
                  0.05    0.00    1.39 v _094_/A1 (sky130_fd_sc_hd__a21oi_2)
     3    0.01    0.12    0.14    1.53 ^ _094_/Y (sky130_fd_sc_hd__a21oi_2)
                                         _045_ (net)
                  0.12    0.00    1.53 ^ _127_/A (sky130_fd_sc_hd__nor2_1)
     2    0.00    0.05    0.07    1.60 v _127_/Y (sky130_fd_sc_hd__nor2_1)
                                         _007_ (net)
                  0.05    0.00    1.60 v _129_/A1 (sky130_fd_sc_hd__a21boi_1)
     1    0.00    0.09    0.10    1.70 ^ _129_/Y (sky130_fd_sc_hd__a21boi_1)
                                         x71.S (net)
                  0.09    0.00    1.70 ^ _151_/D (sky130_fd_sc_hd__dfxtp_1)
                                  1.70   data arrival time

                          2.60    2.60   clock core_clock (rise edge)
                          0.00    2.60   clock source latency
     1    0.01    0.00    0.00    2.60 ^ clk (in)
                                         clk (net)
                  0.00    0.00    2.60 ^ clkbuf_0_clk/A (sky130_fd_sc_hd__clkbuf_16)
     4    0.03    0.05    0.12    2.72 ^ clkbuf_0_clk/X (sky130_fd_sc_hd__clkbuf_16)
                                         clknet_0_clk (net)
                  0.05    0.00    2.72 ^ clkbuf_2_3__f_clk/A (sky130_fd_sc_hd__clkbuf_16)
    12    0.03    0.05    0.14    2.86 ^ clkbuf_2_3__f_clk/X (sky130_fd_sc_hd__clkbuf_16)
                                         clknet_2_3__leaf_clk (net)
                  0.05    0.00    2.86 ^ _151_/CLK (sky130_fd_sc_hd__dfxtp_1)
                          0.00    2.86   clock reconvergence pessimism
                         -0.06    2.80   library setup time
                                  2.80   data required time
-----------------------------------------------------------------------------
                                  2.80   data required time
                                 -1.70   data arrival time
-----------------------------------------------------------------------------
                                  1.10   slack (MET)


Startpoint: _165_ (rising edge-triggered flip-flop clocked by core_clock)
Endpoint: _148_ (rising edge-triggered flip-flop clocked by core_clock)
Path Group: core_clock
Path Type: max

Fanout     Cap    Slew   Delay    Time   Description
-----------------------------------------------------------------------------
                          0.00    0.00   clock core_clock (rise edge)
                          0.00    0.00   clock source latency
     1    0.01    0.00    0.00    0.00 ^ clk (in)
                                         clk (net)
                  0.00    0.00    0.00 ^ clkbuf_0_clk/A (sky130_fd_sc_hd__clkbuf_16)
     4    0.03    0.05    0.12    0.12 ^ clkbuf_0_clk/X (sky130_fd_sc_hd__clkbuf_16)
                                         clknet_0_clk (net)
                  0.05    0.00    0.12 ^ clkbuf_2_0__f_clk/A (sky130_fd_sc_hd__clkbuf_16)
    16    0.03    0.05    0.14    0.26 ^ clkbuf_2_0__f_clk/X (sky130_fd_sc_hd__clkbuf_16)
                                         clknet_2_0__leaf_clk (net)
                  0.05    0.00    0.26 ^ _165_/CLK (sky130_fd_sc_hd__dfxtp_1)
     2    0.00    0.03    0.29    0.55 v _165_/Q (sky130_fd_sc_hd__dfxtp_1)
                                         x12.A (net)
                  0.03    0.00    0.55 v _084_/B (sky130_fd_sc_hd__and2_1)
     2    0.00    0.04    0.15    0.70 v _084_/X (sky130_fd_sc_hd__and2_1)
                                         _035_ (net)
                  0.04    0.00    0.70 v _086_/A (sky130_fd_sc_hd__or2b_4)
     3    0.01    0.05    0.25    0.96 v _086_/X (sky130_fd_sc_hd__or2b_4)
                                         _037_ (net)
                  0.05    0.00    0.96 v _088_/A (sky130_fd_sc_hd__nor3b_2)
     2    0.01    0.17    0.21    1.17 ^ _088_/Y (sky130_fd_sc_hd__nor3b_2)
                                         _039_ (net)
                  0.17    0.00    1.17 ^ rebuffer1/A (sky130_fd_sc_hd__dlygate4sd1_1)
     1    0.00    0.04    0.22    1.38 ^ rebuffer1/X (sky130_fd_sc_hd__dlygate4sd1_1)
                                         net51 (net)
                  0.04    0.00    1.38 ^ _123_/B (sky130_fd_sc_hd__nand2_1)
     2    0.00    0.04    0.06    1.44 v _123_/Y (sky130_fd_sc_hd__nand2_1)
                                         _005_ (net)
                  0.04    0.00    1.44 v _124_/A3 (sky130_fd_sc_hd__a31o_1)
     1    0.00    0.03    0.20    1.64 v _124_/X (sky130_fd_sc_hd__a31o_1)
                                         x68.S (net)
                  0.03    0.00    1.64 v _148_/D (sky130_fd_sc_hd__dfxtp_1)
                                  1.64   data arrival time

                          2.60    2.60   clock core_clock (rise edge)
                          0.00    2.60   clock source latency
     1    0.01    0.00    0.00    2.60 ^ clk (in)
                                         clk (net)
                  0.00    0.00    2.60 ^ clkbuf_0_clk/A (sky130_fd_sc_hd__clkbuf_16)
     4    0.03    0.05    0.12    2.72 ^ clkbuf_0_clk/X (sky130_fd_sc_hd__clkbuf_16)
                                         clknet_0_clk (net)
                  0.05    0.00    2.72 ^ clkbuf_2_0__f_clk/A (sky130_fd_sc_hd__clkbuf_16)
    16    0.03    0.05    0.14    2.86 ^ clkbuf_2_0__f_clk/X (sky130_fd_sc_hd__clkbuf_16)
                                         clknet_2_0__leaf_clk (net)
                  0.05    0.00    2.86 ^ _148_/CLK (sky130_fd_sc_hd__dfxtp_1)
                          0.00    2.86   clock reconvergence pessimism
                         -0.10    2.75   library setup time
                                  2.75   data required time
-----------------------------------------------------------------------------
                                  2.75   data required time
                                 -1.64   data arrival time
-----------------------------------------------------------------------------
                                  1.12   slack (MET)


Startpoint: _177_ (rising edge-triggered flip-flop clocked by core_clock)
Endpoint: _146_ (rising edge-triggered flip-flop clocked by core_clock)
Path Group: core_clock
Path Type: max

Fanout     Cap    Slew   Delay    Time   Description
-----------------------------------------------------------------------------
                          0.00    0.00   clock core_clock (rise edge)
                          0.00    0.00   clock source latency
     1    0.01    0.00    0.00    0.00 ^ clk (in)
                                         clk (net)
                  0.00    0.00    0.00 ^ clkbuf_0_clk/A (sky130_fd_sc_hd__clkbuf_16)
     4    0.03    0.05    0.12    0.12 ^ clkbuf_0_clk/X (sky130_fd_sc_hd__clkbuf_16)
                                         clknet_0_clk (net)
                  0.05    0.00    0.12 ^ clkbuf_2_0__f_clk/A (sky130_fd_sc_hd__clkbuf_16)
    16    0.03    0.05    0.14    0.26 ^ clkbuf_2_0__f_clk/X (sky130_fd_sc_hd__clkbuf_16)
                                         clknet_2_0__leaf_clk (net)
                  0.05    0.00    0.26 ^ _177_/CLK (sky130_fd_sc_hd__dfxtp_2)
     4    0.01    0.04    0.32    0.58 v _177_/Q (sky130_fd_sc_hd__dfxtp_2)
                                         x4.B (net)
                  0.04    0.00    0.58 v _078_/A1 (sky130_fd_sc_hd__o221a_1)
     2    0.00    0.05    0.25    0.83 v _078_/X (sky130_fd_sc_hd__o221a_1)
                                         _029_ (net)
                  0.05    0.00    0.83 v _080_/B2 (sky130_fd_sc_hd__a221o_1)
     1    0.00    0.06    0.32    1.16 v _080_/X (sky130_fd_sc_hd__a221o_1)
                                         _031_ (net)
                  0.06    0.00    1.16 v _082_/B2 (sky130_fd_sc_hd__o221a_4)
     4    0.01    0.05    0.23    1.39 v _082_/X (sky130_fd_sc_hd__o221a_4)
                                         _033_ (net)
                  0.05    0.00    1.39 v _120_/B1_N (sky130_fd_sc_hd__o21ba_1)
     1    0.00    0.04    0.20    1.59 ^ _120_/X (sky130_fd_sc_hd__o21ba_1)
                                         _004_ (net)
                  0.04    0.00    1.59 ^ _121_/B1 (sky130_fd_sc_hd__a21o_1)
     1    0.00    0.03    0.07    1.66 ^ _121_/X (sky130_fd_sc_hd__a21o_1)
                                         x66.S (net)
                  0.03    0.00    1.66 ^ _146_/D (sky130_fd_sc_hd__dfxtp_1)
                                  1.66   data arrival time

                          2.60    2.60   clock core_clock (rise edge)
                          0.00    2.60   clock source latency
     1    0.01    0.00    0.00    2.60 ^ clk (in)
                                         clk (net)
                  0.00    0.00    2.60 ^ clkbuf_0_clk/A (sky130_fd_sc_hd__clkbuf_16)
     4    0.03    0.05    0.12    2.72 ^ clkbuf_0_clk/X (sky130_fd_sc_hd__clkbuf_16)
                                         clknet_0_clk (net)
                  0.05    0.00    2.72 ^ clkbuf_2_0__f_clk/A (sky130_fd_sc_hd__clkbuf_16)
    16    0.03    0.05    0.14    2.86 ^ clkbuf_2_0__f_clk/X (sky130_fd_sc_hd__clkbuf_16)
                                         clknet_2_0__leaf_clk (net)
                  0.05    0.00    2.86 ^ _146_/CLK (sky130_fd_sc_hd__dfxtp_1)
                          0.00    2.86   clock reconvergence pessimism
                         -0.05    2.81   library setup time
                                  2.81   data required time
-----------------------------------------------------------------------------
                                  2.81   data required time
                                 -1.66   data arrival time
-----------------------------------------------------------------------------
                                  1.15   slack (MET)


Startpoint: _165_ (rising edge-triggered flip-flop clocked by core_clock)
Endpoint: _149_ (rising edge-triggered flip-flop clocked by core_clock)
Path Group: core_clock
Path Type: max

Fanout     Cap    Slew   Delay    Time   Description
-----------------------------------------------------------------------------
                          0.00    0.00   clock core_clock (rise edge)
                          0.00    0.00   clock source latency
     1    0.01    0.00    0.00    0.00 ^ clk (in)
                                         clk (net)
                  0.00    0.00    0.00 ^ clkbuf_0_clk/A (sky130_fd_sc_hd__clkbuf_16)
     4    0.03    0.05    0.12    0.12 ^ clkbuf_0_clk/X (sky130_fd_sc_hd__clkbuf_16)
                                         clknet_0_clk (net)
                  0.05    0.00    0.12 ^ clkbuf_2_0__f_clk/A (sky130_fd_sc_hd__clkbuf_16)
    16    0.03    0.05    0.14    0.26 ^ clkbuf_2_0__f_clk/X (sky130_fd_sc_hd__clkbuf_16)
                                         clknet_2_0__leaf_clk (net)
                  0.05    0.00    0.26 ^ _165_/CLK (sky130_fd_sc_hd__dfxtp_1)
     2    0.00    0.03    0.29    0.55 v _165_/Q (sky130_fd_sc_hd__dfxtp_1)
                                         x12.A (net)
                  0.03    0.00    0.55 v _084_/B (sky130_fd_sc_hd__and2_1)
     2    0.00    0.04    0.15    0.70 v _084_/X (sky130_fd_sc_hd__and2_1)
                                         _035_ (net)
                  0.04    0.00    0.70 v _086_/A (sky130_fd_sc_hd__or2b_4)
     3    0.01    0.05    0.25    0.96 v _086_/X (sky130_fd_sc_hd__or2b_4)
                                         _037_ (net)
                  0.05    0.00    0.96 v _088_/A (sky130_fd_sc_hd__nor3b_2)
     2    0.01    0.17    0.21    1.17 ^ _088_/Y (sky130_fd_sc_hd__nor3b_2)
                                         _039_ (net)
                  0.17    0.00    1.17 ^ rebuffer1/A (sky130_fd_sc_hd__dlygate4sd1_1)
     1    0.00    0.04    0.22    1.38 ^ rebuffer1/X (sky130_fd_sc_hd__dlygate4sd1_1)
                                         net51 (net)
                  0.04    0.00    1.38 ^ _123_/B (sky130_fd_sc_hd__nand2_1)
     2    0.00    0.04    0.06    1.44 v _123_/Y (sky130_fd_sc_hd__nand2_1)
                                         _005_ (net)
                  0.04    0.00    1.44 v _126_/A1 (sky130_fd_sc_hd__a21bo_1)
     1    0.00    0.03    0.15    1.59 v _126_/X (sky130_fd_sc_hd__a21bo_1)
                                         x69.S (net)
                  0.03    0.00    1.59 v _149_/D (sky130_fd_sc_hd__dfxtp_1)
                                  1.59   data arrival time

                          2.60    2.60   clock core_clock (rise edge)
                          0.00    2.60   clock source latency
     1    0.01    0.00    0.00    2.60 ^ clk (in)
                                         clk (net)
                  0.00    0.00    2.60 ^ clkbuf_0_clk/A (sky130_fd_sc_hd__clkbuf_16)
     4    0.03    0.05    0.12    2.72 ^ clkbuf_0_clk/X (sky130_fd_sc_hd__clkbuf_16)
                                         clknet_0_clk (net)
                  0.05    0.00    2.72 ^ clkbuf_2_0__f_clk/A (sky130_fd_sc_hd__clkbuf_16)
    16    0.03    0.05    0.14    2.86 ^ clkbuf_2_0__f_clk/X (sky130_fd_sc_hd__clkbuf_16)
                                         clknet_2_0__leaf_clk (net)
                  0.05    0.00    2.86 ^ _149_/CLK (sky130_fd_sc_hd__dfxtp_1)
                          0.00    2.86   clock reconvergence pessimism
                         -0.10    2.76   library setup time
                                  2.76   data required time
-----------------------------------------------------------------------------
                                  2.76   data required time
                                 -1.59   data arrival time
-----------------------------------------------------------------------------
                                  1.16   slack (MET)


Startpoint: _177_ (rising edge-triggered flip-flop clocked by core_clock)
Endpoint: _147_ (rising edge-triggered flip-flop clocked by core_clock)
Path Group: core_clock
Path Type: max

Fanout     Cap    Slew   Delay    Time   Description
-----------------------------------------------------------------------------
                          0.00    0.00   clock core_clock (rise edge)
                          0.00    0.00   clock source latency
     1    0.01    0.00    0.00    0.00 ^ clk (in)
                                         clk (net)
                  0.00    0.00    0.00 ^ clkbuf_0_clk/A (sky130_fd_sc_hd__clkbuf_16)
     4    0.03    0.05    0.12    0.12 ^ clkbuf_0_clk/X (sky130_fd_sc_hd__clkbuf_16)
                                         clknet_0_clk (net)
                  0.05    0.00    0.12 ^ clkbuf_2_0__f_clk/A (sky130_fd_sc_hd__clkbuf_16)
    16    0.03    0.05    0.14    0.26 ^ clkbuf_2_0__f_clk/X (sky130_fd_sc_hd__clkbuf_16)
                                         clknet_2_0__leaf_clk (net)
                  0.05    0.00    0.26 ^ _177_/CLK (sky130_fd_sc_hd__dfxtp_2)
     4    0.01    0.04    0.32    0.58 v _177_/Q (sky130_fd_sc_hd__dfxtp_2)
                                         x4.B (net)
                  0.04    0.00    0.58 v _078_/A1 (sky130_fd_sc_hd__o221a_1)
     2    0.00    0.05    0.25    0.83 v _078_/X (sky130_fd_sc_hd__o221a_1)
                                         _029_ (net)
                  0.05    0.00    0.83 v _080_/B2 (sky130_fd_sc_hd__a221o_1)
     1    0.00    0.06    0.32    1.16 v _080_/X (sky130_fd_sc_hd__a221o_1)
                                         _031_ (net)
                  0.06    0.00    1.16 v _082_/B2 (sky130_fd_sc_hd__o221a_4)
     4    0.01    0.05    0.23    1.39 v _082_/X (sky130_fd_sc_hd__o221a_4)
                                         _033_ (net)
                  0.05    0.00    1.39 v _122_/A1 (sky130_fd_sc_hd__a21oi_1)
     1    0.00    0.08    0.10    1.49 ^ _122_/Y (sky130_fd_sc_hd__a21oi_1)
                                         x67.S (net)
                  0.08    0.00    1.49 ^ _147_/D (sky130_fd_sc_hd__dfxtp_1)
                                  1.49   data arrival time

                          2.60    2.60   clock core_clock (rise edge)
                          0.00    2.60   clock source latency
     1    0.01    0.00    0.00    2.60 ^ clk (in)
                                         clk (net)
                  0.00    0.00    2.60 ^ clkbuf_0_clk/A (sky130_fd_sc_hd__clkbuf_16)
     4    0.03    0.05    0.12    2.72 ^ clkbuf_0_clk/X (sky130_fd_sc_hd__clkbuf_16)
                                         clknet_0_clk (net)
                  0.05    0.00    2.72 ^ clkbuf_2_0__f_clk/A (sky130_fd_sc_hd__clkbuf_16)
    16    0.03    0.05    0.14    2.86 ^ clkbuf_2_0__f_clk/X (sky130_fd_sc_hd__clkbuf_16)
                                         clknet_2_0__leaf_clk (net)
                  0.05    0.00    2.86 ^ _147_/CLK (sky130_fd_sc_hd__dfxtp_1)
                          0.00    2.86   clock reconvergence pessimism
                         -0.06    2.80   library setup time
                                  2.80   data required time
-----------------------------------------------------------------------------
                                  2.80   data required time
                                 -1.49   data arrival time
-----------------------------------------------------------------------------
                                  1.31   slack (MET)


Startpoint: _161_ (rising edge-triggered flip-flop clocked by core_clock)
Endpoint: _145_ (rising edge-triggered flip-flop clocked by core_clock)
Path Group: core_clock
Path Type: max

Fanout     Cap    Slew   Delay    Time   Description
-----------------------------------------------------------------------------
                          0.00    0.00   clock core_clock (rise edge)
                          0.00    0.00   clock source latency
     1    0.01    0.00    0.00    0.00 ^ clk (in)
                                         clk (net)
                  0.00    0.00    0.00 ^ clkbuf_0_clk/A (sky130_fd_sc_hd__clkbuf_16)
     4    0.03    0.05    0.12    0.12 ^ clkbuf_0_clk/X (sky130_fd_sc_hd__clkbuf_16)
                                         clknet_0_clk (net)
                  0.05    0.00    0.12 ^ clkbuf_2_1__f_clk/A (sky130_fd_sc_hd__clkbuf_16)
    15    0.03    0.05    0.14    0.26 ^ clkbuf_2_1__f_clk/X (sky130_fd_sc_hd__clkbuf_16)
                                         clknet_2_1__leaf_clk (net)
                  0.05    0.00    0.26 ^ _161_/CLK (sky130_fd_sc_hd__dfxtp_2)
     4    0.01    0.04    0.32    0.58 v _161_/Q (sky130_fd_sc_hd__dfxtp_2)
                                         x4.A (net)
                  0.04    0.00    0.58 v _075_/A2 (sky130_fd_sc_hd__a22oi_1)
     2    0.00    0.19    0.20    0.78 ^ _075_/Y (sky130_fd_sc_hd__a22oi_1)
                                         _026_ (net)
                  0.19    0.00    0.78 ^ _077_/A (sky130_fd_sc_hd__nor2_1)
     2    0.01    0.06    0.09    0.87 v _077_/Y (sky130_fd_sc_hd__nor2_1)
                                         _028_ (net)
                  0.06    0.00    0.87 v _116_/B (sky130_fd_sc_hd__or2_1)
     2    0.00    0.05    0.21    1.09 v _116_/X (sky130_fd_sc_hd__or2_1)
                                         _002_ (net)
                  0.05    0.00    1.09 v _118_/B1_N (sky130_fd_sc_hd__o21ba_1)
     1    0.00    0.04    0.21    1.29 ^ _118_/X (sky130_fd_sc_hd__o21ba_1)
                                         _003_ (net)
                  0.04    0.00    1.29 ^ _119_/B1 (sky130_fd_sc_hd__a21o_1)
     1    0.00    0.03    0.07    1.36 ^ _119_/X (sky130_fd_sc_hd__a21o_1)
                                         x65.S (net)
                  0.03    0.00    1.36 ^ _145_/D (sky130_fd_sc_hd__dfxtp_1)
                                  1.36   data arrival time

                          2.60    2.60   clock core_clock (rise edge)
                          0.00    2.60   clock source latency
     1    0.01    0.00    0.00    2.60 ^ clk (in)
                                         clk (net)
                  0.00    0.00    2.60 ^ clkbuf_0_clk/A (sky130_fd_sc_hd__clkbuf_16)
     4    0.03    0.05    0.12    2.72 ^ clkbuf_0_clk/X (sky130_fd_sc_hd__clkbuf_16)
                                         clknet_0_clk (net)
                  0.05    0.00    2.72 ^ clkbuf_2_0__f_clk/A (sky130_fd_sc_hd__clkbuf_16)
    16    0.03    0.05    0.14    2.86 ^ clkbuf_2_0__f_clk/X (sky130_fd_sc_hd__clkbuf_16)
                                         clknet_2_0__leaf_clk (net)
                  0.05    0.00    2.86 ^ _145_/CLK (sky130_fd_sc_hd__dfxtp_1)
                          0.00    2.86   clock reconvergence pessimism
                         -0.05    2.81   library setup time
                                  2.81   data required time
-----------------------------------------------------------------------------
                                  2.81   data required time
                                 -1.36   data arrival time
-----------------------------------------------------------------------------
                                  1.45   slack (MET)


Startpoint: _161_ (rising edge-triggered flip-flop clocked by core_clock)
Endpoint: _144_ (rising edge-triggered flip-flop clocked by core_clock)
Path Group: core_clock
Path Type: max

Fanout     Cap    Slew   Delay    Time   Description
-----------------------------------------------------------------------------
                          0.00    0.00   clock core_clock (rise edge)
                          0.00    0.00   clock source latency
     1    0.01    0.00    0.00    0.00 ^ clk (in)
                                         clk (net)
                  0.00    0.00    0.00 ^ clkbuf_0_clk/A (sky130_fd_sc_hd__clkbuf_16)
     4    0.03    0.05    0.12    0.12 ^ clkbuf_0_clk/X (sky130_fd_sc_hd__clkbuf_16)
                                         clknet_0_clk (net)
                  0.05    0.00    0.12 ^ clkbuf_2_1__f_clk/A (sky130_fd_sc_hd__clkbuf_16)
    15    0.03    0.05    0.14    0.26 ^ clkbuf_2_1__f_clk/X (sky130_fd_sc_hd__clkbuf_16)
                                         clknet_2_1__leaf_clk (net)
                  0.05    0.00    0.26 ^ _161_/CLK (sky130_fd_sc_hd__dfxtp_2)
     4    0.01    0.04    0.32    0.58 v _161_/Q (sky130_fd_sc_hd__dfxtp_2)
                                         x4.A (net)
                  0.04    0.00    0.58 v _075_/A2 (sky130_fd_sc_hd__a22oi_1)
     2    0.00    0.19    0.20    0.78 ^ _075_/Y (sky130_fd_sc_hd__a22oi_1)
                                         _026_ (net)
                  0.19    0.00    0.78 ^ _077_/A (sky130_fd_sc_hd__nor2_1)
     2    0.01    0.06    0.09    0.87 v _077_/Y (sky130_fd_sc_hd__nor2_1)
                                         _028_ (net)
                  0.06    0.00    0.87 v _116_/B (sky130_fd_sc_hd__or2_1)
     2    0.00    0.05    0.21    1.09 v _116_/X (sky130_fd_sc_hd__or2_1)
                                         _002_ (net)
                  0.05    0.00    1.09 v _117_/A2 (sky130_fd_sc_hd__a21oi_1)
     1    0.00    0.08    0.12    1.21 ^ _117_/Y (sky130_fd_sc_hd__a21oi_1)
                                         x64.S (net)
                  0.08    0.00    1.21 ^ _144_/D (sky130_fd_sc_hd__dfxtp_1)
                                  1.21   data arrival time

                          2.60    2.60   clock core_clock (rise edge)
                          0.00    2.60   clock source latency
     1    0.01    0.00    0.00    2.60 ^ clk (in)
                                         clk (net)
                  0.00    0.00    2.60 ^ clkbuf_0_clk/A (sky130_fd_sc_hd__clkbuf_16)
     4    0.03    0.05    0.12    2.72 ^ clkbuf_0_clk/X (sky130_fd_sc_hd__clkbuf_16)
                                         clknet_0_clk (net)
                  0.05    0.00    2.72 ^ clkbuf_2_0__f_clk/A (sky130_fd_sc_hd__clkbuf_16)
    16    0.03    0.05    0.14    2.86 ^ clkbuf_2_0__f_clk/X (sky130_fd_sc_hd__clkbuf_16)
                                         clknet_2_0__leaf_clk (net)
                  0.05    0.00    2.86 ^ _144_/CLK (sky130_fd_sc_hd__dfxtp_1)
                          0.00    2.86   clock reconvergence pessimism
                         -0.06    2.80   library setup time
                                  2.80   data required time
-----------------------------------------------------------------------------
                                  2.80   data required time
                                 -1.21   data arrival time
-----------------------------------------------------------------------------
                                  1.59   slack (MET)


Startpoint: _176_ (rising edge-triggered flip-flop clocked by core_clock)
Endpoint: _143_ (rising edge-triggered flip-flop clocked by core_clock)
Path Group: core_clock
Path Type: max

Fanout     Cap    Slew   Delay    Time   Description
-----------------------------------------------------------------------------
                          0.00    0.00   clock core_clock (rise edge)
                          0.00    0.00   clock source latency
     1    0.01    0.00    0.00    0.00 ^ clk (in)
                                         clk (net)
                  0.00    0.00    0.00 ^ clkbuf_0_clk/A (sky130_fd_sc_hd__clkbuf_16)
     4    0.03    0.05    0.12    0.12 ^ clkbuf_0_clk/X (sky130_fd_sc_hd__clkbuf_16)
                                         clknet_0_clk (net)
                  0.05    0.00    0.12 ^ clkbuf_2_1__f_clk/A (sky130_fd_sc_hd__clkbuf_16)
    15    0.03    0.05    0.14    0.26 ^ clkbuf_2_1__f_clk/X (sky130_fd_sc_hd__clkbuf_16)
                                         clknet_2_1__leaf_clk (net)
                  0.05    0.00    0.26 ^ _176_/CLK (sky130_fd_sc_hd__dfxtp_2)
     4    0.01    0.04    0.32    0.58 v _176_/Q (sky130_fd_sc_hd__dfxtp_2)
                                         x2.B (net)
                  0.04    0.00    0.58 v _113_/A1 (sky130_fd_sc_hd__o21ba_1)
     1    0.00    0.03    0.17    0.75 v _113_/X (sky130_fd_sc_hd__o21ba_1)
                                         _000_ (net)
                  0.03    0.00    0.75 v _114_/B1 (sky130_fd_sc_hd__a21o_1)
     1    0.00    0.03    0.14    0.89 v _114_/X (sky130_fd_sc_hd__a21o_1)
                                         x63.S (net)
                  0.03    0.00    0.89 v _143_/D (sky130_fd_sc_hd__dfxtp_1)
                                  0.89   data arrival time

                          2.60    2.60   clock core_clock (rise edge)
                          0.00    2.60   clock source latency
     1    0.01    0.00    0.00    2.60 ^ clk (in)
                                         clk (net)
                  0.00    0.00    2.60 ^ clkbuf_0_clk/A (sky130_fd_sc_hd__clkbuf_16)
     4    0.03    0.05    0.12    2.72 ^ clkbuf_0_clk/X (sky130_fd_sc_hd__clkbuf_16)
                                         clknet_0_clk (net)
                  0.05    0.00    2.72 ^ clkbuf_2_0__f_clk/A (sky130_fd_sc_hd__clkbuf_16)
    16    0.03    0.05    0.14    2.86 ^ clkbuf_2_0__f_clk/X (sky130_fd_sc_hd__clkbuf_16)
                                         clknet_2_0__leaf_clk (net)
                  0.05    0.00    2.86 ^ _143_/CLK (sky130_fd_sc_hd__dfxtp_1)
                          0.00    2.86   clock reconvergence pessimism
                         -0.10    2.76   library setup time
                                  2.76   data required time
-----------------------------------------------------------------------------
                                  2.76   data required time
                                 -0.89   data arrival time
-----------------------------------------------------------------------------
                                  1.87   slack (MET)



worst slack corner Typical: 0.4667
