
63. Printing statistics.

=== adder ===

   Number of wires:                130
   Number of wire bits:            176
   Number of public wires:          55
   Number of public wire bits:     101
   Number of memories:               0
   Number of memory bits:            0
   Number of processes:              0
   Number of cells:                142
     sky130_fd_sc_hd__a211o_2        1
     sky130_fd_sc_hd__a211oi_2       1
     sky130_fd_sc_hd__a21bo_2        1
     sky130_fd_sc_hd__a21boi_2       1
     sky130_fd_sc_hd__a21o_2         1
     sky130_fd_sc_hd__a22o_2         2
     sky130_fd_sc_hd__and2_2         4
     sky130_fd_sc_hd__and2b_2        2
     sky130_fd_sc_hd__dfxtp_2       50
     sky130_fd_sc_hd__inv_2          2
     sky130_fd_sc_hd__nand2_2       18
     sky130_fd_sc_hd__nor2_2        14
     sky130_fd_sc_hd__o211a_2        2
     sky130_fd_sc_hd__o21a_2         7
     sky130_fd_sc_hd__o21ai_2        3
     sky130_fd_sc_hd__o221a_2        1
     sky130_fd_sc_hd__o31a_2         3
     sky130_fd_sc_hd__o31ai_2        1
     sky130_fd_sc_hd__or2_2          6
     sky130_fd_sc_hd__or2b_2         2
     sky130_fd_sc_hd__xnor2_2       12
     sky130_fd_sc_hd__xor2_2         8

   Chip area for module '\adder': 1933.104000

