
===========================================================================
report_checks -path_delay min (Hold)
============================================================================
======================= Typical Corner ===================================

Startpoint: _191_ (rising edge-triggered flip-flop clocked by core_clock)
Endpoint: _158_ (rising edge-triggered flip-flop clocked by core_clock)
Path Group: core_clock
Path Type: min

Fanout     Cap    Slew   Delay    Time   Description
-----------------------------------------------------------------------------
                  0.00    0.00    0.00   clock core_clock (rise edge)
                          0.00    0.00   clock network delay (ideal)
                  0.00    0.00    0.00 ^ _191_/CLK (sky130_fd_sc_hd__dfxtp_2)
     3    0.01    0.03    0.30    0.30 v _191_/Q (sky130_fd_sc_hd__dfxtp_2)
                                         x32.B (net)
                  0.03    0.00    0.30 v _141_/A (sky130_fd_sc_hd__nand2_2)
     1    0.00    0.04    0.05    0.35 ^ _141_/Y (sky130_fd_sc_hd__nand2_2)
                                         _013_ (net)
                  0.04    0.00    0.35 ^ _142_/A1 (sky130_fd_sc_hd__a21boi_2)
     1    0.00    0.03    0.04    0.38 v _142_/Y (sky130_fd_sc_hd__a21boi_2)
                                         x78.S (net)
                  0.03    0.00    0.38 v _158_/D (sky130_fd_sc_hd__dfxtp_2)
                                  0.38   data arrival time

                  0.00    0.00    0.00   clock core_clock (rise edge)
                          0.00    0.00   clock network delay (ideal)
                          0.00    0.00   clock reconvergence pessimism
                                  0.00 ^ _158_/CLK (sky130_fd_sc_hd__dfxtp_2)
                         -0.05   -0.05   library hold time
                                 -0.05   data required time
-----------------------------------------------------------------------------
                                 -0.05   data required time
                                 -0.38   data arrival time
-----------------------------------------------------------------------------
                                  0.43   slack (MET)


Startpoint: _188_ (rising edge-triggered flip-flop clocked by core_clock)
Endpoint: _155_ (rising edge-triggered flip-flop clocked by core_clock)
Path Group: core_clock
Path Type: min

Fanout     Cap    Slew   Delay    Time   Description
-----------------------------------------------------------------------------
                  0.00    0.00    0.00   clock core_clock (rise edge)
                          0.00    0.00   clock network delay (ideal)
                  0.00    0.00    0.00 ^ _188_/CLK (sky130_fd_sc_hd__dfxtp_2)
     3    0.01    0.07    0.32    0.32 ^ _188_/Q (sky130_fd_sc_hd__dfxtp_2)
                                         x26.B (net)
                  0.07    0.00    0.32 ^ _136_/A (sky130_fd_sc_hd__nand2_2)
     1    0.00    0.03    0.05    0.37 v _136_/Y (sky130_fd_sc_hd__nand2_2)
                                         _011_ (net)
                  0.03    0.00    0.37 v _137_/B1 (sky130_fd_sc_hd__o21ai_2)
     1    0.00    0.03    0.04    0.41 ^ _137_/Y (sky130_fd_sc_hd__o21ai_2)
                                         x75.S (net)
                  0.03    0.00    0.41 ^ _155_/D (sky130_fd_sc_hd__dfxtp_2)
                                  0.41   data arrival time

                  0.00    0.00    0.00   clock core_clock (rise edge)
                          0.00    0.00   clock network delay (ideal)
                          0.00    0.00   clock reconvergence pessimism
                                  0.00 ^ _155_/CLK (sky130_fd_sc_hd__dfxtp_2)
                         -0.03   -0.03   library hold time
                                 -0.03   data required time
-----------------------------------------------------------------------------
                                 -0.03   data required time
                                 -0.41   data arrival time
-----------------------------------------------------------------------------
                                  0.44   slack (MET)


Startpoint: _174_ (rising edge-triggered flip-flop clocked by core_clock)
Endpoint: _157_ (rising edge-triggered flip-flop clocked by core_clock)
Path Group: core_clock
Path Type: min

Fanout     Cap    Slew   Delay    Time   Description
-----------------------------------------------------------------------------
                  0.00    0.00    0.00   clock core_clock (rise edge)
                          0.00    0.00   clock network delay (ideal)
                  0.00    0.00    0.00 ^ _174_/CLK (sky130_fd_sc_hd__dfxtp_2)
     4    0.01    0.06    0.31    0.31 ^ _174_/Q (sky130_fd_sc_hd__dfxtp_2)
                                         x30.A (net)
                  0.06    0.00    0.31 ^ _140_/A2 (sky130_fd_sc_hd__o21a_2)
     1    0.00    0.03    0.10    0.42 ^ _140_/X (sky130_fd_sc_hd__o21a_2)
                                         x77.S (net)
                  0.03    0.00    0.42 ^ _157_/D (sky130_fd_sc_hd__dfxtp_2)
                                  0.42   data arrival time

                  0.00    0.00    0.00   clock core_clock (rise edge)
                          0.00    0.00   clock network delay (ideal)
                          0.00    0.00   clock reconvergence pessimism
                                  0.00 ^ _157_/CLK (sky130_fd_sc_hd__dfxtp_2)
                         -0.03   -0.03   library hold time
                                 -0.03   data required time
-----------------------------------------------------------------------------
                                 -0.03   data required time
                                 -0.42   data arrival time
-----------------------------------------------------------------------------
                                  0.45   slack (MET)


Startpoint: _178_ (rising edge-triggered flip-flop clocked by core_clock)
Endpoint: _145_ (rising edge-triggered flip-flop clocked by core_clock)
Path Group: core_clock
Path Type: min

Fanout     Cap    Slew   Delay    Time   Description
-----------------------------------------------------------------------------
                  0.00    0.00    0.00   clock core_clock (rise edge)
                          0.00    0.00   clock network delay (ideal)
                  0.00    0.00    0.00 ^ _178_/CLK (sky130_fd_sc_hd__dfxtp_2)
     4    0.01    0.06    0.32    0.32 ^ _178_/Q (sky130_fd_sc_hd__dfxtp_2)
                                         x6.B (net)
                  0.06    0.00    0.32 ^ _119_/A1 (sky130_fd_sc_hd__a21o_2)
     1    0.00    0.02    0.11    0.42 ^ _119_/X (sky130_fd_sc_hd__a21o_2)
                                         x65.S (net)
                  0.02    0.00    0.42 ^ _145_/D (sky130_fd_sc_hd__dfxtp_2)
                                  0.42   data arrival time

                  0.00    0.00    0.00   clock core_clock (rise edge)
                          0.00    0.00   clock network delay (ideal)
                          0.00    0.00   clock reconvergence pessimism
                                  0.00 ^ _145_/CLK (sky130_fd_sc_hd__dfxtp_2)
                         -0.03   -0.03   library hold time
                                 -0.03   data required time
-----------------------------------------------------------------------------
                                 -0.03   data required time
                                 -0.42   data arrival time
-----------------------------------------------------------------------------
                                  0.45   slack (MET)


Startpoint: _177_ (rising edge-triggered flip-flop clocked by core_clock)
Endpoint: _144_ (rising edge-triggered flip-flop clocked by core_clock)
Path Group: core_clock
Path Type: min

Fanout     Cap    Slew   Delay    Time   Description
-----------------------------------------------------------------------------
                  0.00    0.00    0.00   clock core_clock (rise edge)
                          0.00    0.00   clock network delay (ideal)
                  0.00    0.00    0.00 ^ _177_/CLK (sky130_fd_sc_hd__dfxtp_2)
     4    0.01    0.05    0.32    0.32 v _177_/Q (sky130_fd_sc_hd__dfxtp_2)
                                         x4.B (net)
                  0.05    0.00    0.32 v _115_/A (sky130_fd_sc_hd__nand2_2)
     1    0.00    0.04    0.06    0.37 ^ _115_/Y (sky130_fd_sc_hd__nand2_2)
                                         _001_ (net)
                  0.04    0.00    0.37 ^ _117_/A1 (sky130_fd_sc_hd__a21oi_2)
     1    0.00    0.03    0.04    0.41 v _117_/Y (sky130_fd_sc_hd__a21oi_2)
                                         x64.S (net)
                  0.03    0.00    0.41 v _144_/D (sky130_fd_sc_hd__dfxtp_2)
                                  0.41   data arrival time

                  0.00    0.00    0.00   clock core_clock (rise edge)
                          0.00    0.00   clock network delay (ideal)
                          0.00    0.00   clock reconvergence pessimism
                                  0.00 ^ _144_/CLK (sky130_fd_sc_hd__dfxtp_2)
                         -0.05   -0.05   library hold time
                                 -0.05   data required time
-----------------------------------------------------------------------------
                                 -0.05   data required time
                                 -0.41   data arrival time
-----------------------------------------------------------------------------
                                  0.46   slack (MET)


Startpoint: _185_ (rising edge-triggered flip-flop clocked by core_clock)
Endpoint: _152_ (rising edge-triggered flip-flop clocked by core_clock)
Path Group: core_clock
Path Type: min

Fanout     Cap    Slew   Delay    Time   Description
-----------------------------------------------------------------------------
                  0.00    0.00    0.00   clock core_clock (rise edge)
                          0.00    0.00   clock network delay (ideal)
                  0.00    0.00    0.00 ^ _185_/CLK (sky130_fd_sc_hd__dfxtp_2)
     2    0.01    0.06    0.31    0.31 ^ _185_/Q (sky130_fd_sc_hd__dfxtp_2)
                                         x20.B (net)
                  0.06    0.00    0.31 ^ _072_/A (sky130_fd_sc_hd__nand2_2)
     3    0.01    0.05    0.07    0.38 v _072_/Y (sky130_fd_sc_hd__nand2_2)
                                         _023_ (net)
                  0.05    0.00    0.38 v _132_/B1 (sky130_fd_sc_hd__o21ai_2)
     1    0.00    0.03    0.05    0.42 ^ _132_/Y (sky130_fd_sc_hd__o21ai_2)
                                         x72.S (net)
                  0.03    0.00    0.42 ^ _152_/D (sky130_fd_sc_hd__dfxtp_2)
                                  0.42   data arrival time

                  0.00    0.00    0.00   clock core_clock (rise edge)
                          0.00    0.00   clock network delay (ideal)
                          0.00    0.00   clock reconvergence pessimism
                                  0.00 ^ _152_/CLK (sky130_fd_sc_hd__dfxtp_2)
                         -0.03   -0.03   library hold time
                                 -0.03   data required time
-----------------------------------------------------------------------------
                                 -0.03   data required time
                                 -0.42   data arrival time
-----------------------------------------------------------------------------
                                  0.46   slack (MET)


Startpoint: _180_ (rising edge-triggered flip-flop clocked by core_clock)
Endpoint: _147_ (rising edge-triggered flip-flop clocked by core_clock)
Path Group: core_clock
Path Type: min

Fanout     Cap    Slew   Delay    Time   Description
-----------------------------------------------------------------------------
                  0.00    0.00    0.00   clock core_clock (rise edge)
                          0.00    0.00   clock network delay (ideal)
                  0.00    0.00    0.00 ^ _180_/CLK (sky130_fd_sc_hd__dfxtp_2)
     2    0.01    0.04    0.30    0.30 v _180_/Q (sky130_fd_sc_hd__dfxtp_2)
                                         x10.B (net)
                  0.04    0.00    0.30 v _085_/A (sky130_fd_sc_hd__nand2_2)
     3    0.01    0.06    0.07    0.37 ^ _085_/Y (sky130_fd_sc_hd__nand2_2)
                                         _036_ (net)
                  0.06    0.00    0.37 ^ _122_/A2 (sky130_fd_sc_hd__a21oi_2)
     1    0.00    0.03    0.05    0.41 v _122_/Y (sky130_fd_sc_hd__a21oi_2)
                                         x67.S (net)
                  0.03    0.00    0.41 v _147_/D (sky130_fd_sc_hd__dfxtp_2)
                                  0.41   data arrival time

                  0.00    0.00    0.00   clock core_clock (rise edge)
                          0.00    0.00   clock network delay (ideal)
                          0.00    0.00   clock reconvergence pessimism
                                  0.00 ^ _147_/CLK (sky130_fd_sc_hd__dfxtp_2)
                         -0.05   -0.05   library hold time
                                 -0.05   data required time
-----------------------------------------------------------------------------
                                 -0.05   data required time
                                 -0.41   data arrival time
-----------------------------------------------------------------------------
                                  0.46   slack (MET)


Startpoint: _176_ (rising edge-triggered flip-flop clocked by core_clock)
Endpoint: _143_ (rising edge-triggered flip-flop clocked by core_clock)
Path Group: core_clock
Path Type: min

Fanout     Cap    Slew   Delay    Time   Description
-----------------------------------------------------------------------------
                  0.00    0.00    0.00   clock core_clock (rise edge)
                          0.00    0.00   clock network delay (ideal)
                  0.00    0.00    0.00 ^ _176_/CLK (sky130_fd_sc_hd__dfxtp_2)
     4    0.01    0.07    0.32    0.32 ^ _176_/Q (sky130_fd_sc_hd__dfxtp_2)
                                         x2.B (net)
                  0.07    0.00    0.32 ^ _114_/A1 (sky130_fd_sc_hd__a21o_2)
     1    0.00    0.02    0.11    0.43 ^ _114_/X (sky130_fd_sc_hd__a21o_2)
                                         x63.S (net)
                  0.02    0.00    0.43 ^ _143_/D (sky130_fd_sc_hd__dfxtp_2)
                                  0.43   data arrival time

                  0.00    0.00    0.00   clock core_clock (rise edge)
                          0.00    0.00   clock network delay (ideal)
                          0.00    0.00   clock reconvergence pessimism
                                  0.00 ^ _143_/CLK (sky130_fd_sc_hd__dfxtp_2)
                         -0.03   -0.03   library hold time
                                 -0.03   data required time
-----------------------------------------------------------------------------
                                 -0.03   data required time
                                 -0.43   data arrival time
-----------------------------------------------------------------------------
                                  0.46   slack (MET)


Startpoint: _170_ (rising edge-triggered flip-flop clocked by core_clock)
Endpoint: _153_ (rising edge-triggered flip-flop clocked by core_clock)
Path Group: core_clock
Path Type: min

Fanout     Cap    Slew   Delay    Time   Description
-----------------------------------------------------------------------------
                  0.00    0.00    0.00   clock core_clock (rise edge)
                          0.00    0.00   clock network delay (ideal)
                  0.00    0.00    0.00 ^ _170_/CLK (sky130_fd_sc_hd__dfxtp_2)
     2    0.01    0.06    0.31    0.31 ^ _170_/Q (sky130_fd_sc_hd__dfxtp_2)
                                         x22.A (net)
                  0.06    0.00    0.31 ^ _068_/B (sky130_fd_sc_hd__nor2_2)
     2    0.01    0.02    0.04    0.35 v _068_/Y (sky130_fd_sc_hd__nor2_2)
                                         _019_ (net)
                  0.02    0.00    0.35 v _133_/B1 (sky130_fd_sc_hd__a21oi_2)
     1    0.00    0.06    0.08    0.43 ^ _133_/Y (sky130_fd_sc_hd__a21oi_2)
                                         x73.S (net)
                  0.06    0.00    0.43 ^ _153_/D (sky130_fd_sc_hd__dfxtp_2)
                                  0.43   data arrival time

                  0.00    0.00    0.00   clock core_clock (rise edge)
                          0.00    0.00   clock network delay (ideal)
                          0.00    0.00   clock reconvergence pessimism
                                  0.00 ^ _153_/CLK (sky130_fd_sc_hd__dfxtp_2)
                         -0.04   -0.04   library hold time
                                 -0.04   data required time
-----------------------------------------------------------------------------
                                 -0.04   data required time
                                 -0.43   data arrival time
-----------------------------------------------------------------------------
                                  0.47   slack (MET)


Startpoint: _184_ (rising edge-triggered flip-flop clocked by core_clock)
Endpoint: _151_ (rising edge-triggered flip-flop clocked by core_clock)
Path Group: core_clock
Path Type: min

Fanout     Cap    Slew   Delay    Time   Description
-----------------------------------------------------------------------------
                  0.00    0.00    0.00   clock core_clock (rise edge)
                          0.00    0.00   clock network delay (ideal)
                  0.00    0.00    0.00 ^ _184_/CLK (sky130_fd_sc_hd__dfxtp_2)
     2    0.01    0.03    0.29    0.29 v _184_/Q (sky130_fd_sc_hd__dfxtp_2)
                                         x18.B (net)
                  0.03    0.00    0.29 v _071_/A (sky130_fd_sc_hd__nand2_2)
     3    0.01    0.07    0.07    0.37 ^ _071_/Y (sky130_fd_sc_hd__nand2_2)
                                         _022_ (net)
                  0.07    0.00    0.37 ^ _129_/A2 (sky130_fd_sc_hd__a21boi_2)
     1    0.00    0.03    0.05    0.42 v _129_/Y (sky130_fd_sc_hd__a21boi_2)
                                         x71.S (net)
                  0.03    0.00    0.42 v _151_/D (sky130_fd_sc_hd__dfxtp_2)
                                  0.42   data arrival time

                  0.00    0.00    0.00   clock core_clock (rise edge)
                          0.00    0.00   clock network delay (ideal)
                          0.00    0.00   clock reconvergence pessimism
                                  0.00 ^ _151_/CLK (sky130_fd_sc_hd__dfxtp_2)
                         -0.05   -0.05   library hold time
                                 -0.05   data required time
-----------------------------------------------------------------------------
                                 -0.05   data required time
                                 -0.42   data arrival time
-----------------------------------------------------------------------------
                                  0.47   slack (MET)


Startpoint: _187_ (rising edge-triggered flip-flop clocked by core_clock)
Endpoint: _154_ (rising edge-triggered flip-flop clocked by core_clock)
Path Group: core_clock
Path Type: min

Fanout     Cap    Slew   Delay    Time   Description
-----------------------------------------------------------------------------
                  0.00    0.00    0.00   clock core_clock (rise edge)
                          0.00    0.00   clock network delay (ideal)
                  0.00    0.00    0.00 ^ _187_/CLK (sky130_fd_sc_hd__dfxtp_2)
     2    0.01    0.04    0.30    0.30 v _187_/Q (sky130_fd_sc_hd__dfxtp_2)
                                         x24.B (net)
                  0.04    0.00    0.30 v _066_/A (sky130_fd_sc_hd__nand2_2)
     3    0.01    0.07    0.08    0.38 ^ _066_/Y (sky130_fd_sc_hd__nand2_2)
                                         _017_ (net)
                  0.07    0.00    0.38 ^ _135_/A1 (sky130_fd_sc_hd__a21oi_2)
     1    0.00    0.03    0.05    0.42 v _135_/Y (sky130_fd_sc_hd__a21oi_2)
                                         x74.S (net)
                  0.03    0.00    0.42 v _154_/D (sky130_fd_sc_hd__dfxtp_2)
                                  0.42   data arrival time

                  0.00    0.00    0.00   clock core_clock (rise edge)
                          0.00    0.00   clock network delay (ideal)
                          0.00    0.00   clock reconvergence pessimism
                                  0.00 ^ _154_/CLK (sky130_fd_sc_hd__dfxtp_2)
                         -0.05   -0.05   library hold time
                                 -0.05   data required time
-----------------------------------------------------------------------------
                                 -0.05   data required time
                                 -0.42   data arrival time
-----------------------------------------------------------------------------
                                  0.47   slack (MET)


Startpoint: _183_ (rising edge-triggered flip-flop clocked by core_clock)
Endpoint: _150_ (rising edge-triggered flip-flop clocked by core_clock)
Path Group: core_clock
Path Type: min

Fanout     Cap    Slew   Delay    Time   Description
-----------------------------------------------------------------------------
                  0.00    0.00    0.00   clock core_clock (rise edge)
                          0.00    0.00   clock network delay (ideal)
                  0.00    0.00    0.00 ^ _183_/CLK (sky130_fd_sc_hd__dfxtp_2)
     2    0.01    0.04    0.30    0.30 v _183_/Q (sky130_fd_sc_hd__dfxtp_2)
                                         x16.B (net)
                  0.04    0.00    0.30 v _091_/A (sky130_fd_sc_hd__nand2_2)
     3    0.01    0.07    0.08    0.38 ^ _091_/Y (sky130_fd_sc_hd__nand2_2)
                                         _042_ (net)
                  0.07    0.00    0.38 ^ _128_/A1 (sky130_fd_sc_hd__a21oi_2)
     1    0.00    0.03    0.05    0.42 v _128_/Y (sky130_fd_sc_hd__a21oi_2)
                                         x70.S (net)
                  0.03    0.00    0.42 v _150_/D (sky130_fd_sc_hd__dfxtp_2)
                                  0.42   data arrival time

                  0.00    0.00    0.00   clock core_clock (rise edge)
                          0.00    0.00   clock network delay (ideal)
                          0.00    0.00   clock reconvergence pessimism
                                  0.00 ^ _150_/CLK (sky130_fd_sc_hd__dfxtp_2)
                         -0.05   -0.05   library hold time
                                 -0.05   data required time
-----------------------------------------------------------------------------
                                 -0.05   data required time
                                 -0.42   data arrival time
-----------------------------------------------------------------------------
                                  0.47   slack (MET)


Startpoint: _179_ (rising edge-triggered flip-flop clocked by core_clock)
Endpoint: _146_ (rising edge-triggered flip-flop clocked by core_clock)
Path Group: core_clock
Path Type: min

Fanout     Cap    Slew   Delay    Time   Description
-----------------------------------------------------------------------------
                  0.00    0.00    0.00   clock core_clock (rise edge)
                          0.00    0.00   clock network delay (ideal)
                  0.00    0.00    0.00 ^ _179_/CLK (sky130_fd_sc_hd__dfxtp_2)
     6    0.01    0.09    0.33    0.33 ^ _179_/Q (sky130_fd_sc_hd__dfxtp_2)
                                         x8.B (net)
                  0.09    0.00    0.33 ^ _121_/A1 (sky130_fd_sc_hd__a21o_2)
     1    0.00    0.02    0.11    0.45 ^ _121_/X (sky130_fd_sc_hd__a21o_2)
                                         x66.S (net)
                  0.02    0.00    0.45 ^ _146_/D (sky130_fd_sc_hd__dfxtp_2)
                                  0.45   data arrival time

                  0.00    0.00    0.00   clock core_clock (rise edge)
                          0.00    0.00   clock network delay (ideal)
                          0.00    0.00   clock reconvergence pessimism
                                  0.00 ^ _146_/CLK (sky130_fd_sc_hd__dfxtp_2)
                         -0.03   -0.03   library hold time
                                 -0.03   data required time
-----------------------------------------------------------------------------
                                 -0.03   data required time
                                 -0.45   data arrival time
-----------------------------------------------------------------------------
                                  0.48   slack (MET)


Startpoint: _173_ (rising edge-triggered flip-flop clocked by core_clock)
Endpoint: _156_ (rising edge-triggered flip-flop clocked by core_clock)
Path Group: core_clock
Path Type: min

Fanout     Cap    Slew   Delay    Time   Description
-----------------------------------------------------------------------------
                  0.00    0.00    0.00   clock core_clock (rise edge)
                          0.00    0.00   clock network delay (ideal)
                  0.00    0.00    0.00 ^ _173_/CLK (sky130_fd_sc_hd__dfxtp_2)
     3    0.01    0.06    0.31    0.31 ^ _173_/Q (sky130_fd_sc_hd__dfxtp_2)
                                         x28.A (net)
                  0.06    0.00    0.31 ^ _138_/B2 (sky130_fd_sc_hd__a2bb2o_2)
     1    0.00    0.03    0.14    0.45 ^ _138_/X (sky130_fd_sc_hd__a2bb2o_2)
                                         x76.S (net)
                  0.03    0.00    0.45 ^ _156_/D (sky130_fd_sc_hd__dfxtp_2)
                                  0.45   data arrival time

                  0.00    0.00    0.00   clock core_clock (rise edge)
                          0.00    0.00   clock network delay (ideal)
                          0.00    0.00   clock reconvergence pessimism
                                  0.00 ^ _156_/CLK (sky130_fd_sc_hd__dfxtp_2)
                         -0.03   -0.03   library hold time
                                 -0.03   data required time
-----------------------------------------------------------------------------
                                 -0.03   data required time
                                 -0.45   data arrival time
-----------------------------------------------------------------------------
                                  0.48   slack (MET)


Startpoint: _181_ (rising edge-triggered flip-flop clocked by core_clock)
Endpoint: _148_ (rising edge-triggered flip-flop clocked by core_clock)
Path Group: core_clock
Path Type: min

Fanout     Cap    Slew   Delay    Time   Description
-----------------------------------------------------------------------------
                  0.00    0.00    0.00   clock core_clock (rise edge)
                          0.00    0.00   clock network delay (ideal)
                  0.00    0.00    0.00 ^ _181_/CLK (sky130_fd_sc_hd__dfxtp_2)
     2    0.00    0.03    0.29    0.29 ^ _181_/Q (sky130_fd_sc_hd__dfxtp_2)
                                         x12.B (net)
                  0.03    0.00    0.29 ^ _084_/A (sky130_fd_sc_hd__and2_2)
     2    0.00    0.04    0.13    0.41 ^ _084_/X (sky130_fd_sc_hd__and2_2)
                                         _035_ (net)
                  0.04    0.00    0.41 ^ _124_/B1 (sky130_fd_sc_hd__a31o_2)
     1    0.00    0.03    0.08    0.50 ^ _124_/X (sky130_fd_sc_hd__a31o_2)
                                         x68.S (net)
                  0.03    0.00    0.50 ^ _148_/D (sky130_fd_sc_hd__dfxtp_2)
                                  0.50   data arrival time

                  0.00    0.00    0.00   clock core_clock (rise edge)
                          0.00    0.00   clock network delay (ideal)
                          0.00    0.00   clock reconvergence pessimism
                                  0.00 ^ _148_/CLK (sky130_fd_sc_hd__dfxtp_2)
                         -0.03   -0.03   library hold time
                                 -0.03   data required time
-----------------------------------------------------------------------------
                                 -0.03   data required time
                                 -0.50   data arrival time
-----------------------------------------------------------------------------
                                  0.53   slack (MET)


Startpoint: _182_ (rising edge-triggered flip-flop clocked by core_clock)
Endpoint: _149_ (rising edge-triggered flip-flop clocked by core_clock)
Path Group: core_clock
Path Type: min

Fanout     Cap    Slew   Delay    Time   Description
-----------------------------------------------------------------------------
                  0.00    0.00    0.00   clock core_clock (rise edge)
                          0.00    0.00   clock network delay (ideal)
                  0.00    0.00    0.00 ^ _182_/CLK (sky130_fd_sc_hd__dfxtp_2)
     2    0.01    0.06    0.31    0.31 ^ _182_/Q (sky130_fd_sc_hd__dfxtp_2)
                                         x14.B (net)
                  0.06    0.00    0.31 ^ _090_/A (sky130_fd_sc_hd__nand2_2)
     2    0.01    0.03    0.05    0.36 v _090_/Y (sky130_fd_sc_hd__nand2_2)
                                         _041_ (net)
                  0.03    0.00    0.36 v _126_/B1_N (sky130_fd_sc_hd__a21bo_2)
     1    0.00    0.03    0.17    0.53 ^ _126_/X (sky130_fd_sc_hd__a21bo_2)
                                         x69.S (net)
                  0.03    0.00    0.53 ^ _149_/D (sky130_fd_sc_hd__dfxtp_2)
                                  0.53   data arrival time

                  0.00    0.00    0.00   clock core_clock (rise edge)
                          0.00    0.00   clock network delay (ideal)
                          0.00    0.00   clock reconvergence pessimism
                                  0.00 ^ _149_/CLK (sky130_fd_sc_hd__dfxtp_2)
                         -0.03   -0.03   library hold time
                                 -0.03   data required time
-----------------------------------------------------------------------------
                                 -0.03   data required time
                                 -0.53   data arrival time
-----------------------------------------------------------------------------
                                  0.56   slack (MET)


Startpoint: _174_ (rising edge-triggered flip-flop clocked by core_clock)
Endpoint: _159_ (rising edge-triggered flip-flop clocked by core_clock)
Path Group: core_clock
Path Type: min

Fanout     Cap    Slew   Delay    Time   Description
-----------------------------------------------------------------------------
                  0.00    0.00    0.00   clock core_clock (rise edge)
                          0.00    0.00   clock network delay (ideal)
                  0.00    0.00    0.00 ^ _174_/CLK (sky130_fd_sc_hd__dfxtp_2)
     4    0.01    0.06    0.31    0.31 ^ _174_/Q (sky130_fd_sc_hd__dfxtp_2)
                                         x30.A (net)
                  0.06    0.00    0.31 ^ _110_/A2 (sky130_fd_sc_hd__o21a_2)
     1    0.00    0.03    0.11    0.42 ^ _110_/X (sky130_fd_sc_hd__o21a_2)
                                         _061_ (net)
                  0.03    0.00    0.42 ^ _111_/B1 (sky130_fd_sc_hd__o32a_2)
     1    0.00    0.03    0.12    0.54 ^ _111_/X (sky130_fd_sc_hd__o32a_2)
                                         _062_ (net)
                  0.03    0.00    0.54 ^ _112_/A (sky130_fd_sc_hd__buf_2)
     2    0.01    0.05    0.10    0.63 ^ _112_/X (sky130_fd_sc_hd__buf_2)
                                         x62.C (net)
                  0.05    0.00    0.63 ^ _159_/D (sky130_fd_sc_hd__dfxtp_2)
                                  0.63   data arrival time

                  0.00    0.00    0.00   clock core_clock (rise edge)
                          0.00    0.00   clock network delay (ideal)
                          0.00    0.00   clock reconvergence pessimism
                                  0.00 ^ _159_/CLK (sky130_fd_sc_hd__dfxtp_2)
                         -0.04   -0.04   library hold time
                                 -0.04   data required time
-----------------------------------------------------------------------------
                                 -0.04   data required time
                                 -0.63   data arrival time
-----------------------------------------------------------------------------
                                  0.67   slack (MET)



worst slack corner Typical: 0.4305
