
===========================================================================
report_checks -path_delay max (Setup)
============================================================================
======================= Typical Corner ===================================

Startpoint: _165_ (rising edge-triggered flip-flop clocked by core_clock)
Endpoint: _157_ (rising edge-triggered flip-flop clocked by core_clock)
Path Group: core_clock
Path Type: max

Fanout     Cap    Slew   Delay    Time   Description
-----------------------------------------------------------------------------
                  0.00    0.00    0.00   clock core_clock (rise edge)
                          0.00    0.00   clock network delay (ideal)
                  0.00    0.00    0.00 ^ _165_/CLK (sky130_fd_sc_hd__dfxtp_2)
     2    0.00    0.02    0.29    0.29 v _165_/Q (sky130_fd_sc_hd__dfxtp_2)
                                         x12.A (net)
                  0.02    0.00    0.29 v _084_/B (sky130_fd_sc_hd__and2_2)
     2    0.00    0.04    0.18    0.46 v _084_/X (sky130_fd_sc_hd__and2_2)
                                         _035_ (net)
                  0.04    0.00    0.46 v _086_/A (sky130_fd_sc_hd__or2b_2)
     3    0.01    0.08    0.32    0.78 v _086_/X (sky130_fd_sc_hd__or2b_2)
                                         _037_ (net)
                  0.08    0.00    0.78 v _088_/B (sky130_fd_sc_hd__nor3b_2)
     2    0.01    0.22    0.23    1.01 ^ _088_/Y (sky130_fd_sc_hd__nor3b_2)
                                         _039_ (net)
                  0.22    0.00    1.01 ^ _094_/A2 (sky130_fd_sc_hd__a21oi_2)
     3    0.01    0.06    0.10    1.11 v _094_/Y (sky130_fd_sc_hd__a21oi_2)
                                         _045_ (net)
                  0.06    0.00    1.11 v _100_/A (sky130_fd_sc_hd__or4_2)
     2    0.01    0.13    0.70    1.81 v _100_/X (sky130_fd_sc_hd__or4_2)
                                         _051_ (net)
                  0.13    0.00    1.81 v _105_/A2 (sky130_fd_sc_hd__a211oi_2)
     3    0.01    0.19    0.27    2.07 ^ _105_/Y (sky130_fd_sc_hd__a211oi_2)
                                         _056_ (net)
                  0.19    0.00    2.07 ^ _139_/A1_N (sky130_fd_sc_hd__a2bb2o_2)
     1    0.00    0.04    0.29    2.37 v _139_/X (sky130_fd_sc_hd__a2bb2o_2)
                                         _012_ (net)
                  0.04    0.00    2.37 v _140_/B1 (sky130_fd_sc_hd__o21a_2)
     1    0.00    0.03    0.10    2.47 v _140_/X (sky130_fd_sc_hd__o21a_2)
                                         x77.S (net)
                  0.03    0.00    2.47 v _157_/D (sky130_fd_sc_hd__dfxtp_2)
                                  2.47   data arrival time

                  0.00    2.60    2.60   clock core_clock (rise edge)
                          0.00    2.60   clock network delay (ideal)
                          0.00    2.60   clock reconvergence pessimism
                                  2.60 ^ _157_/CLK (sky130_fd_sc_hd__dfxtp_2)
                         -0.12    2.48   library setup time
                                  2.48   data required time
-----------------------------------------------------------------------------
                                  2.48   data required time
                                 -2.47   data arrival time
-----------------------------------------------------------------------------
                                  0.01   slack (MET)


Startpoint: _165_ (rising edge-triggered flip-flop clocked by core_clock)
Endpoint: _158_ (rising edge-triggered flip-flop clocked by core_clock)
Path Group: core_clock
Path Type: max

Fanout     Cap    Slew   Delay    Time   Description
-----------------------------------------------------------------------------
                  0.00    0.00    0.00   clock core_clock (rise edge)
                          0.00    0.00   clock network delay (ideal)
                  0.00    0.00    0.00 ^ _165_/CLK (sky130_fd_sc_hd__dfxtp_2)
     2    0.00    0.02    0.29    0.29 v _165_/Q (sky130_fd_sc_hd__dfxtp_2)
                                         x12.A (net)
                  0.02    0.00    0.29 v _084_/B (sky130_fd_sc_hd__and2_2)
     2    0.00    0.04    0.18    0.46 v _084_/X (sky130_fd_sc_hd__and2_2)
                                         _035_ (net)
                  0.04    0.00    0.46 v _086_/A (sky130_fd_sc_hd__or2b_2)
     3    0.01    0.08    0.32    0.78 v _086_/X (sky130_fd_sc_hd__or2b_2)
                                         _037_ (net)
                  0.08    0.00    0.78 v _088_/B (sky130_fd_sc_hd__nor3b_2)
     2    0.01    0.22    0.23    1.01 ^ _088_/Y (sky130_fd_sc_hd__nor3b_2)
                                         _039_ (net)
                  0.22    0.00    1.01 ^ _094_/A2 (sky130_fd_sc_hd__a21oi_2)
     3    0.01    0.06    0.10    1.11 v _094_/Y (sky130_fd_sc_hd__a21oi_2)
                                         _045_ (net)
                  0.06    0.00    1.11 v _100_/A (sky130_fd_sc_hd__or4_2)
     2    0.01    0.13    0.70    1.81 v _100_/X (sky130_fd_sc_hd__or4_2)
                                         _051_ (net)
                  0.13    0.00    1.81 v _105_/A2 (sky130_fd_sc_hd__a211oi_2)
     3    0.01    0.19    0.27    2.07 ^ _105_/Y (sky130_fd_sc_hd__a211oi_2)
                                         _056_ (net)
                  0.19    0.00    2.07 ^ _111_/A1 (sky130_fd_sc_hd__o32a_2)
     1    0.00    0.03    0.17    2.25 ^ _111_/X (sky130_fd_sc_hd__o32a_2)
                                         _062_ (net)
                  0.03    0.00    2.25 ^ _112_/A (sky130_fd_sc_hd__buf_2)
     2    0.01    0.05    0.10    2.35 ^ _112_/X (sky130_fd_sc_hd__buf_2)
                                         x62.C (net)
                  0.05    0.00    2.35 ^ _142_/A2 (sky130_fd_sc_hd__a21boi_2)
     1    0.00    0.04    0.04    2.39 v _142_/Y (sky130_fd_sc_hd__a21boi_2)
                                         x78.S (net)
                  0.04    0.00    2.39 v _158_/D (sky130_fd_sc_hd__dfxtp_2)
                                  2.39   data arrival time

                  0.00    2.60    2.60   clock core_clock (rise edge)
                          0.00    2.60   clock network delay (ideal)
                          0.00    2.60   clock reconvergence pessimism
                                  2.60 ^ _158_/CLK (sky130_fd_sc_hd__dfxtp_2)
                         -0.12    2.48   library setup time
                                  2.48   data required time
-----------------------------------------------------------------------------
                                  2.48   data required time
                                 -2.39   data arrival time
-----------------------------------------------------------------------------
                                  0.09   slack (MET)


Startpoint: _165_ (rising edge-triggered flip-flop clocked by core_clock)
Endpoint: _156_ (rising edge-triggered flip-flop clocked by core_clock)
Path Group: core_clock
Path Type: max

Fanout     Cap    Slew   Delay    Time   Description
-----------------------------------------------------------------------------
                  0.00    0.00    0.00   clock core_clock (rise edge)
                          0.00    0.00   clock network delay (ideal)
                  0.00    0.00    0.00 ^ _165_/CLK (sky130_fd_sc_hd__dfxtp_2)
     2    0.00    0.02    0.29    0.29 v _165_/Q (sky130_fd_sc_hd__dfxtp_2)
                                         x12.A (net)
                  0.02    0.00    0.29 v _084_/B (sky130_fd_sc_hd__and2_2)
     2    0.00    0.04    0.18    0.46 v _084_/X (sky130_fd_sc_hd__and2_2)
                                         _035_ (net)
                  0.04    0.00    0.46 v _086_/A (sky130_fd_sc_hd__or2b_2)
     3    0.01    0.08    0.32    0.78 v _086_/X (sky130_fd_sc_hd__or2b_2)
                                         _037_ (net)
                  0.08    0.00    0.78 v _088_/B (sky130_fd_sc_hd__nor3b_2)
     2    0.01    0.22    0.23    1.01 ^ _088_/Y (sky130_fd_sc_hd__nor3b_2)
                                         _039_ (net)
                  0.22    0.00    1.01 ^ _094_/A2 (sky130_fd_sc_hd__a21oi_2)
     3    0.01    0.06    0.10    1.11 v _094_/Y (sky130_fd_sc_hd__a21oi_2)
                                         _045_ (net)
                  0.06    0.00    1.11 v _100_/A (sky130_fd_sc_hd__or4_2)
     2    0.01    0.13    0.70    1.81 v _100_/X (sky130_fd_sc_hd__or4_2)
                                         _051_ (net)
                  0.13    0.00    1.81 v _105_/A2 (sky130_fd_sc_hd__a211oi_2)
     3    0.01    0.19    0.27    2.07 ^ _105_/Y (sky130_fd_sc_hd__a211oi_2)
                                         _056_ (net)
                  0.19    0.00    2.07 ^ _138_/A2_N (sky130_fd_sc_hd__a2bb2o_2)
     1    0.00    0.04    0.28    2.35 v _138_/X (sky130_fd_sc_hd__a2bb2o_2)
                                         x76.S (net)
                  0.04    0.00    2.35 v _156_/D (sky130_fd_sc_hd__dfxtp_2)
                                  2.35   data arrival time

                  0.00    2.60    2.60   clock core_clock (rise edge)
                          0.00    2.60   clock network delay (ideal)
                          0.00    2.60   clock reconvergence pessimism
                                  2.60 ^ _156_/CLK (sky130_fd_sc_hd__dfxtp_2)
                         -0.12    2.48   library setup time
                                  2.48   data required time
-----------------------------------------------------------------------------
                                  2.48   data required time
                                 -2.35   data arrival time
-----------------------------------------------------------------------------
                                  0.13   slack (MET)


Startpoint: _165_ (rising edge-triggered flip-flop clocked by core_clock)
Endpoint: _159_ (rising edge-triggered flip-flop clocked by core_clock)
Path Group: core_clock
Path Type: max

Fanout     Cap    Slew   Delay    Time   Description
-----------------------------------------------------------------------------
                  0.00    0.00    0.00   clock core_clock (rise edge)
                          0.00    0.00   clock network delay (ideal)
                  0.00    0.00    0.00 ^ _165_/CLK (sky130_fd_sc_hd__dfxtp_2)
     2    0.00    0.02    0.29    0.29 v _165_/Q (sky130_fd_sc_hd__dfxtp_2)
                                         x12.A (net)
                  0.02    0.00    0.29 v _084_/B (sky130_fd_sc_hd__and2_2)
     2    0.00    0.04    0.18    0.46 v _084_/X (sky130_fd_sc_hd__and2_2)
                                         _035_ (net)
                  0.04    0.00    0.46 v _086_/A (sky130_fd_sc_hd__or2b_2)
     3    0.01    0.08    0.32    0.78 v _086_/X (sky130_fd_sc_hd__or2b_2)
                                         _037_ (net)
                  0.08    0.00    0.78 v _088_/B (sky130_fd_sc_hd__nor3b_2)
     2    0.01    0.22    0.23    1.01 ^ _088_/Y (sky130_fd_sc_hd__nor3b_2)
                                         _039_ (net)
                  0.22    0.00    1.01 ^ _094_/A2 (sky130_fd_sc_hd__a21oi_2)
     3    0.01    0.06    0.10    1.11 v _094_/Y (sky130_fd_sc_hd__a21oi_2)
                                         _045_ (net)
                  0.06    0.00    1.11 v _100_/A (sky130_fd_sc_hd__or4_2)
     2    0.01    0.13    0.70    1.81 v _100_/X (sky130_fd_sc_hd__or4_2)
                                         _051_ (net)
                  0.13    0.00    1.81 v _105_/A2 (sky130_fd_sc_hd__a211oi_2)
     3    0.01    0.19    0.27    2.07 ^ _105_/Y (sky130_fd_sc_hd__a211oi_2)
                                         _056_ (net)
                  0.19    0.00    2.07 ^ _111_/A1 (sky130_fd_sc_hd__o32a_2)
     1    0.00    0.03    0.17    2.25 ^ _111_/X (sky130_fd_sc_hd__o32a_2)
                                         _062_ (net)
                  0.03    0.00    2.25 ^ _112_/A (sky130_fd_sc_hd__buf_2)
     2    0.01    0.05    0.10    2.35 ^ _112_/X (sky130_fd_sc_hd__buf_2)
                                         x62.C (net)
                  0.05    0.00    2.35 ^ _159_/D (sky130_fd_sc_hd__dfxtp_2)
                                  2.35   data arrival time

                  0.00    2.60    2.60   clock core_clock (rise edge)
                          0.00    2.60   clock network delay (ideal)
                          0.00    2.60   clock reconvergence pessimism
                                  2.60 ^ _159_/CLK (sky130_fd_sc_hd__dfxtp_2)
                         -0.07    2.53   library setup time
                                  2.53   data required time
-----------------------------------------------------------------------------
                                  2.53   data required time
                                 -2.35   data arrival time
-----------------------------------------------------------------------------
                                  0.19   slack (MET)


Startpoint: _165_ (rising edge-triggered flip-flop clocked by core_clock)
Endpoint: _155_ (rising edge-triggered flip-flop clocked by core_clock)
Path Group: core_clock
Path Type: max

Fanout     Cap    Slew   Delay    Time   Description
-----------------------------------------------------------------------------
                  0.00    0.00    0.00   clock core_clock (rise edge)
                          0.00    0.00   clock network delay (ideal)
                  0.00    0.00    0.00 ^ _165_/CLK (sky130_fd_sc_hd__dfxtp_2)
     2    0.00    0.02    0.29    0.29 v _165_/Q (sky130_fd_sc_hd__dfxtp_2)
                                         x12.A (net)
                  0.02    0.00    0.29 v _084_/B (sky130_fd_sc_hd__and2_2)
     2    0.00    0.04    0.18    0.46 v _084_/X (sky130_fd_sc_hd__and2_2)
                                         _035_ (net)
                  0.04    0.00    0.46 v _086_/A (sky130_fd_sc_hd__or2b_2)
     3    0.01    0.08    0.32    0.78 v _086_/X (sky130_fd_sc_hd__or2b_2)
                                         _037_ (net)
                  0.08    0.00    0.78 v _088_/B (sky130_fd_sc_hd__nor3b_2)
     2    0.01    0.22    0.23    1.01 ^ _088_/Y (sky130_fd_sc_hd__nor3b_2)
                                         _039_ (net)
                  0.22    0.00    1.01 ^ _094_/A2 (sky130_fd_sc_hd__a21oi_2)
     3    0.01    0.06    0.10    1.11 v _094_/Y (sky130_fd_sc_hd__a21oi_2)
                                         _045_ (net)
                  0.06    0.00    1.11 v _100_/A (sky130_fd_sc_hd__or4_2)
     2    0.01    0.13    0.70    1.81 v _100_/X (sky130_fd_sc_hd__or4_2)
                                         _051_ (net)
                  0.13    0.00    1.81 v _134_/B (sky130_fd_sc_hd__nand2_2)
     2    0.01    0.08    0.12    1.93 ^ _134_/Y (sky130_fd_sc_hd__nand2_2)
                                         _010_ (net)
                  0.08    0.00    1.93 ^ _137_/A1 (sky130_fd_sc_hd__o21ai_2)
     1    0.00    0.03    0.06    1.98 v _137_/Y (sky130_fd_sc_hd__o21ai_2)
                                         x75.S (net)
                  0.03    0.00    1.98 v _155_/D (sky130_fd_sc_hd__dfxtp_2)
                                  1.98   data arrival time

                  0.00    2.60    2.60   clock core_clock (rise edge)
                          0.00    2.60   clock network delay (ideal)
                          0.00    2.60   clock reconvergence pessimism
                                  2.60 ^ _155_/CLK (sky130_fd_sc_hd__dfxtp_2)
                         -0.12    2.48   library setup time
                                  2.48   data required time
-----------------------------------------------------------------------------
                                  2.48   data required time
                                 -1.98   data arrival time
-----------------------------------------------------------------------------
                                  0.50   slack (MET)


Startpoint: _165_ (rising edge-triggered flip-flop clocked by core_clock)
Endpoint: _154_ (rising edge-triggered flip-flop clocked by core_clock)
Path Group: core_clock
Path Type: max

Fanout     Cap    Slew   Delay    Time   Description
-----------------------------------------------------------------------------
                  0.00    0.00    0.00   clock core_clock (rise edge)
                          0.00    0.00   clock network delay (ideal)
                  0.00    0.00    0.00 ^ _165_/CLK (sky130_fd_sc_hd__dfxtp_2)
     2    0.00    0.02    0.29    0.29 v _165_/Q (sky130_fd_sc_hd__dfxtp_2)
                                         x12.A (net)
                  0.02    0.00    0.29 v _084_/B (sky130_fd_sc_hd__and2_2)
     2    0.00    0.04    0.18    0.46 v _084_/X (sky130_fd_sc_hd__and2_2)
                                         _035_ (net)
                  0.04    0.00    0.46 v _086_/A (sky130_fd_sc_hd__or2b_2)
     3    0.01    0.08    0.32    0.78 v _086_/X (sky130_fd_sc_hd__or2b_2)
                                         _037_ (net)
                  0.08    0.00    0.78 v _088_/B (sky130_fd_sc_hd__nor3b_2)
     2    0.01    0.22    0.23    1.01 ^ _088_/Y (sky130_fd_sc_hd__nor3b_2)
                                         _039_ (net)
                  0.22    0.00    1.01 ^ _094_/A2 (sky130_fd_sc_hd__a21oi_2)
     3    0.01    0.06    0.10    1.11 v _094_/Y (sky130_fd_sc_hd__a21oi_2)
                                         _045_ (net)
                  0.06    0.00    1.11 v _100_/A (sky130_fd_sc_hd__or4_2)
     2    0.01    0.13    0.70    1.81 v _100_/X (sky130_fd_sc_hd__or4_2)
                                         _051_ (net)
                  0.13    0.00    1.81 v _134_/B (sky130_fd_sc_hd__nand2_2)
     2    0.01    0.08    0.12    1.93 ^ _134_/Y (sky130_fd_sc_hd__nand2_2)
                                         _010_ (net)
                  0.08    0.00    1.93 ^ _135_/A2 (sky130_fd_sc_hd__a21oi_2)
     1    0.00    0.04    0.05    1.98 v _135_/Y (sky130_fd_sc_hd__a21oi_2)
                                         x74.S (net)
                  0.04    0.00    1.98 v _154_/D (sky130_fd_sc_hd__dfxtp_2)
                                  1.98   data arrival time

                  0.00    2.60    2.60   clock core_clock (rise edge)
                          0.00    2.60   clock network delay (ideal)
                          0.00    2.60   clock reconvergence pessimism
                                  2.60 ^ _154_/CLK (sky130_fd_sc_hd__dfxtp_2)
                         -0.12    2.48   library setup time
                                  2.48   data required time
-----------------------------------------------------------------------------
                                  2.48   data required time
                                 -1.98   data arrival time
-----------------------------------------------------------------------------
                                  0.50   slack (MET)


Startpoint: _165_ (rising edge-triggered flip-flop clocked by core_clock)
Endpoint: _153_ (rising edge-triggered flip-flop clocked by core_clock)
Path Group: core_clock
Path Type: max

Fanout     Cap    Slew   Delay    Time   Description
-----------------------------------------------------------------------------
                  0.00    0.00    0.00   clock core_clock (rise edge)
                          0.00    0.00   clock network delay (ideal)
                  0.00    0.00    0.00 ^ _165_/CLK (sky130_fd_sc_hd__dfxtp_2)
     2    0.00    0.02    0.29    0.29 v _165_/Q (sky130_fd_sc_hd__dfxtp_2)
                                         x12.A (net)
                  0.02    0.00    0.29 v _084_/B (sky130_fd_sc_hd__and2_2)
     2    0.00    0.04    0.18    0.46 v _084_/X (sky130_fd_sc_hd__and2_2)
                                         _035_ (net)
                  0.04    0.00    0.46 v _086_/A (sky130_fd_sc_hd__or2b_2)
     3    0.01    0.08    0.32    0.78 v _086_/X (sky130_fd_sc_hd__or2b_2)
                                         _037_ (net)
                  0.08    0.00    0.78 v _088_/B (sky130_fd_sc_hd__nor3b_2)
     2    0.01    0.22    0.23    1.01 ^ _088_/Y (sky130_fd_sc_hd__nor3b_2)
                                         _039_ (net)
                  0.22    0.00    1.01 ^ _094_/A2 (sky130_fd_sc_hd__a21oi_2)
     3    0.01    0.06    0.10    1.11 v _094_/Y (sky130_fd_sc_hd__a21oi_2)
                                         _045_ (net)
                  0.06    0.00    1.11 v _130_/A (sky130_fd_sc_hd__or3_2)
     1    0.00    0.08    0.48    1.59 v _130_/X (sky130_fd_sc_hd__or3_2)
                                         _008_ (net)
                  0.08    0.00    1.59 v _131_/A (sky130_fd_sc_hd__nand2_2)
     2    0.01    0.07    0.09    1.68 ^ _131_/Y (sky130_fd_sc_hd__nand2_2)
                                         _009_ (net)
                  0.07    0.00    1.68 ^ _133_/A2 (sky130_fd_sc_hd__a21oi_2)
     1    0.00    0.03    0.05    1.73 v _133_/Y (sky130_fd_sc_hd__a21oi_2)
                                         x73.S (net)
                  0.03    0.00    1.73 v _153_/D (sky130_fd_sc_hd__dfxtp_2)
                                  1.73   data arrival time

                  0.00    2.60    2.60   clock core_clock (rise edge)
                          0.00    2.60   clock network delay (ideal)
                          0.00    2.60   clock reconvergence pessimism
                                  2.60 ^ _153_/CLK (sky130_fd_sc_hd__dfxtp_2)
                         -0.12    2.48   library setup time
                                  2.48   data required time
-----------------------------------------------------------------------------
                                  2.48   data required time
                                 -1.73   data arrival time
-----------------------------------------------------------------------------
                                  0.75   slack (MET)


Startpoint: _165_ (rising edge-triggered flip-flop clocked by core_clock)
Endpoint: _152_ (rising edge-triggered flip-flop clocked by core_clock)
Path Group: core_clock
Path Type: max

Fanout     Cap    Slew   Delay    Time   Description
-----------------------------------------------------------------------------
                  0.00    0.00    0.00   clock core_clock (rise edge)
                          0.00    0.00   clock network delay (ideal)
                  0.00    0.00    0.00 ^ _165_/CLK (sky130_fd_sc_hd__dfxtp_2)
     2    0.00    0.02    0.29    0.29 v _165_/Q (sky130_fd_sc_hd__dfxtp_2)
                                         x12.A (net)
                  0.02    0.00    0.29 v _084_/B (sky130_fd_sc_hd__and2_2)
     2    0.00    0.04    0.18    0.46 v _084_/X (sky130_fd_sc_hd__and2_2)
                                         _035_ (net)
                  0.04    0.00    0.46 v _086_/A (sky130_fd_sc_hd__or2b_2)
     3    0.01    0.08    0.32    0.78 v _086_/X (sky130_fd_sc_hd__or2b_2)
                                         _037_ (net)
                  0.08    0.00    0.78 v _088_/B (sky130_fd_sc_hd__nor3b_2)
     2    0.01    0.22    0.23    1.01 ^ _088_/Y (sky130_fd_sc_hd__nor3b_2)
                                         _039_ (net)
                  0.22    0.00    1.01 ^ _094_/A2 (sky130_fd_sc_hd__a21oi_2)
     3    0.01    0.06    0.10    1.11 v _094_/Y (sky130_fd_sc_hd__a21oi_2)
                                         _045_ (net)
                  0.06    0.00    1.11 v _130_/A (sky130_fd_sc_hd__or3_2)
     1    0.00    0.08    0.48    1.59 v _130_/X (sky130_fd_sc_hd__or3_2)
                                         _008_ (net)
                  0.08    0.00    1.59 v _131_/A (sky130_fd_sc_hd__nand2_2)
     2    0.01    0.07    0.09    1.68 ^ _131_/Y (sky130_fd_sc_hd__nand2_2)
                                         _009_ (net)
                  0.07    0.00    1.68 ^ _132_/A2 (sky130_fd_sc_hd__o21ai_2)
     1    0.00    0.03    0.05    1.72 v _132_/Y (sky130_fd_sc_hd__o21ai_2)
                                         x72.S (net)
                  0.03    0.00    1.72 v _152_/D (sky130_fd_sc_hd__dfxtp_2)
                                  1.72   data arrival time

                  0.00    2.60    2.60   clock core_clock (rise edge)
                          0.00    2.60   clock network delay (ideal)
                          0.00    2.60   clock reconvergence pessimism
                                  2.60 ^ _152_/CLK (sky130_fd_sc_hd__dfxtp_2)
                         -0.12    2.48   library setup time
                                  2.48   data required time
-----------------------------------------------------------------------------
                                  2.48   data required time
                                 -1.72   data arrival time
-----------------------------------------------------------------------------
                                  0.76   slack (MET)


Startpoint: _177_ (rising edge-triggered flip-flop clocked by core_clock)
Endpoint: _150_ (rising edge-triggered flip-flop clocked by core_clock)
Path Group: core_clock
Path Type: max

Fanout     Cap    Slew   Delay    Time   Description
-----------------------------------------------------------------------------
                  0.00    0.00    0.00   clock core_clock (rise edge)
                          0.00    0.00   clock network delay (ideal)
                  0.00    0.00    0.00 ^ _177_/CLK (sky130_fd_sc_hd__dfxtp_2)
     4    0.01    0.05    0.32    0.32 v _177_/Q (sky130_fd_sc_hd__dfxtp_2)
                                         x4.B (net)
                  0.05    0.00    0.32 v _078_/A1 (sky130_fd_sc_hd__o221a_2)
     2    0.00    0.05    0.28    0.60 v _078_/X (sky130_fd_sc_hd__o221a_2)
                                         _029_ (net)
                  0.05    0.00    0.60 v _080_/B2 (sky130_fd_sc_hd__a221o_2)
     1    0.00    0.05    0.34    0.94 v _080_/X (sky130_fd_sc_hd__a221o_2)
                                         _031_ (net)
                  0.05    0.00    0.94 v _082_/B2 (sky130_fd_sc_hd__o221a_2)
     4    0.01    0.08    0.27    1.21 v _082_/X (sky130_fd_sc_hd__o221a_2)
                                         _033_ (net)
                  0.08    0.00    1.21 v _094_/A1 (sky130_fd_sc_hd__a21oi_2)
     3    0.01    0.13    0.16    1.37 ^ _094_/Y (sky130_fd_sc_hd__a21oi_2)
                                         _045_ (net)
                  0.13    0.00    1.37 ^ _127_/A (sky130_fd_sc_hd__nor2_2)
     2    0.01    0.05    0.07    1.44 v _127_/Y (sky130_fd_sc_hd__nor2_2)
                                         _007_ (net)
                  0.05    0.00    1.44 v _128_/A2 (sky130_fd_sc_hd__a21oi_2)
     1    0.00    0.07    0.11    1.55 ^ _128_/Y (sky130_fd_sc_hd__a21oi_2)
                                         x70.S (net)
                  0.07    0.00    1.55 ^ _150_/D (sky130_fd_sc_hd__dfxtp_2)
                                  1.55   data arrival time

                  0.00    2.60    2.60   clock core_clock (rise edge)
                          0.00    2.60   clock network delay (ideal)
                          0.00    2.60   clock reconvergence pessimism
                                  2.60 ^ _150_/CLK (sky130_fd_sc_hd__dfxtp_2)
                         -0.07    2.53   library setup time
                                  2.53   data required time
-----------------------------------------------------------------------------
                                  2.53   data required time
                                 -1.55   data arrival time
-----------------------------------------------------------------------------
                                  0.98   slack (MET)


Startpoint: _177_ (rising edge-triggered flip-flop clocked by core_clock)
Endpoint: _151_ (rising edge-triggered flip-flop clocked by core_clock)
Path Group: core_clock
Path Type: max

Fanout     Cap    Slew   Delay    Time   Description
-----------------------------------------------------------------------------
                  0.00    0.00    0.00   clock core_clock (rise edge)
                          0.00    0.00   clock network delay (ideal)
                  0.00    0.00    0.00 ^ _177_/CLK (sky130_fd_sc_hd__dfxtp_2)
     4    0.01    0.05    0.32    0.32 v _177_/Q (sky130_fd_sc_hd__dfxtp_2)
                                         x4.B (net)
                  0.05    0.00    0.32 v _078_/A1 (sky130_fd_sc_hd__o221a_2)
     2    0.00    0.05    0.28    0.60 v _078_/X (sky130_fd_sc_hd__o221a_2)
                                         _029_ (net)
                  0.05    0.00    0.60 v _080_/B2 (sky130_fd_sc_hd__a221o_2)
     1    0.00    0.05    0.34    0.94 v _080_/X (sky130_fd_sc_hd__a221o_2)
                                         _031_ (net)
                  0.05    0.00    0.94 v _082_/B2 (sky130_fd_sc_hd__o221a_2)
     4    0.01    0.08    0.27    1.21 v _082_/X (sky130_fd_sc_hd__o221a_2)
                                         _033_ (net)
                  0.08    0.00    1.21 v _094_/A1 (sky130_fd_sc_hd__a21oi_2)
     3    0.01    0.13    0.16    1.37 ^ _094_/Y (sky130_fd_sc_hd__a21oi_2)
                                         _045_ (net)
                  0.13    0.00    1.37 ^ _127_/A (sky130_fd_sc_hd__nor2_2)
     2    0.01    0.05    0.07    1.44 v _127_/Y (sky130_fd_sc_hd__nor2_2)
                                         _007_ (net)
                  0.05    0.00    1.44 v _129_/A1 (sky130_fd_sc_hd__a21boi_2)
     1    0.00    0.07    0.10    1.54 ^ _129_/Y (sky130_fd_sc_hd__a21boi_2)
                                         x71.S (net)
                  0.07    0.00    1.54 ^ _151_/D (sky130_fd_sc_hd__dfxtp_2)
                                  1.54   data arrival time

                  0.00    2.60    2.60   clock core_clock (rise edge)
                          0.00    2.60   clock network delay (ideal)
                          0.00    2.60   clock reconvergence pessimism
                                  2.60 ^ _151_/CLK (sky130_fd_sc_hd__dfxtp_2)
                         -0.07    2.53   library setup time
                                  2.53   data required time
-----------------------------------------------------------------------------
                                  2.53   data required time
                                 -1.54   data arrival time
-----------------------------------------------------------------------------
                                  0.99   slack (MET)


Startpoint: _177_ (rising edge-triggered flip-flop clocked by core_clock)
Endpoint: _146_ (rising edge-triggered flip-flop clocked by core_clock)
Path Group: core_clock
Path Type: max

Fanout     Cap    Slew   Delay    Time   Description
-----------------------------------------------------------------------------
                  0.00    0.00    0.00   clock core_clock (rise edge)
                          0.00    0.00   clock network delay (ideal)
                  0.00    0.00    0.00 ^ _177_/CLK (sky130_fd_sc_hd__dfxtp_2)
     4    0.01    0.05    0.32    0.32 v _177_/Q (sky130_fd_sc_hd__dfxtp_2)
                                         x4.B (net)
                  0.05    0.00    0.32 v _078_/A1 (sky130_fd_sc_hd__o221a_2)
     2    0.00    0.05    0.28    0.60 v _078_/X (sky130_fd_sc_hd__o221a_2)
                                         _029_ (net)
                  0.05    0.00    0.60 v _080_/B2 (sky130_fd_sc_hd__a221o_2)
     1    0.00    0.05    0.34    0.94 v _080_/X (sky130_fd_sc_hd__a221o_2)
                                         _031_ (net)
                  0.05    0.00    0.94 v _082_/B2 (sky130_fd_sc_hd__o221a_2)
     4    0.01    0.08    0.27    1.21 v _082_/X (sky130_fd_sc_hd__o221a_2)
                                         _033_ (net)
                  0.08    0.00    1.21 v _120_/B1_N (sky130_fd_sc_hd__o21ba_2)
     1    0.00    0.03    0.23    1.44 ^ _120_/X (sky130_fd_sc_hd__o21ba_2)
                                         _004_ (net)
                  0.03    0.00    1.44 ^ _121_/B1 (sky130_fd_sc_hd__a21o_2)
     1    0.00    0.03    0.07    1.51 ^ _121_/X (sky130_fd_sc_hd__a21o_2)
                                         x66.S (net)
                  0.03    0.00    1.51 ^ _146_/D (sky130_fd_sc_hd__dfxtp_2)
                                  1.51   data arrival time

                  0.00    2.60    2.60   clock core_clock (rise edge)
                          0.00    2.60   clock network delay (ideal)
                          0.00    2.60   clock reconvergence pessimism
                                  2.60 ^ _146_/CLK (sky130_fd_sc_hd__dfxtp_2)
                         -0.06    2.54   library setup time
                                  2.54   data required time
-----------------------------------------------------------------------------
                                  2.54   data required time
                                 -1.51   data arrival time
-----------------------------------------------------------------------------
                                  1.03   slack (MET)


Startpoint: _177_ (rising edge-triggered flip-flop clocked by core_clock)
Endpoint: _148_ (rising edge-triggered flip-flop clocked by core_clock)
Path Group: core_clock
Path Type: max

Fanout     Cap    Slew   Delay    Time   Description
-----------------------------------------------------------------------------
                  0.00    0.00    0.00   clock core_clock (rise edge)
                          0.00    0.00   clock network delay (ideal)
                  0.00    0.00    0.00 ^ _177_/CLK (sky130_fd_sc_hd__dfxtp_2)
     4    0.01    0.05    0.32    0.32 v _177_/Q (sky130_fd_sc_hd__dfxtp_2)
                                         x4.B (net)
                  0.05    0.00    0.32 v _078_/A1 (sky130_fd_sc_hd__o221a_2)
     2    0.00    0.05    0.28    0.60 v _078_/X (sky130_fd_sc_hd__o221a_2)
                                         _029_ (net)
                  0.05    0.00    0.60 v _080_/B2 (sky130_fd_sc_hd__a221o_2)
     1    0.00    0.05    0.34    0.94 v _080_/X (sky130_fd_sc_hd__a221o_2)
                                         _031_ (net)
                  0.05    0.00    0.94 v _082_/B2 (sky130_fd_sc_hd__o221a_2)
     4    0.01    0.08    0.27    1.21 v _082_/X (sky130_fd_sc_hd__o221a_2)
                                         _033_ (net)
                  0.08    0.00    1.21 v _123_/A (sky130_fd_sc_hd__nand2_2)
     2    0.00    0.05    0.07    1.28 ^ _123_/Y (sky130_fd_sc_hd__nand2_2)
                                         _005_ (net)
                  0.05    0.00    1.28 ^ _124_/A3 (sky130_fd_sc_hd__a31o_2)
     1    0.00    0.03    0.14    1.41 ^ _124_/X (sky130_fd_sc_hd__a31o_2)
                                         x68.S (net)
                  0.03    0.00    1.41 ^ _148_/D (sky130_fd_sc_hd__dfxtp_2)
                                  1.41   data arrival time

                  0.00    2.60    2.60   clock core_clock (rise edge)
                          0.00    2.60   clock network delay (ideal)
                          0.00    2.60   clock reconvergence pessimism
                                  2.60 ^ _148_/CLK (sky130_fd_sc_hd__dfxtp_2)
                         -0.06    2.54   library setup time
                                  2.54   data required time
-----------------------------------------------------------------------------
                                  2.54   data required time
                                 -1.41   data arrival time
-----------------------------------------------------------------------------
                                  1.12   slack (MET)


Startpoint: _177_ (rising edge-triggered flip-flop clocked by core_clock)
Endpoint: _149_ (rising edge-triggered flip-flop clocked by core_clock)
Path Group: core_clock
Path Type: max

Fanout     Cap    Slew   Delay    Time   Description
-----------------------------------------------------------------------------
                  0.00    0.00    0.00   clock core_clock (rise edge)
                          0.00    0.00   clock network delay (ideal)
                  0.00    0.00    0.00 ^ _177_/CLK (sky130_fd_sc_hd__dfxtp_2)
     4    0.01    0.05    0.32    0.32 v _177_/Q (sky130_fd_sc_hd__dfxtp_2)
                                         x4.B (net)
                  0.05    0.00    0.32 v _078_/A1 (sky130_fd_sc_hd__o221a_2)
     2    0.00    0.05    0.28    0.60 v _078_/X (sky130_fd_sc_hd__o221a_2)
                                         _029_ (net)
                  0.05    0.00    0.60 v _080_/B2 (sky130_fd_sc_hd__a221o_2)
     1    0.00    0.05    0.34    0.94 v _080_/X (sky130_fd_sc_hd__a221o_2)
                                         _031_ (net)
                  0.05    0.00    0.94 v _082_/B2 (sky130_fd_sc_hd__o221a_2)
     4    0.01    0.08    0.27    1.21 v _082_/X (sky130_fd_sc_hd__o221a_2)
                                         _033_ (net)
                  0.08    0.00    1.21 v _123_/A (sky130_fd_sc_hd__nand2_2)
     2    0.00    0.05    0.07    1.28 ^ _123_/Y (sky130_fd_sc_hd__nand2_2)
                                         _005_ (net)
                  0.05    0.00    1.28 ^ _126_/A1 (sky130_fd_sc_hd__a21bo_2)
     1    0.00    0.03    0.11    1.38 ^ _126_/X (sky130_fd_sc_hd__a21bo_2)
                                         x69.S (net)
                  0.03    0.00    1.38 ^ _149_/D (sky130_fd_sc_hd__dfxtp_2)
                                  1.38   data arrival time

                  0.00    2.60    2.60   clock core_clock (rise edge)
                          0.00    2.60   clock network delay (ideal)
                          0.00    2.60   clock reconvergence pessimism
                                  2.60 ^ _149_/CLK (sky130_fd_sc_hd__dfxtp_2)
                         -0.06    2.54   library setup time
                                  2.54   data required time
-----------------------------------------------------------------------------
                                  2.54   data required time
                                 -1.38   data arrival time
-----------------------------------------------------------------------------
                                  1.16   slack (MET)


Startpoint: _177_ (rising edge-triggered flip-flop clocked by core_clock)
Endpoint: _147_ (rising edge-triggered flip-flop clocked by core_clock)
Path Group: core_clock
Path Type: max

Fanout     Cap    Slew   Delay    Time   Description
-----------------------------------------------------------------------------
                  0.00    0.00    0.00   clock core_clock (rise edge)
                          0.00    0.00   clock network delay (ideal)
                  0.00    0.00    0.00 ^ _177_/CLK (sky130_fd_sc_hd__dfxtp_2)
     4    0.01    0.05    0.32    0.32 v _177_/Q (sky130_fd_sc_hd__dfxtp_2)
                                         x4.B (net)
                  0.05    0.00    0.32 v _078_/A1 (sky130_fd_sc_hd__o221a_2)
     2    0.00    0.05    0.28    0.60 v _078_/X (sky130_fd_sc_hd__o221a_2)
                                         _029_ (net)
                  0.05    0.00    0.60 v _080_/B2 (sky130_fd_sc_hd__a221o_2)
     1    0.00    0.05    0.34    0.94 v _080_/X (sky130_fd_sc_hd__a221o_2)
                                         _031_ (net)
                  0.05    0.00    0.94 v _082_/B2 (sky130_fd_sc_hd__o221a_2)
     4    0.01    0.08    0.27    1.21 v _082_/X (sky130_fd_sc_hd__o221a_2)
                                         _033_ (net)
                  0.08    0.00    1.21 v _122_/A1 (sky130_fd_sc_hd__a21oi_2)
     1    0.00    0.07    0.11    1.32 ^ _122_/Y (sky130_fd_sc_hd__a21oi_2)
                                         x67.S (net)
                  0.07    0.00    1.32 ^ _147_/D (sky130_fd_sc_hd__dfxtp_2)
                                  1.32   data arrival time

                  0.00    2.60    2.60   clock core_clock (rise edge)
                          0.00    2.60   clock network delay (ideal)
                          0.00    2.60   clock reconvergence pessimism
                                  2.60 ^ _147_/CLK (sky130_fd_sc_hd__dfxtp_2)
                         -0.07    2.53   library setup time
                                  2.53   data required time
-----------------------------------------------------------------------------
                                  2.53   data required time
                                 -1.32   data arrival time
-----------------------------------------------------------------------------
                                  1.21   slack (MET)


Startpoint: _177_ (rising edge-triggered flip-flop clocked by core_clock)
Endpoint: _145_ (rising edge-triggered flip-flop clocked by core_clock)
Path Group: core_clock
Path Type: max

Fanout     Cap    Slew   Delay    Time   Description
-----------------------------------------------------------------------------
                  0.00    0.00    0.00   clock core_clock (rise edge)
                          0.00    0.00   clock network delay (ideal)
                  0.00    0.00    0.00 ^ _177_/CLK (sky130_fd_sc_hd__dfxtp_2)
     4    0.01    0.05    0.32    0.32 v _177_/Q (sky130_fd_sc_hd__dfxtp_2)
                                         x4.B (net)
                  0.05    0.00    0.32 v _078_/A1 (sky130_fd_sc_hd__o221a_2)
     2    0.00    0.05    0.28    0.60 v _078_/X (sky130_fd_sc_hd__o221a_2)
                                         _029_ (net)
                  0.05    0.00    0.60 v _116_/A (sky130_fd_sc_hd__or2_2)
     2    0.01    0.07    0.30    0.90 v _116_/X (sky130_fd_sc_hd__or2_2)
                                         _002_ (net)
                  0.07    0.00    0.90 v _118_/B1_N (sky130_fd_sc_hd__o21ba_2)
     1    0.00    0.03    0.23    1.13 ^ _118_/X (sky130_fd_sc_hd__o21ba_2)
                                         _003_ (net)
                  0.03    0.00    1.13 ^ _119_/B1 (sky130_fd_sc_hd__a21o_2)
     1    0.00    0.03    0.07    1.20 ^ _119_/X (sky130_fd_sc_hd__a21o_2)
                                         x65.S (net)
                  0.03    0.00    1.20 ^ _145_/D (sky130_fd_sc_hd__dfxtp_2)
                                  1.20   data arrival time

                  0.00    2.60    2.60   clock core_clock (rise edge)
                          0.00    2.60   clock network delay (ideal)
                          0.00    2.60   clock reconvergence pessimism
                                  2.60 ^ _145_/CLK (sky130_fd_sc_hd__dfxtp_2)
                         -0.06    2.54   library setup time
                                  2.54   data required time
-----------------------------------------------------------------------------
                                  2.54   data required time
                                 -1.20   data arrival time
-----------------------------------------------------------------------------
                                  1.34   slack (MET)


Startpoint: _177_ (rising edge-triggered flip-flop clocked by core_clock)
Endpoint: _144_ (rising edge-triggered flip-flop clocked by core_clock)
Path Group: core_clock
Path Type: max

Fanout     Cap    Slew   Delay    Time   Description
-----------------------------------------------------------------------------
                  0.00    0.00    0.00   clock core_clock (rise edge)
                          0.00    0.00   clock network delay (ideal)
                  0.00    0.00    0.00 ^ _177_/CLK (sky130_fd_sc_hd__dfxtp_2)
     4    0.01    0.05    0.32    0.32 v _177_/Q (sky130_fd_sc_hd__dfxtp_2)
                                         x4.B (net)
                  0.05    0.00    0.32 v _078_/A1 (sky130_fd_sc_hd__o221a_2)
     2    0.00    0.05    0.28    0.60 v _078_/X (sky130_fd_sc_hd__o221a_2)
                                         _029_ (net)
                  0.05    0.00    0.60 v _116_/A (sky130_fd_sc_hd__or2_2)
     2    0.01    0.07    0.30    0.90 v _116_/X (sky130_fd_sc_hd__or2_2)
                                         _002_ (net)
                  0.07    0.00    0.90 v _117_/A2 (sky130_fd_sc_hd__a21oi_2)
     1    0.00    0.07    0.12    1.02 ^ _117_/Y (sky130_fd_sc_hd__a21oi_2)
                                         x64.S (net)
                  0.07    0.00    1.02 ^ _144_/D (sky130_fd_sc_hd__dfxtp_2)
                                  1.02   data arrival time

                  0.00    2.60    2.60   clock core_clock (rise edge)
                          0.00    2.60   clock network delay (ideal)
                          0.00    2.60   clock reconvergence pessimism
                                  2.60 ^ _144_/CLK (sky130_fd_sc_hd__dfxtp_2)
                         -0.07    2.53   library setup time
                                  2.53   data required time
-----------------------------------------------------------------------------
                                  2.53   data required time
                                 -1.02   data arrival time
-----------------------------------------------------------------------------
                                  1.51   slack (MET)


Startpoint: _176_ (rising edge-triggered flip-flop clocked by core_clock)
Endpoint: _143_ (rising edge-triggered flip-flop clocked by core_clock)
Path Group: core_clock
Path Type: max

Fanout     Cap    Slew   Delay    Time   Description
-----------------------------------------------------------------------------
                  0.00    0.00    0.00   clock core_clock (rise edge)
                          0.00    0.00   clock network delay (ideal)
                  0.00    0.00    0.00 ^ _176_/CLK (sky130_fd_sc_hd__dfxtp_2)
     4    0.01    0.04    0.31    0.31 v _176_/Q (sky130_fd_sc_hd__dfxtp_2)
                                         x2.B (net)
                  0.04    0.00    0.31 v _113_/A1 (sky130_fd_sc_hd__o21ba_2)
     1    0.00    0.03    0.20    0.51 v _113_/X (sky130_fd_sc_hd__o21ba_2)
                                         _000_ (net)
                  0.03    0.00    0.51 v _114_/B1 (sky130_fd_sc_hd__a21o_2)
     1    0.00    0.03    0.17    0.68 v _114_/X (sky130_fd_sc_hd__a21o_2)
                                         x63.S (net)
                  0.03    0.00    0.68 v _143_/D (sky130_fd_sc_hd__dfxtp_2)
                                  0.68   data arrival time

                  0.00    2.60    2.60   clock core_clock (rise edge)
                          0.00    2.60   clock network delay (ideal)
                          0.00    2.60   clock reconvergence pessimism
                                  2.60 ^ _143_/CLK (sky130_fd_sc_hd__dfxtp_2)
                         -0.12    2.48   library setup time
                                  2.48   data required time
-----------------------------------------------------------------------------
                                  2.48   data required time
                                 -0.68   data arrival time
-----------------------------------------------------------------------------
                                  1.81   slack (MET)



worst slack corner Typical: 0.0126
