OpenROAD b16bda7e82721d10566ff7e2b68f1ff0be9f9e38 
Features included (+) or not (-): +Charts +GPU +GUI +Python
This program is licensed under the BSD-3 license. See the LICENSE file for details.
Components of this program may be licensed under more restrictive licenses which must be honored.
define_corners Typical
read_liberty -corner Typical /volare/sky130A/libs.ref/sky130_fd_sc_hd/lib/sky130_fd_sc_hd__tt_025C_1v80.lib
Using 1e-12 for capacitance...
Using 1e+03 for resistance...
Using 1e-09 for time...
Using 1e+00 for voltage...
Using 1e-03 for current...
Using 1e-09 for power...
Using 1e-06 for distance...
[INFO]: Reading ODB at '/openlane/designs/sklansky/runs/auto_pnr/results/floorplan/adder.odb'…
Reading design constraints file at '/openlane/designs/sklansky/src/adder.sdc'…
[INFO]: Setting RC values...
[INFO]: Setting signal min routing layer to: met1 and clock min routing layer to met3. 
[INFO]: Setting signal max routing layer to: met5 and clock max routing layer to met5. 
[INFO GPL-0002] DBU: 1000
[INFO GPL-0003] SiteSize: (  0.460  2.720 ) um
[INFO GPL-0004] CoreBBox: (  5.520 10.880 ) ( 63.940 68.000 ) um
[INFO GPL-0006] NumInstances:               218
[INFO GPL-0007] NumPlaceInstances:          130
[INFO GPL-0008] NumFixedInstances:           88
[INFO GPL-0009] NumDummyInstances:            0
[INFO GPL-0010] NumNets:                    164
[INFO GPL-0011] NumPins:                    502
[INFO GPL-0012] DieBBox:  (  0.000  0.000 ) ( 69.590 80.310 ) um
[INFO GPL-0013] CoreBBox: (  5.520 10.880 ) ( 63.940 68.000 ) um
[INFO GPL-0016] CoreArea:              3336.950 um^2
[INFO GPL-0017] NonPlaceInstsArea:      215.206 um^2
[INFO GPL-0018] PlaceInstsArea:        1714.144 um^2
[INFO GPL-0019] Util:                    54.910 %
[INFO GPL-0020] StdInstsArea:          1714.144 um^2
[INFO GPL-0021] MacroInstsArea:           0.000 um^2
[InitialPlace]  Iter: 1 CG residual: 0.00000006 HPWL: 4436840
[InitialPlace]  Iter: 2 CG residual: 0.00000011 HPWL: 3910939
[InitialPlace]  Iter: 3 CG residual: 0.00000011 HPWL: 3854202
[InitialPlace]  Iter: 4 CG residual: 0.00000008 HPWL: 3827898
[InitialPlace]  Iter: 5 CG residual: 0.00000011 HPWL: 3818262
[INFO GPL-0031] FillerInit:NumGCells:       142
[INFO GPL-0032] FillerInit:NumGNets:        164
[INFO GPL-0033] FillerInit:NumGPins:        502
[INFO GPL-0023] TargetDensity:            0.600
[INFO GPL-0024] AvrgPlaceInstArea:       13.186 um^2
[INFO GPL-0025] IdealBinArea:            21.976 um^2
[INFO GPL-0026] IdealBinCnt:                151
[INFO GPL-0027] TotalBinArea:          3336.950 um^2
[INFO GPL-0028] BinCnt:         8      8
[INFO GPL-0029] BinSize: (  7.303  7.140 )
[INFO GPL-0030] NumBins: 64
[NesterovSolve] Iter:    1 overflow: 0.280 HPWL: 2752409
[INFO GPL-0100] worst slack 1.63e-10
[INFO GPL-0103] Weighted 16 nets.
[NesterovSolve] Snapshot saved at iter = 0
[NesterovSolve] Iter:   10 overflow: 0.297 HPWL: 2778001
[NesterovSolve] Iter:   20 overflow: 0.319 HPWL: 2825399
[NesterovSolve] Iter:   30 overflow: 0.318 HPWL: 2836737
[NesterovSolve] Iter:   40 overflow: 0.318 HPWL: 2838864
[NesterovSolve] Iter:   50 overflow: 0.317 HPWL: 2836385
[NesterovSolve] Iter:   60 overflow: 0.317 HPWL: 2833034
[NesterovSolve] Iter:   70 overflow: 0.317 HPWL: 2832257
[NesterovSolve] Iter:   80 overflow: 0.317 HPWL: 2832759
[NesterovSolve] Iter:   90 overflow: 0.317 HPWL: 2834087
[NesterovSolve] Iter:  100 overflow: 0.317 HPWL: 2833954
[NesterovSolve] Iter:  110 overflow: 0.316 HPWL: 2832400
[NesterovSolve] Iter:  120 overflow: 0.316 HPWL: 2831879
[NesterovSolve] Iter:  130 overflow: 0.316 HPWL: 2831987
[NesterovSolve] Iter:  140 overflow: 0.316 HPWL: 2831773
[NesterovSolve] Iter:  150 overflow: 0.315 HPWL: 2831040
[NesterovSolve] Iter:  160 overflow: 0.314 HPWL: 2829229
[NesterovSolve] Iter:  170 overflow: 0.313 HPWL: 2826899
[NesterovSolve] Iter:  180 overflow: 0.312 HPWL: 2822952
[NesterovSolve] Iter:  190 overflow: 0.308 HPWL: 2818152
[NesterovSolve] Iter:  200 overflow: 0.303 HPWL: 2809365
[NesterovSolve] Iter:  210 overflow: 0.296 HPWL: 2800701
[NesterovSolve] Iter:  220 overflow: 0.284 HPWL: 2790529
[NesterovSolve] Iter:  230 overflow: 0.272 HPWL: 2777010
[NesterovSolve] Iter:  240 overflow: 0.259 HPWL: 2768741
[NesterovSolve] Iter:  250 overflow: 0.242 HPWL: 2766338
[NesterovSolve] Iter:  260 overflow: 0.218 HPWL: 2758839
[NesterovSolve] Iter:  270 overflow: 0.209 HPWL: 2772589
[INFO GPL-0100] worst slack 1.86e-10
[INFO GPL-0103] Weighted 16 nets.
[INFO GPL-0075] Routability numCall: 1 inflationIterCnt: 1 bloatIterCnt: 0
[INFO GPL-0036] TileBBox: (    0    0 ) ( 6900 6900 ) DBU
[INFO GPL-0038] TileCnt:      10   11
[INFO GPL-0039] numRoutingLayers: 6
[INFO GPL-0040] NumTiles: 110
[INFO GPL-0063] TotalRouteOverflowH2: 0
[INFO GPL-0064] TotalRouteOverflowV2: 0
[INFO GPL-0065] OverflowTileCnt2: 0
[INFO GPL-0066] 0.5%RC: 1.0000
[INFO GPL-0067] 1.0%RC: 0.9875
[INFO GPL-0068] 2.0%RC: 0.9286
[INFO GPL-0069] 5.0%RC: 0.8625
[INFO GPL-0070] 0.5rcK: 1
[INFO GPL-0071] 1.0rcK: 1
[INFO GPL-0072] 2.0rcK: 0
[INFO GPL-0073] 5.0rcK: 0
[INFO GPL-0074] FinalRC: 0.9937
[INFO GPL-0077] FinalRC lower than targetRC(1), routability not needed.
[NesterovSolve] Iter:  280 overflow: 0.190 HPWL: 2792720
[NesterovSolve] Iter:  290 overflow: 0.163 HPWL: 2804457
[NesterovSolve] Iter:  300 overflow: 0.151 HPWL: 2823242
[INFO GPL-0100] worst slack 1.61e-10
[INFO GPL-0103] Weighted 15 nets.
[NesterovSolve] Iter:  310 overflow: 0.119 HPWL: 2837945
[NesterovSolve] Iter:  320 overflow: 0.106 HPWL: 2844245
[NesterovSolve] Iter:  330 overflow: 0.098 HPWL: 2865424
[NesterovSolve] Finished with Overflow: 0.097762
Setting global connections for newly added cells…
Writing OpenROAD database to '/openlane/designs/sklansky/runs/auto_pnr/tmp/placement/7-global.odb'…
Writing netlist to '/openlane/designs/sklansky/runs/auto_pnr/tmp/placement/7-global.nl.v'…
Writing powered netlist to '/openlane/designs/sklansky/runs/auto_pnr/tmp/placement/7-global.pnl.v'…
Writing layout to '/openlane/designs/sklansky/runs/auto_pnr/tmp/placement/7-global.def'…
