OpenROAD b16bda7e82721d10566ff7e2b68f1ff0be9f9e38 
Features included (+) or not (-): +Charts +GPU +GUI +Python
This program is licensed under the BSD-3 license. See the LICENSE file for details.
Components of this program may be licensed under more restrictive licenses which must be honored.
define_corners Typical
read_liberty -corner Typical /volare/sky130A/libs.ref/sky130_fd_sc_hd/lib/sky130_fd_sc_hd__tt_025C_1v80.lib
Using 1e-12 for capacitance...
Using 1e+03 for resistance...
Using 1e-09 for time...
Using 1e+00 for voltage...
Using 1e-03 for current...
Using 1e-09 for power...
Using 1e-06 for distance...
[INFO]: Reading ODB at '/openlane/designs/sklansky/runs/auto_pnr/tmp/placement/7-global.odb'…
Reading design constraints file at '/openlane/designs/sklansky/src/adder.sdc'…
[INFO]: Setting RC values...
min_report

===========================================================================
report_checks -path_delay min (Hold)
============================================================================
======================= Typical Corner ===================================

Startpoint: _175_ (rising edge-triggered flip-flop clocked by core_clock)
Endpoint: _158_ (rising edge-triggered flip-flop clocked by core_clock)
Path Group: core_clock
Path Type: min

Fanout     Cap    Slew   Delay    Time   Description
-----------------------------------------------------------------------------
                  0.00    0.00    0.00   clock core_clock (rise edge)
                          0.00    0.00   clock network delay (ideal)
                  0.00    0.00    0.00 ^ _175_/CLK (sky130_fd_sc_hd__dfxtp_2)
     3    0.01    0.03    0.30    0.30 v _175_/Q (sky130_fd_sc_hd__dfxtp_2)
                                         x32.A (net)
                  0.03    0.00    0.30 v _141_/B (sky130_fd_sc_hd__nand2_2)
     1    0.01    0.04    0.06    0.36 ^ _141_/Y (sky130_fd_sc_hd__nand2_2)
                                         _013_ (net)
                  0.04    0.00    0.36 ^ _142_/A1 (sky130_fd_sc_hd__a21boi_2)
     1    0.00    0.03    0.04    0.40 v _142_/Y (sky130_fd_sc_hd__a21boi_2)
                                         x78.S (net)
                  0.03    0.00    0.40 v _158_/D (sky130_fd_sc_hd__dfxtp_2)
                                  0.40   data arrival time

                  0.00    0.00    0.00   clock core_clock (rise edge)
                          0.00    0.00   clock network delay (ideal)
                          0.00    0.00   clock reconvergence pessimism
                                  0.00 ^ _158_/CLK (sky130_fd_sc_hd__dfxtp_2)
                         -0.05   -0.05   library hold time
                                 -0.05   data required time
-----------------------------------------------------------------------------
                                 -0.05   data required time
                                 -0.40   data arrival time
-----------------------------------------------------------------------------
                                  0.45   slack (MET)


Startpoint: _188_ (rising edge-triggered flip-flop clocked by core_clock)
Endpoint: _155_ (rising edge-triggered flip-flop clocked by core_clock)
Path Group: core_clock
Path Type: min

Fanout     Cap    Slew   Delay    Time   Description
-----------------------------------------------------------------------------
                  0.00    0.00    0.00   clock core_clock (rise edge)
                          0.00    0.00   clock network delay (ideal)
                  0.00    0.00    0.00 ^ _188_/CLK (sky130_fd_sc_hd__dfxtp_2)
     3    0.01    0.04    0.31    0.31 v _188_/Q (sky130_fd_sc_hd__dfxtp_2)
                                         x26.B (net)
                  0.04    0.00    0.31 v _136_/A (sky130_fd_sc_hd__nand2_2)
     1    0.00    0.04    0.05    0.37 ^ _136_/Y (sky130_fd_sc_hd__nand2_2)
                                         _011_ (net)
                  0.04    0.00    0.37 ^ _137_/B1 (sky130_fd_sc_hd__o21ai_2)
     1    0.00    0.03    0.04    0.41 v _137_/Y (sky130_fd_sc_hd__o21ai_2)
                                         x75.S (net)
                  0.03    0.00    0.41 v _155_/D (sky130_fd_sc_hd__dfxtp_2)
                                  0.41   data arrival time

                  0.00    0.00    0.00   clock core_clock (rise edge)
                          0.00    0.00   clock network delay (ideal)
                          0.00    0.00   clock reconvergence pessimism
                                  0.00 ^ _155_/CLK (sky130_fd_sc_hd__dfxtp_2)
                         -0.05   -0.05   library hold time
                                 -0.05   data required time
-----------------------------------------------------------------------------
                                 -0.05   data required time
                                 -0.41   data arrival time
-----------------------------------------------------------------------------
                                  0.46   slack (MET)


Startpoint: _177_ (rising edge-triggered flip-flop clocked by core_clock)
Endpoint: _144_ (rising edge-triggered flip-flop clocked by core_clock)
Path Group: core_clock
Path Type: min

Fanout     Cap    Slew   Delay    Time   Description
-----------------------------------------------------------------------------
                  0.00    0.00    0.00   clock core_clock (rise edge)
                          0.00    0.00   clock network delay (ideal)
                  0.00    0.00    0.00 ^ _177_/CLK (sky130_fd_sc_hd__dfxtp_2)
     4    0.02    0.05    0.32    0.32 v _177_/Q (sky130_fd_sc_hd__dfxtp_2)
                                         x4.B (net)
                  0.05    0.00    0.32 v _115_/A (sky130_fd_sc_hd__nand2_2)
     1    0.00    0.04    0.06    0.38 ^ _115_/Y (sky130_fd_sc_hd__nand2_2)
                                         _001_ (net)
                  0.04    0.00    0.38 ^ _117_/A1 (sky130_fd_sc_hd__a21oi_2)
     1    0.00    0.03    0.04    0.42 v _117_/Y (sky130_fd_sc_hd__a21oi_2)
                                         x64.S (net)
                  0.03    0.00    0.42 v _144_/D (sky130_fd_sc_hd__dfxtp_2)
                                  0.42   data arrival time

                  0.00    0.00    0.00   clock core_clock (rise edge)
                          0.00    0.00   clock network delay (ideal)
                          0.00    0.00   clock reconvergence pessimism
                                  0.00 ^ _144_/CLK (sky130_fd_sc_hd__dfxtp_2)
                         -0.05   -0.05   library hold time
                                 -0.05   data required time
-----------------------------------------------------------------------------
                                 -0.05   data required time
                                 -0.42   data arrival time
-----------------------------------------------------------------------------
                                  0.47   slack (MET)


Startpoint: _174_ (rising edge-triggered flip-flop clocked by core_clock)
Endpoint: _157_ (rising edge-triggered flip-flop clocked by core_clock)
Path Group: core_clock
Path Type: min

Fanout     Cap    Slew   Delay    Time   Description
-----------------------------------------------------------------------------
                  0.00    0.00    0.00   clock core_clock (rise edge)
                          0.00    0.00   clock network delay (ideal)
                  0.00    0.00    0.00 ^ _174_/CLK (sky130_fd_sc_hd__dfxtp_2)
     4    0.01    0.06    0.32    0.32 ^ _174_/Q (sky130_fd_sc_hd__dfxtp_2)
                                         x30.A (net)
                  0.06    0.00    0.32 ^ _140_/A2 (sky130_fd_sc_hd__o21a_2)
     1    0.00    0.04    0.12    0.44 ^ _140_/X (sky130_fd_sc_hd__o21a_2)
                                         x77.S (net)
                  0.04    0.00    0.44 ^ _157_/D (sky130_fd_sc_hd__dfxtp_2)
                                  0.44   data arrival time

                  0.00    0.00    0.00   clock core_clock (rise edge)
                          0.00    0.00   clock network delay (ideal)
                          0.00    0.00   clock reconvergence pessimism
                                  0.00 ^ _157_/CLK (sky130_fd_sc_hd__dfxtp_2)
                         -0.04   -0.04   library hold time
                                 -0.04   data required time
-----------------------------------------------------------------------------
                                 -0.04   data required time
                                 -0.44   data arrival time
-----------------------------------------------------------------------------
                                  0.47   slack (MET)


Startpoint: _180_ (rising edge-triggered flip-flop clocked by core_clock)
Endpoint: _147_ (rising edge-triggered flip-flop clocked by core_clock)
Path Group: core_clock
Path Type: min

Fanout     Cap    Slew   Delay    Time   Description
-----------------------------------------------------------------------------
                  0.00    0.00    0.00   clock core_clock (rise edge)
                          0.00    0.00   clock network delay (ideal)
                  0.00    0.00    0.00 ^ _180_/CLK (sky130_fd_sc_hd__dfxtp_2)
     2    0.01    0.04    0.30    0.30 v _180_/Q (sky130_fd_sc_hd__dfxtp_2)
                                         x10.B (net)
                  0.04    0.00    0.30 v _085_/A (sky130_fd_sc_hd__nand2_2)
     3    0.01    0.06    0.07    0.37 ^ _085_/Y (sky130_fd_sc_hd__nand2_2)
                                         _036_ (net)
                  0.06    0.00    0.37 ^ _122_/A2 (sky130_fd_sc_hd__a21oi_2)
     1    0.00    0.03    0.05    0.42 v _122_/Y (sky130_fd_sc_hd__a21oi_2)
                                         x67.S (net)
                  0.03    0.00    0.42 v _147_/D (sky130_fd_sc_hd__dfxtp_2)
                                  0.42   data arrival time

                  0.00    0.00    0.00   clock core_clock (rise edge)
                          0.00    0.00   clock network delay (ideal)
                          0.00    0.00   clock reconvergence pessimism
                                  0.00 ^ _147_/CLK (sky130_fd_sc_hd__dfxtp_2)
                         -0.05   -0.05   library hold time
                                 -0.05   data required time
-----------------------------------------------------------------------------
                                 -0.05   data required time
                                 -0.42   data arrival time
-----------------------------------------------------------------------------
                                  0.47   slack (MET)


Startpoint: _178_ (rising edge-triggered flip-flop clocked by core_clock)
Endpoint: _145_ (rising edge-triggered flip-flop clocked by core_clock)
Path Group: core_clock
Path Type: min

Fanout     Cap    Slew   Delay    Time   Description
-----------------------------------------------------------------------------
                  0.00    0.00    0.00   clock core_clock (rise edge)
                          0.00    0.00   clock network delay (ideal)
                  0.00    0.00    0.00 ^ _178_/CLK (sky130_fd_sc_hd__dfxtp_2)
     4    0.01    0.07    0.32    0.32 ^ _178_/Q (sky130_fd_sc_hd__dfxtp_2)
                                         x6.B (net)
                  0.07    0.00    0.32 ^ _119_/A1 (sky130_fd_sc_hd__a21o_2)
     1    0.00    0.03    0.12    0.44 ^ _119_/X (sky130_fd_sc_hd__a21o_2)
                                         x65.S (net)
                  0.03    0.00    0.44 ^ _145_/D (sky130_fd_sc_hd__dfxtp_2)
                                  0.44   data arrival time

                  0.00    0.00    0.00   clock core_clock (rise edge)
                          0.00    0.00   clock network delay (ideal)
                          0.00    0.00   clock reconvergence pessimism
                                  0.00 ^ _145_/CLK (sky130_fd_sc_hd__dfxtp_2)
                         -0.03   -0.03   library hold time
                                 -0.03   data required time
-----------------------------------------------------------------------------
                                 -0.03   data required time
                                 -0.44   data arrival time
-----------------------------------------------------------------------------
                                  0.48   slack (MET)


Startpoint: _169_ (rising edge-triggered flip-flop clocked by core_clock)
Endpoint: _152_ (rising edge-triggered flip-flop clocked by core_clock)
Path Group: core_clock
Path Type: min

Fanout     Cap    Slew   Delay    Time   Description
-----------------------------------------------------------------------------
                  0.00    0.00    0.00   clock core_clock (rise edge)
                          0.00    0.00   clock network delay (ideal)
                  0.00    0.00    0.00 ^ _169_/CLK (sky130_fd_sc_hd__dfxtp_2)
     2    0.01    0.06    0.32    0.32 ^ _169_/Q (sky130_fd_sc_hd__dfxtp_2)
                                         x20.A (net)
                  0.06    0.00    0.32 ^ _072_/B (sky130_fd_sc_hd__nand2_2)
     3    0.01    0.05    0.07    0.39 v _072_/Y (sky130_fd_sc_hd__nand2_2)
                                         _023_ (net)
                  0.05    0.00    0.39 v _132_/B1 (sky130_fd_sc_hd__o21ai_2)
     1    0.00    0.04    0.05    0.44 ^ _132_/Y (sky130_fd_sc_hd__o21ai_2)
                                         x72.S (net)
                  0.04    0.00    0.44 ^ _152_/D (sky130_fd_sc_hd__dfxtp_2)
                                  0.44   data arrival time

                  0.00    0.00    0.00   clock core_clock (rise edge)
                          0.00    0.00   clock network delay (ideal)
                          0.00    0.00   clock reconvergence pessimism
                                  0.00 ^ _152_/CLK (sky130_fd_sc_hd__dfxtp_2)
                         -0.04   -0.04   library hold time
                                 -0.04   data required time
-----------------------------------------------------------------------------
                                 -0.04   data required time
                                 -0.44   data arrival time
-----------------------------------------------------------------------------
                                  0.48   slack (MET)


Startpoint: _176_ (rising edge-triggered flip-flop clocked by core_clock)
Endpoint: _143_ (rising edge-triggered flip-flop clocked by core_clock)
Path Group: core_clock
Path Type: min

Fanout     Cap    Slew   Delay    Time   Description
-----------------------------------------------------------------------------
                  0.00    0.00    0.00   clock core_clock (rise edge)
                          0.00    0.00   clock network delay (ideal)
                  0.00    0.00    0.00 ^ _176_/CLK (sky130_fd_sc_hd__dfxtp_2)
     4    0.01    0.07    0.32    0.32 ^ _176_/Q (sky130_fd_sc_hd__dfxtp_2)
                                         x2.B (net)
                  0.07    0.00    0.33 ^ _114_/A1 (sky130_fd_sc_hd__a21o_2)
     1    0.00    0.03    0.12    0.45 ^ _114_/X (sky130_fd_sc_hd__a21o_2)
                                         x63.S (net)
                  0.03    0.00    0.45 ^ _143_/D (sky130_fd_sc_hd__dfxtp_2)
                                  0.45   data arrival time

                  0.00    0.00    0.00   clock core_clock (rise edge)
                          0.00    0.00   clock network delay (ideal)
                          0.00    0.00   clock reconvergence pessimism
                                  0.00 ^ _143_/CLK (sky130_fd_sc_hd__dfxtp_2)
                         -0.03   -0.03   library hold time
                                 -0.03   data required time
-----------------------------------------------------------------------------
                                 -0.03   data required time
                                 -0.45   data arrival time
-----------------------------------------------------------------------------
                                  0.48   slack (MET)


Startpoint: _184_ (rising edge-triggered flip-flop clocked by core_clock)
Endpoint: _151_ (rising edge-triggered flip-flop clocked by core_clock)
Path Group: core_clock
Path Type: min

Fanout     Cap    Slew   Delay    Time   Description
-----------------------------------------------------------------------------
                  0.00    0.00    0.00   clock core_clock (rise edge)
                          0.00    0.00   clock network delay (ideal)
                  0.00    0.00    0.00 ^ _184_/CLK (sky130_fd_sc_hd__dfxtp_2)
     2    0.01    0.03    0.30    0.30 v _184_/Q (sky130_fd_sc_hd__dfxtp_2)
                                         x18.B (net)
                  0.03    0.00    0.30 v _071_/A (sky130_fd_sc_hd__nand2_2)
     3    0.01    0.08    0.08    0.38 ^ _071_/Y (sky130_fd_sc_hd__nand2_2)
                                         _022_ (net)
                  0.08    0.00    0.38 ^ _129_/A2 (sky130_fd_sc_hd__a21boi_2)
     1    0.00    0.03    0.05    0.43 v _129_/Y (sky130_fd_sc_hd__a21boi_2)
                                         x71.S (net)
                  0.03    0.00    0.43 v _151_/D (sky130_fd_sc_hd__dfxtp_2)
                                  0.43   data arrival time

                  0.00    0.00    0.00   clock core_clock (rise edge)
                          0.00    0.00   clock network delay (ideal)
                          0.00    0.00   clock reconvergence pessimism
                                  0.00 ^ _151_/CLK (sky130_fd_sc_hd__dfxtp_2)
                         -0.05   -0.05   library hold time
                                 -0.05   data required time
-----------------------------------------------------------------------------
                                 -0.05   data required time
                                 -0.43   data arrival time
-----------------------------------------------------------------------------
                                  0.48   slack (MET)


Startpoint: _186_ (rising edge-triggered flip-flop clocked by core_clock)
Endpoint: _153_ (rising edge-triggered flip-flop clocked by core_clock)
Path Group: core_clock
Path Type: min

Fanout     Cap    Slew   Delay    Time   Description
-----------------------------------------------------------------------------
                  0.00    0.00    0.00   clock core_clock (rise edge)
                          0.00    0.00   clock network delay (ideal)
                  0.00    0.00    0.00 ^ _186_/CLK (sky130_fd_sc_hd__dfxtp_2)
     2    0.01    0.04    0.31    0.31 v _186_/Q (sky130_fd_sc_hd__dfxtp_2)
                                         x22.B (net)
                  0.04    0.00    0.31 v _064_/A (sky130_fd_sc_hd__nand2_2)
     3    0.01    0.07    0.08    0.39 ^ _064_/Y (sky130_fd_sc_hd__nand2_2)
                                         _015_ (net)
                  0.07    0.00    0.39 ^ _133_/A1 (sky130_fd_sc_hd__a21oi_2)
     1    0.00    0.03    0.05    0.44 v _133_/Y (sky130_fd_sc_hd__a21oi_2)
                                         x73.S (net)
                  0.03    0.00    0.44 v _153_/D (sky130_fd_sc_hd__dfxtp_2)
                                  0.44   data arrival time

                  0.00    0.00    0.00   clock core_clock (rise edge)
                          0.00    0.00   clock network delay (ideal)
                          0.00    0.00   clock reconvergence pessimism
                                  0.00 ^ _153_/CLK (sky130_fd_sc_hd__dfxtp_2)
                         -0.05   -0.05   library hold time
                                 -0.05   data required time
-----------------------------------------------------------------------------
                                 -0.05   data required time
                                 -0.44   data arrival time
-----------------------------------------------------------------------------
                                  0.49   slack (MET)


Startpoint: _183_ (rising edge-triggered flip-flop clocked by core_clock)
Endpoint: _150_ (rising edge-triggered flip-flop clocked by core_clock)
Path Group: core_clock
Path Type: min

Fanout     Cap    Slew   Delay    Time   Description
-----------------------------------------------------------------------------
                  0.00    0.00    0.00   clock core_clock (rise edge)
                          0.00    0.00   clock network delay (ideal)
                  0.00    0.00    0.00 ^ _183_/CLK (sky130_fd_sc_hd__dfxtp_2)
     2    0.01    0.04    0.30    0.30 v _183_/Q (sky130_fd_sc_hd__dfxtp_2)
                                         x16.B (net)
                  0.04    0.00    0.30 v _091_/A (sky130_fd_sc_hd__nand2_2)
     3    0.01    0.07    0.08    0.38 ^ _091_/Y (sky130_fd_sc_hd__nand2_2)
                                         _042_ (net)
                  0.07    0.00    0.38 ^ _128_/A1 (sky130_fd_sc_hd__a21oi_2)
     1    0.00    0.04    0.05    0.44 v _128_/Y (sky130_fd_sc_hd__a21oi_2)
                                         x70.S (net)
                  0.04    0.00    0.44 v _150_/D (sky130_fd_sc_hd__dfxtp_2)
                                  0.44   data arrival time

                  0.00    0.00    0.00   clock core_clock (rise edge)
                          0.00    0.00   clock network delay (ideal)
                          0.00    0.00   clock reconvergence pessimism
                                  0.00 ^ _150_/CLK (sky130_fd_sc_hd__dfxtp_2)
                         -0.05   -0.05   library hold time
                                 -0.05   data required time
-----------------------------------------------------------------------------
                                 -0.05   data required time
                                 -0.44   data arrival time
-----------------------------------------------------------------------------
                                  0.49   slack (MET)


Startpoint: _187_ (rising edge-triggered flip-flop clocked by core_clock)
Endpoint: _154_ (rising edge-triggered flip-flop clocked by core_clock)
Path Group: core_clock
Path Type: min

Fanout     Cap    Slew   Delay    Time   Description
-----------------------------------------------------------------------------
                  0.00    0.00    0.00   clock core_clock (rise edge)
                          0.00    0.00   clock network delay (ideal)
                  0.00    0.00    0.00 ^ _187_/CLK (sky130_fd_sc_hd__dfxtp_2)
     2    0.01    0.04    0.30    0.30 v _187_/Q (sky130_fd_sc_hd__dfxtp_2)
                                         x24.B (net)
                  0.04    0.00    0.30 v _066_/A (sky130_fd_sc_hd__nand2_2)
     3    0.01    0.07    0.08    0.38 ^ _066_/Y (sky130_fd_sc_hd__nand2_2)
                                         _017_ (net)
                  0.07    0.00    0.38 ^ _135_/A1 (sky130_fd_sc_hd__a21oi_2)
     1    0.00    0.03    0.05    0.44 v _135_/Y (sky130_fd_sc_hd__a21oi_2)
                                         x74.S (net)
                  0.03    0.00    0.44 v _154_/D (sky130_fd_sc_hd__dfxtp_2)
                                  0.44   data arrival time

                  0.00    0.00    0.00   clock core_clock (rise edge)
                          0.00    0.00   clock network delay (ideal)
                          0.00    0.00   clock reconvergence pessimism
                                  0.00 ^ _154_/CLK (sky130_fd_sc_hd__dfxtp_2)
                         -0.05   -0.05   library hold time
                                 -0.05   data required time
-----------------------------------------------------------------------------
                                 -0.05   data required time
                                 -0.44   data arrival time
-----------------------------------------------------------------------------
                                  0.49   slack (MET)


Startpoint: _179_ (rising edge-triggered flip-flop clocked by core_clock)
Endpoint: _146_ (rising edge-triggered flip-flop clocked by core_clock)
Path Group: core_clock
Path Type: min

Fanout     Cap    Slew   Delay    Time   Description
-----------------------------------------------------------------------------
                  0.00    0.00    0.00   clock core_clock (rise edge)
                          0.00    0.00   clock network delay (ideal)
                  0.00    0.00    0.00 ^ _179_/CLK (sky130_fd_sc_hd__dfxtp_2)
     6    0.02    0.10    0.34    0.34 ^ _179_/Q (sky130_fd_sc_hd__dfxtp_2)
                                         x8.B (net)
                  0.10    0.00    0.34 ^ _121_/A1 (sky130_fd_sc_hd__a21o_2)
     1    0.00    0.02    0.12    0.46 ^ _121_/X (sky130_fd_sc_hd__a21o_2)
                                         x66.S (net)
                  0.02    0.00    0.46 ^ _146_/D (sky130_fd_sc_hd__dfxtp_2)
                                  0.46   data arrival time

                  0.00    0.00    0.00   clock core_clock (rise edge)
                          0.00    0.00   clock network delay (ideal)
                          0.00    0.00   clock reconvergence pessimism
                                  0.00 ^ _146_/CLK (sky130_fd_sc_hd__dfxtp_2)
                         -0.03   -0.03   library hold time
                                 -0.03   data required time
-----------------------------------------------------------------------------
                                 -0.03   data required time
                                 -0.46   data arrival time
-----------------------------------------------------------------------------
                                  0.50   slack (MET)


Startpoint: _173_ (rising edge-triggered flip-flop clocked by core_clock)
Endpoint: _156_ (rising edge-triggered flip-flop clocked by core_clock)
Path Group: core_clock
Path Type: min

Fanout     Cap    Slew   Delay    Time   Description
-----------------------------------------------------------------------------
                  0.00    0.00    0.00   clock core_clock (rise edge)
                          0.00    0.00   clock network delay (ideal)
                  0.00    0.00    0.00 ^ _173_/CLK (sky130_fd_sc_hd__dfxtp_2)
     3    0.01    0.06    0.32    0.32 ^ _173_/Q (sky130_fd_sc_hd__dfxtp_2)
                                         x28.A (net)
                  0.06    0.00    0.32 ^ _138_/B2 (sky130_fd_sc_hd__a2bb2o_2)
     1    0.01    0.04    0.16    0.47 ^ _138_/X (sky130_fd_sc_hd__a2bb2o_2)
                                         x76.S (net)
                  0.04    0.00    0.47 ^ _156_/D (sky130_fd_sc_hd__dfxtp_2)
                                  0.47   data arrival time

                  0.00    0.00    0.00   clock core_clock (rise edge)
                          0.00    0.00   clock network delay (ideal)
                          0.00    0.00   clock reconvergence pessimism
                                  0.00 ^ _156_/CLK (sky130_fd_sc_hd__dfxtp_2)
                         -0.04   -0.04   library hold time
                                 -0.04   data required time
-----------------------------------------------------------------------------
                                 -0.04   data required time
                                 -0.47   data arrival time
-----------------------------------------------------------------------------
                                  0.51   slack (MET)


Startpoint: _181_ (rising edge-triggered flip-flop clocked by core_clock)
Endpoint: _148_ (rising edge-triggered flip-flop clocked by core_clock)
Path Group: core_clock
Path Type: min

Fanout     Cap    Slew   Delay    Time   Description
-----------------------------------------------------------------------------
                  0.00    0.00    0.00   clock core_clock (rise edge)
                          0.00    0.00   clock network delay (ideal)
                  0.00    0.00    0.00 ^ _181_/CLK (sky130_fd_sc_hd__dfxtp_2)
     2    0.00    0.04    0.29    0.29 ^ _181_/Q (sky130_fd_sc_hd__dfxtp_2)
                                         x12.B (net)
                  0.04    0.00    0.29 ^ _084_/A (sky130_fd_sc_hd__and2_2)
     2    0.00    0.05    0.13    0.42 ^ _084_/X (sky130_fd_sc_hd__and2_2)
                                         _035_ (net)
                  0.05    0.00    0.42 ^ _124_/B1 (sky130_fd_sc_hd__a31o_2)
     1    0.00    0.03    0.09    0.51 ^ _124_/X (sky130_fd_sc_hd__a31o_2)
                                         x68.S (net)
                  0.03    0.00    0.51 ^ _148_/D (sky130_fd_sc_hd__dfxtp_2)
                                  0.51   data arrival time

                  0.00    0.00    0.00   clock core_clock (rise edge)
                          0.00    0.00   clock network delay (ideal)
                          0.00    0.00   clock reconvergence pessimism
                                  0.00 ^ _148_/CLK (sky130_fd_sc_hd__dfxtp_2)
                         -0.03   -0.03   library hold time
                                 -0.03   data required time
-----------------------------------------------------------------------------
                                 -0.03   data required time
                                 -0.51   data arrival time
-----------------------------------------------------------------------------
                                  0.54   slack (MET)


Startpoint: _182_ (rising edge-triggered flip-flop clocked by core_clock)
Endpoint: _149_ (rising edge-triggered flip-flop clocked by core_clock)
Path Group: core_clock
Path Type: min

Fanout     Cap    Slew   Delay    Time   Description
-----------------------------------------------------------------------------
                  0.00    0.00    0.00   clock core_clock (rise edge)
                          0.00    0.00   clock network delay (ideal)
                  0.00    0.00    0.00 ^ _182_/CLK (sky130_fd_sc_hd__dfxtp_2)
     2    0.01    0.06    0.32    0.32 ^ _182_/Q (sky130_fd_sc_hd__dfxtp_2)
                                         x14.B (net)
                  0.06    0.00    0.32 ^ _090_/A (sky130_fd_sc_hd__nand2_2)
     2    0.01    0.04    0.05    0.37 v _090_/Y (sky130_fd_sc_hd__nand2_2)
                                         _041_ (net)
                  0.04    0.00    0.37 v _126_/B1_N (sky130_fd_sc_hd__a21bo_2)
     1    0.00    0.03    0.18    0.55 ^ _126_/X (sky130_fd_sc_hd__a21bo_2)
                                         x69.S (net)
                  0.03    0.00    0.55 ^ _149_/D (sky130_fd_sc_hd__dfxtp_2)
                                  0.55   data arrival time

                  0.00    0.00    0.00   clock core_clock (rise edge)
                          0.00    0.00   clock network delay (ideal)
                          0.00    0.00   clock reconvergence pessimism
                                  0.00 ^ _149_/CLK (sky130_fd_sc_hd__dfxtp_2)
                         -0.03   -0.03   library hold time
                                 -0.03   data required time
-----------------------------------------------------------------------------
                                 -0.03   data required time
                                 -0.55   data arrival time
-----------------------------------------------------------------------------
                                  0.58   slack (MET)


Startpoint: _174_ (rising edge-triggered flip-flop clocked by core_clock)
Endpoint: _159_ (rising edge-triggered flip-flop clocked by core_clock)
Path Group: core_clock
Path Type: min

Fanout     Cap    Slew   Delay    Time   Description
-----------------------------------------------------------------------------
                  0.00    0.00    0.00   clock core_clock (rise edge)
                          0.00    0.00   clock network delay (ideal)
                  0.00    0.00    0.00 ^ _174_/CLK (sky130_fd_sc_hd__dfxtp_2)
     4    0.01    0.06    0.32    0.32 ^ _174_/Q (sky130_fd_sc_hd__dfxtp_2)
                                         x30.A (net)
                  0.06    0.00    0.32 ^ _110_/A2 (sky130_fd_sc_hd__o21a_2)
     1    0.00    0.03    0.11    0.43 ^ _110_/X (sky130_fd_sc_hd__o21a_2)
                                         _061_ (net)
                  0.03    0.00    0.43 ^ _111_/B1 (sky130_fd_sc_hd__o32a_2)
     1    0.00    0.03    0.12    0.54 ^ _111_/X (sky130_fd_sc_hd__o32a_2)
                                         _062_ (net)
                  0.03    0.00    0.54 ^ _112_/A (sky130_fd_sc_hd__buf_2)
     2    0.01    0.05    0.10    0.65 ^ _112_/X (sky130_fd_sc_hd__buf_2)
                                         x62.C (net)
                  0.05    0.00    0.65 ^ _159_/D (sky130_fd_sc_hd__dfxtp_2)
                                  0.65   data arrival time

                  0.00    0.00    0.00   clock core_clock (rise edge)
                          0.00    0.00   clock network delay (ideal)
                          0.00    0.00   clock reconvergence pessimism
                                  0.00 ^ _159_/CLK (sky130_fd_sc_hd__dfxtp_2)
                         -0.04   -0.04   library hold time
                                 -0.04   data required time
-----------------------------------------------------------------------------
                                 -0.04   data required time
                                 -0.65   data arrival time
-----------------------------------------------------------------------------
                                  0.68   slack (MET)



worst slack corner Typical: 0.4479
min_report_end
max_report

===========================================================================
report_checks -path_delay max (Setup)
============================================================================
======================= Typical Corner ===================================

Startpoint: _165_ (rising edge-triggered flip-flop clocked by core_clock)
Endpoint: _157_ (rising edge-triggered flip-flop clocked by core_clock)
Path Group: core_clock
Path Type: max

Fanout     Cap    Slew   Delay    Time   Description
-----------------------------------------------------------------------------
                  0.00    0.00    0.00   clock core_clock (rise edge)
                          0.00    0.00   clock network delay (ideal)
                  0.00    0.00    0.00 ^ _165_/CLK (sky130_fd_sc_hd__dfxtp_2)
     2    0.00    0.02    0.29    0.29 v _165_/Q (sky130_fd_sc_hd__dfxtp_2)
                                         x12.A (net)
                  0.02    0.00    0.29 v _084_/B (sky130_fd_sc_hd__and2_2)
     2    0.00    0.04    0.18    0.47 v _084_/X (sky130_fd_sc_hd__and2_2)
                                         _035_ (net)
                  0.04    0.00    0.47 v _086_/A (sky130_fd_sc_hd__or2b_2)
     3    0.01    0.08    0.32    0.78 v _086_/X (sky130_fd_sc_hd__or2b_2)
                                         _037_ (net)
                  0.08    0.00    0.78 v _088_/B (sky130_fd_sc_hd__nor3b_2)
     2    0.01    0.23    0.24    1.02 ^ _088_/Y (sky130_fd_sc_hd__nor3b_2)
                                         _039_ (net)
                  0.23    0.00    1.02 ^ _094_/A2 (sky130_fd_sc_hd__a21oi_2)
     3    0.01    0.07    0.10    1.12 v _094_/Y (sky130_fd_sc_hd__a21oi_2)
                                         _045_ (net)
                  0.07    0.00    1.12 v _100_/A (sky130_fd_sc_hd__or4_2)
     2    0.01    0.13    0.71    1.83 v _100_/X (sky130_fd_sc_hd__or4_2)
                                         _051_ (net)
                  0.13    0.00    1.83 v _105_/A2 (sky130_fd_sc_hd__a211oi_2)
     3    0.01    0.21    0.28    2.11 ^ _105_/Y (sky130_fd_sc_hd__a211oi_2)
                                         _056_ (net)
                  0.21    0.00    2.11 ^ _139_/A1_N (sky130_fd_sc_hd__a2bb2o_2)
     1    0.00    0.04    0.30    2.41 v _139_/X (sky130_fd_sc_hd__a2bb2o_2)
                                         _012_ (net)
                  0.04    0.00    2.41 v _140_/B1 (sky130_fd_sc_hd__o21a_2)
     1    0.00    0.04    0.11    2.52 v _140_/X (sky130_fd_sc_hd__o21a_2)
                                         x77.S (net)
                  0.04    0.00    2.52 v _157_/D (sky130_fd_sc_hd__dfxtp_2)
                                  2.52   data arrival time

                  0.00    2.60    2.60   clock core_clock (rise edge)
                          0.00    2.60   clock network delay (ideal)
                          0.00    2.60   clock reconvergence pessimism
                                  2.60 ^ _157_/CLK (sky130_fd_sc_hd__dfxtp_2)
                         -0.12    2.48   library setup time
                                  2.48   data required time
-----------------------------------------------------------------------------
                                  2.48   data required time
                                 -2.52   data arrival time
-----------------------------------------------------------------------------
                                 -0.04   slack (VIOLATED)


Startpoint: _165_ (rising edge-triggered flip-flop clocked by core_clock)
Endpoint: _158_ (rising edge-triggered flip-flop clocked by core_clock)
Path Group: core_clock
Path Type: max

Fanout     Cap    Slew   Delay    Time   Description
-----------------------------------------------------------------------------
                  0.00    0.00    0.00   clock core_clock (rise edge)
                          0.00    0.00   clock network delay (ideal)
                  0.00    0.00    0.00 ^ _165_/CLK (sky130_fd_sc_hd__dfxtp_2)
     2    0.00    0.02    0.29    0.29 v _165_/Q (sky130_fd_sc_hd__dfxtp_2)
                                         x12.A (net)
                  0.02    0.00    0.29 v _084_/B (sky130_fd_sc_hd__and2_2)
     2    0.00    0.04    0.18    0.47 v _084_/X (sky130_fd_sc_hd__and2_2)
                                         _035_ (net)
                  0.04    0.00    0.47 v _086_/A (sky130_fd_sc_hd__or2b_2)
     3    0.01    0.08    0.32    0.78 v _086_/X (sky130_fd_sc_hd__or2b_2)
                                         _037_ (net)
                  0.08    0.00    0.78 v _088_/B (sky130_fd_sc_hd__nor3b_2)
     2    0.01    0.23    0.24    1.02 ^ _088_/Y (sky130_fd_sc_hd__nor3b_2)
                                         _039_ (net)
                  0.23    0.00    1.02 ^ _094_/A2 (sky130_fd_sc_hd__a21oi_2)
     3    0.01    0.07    0.10    1.12 v _094_/Y (sky130_fd_sc_hd__a21oi_2)
                                         _045_ (net)
                  0.07    0.00    1.12 v _100_/A (sky130_fd_sc_hd__or4_2)
     2    0.01    0.13    0.71    1.83 v _100_/X (sky130_fd_sc_hd__or4_2)
                                         _051_ (net)
                  0.13    0.00    1.83 v _105_/A2 (sky130_fd_sc_hd__a211oi_2)
     3    0.01    0.21    0.28    2.11 ^ _105_/Y (sky130_fd_sc_hd__a211oi_2)
                                         _056_ (net)
                  0.21    0.00    2.11 ^ _111_/A1 (sky130_fd_sc_hd__o32a_2)
     1    0.00    0.03    0.18    2.29 ^ _111_/X (sky130_fd_sc_hd__o32a_2)
                                         _062_ (net)
                  0.03    0.00    2.29 ^ _112_/A (sky130_fd_sc_hd__buf_2)
     2    0.01    0.05    0.10    2.40 ^ _112_/X (sky130_fd_sc_hd__buf_2)
                                         x62.C (net)
                  0.05    0.00    2.40 ^ _142_/A2 (sky130_fd_sc_hd__a21boi_2)
     1    0.00    0.04    0.04    2.44 v _142_/Y (sky130_fd_sc_hd__a21boi_2)
                                         x78.S (net)
                  0.04    0.00    2.44 v _158_/D (sky130_fd_sc_hd__dfxtp_2)
                                  2.44   data arrival time

                  0.00    2.60    2.60   clock core_clock (rise edge)
                          0.00    2.60   clock network delay (ideal)
                          0.00    2.60   clock reconvergence pessimism
                                  2.60 ^ _158_/CLK (sky130_fd_sc_hd__dfxtp_2)
                         -0.12    2.48   library setup time
                                  2.48   data required time
-----------------------------------------------------------------------------
                                  2.48   data required time
                                 -2.44   data arrival time
-----------------------------------------------------------------------------
                                  0.04   slack (MET)


Startpoint: _165_ (rising edge-triggered flip-flop clocked by core_clock)
Endpoint: _156_ (rising edge-triggered flip-flop clocked by core_clock)
Path Group: core_clock
Path Type: max

Fanout     Cap    Slew   Delay    Time   Description
-----------------------------------------------------------------------------
                  0.00    0.00    0.00   clock core_clock (rise edge)
                          0.00    0.00   clock network delay (ideal)
                  0.00    0.00    0.00 ^ _165_/CLK (sky130_fd_sc_hd__dfxtp_2)
     2    0.00    0.02    0.29    0.29 v _165_/Q (sky130_fd_sc_hd__dfxtp_2)
                                         x12.A (net)
                  0.02    0.00    0.29 v _084_/B (sky130_fd_sc_hd__and2_2)
     2    0.00    0.04    0.18    0.47 v _084_/X (sky130_fd_sc_hd__and2_2)
                                         _035_ (net)
                  0.04    0.00    0.47 v _086_/A (sky130_fd_sc_hd__or2b_2)
     3    0.01    0.08    0.32    0.78 v _086_/X (sky130_fd_sc_hd__or2b_2)
                                         _037_ (net)
                  0.08    0.00    0.78 v _088_/B (sky130_fd_sc_hd__nor3b_2)
     2    0.01    0.23    0.24    1.02 ^ _088_/Y (sky130_fd_sc_hd__nor3b_2)
                                         _039_ (net)
                  0.23    0.00    1.02 ^ _094_/A2 (sky130_fd_sc_hd__a21oi_2)
     3    0.01    0.07    0.10    1.12 v _094_/Y (sky130_fd_sc_hd__a21oi_2)
                                         _045_ (net)
                  0.07    0.00    1.12 v _100_/A (sky130_fd_sc_hd__or4_2)
     2    0.01    0.13    0.71    1.83 v _100_/X (sky130_fd_sc_hd__or4_2)
                                         _051_ (net)
                  0.13    0.00    1.83 v _105_/A2 (sky130_fd_sc_hd__a211oi_2)
     3    0.01    0.21    0.28    2.11 ^ _105_/Y (sky130_fd_sc_hd__a211oi_2)
                                         _056_ (net)
                  0.21    0.00    2.11 ^ _138_/A2_N (sky130_fd_sc_hd__a2bb2o_2)
     1    0.01    0.05    0.30    2.41 v _138_/X (sky130_fd_sc_hd__a2bb2o_2)
                                         x76.S (net)
                  0.05    0.00    2.41 v _156_/D (sky130_fd_sc_hd__dfxtp_2)
                                  2.41   data arrival time

                  0.00    2.60    2.60   clock core_clock (rise edge)
                          0.00    2.60   clock network delay (ideal)
                          0.00    2.60   clock reconvergence pessimism
                                  2.60 ^ _156_/CLK (sky130_fd_sc_hd__dfxtp_2)
                         -0.13    2.47   library setup time
                                  2.47   data required time
-----------------------------------------------------------------------------
                                  2.47   data required time
                                 -2.41   data arrival time
-----------------------------------------------------------------------------
                                  0.06   slack (MET)


Startpoint: _165_ (rising edge-triggered flip-flop clocked by core_clock)
Endpoint: _159_ (rising edge-triggered flip-flop clocked by core_clock)
Path Group: core_clock
Path Type: max

Fanout     Cap    Slew   Delay    Time   Description
-----------------------------------------------------------------------------
                  0.00    0.00    0.00   clock core_clock (rise edge)
                          0.00    0.00   clock network delay (ideal)
                  0.00    0.00    0.00 ^ _165_/CLK (sky130_fd_sc_hd__dfxtp_2)
     2    0.00    0.02    0.29    0.29 v _165_/Q (sky130_fd_sc_hd__dfxtp_2)
                                         x12.A (net)
                  0.02    0.00    0.29 v _084_/B (sky130_fd_sc_hd__and2_2)
     2    0.00    0.04    0.18    0.47 v _084_/X (sky130_fd_sc_hd__and2_2)
                                         _035_ (net)
                  0.04    0.00    0.47 v _086_/A (sky130_fd_sc_hd__or2b_2)
     3    0.01    0.08    0.32    0.78 v _086_/X (sky130_fd_sc_hd__or2b_2)
                                         _037_ (net)
                  0.08    0.00    0.78 v _088_/B (sky130_fd_sc_hd__nor3b_2)
     2    0.01    0.23    0.24    1.02 ^ _088_/Y (sky130_fd_sc_hd__nor3b_2)
                                         _039_ (net)
                  0.23    0.00    1.02 ^ _094_/A2 (sky130_fd_sc_hd__a21oi_2)
     3    0.01    0.07    0.10    1.12 v _094_/Y (sky130_fd_sc_hd__a21oi_2)
                                         _045_ (net)
                  0.07    0.00    1.12 v _100_/A (sky130_fd_sc_hd__or4_2)
     2    0.01    0.13    0.71    1.83 v _100_/X (sky130_fd_sc_hd__or4_2)
                                         _051_ (net)
                  0.13    0.00    1.83 v _105_/A2 (sky130_fd_sc_hd__a211oi_2)
     3    0.01    0.21    0.28    2.11 ^ _105_/Y (sky130_fd_sc_hd__a211oi_2)
                                         _056_ (net)
                  0.21    0.00    2.11 ^ _111_/A1 (sky130_fd_sc_hd__o32a_2)
     1    0.00    0.03    0.18    2.29 ^ _111_/X (sky130_fd_sc_hd__o32a_2)
                                         _062_ (net)
                  0.03    0.00    2.29 ^ _112_/A (sky130_fd_sc_hd__buf_2)
     2    0.01    0.05    0.10    2.40 ^ _112_/X (sky130_fd_sc_hd__buf_2)
                                         x62.C (net)
                  0.05    0.00    2.40 ^ _159_/D (sky130_fd_sc_hd__dfxtp_2)
                                  2.40   data arrival time

                  0.00    2.60    2.60   clock core_clock (rise edge)
                          0.00    2.60   clock network delay (ideal)
                          0.00    2.60   clock reconvergence pessimism
                                  2.60 ^ _159_/CLK (sky130_fd_sc_hd__dfxtp_2)
                         -0.07    2.53   library setup time
                                  2.53   data required time
-----------------------------------------------------------------------------
                                  2.53   data required time
                                 -2.40   data arrival time
-----------------------------------------------------------------------------
                                  0.14   slack (MET)


Startpoint: _165_ (rising edge-triggered flip-flop clocked by core_clock)
Endpoint: _155_ (rising edge-triggered flip-flop clocked by core_clock)
Path Group: core_clock
Path Type: max

Fanout     Cap    Slew   Delay    Time   Description
-----------------------------------------------------------------------------
                  0.00    0.00    0.00   clock core_clock (rise edge)
                          0.00    0.00   clock network delay (ideal)
                  0.00    0.00    0.00 ^ _165_/CLK (sky130_fd_sc_hd__dfxtp_2)
     2    0.00    0.02    0.29    0.29 v _165_/Q (sky130_fd_sc_hd__dfxtp_2)
                                         x12.A (net)
                  0.02    0.00    0.29 v _084_/B (sky130_fd_sc_hd__and2_2)
     2    0.00    0.04    0.18    0.47 v _084_/X (sky130_fd_sc_hd__and2_2)
                                         _035_ (net)
                  0.04    0.00    0.47 v _086_/A (sky130_fd_sc_hd__or2b_2)
     3    0.01    0.08    0.32    0.78 v _086_/X (sky130_fd_sc_hd__or2b_2)
                                         _037_ (net)
                  0.08    0.00    0.78 v _088_/B (sky130_fd_sc_hd__nor3b_2)
     2    0.01    0.23    0.24    1.02 ^ _088_/Y (sky130_fd_sc_hd__nor3b_2)
                                         _039_ (net)
                  0.23    0.00    1.02 ^ _094_/A2 (sky130_fd_sc_hd__a21oi_2)
     3    0.01    0.07    0.10    1.12 v _094_/Y (sky130_fd_sc_hd__a21oi_2)
                                         _045_ (net)
                  0.07    0.00    1.12 v _100_/A (sky130_fd_sc_hd__or4_2)
     2    0.01    0.13    0.71    1.83 v _100_/X (sky130_fd_sc_hd__or4_2)
                                         _051_ (net)
                  0.13    0.00    1.83 v _134_/B (sky130_fd_sc_hd__nand2_2)
     2    0.01    0.08    0.12    1.95 ^ _134_/Y (sky130_fd_sc_hd__nand2_2)
                                         _010_ (net)
                  0.08    0.00    1.95 ^ _137_/A1 (sky130_fd_sc_hd__o21ai_2)
     1    0.00    0.03    0.06    2.01 v _137_/Y (sky130_fd_sc_hd__o21ai_2)
                                         x75.S (net)
                  0.03    0.00    2.01 v _155_/D (sky130_fd_sc_hd__dfxtp_2)
                                  2.01   data arrival time

                  0.00    2.60    2.60   clock core_clock (rise edge)
                          0.00    2.60   clock network delay (ideal)
                          0.00    2.60   clock reconvergence pessimism
                                  2.60 ^ _155_/CLK (sky130_fd_sc_hd__dfxtp_2)
                         -0.12    2.48   library setup time
                                  2.48   data required time
-----------------------------------------------------------------------------
                                  2.48   data required time
                                 -2.01   data arrival time
-----------------------------------------------------------------------------
                                  0.47   slack (MET)


Startpoint: _165_ (rising edge-triggered flip-flop clocked by core_clock)
Endpoint: _154_ (rising edge-triggered flip-flop clocked by core_clock)
Path Group: core_clock
Path Type: max

Fanout     Cap    Slew   Delay    Time   Description
-----------------------------------------------------------------------------
                  0.00    0.00    0.00   clock core_clock (rise edge)
                          0.00    0.00   clock network delay (ideal)
                  0.00    0.00    0.00 ^ _165_/CLK (sky130_fd_sc_hd__dfxtp_2)
     2    0.00    0.02    0.29    0.29 v _165_/Q (sky130_fd_sc_hd__dfxtp_2)
                                         x12.A (net)
                  0.02    0.00    0.29 v _084_/B (sky130_fd_sc_hd__and2_2)
     2    0.00    0.04    0.18    0.47 v _084_/X (sky130_fd_sc_hd__and2_2)
                                         _035_ (net)
                  0.04    0.00    0.47 v _086_/A (sky130_fd_sc_hd__or2b_2)
     3    0.01    0.08    0.32    0.78 v _086_/X (sky130_fd_sc_hd__or2b_2)
                                         _037_ (net)
                  0.08    0.00    0.78 v _088_/B (sky130_fd_sc_hd__nor3b_2)
     2    0.01    0.23    0.24    1.02 ^ _088_/Y (sky130_fd_sc_hd__nor3b_2)
                                         _039_ (net)
                  0.23    0.00    1.02 ^ _094_/A2 (sky130_fd_sc_hd__a21oi_2)
     3    0.01    0.07    0.10    1.12 v _094_/Y (sky130_fd_sc_hd__a21oi_2)
                                         _045_ (net)
                  0.07    0.00    1.12 v _100_/A (sky130_fd_sc_hd__or4_2)
     2    0.01    0.13    0.71    1.83 v _100_/X (sky130_fd_sc_hd__or4_2)
                                         _051_ (net)
                  0.13    0.00    1.83 v _134_/B (sky130_fd_sc_hd__nand2_2)
     2    0.01    0.08    0.12    1.95 ^ _134_/Y (sky130_fd_sc_hd__nand2_2)
                                         _010_ (net)
                  0.08    0.00    1.95 ^ _135_/A2 (sky130_fd_sc_hd__a21oi_2)
     1    0.00    0.04    0.06    2.01 v _135_/Y (sky130_fd_sc_hd__a21oi_2)
                                         x74.S (net)
                  0.04    0.00    2.01 v _154_/D (sky130_fd_sc_hd__dfxtp_2)
                                  2.01   data arrival time

                  0.00    2.60    2.60   clock core_clock (rise edge)
                          0.00    2.60   clock network delay (ideal)
                          0.00    2.60   clock reconvergence pessimism
                                  2.60 ^ _154_/CLK (sky130_fd_sc_hd__dfxtp_2)
                         -0.12    2.48   library setup time
                                  2.48   data required time
-----------------------------------------------------------------------------
                                  2.48   data required time
                                 -2.01   data arrival time
-----------------------------------------------------------------------------
                                  0.47   slack (MET)


Startpoint: _165_ (rising edge-triggered flip-flop clocked by core_clock)
Endpoint: _153_ (rising edge-triggered flip-flop clocked by core_clock)
Path Group: core_clock
Path Type: max

Fanout     Cap    Slew   Delay    Time   Description
-----------------------------------------------------------------------------
                  0.00    0.00    0.00   clock core_clock (rise edge)
                          0.00    0.00   clock network delay (ideal)
                  0.00    0.00    0.00 ^ _165_/CLK (sky130_fd_sc_hd__dfxtp_2)
     2    0.00    0.02    0.29    0.29 v _165_/Q (sky130_fd_sc_hd__dfxtp_2)
                                         x12.A (net)
                  0.02    0.00    0.29 v _084_/B (sky130_fd_sc_hd__and2_2)
     2    0.00    0.04    0.18    0.47 v _084_/X (sky130_fd_sc_hd__and2_2)
                                         _035_ (net)
                  0.04    0.00    0.47 v _086_/A (sky130_fd_sc_hd__or2b_2)
     3    0.01    0.08    0.32    0.78 v _086_/X (sky130_fd_sc_hd__or2b_2)
                                         _037_ (net)
                  0.08    0.00    0.78 v _088_/B (sky130_fd_sc_hd__nor3b_2)
     2    0.01    0.23    0.24    1.02 ^ _088_/Y (sky130_fd_sc_hd__nor3b_2)
                                         _039_ (net)
                  0.23    0.00    1.02 ^ _094_/A2 (sky130_fd_sc_hd__a21oi_2)
     3    0.01    0.07    0.10    1.12 v _094_/Y (sky130_fd_sc_hd__a21oi_2)
                                         _045_ (net)
                  0.07    0.00    1.12 v _130_/A (sky130_fd_sc_hd__or3_2)
     1    0.00    0.08    0.48    1.61 v _130_/X (sky130_fd_sc_hd__or3_2)
                                         _008_ (net)
                  0.08    0.00    1.61 v _131_/A (sky130_fd_sc_hd__nand2_2)
     2    0.01    0.07    0.09    1.70 ^ _131_/Y (sky130_fd_sc_hd__nand2_2)
                                         _009_ (net)
                  0.07    0.00    1.70 ^ _133_/A2 (sky130_fd_sc_hd__a21oi_2)
     1    0.00    0.04    0.06    1.75 v _133_/Y (sky130_fd_sc_hd__a21oi_2)
                                         x73.S (net)
                  0.04    0.00    1.75 v _153_/D (sky130_fd_sc_hd__dfxtp_2)
                                  1.75   data arrival time

                  0.00    2.60    2.60   clock core_clock (rise edge)
                          0.00    2.60   clock network delay (ideal)
                          0.00    2.60   clock reconvergence pessimism
                                  2.60 ^ _153_/CLK (sky130_fd_sc_hd__dfxtp_2)
                         -0.12    2.48   library setup time
                                  2.48   data required time
-----------------------------------------------------------------------------
                                  2.48   data required time
                                 -1.75   data arrival time
-----------------------------------------------------------------------------
                                  0.73   slack (MET)


Startpoint: _165_ (rising edge-triggered flip-flop clocked by core_clock)
Endpoint: _152_ (rising edge-triggered flip-flop clocked by core_clock)
Path Group: core_clock
Path Type: max

Fanout     Cap    Slew   Delay    Time   Description
-----------------------------------------------------------------------------
                  0.00    0.00    0.00   clock core_clock (rise edge)
                          0.00    0.00   clock network delay (ideal)
                  0.00    0.00    0.00 ^ _165_/CLK (sky130_fd_sc_hd__dfxtp_2)
     2    0.00    0.02    0.29    0.29 v _165_/Q (sky130_fd_sc_hd__dfxtp_2)
                                         x12.A (net)
                  0.02    0.00    0.29 v _084_/B (sky130_fd_sc_hd__and2_2)
     2    0.00    0.04    0.18    0.47 v _084_/X (sky130_fd_sc_hd__and2_2)
                                         _035_ (net)
                  0.04    0.00    0.47 v _086_/A (sky130_fd_sc_hd__or2b_2)
     3    0.01    0.08    0.32    0.78 v _086_/X (sky130_fd_sc_hd__or2b_2)
                                         _037_ (net)
                  0.08    0.00    0.78 v _088_/B (sky130_fd_sc_hd__nor3b_2)
     2    0.01    0.23    0.24    1.02 ^ _088_/Y (sky130_fd_sc_hd__nor3b_2)
                                         _039_ (net)
                  0.23    0.00    1.02 ^ _094_/A2 (sky130_fd_sc_hd__a21oi_2)
     3    0.01    0.07    0.10    1.12 v _094_/Y (sky130_fd_sc_hd__a21oi_2)
                                         _045_ (net)
                  0.07    0.00    1.12 v _130_/A (sky130_fd_sc_hd__or3_2)
     1    0.00    0.08    0.48    1.61 v _130_/X (sky130_fd_sc_hd__or3_2)
                                         _008_ (net)
                  0.08    0.00    1.61 v _131_/A (sky130_fd_sc_hd__nand2_2)
     2    0.01    0.07    0.09    1.70 ^ _131_/Y (sky130_fd_sc_hd__nand2_2)
                                         _009_ (net)
                  0.07    0.00    1.70 ^ _132_/A2 (sky130_fd_sc_hd__o21ai_2)
     1    0.00    0.04    0.05    1.75 v _132_/Y (sky130_fd_sc_hd__o21ai_2)
                                         x72.S (net)
                  0.04    0.00    1.75 v _152_/D (sky130_fd_sc_hd__dfxtp_2)
                                  1.75   data arrival time

                  0.00    2.60    2.60   clock core_clock (rise edge)
                          0.00    2.60   clock network delay (ideal)
                          0.00    2.60   clock reconvergence pessimism
                                  2.60 ^ _152_/CLK (sky130_fd_sc_hd__dfxtp_2)
                         -0.12    2.48   library setup time
                                  2.48   data required time
-----------------------------------------------------------------------------
                                  2.48   data required time
                                 -1.75   data arrival time
-----------------------------------------------------------------------------
                                  0.73   slack (MET)


Startpoint: _177_ (rising edge-triggered flip-flop clocked by core_clock)
Endpoint: _150_ (rising edge-triggered flip-flop clocked by core_clock)
Path Group: core_clock
Path Type: max

Fanout     Cap    Slew   Delay    Time   Description
-----------------------------------------------------------------------------
                  0.00    0.00    0.00   clock core_clock (rise edge)
                          0.00    0.00   clock network delay (ideal)
                  0.00    0.00    0.00 ^ _177_/CLK (sky130_fd_sc_hd__dfxtp_2)
     4    0.02    0.05    0.32    0.32 v _177_/Q (sky130_fd_sc_hd__dfxtp_2)
                                         x4.B (net)
                  0.05    0.00    0.32 v _078_/A1 (sky130_fd_sc_hd__o221a_2)
     2    0.00    0.05    0.29    0.61 v _078_/X (sky130_fd_sc_hd__o221a_2)
                                         _029_ (net)
                  0.05    0.00    0.61 v _080_/B2 (sky130_fd_sc_hd__a221o_2)
     1    0.00    0.05    0.35    0.95 v _080_/X (sky130_fd_sc_hd__a221o_2)
                                         _031_ (net)
                  0.05    0.00    0.95 v _082_/B2 (sky130_fd_sc_hd__o221a_2)
     4    0.02    0.08    0.27    1.23 v _082_/X (sky130_fd_sc_hd__o221a_2)
                                         _033_ (net)
                  0.08    0.00    1.23 v _094_/A1 (sky130_fd_sc_hd__a21oi_2)
     3    0.01    0.14    0.17    1.40 ^ _094_/Y (sky130_fd_sc_hd__a21oi_2)
                                         _045_ (net)
                  0.14    0.00    1.40 ^ _127_/A (sky130_fd_sc_hd__nor2_2)
     2    0.01    0.05    0.07    1.47 v _127_/Y (sky130_fd_sc_hd__nor2_2)
                                         _007_ (net)
                  0.05    0.00    1.47 v _128_/A2 (sky130_fd_sc_hd__a21oi_2)
     1    0.00    0.09    0.13    1.60 ^ _128_/Y (sky130_fd_sc_hd__a21oi_2)
                                         x70.S (net)
                  0.09    0.00    1.60 ^ _150_/D (sky130_fd_sc_hd__dfxtp_2)
                                  1.60   data arrival time

                  0.00    2.60    2.60   clock core_clock (rise edge)
                          0.00    2.60   clock network delay (ideal)
                          0.00    2.60   clock reconvergence pessimism
                                  2.60 ^ _150_/CLK (sky130_fd_sc_hd__dfxtp_2)
                         -0.08    2.52   library setup time
                                  2.52   data required time
-----------------------------------------------------------------------------
                                  2.52   data required time
                                 -1.60   data arrival time
-----------------------------------------------------------------------------
                                  0.92   slack (MET)


Startpoint: _177_ (rising edge-triggered flip-flop clocked by core_clock)
Endpoint: _151_ (rising edge-triggered flip-flop clocked by core_clock)
Path Group: core_clock
Path Type: max

Fanout     Cap    Slew   Delay    Time   Description
-----------------------------------------------------------------------------
                  0.00    0.00    0.00   clock core_clock (rise edge)
                          0.00    0.00   clock network delay (ideal)
                  0.00    0.00    0.00 ^ _177_/CLK (sky130_fd_sc_hd__dfxtp_2)
     4    0.02    0.05    0.32    0.32 v _177_/Q (sky130_fd_sc_hd__dfxtp_2)
                                         x4.B (net)
                  0.05    0.00    0.32 v _078_/A1 (sky130_fd_sc_hd__o221a_2)
     2    0.00    0.05    0.29    0.61 v _078_/X (sky130_fd_sc_hd__o221a_2)
                                         _029_ (net)
                  0.05    0.00    0.61 v _080_/B2 (sky130_fd_sc_hd__a221o_2)
     1    0.00    0.05    0.35    0.95 v _080_/X (sky130_fd_sc_hd__a221o_2)
                                         _031_ (net)
                  0.05    0.00    0.95 v _082_/B2 (sky130_fd_sc_hd__o221a_2)
     4    0.02    0.08    0.27    1.23 v _082_/X (sky130_fd_sc_hd__o221a_2)
                                         _033_ (net)
                  0.08    0.00    1.23 v _094_/A1 (sky130_fd_sc_hd__a21oi_2)
     3    0.01    0.14    0.17    1.40 ^ _094_/Y (sky130_fd_sc_hd__a21oi_2)
                                         _045_ (net)
                  0.14    0.00    1.40 ^ _127_/A (sky130_fd_sc_hd__nor2_2)
     2    0.01    0.05    0.07    1.47 v _127_/Y (sky130_fd_sc_hd__nor2_2)
                                         _007_ (net)
                  0.05    0.00    1.47 v _129_/A1 (sky130_fd_sc_hd__a21boi_2)
     1    0.00    0.08    0.11    1.58 ^ _129_/Y (sky130_fd_sc_hd__a21boi_2)
                                         x71.S (net)
                  0.08    0.00    1.58 ^ _151_/D (sky130_fd_sc_hd__dfxtp_2)
                                  1.58   data arrival time

                  0.00    2.60    2.60   clock core_clock (rise edge)
                          0.00    2.60   clock network delay (ideal)
                          0.00    2.60   clock reconvergence pessimism
                                  2.60 ^ _151_/CLK (sky130_fd_sc_hd__dfxtp_2)
                         -0.07    2.53   library setup time
                                  2.53   data required time
-----------------------------------------------------------------------------
                                  2.53   data required time
                                 -1.58   data arrival time
-----------------------------------------------------------------------------
                                  0.95   slack (MET)


Startpoint: _177_ (rising edge-triggered flip-flop clocked by core_clock)
Endpoint: _146_ (rising edge-triggered flip-flop clocked by core_clock)
Path Group: core_clock
Path Type: max

Fanout     Cap    Slew   Delay    Time   Description
-----------------------------------------------------------------------------
                  0.00    0.00    0.00   clock core_clock (rise edge)
                          0.00    0.00   clock network delay (ideal)
                  0.00    0.00    0.00 ^ _177_/CLK (sky130_fd_sc_hd__dfxtp_2)
     4    0.02    0.05    0.32    0.32 v _177_/Q (sky130_fd_sc_hd__dfxtp_2)
                                         x4.B (net)
                  0.05    0.00    0.32 v _078_/A1 (sky130_fd_sc_hd__o221a_2)
     2    0.00    0.05    0.29    0.61 v _078_/X (sky130_fd_sc_hd__o221a_2)
                                         _029_ (net)
                  0.05    0.00    0.61 v _080_/B2 (sky130_fd_sc_hd__a221o_2)
     1    0.00    0.05    0.35    0.95 v _080_/X (sky130_fd_sc_hd__a221o_2)
                                         _031_ (net)
                  0.05    0.00    0.95 v _082_/B2 (sky130_fd_sc_hd__o221a_2)
     4    0.02    0.08    0.27    1.23 v _082_/X (sky130_fd_sc_hd__o221a_2)
                                         _033_ (net)
                  0.08    0.00    1.23 v _120_/B1_N (sky130_fd_sc_hd__o21ba_2)
     1    0.00    0.04    0.23    1.46 ^ _120_/X (sky130_fd_sc_hd__o21ba_2)
                                         _004_ (net)
                  0.04    0.00    1.46 ^ _121_/B1 (sky130_fd_sc_hd__a21o_2)
     1    0.00    0.03    0.07    1.53 ^ _121_/X (sky130_fd_sc_hd__a21o_2)
                                         x66.S (net)
                  0.03    0.00    1.53 ^ _146_/D (sky130_fd_sc_hd__dfxtp_2)
                                  1.53   data arrival time

                  0.00    2.60    2.60   clock core_clock (rise edge)
                          0.00    2.60   clock network delay (ideal)
                          0.00    2.60   clock reconvergence pessimism
                                  2.60 ^ _146_/CLK (sky130_fd_sc_hd__dfxtp_2)
                         -0.06    2.54   library setup time
                                  2.54   data required time
-----------------------------------------------------------------------------
                                  2.54   data required time
                                 -1.53   data arrival time
-----------------------------------------------------------------------------
                                  1.00   slack (MET)


Startpoint: _177_ (rising edge-triggered flip-flop clocked by core_clock)
Endpoint: _148_ (rising edge-triggered flip-flop clocked by core_clock)
Path Group: core_clock
Path Type: max

Fanout     Cap    Slew   Delay    Time   Description
-----------------------------------------------------------------------------
                  0.00    0.00    0.00   clock core_clock (rise edge)
                          0.00    0.00   clock network delay (ideal)
                  0.00    0.00    0.00 ^ _177_/CLK (sky130_fd_sc_hd__dfxtp_2)
     4    0.02    0.05    0.32    0.32 v _177_/Q (sky130_fd_sc_hd__dfxtp_2)
                                         x4.B (net)
                  0.05    0.00    0.32 v _078_/A1 (sky130_fd_sc_hd__o221a_2)
     2    0.00    0.05    0.29    0.61 v _078_/X (sky130_fd_sc_hd__o221a_2)
                                         _029_ (net)
                  0.05    0.00    0.61 v _080_/B2 (sky130_fd_sc_hd__a221o_2)
     1    0.00    0.05    0.35    0.95 v _080_/X (sky130_fd_sc_hd__a221o_2)
                                         _031_ (net)
                  0.05    0.00    0.95 v _082_/B2 (sky130_fd_sc_hd__o221a_2)
     4    0.02    0.08    0.27    1.23 v _082_/X (sky130_fd_sc_hd__o221a_2)
                                         _033_ (net)
                  0.08    0.00    1.23 v _123_/A (sky130_fd_sc_hd__nand2_2)
     2    0.01    0.05    0.07    1.30 ^ _123_/Y (sky130_fd_sc_hd__nand2_2)
                                         _005_ (net)
                  0.05    0.00    1.30 ^ _124_/A3 (sky130_fd_sc_hd__a31o_2)
     1    0.00    0.04    0.14    1.44 ^ _124_/X (sky130_fd_sc_hd__a31o_2)
                                         x68.S (net)
                  0.04    0.00    1.44 ^ _148_/D (sky130_fd_sc_hd__dfxtp_2)
                                  1.44   data arrival time

                  0.00    2.60    2.60   clock core_clock (rise edge)
                          0.00    2.60   clock network delay (ideal)
                          0.00    2.60   clock reconvergence pessimism
                                  2.60 ^ _148_/CLK (sky130_fd_sc_hd__dfxtp_2)
                         -0.06    2.54   library setup time
                                  2.54   data required time
-----------------------------------------------------------------------------
                                  2.54   data required time
                                 -1.44   data arrival time
-----------------------------------------------------------------------------
                                  1.10   slack (MET)


Startpoint: _177_ (rising edge-triggered flip-flop clocked by core_clock)
Endpoint: _149_ (rising edge-triggered flip-flop clocked by core_clock)
Path Group: core_clock
Path Type: max

Fanout     Cap    Slew   Delay    Time   Description
-----------------------------------------------------------------------------
                  0.00    0.00    0.00   clock core_clock (rise edge)
                          0.00    0.00   clock network delay (ideal)
                  0.00    0.00    0.00 ^ _177_/CLK (sky130_fd_sc_hd__dfxtp_2)
     4    0.02    0.05    0.32    0.32 v _177_/Q (sky130_fd_sc_hd__dfxtp_2)
                                         x4.B (net)
                  0.05    0.00    0.32 v _078_/A1 (sky130_fd_sc_hd__o221a_2)
     2    0.00    0.05    0.29    0.61 v _078_/X (sky130_fd_sc_hd__o221a_2)
                                         _029_ (net)
                  0.05    0.00    0.61 v _080_/B2 (sky130_fd_sc_hd__a221o_2)
     1    0.00    0.05    0.35    0.95 v _080_/X (sky130_fd_sc_hd__a221o_2)
                                         _031_ (net)
                  0.05    0.00    0.95 v _082_/B2 (sky130_fd_sc_hd__o221a_2)
     4    0.02    0.08    0.27    1.23 v _082_/X (sky130_fd_sc_hd__o221a_2)
                                         _033_ (net)
                  0.08    0.00    1.23 v _123_/A (sky130_fd_sc_hd__nand2_2)
     2    0.01    0.05    0.07    1.30 ^ _123_/Y (sky130_fd_sc_hd__nand2_2)
                                         _005_ (net)
                  0.05    0.00    1.30 ^ _126_/A1 (sky130_fd_sc_hd__a21bo_2)
     1    0.00    0.04    0.12    1.41 ^ _126_/X (sky130_fd_sc_hd__a21bo_2)
                                         x69.S (net)
                  0.04    0.00    1.41 ^ _149_/D (sky130_fd_sc_hd__dfxtp_2)
                                  1.41   data arrival time

                  0.00    2.60    2.60   clock core_clock (rise edge)
                          0.00    2.60   clock network delay (ideal)
                          0.00    2.60   clock reconvergence pessimism
                                  2.60 ^ _149_/CLK (sky130_fd_sc_hd__dfxtp_2)
                         -0.06    2.54   library setup time
                                  2.54   data required time
-----------------------------------------------------------------------------
                                  2.54   data required time
                                 -1.41   data arrival time
-----------------------------------------------------------------------------
                                  1.12   slack (MET)


Startpoint: _177_ (rising edge-triggered flip-flop clocked by core_clock)
Endpoint: _147_ (rising edge-triggered flip-flop clocked by core_clock)
Path Group: core_clock
Path Type: max

Fanout     Cap    Slew   Delay    Time   Description
-----------------------------------------------------------------------------
                  0.00    0.00    0.00   clock core_clock (rise edge)
                          0.00    0.00   clock network delay (ideal)
                  0.00    0.00    0.00 ^ _177_/CLK (sky130_fd_sc_hd__dfxtp_2)
     4    0.02    0.05    0.32    0.32 v _177_/Q (sky130_fd_sc_hd__dfxtp_2)
                                         x4.B (net)
                  0.05    0.00    0.32 v _078_/A1 (sky130_fd_sc_hd__o221a_2)
     2    0.00    0.05    0.29    0.61 v _078_/X (sky130_fd_sc_hd__o221a_2)
                                         _029_ (net)
                  0.05    0.00    0.61 v _080_/B2 (sky130_fd_sc_hd__a221o_2)
     1    0.00    0.05    0.35    0.95 v _080_/X (sky130_fd_sc_hd__a221o_2)
                                         _031_ (net)
                  0.05    0.00    0.95 v _082_/B2 (sky130_fd_sc_hd__o221a_2)
     4    0.02    0.08    0.27    1.23 v _082_/X (sky130_fd_sc_hd__o221a_2)
                                         _033_ (net)
                  0.08    0.00    1.23 v _122_/A1 (sky130_fd_sc_hd__a21oi_2)
     1    0.00    0.08    0.12    1.34 ^ _122_/Y (sky130_fd_sc_hd__a21oi_2)
                                         x67.S (net)
                  0.08    0.00    1.34 ^ _147_/D (sky130_fd_sc_hd__dfxtp_2)
                                  1.34   data arrival time

                  0.00    2.60    2.60   clock core_clock (rise edge)
                          0.00    2.60   clock network delay (ideal)
                          0.00    2.60   clock reconvergence pessimism
                                  2.60 ^ _147_/CLK (sky130_fd_sc_hd__dfxtp_2)
                         -0.07    2.53   library setup time
                                  2.53   data required time
-----------------------------------------------------------------------------
                                  2.53   data required time
                                 -1.34   data arrival time
-----------------------------------------------------------------------------
                                  1.18   slack (MET)


Startpoint: _177_ (rising edge-triggered flip-flop clocked by core_clock)
Endpoint: _145_ (rising edge-triggered flip-flop clocked by core_clock)
Path Group: core_clock
Path Type: max

Fanout     Cap    Slew   Delay    Time   Description
-----------------------------------------------------------------------------
                  0.00    0.00    0.00   clock core_clock (rise edge)
                          0.00    0.00   clock network delay (ideal)
                  0.00    0.00    0.00 ^ _177_/CLK (sky130_fd_sc_hd__dfxtp_2)
     4    0.02    0.05    0.32    0.32 v _177_/Q (sky130_fd_sc_hd__dfxtp_2)
                                         x4.B (net)
                  0.05    0.00    0.32 v _078_/A1 (sky130_fd_sc_hd__o221a_2)
     2    0.00    0.05    0.29    0.61 v _078_/X (sky130_fd_sc_hd__o221a_2)
                                         _029_ (net)
                  0.05    0.00    0.61 v _116_/A (sky130_fd_sc_hd__or2_2)
     2    0.01    0.07    0.31    0.91 v _116_/X (sky130_fd_sc_hd__or2_2)
                                         _002_ (net)
                  0.07    0.00    0.91 v _118_/B1_N (sky130_fd_sc_hd__o21ba_2)
     1    0.00    0.04    0.23    1.14 ^ _118_/X (sky130_fd_sc_hd__o21ba_2)
                                         _003_ (net)
                  0.04    0.00    1.14 ^ _119_/B1 (sky130_fd_sc_hd__a21o_2)
     1    0.00    0.03    0.08    1.22 ^ _119_/X (sky130_fd_sc_hd__a21o_2)
                                         x65.S (net)
                  0.03    0.00    1.22 ^ _145_/D (sky130_fd_sc_hd__dfxtp_2)
                                  1.22   data arrival time

                  0.00    2.60    2.60   clock core_clock (rise edge)
                          0.00    2.60   clock network delay (ideal)
                          0.00    2.60   clock reconvergence pessimism
                                  2.60 ^ _145_/CLK (sky130_fd_sc_hd__dfxtp_2)
                         -0.06    2.54   library setup time
                                  2.54   data required time
-----------------------------------------------------------------------------
                                  2.54   data required time
                                 -1.22   data arrival time
-----------------------------------------------------------------------------
                                  1.32   slack (MET)


Startpoint: _177_ (rising edge-triggered flip-flop clocked by core_clock)
Endpoint: _144_ (rising edge-triggered flip-flop clocked by core_clock)
Path Group: core_clock
Path Type: max

Fanout     Cap    Slew   Delay    Time   Description
-----------------------------------------------------------------------------
                  0.00    0.00    0.00   clock core_clock (rise edge)
                          0.00    0.00   clock network delay (ideal)
                  0.00    0.00    0.00 ^ _177_/CLK (sky130_fd_sc_hd__dfxtp_2)
     4    0.02    0.05    0.32    0.32 v _177_/Q (sky130_fd_sc_hd__dfxtp_2)
                                         x4.B (net)
                  0.05    0.00    0.32 v _078_/A1 (sky130_fd_sc_hd__o221a_2)
     2    0.00    0.05    0.29    0.61 v _078_/X (sky130_fd_sc_hd__o221a_2)
                                         _029_ (net)
                  0.05    0.00    0.61 v _116_/A (sky130_fd_sc_hd__or2_2)
     2    0.01    0.07    0.31    0.91 v _116_/X (sky130_fd_sc_hd__or2_2)
                                         _002_ (net)
                  0.07    0.00    0.91 v _117_/A2 (sky130_fd_sc_hd__a21oi_2)
     1    0.00    0.09    0.14    1.05 ^ _117_/Y (sky130_fd_sc_hd__a21oi_2)
                                         x64.S (net)
                  0.09    0.00    1.05 ^ _144_/D (sky130_fd_sc_hd__dfxtp_2)
                                  1.05   data arrival time

                  0.00    2.60    2.60   clock core_clock (rise edge)
                          0.00    2.60   clock network delay (ideal)
                          0.00    2.60   clock reconvergence pessimism
                                  2.60 ^ _144_/CLK (sky130_fd_sc_hd__dfxtp_2)
                         -0.08    2.52   library setup time
                                  2.52   data required time
-----------------------------------------------------------------------------
                                  2.52   data required time
                                 -1.05   data arrival time
-----------------------------------------------------------------------------
                                  1.47   slack (MET)


Startpoint: _176_ (rising edge-triggered flip-flop clocked by core_clock)
Endpoint: _143_ (rising edge-triggered flip-flop clocked by core_clock)
Path Group: core_clock
Path Type: max

Fanout     Cap    Slew   Delay    Time   Description
-----------------------------------------------------------------------------
                  0.00    0.00    0.00   clock core_clock (rise edge)
                          0.00    0.00   clock network delay (ideal)
                  0.00    0.00    0.00 ^ _176_/CLK (sky130_fd_sc_hd__dfxtp_2)
     4    0.01    0.04    0.31    0.31 v _176_/Q (sky130_fd_sc_hd__dfxtp_2)
                                         x2.B (net)
                  0.04    0.00    0.31 v _113_/A1 (sky130_fd_sc_hd__o21ba_2)
     1    0.00    0.03    0.20    0.51 v _113_/X (sky130_fd_sc_hd__o21ba_2)
                                         _000_ (net)
                  0.03    0.00    0.51 v _114_/B1 (sky130_fd_sc_hd__a21o_2)
     1    0.00    0.04    0.18    0.69 v _114_/X (sky130_fd_sc_hd__a21o_2)
                                         x63.S (net)
                  0.04    0.00    0.69 v _143_/D (sky130_fd_sc_hd__dfxtp_2)
                                  0.69   data arrival time

                  0.00    2.60    2.60   clock core_clock (rise edge)
                          0.00    2.60   clock network delay (ideal)
                          0.00    2.60   clock reconvergence pessimism
                                  2.60 ^ _143_/CLK (sky130_fd_sc_hd__dfxtp_2)
                         -0.12    2.48   library setup time
                                  2.48   data required time
-----------------------------------------------------------------------------
                                  2.48   data required time
                                 -0.69   data arrival time
-----------------------------------------------------------------------------
                                  1.79   slack (MET)



worst slack corner Typical: -0.0442
max_report_end
checks_report

===========================================================================
report_checks -unconstrained
===========================================================================
======================= Typical Corner ===================================

Startpoint: _165_ (rising edge-triggered flip-flop clocked by core_clock)
Endpoint: _157_ (rising edge-triggered flip-flop clocked by core_clock)
Path Group: core_clock
Path Type: max

Fanout     Cap    Slew   Delay    Time   Description
-----------------------------------------------------------------------------
                  0.00    0.00    0.00   clock core_clock (rise edge)
                          0.00    0.00   clock network delay (ideal)
                  0.00    0.00    0.00 ^ _165_/CLK (sky130_fd_sc_hd__dfxtp_2)
     2    0.00    0.02    0.29    0.29 v _165_/Q (sky130_fd_sc_hd__dfxtp_2)
                                         x12.A (net)
                  0.02    0.00    0.29 v _084_/B (sky130_fd_sc_hd__and2_2)
     2    0.00    0.04    0.18    0.47 v _084_/X (sky130_fd_sc_hd__and2_2)
                                         _035_ (net)
                  0.04    0.00    0.47 v _086_/A (sky130_fd_sc_hd__or2b_2)
     3    0.01    0.08    0.32    0.78 v _086_/X (sky130_fd_sc_hd__or2b_2)
                                         _037_ (net)
                  0.08    0.00    0.78 v _088_/B (sky130_fd_sc_hd__nor3b_2)
     2    0.01    0.23    0.24    1.02 ^ _088_/Y (sky130_fd_sc_hd__nor3b_2)
                                         _039_ (net)
                  0.23    0.00    1.02 ^ _094_/A2 (sky130_fd_sc_hd__a21oi_2)
     3    0.01    0.07    0.10    1.12 v _094_/Y (sky130_fd_sc_hd__a21oi_2)
                                         _045_ (net)
                  0.07    0.00    1.12 v _100_/A (sky130_fd_sc_hd__or4_2)
     2    0.01    0.13    0.71    1.83 v _100_/X (sky130_fd_sc_hd__or4_2)
                                         _051_ (net)
                  0.13    0.00    1.83 v _105_/A2 (sky130_fd_sc_hd__a211oi_2)
     3    0.01    0.21    0.28    2.11 ^ _105_/Y (sky130_fd_sc_hd__a211oi_2)
                                         _056_ (net)
                  0.21    0.00    2.11 ^ _139_/A1_N (sky130_fd_sc_hd__a2bb2o_2)
     1    0.00    0.04    0.30    2.41 v _139_/X (sky130_fd_sc_hd__a2bb2o_2)
                                         _012_ (net)
                  0.04    0.00    2.41 v _140_/B1 (sky130_fd_sc_hd__o21a_2)
     1    0.00    0.04    0.11    2.52 v _140_/X (sky130_fd_sc_hd__o21a_2)
                                         x77.S (net)
                  0.04    0.00    2.52 v _157_/D (sky130_fd_sc_hd__dfxtp_2)
                                  2.52   data arrival time

                  0.00    2.60    2.60   clock core_clock (rise edge)
                          0.00    2.60   clock network delay (ideal)
                          0.00    2.60   clock reconvergence pessimism
                                  2.60 ^ _157_/CLK (sky130_fd_sc_hd__dfxtp_2)
                         -0.12    2.48   library setup time
                                  2.48   data required time
-----------------------------------------------------------------------------
                                  2.48   data required time
                                 -2.52   data arrival time
-----------------------------------------------------------------------------
                                 -0.04   slack (VIOLATED)




===========================================================================
report_checks --slack_max -0.01
============================================================================
======================= Typical Corner ===================================

Startpoint: _165_ (rising edge-triggered flip-flop clocked by core_clock)
Endpoint: _157_ (rising edge-triggered flip-flop clocked by core_clock)
Path Group: core_clock
Path Type: max

Fanout     Cap    Slew   Delay    Time   Description
-----------------------------------------------------------------------------
                  0.00    0.00    0.00   clock core_clock (rise edge)
                          0.00    0.00   clock network delay (ideal)
                  0.00    0.00    0.00 ^ _165_/CLK (sky130_fd_sc_hd__dfxtp_2)
     2    0.00    0.02    0.29    0.29 v _165_/Q (sky130_fd_sc_hd__dfxtp_2)
                                         x12.A (net)
                  0.02    0.00    0.29 v _084_/B (sky130_fd_sc_hd__and2_2)
     2    0.00    0.04    0.18    0.47 v _084_/X (sky130_fd_sc_hd__and2_2)
                                         _035_ (net)
                  0.04    0.00    0.47 v _086_/A (sky130_fd_sc_hd__or2b_2)
     3    0.01    0.08    0.32    0.78 v _086_/X (sky130_fd_sc_hd__or2b_2)
                                         _037_ (net)
                  0.08    0.00    0.78 v _088_/B (sky130_fd_sc_hd__nor3b_2)
     2    0.01    0.23    0.24    1.02 ^ _088_/Y (sky130_fd_sc_hd__nor3b_2)
                                         _039_ (net)
                  0.23    0.00    1.02 ^ _094_/A2 (sky130_fd_sc_hd__a21oi_2)
     3    0.01    0.07    0.10    1.12 v _094_/Y (sky130_fd_sc_hd__a21oi_2)
                                         _045_ (net)
                  0.07    0.00    1.12 v _100_/A (sky130_fd_sc_hd__or4_2)
     2    0.01    0.13    0.71    1.83 v _100_/X (sky130_fd_sc_hd__or4_2)
                                         _051_ (net)
                  0.13    0.00    1.83 v _105_/A2 (sky130_fd_sc_hd__a211oi_2)
     3    0.01    0.21    0.28    2.11 ^ _105_/Y (sky130_fd_sc_hd__a211oi_2)
                                         _056_ (net)
                  0.21    0.00    2.11 ^ _139_/A1_N (sky130_fd_sc_hd__a2bb2o_2)
     1    0.00    0.04    0.30    2.41 v _139_/X (sky130_fd_sc_hd__a2bb2o_2)
                                         _012_ (net)
                  0.04    0.00    2.41 v _140_/B1 (sky130_fd_sc_hd__o21a_2)
     1    0.00    0.04    0.11    2.52 v _140_/X (sky130_fd_sc_hd__o21a_2)
                                         x77.S (net)
                  0.04    0.00    2.52 v _157_/D (sky130_fd_sc_hd__dfxtp_2)
                                  2.52   data arrival time

                  0.00    2.60    2.60   clock core_clock (rise edge)
                          0.00    2.60   clock network delay (ideal)
                          0.00    2.60   clock reconvergence pessimism
                                  2.60 ^ _157_/CLK (sky130_fd_sc_hd__dfxtp_2)
                         -0.12    2.48   library setup time
                                  2.48   data required time
-----------------------------------------------------------------------------
                                  2.48   data required time
                                 -2.52   data arrival time
-----------------------------------------------------------------------------
                                 -0.04   slack (VIOLATED)




===========================================================================
 report_check_types -max_slew -max_cap -max_fanout -violators
============================================================================
======================= Typical Corner ===================================


max slew violations count Typical: 0
max fanout violations count Typical: 0
max cap violations count Typical: 0

===========================================================================
report_parasitic_annotation -report_unannotated
============================================================================
Found 1 unannotated drivers.
 clk
Found 0 partially unannotated drivers.

===========================================================================
max slew violation count 0
max fanout violation count 0
max cap violation count 0
============================================================================

===========================================================================
check_setup -verbose -unconstrained_endpoints -multiple_clock -no_clock -no_input_delay -loops -generated_clocks
===========================================================================
Warning: There are 33 input ports missing set_input_delay.
  a1
  a10
  a11
  a12
  a13
  a14
  a15
  a16
  a2
  a3
  a4
  a5
  a6
  a7
  a8
  a9
  b1
  b10
  b11
  b12
  b13
  b14
  b15
  b16
  b2
  b3
  b4
  b5
  b6
  b7
  b8
  b9
  cin
Warning: There are 50 unconstrained endpoints.
  cout
  s1
  s10
  s11
  s12
  s13
  s14
  s15
  s16
  s2
  s3
  s4
  s5
  s6
  s7
  s8
  s9
  _160_/D
  _161_/D
  _162_/D
  _163_/D
  _164_/D
  _165_/D
  _166_/D
  _167_/D
  _168_/D
  _169_/D
  _170_/D
  _171_/D
  _172_/D
  _173_/D
  _174_/D
  _175_/D
  _176_/D
  _177_/D
  _178_/D
  _179_/D
  _180_/D
  _181_/D
  _182_/D
  _183_/D
  _184_/D
  _185_/D
  _186_/D
  _187_/D
  _188_/D
  _189_/D
  _190_/D
  _191_/D
  _192_/D
checks_report_end
power_report

===========================================================================
 report_power
============================================================================
======================= Typical Corner ===================================

Group                  Internal  Switching    Leakage      Total
                          Power      Power      Power      Power (Watts)
----------------------------------------------------------------
Sequential             8.61e-04   2.93e-05   4.21e-10   8.90e-04  87.1%
Combinational          7.96e-05   5.21e-05   2.43e-10   1.32e-04  12.9%
Clock                  0.00e+00   0.00e+00   1.36e-10   1.36e-10   0.0%
Macro                  0.00e+00   0.00e+00   0.00e+00   0.00e+00   0.0%
Pad                    0.00e+00   0.00e+00   0.00e+00   0.00e+00   0.0%
----------------------------------------------------------------
Total                  9.41e-04   8.15e-05   8.01e-10   1.02e-03 100.0%
                          92.0%       8.0%       0.0%

power_report_end
skew_report

===========================================================================
report_clock_skew
============================================================================
Clock core_clock
   0.00 source latency _160_/CLK ^
   0.00 target latency _143_/CLK ^
   0.00 CRPR
--------------
   0.00 setup skew

skew_report_end
summary_report

===========================================================================
report_tns
============================================================================
tns -0.04

===========================================================================
report_wns
============================================================================
wns -0.04

===========================================================================
report_worst_slack -max (Setup)
============================================================================
worst slack -0.04

===========================================================================
report_worst_slack -min (Hold)
============================================================================
worst slack 0.45
summary_report_end
area_report

===========================================================================
report_design_area
============================================================================
Design area 1772 u^2 53% utilization.
area_report_end
check_nonpropagated_clocks
core_clock
check_nonpropagated_clocks_end
[WARNING] Did not save OpenROAD database!
Writing SDF to '/openlane/designs/sklansky/runs/auto_pnr/results/signoff/adder.sdf'…
