
Circuit 1 cell sky130_fd_pr__nfet_01v8 and Circuit 2 cell sky130_fd_pr__nfet_01v8 are black boxes.
Warning: Equate pins:  cell sky130_fd_pr__nfet_01v8 is a placeholder, treated as a black box.
Warning: Equate pins:  cell sky130_fd_pr__nfet_01v8 is a placeholder, treated as a black box.

Subcircuit pins:
Circuit 1: sky130_fd_pr__nfet_01v8         |Circuit 2: sky130_fd_pr__nfet_01v8         
-------------------------------------------|-------------------------------------------
1                                          |1                                          
2                                          |2                                          
3                                          |3                                          
4                                          |4                                          
---------------------------------------------------------------------------------------
Cell pin lists are equivalent.
Device classes sky130_fd_pr__nfet_01v8 and sky130_fd_pr__nfet_01v8 are equivalent.

Circuit 1 cell sky130_fd_pr__pfet_01v8 and Circuit 2 cell sky130_fd_pr__pfet_01v8 are black boxes.
Warning: Equate pins:  cell sky130_fd_pr__pfet_01v8 is a placeholder, treated as a black box.
Warning: Equate pins:  cell sky130_fd_pr__pfet_01v8 is a placeholder, treated as a black box.

Subcircuit pins:
Circuit 1: sky130_fd_pr__pfet_01v8         |Circuit 2: sky130_fd_pr__pfet_01v8         
-------------------------------------------|-------------------------------------------
1                                          |1                                          
2                                          |2                                          
3                                          |3                                          
4                                          |4                                          
---------------------------------------------------------------------------------------
Cell pin lists are equivalent.
Device classes sky130_fd_pr__pfet_01v8 and sky130_fd_pr__pfet_01v8 are equivalent.

Subcircuit summary:
Circuit 1: fa                              |Circuit 2: fa                              
-------------------------------------------|-------------------------------------------
sky130_fd_pr__nfet_01v8 (7)                |sky130_fd_pr__nfet_01v8 (7)                
sky130_fd_pr__pfet_01v8 (7)                |sky130_fd_pr__pfet_01v8 (7)                
Number of devices: 14                      |Number of devices: 14                      
Number of nets: 13                         |Number of nets: 13                         
---------------------------------------------------------------------------------------
Netlists match uniquely with property errors.
sky130_fd_pr__pfet_01v8:M10 vs. sky130_fd_pr__pfet_01v8:4:
 W circuit1: 1   circuit2: 0.42   (delta=81.7%, cutoff=1%)
sky130_fd_pr__pfet_01v8:M9 vs. sky130_fd_pr__pfet_01v8:8:
 W circuit1: 1   circuit2: 0.42   (delta=81.7%, cutoff=1%)
sky130_fd_pr__pfet_01v8:M8 vs. sky130_fd_pr__pfet_01v8:11:
 W circuit1: 1   circuit2: 0.42   (delta=81.7%, cutoff=1%)
sky130_fd_pr__pfet_01v8:M14 vs. sky130_fd_pr__pfet_01v8:10:
 W circuit1: 1   circuit2: 0.42   (delta=81.7%, cutoff=1%)
sky130_fd_pr__pfet_01v8:M13 vs. sky130_fd_pr__pfet_01v8:9:
 W circuit1: 1   circuit2: 0.42   (delta=81.7%, cutoff=1%)
sky130_fd_pr__pfet_01v8:M12 vs. sky130_fd_pr__pfet_01v8:12:
 W circuit1: 1   circuit2: 0.42   (delta=81.7%, cutoff=1%)
sky130_fd_pr__pfet_01v8:M11 vs. sky130_fd_pr__pfet_01v8:13:
 W circuit1: 1   circuit2: 0.42   (delta=81.7%, cutoff=1%)

Subcircuit pins:
Circuit 1: fa                              |Circuit 2: fa                              
-------------------------------------------|-------------------------------------------
cout_in                                    |cout_in                                    
DGND                                       |DGND                                       
DVDD                                       |DVDD                                       
b                                          |b                                          
cin                                        |cin                                        
sum_n                                      |sum_n                                      
a                                          |a                                          
---------------------------------------------------------------------------------------
Cell pin lists are equivalent.
Device classes fa and fa are equivalent.

Final result: Circuits match uniquely.
Property errors were found.

The following cells had property errors:
 fa
