Netgen 1.5.270 compiled on Sun Jun  2 19:00:27 UTC 2024
Warning: netgen command 'format' use fully-qualified name '::netgen::format'
Warning: netgen command 'global' use fully-qualified name '::netgen::global'
Generating JSON file result
Reading netlist file /openlane/designs/adder/runs/auto_pnr/results/signoff/adder.spice
Reading netlist file /openlane/designs/adder/runs/auto_pnr/tmp/signoff/35-adder.pnl.v
Warning:  A case-insensitive file has been read and so the	verilog file must be treated case-insensitive to match.
Creating placeholder cell definition for module sky130_fd_sc_hd__decap_6.
Creating placeholder cell definition for module sky130_fd_sc_hd__fill_1.
Creating placeholder cell definition for module sky130_fd_sc_hd__decap_4.
Creating placeholder cell definition for module sky130_fd_sc_hd__fill_2.
Creating placeholder cell definition for module sky130_fd_sc_hd__decap_3.
Creating placeholder cell definition for module sky130_fd_sc_hd__decap_8.
Creating placeholder cell definition for module sky130_ef_sc_hd__decap_12.
Creating placeholder cell definition for module sky130_fd_sc_hd__tapvpwrvgnd_1.
Creating placeholder cell definition for module sky130_fd_sc_hd__inv_2.
Creating placeholder cell definition for module sky130_fd_sc_hd__or2_4.
Creating placeholder cell definition for module sky130_fd_sc_hd__nand2_1.
Creating placeholder cell definition for module sky130_fd_sc_hd__a21bo_1.
Creating placeholder cell definition for module sky130_fd_sc_hd__xor2_1.
Creating placeholder cell definition for module sky130_fd_sc_hd__nand3b_1.
Creating placeholder cell definition for module sky130_fd_sc_hd__a21boi_1.
Creating placeholder cell definition for module sky130_fd_sc_hd__a21o_1.
Creating placeholder cell definition for module sky130_fd_sc_hd__xor2_2.
Creating placeholder cell definition for module sky130_fd_sc_hd__xnor2_1.
Creating placeholder cell definition for module sky130_fd_sc_hd__or4_1.
Creating placeholder cell definition for module sky130_fd_sc_hd__or2_1.
Creating placeholder cell definition for module sky130_fd_sc_hd__and3_1.
Creating placeholder cell definition for module sky130_fd_sc_hd__a21oi_2.
Creating placeholder cell definition for module sky130_fd_sc_hd__and2b_1.
Creating placeholder cell definition for module sky130_fd_sc_hd__xnor2_2.
Creating placeholder cell definition for module sky130_fd_sc_hd__o21a_1.
Creating placeholder cell definition for module sky130_fd_sc_hd__and2_1.
Creating placeholder cell definition for module sky130_fd_sc_hd__clkbuf_1.
Creating placeholder cell definition for module sky130_fd_sc_hd__or2b_1.
Creating placeholder cell definition for module sky130_fd_sc_hd__dfxtp_2.
Creating placeholder cell definition for module sky130_fd_sc_hd__dfxtp_1.
Creating placeholder cell definition for module sky130_fd_sc_hd__clkbuf_16.
Creating placeholder cell definition for module sky130_fd_sc_hd__clkinv_1.
Creating placeholder cell definition for module sky130_fd_sc_hd__clkinvlp_4.
Creating placeholder cell definition for module sky130_fd_sc_hd__clkinv_4.
Creating placeholder cell definition for module sky130_fd_sc_hd__buf_1.
Creating placeholder cell definition for module sky130_fd_sc_hd__dlygate4sd1_1.
Creating placeholder cell definition for module sky130_fd_sc_hd__dlymetal6s2s_1.

Reading setup file /volare/sky130A/libs.tech/netgen/sky130A_setup.tcl

Comparison output logged to file /openlane/designs/adder/runs/auto_pnr/logs/signoff/38-adder.lef.lvs.log
Logging to file "/openlane/designs/adder/runs/auto_pnr/logs/signoff/38-adder.lef.lvs.log" enabled

Contents of circuit 1:  Circuit: 'sky130_ef_sc_hd__decap_12'
Circuit sky130_ef_sc_hd__decap_12 contains 0 device instances.
Circuit contains 0 nets, and 4 disconnected pins.
Contents of circuit 2:  Circuit: 'sky130_ef_sc_hd__decap_12'
Circuit sky130_ef_sc_hd__decap_12 contains 0 device instances.
Circuit contains 0 nets.

Circuit sky130_ef_sc_hd__decap_12 contains no devices.

Contents of circuit 1:  Circuit: 'sky130_fd_sc_hd__or2b_1'
Circuit sky130_fd_sc_hd__or2b_1 contains 0 device instances.
Circuit contains 0 nets, and 7 disconnected pins.
Contents of circuit 2:  Circuit: 'sky130_fd_sc_hd__or2b_1'
Circuit sky130_fd_sc_hd__or2b_1 contains 0 device instances.
Circuit contains 0 nets.

Circuit sky130_fd_sc_hd__or2b_1 contains no devices.

Contents of circuit 1:  Circuit: 'sky130_fd_sc_hd__or2_4'
Circuit sky130_fd_sc_hd__or2_4 contains 0 device instances.
Circuit contains 0 nets, and 7 disconnected pins.
Contents of circuit 2:  Circuit: 'sky130_fd_sc_hd__or2_4'
Circuit sky130_fd_sc_hd__or2_4 contains 0 device instances.
Circuit contains 0 nets.

Circuit sky130_fd_sc_hd__or2_4 contains no devices.

Contents of circuit 1:  Circuit: 'sky130_fd_sc_hd__fill_1'
Circuit sky130_fd_sc_hd__fill_1 contains 0 device instances.
Circuit contains 0 nets, and 4 disconnected pins.
Contents of circuit 2:  Circuit: 'sky130_fd_sc_hd__fill_1'
Circuit sky130_fd_sc_hd__fill_1 contains 0 device instances.
Circuit contains 0 nets.

Circuit sky130_fd_sc_hd__fill_1 contains no devices.

Contents of circuit 1:  Circuit: 'sky130_fd_sc_hd__and2b_1'
Circuit sky130_fd_sc_hd__and2b_1 contains 0 device instances.
Circuit contains 0 nets, and 7 disconnected pins.
Contents of circuit 2:  Circuit: 'sky130_fd_sc_hd__and2b_1'
Circuit sky130_fd_sc_hd__and2b_1 contains 0 device instances.
Circuit contains 0 nets.

Circuit sky130_fd_sc_hd__and2b_1 contains no devices.

Contents of circuit 1:  Circuit: 'sky130_fd_sc_hd__tapvpwrvgnd_1'
Circuit sky130_fd_sc_hd__tapvpwrvgnd_1 contains 0 device instances.
Circuit contains 0 nets, and 2 disconnected pins.
Contents of circuit 2:  Circuit: 'sky130_fd_sc_hd__tapvpwrvgnd_1'
Circuit sky130_fd_sc_hd__tapvpwrvgnd_1 contains 0 device instances.
Circuit contains 0 nets.

Circuit sky130_fd_sc_hd__tapvpwrvgnd_1 contains no devices.

Contents of circuit 1:  Circuit: 'sky130_fd_sc_hd__decap_4'
Circuit sky130_fd_sc_hd__decap_4 contains 0 device instances.
Circuit contains 0 nets, and 4 disconnected pins.
Contents of circuit 2:  Circuit: 'sky130_fd_sc_hd__decap_4'
Circuit sky130_fd_sc_hd__decap_4 contains 0 device instances.
Circuit contains 0 nets.

Circuit sky130_fd_sc_hd__decap_4 contains no devices.

Contents of circuit 1:  Circuit: 'sky130_fd_sc_hd__decap_6'
Circuit sky130_fd_sc_hd__decap_6 contains 0 device instances.
Circuit contains 0 nets, and 4 disconnected pins.
Contents of circuit 2:  Circuit: 'sky130_fd_sc_hd__decap_6'
Circuit sky130_fd_sc_hd__decap_6 contains 0 device instances.
Circuit contains 0 nets.

Circuit sky130_fd_sc_hd__decap_6 contains no devices.

Contents of circuit 1:  Circuit: 'sky130_fd_sc_hd__buf_1'
Circuit sky130_fd_sc_hd__buf_1 contains 0 device instances.
Circuit contains 0 nets, and 6 disconnected pins.
Contents of circuit 2:  Circuit: 'sky130_fd_sc_hd__buf_1'
Circuit sky130_fd_sc_hd__buf_1 contains 0 device instances.
Circuit contains 0 nets.

Circuit sky130_fd_sc_hd__buf_1 contains no devices.

Contents of circuit 1:  Circuit: 'sky130_fd_sc_hd__decap_3'
Circuit sky130_fd_sc_hd__decap_3 contains 0 device instances.
Circuit contains 0 nets, and 4 disconnected pins.
Contents of circuit 2:  Circuit: 'sky130_fd_sc_hd__decap_3'
Circuit sky130_fd_sc_hd__decap_3 contains 0 device instances.
Circuit contains 0 nets.

Circuit sky130_fd_sc_hd__decap_3 contains no devices.

Contents of circuit 1:  Circuit: 'sky130_fd_sc_hd__decap_8'
Circuit sky130_fd_sc_hd__decap_8 contains 0 device instances.
Circuit contains 0 nets, and 4 disconnected pins.
Contents of circuit 2:  Circuit: 'sky130_fd_sc_hd__decap_8'
Circuit sky130_fd_sc_hd__decap_8 contains 0 device instances.
Circuit contains 0 nets.

Circuit sky130_fd_sc_hd__decap_8 contains no devices.

Contents of circuit 1:  Circuit: 'sky130_fd_sc_hd__xor2_1'
Circuit sky130_fd_sc_hd__xor2_1 contains 0 device instances.
Circuit contains 0 nets, and 7 disconnected pins.
Contents of circuit 2:  Circuit: 'sky130_fd_sc_hd__xor2_1'
Circuit sky130_fd_sc_hd__xor2_1 contains 0 device instances.
Circuit contains 0 nets.

Circuit sky130_fd_sc_hd__xor2_1 contains no devices.

Contents of circuit 1:  Circuit: 'sky130_fd_sc_hd__inv_2'
Circuit sky130_fd_sc_hd__inv_2 contains 0 device instances.
Circuit contains 0 nets, and 6 disconnected pins.
Contents of circuit 2:  Circuit: 'sky130_fd_sc_hd__inv_2'
Circuit sky130_fd_sc_hd__inv_2 contains 0 device instances.
Circuit contains 0 nets.

Circuit sky130_fd_sc_hd__inv_2 contains no devices.

Contents of circuit 1:  Circuit: 'sky130_fd_sc_hd__xnor2_1'
Circuit sky130_fd_sc_hd__xnor2_1 contains 0 device instances.
Circuit contains 0 nets, and 7 disconnected pins.
Contents of circuit 2:  Circuit: 'sky130_fd_sc_hd__xnor2_1'
Circuit sky130_fd_sc_hd__xnor2_1 contains 0 device instances.
Circuit contains 0 nets.

Circuit sky130_fd_sc_hd__xnor2_1 contains no devices.

Contents of circuit 1:  Circuit: 'sky130_fd_sc_hd__a21oi_2'
Circuit sky130_fd_sc_hd__a21oi_2 contains 0 device instances.
Circuit contains 0 nets, and 8 disconnected pins.
Contents of circuit 2:  Circuit: 'sky130_fd_sc_hd__a21oi_2'
Circuit sky130_fd_sc_hd__a21oi_2 contains 0 device instances.
Circuit contains 0 nets.

Circuit sky130_fd_sc_hd__a21oi_2 contains no devices.

Contents of circuit 1:  Circuit: 'sky130_fd_sc_hd__fill_2'
Circuit sky130_fd_sc_hd__fill_2 contains 0 device instances.
Circuit contains 0 nets, and 4 disconnected pins.
Contents of circuit 2:  Circuit: 'sky130_fd_sc_hd__fill_2'
Circuit sky130_fd_sc_hd__fill_2 contains 0 device instances.
Circuit contains 0 nets.

Circuit sky130_fd_sc_hd__fill_2 contains no devices.

Contents of circuit 1:  Circuit: 'sky130_fd_sc_hd__clkinv_1'
Circuit sky130_fd_sc_hd__clkinv_1 contains 0 device instances.
Circuit contains 0 nets, and 6 disconnected pins.
Contents of circuit 2:  Circuit: 'sky130_fd_sc_hd__clkinv_1'
Circuit sky130_fd_sc_hd__clkinv_1 contains 0 device instances.
Circuit contains 0 nets.

Circuit sky130_fd_sc_hd__clkinv_1 contains no devices.

Contents of circuit 1:  Circuit: 'sky130_fd_sc_hd__dfxtp_1'
Circuit sky130_fd_sc_hd__dfxtp_1 contains 0 device instances.
Circuit contains 0 nets, and 7 disconnected pins.
Contents of circuit 2:  Circuit: 'sky130_fd_sc_hd__dfxtp_1'
Circuit sky130_fd_sc_hd__dfxtp_1 contains 0 device instances.
Circuit contains 0 nets.

Circuit sky130_fd_sc_hd__dfxtp_1 contains no devices.

Contents of circuit 1:  Circuit: 'sky130_fd_sc_hd__clkinvlp_4'
Circuit sky130_fd_sc_hd__clkinvlp_4 contains 0 device instances.
Circuit contains 0 nets, and 6 disconnected pins.
Contents of circuit 2:  Circuit: 'sky130_fd_sc_hd__clkinvlp_4'
Circuit sky130_fd_sc_hd__clkinvlp_4 contains 0 device instances.
Circuit contains 0 nets.

Circuit sky130_fd_sc_hd__clkinvlp_4 contains no devices.

Contents of circuit 1:  Circuit: 'sky130_fd_sc_hd__clkinv_4'
Circuit sky130_fd_sc_hd__clkinv_4 contains 0 device instances.
Circuit contains 0 nets, and 6 disconnected pins.
Contents of circuit 2:  Circuit: 'sky130_fd_sc_hd__clkinv_4'
Circuit sky130_fd_sc_hd__clkinv_4 contains 0 device instances.
Circuit contains 0 nets.

Circuit sky130_fd_sc_hd__clkinv_4 contains no devices.

Contents of circuit 1:  Circuit: 'sky130_fd_sc_hd__clkbuf_16'
Circuit sky130_fd_sc_hd__clkbuf_16 contains 0 device instances.
Circuit contains 0 nets, and 6 disconnected pins.
Contents of circuit 2:  Circuit: 'sky130_fd_sc_hd__clkbuf_16'
Circuit sky130_fd_sc_hd__clkbuf_16 contains 0 device instances.
Circuit contains 0 nets.

Circuit sky130_fd_sc_hd__clkbuf_16 contains no devices.

Contents of circuit 1:  Circuit: 'sky130_fd_sc_hd__or2_1'
Circuit sky130_fd_sc_hd__or2_1 contains 0 device instances.
Circuit contains 0 nets, and 7 disconnected pins.
Contents of circuit 2:  Circuit: 'sky130_fd_sc_hd__or2_1'
Circuit sky130_fd_sc_hd__or2_1 contains 0 device instances.
Circuit contains 0 nets.

Circuit sky130_fd_sc_hd__or2_1 contains no devices.

Contents of circuit 1:  Circuit: 'sky130_fd_sc_hd__xnor2_2'
Circuit sky130_fd_sc_hd__xnor2_2 contains 0 device instances.
Circuit contains 0 nets, and 7 disconnected pins.
Contents of circuit 2:  Circuit: 'sky130_fd_sc_hd__xnor2_2'
Circuit sky130_fd_sc_hd__xnor2_2 contains 0 device instances.
Circuit contains 0 nets.

Circuit sky130_fd_sc_hd__xnor2_2 contains no devices.

Contents of circuit 1:  Circuit: 'sky130_fd_sc_hd__a21o_1'
Circuit sky130_fd_sc_hd__a21o_1 contains 0 device instances.
Circuit contains 0 nets, and 8 disconnected pins.
Contents of circuit 2:  Circuit: 'sky130_fd_sc_hd__a21o_1'
Circuit sky130_fd_sc_hd__a21o_1 contains 0 device instances.
Circuit contains 0 nets.

Circuit sky130_fd_sc_hd__a21o_1 contains no devices.

Contents of circuit 1:  Circuit: 'sky130_fd_sc_hd__o21a_1'
Circuit sky130_fd_sc_hd__o21a_1 contains 0 device instances.
Circuit contains 0 nets, and 8 disconnected pins.
Contents of circuit 2:  Circuit: 'sky130_fd_sc_hd__o21a_1'
Circuit sky130_fd_sc_hd__o21a_1 contains 0 device instances.
Circuit contains 0 nets.

Circuit sky130_fd_sc_hd__o21a_1 contains no devices.

Contents of circuit 1:  Circuit: 'sky130_fd_sc_hd__a21bo_1'
Circuit sky130_fd_sc_hd__a21bo_1 contains 0 device instances.
Circuit contains 0 nets, and 8 disconnected pins.
Contents of circuit 2:  Circuit: 'sky130_fd_sc_hd__a21bo_1'
Circuit sky130_fd_sc_hd__a21bo_1 contains 0 device instances.
Circuit contains 0 nets.

Circuit sky130_fd_sc_hd__a21bo_1 contains no devices.

Contents of circuit 1:  Circuit: 'sky130_fd_sc_hd__nand2_1'
Circuit sky130_fd_sc_hd__nand2_1 contains 0 device instances.
Circuit contains 0 nets, and 7 disconnected pins.
Contents of circuit 2:  Circuit: 'sky130_fd_sc_hd__nand2_1'
Circuit sky130_fd_sc_hd__nand2_1 contains 0 device instances.
Circuit contains 0 nets.

Circuit sky130_fd_sc_hd__nand2_1 contains no devices.

Contents of circuit 1:  Circuit: 'sky130_fd_sc_hd__clkbuf_1'
Circuit sky130_fd_sc_hd__clkbuf_1 contains 0 device instances.
Circuit contains 0 nets, and 6 disconnected pins.
Contents of circuit 2:  Circuit: 'sky130_fd_sc_hd__clkbuf_1'
Circuit sky130_fd_sc_hd__clkbuf_1 contains 0 device instances.
Circuit contains 0 nets.

Circuit sky130_fd_sc_hd__clkbuf_1 contains no devices.

Contents of circuit 1:  Circuit: 'sky130_fd_sc_hd__or4_1'
Circuit sky130_fd_sc_hd__or4_1 contains 0 device instances.
Circuit contains 0 nets, and 9 disconnected pins.
Contents of circuit 2:  Circuit: 'sky130_fd_sc_hd__or4_1'
Circuit sky130_fd_sc_hd__or4_1 contains 0 device instances.
Circuit contains 0 nets.

Circuit sky130_fd_sc_hd__or4_1 contains no devices.

Contents of circuit 1:  Circuit: 'sky130_fd_sc_hd__xor2_2'
Circuit sky130_fd_sc_hd__xor2_2 contains 0 device instances.
Circuit contains 0 nets, and 7 disconnected pins.
Contents of circuit 2:  Circuit: 'sky130_fd_sc_hd__xor2_2'
Circuit sky130_fd_sc_hd__xor2_2 contains 0 device instances.
Circuit contains 0 nets.

Circuit sky130_fd_sc_hd__xor2_2 contains no devices.

Contents of circuit 1:  Circuit: 'sky130_fd_sc_hd__a21boi_1'
Circuit sky130_fd_sc_hd__a21boi_1 contains 0 device instances.
Circuit contains 0 nets, and 8 disconnected pins.
Contents of circuit 2:  Circuit: 'sky130_fd_sc_hd__a21boi_1'
Circuit sky130_fd_sc_hd__a21boi_1 contains 0 device instances.
Circuit contains 0 nets.

Circuit sky130_fd_sc_hd__a21boi_1 contains no devices.

Contents of circuit 1:  Circuit: 'sky130_fd_sc_hd__dlygate4sd1_1'
Circuit sky130_fd_sc_hd__dlygate4sd1_1 contains 0 device instances.
Circuit contains 0 nets, and 6 disconnected pins.
Contents of circuit 2:  Circuit: 'sky130_fd_sc_hd__dlygate4sd1_1'
Circuit sky130_fd_sc_hd__dlygate4sd1_1 contains 0 device instances.
Circuit contains 0 nets.

Circuit sky130_fd_sc_hd__dlygate4sd1_1 contains no devices.

Contents of circuit 1:  Circuit: 'sky130_fd_sc_hd__dfxtp_2'
Circuit sky130_fd_sc_hd__dfxtp_2 contains 0 device instances.
Circuit contains 0 nets, and 7 disconnected pins.
Contents of circuit 2:  Circuit: 'sky130_fd_sc_hd__dfxtp_2'
Circuit sky130_fd_sc_hd__dfxtp_2 contains 0 device instances.
Circuit contains 0 nets.

Circuit sky130_fd_sc_hd__dfxtp_2 contains no devices.

Contents of circuit 1:  Circuit: 'sky130_fd_sc_hd__nand3b_1'
Circuit sky130_fd_sc_hd__nand3b_1 contains 0 device instances.
Circuit contains 0 nets, and 8 disconnected pins.
Contents of circuit 2:  Circuit: 'sky130_fd_sc_hd__nand3b_1'
Circuit sky130_fd_sc_hd__nand3b_1 contains 0 device instances.
Circuit contains 0 nets.

Circuit sky130_fd_sc_hd__nand3b_1 contains no devices.

Contents of circuit 1:  Circuit: 'sky130_fd_sc_hd__and2_1'
Circuit sky130_fd_sc_hd__and2_1 contains 0 device instances.
Circuit contains 0 nets, and 7 disconnected pins.
Contents of circuit 2:  Circuit: 'sky130_fd_sc_hd__and2_1'
Circuit sky130_fd_sc_hd__and2_1 contains 0 device instances.
Circuit contains 0 nets.

Circuit sky130_fd_sc_hd__and2_1 contains no devices.

Contents of circuit 1:  Circuit: 'sky130_fd_sc_hd__dlymetal6s2s_1'
Circuit sky130_fd_sc_hd__dlymetal6s2s_1 contains 0 device instances.
Circuit contains 0 nets, and 6 disconnected pins.
Contents of circuit 2:  Circuit: 'sky130_fd_sc_hd__dlymetal6s2s_1'
Circuit sky130_fd_sc_hd__dlymetal6s2s_1 contains 0 device instances.
Circuit contains 0 nets.

Circuit sky130_fd_sc_hd__dlymetal6s2s_1 contains no devices.

Contents of circuit 1:  Circuit: 'sky130_fd_sc_hd__and3_1'
Circuit sky130_fd_sc_hd__and3_1 contains 0 device instances.
Circuit contains 0 nets, and 8 disconnected pins.
Contents of circuit 2:  Circuit: 'sky130_fd_sc_hd__and3_1'
Circuit sky130_fd_sc_hd__and3_1 contains 0 device instances.
Circuit contains 0 nets.

Circuit sky130_fd_sc_hd__and3_1 contains no devices.

Contents of circuit 1:  Circuit: 'adder'
Circuit adder contains 503 device instances.
  Class: sky130_fd_sc_hd__a21o_1 instances:   6
  Class: sky130_fd_sc_hd__clkbuf_16 instances:   5
  Class: sky130_fd_sc_hd__dfxtp_1 instances:  49
  Class: sky130_fd_sc_hd__dfxtp_2 instances:   1
  Class: sky130_fd_sc_hd__or4_1 instances:   1
  Class: sky130_fd_sc_hd__buf_1 instances:  18
  Class: sky130_fd_sc_hd__xor2_1 instances:  12
  Class: sky130_fd_sc_hd__xor2_2 instances:   1
  Class: sky130_ef_sc_hd__decap_12 instances:  44
  Class: sky130_fd_sc_hd__inv_2 instances:   2
  Class: sky130_fd_sc_hd__clkbuf_1 instances:  33
  Class: sky130_fd_sc_hd__and2b_1 instances:  10
  Class: sky130_fd_sc_hd__a21boi_1 instances:   1
  Class: sky130_fd_sc_hd__a21bo_1 instances:   2
  Class: sky130_fd_sc_hd__clkinv_1 instances:   1
  Class: sky130_fd_sc_hd__clkinv_4 instances:   1
  Class: sky130_fd_sc_hd__and3_1 instances:   1
  Class: sky130_fd_sc_hd__decap_3 instances:  62
  Class: sky130_fd_sc_hd__decap_4 instances:  22
  Class: sky130_fd_sc_hd__decap_6 instances:  29
  Class: sky130_fd_sc_hd__decap_8 instances:  29
  Class: sky130_fd_sc_hd__or2_1 instances:   2
  Class: sky130_fd_sc_hd__or2_4 instances:   1
  Class: sky130_fd_sc_hd__nand2_1 instances:   6
  Class: sky130_fd_sc_hd__nand3b_1 instances:   1
  Class: sky130_fd_sc_hd__and2_1 instances:   1
  Class: sky130_fd_sc_hd__clkinvlp_4 instances:   1
  Class: sky130_fd_sc_hd__xnor2_1 instances:  15
  Class: sky130_fd_sc_hd__xnor2_2 instances:   4
  Class: sky130_fd_sc_hd__dlymetal6s2s_1 instances:   1
  Class: sky130_fd_sc_hd__dlygate4sd1_1 instances:   3
  Class: sky130_fd_sc_hd__o21a_1 instances:   2
  Class: sky130_fd_sc_hd__tapvpwrvgnd_1 instances:  48
  Class: sky130_fd_sc_hd__a21oi_2 instances:   7
  Class: sky130_fd_sc_hd__fill_1 instances:  49
  Class: sky130_fd_sc_hd__fill_2 instances:  31
  Class: sky130_fd_sc_hd__or2b_1 instances:   1
Circuit contains 225 nets.
Contents of circuit 2:  Circuit: 'adder'
Circuit adder contains 503 device instances.
  Class: sky130_fd_sc_hd__a21o_1 instances:   6
  Class: sky130_fd_sc_hd__clkbuf_16 instances:   5
  Class: sky130_fd_sc_hd__dfxtp_1 instances:  49
  Class: sky130_fd_sc_hd__dfxtp_2 instances:   1
  Class: sky130_fd_sc_hd__or4_1 instances:   1
  Class: sky130_fd_sc_hd__buf_1 instances:  18
  Class: sky130_fd_sc_hd__xor2_1 instances:  12
  Class: sky130_fd_sc_hd__xor2_2 instances:   1
  Class: sky130_ef_sc_hd__decap_12 instances:  44
  Class: sky130_fd_sc_hd__inv_2 instances:   2
  Class: sky130_fd_sc_hd__clkbuf_1 instances:  33
  Class: sky130_fd_sc_hd__and2b_1 instances:  10
  Class: sky130_fd_sc_hd__a21boi_1 instances:   1
  Class: sky130_fd_sc_hd__a21bo_1 instances:   2
  Class: sky130_fd_sc_hd__clkinv_1 instances:   1
  Class: sky130_fd_sc_hd__clkinv_4 instances:   1
  Class: sky130_fd_sc_hd__and3_1 instances:   1
  Class: sky130_fd_sc_hd__decap_3 instances:  62
  Class: sky130_fd_sc_hd__decap_4 instances:  22
  Class: sky130_fd_sc_hd__decap_6 instances:  29
  Class: sky130_fd_sc_hd__decap_8 instances:  29
  Class: sky130_fd_sc_hd__or2_1 instances:   2
  Class: sky130_fd_sc_hd__or2_4 instances:   1
  Class: sky130_fd_sc_hd__nand2_1 instances:   6
  Class: sky130_fd_sc_hd__nand3b_1 instances:   1
  Class: sky130_fd_sc_hd__and2_1 instances:   1
  Class: sky130_fd_sc_hd__clkinvlp_4 instances:   1
  Class: sky130_fd_sc_hd__xnor2_1 instances:  15
  Class: sky130_fd_sc_hd__xnor2_2 instances:   4
  Class: sky130_fd_sc_hd__dlymetal6s2s_1 instances:   1
  Class: sky130_fd_sc_hd__dlygate4sd1_1 instances:   3
  Class: sky130_fd_sc_hd__o21a_1 instances:   2
  Class: sky130_fd_sc_hd__tapvpwrvgnd_1 instances:  48
  Class: sky130_fd_sc_hd__a21oi_2 instances:   7
  Class: sky130_fd_sc_hd__fill_1 instances:  49
  Class: sky130_fd_sc_hd__fill_2 instances:  31
  Class: sky130_fd_sc_hd__or2b_1 instances:   1
Circuit contains 225 nets.

Circuit was modified by parallel/series device merging.
New circuit summary:

Contents of circuit 1:  Circuit: 'adder'
Circuit adder contains 197 device instances.
  Class: sky130_fd_sc_hd__a21o_1 instances:   6
  Class: sky130_fd_sc_hd__clkbuf_16 instances:   5
  Class: sky130_fd_sc_hd__dfxtp_1 instances:  49
  Class: sky130_fd_sc_hd__dfxtp_2 instances:   1
  Class: sky130_fd_sc_hd__or4_1 instances:   1
  Class: sky130_fd_sc_hd__buf_1 instances:  18
  Class: sky130_fd_sc_hd__xor2_1 instances:  12
  Class: sky130_fd_sc_hd__xor2_2 instances:   1
  Class: sky130_ef_sc_hd__decap_12 instances:   1
  Class: sky130_fd_sc_hd__inv_2 instances:   2
  Class: sky130_fd_sc_hd__clkbuf_1 instances:  33
  Class: sky130_fd_sc_hd__and2b_1 instances:  10
  Class: sky130_fd_sc_hd__a21boi_1 instances:   1
  Class: sky130_fd_sc_hd__a21bo_1 instances:   2
  Class: sky130_fd_sc_hd__clkinv_1 instances:   1
  Class: sky130_fd_sc_hd__clkinv_4 instances:   1
  Class: sky130_fd_sc_hd__and3_1 instances:   1
  Class: sky130_fd_sc_hd__decap_3 instances:   1
  Class: sky130_fd_sc_hd__decap_4 instances:   1
  Class: sky130_fd_sc_hd__decap_6 instances:   1
  Class: sky130_fd_sc_hd__decap_8 instances:   1
  Class: sky130_fd_sc_hd__or2_1 instances:   2
  Class: sky130_fd_sc_hd__or2_4 instances:   1
  Class: sky130_fd_sc_hd__nand2_1 instances:   6
  Class: sky130_fd_sc_hd__nand3b_1 instances:   1
  Class: sky130_fd_sc_hd__and2_1 instances:   1
  Class: sky130_fd_sc_hd__clkinvlp_4 instances:   1
  Class: sky130_fd_sc_hd__xnor2_1 instances:  15
  Class: sky130_fd_sc_hd__xnor2_2 instances:   4
  Class: sky130_fd_sc_hd__dlymetal6s2s_1 instances:   1
  Class: sky130_fd_sc_hd__dlygate4sd1_1 instances:   3
  Class: sky130_fd_sc_hd__o21a_1 instances:   2
  Class: sky130_fd_sc_hd__tapvpwrvgnd_1 instances:   1
  Class: sky130_fd_sc_hd__a21oi_2 instances:   7
  Class: sky130_fd_sc_hd__fill_1 instances:   1
  Class: sky130_fd_sc_hd__fill_2 instances:   1
  Class: sky130_fd_sc_hd__or2b_1 instances:   1
Circuit contains 225 nets.
Contents of circuit 2:  Circuit: 'adder'
Circuit adder contains 197 device instances.
  Class: sky130_fd_sc_hd__a21o_1 instances:   6
  Class: sky130_fd_sc_hd__clkbuf_16 instances:   5
  Class: sky130_fd_sc_hd__dfxtp_1 instances:  49
  Class: sky130_fd_sc_hd__dfxtp_2 instances:   1
  Class: sky130_fd_sc_hd__or4_1 instances:   1
  Class: sky130_fd_sc_hd__buf_1 instances:  18
  Class: sky130_fd_sc_hd__xor2_1 instances:  12
  Class: sky130_fd_sc_hd__xor2_2 instances:   1
  Class: sky130_ef_sc_hd__decap_12 instances:   1
  Class: sky130_fd_sc_hd__inv_2 instances:   2
  Class: sky130_fd_sc_hd__clkbuf_1 instances:  33
  Class: sky130_fd_sc_hd__and2b_1 instances:  10
  Class: sky130_fd_sc_hd__a21boi_1 instances:   1
  Class: sky130_fd_sc_hd__a21bo_1 instances:   2
  Class: sky130_fd_sc_hd__clkinv_1 instances:   1
  Class: sky130_fd_sc_hd__clkinv_4 instances:   1
  Class: sky130_fd_sc_hd__and3_1 instances:   1
  Class: sky130_fd_sc_hd__decap_3 instances:   1
  Class: sky130_fd_sc_hd__decap_4 instances:   1
  Class: sky130_fd_sc_hd__decap_6 instances:   1
  Class: sky130_fd_sc_hd__decap_8 instances:   1
  Class: sky130_fd_sc_hd__or2_1 instances:   2
  Class: sky130_fd_sc_hd__or2_4 instances:   1
  Class: sky130_fd_sc_hd__nand2_1 instances:   6
  Class: sky130_fd_sc_hd__nand3b_1 instances:   1
  Class: sky130_fd_sc_hd__and2_1 instances:   1
  Class: sky130_fd_sc_hd__clkinvlp_4 instances:   1
  Class: sky130_fd_sc_hd__xnor2_1 instances:  15
  Class: sky130_fd_sc_hd__xnor2_2 instances:   4
  Class: sky130_fd_sc_hd__dlymetal6s2s_1 instances:   1
  Class: sky130_fd_sc_hd__dlygate4sd1_1 instances:   3
  Class: sky130_fd_sc_hd__o21a_1 instances:   2
  Class: sky130_fd_sc_hd__tapvpwrvgnd_1 instances:   1
  Class: sky130_fd_sc_hd__a21oi_2 instances:   7
  Class: sky130_fd_sc_hd__fill_1 instances:   1
  Class: sky130_fd_sc_hd__fill_2 instances:   1
  Class: sky130_fd_sc_hd__or2b_1 instances:   1
Circuit contains 225 nets.

Circuit 1 contains 197 devices, Circuit 2 contains 197 devices.
Circuit 1 contains 225 nets,    Circuit 2 contains 225 nets.


Final result: 
Circuits match uniquely.
.
Logging to file "/openlane/designs/adder/runs/auto_pnr/logs/signoff/38-adder.lef.lvs.log" disabled
LVS Done.
