Instance,Terminal,Layer,X location,Y location,Voltage
FILLER_0_21_120,VGND,li1,62.1000,70.7200,0.000001
FILLER_0_21_113,VGND,li1,58.4200,70.7200,0.000001
FILLER_0_21_111,VGND,li1,56.8100,70.7200,0.000002
FILLER_0_21_102,VGND,li1,53.8200,70.7200,0.000002
FILLER_0_21_89,VGND,li1,46.6900,70.7200,0.000003
FILLER_0_21_85,VGND,li1,45.5400,70.7200,0.000003
FILLER_0_21_75,VGND,li1,41.4000,70.7200,0.000004
FILLER_0_21_66,VGND,li1,37.2600,70.7200,0.000005
FILLER_0_21_60,VGND,li1,33.8100,70.7200,0.000005
FILLER_0_21_55,VGND,li1,31.0500,70.7200,0.000008
FILLER_0_21_51,VGND,li1,29.9000,70.7200,0.000008
FILLER_0_21_20,VGND,li1,15.1800,70.7200,0.000012
FILLER_0_20_131,VGND,li1,66.0100,65.2800,0.000019
FILLER_0_20_103,VGND,li1,55.6600,65.2800,0.000025
FILLER_0_20_85,VGND,li1,45.0800,65.2800,0.000028
FILLER_0_20_83,VGND,li1,43.9300,65.2800,0.000031
FILLER_0_20_79,VGND,li1,42.7800,65.2800,0.000031
FILLER_0_20_67,VGND,li1,39.1000,65.2800,0.000032
FILLER_0_20_32,VGND,li1,20.9300,65.2800,0.000029
FILLER_0_20_26,VGND,li1,17.9400,65.2800,0.000024
FILLER_0_20_9,VGND,li1,9.8900,65.2800,0.000027
FILLER_0_19_128,VGND,li1,64.6300,65.2800,0.000019
FILLER_0_19_120,VGND,li1,62.5600,65.2800,0.000019
FILLER_0_19_108,VGND,li1,56.1200,65.2800,0.000025
FILLER_0_19_90,VGND,li1,47.3800,65.2800,0.000025
FILLER_0_19_57,VGND,li1,31.9700,65.2800,0.000027
FILLER_0_19_54,VGND,li1,30.8200,65.2800,0.000027
FILLER_0_19_46,VGND,li1,28.5200,65.2800,0.000029
FILLER_0_19_29,VGND,li1,19.0900,65.2800,0.000026
FILLER_0_19_9,VGND,li1,9.8900,65.2800,0.000027
FILLER_0_18_126,VGND,li1,64.8600,59.8400,0.000013
FILLER_0_18_89,VGND,li1,46.6900,59.8400,0.000012
FILLER_0_18_85,VGND,li1,45.5400,59.8400,0.000013
FILLER_0_18_76,VGND,li1,42.3200,59.8400,0.000014
FILLER_0_18_59,VGND,li1,32.8900,59.8400,0.000015
FILLER_0_18_53,VGND,li1,31.2800,59.8400,0.000015
FILLER_0_18_41,VGND,li1,27.1400,59.8400,0.000019
FILLER_0_18_29,VGND,li1,21.6200,59.8400,0.000020
FILLER_0_18_20,VGND,li1,16.5600,59.8400,0.000020
FILLER_0_18_3,VGND,li1,7.1300,59.8400,0.000026
FILLER_0_17_124,VGND,li1,62.7900,59.8400,0.000012
FILLER_0_17_120,VGND,li1,61.6400,59.8400,0.000012
FILLER_0_17_111,VGND,li1,56.8100,59.8400,0.000015
FILLER_0_17_107,VGND,li1,55.6600,59.8400,0.000014
FILLER_0_17_95,VGND,li1,51.9800,59.8400,0.000014
FILLER_0_17_81,VGND,li1,44.6200,59.8400,0.000013
FILLER_0_17_69,VGND,li1,40.0200,59.8400,0.000015
FILLER_0_17_57,VGND,li1,34.5000,59.8400,0.000016
FILLER_0_17_38,VGND,li1,23.4600,59.8400,0.000020
FILLER_0_17_30,VGND,li1,21.1600,59.8400,0.000020
FILLER_0_17_6,VGND,li1,10.1200,59.8400,0.000026
FILLER_0_16_131,VGND,li1,66.0100,54.4000,0.000013
FILLER_0_16_125,VGND,li1,64.4000,54.4000,0.000012
FILLER_0_16_109,VGND,li1,56.1200,54.4000,0.000018
FILLER_0_16_101,VGND,li1,53.8200,54.4000,0.000020
FILLER_0_16_67,VGND,li1,36.5700,54.4000,0.000040
FILLER_0_16_59,VGND,li1,34.5000,54.4000,0.000042
FILLER_0_16_37,VGND,li1,23.0000,54.4000,0.000056
FILLER_0_16_29,VGND,li1,20.7000,54.4000,0.000050
FILLER_0_16_26,VGND,li1,17.9400,54.4000,0.000043
FILLER_0_16_18,VGND,li1,15.6400,54.4000,0.000037
FILLER_0_16_6,VGND,li1,11.0400,54.4000,0.000042
FILLER_0_15_111,VGND,li1,56.8100,54.4000,0.000018
FILLER_0_15_105,VGND,li1,55.2000,54.4000,0.000020
FILLER_0_15_93,VGND,li1,51.0600,54.4000,0.000021
FILLER_0_15_81,VGND,li1,45.5400,54.4000,0.000029
FILLER_0_15_69,VGND,li1,40.0200,54.4000,0.000037
FILLER_0_15_57,VGND,li1,34.5000,54.4000,0.000042
FILLER_0_15_50,VGND,li1,29.9000,54.4000,0.000056
FILLER_0_15_22,VGND,li1,18.4000,54.4000,0.000043
FILLER_0_15_3,VGND,li1,7.5900,54.4000,0.000043
FILLER_0_14_131,VGND,li1,66.0100,48.9600,0.000007
FILLER_0_14_123,VGND,li1,62.3300,48.9600,0.000008
FILLER_0_14_119,VGND,li1,61.1800,48.9600,0.000008
FILLER_0_14_97,VGND,li1,50.6000,48.9600,0.000009
FILLER_0_14_85,VGND,li1,47.3800,48.9600,0.000008
FILLER_0_14_83,VGND,li1,43.9300,48.9600,0.000009
FILLER_0_14_75,VGND,li1,41.8600,48.9600,0.000009
FILLER_0_14_63,VGND,li1,37.2600,48.9600,0.000009
FILLER_0_14_51,VGND,li1,31.7400,48.9600,0.000008
FILLER_0_14_39,VGND,li1,26.2200,48.9600,0.000012
FILLER_0_14_6,VGND,li1,11.0400,48.9600,0.000009
FILLER_0_13_126,VGND,li1,64.8600,48.9600,0.000007
FILLER_0_13_106,VGND,li1,55.6600,48.9600,0.000009
FILLER_0_13_98,VGND,li1,50.8300,48.9600,0.000009
FILLER_0_13_92,VGND,li1,49.2200,48.9600,0.000009
FILLER_0_13_65,VGND,li1,35.8800,48.9600,0.000009
FILLER_0_13_57,VGND,li1,33.5800,48.9600,0.000009
FILLER_0_13_38,VGND,li1,23.4600,48.9600,0.000011
FILLER_0_13_30,VGND,li1,21.1600,48.9600,0.000010
FILLER_0_13_6,VGND,li1,9.6600,48.9600,0.000009
FILLER_0_12_125,VGND,li1,63.2500,43.5200,0.000017
FILLER_0_12_99,VGND,li1,51.9800,43.5200,0.000030
FILLER_0_12_41,VGND,li1,25.7600,43.5200,0.000028
FILLER_0_12_29,VGND,li1,21.6200,43.5200,0.000024
FILLER_0_12_27,VGND,li1,18.1700,43.5200,0.000017
FILLER_0_12_19,VGND,li1,16.1000,43.5200,0.000017
FILLER_0_12_3,VGND,li1,8.2800,43.5200,0.000018
FILLER_0_11_110,VGND,li1,56.5800,43.5200,0.000024
FILLER_0_11_94,VGND,li1,49.2200,43.5200,0.000032
FILLER_0_11_65,VGND,li1,35.8800,43.5200,0.000048
FILLER_0_11_57,VGND,li1,33.5800,43.5200,0.000035
FILLER_0_11_50,VGND,li1,29.9000,43.5200,0.000034
FILLER_0_11_23,VGND,li1,16.7900,43.5200,0.000017
FILLER_0_11_14,VGND,li1,12.4200,43.5200,0.000018
FILLER_0_11_6,VGND,li1,10.1200,43.5200,0.000018
FILLER_0_10_131,VGND,li1,66.0100,38.0800,0.000003
FILLER_0_10_127,VGND,li1,64.8600,38.0800,0.000003
FILLER_0_10_108,VGND,li1,55.8900,38.0800,0.000005
FILLER_0_10_100,VGND,li1,51.7500,38.0800,0.000006
FILLER_0_10_88,VGND,li1,47.3800,38.0800,0.000006
FILLER_0_10_81,VGND,li1,43.4700,38.0800,0.000008
FILLER_0_10_62,VGND,li1,34.7300,38.0800,0.000010
FILLER_0_10_29,VGND,li1,19.7800,38.0800,0.000012
FILLER_0_10_27,VGND,li1,18.1700,38.0800,0.000012
FILLER_0_10_3,VGND,li1,7.3600,38.0800,0.000012
FILLER_0_9_131,VGND,li1,66.0100,38.0800,0.000003
FILLER_0_9_125,VGND,li1,64.4000,38.0800,0.000003
FILLER_0_9_113,VGND,li1,60.2600,38.0800,0.000004
FILLER_0_9_111,VGND,li1,56.8100,38.0800,0.000005
FILLER_0_9_101,VGND,li1,52.6700,38.0800,0.000006
FILLER_0_9_93,VGND,li1,50.1400,38.0800,0.000006
FILLER_0_9_81,VGND,li1,45.5400,38.0800,0.000007
FILLER_0_9_69,VGND,li1,40.0200,38.0800,0.000009
FILLER_0_9_57,VGND,li1,34.5000,38.0800,0.000010
FILLER_0_9_55,VGND,li1,31.0500,38.0800,0.000013
FILLER_0_9_51,VGND,li1,29.9000,38.0800,0.000013
FILLER_0_9_30,VGND,li1,19.7800,38.0800,0.000012
FILLER_0_9_6,VGND,li1,8.7400,38.0800,0.000012
FILLER_0_8_126,VGND,li1,64.8600,32.6400,0.000011
FILLER_0_8_114,VGND,li1,60.7200,32.6400,0.000014
FILLER_0_8_102,VGND,li1,55.2000,32.6400,0.000015
FILLER_0_8_85,VGND,li1,44.8500,32.6400,0.000015
FILLER_0_8_77,VGND,li1,41.1700,32.6400,0.000014
FILLER_0_8_73,VGND,li1,40.0200,32.6400,0.000014
FILLER_0_8_63,VGND,li1,35.4200,32.6400,0.000013
FILLER_0_8_56,VGND,li1,31.5100,32.6400,0.000011
FILLER_0_8_48,VGND,li1,29.4400,32.6400,0.000011
FILLER_0_8_29,VGND,li1,20.2400,32.6400,0.000013
FILLER_0_8_26,VGND,li1,17.9400,32.6400,0.000012
FILLER_0_8_18,VGND,li1,15.6400,32.6400,0.000012
FILLER_0_8_6,VGND,li1,11.0400,32.6400,0.000017
FILLER_0_7_131,VGND,li1,66.0100,32.6400,0.000011
FILLER_0_7_113,VGND,li1,57.9600,32.6400,0.000014
FILLER_0_7_111,VGND,li1,56.8100,32.6400,0.000014
FILLER_0_7_103,VGND,li1,54.7400,32.6400,0.000015
FILLER_0_7_96,VGND,li1,49.9100,32.6400,0.000015
FILLER_0_7_88,VGND,li1,47.8400,32.6400,0.000015
FILLER_0_7_71,VGND,li1,38.8700,32.6400,0.000014
FILLER_0_7_55,VGND,li1,31.0500,32.6400,0.000011
FILLER_0_7_29,VGND,li1,19.5500,32.6400,0.000012
FILLER_0_7_21,VGND,li1,17.0200,32.6400,0.000012
FILLER_0_7_3,VGND,li1,7.3600,32.6400,0.000017
FILLER_0_6_129,VGND,li1,65.5500,27.2000,0.000039
FILLER_0_6_117,VGND,li1,62.1000,27.2000,0.000047
FILLER_0_6_85,VGND,li1,47.3800,27.2000,0.000043
FILLER_0_6_69,VGND,li1,37.7200,27.2000,0.000037
FILLER_0_6_37,VGND,li1,23.0000,27.2000,0.000026
FILLER_0_6_29,VGND,li1,20.7000,27.2000,0.000024
FILLER_0_6_27,VGND,li1,18.1700,27.2000,0.000021
FILLER_0_6_21,VGND,li1,16.5600,27.2000,0.000021
FILLER_0_6_13,VGND,li1,11.7300,27.2000,0.000026
FILLER_0_6_6,VGND,li1,9.2000,27.2000,0.000029
FILLER_0_5_129,VGND,li1,65.5500,27.2000,0.000039
FILLER_0_5_109,VGND,li1,56.3500,27.2000,0.000061
FILLER_0_5_101,VGND,li1,53.8200,27.2000,0.000068
FILLER_0_5_84,VGND,li1,44.3900,27.2000,0.000041
FILLER_0_5_76,VGND,li1,42.3200,27.2000,0.000040
FILLER_0_5_68,VGND,li1,37.0300,27.2000,0.000035
FILLER_0_5_64,VGND,li1,35.8800,27.2000,0.000035
FILLER_0_5_53,VGND,li1,30.5900,27.2000,0.000026
FILLER_0_5_31,VGND,li1,21.1600,27.2000,0.000024
FILLER_0_5_19,VGND,li1,17.0200,27.2000,0.000021
FILLER_0_4_129,VGND,li1,65.5500,21.7600,0.000008
FILLER_0_4_121,VGND,li1,63.0200,21.7600,0.000008
FILLER_0_4_109,VGND,li1,58.4200,21.7600,0.000007
FILLER_0_4_97,VGND,li1,52.9000,21.7600,0.000006
FILLER_0_4_85,VGND,li1,47.3800,21.7600,0.000004
FILLER_0_4_83,VGND,li1,43.9300,21.7600,0.000006
FILLER_0_4_77,VGND,li1,42.3200,21.7600,0.000006
FILLER_0_4_65,VGND,li1,38.1800,21.7600,0.000007
FILLER_0_4_53,VGND,li1,32.6600,21.7600,0.000008
FILLER_0_4_41,VGND,li1,27.1400,21.7600,0.000014
FILLER_0_4_33,VGND,li1,20.9300,21.7600,0.000014
FILLER_0_4_29,VGND,li1,19.7800,21.7600,0.000014
FILLER_0_4_26,VGND,li1,17.9400,21.7600,0.000013
FILLER_0_4_9,VGND,li1,9.8900,21.7600,0.000019
FILLER_0_3_131,VGND,li1,66.0100,21.7600,0.000008
FILLER_0_3_113,VGND,li1,57.9600,21.7600,0.000007
FILLER_0_3_111,VGND,li1,56.8100,21.7600,0.000006
FILLER_0_3_105,VGND,li1,55.2000,21.7600,0.000006
FILLER_0_3_93,VGND,li1,51.0600,21.7600,0.000005
FILLER_0_3_81,VGND,li1,45.5400,21.7600,0.000005
FILLER_0_3_69,VGND,li1,40.0200,21.7600,0.000006
FILLER_0_3_57,VGND,li1,34.5000,21.7600,0.000007
FILLER_0_3_52,VGND,li1,30.3600,21.7600,0.000010
FILLER_0_3_30,VGND,li1,20.7000,21.7600,0.000014
FILLER_0_3_18,VGND,li1,16.5600,21.7600,0.000013
FILLER_0_3_9,VGND,li1,10.1200,21.7600,0.000019
FILLER_0_2_129,VGND,li1,65.5500,16.3200,0.000014
FILLER_0_2_117,VGND,li1,62.1000,16.3200,0.000017
FILLER_0_2_49,VGND,li1,28.7500,16.3200,0.000029
FILLER_0_2_41,VGND,li1,26.2200,16.3200,0.000032
FILLER_0_2_29,VGND,li1,21.6200,16.3200,0.000034
FILLER_0_2_22,VGND,li1,17.0200,16.3200,0.000031
FILLER_0_1_129,VGND,li1,65.5500,16.3200,0.000014
FILLER_0_1_111,VGND,li1,56.8100,16.3200,0.000019
FILLER_0_1_107,VGND,li1,55.6600,16.3200,0.000019
FILLER_0_1_95,VGND,li1,51.9800,16.3200,0.000020
FILLER_0_1_83,VGND,li1,46.4600,16.3200,0.000021
FILLER_0_1_65,VGND,li1,35.8800,16.3200,0.000028
FILLER_0_1_57,VGND,li1,33.5800,16.3200,0.000027
FILLER_0_1_6,VGND,li1,8.7400,16.3200,0.000036
FILLER_0_0_120,VGND,li1,62.1000,10.8800,0.000002
FILLER_0_0_113,VGND,li1,58.4200,10.8800,0.000003
FILLER_0_0_111,VGND,li1,56.8100,10.8800,0.000004
FILLER_0_0_102,VGND,li1,53.8200,10.8800,0.000004
FILLER_0_0_93,VGND,li1,49.6800,10.8800,0.000005
FILLER_0_0_88,VGND,li1,46.4600,10.8800,0.000006
FILLER_0_0_82,VGND,li1,43.7000,10.8800,0.000008
FILLER_0_0_52,VGND,li1,30.3600,10.8800,0.000011
FILLER_0_0_29,VGND,li1,19.0900,10.8800,0.000013
rebuffer4,VGND,li1,21.1600,48.9600,0.000010
rebuffer3,VGND,li1,64.1700,48.9600,0.000007
rebuffer2,VGND,li1,36.1100,43.5200,0.000048
rebuffer1,VGND,li1,51.2900,43.5200,0.000030
clkload2,VGND,li1,52.6700,48.9600,0.000010
clkload1,VGND,li1,51.5200,32.6400,0.000015
clkload0,VGND,li1,20.9300,32.6400,0.000013
clkbuf_2_3__f_clk,VGND,li1,55.6600,48.9600,0.000009
clkbuf_2_2__f_clk,VGND,li1,54.7400,27.2000,0.000068
clkbuf_2_1__f_clk,VGND,li1,28.0600,54.4000,0.000066
clkbuf_2_0__f_clk,VGND,li1,26.2200,32.6400,0.000012
clkbuf_0_clk,VGND,li1,40.9400,43.5200,0.000060
output50,VGND,li1,7.5900,43.5200,0.000018
output49,VGND,li1,7.5900,38.0800,0.000012
output48,VGND,li1,7.5900,32.6400,0.000017
output47,VGND,li1,7.5900,27.2000,0.000029
output46,VGND,li1,7.5900,21.7600,0.000019
output45,VGND,li1,8.9700,21.7600,0.000019
output44,VGND,li1,7.5900,16.3200,0.000036
output43,VGND,li1,7.5900,21.7600,0.000019
output42,VGND,li1,19.5500,65.2800,0.000026
output41,VGND,li1,7.5900,65.2800,0.000028
output40,VGND,li1,7.5900,65.2800,0.000028
output39,VGND,li1,7.5900,59.8400,0.000026
output38,VGND,li1,7.5900,54.4000,0.000043
output37,VGND,li1,7.5900,48.9600,0.000009
output36,VGND,li1,7.5900,48.9600,0.000009
output35,VGND,li1,14.9500,16.3200,0.000029
output34,VGND,li1,8.9700,65.2800,0.000027
input33,VGND,li1,65.5500,65.2800,0.000019
input32,VGND,li1,35.1900,10.8800,0.000010
input31,VGND,li1,33.8100,10.8800,0.000010
input30,VGND,li1,32.4300,10.8800,0.000009
input29,VGND,li1,28.7500,10.8800,0.000011
input28,VGND,li1,20.0100,10.8800,0.000013
input27,VGND,li1,17.7100,10.8800,0.000013
input26,VGND,li1,8.9700,10.8800,0.000016
input25,VGND,li1,7.5900,10.8800,0.000016
input24,VGND,li1,65.5500,10.8800,0.000002
input23,VGND,li1,64.1700,10.8800,0.000002
input22,VGND,li1,60.0300,10.8800,0.000003
input21,VGND,li1,55.8900,10.8800,0.000004
input20,VGND,li1,51.7500,10.8800,0.000004
input19,VGND,li1,47.6100,10.8800,0.000006
input18,VGND,li1,45.3100,10.8800,0.000008
input17,VGND,li1,8.9700,21.7600,0.000019
input16,VGND,li1,39.3300,70.7200,0.000004
input15,VGND,li1,35.1900,70.7200,0.000005
input14,VGND,li1,32.4300,70.7200,0.000006
input13,VGND,li1,26.9100,70.7200,0.000010
input12,VGND,li1,28.2900,70.7200,0.000010
input11,VGND,li1,17.7100,70.7200,0.000013
input10,VGND,li1,18.1700,65.2800,0.000024
input9,VGND,li1,16.3300,70.7200,0.000012
input8,VGND,li1,65.5500,70.7200,0.000001
input7,VGND,li1,64.1700,70.7200,0.000001
input6,VGND,li1,60.0300,70.7200,0.000001
input5,VGND,li1,55.8900,70.7200,0.000002
input4,VGND,li1,51.7500,70.7200,0.000002
input3,VGND,li1,47.6100,70.7200,0.000002
input2,VGND,li1,43.4700,70.7200,0.000003
input1,VGND,li1,8.9700,65.2800,0.000027
TAP_TAPCELL_ROW_21_91,VGND,li1,57.2700,70.4280,0.000002
TAP_TAPCELL_ROW_21_90,VGND,li1,44.3900,70.4280,0.000003
TAP_TAPCELL_ROW_21_89,VGND,li1,31.5100,70.4280,0.000008
TAP_TAPCELL_ROW_21_88,VGND,li1,18.6300,70.4280,0.000013
TAP_TAPCELL_ROW_20_87,VGND,li1,44.3900,65.5710,0.000031
TAP_TAPCELL_ROW_20_86,VGND,li1,18.6300,65.5710,0.000026
TAP_TAPCELL_ROW_19_85,VGND,li1,57.2700,64.9880,0.000025
TAP_TAPCELL_ROW_19_84,VGND,li1,31.5100,64.9880,0.000027
TAP_TAPCELL_ROW_18_83,VGND,li1,44.3900,60.1310,0.000013
TAP_TAPCELL_ROW_18_82,VGND,li1,18.6300,60.1310,0.000020
TAP_TAPCELL_ROW_17_81,VGND,li1,57.2700,59.5480,0.000015
TAP_TAPCELL_ROW_17_80,VGND,li1,31.5100,59.5480,0.000015
TAP_TAPCELL_ROW_16_79,VGND,li1,44.3900,54.6910,0.000029
TAP_TAPCELL_ROW_16_78,VGND,li1,18.6300,54.6910,0.000043
TAP_TAPCELL_ROW_15_77,VGND,li1,57.2700,54.1080,0.000018
TAP_TAPCELL_ROW_15_76,VGND,li1,31.5100,54.1080,0.000056
TAP_TAPCELL_ROW_14_75,VGND,li1,44.3900,49.2510,0.000009
TAP_TAPCELL_ROW_14_74,VGND,li1,18.6300,49.2510,0.000009
TAP_TAPCELL_ROW_13_73,VGND,li1,57.2700,48.6680,0.000009
TAP_TAPCELL_ROW_13_72,VGND,li1,31.5100,48.6680,0.000008
TAP_TAPCELL_ROW_12_71,VGND,li1,44.3900,43.8110,0.000041
TAP_TAPCELL_ROW_12_70,VGND,li1,18.6300,43.8110,0.000020
TAP_TAPCELL_ROW_11_69,VGND,li1,57.2700,43.2280,0.000024
TAP_TAPCELL_ROW_11_68,VGND,li1,31.5100,43.2280,0.000034
TAP_TAPCELL_ROW_10_67,VGND,li1,44.3900,38.3710,0.000007
TAP_TAPCELL_ROW_10_66,VGND,li1,18.6300,38.3710,0.000012
TAP_TAPCELL_ROW_9_65,VGND,li1,57.2700,37.7880,0.000005
TAP_TAPCELL_ROW_9_64,VGND,li1,31.5100,37.7880,0.000013
TAP_TAPCELL_ROW_8_63,VGND,li1,44.3900,32.9310,0.000015
TAP_TAPCELL_ROW_8_62,VGND,li1,18.6300,32.9310,0.000012
TAP_TAPCELL_ROW_7_61,VGND,li1,57.2700,32.3480,0.000014
TAP_TAPCELL_ROW_7_60,VGND,li1,31.5100,32.3480,0.000011
TAP_TAPCELL_ROW_6_59,VGND,li1,44.3900,27.4910,0.000041
TAP_TAPCELL_ROW_6_58,VGND,li1,18.6300,27.4910,0.000023
TAP_TAPCELL_ROW_5_57,VGND,li1,57.2700,26.9080,0.000061
TAP_TAPCELL_ROW_5_56,VGND,li1,31.5100,26.9080,0.000026
TAP_TAPCELL_ROW_4_55,VGND,li1,44.3900,22.0510,0.000005
TAP_TAPCELL_ROW_4_54,VGND,li1,18.6300,22.0510,0.000014
TAP_TAPCELL_ROW_3_53,VGND,li1,57.2700,21.4680,0.000007
TAP_TAPCELL_ROW_3_52,VGND,li1,31.5100,21.4680,0.000010
TAP_TAPCELL_ROW_2_51,VGND,li1,44.3900,16.6110,0.000024
TAP_TAPCELL_ROW_2_50,VGND,li1,18.6300,16.6110,0.000031
TAP_TAPCELL_ROW_1_49,VGND,li1,57.2700,16.0280,0.000019
TAP_TAPCELL_ROW_1_48,VGND,li1,31.5100,16.0280,0.000026
TAP_TAPCELL_ROW_0_47,VGND,li1,57.2700,11.1710,0.000004
TAP_TAPCELL_ROW_0_46,VGND,li1,44.3900,11.1710,0.000008
TAP_TAPCELL_ROW_0_45,VGND,li1,31.5100,11.1710,0.000009
TAP_TAPCELL_ROW_0_44,VGND,li1,18.6300,11.1710,0.000013
PHY_EDGE_ROW_21_Left_43,VGND,li1,6.2100,70.7200,0.000016
PHY_EDGE_ROW_20_Left_42,VGND,li1,6.2100,65.2800,0.000028
PHY_EDGE_ROW_19_Left_41,VGND,li1,6.2100,65.2800,0.000028
PHY_EDGE_ROW_18_Left_40,VGND,li1,6.2100,59.8400,0.000026
PHY_EDGE_ROW_17_Left_39,VGND,li1,6.2100,59.8400,0.000026
PHY_EDGE_ROW_16_Left_38,VGND,li1,6.2100,54.4000,0.000043
PHY_EDGE_ROW_15_Left_37,VGND,li1,6.2100,54.4000,0.000043
PHY_EDGE_ROW_14_Left_36,VGND,li1,6.2100,48.9600,0.000009
PHY_EDGE_ROW_13_Left_35,VGND,li1,6.2100,48.9600,0.000009
PHY_EDGE_ROW_12_Left_34,VGND,li1,6.2100,43.5200,0.000018
PHY_EDGE_ROW_11_Left_33,VGND,li1,6.2100,43.5200,0.000018
PHY_EDGE_ROW_10_Left_32,VGND,li1,6.2100,38.0800,0.000012
PHY_EDGE_ROW_9_Left_31,VGND,li1,6.2100,38.0800,0.000012
PHY_EDGE_ROW_8_Left_30,VGND,li1,6.2100,32.6400,0.000017
PHY_EDGE_ROW_7_Left_29,VGND,li1,6.2100,32.6400,0.000017
PHY_EDGE_ROW_6_Left_28,VGND,li1,6.2100,27.2000,0.000029
PHY_EDGE_ROW_5_Left_27,VGND,li1,6.2100,27.2000,0.000029
PHY_EDGE_ROW_4_Left_26,VGND,li1,6.2100,21.7600,0.000019
PHY_EDGE_ROW_3_Left_25,VGND,li1,6.2100,21.7600,0.000019
PHY_EDGE_ROW_2_Left_24,VGND,li1,6.2100,16.3200,0.000036
PHY_EDGE_ROW_1_Left_23,VGND,li1,6.2100,16.3200,0.000036
PHY_EDGE_ROW_0_Left_22,VGND,li1,6.2100,10.8800,0.000016
PHY_EDGE_ROW_21_Right_21,VGND,li1,66.9300,70.7200,0.000001
PHY_EDGE_ROW_20_Right_20,VGND,li1,66.9300,65.2800,0.000019
PHY_EDGE_ROW_19_Right_19,VGND,li1,66.9300,65.2800,0.000019
PHY_EDGE_ROW_18_Right_18,VGND,li1,66.9300,59.8400,0.000013
PHY_EDGE_ROW_17_Right_17,VGND,li1,66.9300,59.8400,0.000013
PHY_EDGE_ROW_16_Right_16,VGND,li1,66.9300,54.4000,0.000013
PHY_EDGE_ROW_15_Right_15,VGND,li1,66.9300,54.4000,0.000013
PHY_EDGE_ROW_14_Right_14,VGND,li1,66.9300,48.9600,0.000007
PHY_EDGE_ROW_13_Right_13,VGND,li1,66.9300,48.9600,0.000007
PHY_EDGE_ROW_12_Right_12,VGND,li1,66.9300,43.5200,0.000018
PHY_EDGE_ROW_11_Right_11,VGND,li1,66.9300,43.5200,0.000018
PHY_EDGE_ROW_10_Right_10,VGND,li1,66.9300,38.0800,0.000003
PHY_EDGE_ROW_9_Right_9,VGND,li1,66.9300,38.0800,0.000003
PHY_EDGE_ROW_8_Right_8,VGND,li1,66.9300,32.6400,0.000011
PHY_EDGE_ROW_7_Right_7,VGND,li1,66.9300,32.6400,0.000011
PHY_EDGE_ROW_6_Right_6,VGND,li1,66.9300,27.2000,0.000039
PHY_EDGE_ROW_5_Right_5,VGND,li1,66.9300,27.2000,0.000039
PHY_EDGE_ROW_4_Right_4,VGND,li1,66.9300,21.7600,0.000008
PHY_EDGE_ROW_3_Right_3,VGND,li1,66.9300,21.7600,0.000008
PHY_EDGE_ROW_2_Right_2,VGND,li1,66.9300,16.3200,0.000014
PHY_EDGE_ROW_1_Right_1,VGND,li1,66.9300,16.3200,0.000014
PHY_EDGE_ROW_0_Right_0,VGND,li1,66.9300,10.8800,0.000002
_186_,VGND,li1,43.2400,65.2800,0.000031
_185_,VGND,li1,25.3000,65.2800,0.000032
_184_,VGND,li1,13.8000,65.2800,0.000027
_183_,VGND,li1,15.6400,59.8400,0.000020
_182_,VGND,li1,11.9600,54.4000,0.000042
_181_,VGND,li1,60.2600,38.0800,0.000004
_180_,VGND,li1,30.8200,43.5200,0.000034
_179_,VGND,li1,27.6000,48.9600,0.000012
_178_,VGND,li1,30.3600,38.0800,0.000013
_177_,VGND,li1,48.7600,32.6400,0.000015
_176_,VGND,li1,48.3000,27.2000,0.000043
_175_,VGND,li1,33.5800,27.2000,0.000032
_174_,VGND,li1,26.2200,27.2000,0.000028
_173_,VGND,li1,25.7600,21.7600,0.000014
_172_,VGND,li1,13.8000,21.7600,0.000019
_171_,VGND,li1,10.5800,27.2000,0.000029
_170_,VGND,li1,13.3400,10.8800,0.000016
_169_,VGND,li1,24.8400,54.4000,0.000061
_168_,VGND,li1,62.1000,21.7600,0.000008
_167_,VGND,li1,49.2200,65.2800,0.000027
_166_,VGND,li1,62.1000,32.6400,0.000014
_165_,VGND,li1,62.1000,65.2800,0.000019
_164_,VGND,li1,61.1800,27.2000,0.000047
_163_,VGND,li1,59.8000,59.8400,0.000015
_162_,VGND,li1,61.1800,16.3200,0.000017
_161_,VGND,li1,56.5800,43.5200,0.000024
_160_,VGND,li1,55.6600,16.3200,0.000019
_159_,VGND,li1,51.5200,65.2800,0.000028
_158_,VGND,li1,48.3000,16.3200,0.000022
_157_,VGND,li1,48.3000,54.4000,0.000023
_156_,VGND,li1,40.4800,16.3200,0.000030
_155_,VGND,li1,40.4800,54.4000,0.000037
_154_,VGND,li1,40.0200,16.3200,0.000030
_153_,VGND,li1,35.8800,65.2800,0.000033
_152_,VGND,li1,39.5600,10.8800,0.000011
_151_,VGND,li1,36.8000,59.8400,0.000017
_150_,VGND,li1,33.1200,16.3200,0.000026
_149_,VGND,li1,32.6600,65.2800,0.000030
_148_,VGND,li1,27.6000,16.3200,0.000032
_147_,VGND,li1,27.6000,59.8400,0.000019
_146_,VGND,li1,24.3800,10.8800,0.000015
_145_,VGND,li1,23.0000,65.2800,0.000031
_144_,VGND,li1,20.2400,16.3200,0.000034
_143_,VGND,li1,22.5400,70.7200,0.000014
_142_,VGND,li1,12.8800,16.3200,0.000033
_141_,VGND,li1,13.8000,65.2800,0.000027
_140_,VGND,li1,11.5000,32.6400,0.000017
_139_,VGND,li1,11.0400,59.8400,0.000026
_138_,VGND,li1,10.5800,16.3200,0.000036
_137_,VGND,li1,10.8100,70.7200,0.000016
_136_,VGND,li1,44.3900,32.6400,0.000015
_135_,VGND,li1,48.5300,59.8400,0.000013
_134_,VGND,li1,39.7900,27.2000,0.000038
_133_,VGND,li1,28.2900,27.2000,0.000027
_132_,VGND,li1,25.0700,27.2000,0.000028
_131_,VGND,li1,26.2200,32.6400,0.000012
_130_,VGND,li1,54.9700,38.0800,0.000005
_129_,VGND,li1,49.4500,43.5200,0.000032
_128_,VGND,li1,39.3300,43.5200,0.000060
_127_,VGND,li1,47.1500,43.5200,0.000034
_126_,VGND,li1,59.1100,59.8400,0.000015
_125_,VGND,li1,58.1900,54.4000,0.000017
_124_,VGND,li1,59.1100,48.9600,0.000009
_123_,VGND,li1,22.7700,21.7600,0.000014
_122_,VGND,li1,13.5700,27.2000,0.000024
_121_,VGND,li1,17.9400,38.0800,0.000012
_120_,VGND,li1,10.8100,27.2000,0.000029
_119_,VGND,li1,10.3500,38.0800,0.000012
_118_,VGND,li1,12.6500,38.0800,0.000011
_117_,VGND,li1,12.1900,21.7600,0.000019
_116_,VGND,li1,11.7300,48.9600,0.000009
_115_,VGND,li1,47.8400,59.8400,0.000012
_114_,VGND,li1,49.6800,70.7200,0.000002
_113_,VGND,li1,51.7500,59.8400,0.000014
_112_,VGND,li1,64.6300,59.8400,0.000013
_111_,VGND,li1,54.7400,59.8400,0.000014
_110_,VGND,li1,59.1100,65.2800,0.000022
_109_,VGND,li1,61.4100,54.4000,0.000016
_108_,VGND,li1,64.8600,54.4000,0.000013
_107_,VGND,li1,60.4900,54.4000,0.000016
_106_,VGND,li1,62.1000,48.9600,0.000008
_105_,VGND,li1,60.9500,43.5200,0.000020
_104_,VGND,li1,60.4900,43.5200,0.000020
_103_,VGND,li1,64.8600,43.5200,0.000018
_102_,VGND,li1,64.8600,43.5200,0.000018
_101_,VGND,li1,53.5900,38.0800,0.000006
_100_,VGND,li1,54.5100,43.5200,0.000027
_099_,VGND,li1,50.1400,38.0800,0.000006
_098_,VGND,li1,46.2300,43.5200,0.000034
_097_,VGND,li1,42.5500,43.5200,0.000048
_096_,VGND,li1,46.4600,48.9600,0.000008
_095_,VGND,li1,42.0900,48.9600,0.000009
_094_,VGND,li1,37.7200,48.9600,0.000009
_093_,VGND,li1,42.0900,38.0800,0.000008
_092_,VGND,li1,38.4100,38.0800,0.000009
_091_,VGND,li1,42.7800,32.6400,0.000015
_090_,VGND,li1,42.7800,27.2000,0.000040
_089_,VGND,li1,41.1700,32.6400,0.000014
_088_,VGND,li1,38.8700,27.2000,0.000037
_087_,VGND,li1,37.7200,32.6400,0.000014
_086_,VGND,li1,36.5700,32.6400,0.000013
_085_,VGND,li1,33.3500,27.2000,0.000032
_084_,VGND,li1,33.1200,32.6400,0.000011
_083_,VGND,li1,33.3500,32.6400,0.000012
_082_,VGND,li1,23.2300,32.6400,0.000013
_081_,VGND,li1,25.5300,38.0800,0.000014
_080_,VGND,li1,27.6000,38.0800,0.000014
_079_,VGND,li1,27.3700,43.5200,0.000031
_078_,VGND,li1,24.8400,43.5200,0.000028
_077_,VGND,li1,22.5400,38.0800,0.000013
_076_,VGND,li1,18.8600,43.5200,0.000020
_075_,VGND,li1,14.9500,38.0800,0.000010
_074_,VGND,li1,21.8500,43.5200,0.000024
_073_,VGND,li1,17.7100,48.9600,0.000008
_072_,VGND,li1,14.4900,43.5200,0.000017
_071_,VGND,li1,23.2300,38.0800,0.000013
_070_,VGND,li1,15.1800,38.0800,0.000010
_069_,VGND,li1,9.2000,38.0800,0.000012
_068_,VGND,li1,11.9600,38.0800,0.000011
_067_,VGND,li1,17.2500,38.0800,0.000012
_066_,VGND,li1,11.2700,43.5200,0.000018
_065_,VGND,li1,13.5700,43.5200,0.000018
_064_,VGND,li1,14.2600,48.9600,0.000008
_063_,VGND,li1,17.7100,48.9600,0.000008
_062_,VGND,li1,15.4100,48.9600,0.000008
_061_,VGND,li1,45.3100,38.0800,0.000007
_060_,VGND,li1,62.3300,43.5200,0.000017
