Instance,Terminal,Layer,X location,Y location,Voltage
FILLER_0_21_120,VPWR,li1,62.1000,68.0000,1.799993
FILLER_0_21_113,VPWR,li1,58.4200,68.0000,1.799993
FILLER_0_21_111,VPWR,li1,56.8100,68.0000,1.799992
FILLER_0_21_102,VPWR,li1,53.8200,68.0000,1.799990
FILLER_0_21_89,VPWR,li1,46.6900,68.0000,1.799987
FILLER_0_21_85,VPWR,li1,45.5400,68.0000,1.799987
FILLER_0_21_75,VPWR,li1,41.4000,68.0000,1.799987
FILLER_0_21_66,VPWR,li1,37.2600,68.0000,1.799983
FILLER_0_21_60,VPWR,li1,33.8100,68.0000,1.799981
FILLER_0_21_55,VPWR,li1,31.0500,68.0000,1.799979
FILLER_0_21_51,VPWR,li1,29.9000,68.0000,1.799980
FILLER_0_21_20,VPWR,li1,15.1800,68.0000,1.799975
FILLER_0_20_131,VPWR,li1,66.0100,68.0000,1.799993
FILLER_0_20_103,VPWR,li1,55.6600,68.0000,1.799992
FILLER_0_20_85,VPWR,li1,45.0800,68.0000,1.799988
FILLER_0_20_83,VPWR,li1,43.9300,68.0000,1.799988
FILLER_0_20_79,VPWR,li1,42.7800,68.0000,1.799987
FILLER_0_20_67,VPWR,li1,39.1000,68.0000,1.799985
FILLER_0_20_32,VPWR,li1,20.9300,68.0000,1.799973
FILLER_0_20_26,VPWR,li1,17.9400,68.0000,1.799974
FILLER_0_20_9,VPWR,li1,9.8900,68.0000,1.799973
FILLER_0_19_128,VPWR,li1,64.6300,62.5600,1.799979
FILLER_0_19_120,VPWR,li1,62.5600,62.5600,1.799979
FILLER_0_19_108,VPWR,li1,56.1200,62.5600,1.799976
FILLER_0_19_90,VPWR,li1,47.3800,62.5600,1.799975
FILLER_0_19_57,VPWR,li1,31.9700,62.5600,1.799975
FILLER_0_19_54,VPWR,li1,30.8200,62.5600,1.799975
FILLER_0_19_46,VPWR,li1,28.5200,62.5600,1.799979
FILLER_0_19_29,VPWR,li1,19.0900,62.5600,1.799975
FILLER_0_19_9,VPWR,li1,9.8900,62.5600,1.799973
FILLER_0_18_126,VPWR,li1,64.8600,62.5600,1.799979
FILLER_0_18_89,VPWR,li1,46.6900,62.5600,1.799975
FILLER_0_18_85,VPWR,li1,45.5400,62.5600,1.799977
FILLER_0_18_76,VPWR,li1,42.3200,62.5600,1.799973
FILLER_0_18_59,VPWR,li1,32.8900,62.5600,1.799972
FILLER_0_18_53,VPWR,li1,31.2800,62.5600,1.799975
FILLER_0_18_41,VPWR,li1,27.1400,62.5600,1.799979
FILLER_0_18_29,VPWR,li1,21.6200,62.5600,1.799975
FILLER_0_18_20,VPWR,li1,16.5600,62.5600,1.799976
FILLER_0_18_3,VPWR,li1,7.1300,62.5600,1.799973
FILLER_0_17_124,VPWR,li1,62.7900,57.1200,1.799983
FILLER_0_17_120,VPWR,li1,61.6400,57.1200,1.799983
FILLER_0_17_111,VPWR,li1,56.8100,57.1200,1.799982
FILLER_0_17_107,VPWR,li1,55.6600,57.1200,1.799982
FILLER_0_17_95,VPWR,li1,51.9800,57.1200,1.799979
FILLER_0_17_81,VPWR,li1,44.6200,57.1200,1.799976
FILLER_0_17_69,VPWR,li1,40.0200,57.1200,1.799967
FILLER_0_17_57,VPWR,li1,34.5000,57.1200,1.799960
FILLER_0_17_38,VPWR,li1,23.4600,57.1200,1.799961
FILLER_0_17_30,VPWR,li1,21.1600,57.1200,1.799966
FILLER_0_17_6,VPWR,li1,10.1200,57.1200,1.799980
FILLER_0_16_131,VPWR,li1,66.0100,57.1200,1.799983
FILLER_0_16_125,VPWR,li1,64.4000,57.1200,1.799983
FILLER_0_16_109,VPWR,li1,56.1200,57.1200,1.799982
FILLER_0_16_101,VPWR,li1,53.8200,57.1200,1.799981
FILLER_0_16_67,VPWR,li1,36.5700,57.1200,1.799963
FILLER_0_16_59,VPWR,li1,34.5000,57.1200,1.799960
FILLER_0_16_37,VPWR,li1,23.0000,57.1200,1.799961
FILLER_0_16_29,VPWR,li1,20.7000,57.1200,1.799966
FILLER_0_16_26,VPWR,li1,17.9400,57.1200,1.799971
FILLER_0_16_18,VPWR,li1,15.6400,57.1200,1.799975
FILLER_0_16_6,VPWR,li1,11.0400,57.1200,1.799980
FILLER_0_15_111,VPWR,li1,56.8100,51.6800,1.799942
FILLER_0_15_105,VPWR,li1,55.2000,51.6800,1.799942
FILLER_0_15_93,VPWR,li1,51.0600,51.6800,1.799956
FILLER_0_15_81,VPWR,li1,45.5400,51.6800,1.799976
FILLER_0_15_69,VPWR,li1,40.0200,51.6800,1.799979
FILLER_0_15_57,VPWR,li1,34.5000,51.6800,1.799982
FILLER_0_15_50,VPWR,li1,29.9000,51.6800,1.799986
FILLER_0_15_22,VPWR,li1,18.4000,51.6800,1.799984
FILLER_0_15_3,VPWR,li1,7.5900,51.6800,1.799983
FILLER_0_14_131,VPWR,li1,66.0100,51.6800,1.799957
FILLER_0_14_123,VPWR,li1,62.3300,51.6800,1.799958
FILLER_0_14_119,VPWR,li1,61.1800,51.6800,1.799959
FILLER_0_14_97,VPWR,li1,50.6000,51.6800,1.799956
FILLER_0_14_85,VPWR,li1,47.3800,51.6800,1.799966
FILLER_0_14_83,VPWR,li1,43.9300,51.6800,1.799976
FILLER_0_14_75,VPWR,li1,41.8600,51.6800,1.799977
FILLER_0_14_63,VPWR,li1,37.2600,51.6800,1.799981
FILLER_0_14_51,VPWR,li1,31.7400,51.6800,1.799984
FILLER_0_14_39,VPWR,li1,26.2200,51.6800,1.799983
FILLER_0_14_6,VPWR,li1,11.0400,51.6800,1.799983
FILLER_0_13_126,VPWR,li1,64.8600,46.2400,1.799984
FILLER_0_13_106,VPWR,li1,55.6600,46.2400,1.799980
FILLER_0_13_98,VPWR,li1,50.8300,46.2400,1.799981
FILLER_0_13_92,VPWR,li1,49.2200,46.2400,1.799981
FILLER_0_13_65,VPWR,li1,35.8800,46.2400,1.799979
FILLER_0_13_57,VPWR,li1,33.5800,46.2400,1.799979
FILLER_0_13_38,VPWR,li1,23.4600,46.2400,1.799985
FILLER_0_13_30,VPWR,li1,21.1600,46.2400,1.799986
FILLER_0_13_6,VPWR,li1,9.6600,46.2400,1.799990
FILLER_0_12_125,VPWR,li1,63.2500,46.2400,1.799984
FILLER_0_12_99,VPWR,li1,51.9800,46.2400,1.799980
FILLER_0_12_41,VPWR,li1,25.7600,46.2400,1.799984
FILLER_0_12_29,VPWR,li1,21.6200,46.2400,1.799986
FILLER_0_12_27,VPWR,li1,18.1700,46.2400,1.799988
FILLER_0_12_19,VPWR,li1,16.1000,46.2400,1.799989
FILLER_0_12_3,VPWR,li1,8.2800,46.2400,1.799990
FILLER_0_11_110,VPWR,li1,56.5800,40.8000,1.799966
FILLER_0_11_94,VPWR,li1,49.2200,40.8000,1.799959
FILLER_0_11_65,VPWR,li1,35.8800,40.8000,1.799952
FILLER_0_11_57,VPWR,li1,33.5800,40.8000,1.799957
FILLER_0_11_50,VPWR,li1,29.9000,40.8000,1.799965
FILLER_0_11_23,VPWR,li1,16.7900,40.8000,1.799982
FILLER_0_11_14,VPWR,li1,12.4200,40.8000,1.799987
FILLER_0_11_6,VPWR,li1,10.1200,40.8000,1.799986
FILLER_0_10_131,VPWR,li1,66.0100,40.8000,1.799972
FILLER_0_10_127,VPWR,li1,64.8600,40.8000,1.799972
FILLER_0_10_108,VPWR,li1,55.8900,40.8000,1.799966
FILLER_0_10_100,VPWR,li1,51.7500,40.8000,1.799961
FILLER_0_10_88,VPWR,li1,47.3800,40.8000,1.799957
FILLER_0_10_81,VPWR,li1,43.4700,40.8000,1.799955
FILLER_0_10_62,VPWR,li1,34.7300,40.8000,1.799957
FILLER_0_10_29,VPWR,li1,19.7800,40.8000,1.799980
FILLER_0_10_27,VPWR,li1,18.1700,40.8000,1.799982
FILLER_0_10_3,VPWR,li1,7.3600,40.8000,1.799986
FILLER_0_9_131,VPWR,li1,66.0100,35.3600,1.799994
FILLER_0_9_125,VPWR,li1,64.4000,35.3600,1.799994
FILLER_0_9_113,VPWR,li1,60.2600,35.3600,1.799994
FILLER_0_9_111,VPWR,li1,56.8100,35.3600,1.799993
FILLER_0_9_101,VPWR,li1,52.6700,35.3600,1.799990
FILLER_0_9_93,VPWR,li1,50.1400,35.3600,1.799988
FILLER_0_9_81,VPWR,li1,45.5400,35.3600,1.799991
FILLER_0_9_69,VPWR,li1,40.0200,35.3600,1.799992
FILLER_0_9_57,VPWR,li1,34.5000,35.3600,1.799993
FILLER_0_9_55,VPWR,li1,31.0500,35.3600,1.799994
FILLER_0_9_51,VPWR,li1,29.9000,35.3600,1.799995
FILLER_0_9_30,VPWR,li1,19.7800,35.3600,1.799994
FILLER_0_9_6,VPWR,li1,8.7400,35.3600,1.799995
FILLER_0_8_126,VPWR,li1,64.8600,35.3600,1.799994
FILLER_0_8_114,VPWR,li1,60.7200,35.3600,1.799994
FILLER_0_8_102,VPWR,li1,55.2000,35.3600,1.799992
FILLER_0_8_85,VPWR,li1,44.8500,35.3600,1.799991
FILLER_0_8_77,VPWR,li1,41.1700,35.3600,1.799992
FILLER_0_8_73,VPWR,li1,40.0200,35.3600,1.799992
FILLER_0_8_63,VPWR,li1,35.4200,35.3600,1.799993
FILLER_0_8_56,VPWR,li1,31.5100,35.3600,1.799994
FILLER_0_8_48,VPWR,li1,29.4400,35.3600,1.799995
FILLER_0_8_29,VPWR,li1,20.2400,35.3600,1.799994
FILLER_0_8_26,VPWR,li1,17.9400,35.3600,1.799994
FILLER_0_8_18,VPWR,li1,15.6400,35.3600,1.799995
FILLER_0_8_6,VPWR,li1,11.0400,35.3600,1.799995
FILLER_0_7_131,VPWR,li1,66.0100,29.9200,1.799991
FILLER_0_7_113,VPWR,li1,57.9600,29.9200,1.799989
FILLER_0_7_111,VPWR,li1,56.8100,29.9200,1.799989
FILLER_0_7_103,VPWR,li1,54.7400,29.9200,1.799987
FILLER_0_7_96,VPWR,li1,49.9100,29.9200,1.799983
FILLER_0_7_88,VPWR,li1,47.8400,29.9200,1.799982
FILLER_0_7_71,VPWR,li1,38.8700,29.9200,1.799968
FILLER_0_7_55,VPWR,li1,31.0500,29.9200,1.799956
FILLER_0_7_29,VPWR,li1,19.5500,29.9200,1.799952
FILLER_0_7_21,VPWR,li1,17.0200,29.9200,1.799957
FILLER_0_7_3,VPWR,li1,7.3600,29.9200,1.799963
FILLER_0_6_129,VPWR,li1,65.5500,29.9200,1.799991
FILLER_0_6_117,VPWR,li1,62.1000,29.9200,1.799991
FILLER_0_6_85,VPWR,li1,47.3800,29.9200,1.799982
FILLER_0_6_69,VPWR,li1,37.7200,29.9200,1.799963
FILLER_0_6_37,VPWR,li1,23.0000,29.9200,1.799943
FILLER_0_6_29,VPWR,li1,20.7000,29.9200,1.799948
FILLER_0_6_27,VPWR,li1,18.1700,29.9200,1.799957
FILLER_0_6_21,VPWR,li1,16.5600,29.9200,1.799957
FILLER_0_6_13,VPWR,li1,11.7300,29.9200,1.799963
FILLER_0_6_6,VPWR,li1,9.2000,29.9200,1.799963
FILLER_0_5_129,VPWR,li1,65.5500,24.4800,1.799985
FILLER_0_5_109,VPWR,li1,56.3500,24.4800,1.799987
FILLER_0_5_101,VPWR,li1,53.8200,24.4800,1.799987
FILLER_0_5_84,VPWR,li1,44.3900,24.4800,1.799988
FILLER_0_5_76,VPWR,li1,42.3200,24.4800,1.799988
FILLER_0_5_68,VPWR,li1,37.0300,24.4800,1.799986
FILLER_0_5_64,VPWR,li1,35.8800,24.4800,1.799986
FILLER_0_5_53,VPWR,li1,30.5900,24.4800,1.799986
FILLER_0_5_31,VPWR,li1,21.1600,24.4800,1.799981
FILLER_0_5_19,VPWR,li1,17.0200,24.4800,1.799981
FILLER_0_4_129,VPWR,li1,65.5500,24.4800,1.799985
FILLER_0_4_121,VPWR,li1,63.0200,24.4800,1.799985
FILLER_0_4_109,VPWR,li1,58.4200,24.4800,1.799988
FILLER_0_4_97,VPWR,li1,52.9000,24.4800,1.799987
FILLER_0_4_85,VPWR,li1,47.3800,24.4800,1.799985
FILLER_0_4_83,VPWR,li1,43.9300,24.4800,1.799988
FILLER_0_4_77,VPWR,li1,42.3200,24.4800,1.799988
FILLER_0_4_65,VPWR,li1,38.1800,24.4800,1.799987
FILLER_0_4_53,VPWR,li1,32.6600,24.4800,1.799986
FILLER_0_4_41,VPWR,li1,27.1400,24.4800,1.799983
FILLER_0_4_33,VPWR,li1,20.9300,24.4800,1.799981
FILLER_0_4_29,VPWR,li1,19.7800,24.4800,1.799981
FILLER_0_4_26,VPWR,li1,17.9400,24.4800,1.799981
FILLER_0_4_9,VPWR,li1,9.8900,24.4800,1.799975
FILLER_0_3_131,VPWR,li1,66.0100,19.0400,1.799988
FILLER_0_3_113,VPWR,li1,57.9600,19.0400,1.799984
FILLER_0_3_111,VPWR,li1,56.8100,19.0400,1.799982
FILLER_0_3_105,VPWR,li1,55.2000,19.0400,1.799982
FILLER_0_3_93,VPWR,li1,51.0600,19.0400,1.799981
FILLER_0_3_81,VPWR,li1,45.5400,19.0400,1.799983
FILLER_0_3_69,VPWR,li1,40.0200,19.0400,1.799979
FILLER_0_3_57,VPWR,li1,34.5000,19.0400,1.799979
FILLER_0_3_52,VPWR,li1,30.3600,19.0400,1.799982
FILLER_0_3_30,VPWR,li1,20.7000,19.0400,1.799982
FILLER_0_3_18,VPWR,li1,16.5600,19.0400,1.799984
FILLER_0_3_9,VPWR,li1,10.1200,19.0400,1.799982
FILLER_0_2_129,VPWR,li1,65.5500,19.0400,1.799988
FILLER_0_2_117,VPWR,li1,62.1000,19.0400,1.799988
FILLER_0_2_49,VPWR,li1,28.7500,19.0400,1.799982
FILLER_0_2_41,VPWR,li1,26.2200,19.0400,1.799980
FILLER_0_2_29,VPWR,li1,21.6200,19.0400,1.799982
FILLER_0_2_22,VPWR,li1,17.0200,19.0400,1.799983
FILLER_0_1_129,VPWR,li1,65.5500,13.6000,1.799985
FILLER_0_1_111,VPWR,li1,56.8100,13.6000,1.799987
FILLER_0_1_107,VPWR,li1,55.6600,13.6000,1.799987
FILLER_0_1_95,VPWR,li1,51.9800,13.6000,1.799986
FILLER_0_1_83,VPWR,li1,46.4600,13.6000,1.799984
FILLER_0_1_65,VPWR,li1,35.8800,13.6000,1.799976
FILLER_0_1_57,VPWR,li1,33.5800,13.6000,1.799976
FILLER_0_1_6,VPWR,li1,8.7400,13.6000,1.799974
FILLER_0_0_120,VPWR,li1,62.1000,13.6000,1.799985
FILLER_0_0_113,VPWR,li1,58.4200,13.6000,1.799987
FILLER_0_0_111,VPWR,li1,56.8100,13.6000,1.799987
FILLER_0_0_102,VPWR,li1,53.8200,13.6000,1.799986
FILLER_0_0_93,VPWR,li1,49.6800,13.6000,1.799985
FILLER_0_0_88,VPWR,li1,46.4600,13.6000,1.799984
FILLER_0_0_82,VPWR,li1,43.7000,13.6000,1.799983
FILLER_0_0_52,VPWR,li1,30.3600,13.6000,1.799976
FILLER_0_0_29,VPWR,li1,19.0900,13.6000,1.799971
rebuffer4,VPWR,li1,21.1600,51.6800,1.799983
rebuffer3,VPWR,li1,64.1700,51.6800,1.799957
rebuffer2,VPWR,li1,36.1100,46.2400,1.799979
rebuffer1,VPWR,li1,51.2900,40.8000,1.799961
clkload2,VPWR,li1,52.6700,46.2400,1.799980
clkload1,VPWR,li1,51.5200,29.9200,1.799983
clkload0,VPWR,li1,20.9300,29.9200,1.799948
clkbuf_2_3__f_clk,VPWR,li1,55.6600,51.6800,1.799942
clkbuf_2_2__f_clk,VPWR,li1,54.7400,29.9200,1.799987
clkbuf_2_1__f_clk,VPWR,li1,28.0600,57.1200,1.799952
clkbuf_2_0__f_clk,VPWR,li1,26.2200,29.9200,1.799938
clkbuf_0_clk,VPWR,li1,40.9400,40.8000,1.799942
output50,VPWR,li1,7.5900,40.8000,1.799986
output49,VPWR,li1,7.5900,35.3600,1.799995
output48,VPWR,li1,7.5900,35.3600,1.799995
output47,VPWR,li1,7.5900,29.9200,1.799963
output46,VPWR,li1,7.5900,24.4800,1.799975
output45,VPWR,li1,8.9700,24.4800,1.799975
output44,VPWR,li1,7.5900,13.6000,1.799974
output43,VPWR,li1,7.5900,19.0400,1.799981
output42,VPWR,li1,19.5500,68.0000,1.799973
output41,VPWR,li1,7.5900,68.0000,1.799973
output40,VPWR,li1,7.5900,62.5600,1.799973
output39,VPWR,li1,7.5900,57.1200,1.799980
output38,VPWR,li1,7.5900,57.1200,1.799980
output37,VPWR,li1,7.5900,51.6800,1.799983
output36,VPWR,li1,7.5900,46.2400,1.799990
output35,VPWR,li1,14.9500,19.0400,1.799984
output34,VPWR,li1,8.9700,62.5600,1.799973
input33,VPWR,li1,65.5500,62.5600,1.799979
input32,VPWR,li1,35.1900,13.6000,1.799976
input31,VPWR,li1,33.8100,13.6000,1.799976
input30,VPWR,li1,32.4300,13.6000,1.799976
input29,VPWR,li1,28.7500,13.6000,1.799976
input28,VPWR,li1,20.0100,13.6000,1.799970
input27,VPWR,li1,17.7100,13.6000,1.799971
input26,VPWR,li1,8.9700,13.6000,1.799974
input25,VPWR,li1,7.5900,13.6000,1.799974
input24,VPWR,li1,65.5500,13.6000,1.799985
input23,VPWR,li1,64.1700,13.6000,1.799985
input22,VPWR,li1,60.0300,13.6000,1.799987
input21,VPWR,li1,55.8900,13.6000,1.799987
input20,VPWR,li1,51.7500,13.6000,1.799986
input19,VPWR,li1,47.6100,13.6000,1.799984
input18,VPWR,li1,45.3100,13.6000,1.799983
input17,VPWR,li1,8.9700,19.0400,1.799982
input16,VPWR,li1,39.3300,68.0000,1.799985
input15,VPWR,li1,35.1900,68.0000,1.799981
input14,VPWR,li1,32.4300,68.0000,1.799979
input13,VPWR,li1,26.9100,68.0000,1.799974
input12,VPWR,li1,28.2900,68.0000,1.799980
input11,VPWR,li1,17.7100,68.0000,1.799974
input10,VPWR,li1,18.1700,62.5600,1.799976
input9,VPWR,li1,16.3300,68.0000,1.799975
input8,VPWR,li1,65.5500,68.0000,1.799993
input7,VPWR,li1,64.1700,68.0000,1.799993
input6,VPWR,li1,60.0300,68.0000,1.799993
input5,VPWR,li1,55.8900,68.0000,1.799992
input4,VPWR,li1,51.7500,68.0000,1.799989
input3,VPWR,li1,47.6100,68.0000,1.799987
input2,VPWR,li1,43.4700,68.0000,1.799988
input1,VPWR,li1,8.9700,68.0000,1.799973
TAP_TAPCELL_ROW_21_91,VPWR,li1,57.2700,68.3060,1.799992
TAP_TAPCELL_ROW_21_90,VPWR,li1,44.3900,68.3060,1.799988
TAP_TAPCELL_ROW_21_89,VPWR,li1,31.5100,68.3060,1.799979
TAP_TAPCELL_ROW_21_88,VPWR,li1,18.6300,68.3060,1.799974
TAP_TAPCELL_ROW_20_87,VPWR,li1,44.3900,67.6930,1.799988
TAP_TAPCELL_ROW_20_86,VPWR,li1,18.6300,67.6930,1.799974
TAP_TAPCELL_ROW_19_85,VPWR,li1,57.2700,62.8660,1.799978
TAP_TAPCELL_ROW_19_84,VPWR,li1,31.5100,62.8660,1.799975
TAP_TAPCELL_ROW_18_83,VPWR,li1,44.3900,62.2530,1.799977
TAP_TAPCELL_ROW_18_82,VPWR,li1,18.6300,62.2530,1.799975
TAP_TAPCELL_ROW_17_81,VPWR,li1,57.2700,57.4260,1.799982
TAP_TAPCELL_ROW_17_80,VPWR,li1,31.5100,57.4260,1.799957
TAP_TAPCELL_ROW_16_79,VPWR,li1,44.3900,56.8130,1.799976
TAP_TAPCELL_ROW_16_78,VPWR,li1,18.6300,56.8130,1.799971
TAP_TAPCELL_ROW_15_77,VPWR,li1,57.2700,51.9860,1.799949
TAP_TAPCELL_ROW_15_76,VPWR,li1,31.5100,51.9860,1.799984
TAP_TAPCELL_ROW_14_75,VPWR,li1,44.3900,51.3730,1.799976
TAP_TAPCELL_ROW_14_74,VPWR,li1,18.6300,51.3730,1.799984
TAP_TAPCELL_ROW_13_73,VPWR,li1,57.2700,46.5460,1.799980
TAP_TAPCELL_ROW_13_72,VPWR,li1,31.5100,46.5460,1.799979
TAP_TAPCELL_ROW_12_71,VPWR,li1,44.3900,45.9330,1.799984
TAP_TAPCELL_ROW_12_70,VPWR,li1,18.6300,45.9330,1.799988
TAP_TAPCELL_ROW_11_69,VPWR,li1,57.2700,41.1060,1.799966
TAP_TAPCELL_ROW_11_68,VPWR,li1,31.5100,41.1060,1.799965
TAP_TAPCELL_ROW_10_67,VPWR,li1,44.3900,40.4930,1.799955
TAP_TAPCELL_ROW_10_66,VPWR,li1,18.6300,40.4930,1.799980
TAP_TAPCELL_ROW_9_65,VPWR,li1,57.2700,35.6660,1.799993
TAP_TAPCELL_ROW_9_64,VPWR,li1,31.5100,35.6660,1.799994
TAP_TAPCELL_ROW_8_63,VPWR,li1,44.3900,35.0530,1.799992
TAP_TAPCELL_ROW_8_62,VPWR,li1,18.6300,35.0530,1.799994
TAP_TAPCELL_ROW_7_61,VPWR,li1,57.2700,30.2260,1.799989
TAP_TAPCELL_ROW_7_60,VPWR,li1,31.5100,30.2260,1.799956
TAP_TAPCELL_ROW_6_59,VPWR,li1,44.3900,29.6130,1.799980
TAP_TAPCELL_ROW_6_58,VPWR,li1,18.6300,29.6130,1.799952
TAP_TAPCELL_ROW_5_57,VPWR,li1,57.2700,24.7860,1.799987
TAP_TAPCELL_ROW_5_56,VPWR,li1,31.5100,24.7860,1.799986
TAP_TAPCELL_ROW_4_55,VPWR,li1,44.3900,24.1730,1.799988
TAP_TAPCELL_ROW_4_54,VPWR,li1,18.6300,24.1730,1.799981
TAP_TAPCELL_ROW_3_53,VPWR,li1,57.2700,19.3460,1.799984
TAP_TAPCELL_ROW_3_52,VPWR,li1,31.5100,19.3460,1.799980
TAP_TAPCELL_ROW_2_51,VPWR,li1,44.3900,18.7330,1.799983
TAP_TAPCELL_ROW_2_50,VPWR,li1,18.6300,18.7330,1.799983
TAP_TAPCELL_ROW_1_49,VPWR,li1,57.2700,13.9060,1.799987
TAP_TAPCELL_ROW_1_48,VPWR,li1,31.5100,13.9060,1.799976
TAP_TAPCELL_ROW_0_47,VPWR,li1,57.2700,13.2930,1.799987
TAP_TAPCELL_ROW_0_46,VPWR,li1,44.3900,13.2930,1.799983
TAP_TAPCELL_ROW_0_45,VPWR,li1,31.5100,13.2930,1.799976
TAP_TAPCELL_ROW_0_44,VPWR,li1,18.6300,13.2930,1.799971
PHY_EDGE_ROW_21_Left_43,VPWR,li1,6.2100,68.0000,1.799973
PHY_EDGE_ROW_20_Left_42,VPWR,li1,6.2100,68.0000,1.799973
PHY_EDGE_ROW_19_Left_41,VPWR,li1,6.2100,62.5600,1.799973
PHY_EDGE_ROW_18_Left_40,VPWR,li1,6.2100,62.5600,1.799973
PHY_EDGE_ROW_17_Left_39,VPWR,li1,6.2100,57.1200,1.799980
PHY_EDGE_ROW_16_Left_38,VPWR,li1,6.2100,57.1200,1.799980
PHY_EDGE_ROW_15_Left_37,VPWR,li1,6.2100,51.6800,1.799983
PHY_EDGE_ROW_14_Left_36,VPWR,li1,6.2100,51.6800,1.799983
PHY_EDGE_ROW_13_Left_35,VPWR,li1,6.2100,46.2400,1.799990
PHY_EDGE_ROW_12_Left_34,VPWR,li1,6.2100,46.2400,1.799990
PHY_EDGE_ROW_11_Left_33,VPWR,li1,6.2100,40.8000,1.799986
PHY_EDGE_ROW_10_Left_32,VPWR,li1,6.2100,40.8000,1.799986
PHY_EDGE_ROW_9_Left_31,VPWR,li1,6.2100,35.3600,1.799995
PHY_EDGE_ROW_8_Left_30,VPWR,li1,6.2100,35.3600,1.799995
PHY_EDGE_ROW_7_Left_29,VPWR,li1,6.2100,29.9200,1.799963
PHY_EDGE_ROW_6_Left_28,VPWR,li1,6.2100,29.9200,1.799963
PHY_EDGE_ROW_5_Left_27,VPWR,li1,6.2100,24.4800,1.799975
PHY_EDGE_ROW_4_Left_26,VPWR,li1,6.2100,24.4800,1.799975
PHY_EDGE_ROW_3_Left_25,VPWR,li1,6.2100,19.0400,1.799981
PHY_EDGE_ROW_2_Left_24,VPWR,li1,6.2100,19.0400,1.799981
PHY_EDGE_ROW_1_Left_23,VPWR,li1,6.2100,13.6000,1.799974
PHY_EDGE_ROW_0_Left_22,VPWR,li1,6.2100,13.6000,1.799974
PHY_EDGE_ROW_21_Right_21,VPWR,li1,66.9300,68.0000,1.799993
PHY_EDGE_ROW_20_Right_20,VPWR,li1,66.9300,68.0000,1.799993
PHY_EDGE_ROW_19_Right_19,VPWR,li1,66.9300,62.5600,1.799979
PHY_EDGE_ROW_18_Right_18,VPWR,li1,66.9300,62.5600,1.799979
PHY_EDGE_ROW_17_Right_17,VPWR,li1,66.9300,57.1200,1.799983
PHY_EDGE_ROW_16_Right_16,VPWR,li1,66.9300,57.1200,1.799983
PHY_EDGE_ROW_15_Right_15,VPWR,li1,66.9300,51.6800,1.799957
PHY_EDGE_ROW_14_Right_14,VPWR,li1,66.9300,51.6800,1.799957
PHY_EDGE_ROW_13_Right_13,VPWR,li1,66.9300,46.2400,1.799984
PHY_EDGE_ROW_12_Right_12,VPWR,li1,66.9300,46.2400,1.799984
PHY_EDGE_ROW_11_Right_11,VPWR,li1,66.9300,40.8000,1.799972
PHY_EDGE_ROW_10_Right_10,VPWR,li1,66.9300,40.8000,1.799972
PHY_EDGE_ROW_9_Right_9,VPWR,li1,66.9300,35.3600,1.799994
PHY_EDGE_ROW_8_Right_8,VPWR,li1,66.9300,35.3600,1.799994
PHY_EDGE_ROW_7_Right_7,VPWR,li1,66.9300,29.9200,1.799991
PHY_EDGE_ROW_6_Right_6,VPWR,li1,66.9300,29.9200,1.799991
PHY_EDGE_ROW_5_Right_5,VPWR,li1,66.9300,24.4800,1.799985
PHY_EDGE_ROW_4_Right_4,VPWR,li1,66.9300,24.4800,1.799985
PHY_EDGE_ROW_3_Right_3,VPWR,li1,66.9300,19.0400,1.799988
PHY_EDGE_ROW_2_Right_2,VPWR,li1,66.9300,19.0400,1.799988
PHY_EDGE_ROW_1_Right_1,VPWR,li1,66.9300,13.6000,1.799985
PHY_EDGE_ROW_0_Right_0,VPWR,li1,66.9300,13.6000,1.799985
_186_,VPWR,li1,43.2400,62.5600,1.799973
_185_,VPWR,li1,25.3000,68.0000,1.799974
_184_,VPWR,li1,13.8000,62.5600,1.799976
_183_,VPWR,li1,15.6400,57.1200,1.799975
_182_,VPWR,li1,11.9600,51.6800,1.799983
_181_,VPWR,li1,60.2600,40.8000,1.799972
_180_,VPWR,li1,30.8200,46.2400,1.799979
_179_,VPWR,li1,27.6000,46.2400,1.799983
_178_,VPWR,li1,30.3600,40.8000,1.799965
_177_,VPWR,li1,48.7600,35.3600,1.799988
_176_,VPWR,li1,48.3000,24.4800,1.799985
_175_,VPWR,li1,33.5800,29.9200,1.799957
_174_,VPWR,li1,26.2200,24.4800,1.799983
_173_,VPWR,li1,25.7600,19.0400,1.799980
_172_,VPWR,li1,13.8000,24.4800,1.799980
_171_,VPWR,li1,10.5800,24.4800,1.799975
_170_,VPWR,li1,13.3400,13.6000,1.799974
_169_,VPWR,li1,24.8400,51.6800,1.799983
_168_,VPWR,li1,62.1000,19.0400,1.799988
_167_,VPWR,li1,49.2200,68.0000,1.799987
_166_,VPWR,li1,62.1000,29.9200,1.799991
_165_,VPWR,li1,62.1000,68.0000,1.799993
_164_,VPWR,li1,61.1800,24.4800,1.799985
_163_,VPWR,li1,59.8000,62.5600,1.799979
_162_,VPWR,li1,61.1800,13.6000,1.799985
_161_,VPWR,li1,56.5800,46.2400,1.799980
_160_,VPWR,li1,55.6600,19.0400,1.799982
_159_,VPWR,li1,51.5200,62.5600,1.799973
_158_,VPWR,li1,48.3000,19.0400,1.799980
_157_,VPWR,li1,48.3000,57.1200,1.799975
_156_,VPWR,li1,40.4800,19.0400,1.799979
_155_,VPWR,li1,40.4800,57.1200,1.799967
_154_,VPWR,li1,40.0200,13.6000,1.799975
_153_,VPWR,li1,35.8800,62.5600,1.799968
_152_,VPWR,li1,39.5600,13.6000,1.799975
_151_,VPWR,li1,36.8000,62.5600,1.799968
_150_,VPWR,li1,33.1200,19.0400,1.799980
_149_,VPWR,li1,32.6600,68.0000,1.799979
_148_,VPWR,li1,27.6000,13.6000,1.799976
_147_,VPWR,li1,27.6000,57.1200,1.799952
_146_,VPWR,li1,24.3800,13.6000,1.799971
_145_,VPWR,li1,23.0000,62.5600,1.799975
_144_,VPWR,li1,20.2400,13.6000,1.799970
_143_,VPWR,li1,22.5400,68.0000,1.799972
_142_,VPWR,li1,12.8800,13.6000,1.799974
_141_,VPWR,li1,13.8000,68.0000,1.799976
_140_,VPWR,li1,11.5000,29.9200,1.799963
_139_,VPWR,li1,11.0400,62.5600,1.799974
_138_,VPWR,li1,10.5800,19.0400,1.799982
_137_,VPWR,li1,10.8100,68.0000,1.799973
_136_,VPWR,li1,44.3900,29.9200,1.799980
_135_,VPWR,li1,48.5300,62.5600,1.799974
_134_,VPWR,li1,39.7900,29.9200,1.799968
_133_,VPWR,li1,28.2900,29.9200,1.799954
_132_,VPWR,li1,25.0700,29.9200,1.799938
_131_,VPWR,li1,26.2200,35.3600,1.799994
_130_,VPWR,li1,54.9700,35.3600,1.799992
_129_,VPWR,li1,49.4500,46.2400,1.799981
_128_,VPWR,li1,39.3300,46.2400,1.799980
_127_,VPWR,li1,47.1500,40.8000,1.799957
_126_,VPWR,li1,59.1100,57.1200,1.799985
_125_,VPWR,li1,58.1900,57.1200,1.799985
_124_,VPWR,li1,59.1100,46.2400,1.799984
_123_,VPWR,li1,22.7700,24.4800,1.799982
_122_,VPWR,li1,13.5700,29.9200,1.799965
_121_,VPWR,li1,17.9400,35.3600,1.799994
_120_,VPWR,li1,10.8100,29.9200,1.799963
_119_,VPWR,li1,10.3500,35.3600,1.799995
_118_,VPWR,li1,12.6500,35.3600,1.799995
_117_,VPWR,li1,12.1900,19.0400,1.799985
_116_,VPWR,li1,11.7300,46.2400,1.799990
_115_,VPWR,li1,47.8400,57.1200,1.799975
_114_,VPWR,li1,49.6800,68.0000,1.799988
_113_,VPWR,li1,51.7500,62.5600,1.799973
_112_,VPWR,li1,64.6300,57.1200,1.799983
_111_,VPWR,li1,54.7400,62.5600,1.799976
_110_,VPWR,li1,59.1100,62.5600,1.799979
_109_,VPWR,li1,61.4100,57.1200,1.799983
_108_,VPWR,li1,64.8600,51.6800,1.799957
_107_,VPWR,li1,60.4900,51.6800,1.799959
_106_,VPWR,li1,62.1000,46.2400,1.799984
_105_,VPWR,li1,60.9500,46.2400,1.799984
_104_,VPWR,li1,60.4900,40.8000,1.799972
_103_,VPWR,li1,64.8600,46.2400,1.799984
_102_,VPWR,li1,64.8600,40.8000,1.799972
_101_,VPWR,li1,53.5900,40.8000,1.799963
_100_,VPWR,li1,54.5100,40.8000,1.799963
_099_,VPWR,li1,50.1400,40.8000,1.799959
_098_,VPWR,li1,46.2300,46.2400,1.799982
_097_,VPWR,li1,42.5500,46.2400,1.799982
_096_,VPWR,li1,46.4600,46.2400,1.799982
_095_,VPWR,li1,42.0900,46.2400,1.799982
_094_,VPWR,li1,37.7200,46.2400,1.799980
_093_,VPWR,li1,42.0900,40.8000,1.799942
_092_,VPWR,li1,38.4100,40.8000,1.799947
_091_,VPWR,li1,42.7800,35.3600,1.799992
_090_,VPWR,li1,42.7800,29.9200,1.799973
_089_,VPWR,li1,41.1700,29.9200,1.799973
_088_,VPWR,li1,38.8700,24.4800,1.799987
_087_,VPWR,li1,37.7200,35.3600,1.799993
_086_,VPWR,li1,36.5700,29.9200,1.799963
_085_,VPWR,li1,33.3500,24.4800,1.799986
_084_,VPWR,li1,33.1200,35.3600,1.799993
_083_,VPWR,li1,33.3500,29.9200,1.799957
_082_,VPWR,li1,23.2300,35.3600,1.799994
_081_,VPWR,li1,25.5300,40.8000,1.799974
_080_,VPWR,li1,27.6000,35.3600,1.799994
_079_,VPWR,li1,27.3700,40.8000,1.799973
_078_,VPWR,li1,24.8400,40.8000,1.799974
_077_,VPWR,li1,22.5400,40.8000,1.799977
_076_,VPWR,li1,18.8600,40.8000,1.799980
_075_,VPWR,li1,14.9500,40.8000,1.799984
_074_,VPWR,li1,21.8500,40.8000,1.799977
_073_,VPWR,li1,17.7100,46.2400,1.799989
_072_,VPWR,li1,14.4900,40.8000,1.799984
_071_,VPWR,li1,23.2300,35.3600,1.799994
_070_,VPWR,li1,15.1800,35.3600,1.799995
_069_,VPWR,li1,9.2000,40.8000,1.799986
_068_,VPWR,li1,11.9600,40.8000,1.799987
_067_,VPWR,li1,17.2500,40.8000,1.799982
_066_,VPWR,li1,11.2700,46.2400,1.799990
_065_,VPWR,li1,13.5700,46.2400,1.799991
_064_,VPWR,li1,14.2600,46.2400,1.799991
_063_,VPWR,li1,17.7100,51.6800,1.799984
_062_,VPWR,li1,15.4100,51.6800,1.799985
_061_,VPWR,li1,45.3100,40.8000,1.799956
_060_,VPWR,li1,62.3300,46.2400,1.799984
