
===========================================================================
report_checks -path_delay max (Setup)
============================================================================
======================= Typical Corner ===================================

Startpoint: _137_ (rising edge-triggered flip-flop clocked by core_clock)
Endpoint: _186_ (rising edge-triggered flip-flop clocked by core_clock)
Path Group: core_clock
Path Type: max

Fanout     Cap    Slew   Delay    Time   Description
-----------------------------------------------------------------------------
                  0.00    0.00    0.00   clock core_clock (rise edge)
                          0.00    0.00   clock network delay (ideal)
                  0.00    0.00    0.00 ^ _137_/CLK (sky130_fd_sc_hd__dfxtp_2)
     3    0.02    0.05    0.32    0.32 v _137_/Q (sky130_fd_sc_hd__dfxtp_2)
                                         x1.a (net)
                  0.05    0.00    0.32 v _062_/B (sky130_fd_sc_hd__or2_2)
     2    0.01    0.07    0.29    0.61 v _062_/X (sky130_fd_sc_hd__or2_2)
                                         _014_ (net)
                  0.07    0.00    0.61 v _064_/A2 (sky130_fd_sc_hd__a21bo_2)
     2    0.01    0.06    0.25    0.85 v _064_/X (sky130_fd_sc_hd__a21bo_2)
                                         _016_ (net)
                  0.06    0.00    0.85 v _066_/B (sky130_fd_sc_hd__xor2_2)
     2    0.01    0.05    0.15    1.00 v _066_/X (sky130_fd_sc_hd__xor2_2)
                                         _018_ (net)
                  0.05    0.00    1.00 v _067_/B (sky130_fd_sc_hd__nand2_2)
     3    0.01    0.08    0.09    1.09 ^ _067_/Y (sky130_fd_sc_hd__nand2_2)
                                         _019_ (net)
                  0.08    0.00    1.09 ^ _068_/C (sky130_fd_sc_hd__nand3b_2)
     2    0.00    0.06    0.08    1.17 v _068_/Y (sky130_fd_sc_hd__nand3b_2)
                                         _020_ (net)
                  0.06    0.00    1.17 v _070_/A2 (sky130_fd_sc_hd__a21o_2)
     2    0.01    0.05    0.24    1.41 v _070_/X (sky130_fd_sc_hd__a21o_2)
                                         _022_ (net)
                  0.05    0.00    1.41 v _077_/A2 (sky130_fd_sc_hd__a21bo_2)
     1    0.00    0.03    0.21    1.62 v _077_/X (sky130_fd_sc_hd__a21bo_2)
                                         _029_ (net)
                  0.03    0.00    1.62 v _078_/B1 (sky130_fd_sc_hd__a21o_2)
     2    0.00    0.04    0.18    1.80 v _078_/X (sky130_fd_sc_hd__a21o_2)
                                         _030_ (net)
                  0.04    0.00    1.80 v _080_/A1 (sky130_fd_sc_hd__a21o_2)
     2    0.01    0.04    0.19    2.00 v _080_/X (sky130_fd_sc_hd__a21o_2)
                                         _032_ (net)
                  0.04    0.00    2.00 v _082_/A2 (sky130_fd_sc_hd__a21oi_2)
     2    0.01    0.16    0.18    2.17 ^ _082_/Y (sky130_fd_sc_hd__a21oi_2)
                                         _034_ (net)
                  0.16    0.00    2.17 ^ _084_/A_N (sky130_fd_sc_hd__and2b_2)
     1    0.00    0.04    0.24    2.41 v _084_/X (sky130_fd_sc_hd__and2b_2)
                                         _036_ (net)
                  0.04    0.00    2.41 v _085_/B1 (sky130_fd_sc_hd__a21oi_2)
     2    0.01    0.16    0.15    2.56 ^ _085_/Y (sky130_fd_sc_hd__a21oi_2)
                                         _037_ (net)
                  0.16    0.00    2.56 ^ _087_/A_N (sky130_fd_sc_hd__and2b_2)
     1    0.00    0.04    0.24    2.80 v _087_/X (sky130_fd_sc_hd__and2b_2)
                                         _039_ (net)
                  0.04    0.00    2.80 v _088_/B1 (sky130_fd_sc_hd__a21oi_2)
     2    0.01    0.16    0.15    2.95 ^ _088_/Y (sky130_fd_sc_hd__a21oi_2)
                                         _040_ (net)
                  0.16    0.00    2.95 ^ _090_/A_N (sky130_fd_sc_hd__and2b_2)
     1    0.00    0.03    0.23    3.18 v _090_/X (sky130_fd_sc_hd__and2b_2)
                                         _042_ (net)
                  0.03    0.00    3.18 v _091_/B1 (sky130_fd_sc_hd__a21o_2)
     2    0.01    0.06    0.21    3.39 v _091_/X (sky130_fd_sc_hd__a21o_2)
                                         _043_ (net)
                  0.06    0.00    3.39 v _092_/B (sky130_fd_sc_hd__xnor2_2)
     2    0.01    0.20    0.19    3.58 ^ _092_/Y (sky130_fd_sc_hd__xnor2_2)
                                         _044_ (net)
                  0.20    0.00    3.58 ^ _094_/A2 (sky130_fd_sc_hd__o21a_2)
     2    0.01    0.07    0.17    3.75 ^ _094_/X (sky130_fd_sc_hd__o21a_2)
                                         _046_ (net)
                  0.07    0.00    3.75 ^ _096_/A_N (sky130_fd_sc_hd__and2b_2)
     1    0.00    0.04    0.22    3.97 v _096_/X (sky130_fd_sc_hd__and2b_2)
                                         _048_ (net)
                  0.04    0.00    3.97 v _097_/B1 (sky130_fd_sc_hd__a21oi_2)
     2    0.01    0.16    0.15    4.12 ^ _097_/Y (sky130_fd_sc_hd__a21oi_2)
                                         _049_ (net)
                  0.16    0.00    4.12 ^ _099_/A_N (sky130_fd_sc_hd__and2b_2)
     1    0.00    0.04    0.24    4.36 v _099_/X (sky130_fd_sc_hd__and2b_2)
                                         _051_ (net)
                  0.04    0.00    4.36 v _100_/B1 (sky130_fd_sc_hd__a21oi_2)
     2    0.01    0.16    0.15    4.51 ^ _100_/Y (sky130_fd_sc_hd__a21oi_2)
                                         _052_ (net)
                  0.16    0.00    4.51 ^ _102_/A_N (sky130_fd_sc_hd__and2b_2)
     1    0.00    0.03    0.23    4.74 v _102_/X (sky130_fd_sc_hd__and2b_2)
                                         _054_ (net)
                  0.03    0.00    4.74 v _103_/B1 (sky130_fd_sc_hd__a21o_2)
     2    0.01    0.06    0.21    4.95 v _103_/X (sky130_fd_sc_hd__a21o_2)
                                         _055_ (net)
                  0.06    0.00    4.95 v _104_/B (sky130_fd_sc_hd__xnor2_2)
     2    0.01    0.20    0.18    5.13 ^ _104_/Y (sky130_fd_sc_hd__xnor2_2)
                                         _056_ (net)
                  0.20    0.00    5.13 ^ _106_/A2 (sky130_fd_sc_hd__o21a_2)
     2    0.01    0.07    0.17    5.31 ^ _106_/X (sky130_fd_sc_hd__o21a_2)
                                         _058_ (net)
                  0.07    0.00    5.31 ^ _108_/A_N (sky130_fd_sc_hd__and2b_2)
     1    0.00    0.04    0.22    5.52 v _108_/X (sky130_fd_sc_hd__and2b_2)
                                         _000_ (net)
                  0.04    0.00    5.52 v _109_/B1 (sky130_fd_sc_hd__a21oi_2)
     2    0.01    0.16    0.15    5.68 ^ _109_/Y (sky130_fd_sc_hd__a21oi_2)
                                         _001_ (net)
                  0.16    0.00    5.68 ^ _111_/A_N (sky130_fd_sc_hd__and2b_2)
     1    0.00    0.04    0.24    5.92 v _111_/X (sky130_fd_sc_hd__and2b_2)
                                         _003_ (net)
                  0.04    0.00    5.92 v _112_/B1 (sky130_fd_sc_hd__a21oi_2)
     2    0.01    0.16    0.15    6.07 ^ _112_/Y (sky130_fd_sc_hd__a21oi_2)
                                         _004_ (net)
                  0.16    0.00    6.07 ^ _114_/A_N (sky130_fd_sc_hd__and2b_2)
     1    0.00    0.03    0.23    6.30 v _114_/X (sky130_fd_sc_hd__and2b_2)
                                         _006_ (net)
                  0.03    0.00    6.30 v _115_/B1 (sky130_fd_sc_hd__a21o_2)
     1    0.00    0.03    0.17    6.47 v _115_/X (sky130_fd_sc_hd__a21o_2)
                                         x20.out (net)
                  0.03    0.00    6.47 v _186_/D (sky130_fd_sc_hd__dfxtp_2)
                                  6.47   data arrival time

                  0.00    6.60    6.60   clock core_clock (rise edge)
                          0.00    6.60   clock network delay (ideal)
                          0.00    6.60   clock reconvergence pessimism
                                  6.60 ^ _186_/CLK (sky130_fd_sc_hd__dfxtp_2)
                         -0.12    6.48   library setup time
                                  6.48   data required time
-----------------------------------------------------------------------------
                                  6.48   data required time
                                 -6.47   data arrival time
-----------------------------------------------------------------------------
                                  0.01   slack (MET)


Startpoint: _137_ (rising edge-triggered flip-flop clocked by core_clock)
Endpoint: _185_ (rising edge-triggered flip-flop clocked by core_clock)
Path Group: core_clock
Path Type: max

Fanout     Cap    Slew   Delay    Time   Description
-----------------------------------------------------------------------------
                  0.00    0.00    0.00   clock core_clock (rise edge)
                          0.00    0.00   clock network delay (ideal)
                  0.00    0.00    0.00 ^ _137_/CLK (sky130_fd_sc_hd__dfxtp_2)
     3    0.02    0.05    0.32    0.32 v _137_/Q (sky130_fd_sc_hd__dfxtp_2)
                                         x1.a (net)
                  0.05    0.00    0.32 v _062_/B (sky130_fd_sc_hd__or2_2)
     2    0.01    0.07    0.29    0.61 v _062_/X (sky130_fd_sc_hd__or2_2)
                                         _014_ (net)
                  0.07    0.00    0.61 v _064_/A2 (sky130_fd_sc_hd__a21bo_2)
     2    0.01    0.06    0.25    0.85 v _064_/X (sky130_fd_sc_hd__a21bo_2)
                                         _016_ (net)
                  0.06    0.00    0.85 v _066_/B (sky130_fd_sc_hd__xor2_2)
     2    0.01    0.05    0.15    1.00 v _066_/X (sky130_fd_sc_hd__xor2_2)
                                         _018_ (net)
                  0.05    0.00    1.00 v _067_/B (sky130_fd_sc_hd__nand2_2)
     3    0.01    0.08    0.09    1.09 ^ _067_/Y (sky130_fd_sc_hd__nand2_2)
                                         _019_ (net)
                  0.08    0.00    1.09 ^ _068_/C (sky130_fd_sc_hd__nand3b_2)
     2    0.00    0.06    0.08    1.17 v _068_/Y (sky130_fd_sc_hd__nand3b_2)
                                         _020_ (net)
                  0.06    0.00    1.17 v _070_/A2 (sky130_fd_sc_hd__a21o_2)
     2    0.01    0.05    0.24    1.41 v _070_/X (sky130_fd_sc_hd__a21o_2)
                                         _022_ (net)
                  0.05    0.00    1.41 v _077_/A2 (sky130_fd_sc_hd__a21bo_2)
     1    0.00    0.03    0.21    1.62 v _077_/X (sky130_fd_sc_hd__a21bo_2)
                                         _029_ (net)
                  0.03    0.00    1.62 v _078_/B1 (sky130_fd_sc_hd__a21o_2)
     2    0.00    0.04    0.18    1.80 v _078_/X (sky130_fd_sc_hd__a21o_2)
                                         _030_ (net)
                  0.04    0.00    1.80 v _080_/A1 (sky130_fd_sc_hd__a21o_2)
     2    0.01    0.04    0.19    2.00 v _080_/X (sky130_fd_sc_hd__a21o_2)
                                         _032_ (net)
                  0.04    0.00    2.00 v _082_/A2 (sky130_fd_sc_hd__a21oi_2)
     2    0.01    0.16    0.18    2.17 ^ _082_/Y (sky130_fd_sc_hd__a21oi_2)
                                         _034_ (net)
                  0.16    0.00    2.17 ^ _084_/A_N (sky130_fd_sc_hd__and2b_2)
     1    0.00    0.04    0.24    2.41 v _084_/X (sky130_fd_sc_hd__and2b_2)
                                         _036_ (net)
                  0.04    0.00    2.41 v _085_/B1 (sky130_fd_sc_hd__a21oi_2)
     2    0.01    0.16    0.15    2.56 ^ _085_/Y (sky130_fd_sc_hd__a21oi_2)
                                         _037_ (net)
                  0.16    0.00    2.56 ^ _087_/A_N (sky130_fd_sc_hd__and2b_2)
     1    0.00    0.04    0.24    2.80 v _087_/X (sky130_fd_sc_hd__and2b_2)
                                         _039_ (net)
                  0.04    0.00    2.80 v _088_/B1 (sky130_fd_sc_hd__a21oi_2)
     2    0.01    0.16    0.15    2.95 ^ _088_/Y (sky130_fd_sc_hd__a21oi_2)
                                         _040_ (net)
                  0.16    0.00    2.95 ^ _090_/A_N (sky130_fd_sc_hd__and2b_2)
     1    0.00    0.03    0.23    3.18 v _090_/X (sky130_fd_sc_hd__and2b_2)
                                         _042_ (net)
                  0.03    0.00    3.18 v _091_/B1 (sky130_fd_sc_hd__a21o_2)
     2    0.01    0.06    0.21    3.39 v _091_/X (sky130_fd_sc_hd__a21o_2)
                                         _043_ (net)
                  0.06    0.00    3.39 v _092_/B (sky130_fd_sc_hd__xnor2_2)
     2    0.01    0.20    0.19    3.58 ^ _092_/Y (sky130_fd_sc_hd__xnor2_2)
                                         _044_ (net)
                  0.20    0.00    3.58 ^ _094_/A2 (sky130_fd_sc_hd__o21a_2)
     2    0.01    0.07    0.17    3.75 ^ _094_/X (sky130_fd_sc_hd__o21a_2)
                                         _046_ (net)
                  0.07    0.00    3.75 ^ _096_/A_N (sky130_fd_sc_hd__and2b_2)
     1    0.00    0.04    0.22    3.97 v _096_/X (sky130_fd_sc_hd__and2b_2)
                                         _048_ (net)
                  0.04    0.00    3.97 v _097_/B1 (sky130_fd_sc_hd__a21oi_2)
     2    0.01    0.16    0.15    4.12 ^ _097_/Y (sky130_fd_sc_hd__a21oi_2)
                                         _049_ (net)
                  0.16    0.00    4.12 ^ _099_/A_N (sky130_fd_sc_hd__and2b_2)
     1    0.00    0.04    0.24    4.36 v _099_/X (sky130_fd_sc_hd__and2b_2)
                                         _051_ (net)
                  0.04    0.00    4.36 v _100_/B1 (sky130_fd_sc_hd__a21oi_2)
     2    0.01    0.16    0.15    4.51 ^ _100_/Y (sky130_fd_sc_hd__a21oi_2)
                                         _052_ (net)
                  0.16    0.00    4.51 ^ _102_/A_N (sky130_fd_sc_hd__and2b_2)
     1    0.00    0.03    0.23    4.74 v _102_/X (sky130_fd_sc_hd__and2b_2)
                                         _054_ (net)
                  0.03    0.00    4.74 v _103_/B1 (sky130_fd_sc_hd__a21o_2)
     2    0.01    0.06    0.21    4.95 v _103_/X (sky130_fd_sc_hd__a21o_2)
                                         _055_ (net)
                  0.06    0.00    4.95 v _104_/B (sky130_fd_sc_hd__xnor2_2)
     2    0.01    0.20    0.18    5.13 ^ _104_/Y (sky130_fd_sc_hd__xnor2_2)
                                         _056_ (net)
                  0.20    0.00    5.13 ^ _106_/A2 (sky130_fd_sc_hd__o21a_2)
     2    0.01    0.07    0.17    5.31 ^ _106_/X (sky130_fd_sc_hd__o21a_2)
                                         _058_ (net)
                  0.07    0.00    5.31 ^ _108_/A_N (sky130_fd_sc_hd__and2b_2)
     1    0.00    0.04    0.22    5.52 v _108_/X (sky130_fd_sc_hd__and2b_2)
                                         _000_ (net)
                  0.04    0.00    5.52 v _109_/B1 (sky130_fd_sc_hd__a21oi_2)
     2    0.01    0.16    0.15    5.68 ^ _109_/Y (sky130_fd_sc_hd__a21oi_2)
                                         _001_ (net)
                  0.16    0.00    5.68 ^ _111_/A_N (sky130_fd_sc_hd__and2b_2)
     1    0.00    0.04    0.24    5.92 v _111_/X (sky130_fd_sc_hd__and2b_2)
                                         _003_ (net)
                  0.04    0.00    5.92 v _112_/B1 (sky130_fd_sc_hd__a21oi_2)
     2    0.01    0.16    0.15    6.07 ^ _112_/Y (sky130_fd_sc_hd__a21oi_2)
                                         _004_ (net)
                  0.16    0.00    6.07 ^ _113_/B (sky130_fd_sc_hd__xnor2_2)
     2    0.01    0.20    0.15    6.22 ^ _113_/Y (sky130_fd_sc_hd__xnor2_2)
                                         _005_ (net)
                  0.20    0.00    6.22 ^ _135_/B (sky130_fd_sc_hd__xor2_2)
     1    0.00    0.10    0.15    6.37 ^ _135_/X (sky130_fd_sc_hd__xor2_2)
                                         x19.sum (net)
                  0.10    0.00    6.37 ^ _185_/D (sky130_fd_sc_hd__dfxtp_2)
                                  6.37   data arrival time

                  0.00    6.60    6.60   clock core_clock (rise edge)
                          0.00    6.60   clock network delay (ideal)
                          0.00    6.60   clock reconvergence pessimism
                                  6.60 ^ _185_/CLK (sky130_fd_sc_hd__dfxtp_2)
                         -0.08    6.52   library setup time
                                  6.52   data required time
-----------------------------------------------------------------------------
                                  6.52   data required time
                                 -6.37   data arrival time
-----------------------------------------------------------------------------
                                  0.15   slack (MET)


Startpoint: _137_ (rising edge-triggered flip-flop clocked by core_clock)
Endpoint: _184_ (rising edge-triggered flip-flop clocked by core_clock)
Path Group: core_clock
Path Type: max

Fanout     Cap    Slew   Delay    Time   Description
-----------------------------------------------------------------------------
                  0.00    0.00    0.00   clock core_clock (rise edge)
                          0.00    0.00   clock network delay (ideal)
                  0.00    0.00    0.00 ^ _137_/CLK (sky130_fd_sc_hd__dfxtp_2)
     3    0.02    0.05    0.32    0.32 v _137_/Q (sky130_fd_sc_hd__dfxtp_2)
                                         x1.a (net)
                  0.05    0.00    0.32 v _062_/B (sky130_fd_sc_hd__or2_2)
     2    0.01    0.07    0.29    0.61 v _062_/X (sky130_fd_sc_hd__or2_2)
                                         _014_ (net)
                  0.07    0.00    0.61 v _064_/A2 (sky130_fd_sc_hd__a21bo_2)
     2    0.01    0.06    0.25    0.85 v _064_/X (sky130_fd_sc_hd__a21bo_2)
                                         _016_ (net)
                  0.06    0.00    0.85 v _066_/B (sky130_fd_sc_hd__xor2_2)
     2    0.01    0.05    0.15    1.00 v _066_/X (sky130_fd_sc_hd__xor2_2)
                                         _018_ (net)
                  0.05    0.00    1.00 v _067_/B (sky130_fd_sc_hd__nand2_2)
     3    0.01    0.08    0.09    1.09 ^ _067_/Y (sky130_fd_sc_hd__nand2_2)
                                         _019_ (net)
                  0.08    0.00    1.09 ^ _068_/C (sky130_fd_sc_hd__nand3b_2)
     2    0.00    0.06    0.08    1.17 v _068_/Y (sky130_fd_sc_hd__nand3b_2)
                                         _020_ (net)
                  0.06    0.00    1.17 v _070_/A2 (sky130_fd_sc_hd__a21o_2)
     2    0.01    0.05    0.24    1.41 v _070_/X (sky130_fd_sc_hd__a21o_2)
                                         _022_ (net)
                  0.05    0.00    1.41 v _077_/A2 (sky130_fd_sc_hd__a21bo_2)
     1    0.00    0.03    0.21    1.62 v _077_/X (sky130_fd_sc_hd__a21bo_2)
                                         _029_ (net)
                  0.03    0.00    1.62 v _078_/B1 (sky130_fd_sc_hd__a21o_2)
     2    0.00    0.04    0.18    1.80 v _078_/X (sky130_fd_sc_hd__a21o_2)
                                         _030_ (net)
                  0.04    0.00    1.80 v _080_/A1 (sky130_fd_sc_hd__a21o_2)
     2    0.01    0.04    0.19    2.00 v _080_/X (sky130_fd_sc_hd__a21o_2)
                                         _032_ (net)
                  0.04    0.00    2.00 v _082_/A2 (sky130_fd_sc_hd__a21oi_2)
     2    0.01    0.16    0.18    2.17 ^ _082_/Y (sky130_fd_sc_hd__a21oi_2)
                                         _034_ (net)
                  0.16    0.00    2.17 ^ _084_/A_N (sky130_fd_sc_hd__and2b_2)
     1    0.00    0.04    0.24    2.41 v _084_/X (sky130_fd_sc_hd__and2b_2)
                                         _036_ (net)
                  0.04    0.00    2.41 v _085_/B1 (sky130_fd_sc_hd__a21oi_2)
     2    0.01    0.16    0.15    2.56 ^ _085_/Y (sky130_fd_sc_hd__a21oi_2)
                                         _037_ (net)
                  0.16    0.00    2.56 ^ _087_/A_N (sky130_fd_sc_hd__and2b_2)
     1    0.00    0.04    0.24    2.80 v _087_/X (sky130_fd_sc_hd__and2b_2)
                                         _039_ (net)
                  0.04    0.00    2.80 v _088_/B1 (sky130_fd_sc_hd__a21oi_2)
     2    0.01    0.16    0.15    2.95 ^ _088_/Y (sky130_fd_sc_hd__a21oi_2)
                                         _040_ (net)
                  0.16    0.00    2.95 ^ _090_/A_N (sky130_fd_sc_hd__and2b_2)
     1    0.00    0.03    0.23    3.18 v _090_/X (sky130_fd_sc_hd__and2b_2)
                                         _042_ (net)
                  0.03    0.00    3.18 v _091_/B1 (sky130_fd_sc_hd__a21o_2)
     2    0.01    0.06    0.21    3.39 v _091_/X (sky130_fd_sc_hd__a21o_2)
                                         _043_ (net)
                  0.06    0.00    3.39 v _092_/B (sky130_fd_sc_hd__xnor2_2)
     2    0.01    0.20    0.19    3.58 ^ _092_/Y (sky130_fd_sc_hd__xnor2_2)
                                         _044_ (net)
                  0.20    0.00    3.58 ^ _094_/A2 (sky130_fd_sc_hd__o21a_2)
     2    0.01    0.07    0.17    3.75 ^ _094_/X (sky130_fd_sc_hd__o21a_2)
                                         _046_ (net)
                  0.07    0.00    3.75 ^ _096_/A_N (sky130_fd_sc_hd__and2b_2)
     1    0.00    0.04    0.22    3.97 v _096_/X (sky130_fd_sc_hd__and2b_2)
                                         _048_ (net)
                  0.04    0.00    3.97 v _097_/B1 (sky130_fd_sc_hd__a21oi_2)
     2    0.01    0.16    0.15    4.12 ^ _097_/Y (sky130_fd_sc_hd__a21oi_2)
                                         _049_ (net)
                  0.16    0.00    4.12 ^ _099_/A_N (sky130_fd_sc_hd__and2b_2)
     1    0.00    0.04    0.24    4.36 v _099_/X (sky130_fd_sc_hd__and2b_2)
                                         _051_ (net)
                  0.04    0.00    4.36 v _100_/B1 (sky130_fd_sc_hd__a21oi_2)
     2    0.01    0.16    0.15    4.51 ^ _100_/Y (sky130_fd_sc_hd__a21oi_2)
                                         _052_ (net)
                  0.16    0.00    4.51 ^ _102_/A_N (sky130_fd_sc_hd__and2b_2)
     1    0.00    0.03    0.23    4.74 v _102_/X (sky130_fd_sc_hd__and2b_2)
                                         _054_ (net)
                  0.03    0.00    4.74 v _103_/B1 (sky130_fd_sc_hd__a21o_2)
     2    0.01    0.06    0.21    4.95 v _103_/X (sky130_fd_sc_hd__a21o_2)
                                         _055_ (net)
                  0.06    0.00    4.95 v _104_/B (sky130_fd_sc_hd__xnor2_2)
     2    0.01    0.07    0.15    5.10 v _104_/Y (sky130_fd_sc_hd__xnor2_2)
                                         _056_ (net)
                  0.07    0.00    5.10 v _106_/A2 (sky130_fd_sc_hd__o21a_2)
     2    0.01    0.05    0.22    5.32 v _106_/X (sky130_fd_sc_hd__o21a_2)
                                         _058_ (net)
                  0.05    0.00    5.32 v _107_/B (sky130_fd_sc_hd__xnor2_2)
     2    0.01    0.23    0.20    5.53 ^ _107_/Y (sky130_fd_sc_hd__xnor2_2)
                                         _059_ (net)
                  0.23    0.00    5.53 ^ _109_/A2 (sky130_fd_sc_hd__a21oi_2)
     2    0.01    0.07    0.11    5.64 v _109_/Y (sky130_fd_sc_hd__a21oi_2)
                                         _001_ (net)
                  0.07    0.00    5.64 v _110_/B (sky130_fd_sc_hd__xnor2_2)
     2    0.01    0.23    0.21    5.85 ^ _110_/Y (sky130_fd_sc_hd__xnor2_2)
                                         _002_ (net)
                  0.23    0.00    5.85 ^ _126_/B (sky130_fd_sc_hd__xor2_2)
     1    0.01    0.12    0.17    6.02 ^ _126_/X (sky130_fd_sc_hd__xor2_2)
                                         x18.sum (net)
                  0.12    0.00    6.02 ^ _184_/D (sky130_fd_sc_hd__dfxtp_2)
                                  6.02   data arrival time

                  0.00    6.60    6.60   clock core_clock (rise edge)
                          0.00    6.60   clock network delay (ideal)
                          0.00    6.60   clock reconvergence pessimism
                                  6.60 ^ _184_/CLK (sky130_fd_sc_hd__dfxtp_2)
                         -0.08    6.52   library setup time
                                  6.52   data required time
-----------------------------------------------------------------------------
                                  6.52   data required time
                                 -6.02   data arrival time
-----------------------------------------------------------------------------
                                  0.50   slack (MET)


Startpoint: _137_ (rising edge-triggered flip-flop clocked by core_clock)
Endpoint: _183_ (rising edge-triggered flip-flop clocked by core_clock)
Path Group: core_clock
Path Type: max

Fanout     Cap    Slew   Delay    Time   Description
-----------------------------------------------------------------------------
                  0.00    0.00    0.00   clock core_clock (rise edge)
                          0.00    0.00   clock network delay (ideal)
                  0.00    0.00    0.00 ^ _137_/CLK (sky130_fd_sc_hd__dfxtp_2)
     3    0.02    0.05    0.32    0.32 v _137_/Q (sky130_fd_sc_hd__dfxtp_2)
                                         x1.a (net)
                  0.05    0.00    0.32 v _062_/B (sky130_fd_sc_hd__or2_2)
     2    0.01    0.07    0.29    0.61 v _062_/X (sky130_fd_sc_hd__or2_2)
                                         _014_ (net)
                  0.07    0.00    0.61 v _064_/A2 (sky130_fd_sc_hd__a21bo_2)
     2    0.01    0.06    0.25    0.85 v _064_/X (sky130_fd_sc_hd__a21bo_2)
                                         _016_ (net)
                  0.06    0.00    0.85 v _066_/B (sky130_fd_sc_hd__xor2_2)
     2    0.01    0.05    0.15    1.00 v _066_/X (sky130_fd_sc_hd__xor2_2)
                                         _018_ (net)
                  0.05    0.00    1.00 v _067_/B (sky130_fd_sc_hd__nand2_2)
     3    0.01    0.08    0.09    1.09 ^ _067_/Y (sky130_fd_sc_hd__nand2_2)
                                         _019_ (net)
                  0.08    0.00    1.09 ^ _068_/C (sky130_fd_sc_hd__nand3b_2)
     2    0.00    0.06    0.08    1.17 v _068_/Y (sky130_fd_sc_hd__nand3b_2)
                                         _020_ (net)
                  0.06    0.00    1.17 v _070_/A2 (sky130_fd_sc_hd__a21o_2)
     2    0.01    0.05    0.24    1.41 v _070_/X (sky130_fd_sc_hd__a21o_2)
                                         _022_ (net)
                  0.05    0.00    1.41 v _077_/A2 (sky130_fd_sc_hd__a21bo_2)
     1    0.00    0.03    0.21    1.62 v _077_/X (sky130_fd_sc_hd__a21bo_2)
                                         _029_ (net)
                  0.03    0.00    1.62 v _078_/B1 (sky130_fd_sc_hd__a21o_2)
     2    0.00    0.04    0.18    1.80 v _078_/X (sky130_fd_sc_hd__a21o_2)
                                         _030_ (net)
                  0.04    0.00    1.80 v _080_/A1 (sky130_fd_sc_hd__a21o_2)
     2    0.01    0.04    0.19    2.00 v _080_/X (sky130_fd_sc_hd__a21o_2)
                                         _032_ (net)
                  0.04    0.00    2.00 v _082_/A2 (sky130_fd_sc_hd__a21oi_2)
     2    0.01    0.16    0.18    2.17 ^ _082_/Y (sky130_fd_sc_hd__a21oi_2)
                                         _034_ (net)
                  0.16    0.00    2.17 ^ _084_/A_N (sky130_fd_sc_hd__and2b_2)
     1    0.00    0.04    0.24    2.41 v _084_/X (sky130_fd_sc_hd__and2b_2)
                                         _036_ (net)
                  0.04    0.00    2.41 v _085_/B1 (sky130_fd_sc_hd__a21oi_2)
     2    0.01    0.16    0.15    2.56 ^ _085_/Y (sky130_fd_sc_hd__a21oi_2)
                                         _037_ (net)
                  0.16    0.00    2.56 ^ _087_/A_N (sky130_fd_sc_hd__and2b_2)
     1    0.00    0.04    0.24    2.80 v _087_/X (sky130_fd_sc_hd__and2b_2)
                                         _039_ (net)
                  0.04    0.00    2.80 v _088_/B1 (sky130_fd_sc_hd__a21oi_2)
     2    0.01    0.16    0.15    2.95 ^ _088_/Y (sky130_fd_sc_hd__a21oi_2)
                                         _040_ (net)
                  0.16    0.00    2.95 ^ _090_/A_N (sky130_fd_sc_hd__and2b_2)
     1    0.00    0.03    0.23    3.18 v _090_/X (sky130_fd_sc_hd__and2b_2)
                                         _042_ (net)
                  0.03    0.00    3.18 v _091_/B1 (sky130_fd_sc_hd__a21o_2)
     2    0.01    0.06    0.21    3.39 v _091_/X (sky130_fd_sc_hd__a21o_2)
                                         _043_ (net)
                  0.06    0.00    3.39 v _092_/B (sky130_fd_sc_hd__xnor2_2)
     2    0.01    0.20    0.19    3.58 ^ _092_/Y (sky130_fd_sc_hd__xnor2_2)
                                         _044_ (net)
                  0.20    0.00    3.58 ^ _094_/A2 (sky130_fd_sc_hd__o21a_2)
     2    0.01    0.07    0.17    3.75 ^ _094_/X (sky130_fd_sc_hd__o21a_2)
                                         _046_ (net)
                  0.07    0.00    3.75 ^ _096_/A_N (sky130_fd_sc_hd__and2b_2)
     1    0.00    0.04    0.22    3.97 v _096_/X (sky130_fd_sc_hd__and2b_2)
                                         _048_ (net)
                  0.04    0.00    3.97 v _097_/B1 (sky130_fd_sc_hd__a21oi_2)
     2    0.01    0.16    0.15    4.12 ^ _097_/Y (sky130_fd_sc_hd__a21oi_2)
                                         _049_ (net)
                  0.16    0.00    4.12 ^ _099_/A_N (sky130_fd_sc_hd__and2b_2)
     1    0.00    0.04    0.24    4.36 v _099_/X (sky130_fd_sc_hd__and2b_2)
                                         _051_ (net)
                  0.04    0.00    4.36 v _100_/B1 (sky130_fd_sc_hd__a21oi_2)
     2    0.01    0.16    0.15    4.51 ^ _100_/Y (sky130_fd_sc_hd__a21oi_2)
                                         _052_ (net)
                  0.16    0.00    4.51 ^ _102_/A_N (sky130_fd_sc_hd__and2b_2)
     1    0.00    0.03    0.23    4.74 v _102_/X (sky130_fd_sc_hd__and2b_2)
                                         _054_ (net)
                  0.03    0.00    4.74 v _103_/B1 (sky130_fd_sc_hd__a21o_2)
     2    0.01    0.06    0.21    4.95 v _103_/X (sky130_fd_sc_hd__a21o_2)
                                         _055_ (net)
                  0.06    0.00    4.95 v _104_/B (sky130_fd_sc_hd__xnor2_2)
     2    0.01    0.07    0.15    5.10 v _104_/Y (sky130_fd_sc_hd__xnor2_2)
                                         _056_ (net)
                  0.07    0.00    5.10 v _106_/A2 (sky130_fd_sc_hd__o21a_2)
     2    0.01    0.05    0.22    5.32 v _106_/X (sky130_fd_sc_hd__o21a_2)
                                         _058_ (net)
                  0.05    0.00    5.32 v _107_/B (sky130_fd_sc_hd__xnor2_2)
     2    0.01    0.23    0.20    5.53 ^ _107_/Y (sky130_fd_sc_hd__xnor2_2)
                                         _059_ (net)
                  0.23    0.00    5.53 ^ _125_/B (sky130_fd_sc_hd__xor2_2)
     1    0.01    0.12    0.17    5.70 ^ _125_/X (sky130_fd_sc_hd__xor2_2)
                                         x17.sum (net)
                  0.12    0.00    5.70 ^ _183_/D (sky130_fd_sc_hd__dfxtp_2)
                                  5.70   data arrival time

                  0.00    6.60    6.60   clock core_clock (rise edge)
                          0.00    6.60   clock network delay (ideal)
                          0.00    6.60   clock reconvergence pessimism
                                  6.60 ^ _183_/CLK (sky130_fd_sc_hd__dfxtp_2)
                         -0.08    6.52   library setup time
                                  6.52   data required time
-----------------------------------------------------------------------------
                                  6.52   data required time
                                 -5.70   data arrival time
-----------------------------------------------------------------------------
                                  0.82   slack (MET)


Startpoint: _137_ (rising edge-triggered flip-flop clocked by core_clock)
Endpoint: _182_ (rising edge-triggered flip-flop clocked by core_clock)
Path Group: core_clock
Path Type: max

Fanout     Cap    Slew   Delay    Time   Description
-----------------------------------------------------------------------------
                  0.00    0.00    0.00   clock core_clock (rise edge)
                          0.00    0.00   clock network delay (ideal)
                  0.00    0.00    0.00 ^ _137_/CLK (sky130_fd_sc_hd__dfxtp_2)
     3    0.02    0.05    0.32    0.32 v _137_/Q (sky130_fd_sc_hd__dfxtp_2)
                                         x1.a (net)
                  0.05    0.00    0.32 v _062_/B (sky130_fd_sc_hd__or2_2)
     2    0.01    0.07    0.29    0.61 v _062_/X (sky130_fd_sc_hd__or2_2)
                                         _014_ (net)
                  0.07    0.00    0.61 v _064_/A2 (sky130_fd_sc_hd__a21bo_2)
     2    0.01    0.06    0.25    0.85 v _064_/X (sky130_fd_sc_hd__a21bo_2)
                                         _016_ (net)
                  0.06    0.00    0.85 v _066_/B (sky130_fd_sc_hd__xor2_2)
     2    0.01    0.05    0.15    1.00 v _066_/X (sky130_fd_sc_hd__xor2_2)
                                         _018_ (net)
                  0.05    0.00    1.00 v _067_/B (sky130_fd_sc_hd__nand2_2)
     3    0.01    0.08    0.09    1.09 ^ _067_/Y (sky130_fd_sc_hd__nand2_2)
                                         _019_ (net)
                  0.08    0.00    1.09 ^ _068_/C (sky130_fd_sc_hd__nand3b_2)
     2    0.00    0.06    0.08    1.17 v _068_/Y (sky130_fd_sc_hd__nand3b_2)
                                         _020_ (net)
                  0.06    0.00    1.17 v _070_/A2 (sky130_fd_sc_hd__a21o_2)
     2    0.01    0.05    0.24    1.41 v _070_/X (sky130_fd_sc_hd__a21o_2)
                                         _022_ (net)
                  0.05    0.00    1.41 v _077_/A2 (sky130_fd_sc_hd__a21bo_2)
     1    0.00    0.03    0.21    1.62 v _077_/X (sky130_fd_sc_hd__a21bo_2)
                                         _029_ (net)
                  0.03    0.00    1.62 v _078_/B1 (sky130_fd_sc_hd__a21o_2)
     2    0.00    0.04    0.18    1.80 v _078_/X (sky130_fd_sc_hd__a21o_2)
                                         _030_ (net)
                  0.04    0.00    1.80 v _080_/A1 (sky130_fd_sc_hd__a21o_2)
     2    0.01    0.04    0.19    2.00 v _080_/X (sky130_fd_sc_hd__a21o_2)
                                         _032_ (net)
                  0.04    0.00    2.00 v _082_/A2 (sky130_fd_sc_hd__a21oi_2)
     2    0.01    0.16    0.18    2.17 ^ _082_/Y (sky130_fd_sc_hd__a21oi_2)
                                         _034_ (net)
                  0.16    0.00    2.17 ^ _084_/A_N (sky130_fd_sc_hd__and2b_2)
     1    0.00    0.04    0.24    2.41 v _084_/X (sky130_fd_sc_hd__and2b_2)
                                         _036_ (net)
                  0.04    0.00    2.41 v _085_/B1 (sky130_fd_sc_hd__a21oi_2)
     2    0.01    0.16    0.15    2.56 ^ _085_/Y (sky130_fd_sc_hd__a21oi_2)
                                         _037_ (net)
                  0.16    0.00    2.56 ^ _087_/A_N (sky130_fd_sc_hd__and2b_2)
     1    0.00    0.04    0.24    2.80 v _087_/X (sky130_fd_sc_hd__and2b_2)
                                         _039_ (net)
                  0.04    0.00    2.80 v _088_/B1 (sky130_fd_sc_hd__a21oi_2)
     2    0.01    0.16    0.15    2.95 ^ _088_/Y (sky130_fd_sc_hd__a21oi_2)
                                         _040_ (net)
                  0.16    0.00    2.95 ^ _090_/A_N (sky130_fd_sc_hd__and2b_2)
     1    0.00    0.03    0.23    3.18 v _090_/X (sky130_fd_sc_hd__and2b_2)
                                         _042_ (net)
                  0.03    0.00    3.18 v _091_/B1 (sky130_fd_sc_hd__a21o_2)
     2    0.01    0.06    0.21    3.39 v _091_/X (sky130_fd_sc_hd__a21o_2)
                                         _043_ (net)
                  0.06    0.00    3.39 v _092_/B (sky130_fd_sc_hd__xnor2_2)
     2    0.01    0.20    0.19    3.58 ^ _092_/Y (sky130_fd_sc_hd__xnor2_2)
                                         _044_ (net)
                  0.20    0.00    3.58 ^ _094_/A2 (sky130_fd_sc_hd__o21a_2)
     2    0.01    0.07    0.17    3.75 ^ _094_/X (sky130_fd_sc_hd__o21a_2)
                                         _046_ (net)
                  0.07    0.00    3.75 ^ _096_/A_N (sky130_fd_sc_hd__and2b_2)
     1    0.00    0.04    0.22    3.97 v _096_/X (sky130_fd_sc_hd__and2b_2)
                                         _048_ (net)
                  0.04    0.00    3.97 v _097_/B1 (sky130_fd_sc_hd__a21oi_2)
     2    0.01    0.16    0.15    4.12 ^ _097_/Y (sky130_fd_sc_hd__a21oi_2)
                                         _049_ (net)
                  0.16    0.00    4.12 ^ _099_/A_N (sky130_fd_sc_hd__and2b_2)
     1    0.00    0.04    0.24    4.36 v _099_/X (sky130_fd_sc_hd__and2b_2)
                                         _051_ (net)
                  0.04    0.00    4.36 v _100_/B1 (sky130_fd_sc_hd__a21oi_2)
     2    0.01    0.16    0.15    4.51 ^ _100_/Y (sky130_fd_sc_hd__a21oi_2)
                                         _052_ (net)
                  0.16    0.00    4.51 ^ _102_/A_N (sky130_fd_sc_hd__and2b_2)
     1    0.00    0.03    0.23    4.74 v _102_/X (sky130_fd_sc_hd__and2b_2)
                                         _054_ (net)
                  0.03    0.00    4.74 v _103_/B1 (sky130_fd_sc_hd__a21o_2)
     2    0.01    0.06    0.21    4.95 v _103_/X (sky130_fd_sc_hd__a21o_2)
                                         _055_ (net)
                  0.06    0.00    4.95 v _104_/B (sky130_fd_sc_hd__xnor2_2)
     2    0.01    0.07    0.15    5.10 v _104_/Y (sky130_fd_sc_hd__xnor2_2)
                                         _056_ (net)
                  0.07    0.00    5.10 v _124_/B (sky130_fd_sc_hd__xnor2_2)
     1    0.01    0.06    0.14    5.24 v _124_/Y (sky130_fd_sc_hd__xnor2_2)
                                         x16.sum (net)
                  0.06    0.00    5.24 v _182_/D (sky130_fd_sc_hd__dfxtp_2)
                                  5.24   data arrival time

                  0.00    6.60    6.60   clock core_clock (rise edge)
                          0.00    6.60   clock network delay (ideal)
                          0.00    6.60   clock reconvergence pessimism
                                  6.60 ^ _182_/CLK (sky130_fd_sc_hd__dfxtp_2)
                         -0.13    6.47   library setup time
                                  6.47   data required time
-----------------------------------------------------------------------------
                                  6.47   data required time
                                 -5.24   data arrival time
-----------------------------------------------------------------------------
                                  1.23   slack (MET)


Startpoint: _137_ (rising edge-triggered flip-flop clocked by core_clock)
Endpoint: _181_ (rising edge-triggered flip-flop clocked by core_clock)
Path Group: core_clock
Path Type: max

Fanout     Cap    Slew   Delay    Time   Description
-----------------------------------------------------------------------------
                  0.00    0.00    0.00   clock core_clock (rise edge)
                          0.00    0.00   clock network delay (ideal)
                  0.00    0.00    0.00 ^ _137_/CLK (sky130_fd_sc_hd__dfxtp_2)
     3    0.02    0.05    0.32    0.32 v _137_/Q (sky130_fd_sc_hd__dfxtp_2)
                                         x1.a (net)
                  0.05    0.00    0.32 v _062_/B (sky130_fd_sc_hd__or2_2)
     2    0.01    0.07    0.29    0.61 v _062_/X (sky130_fd_sc_hd__or2_2)
                                         _014_ (net)
                  0.07    0.00    0.61 v _064_/A2 (sky130_fd_sc_hd__a21bo_2)
     2    0.01    0.06    0.25    0.85 v _064_/X (sky130_fd_sc_hd__a21bo_2)
                                         _016_ (net)
                  0.06    0.00    0.85 v _066_/B (sky130_fd_sc_hd__xor2_2)
     2    0.01    0.05    0.15    1.00 v _066_/X (sky130_fd_sc_hd__xor2_2)
                                         _018_ (net)
                  0.05    0.00    1.00 v _067_/B (sky130_fd_sc_hd__nand2_2)
     3    0.01    0.08    0.09    1.09 ^ _067_/Y (sky130_fd_sc_hd__nand2_2)
                                         _019_ (net)
                  0.08    0.00    1.09 ^ _068_/C (sky130_fd_sc_hd__nand3b_2)
     2    0.00    0.06    0.08    1.17 v _068_/Y (sky130_fd_sc_hd__nand3b_2)
                                         _020_ (net)
                  0.06    0.00    1.17 v _070_/A2 (sky130_fd_sc_hd__a21o_2)
     2    0.01    0.05    0.24    1.41 v _070_/X (sky130_fd_sc_hd__a21o_2)
                                         _022_ (net)
                  0.05    0.00    1.41 v _077_/A2 (sky130_fd_sc_hd__a21bo_2)
     1    0.00    0.03    0.21    1.62 v _077_/X (sky130_fd_sc_hd__a21bo_2)
                                         _029_ (net)
                  0.03    0.00    1.62 v _078_/B1 (sky130_fd_sc_hd__a21o_2)
     2    0.00    0.04    0.18    1.80 v _078_/X (sky130_fd_sc_hd__a21o_2)
                                         _030_ (net)
                  0.04    0.00    1.80 v _080_/A1 (sky130_fd_sc_hd__a21o_2)
     2    0.01    0.04    0.19    2.00 v _080_/X (sky130_fd_sc_hd__a21o_2)
                                         _032_ (net)
                  0.04    0.00    2.00 v _082_/A2 (sky130_fd_sc_hd__a21oi_2)
     2    0.01    0.16    0.18    2.17 ^ _082_/Y (sky130_fd_sc_hd__a21oi_2)
                                         _034_ (net)
                  0.16    0.00    2.17 ^ _084_/A_N (sky130_fd_sc_hd__and2b_2)
     1    0.00    0.04    0.24    2.41 v _084_/X (sky130_fd_sc_hd__and2b_2)
                                         _036_ (net)
                  0.04    0.00    2.41 v _085_/B1 (sky130_fd_sc_hd__a21oi_2)
     2    0.01    0.16    0.15    2.56 ^ _085_/Y (sky130_fd_sc_hd__a21oi_2)
                                         _037_ (net)
                  0.16    0.00    2.56 ^ _087_/A_N (sky130_fd_sc_hd__and2b_2)
     1    0.00    0.04    0.24    2.80 v _087_/X (sky130_fd_sc_hd__and2b_2)
                                         _039_ (net)
                  0.04    0.00    2.80 v _088_/B1 (sky130_fd_sc_hd__a21oi_2)
     2    0.01    0.16    0.15    2.95 ^ _088_/Y (sky130_fd_sc_hd__a21oi_2)
                                         _040_ (net)
                  0.16    0.00    2.95 ^ _090_/A_N (sky130_fd_sc_hd__and2b_2)
     1    0.00    0.03    0.23    3.18 v _090_/X (sky130_fd_sc_hd__and2b_2)
                                         _042_ (net)
                  0.03    0.00    3.18 v _091_/B1 (sky130_fd_sc_hd__a21o_2)
     2    0.01    0.06    0.21    3.39 v _091_/X (sky130_fd_sc_hd__a21o_2)
                                         _043_ (net)
                  0.06    0.00    3.39 v _092_/B (sky130_fd_sc_hd__xnor2_2)
     2    0.01    0.20    0.19    3.58 ^ _092_/Y (sky130_fd_sc_hd__xnor2_2)
                                         _044_ (net)
                  0.20    0.00    3.58 ^ _094_/A2 (sky130_fd_sc_hd__o21a_2)
     2    0.01    0.07    0.17    3.75 ^ _094_/X (sky130_fd_sc_hd__o21a_2)
                                         _046_ (net)
                  0.07    0.00    3.75 ^ _096_/A_N (sky130_fd_sc_hd__and2b_2)
     1    0.00    0.04    0.22    3.97 v _096_/X (sky130_fd_sc_hd__and2b_2)
                                         _048_ (net)
                  0.04    0.00    3.97 v _097_/B1 (sky130_fd_sc_hd__a21oi_2)
     2    0.01    0.16    0.15    4.12 ^ _097_/Y (sky130_fd_sc_hd__a21oi_2)
                                         _049_ (net)
                  0.16    0.00    4.12 ^ _099_/A_N (sky130_fd_sc_hd__and2b_2)
     1    0.00    0.04    0.24    4.36 v _099_/X (sky130_fd_sc_hd__and2b_2)
                                         _051_ (net)
                  0.04    0.00    4.36 v _100_/B1 (sky130_fd_sc_hd__a21oi_2)
     2    0.01    0.16    0.15    4.51 ^ _100_/Y (sky130_fd_sc_hd__a21oi_2)
                                         _052_ (net)
                  0.16    0.00    4.51 ^ _101_/B (sky130_fd_sc_hd__xnor2_2)
     2    0.01    0.07    0.10    4.61 v _101_/Y (sky130_fd_sc_hd__xnor2_2)
                                         _053_ (net)
                  0.07    0.00    4.61 v _130_/B (sky130_fd_sc_hd__xor2_2)
     1    0.00    0.06    0.14    4.75 v _130_/X (sky130_fd_sc_hd__xor2_2)
                                         x14.sum (net)
                  0.06    0.00    4.75 v _181_/D (sky130_fd_sc_hd__dfxtp_2)
                                  4.75   data arrival time

                  0.00    6.60    6.60   clock core_clock (rise edge)
                          0.00    6.60   clock network delay (ideal)
                          0.00    6.60   clock reconvergence pessimism
                                  6.60 ^ _181_/CLK (sky130_fd_sc_hd__dfxtp_2)
                         -0.13    6.47   library setup time
                                  6.47   data required time
-----------------------------------------------------------------------------
                                  6.47   data required time
                                 -4.75   data arrival time
-----------------------------------------------------------------------------
                                  1.72   slack (MET)


Startpoint: _137_ (rising edge-triggered flip-flop clocked by core_clock)
Endpoint: _180_ (rising edge-triggered flip-flop clocked by core_clock)
Path Group: core_clock
Path Type: max

Fanout     Cap    Slew   Delay    Time   Description
-----------------------------------------------------------------------------
                  0.00    0.00    0.00   clock core_clock (rise edge)
                          0.00    0.00   clock network delay (ideal)
                  0.00    0.00    0.00 ^ _137_/CLK (sky130_fd_sc_hd__dfxtp_2)
     3    0.02    0.05    0.32    0.32 v _137_/Q (sky130_fd_sc_hd__dfxtp_2)
                                         x1.a (net)
                  0.05    0.00    0.32 v _062_/B (sky130_fd_sc_hd__or2_2)
     2    0.01    0.07    0.29    0.61 v _062_/X (sky130_fd_sc_hd__or2_2)
                                         _014_ (net)
                  0.07    0.00    0.61 v _064_/A2 (sky130_fd_sc_hd__a21bo_2)
     2    0.01    0.06    0.25    0.85 v _064_/X (sky130_fd_sc_hd__a21bo_2)
                                         _016_ (net)
                  0.06    0.00    0.85 v _066_/B (sky130_fd_sc_hd__xor2_2)
     2    0.01    0.05    0.15    1.00 v _066_/X (sky130_fd_sc_hd__xor2_2)
                                         _018_ (net)
                  0.05    0.00    1.00 v _067_/B (sky130_fd_sc_hd__nand2_2)
     3    0.01    0.08    0.09    1.09 ^ _067_/Y (sky130_fd_sc_hd__nand2_2)
                                         _019_ (net)
                  0.08    0.00    1.09 ^ _068_/C (sky130_fd_sc_hd__nand3b_2)
     2    0.00    0.06    0.08    1.17 v _068_/Y (sky130_fd_sc_hd__nand3b_2)
                                         _020_ (net)
                  0.06    0.00    1.17 v _070_/A2 (sky130_fd_sc_hd__a21o_2)
     2    0.01    0.05    0.24    1.41 v _070_/X (sky130_fd_sc_hd__a21o_2)
                                         _022_ (net)
                  0.05    0.00    1.41 v _077_/A2 (sky130_fd_sc_hd__a21bo_2)
     1    0.00    0.03    0.21    1.62 v _077_/X (sky130_fd_sc_hd__a21bo_2)
                                         _029_ (net)
                  0.03    0.00    1.62 v _078_/B1 (sky130_fd_sc_hd__a21o_2)
     2    0.00    0.04    0.18    1.80 v _078_/X (sky130_fd_sc_hd__a21o_2)
                                         _030_ (net)
                  0.04    0.00    1.80 v _080_/A1 (sky130_fd_sc_hd__a21o_2)
     2    0.01    0.04    0.19    2.00 v _080_/X (sky130_fd_sc_hd__a21o_2)
                                         _032_ (net)
                  0.04    0.00    2.00 v _082_/A2 (sky130_fd_sc_hd__a21oi_2)
     2    0.01    0.16    0.18    2.17 ^ _082_/Y (sky130_fd_sc_hd__a21oi_2)
                                         _034_ (net)
                  0.16    0.00    2.17 ^ _084_/A_N (sky130_fd_sc_hd__and2b_2)
     1    0.00    0.04    0.24    2.41 v _084_/X (sky130_fd_sc_hd__and2b_2)
                                         _036_ (net)
                  0.04    0.00    2.41 v _085_/B1 (sky130_fd_sc_hd__a21oi_2)
     2    0.01    0.16    0.15    2.56 ^ _085_/Y (sky130_fd_sc_hd__a21oi_2)
                                         _037_ (net)
                  0.16    0.00    2.56 ^ _087_/A_N (sky130_fd_sc_hd__and2b_2)
     1    0.00    0.04    0.24    2.80 v _087_/X (sky130_fd_sc_hd__and2b_2)
                                         _039_ (net)
                  0.04    0.00    2.80 v _088_/B1 (sky130_fd_sc_hd__a21oi_2)
     2    0.01    0.16    0.15    2.95 ^ _088_/Y (sky130_fd_sc_hd__a21oi_2)
                                         _040_ (net)
                  0.16    0.00    2.95 ^ _090_/A_N (sky130_fd_sc_hd__and2b_2)
     1    0.00    0.03    0.23    3.18 v _090_/X (sky130_fd_sc_hd__and2b_2)
                                         _042_ (net)
                  0.03    0.00    3.18 v _091_/B1 (sky130_fd_sc_hd__a21o_2)
     2    0.01    0.06    0.21    3.39 v _091_/X (sky130_fd_sc_hd__a21o_2)
                                         _043_ (net)
                  0.06    0.00    3.39 v _092_/B (sky130_fd_sc_hd__xnor2_2)
     2    0.01    0.07    0.15    3.55 v _092_/Y (sky130_fd_sc_hd__xnor2_2)
                                         _044_ (net)
                  0.07    0.00    3.55 v _094_/A2 (sky130_fd_sc_hd__o21a_2)
     2    0.01    0.05    0.22    3.77 v _094_/X (sky130_fd_sc_hd__o21a_2)
                                         _046_ (net)
                  0.05    0.00    3.77 v _095_/B (sky130_fd_sc_hd__xnor2_2)
     2    0.01    0.23    0.20    3.97 ^ _095_/Y (sky130_fd_sc_hd__xnor2_2)
                                         _047_ (net)
                  0.23    0.00    3.97 ^ _097_/A2 (sky130_fd_sc_hd__a21oi_2)
     2    0.01    0.07    0.11    4.08 v _097_/Y (sky130_fd_sc_hd__a21oi_2)
                                         _049_ (net)
                  0.07    0.00    4.08 v _098_/B (sky130_fd_sc_hd__xnor2_2)
     2    0.01    0.08    0.16    4.24 v _098_/Y (sky130_fd_sc_hd__xnor2_2)
                                         _050_ (net)
                  0.08    0.00    4.24 v _129_/B (sky130_fd_sc_hd__xor2_2)
     1    0.00    0.07    0.15    4.40 v _129_/X (sky130_fd_sc_hd__xor2_2)
                                         x13.sum (net)
                  0.07    0.00    4.40 v _180_/D (sky130_fd_sc_hd__dfxtp_2)
                                  4.40   data arrival time

                  0.00    6.60    6.60   clock core_clock (rise edge)
                          0.00    6.60   clock network delay (ideal)
                          0.00    6.60   clock reconvergence pessimism
                                  6.60 ^ _180_/CLK (sky130_fd_sc_hd__dfxtp_2)
                         -0.13    6.47   library setup time
                                  6.47   data required time
-----------------------------------------------------------------------------
                                  6.47   data required time
                                 -4.40   data arrival time
-----------------------------------------------------------------------------
                                  2.07   slack (MET)


Startpoint: _137_ (rising edge-triggered flip-flop clocked by core_clock)
Endpoint: _179_ (rising edge-triggered flip-flop clocked by core_clock)
Path Group: core_clock
Path Type: max

Fanout     Cap    Slew   Delay    Time   Description
-----------------------------------------------------------------------------
                  0.00    0.00    0.00   clock core_clock (rise edge)
                          0.00    0.00   clock network delay (ideal)
                  0.00    0.00    0.00 ^ _137_/CLK (sky130_fd_sc_hd__dfxtp_2)
     3    0.02    0.05    0.32    0.32 v _137_/Q (sky130_fd_sc_hd__dfxtp_2)
                                         x1.a (net)
                  0.05    0.00    0.32 v _062_/B (sky130_fd_sc_hd__or2_2)
     2    0.01    0.07    0.29    0.61 v _062_/X (sky130_fd_sc_hd__or2_2)
                                         _014_ (net)
                  0.07    0.00    0.61 v _064_/A2 (sky130_fd_sc_hd__a21bo_2)
     2    0.01    0.06    0.25    0.85 v _064_/X (sky130_fd_sc_hd__a21bo_2)
                                         _016_ (net)
                  0.06    0.00    0.85 v _066_/B (sky130_fd_sc_hd__xor2_2)
     2    0.01    0.05    0.15    1.00 v _066_/X (sky130_fd_sc_hd__xor2_2)
                                         _018_ (net)
                  0.05    0.00    1.00 v _067_/B (sky130_fd_sc_hd__nand2_2)
     3    0.01    0.08    0.09    1.09 ^ _067_/Y (sky130_fd_sc_hd__nand2_2)
                                         _019_ (net)
                  0.08    0.00    1.09 ^ _068_/C (sky130_fd_sc_hd__nand3b_2)
     2    0.00    0.06    0.08    1.17 v _068_/Y (sky130_fd_sc_hd__nand3b_2)
                                         _020_ (net)
                  0.06    0.00    1.17 v _070_/A2 (sky130_fd_sc_hd__a21o_2)
     2    0.01    0.05    0.24    1.41 v _070_/X (sky130_fd_sc_hd__a21o_2)
                                         _022_ (net)
                  0.05    0.00    1.41 v _077_/A2 (sky130_fd_sc_hd__a21bo_2)
     1    0.00    0.03    0.21    1.62 v _077_/X (sky130_fd_sc_hd__a21bo_2)
                                         _029_ (net)
                  0.03    0.00    1.62 v _078_/B1 (sky130_fd_sc_hd__a21o_2)
     2    0.00    0.04    0.18    1.80 v _078_/X (sky130_fd_sc_hd__a21o_2)
                                         _030_ (net)
                  0.04    0.00    1.80 v _080_/A1 (sky130_fd_sc_hd__a21o_2)
     2    0.01    0.04    0.19    2.00 v _080_/X (sky130_fd_sc_hd__a21o_2)
                                         _032_ (net)
                  0.04    0.00    2.00 v _082_/A2 (sky130_fd_sc_hd__a21oi_2)
     2    0.01    0.16    0.18    2.17 ^ _082_/Y (sky130_fd_sc_hd__a21oi_2)
                                         _034_ (net)
                  0.16    0.00    2.17 ^ _084_/A_N (sky130_fd_sc_hd__and2b_2)
     1    0.00    0.04    0.24    2.41 v _084_/X (sky130_fd_sc_hd__and2b_2)
                                         _036_ (net)
                  0.04    0.00    2.41 v _085_/B1 (sky130_fd_sc_hd__a21oi_2)
     2    0.01    0.16    0.15    2.56 ^ _085_/Y (sky130_fd_sc_hd__a21oi_2)
                                         _037_ (net)
                  0.16    0.00    2.56 ^ _087_/A_N (sky130_fd_sc_hd__and2b_2)
     1    0.00    0.04    0.24    2.80 v _087_/X (sky130_fd_sc_hd__and2b_2)
                                         _039_ (net)
                  0.04    0.00    2.80 v _088_/B1 (sky130_fd_sc_hd__a21oi_2)
     2    0.01    0.16    0.15    2.95 ^ _088_/Y (sky130_fd_sc_hd__a21oi_2)
                                         _040_ (net)
                  0.16    0.00    2.95 ^ _090_/A_N (sky130_fd_sc_hd__and2b_2)
     1    0.00    0.03    0.23    3.18 v _090_/X (sky130_fd_sc_hd__and2b_2)
                                         _042_ (net)
                  0.03    0.00    3.18 v _091_/B1 (sky130_fd_sc_hd__a21o_2)
     2    0.01    0.06    0.21    3.39 v _091_/X (sky130_fd_sc_hd__a21o_2)
                                         _043_ (net)
                  0.06    0.00    3.39 v _092_/B (sky130_fd_sc_hd__xnor2_2)
     2    0.01    0.07    0.15    3.55 v _092_/Y (sky130_fd_sc_hd__xnor2_2)
                                         _044_ (net)
                  0.07    0.00    3.55 v _094_/A2 (sky130_fd_sc_hd__o21a_2)
     2    0.01    0.05    0.22    3.77 v _094_/X (sky130_fd_sc_hd__o21a_2)
                                         _046_ (net)
                  0.05    0.00    3.77 v _095_/B (sky130_fd_sc_hd__xnor2_2)
     2    0.01    0.08    0.16    3.92 v _095_/Y (sky130_fd_sc_hd__xnor2_2)
                                         _047_ (net)
                  0.08    0.00    3.92 v _128_/B (sky130_fd_sc_hd__xor2_2)
     1    0.00    0.06    0.15    4.07 v _128_/X (sky130_fd_sc_hd__xor2_2)
                                         x12.sum (net)
                  0.06    0.00    4.07 v _179_/D (sky130_fd_sc_hd__dfxtp_2)
                                  4.07   data arrival time

                  0.00    6.60    6.60   clock core_clock (rise edge)
                          0.00    6.60   clock network delay (ideal)
                          0.00    6.60   clock reconvergence pessimism
                                  6.60 ^ _179_/CLK (sky130_fd_sc_hd__dfxtp_2)
                         -0.13    6.47   library setup time
                                  6.47   data required time
-----------------------------------------------------------------------------
                                  6.47   data required time
                                 -4.07   data arrival time
-----------------------------------------------------------------------------
                                  2.40   slack (MET)


Startpoint: _137_ (rising edge-triggered flip-flop clocked by core_clock)
Endpoint: _178_ (rising edge-triggered flip-flop clocked by core_clock)
Path Group: core_clock
Path Type: max

Fanout     Cap    Slew   Delay    Time   Description
-----------------------------------------------------------------------------
                  0.00    0.00    0.00   clock core_clock (rise edge)
                          0.00    0.00   clock network delay (ideal)
                  0.00    0.00    0.00 ^ _137_/CLK (sky130_fd_sc_hd__dfxtp_2)
     3    0.02    0.05    0.32    0.32 v _137_/Q (sky130_fd_sc_hd__dfxtp_2)
                                         x1.a (net)
                  0.05    0.00    0.32 v _062_/B (sky130_fd_sc_hd__or2_2)
     2    0.01    0.07    0.29    0.61 v _062_/X (sky130_fd_sc_hd__or2_2)
                                         _014_ (net)
                  0.07    0.00    0.61 v _064_/A2 (sky130_fd_sc_hd__a21bo_2)
     2    0.01    0.06    0.25    0.85 v _064_/X (sky130_fd_sc_hd__a21bo_2)
                                         _016_ (net)
                  0.06    0.00    0.85 v _066_/B (sky130_fd_sc_hd__xor2_2)
     2    0.01    0.05    0.15    1.00 v _066_/X (sky130_fd_sc_hd__xor2_2)
                                         _018_ (net)
                  0.05    0.00    1.00 v _067_/B (sky130_fd_sc_hd__nand2_2)
     3    0.01    0.08    0.09    1.09 ^ _067_/Y (sky130_fd_sc_hd__nand2_2)
                                         _019_ (net)
                  0.08    0.00    1.09 ^ _068_/C (sky130_fd_sc_hd__nand3b_2)
     2    0.00    0.06    0.08    1.17 v _068_/Y (sky130_fd_sc_hd__nand3b_2)
                                         _020_ (net)
                  0.06    0.00    1.17 v _070_/A2 (sky130_fd_sc_hd__a21o_2)
     2    0.01    0.05    0.24    1.41 v _070_/X (sky130_fd_sc_hd__a21o_2)
                                         _022_ (net)
                  0.05    0.00    1.41 v _077_/A2 (sky130_fd_sc_hd__a21bo_2)
     1    0.00    0.03    0.21    1.62 v _077_/X (sky130_fd_sc_hd__a21bo_2)
                                         _029_ (net)
                  0.03    0.00    1.62 v _078_/B1 (sky130_fd_sc_hd__a21o_2)
     2    0.00    0.04    0.18    1.80 v _078_/X (sky130_fd_sc_hd__a21o_2)
                                         _030_ (net)
                  0.04    0.00    1.80 v _080_/A1 (sky130_fd_sc_hd__a21o_2)
     2    0.01    0.04    0.19    2.00 v _080_/X (sky130_fd_sc_hd__a21o_2)
                                         _032_ (net)
                  0.04    0.00    2.00 v _082_/A2 (sky130_fd_sc_hd__a21oi_2)
     2    0.01    0.16    0.18    2.17 ^ _082_/Y (sky130_fd_sc_hd__a21oi_2)
                                         _034_ (net)
                  0.16    0.00    2.17 ^ _084_/A_N (sky130_fd_sc_hd__and2b_2)
     1    0.00    0.04    0.24    2.41 v _084_/X (sky130_fd_sc_hd__and2b_2)
                                         _036_ (net)
                  0.04    0.00    2.41 v _085_/B1 (sky130_fd_sc_hd__a21oi_2)
     2    0.01    0.16    0.15    2.56 ^ _085_/Y (sky130_fd_sc_hd__a21oi_2)
                                         _037_ (net)
                  0.16    0.00    2.56 ^ _087_/A_N (sky130_fd_sc_hd__and2b_2)
     1    0.00    0.04    0.24    2.80 v _087_/X (sky130_fd_sc_hd__and2b_2)
                                         _039_ (net)
                  0.04    0.00    2.80 v _088_/B1 (sky130_fd_sc_hd__a21oi_2)
     2    0.01    0.16    0.15    2.95 ^ _088_/Y (sky130_fd_sc_hd__a21oi_2)
                                         _040_ (net)
                  0.16    0.00    2.95 ^ _090_/A_N (sky130_fd_sc_hd__and2b_2)
     1    0.00    0.03    0.23    3.18 v _090_/X (sky130_fd_sc_hd__and2b_2)
                                         _042_ (net)
                  0.03    0.00    3.18 v _091_/B1 (sky130_fd_sc_hd__a21o_2)
     2    0.01    0.06    0.21    3.39 v _091_/X (sky130_fd_sc_hd__a21o_2)
                                         _043_ (net)
                  0.06    0.00    3.39 v _092_/B (sky130_fd_sc_hd__xnor2_2)
     2    0.01    0.07    0.15    3.55 v _092_/Y (sky130_fd_sc_hd__xnor2_2)
                                         _044_ (net)
                  0.07    0.00    3.55 v _127_/B (sky130_fd_sc_hd__xnor2_2)
     1    0.00    0.04    0.13    3.68 v _127_/Y (sky130_fd_sc_hd__xnor2_2)
                                         x11.sum (net)
                  0.04    0.00    3.68 v _178_/D (sky130_fd_sc_hd__dfxtp_2)
                                  3.68   data arrival time

                  0.00    6.60    6.60   clock core_clock (rise edge)
                          0.00    6.60   clock network delay (ideal)
                          0.00    6.60   clock reconvergence pessimism
                                  6.60 ^ _178_/CLK (sky130_fd_sc_hd__dfxtp_2)
                         -0.12    6.48   library setup time
                                  6.48   data required time
-----------------------------------------------------------------------------
                                  6.48   data required time
                                 -3.68   data arrival time
-----------------------------------------------------------------------------
                                  2.80   slack (MET)


Startpoint: _137_ (rising edge-triggered flip-flop clocked by core_clock)
Endpoint: _177_ (rising edge-triggered flip-flop clocked by core_clock)
Path Group: core_clock
Path Type: max

Fanout     Cap    Slew   Delay    Time   Description
-----------------------------------------------------------------------------
                  0.00    0.00    0.00   clock core_clock (rise edge)
                          0.00    0.00   clock network delay (ideal)
                  0.00    0.00    0.00 ^ _137_/CLK (sky130_fd_sc_hd__dfxtp_2)
     3    0.02    0.05    0.32    0.32 v _137_/Q (sky130_fd_sc_hd__dfxtp_2)
                                         x1.a (net)
                  0.05    0.00    0.32 v _062_/B (sky130_fd_sc_hd__or2_2)
     2    0.01    0.07    0.29    0.61 v _062_/X (sky130_fd_sc_hd__or2_2)
                                         _014_ (net)
                  0.07    0.00    0.61 v _064_/A2 (sky130_fd_sc_hd__a21bo_2)
     2    0.01    0.06    0.25    0.85 v _064_/X (sky130_fd_sc_hd__a21bo_2)
                                         _016_ (net)
                  0.06    0.00    0.85 v _066_/B (sky130_fd_sc_hd__xor2_2)
     2    0.01    0.05    0.15    1.00 v _066_/X (sky130_fd_sc_hd__xor2_2)
                                         _018_ (net)
                  0.05    0.00    1.00 v _067_/B (sky130_fd_sc_hd__nand2_2)
     3    0.01    0.08    0.09    1.09 ^ _067_/Y (sky130_fd_sc_hd__nand2_2)
                                         _019_ (net)
                  0.08    0.00    1.09 ^ _068_/C (sky130_fd_sc_hd__nand3b_2)
     2    0.00    0.06    0.08    1.17 v _068_/Y (sky130_fd_sc_hd__nand3b_2)
                                         _020_ (net)
                  0.06    0.00    1.17 v _070_/A2 (sky130_fd_sc_hd__a21o_2)
     2    0.01    0.05    0.24    1.41 v _070_/X (sky130_fd_sc_hd__a21o_2)
                                         _022_ (net)
                  0.05    0.00    1.41 v _077_/A2 (sky130_fd_sc_hd__a21bo_2)
     1    0.00    0.03    0.21    1.62 v _077_/X (sky130_fd_sc_hd__a21bo_2)
                                         _029_ (net)
                  0.03    0.00    1.62 v _078_/B1 (sky130_fd_sc_hd__a21o_2)
     2    0.00    0.04    0.18    1.80 v _078_/X (sky130_fd_sc_hd__a21o_2)
                                         _030_ (net)
                  0.04    0.00    1.80 v _080_/A1 (sky130_fd_sc_hd__a21o_2)
     2    0.01    0.04    0.19    2.00 v _080_/X (sky130_fd_sc_hd__a21o_2)
                                         _032_ (net)
                  0.04    0.00    2.00 v _082_/A2 (sky130_fd_sc_hd__a21oi_2)
     2    0.01    0.16    0.18    2.17 ^ _082_/Y (sky130_fd_sc_hd__a21oi_2)
                                         _034_ (net)
                  0.16    0.00    2.17 ^ _084_/A_N (sky130_fd_sc_hd__and2b_2)
     1    0.00    0.04    0.24    2.41 v _084_/X (sky130_fd_sc_hd__and2b_2)
                                         _036_ (net)
                  0.04    0.00    2.41 v _085_/B1 (sky130_fd_sc_hd__a21oi_2)
     2    0.01    0.16    0.15    2.56 ^ _085_/Y (sky130_fd_sc_hd__a21oi_2)
                                         _037_ (net)
                  0.16    0.00    2.56 ^ _087_/A_N (sky130_fd_sc_hd__and2b_2)
     1    0.00    0.04    0.24    2.80 v _087_/X (sky130_fd_sc_hd__and2b_2)
                                         _039_ (net)
                  0.04    0.00    2.80 v _088_/B1 (sky130_fd_sc_hd__a21oi_2)
     2    0.01    0.16    0.15    2.95 ^ _088_/Y (sky130_fd_sc_hd__a21oi_2)
                                         _040_ (net)
                  0.16    0.00    2.95 ^ _089_/B (sky130_fd_sc_hd__xnor2_2)
     2    0.01    0.07    0.10    3.05 v _089_/Y (sky130_fd_sc_hd__xnor2_2)
                                         _041_ (net)
                  0.07    0.00    3.05 v _136_/B (sky130_fd_sc_hd__xor2_2)
     1    0.00    0.06    0.14    3.19 v _136_/X (sky130_fd_sc_hd__xor2_2)
                                         x9.sum (net)
                  0.06    0.00    3.19 v _177_/D (sky130_fd_sc_hd__dfxtp_2)
                                  3.19   data arrival time

                  0.00    6.60    6.60   clock core_clock (rise edge)
                          0.00    6.60   clock network delay (ideal)
                          0.00    6.60   clock reconvergence pessimism
                                  6.60 ^ _177_/CLK (sky130_fd_sc_hd__dfxtp_2)
                         -0.13    6.47   library setup time
                                  6.47   data required time
-----------------------------------------------------------------------------
                                  6.47   data required time
                                 -3.19   data arrival time
-----------------------------------------------------------------------------
                                  3.28   slack (MET)


Startpoint: _137_ (rising edge-triggered flip-flop clocked by core_clock)
Endpoint: _176_ (rising edge-triggered flip-flop clocked by core_clock)
Path Group: core_clock
Path Type: max

Fanout     Cap    Slew   Delay    Time   Description
-----------------------------------------------------------------------------
                  0.00    0.00    0.00   clock core_clock (rise edge)
                          0.00    0.00   clock network delay (ideal)
                  0.00    0.00    0.00 ^ _137_/CLK (sky130_fd_sc_hd__dfxtp_2)
     3    0.02    0.05    0.32    0.32 v _137_/Q (sky130_fd_sc_hd__dfxtp_2)
                                         x1.a (net)
                  0.05    0.00    0.32 v _062_/B (sky130_fd_sc_hd__or2_2)
     2    0.01    0.07    0.29    0.61 v _062_/X (sky130_fd_sc_hd__or2_2)
                                         _014_ (net)
                  0.07    0.00    0.61 v _064_/A2 (sky130_fd_sc_hd__a21bo_2)
     2    0.01    0.06    0.25    0.85 v _064_/X (sky130_fd_sc_hd__a21bo_2)
                                         _016_ (net)
                  0.06    0.00    0.85 v _066_/B (sky130_fd_sc_hd__xor2_2)
     2    0.01    0.05    0.15    1.00 v _066_/X (sky130_fd_sc_hd__xor2_2)
                                         _018_ (net)
                  0.05    0.00    1.00 v _067_/B (sky130_fd_sc_hd__nand2_2)
     3    0.01    0.08    0.09    1.09 ^ _067_/Y (sky130_fd_sc_hd__nand2_2)
                                         _019_ (net)
                  0.08    0.00    1.09 ^ _068_/C (sky130_fd_sc_hd__nand3b_2)
     2    0.00    0.06    0.08    1.17 v _068_/Y (sky130_fd_sc_hd__nand3b_2)
                                         _020_ (net)
                  0.06    0.00    1.17 v _070_/A2 (sky130_fd_sc_hd__a21o_2)
     2    0.01    0.05    0.24    1.41 v _070_/X (sky130_fd_sc_hd__a21o_2)
                                         _022_ (net)
                  0.05    0.00    1.41 v _077_/A2 (sky130_fd_sc_hd__a21bo_2)
     1    0.00    0.03    0.21    1.62 v _077_/X (sky130_fd_sc_hd__a21bo_2)
                                         _029_ (net)
                  0.03    0.00    1.62 v _078_/B1 (sky130_fd_sc_hd__a21o_2)
     2    0.00    0.04    0.18    1.80 v _078_/X (sky130_fd_sc_hd__a21o_2)
                                         _030_ (net)
                  0.04    0.00    1.80 v _080_/A1 (sky130_fd_sc_hd__a21o_2)
     2    0.01    0.04    0.19    2.00 v _080_/X (sky130_fd_sc_hd__a21o_2)
                                         _032_ (net)
                  0.04    0.00    2.00 v _082_/A2 (sky130_fd_sc_hd__a21oi_2)
     2    0.01    0.16    0.18    2.17 ^ _082_/Y (sky130_fd_sc_hd__a21oi_2)
                                         _034_ (net)
                  0.16    0.00    2.17 ^ _084_/A_N (sky130_fd_sc_hd__and2b_2)
     1    0.00    0.04    0.24    2.41 v _084_/X (sky130_fd_sc_hd__and2b_2)
                                         _036_ (net)
                  0.04    0.00    2.41 v _085_/B1 (sky130_fd_sc_hd__a21oi_2)
     2    0.01    0.16    0.15    2.56 ^ _085_/Y (sky130_fd_sc_hd__a21oi_2)
                                         _037_ (net)
                  0.16    0.00    2.56 ^ _086_/B (sky130_fd_sc_hd__xnor2_2)
     2    0.01    0.08    0.11    2.67 v _086_/Y (sky130_fd_sc_hd__xnor2_2)
                                         _038_ (net)
                  0.08    0.00    2.67 v _134_/B (sky130_fd_sc_hd__xor2_2)
     1    0.00    0.06    0.14    2.82 v _134_/X (sky130_fd_sc_hd__xor2_2)
                                         x8.sum (net)
                  0.06    0.00    2.82 v _176_/D (sky130_fd_sc_hd__dfxtp_2)
                                  2.82   data arrival time

                  0.00    6.60    6.60   clock core_clock (rise edge)
                          0.00    6.60   clock network delay (ideal)
                          0.00    6.60   clock reconvergence pessimism
                                  6.60 ^ _176_/CLK (sky130_fd_sc_hd__dfxtp_2)
                         -0.13    6.47   library setup time
                                  6.47   data required time
-----------------------------------------------------------------------------
                                  6.47   data required time
                                 -2.82   data arrival time
-----------------------------------------------------------------------------
                                  3.65   slack (MET)


Startpoint: _137_ (rising edge-triggered flip-flop clocked by core_clock)
Endpoint: _174_ (rising edge-triggered flip-flop clocked by core_clock)
Path Group: core_clock
Path Type: max

Fanout     Cap    Slew   Delay    Time   Description
-----------------------------------------------------------------------------
                  0.00    0.00    0.00   clock core_clock (rise edge)
                          0.00    0.00   clock network delay (ideal)
                  0.00    0.00    0.00 ^ _137_/CLK (sky130_fd_sc_hd__dfxtp_2)
     3    0.02    0.05    0.32    0.32 v _137_/Q (sky130_fd_sc_hd__dfxtp_2)
                                         x1.a (net)
                  0.05    0.00    0.32 v _062_/B (sky130_fd_sc_hd__or2_2)
     2    0.01    0.07    0.29    0.61 v _062_/X (sky130_fd_sc_hd__or2_2)
                                         _014_ (net)
                  0.07    0.00    0.61 v _064_/A2 (sky130_fd_sc_hd__a21bo_2)
     2    0.01    0.06    0.25    0.85 v _064_/X (sky130_fd_sc_hd__a21bo_2)
                                         _016_ (net)
                  0.06    0.00    0.85 v _066_/B (sky130_fd_sc_hd__xor2_2)
     2    0.01    0.05    0.15    1.00 v _066_/X (sky130_fd_sc_hd__xor2_2)
                                         _018_ (net)
                  0.05    0.00    1.00 v _067_/B (sky130_fd_sc_hd__nand2_2)
     3    0.01    0.08    0.09    1.09 ^ _067_/Y (sky130_fd_sc_hd__nand2_2)
                                         _019_ (net)
                  0.08    0.00    1.09 ^ _068_/C (sky130_fd_sc_hd__nand3b_2)
     2    0.00    0.06    0.08    1.17 v _068_/Y (sky130_fd_sc_hd__nand3b_2)
                                         _020_ (net)
                  0.06    0.00    1.17 v _070_/A2 (sky130_fd_sc_hd__a21o_2)
     2    0.01    0.05    0.24    1.41 v _070_/X (sky130_fd_sc_hd__a21o_2)
                                         _022_ (net)
                  0.05    0.00    1.41 v _077_/A2 (sky130_fd_sc_hd__a21bo_2)
     1    0.00    0.03    0.21    1.62 v _077_/X (sky130_fd_sc_hd__a21bo_2)
                                         _029_ (net)
                  0.03    0.00    1.62 v _078_/B1 (sky130_fd_sc_hd__a21o_2)
     2    0.00    0.04    0.18    1.80 v _078_/X (sky130_fd_sc_hd__a21o_2)
                                         _030_ (net)
                  0.04    0.00    1.80 v _081_/B (sky130_fd_sc_hd__and3_2)
     2    0.01    0.05    0.20    2.00 v _081_/X (sky130_fd_sc_hd__and3_2)
                                         _033_ (net)
                  0.05    0.00    2.00 v _131_/A (sky130_fd_sc_hd__or2b_2)
     1    0.01    0.07    0.31    2.31 v _131_/X (sky130_fd_sc_hd__or2b_2)
                                         _011_ (net)
                  0.07    0.00    2.31 v _132_/B (sky130_fd_sc_hd__xnor2_2)
     1    0.00    0.04    0.13    2.44 v _132_/Y (sky130_fd_sc_hd__xnor2_2)
                                         x6.sum (net)
                  0.04    0.00    2.44 v _174_/D (sky130_fd_sc_hd__dfxtp_2)
                                  2.44   data arrival time

                  0.00    6.60    6.60   clock core_clock (rise edge)
                          0.00    6.60   clock network delay (ideal)
                          0.00    6.60   clock reconvergence pessimism
                                  6.60 ^ _174_/CLK (sky130_fd_sc_hd__dfxtp_2)
                         -0.12    6.48   library setup time
                                  6.48   data required time
-----------------------------------------------------------------------------
                                  6.48   data required time
                                 -2.44   data arrival time
-----------------------------------------------------------------------------
                                  4.04   slack (MET)


Startpoint: _137_ (rising edge-triggered flip-flop clocked by core_clock)
Endpoint: _175_ (rising edge-triggered flip-flop clocked by core_clock)
Path Group: core_clock
Path Type: max

Fanout     Cap    Slew   Delay    Time   Description
-----------------------------------------------------------------------------
                  0.00    0.00    0.00   clock core_clock (rise edge)
                          0.00    0.00   clock network delay (ideal)
                  0.00    0.00    0.00 ^ _137_/CLK (sky130_fd_sc_hd__dfxtp_2)
     3    0.02    0.05    0.32    0.32 v _137_/Q (sky130_fd_sc_hd__dfxtp_2)
                                         x1.a (net)
                  0.05    0.00    0.32 v _062_/B (sky130_fd_sc_hd__or2_2)
     2    0.01    0.07    0.29    0.61 v _062_/X (sky130_fd_sc_hd__or2_2)
                                         _014_ (net)
                  0.07    0.00    0.61 v _064_/A2 (sky130_fd_sc_hd__a21bo_2)
     2    0.01    0.06    0.25    0.85 v _064_/X (sky130_fd_sc_hd__a21bo_2)
                                         _016_ (net)
                  0.06    0.00    0.85 v _066_/B (sky130_fd_sc_hd__xor2_2)
     2    0.01    0.05    0.15    1.00 v _066_/X (sky130_fd_sc_hd__xor2_2)
                                         _018_ (net)
                  0.05    0.00    1.00 v _067_/B (sky130_fd_sc_hd__nand2_2)
     3    0.01    0.08    0.09    1.09 ^ _067_/Y (sky130_fd_sc_hd__nand2_2)
                                         _019_ (net)
                  0.08    0.00    1.09 ^ _068_/C (sky130_fd_sc_hd__nand3b_2)
     2    0.00    0.06    0.08    1.17 v _068_/Y (sky130_fd_sc_hd__nand3b_2)
                                         _020_ (net)
                  0.06    0.00    1.17 v _070_/A2 (sky130_fd_sc_hd__a21o_2)
     2    0.01    0.05    0.24    1.41 v _070_/X (sky130_fd_sc_hd__a21o_2)
                                         _022_ (net)
                  0.05    0.00    1.41 v _077_/A2 (sky130_fd_sc_hd__a21bo_2)
     1    0.00    0.03    0.21    1.62 v _077_/X (sky130_fd_sc_hd__a21bo_2)
                                         _029_ (net)
                  0.03    0.00    1.62 v _078_/B1 (sky130_fd_sc_hd__a21o_2)
     2    0.00    0.04    0.18    1.80 v _078_/X (sky130_fd_sc_hd__a21o_2)
                                         _030_ (net)
                  0.04    0.00    1.80 v _080_/A1 (sky130_fd_sc_hd__a21o_2)
     2    0.01    0.04    0.19    2.00 v _080_/X (sky130_fd_sc_hd__a21o_2)
                                         _032_ (net)
                  0.04    0.00    2.00 v _082_/A2 (sky130_fd_sc_hd__a21oi_2)
     2    0.01    0.16    0.18    2.17 ^ _082_/Y (sky130_fd_sc_hd__a21oi_2)
                                         _034_ (net)
                  0.16    0.00    2.17 ^ _083_/B (sky130_fd_sc_hd__xnor2_2)
     2    0.01    0.08    0.11    2.28 v _083_/Y (sky130_fd_sc_hd__xnor2_2)
                                         _035_ (net)
                  0.08    0.00    2.28 v _133_/B (sky130_fd_sc_hd__xor2_2)
     1    0.00    0.06    0.14    2.43 v _133_/X (sky130_fd_sc_hd__xor2_2)
                                         x7.sum (net)
                  0.06    0.00    2.43 v _175_/D (sky130_fd_sc_hd__dfxtp_2)
                                  2.43   data arrival time

                  0.00    6.60    6.60   clock core_clock (rise edge)
                          0.00    6.60   clock network delay (ideal)
                          0.00    6.60   clock reconvergence pessimism
                                  6.60 ^ _175_/CLK (sky130_fd_sc_hd__dfxtp_2)
                         -0.13    6.47   library setup time
                                  6.47   data required time
-----------------------------------------------------------------------------
                                  6.47   data required time
                                 -2.43   data arrival time
-----------------------------------------------------------------------------
                                  4.04   slack (MET)


Startpoint: _137_ (rising edge-triggered flip-flop clocked by core_clock)
Endpoint: _173_ (rising edge-triggered flip-flop clocked by core_clock)
Path Group: core_clock
Path Type: max

Fanout     Cap    Slew   Delay    Time   Description
-----------------------------------------------------------------------------
                  0.00    0.00    0.00   clock core_clock (rise edge)
                          0.00    0.00   clock network delay (ideal)
                  0.00    0.00    0.00 ^ _137_/CLK (sky130_fd_sc_hd__dfxtp_2)
     3    0.02    0.05    0.32    0.32 v _137_/Q (sky130_fd_sc_hd__dfxtp_2)
                                         x1.a (net)
                  0.05    0.00    0.32 v _062_/B (sky130_fd_sc_hd__or2_2)
     2    0.01    0.07    0.29    0.61 v _062_/X (sky130_fd_sc_hd__or2_2)
                                         _014_ (net)
                  0.07    0.00    0.61 v _064_/A2 (sky130_fd_sc_hd__a21bo_2)
     2    0.01    0.06    0.25    0.85 v _064_/X (sky130_fd_sc_hd__a21bo_2)
                                         _016_ (net)
                  0.06    0.00    0.85 v _066_/B (sky130_fd_sc_hd__xor2_2)
     2    0.01    0.05    0.15    1.00 v _066_/X (sky130_fd_sc_hd__xor2_2)
                                         _018_ (net)
                  0.05    0.00    1.00 v _067_/B (sky130_fd_sc_hd__nand2_2)
     3    0.01    0.08    0.09    1.09 ^ _067_/Y (sky130_fd_sc_hd__nand2_2)
                                         _019_ (net)
                  0.08    0.00    1.09 ^ _068_/C (sky130_fd_sc_hd__nand3b_2)
     2    0.00    0.06    0.08    1.17 v _068_/Y (sky130_fd_sc_hd__nand3b_2)
                                         _020_ (net)
                  0.06    0.00    1.17 v _070_/A2 (sky130_fd_sc_hd__a21o_2)
     2    0.01    0.05    0.24    1.41 v _070_/X (sky130_fd_sc_hd__a21o_2)
                                         _022_ (net)
                  0.05    0.00    1.41 v _071_/B (sky130_fd_sc_hd__xor2_2)
     2    0.01    0.07    0.16    1.58 v _071_/X (sky130_fd_sc_hd__xor2_2)
                                         _023_ (net)
                  0.07    0.00    1.58 v _123_/B (sky130_fd_sc_hd__xor2_2)
     1    0.00    0.05    0.14    1.72 v _123_/X (sky130_fd_sc_hd__xor2_2)
                                         x4.sum (net)
                  0.05    0.00    1.72 v _173_/D (sky130_fd_sc_hd__dfxtp_2)
                                  1.72   data arrival time

                  0.00    6.60    6.60   clock core_clock (rise edge)
                          0.00    6.60   clock network delay (ideal)
                          0.00    6.60   clock reconvergence pessimism
                                  6.60 ^ _173_/CLK (sky130_fd_sc_hd__dfxtp_2)
                         -0.13    6.47   library setup time
                                  6.47   data required time
-----------------------------------------------------------------------------
                                  6.47   data required time
                                 -1.72   data arrival time
-----------------------------------------------------------------------------
                                  4.76   slack (MET)


Startpoint: _137_ (rising edge-triggered flip-flop clocked by core_clock)
Endpoint: _172_ (rising edge-triggered flip-flop clocked by core_clock)
Path Group: core_clock
Path Type: max

Fanout     Cap    Slew   Delay    Time   Description
-----------------------------------------------------------------------------
                  0.00    0.00    0.00   clock core_clock (rise edge)
                          0.00    0.00   clock network delay (ideal)
                  0.00    0.00    0.00 ^ _137_/CLK (sky130_fd_sc_hd__dfxtp_2)
     3    0.02    0.05    0.32    0.32 v _137_/Q (sky130_fd_sc_hd__dfxtp_2)
                                         x1.a (net)
                  0.05    0.00    0.32 v _062_/B (sky130_fd_sc_hd__or2_2)
     2    0.01    0.07    0.29    0.61 v _062_/X (sky130_fd_sc_hd__or2_2)
                                         _014_ (net)
                  0.07    0.00    0.61 v _064_/A2 (sky130_fd_sc_hd__a21bo_2)
     2    0.01    0.06    0.25    0.85 v _064_/X (sky130_fd_sc_hd__a21bo_2)
                                         _016_ (net)
                  0.06    0.00    0.85 v _066_/B (sky130_fd_sc_hd__xor2_2)
     2    0.01    0.13    0.14    1.00 ^ _066_/X (sky130_fd_sc_hd__xor2_2)
                                         _018_ (net)
                  0.13    0.00    1.00 ^ _067_/B (sky130_fd_sc_hd__nand2_2)
     3    0.01    0.06    0.09    1.09 v _067_/Y (sky130_fd_sc_hd__nand2_2)
                                         _019_ (net)
                  0.06    0.00    1.09 v _069_/A2 (sky130_fd_sc_hd__a21boi_2)
     2    0.00    0.10    0.14    1.23 ^ _069_/Y (sky130_fd_sc_hd__a21boi_2)
                                         _021_ (net)
                  0.10    0.00    1.23 ^ _121_/A_N (sky130_fd_sc_hd__and2b_2)
     1    0.01    0.05    0.24    1.47 v _121_/X (sky130_fd_sc_hd__and2b_2)
                                         _010_ (net)
                  0.05    0.00    1.47 v _122_/B (sky130_fd_sc_hd__xor2_2)
     1    0.00    0.04    0.13    1.60 v _122_/X (sky130_fd_sc_hd__xor2_2)
                                         x3.sum (net)
                  0.04    0.00    1.60 v _172_/D (sky130_fd_sc_hd__dfxtp_2)
                                  1.60   data arrival time

                  0.00    6.60    6.60   clock core_clock (rise edge)
                          0.00    6.60   clock network delay (ideal)
                          0.00    6.60   clock reconvergence pessimism
                                  6.60 ^ _172_/CLK (sky130_fd_sc_hd__dfxtp_2)
                         -0.12    6.48   library setup time
                                  6.48   data required time
-----------------------------------------------------------------------------
                                  6.48   data required time
                                 -1.60   data arrival time
-----------------------------------------------------------------------------
                                  4.88   slack (MET)


Startpoint: _137_ (rising edge-triggered flip-flop clocked by core_clock)
Endpoint: _171_ (rising edge-triggered flip-flop clocked by core_clock)
Path Group: core_clock
Path Type: max

Fanout     Cap    Slew   Delay    Time   Description
-----------------------------------------------------------------------------
                  0.00    0.00    0.00   clock core_clock (rise edge)
                          0.00    0.00   clock network delay (ideal)
                  0.00    0.00    0.00 ^ _137_/CLK (sky130_fd_sc_hd__dfxtp_2)
     3    0.02    0.05    0.32    0.32 v _137_/Q (sky130_fd_sc_hd__dfxtp_2)
                                         x1.a (net)
                  0.05    0.00    0.32 v _062_/B (sky130_fd_sc_hd__or2_2)
     2    0.01    0.07    0.29    0.61 v _062_/X (sky130_fd_sc_hd__or2_2)
                                         _014_ (net)
                  0.07    0.00    0.61 v _064_/A2 (sky130_fd_sc_hd__a21bo_2)
     2    0.01    0.06    0.25    0.85 v _064_/X (sky130_fd_sc_hd__a21bo_2)
                                         _016_ (net)
                  0.06    0.00    0.85 v _066_/B (sky130_fd_sc_hd__xor2_2)
     2    0.01    0.05    0.15    1.00 v _066_/X (sky130_fd_sc_hd__xor2_2)
                                         _018_ (net)
                  0.05    0.00    1.00 v _118_/B (sky130_fd_sc_hd__or2_2)
     1    0.00    0.05    0.26    1.26 v _118_/X (sky130_fd_sc_hd__or2_2)
                                         _008_ (net)
                  0.05    0.00    1.26 v _119_/B (sky130_fd_sc_hd__and2_2)
     1    0.00    0.04    0.18    1.45 v _119_/X (sky130_fd_sc_hd__and2_2)
                                         _009_ (net)
                  0.04    0.00    1.45 v _120_/A (sky130_fd_sc_hd__buf_1)
     1    0.00    0.02    0.08    1.53 v _120_/X (sky130_fd_sc_hd__buf_1)
                                         x2.sum (net)
                  0.02    0.00    1.53 v _171_/D (sky130_fd_sc_hd__dfxtp_2)
                                  1.53   data arrival time

                  0.00    6.60    6.60   clock core_clock (rise edge)
                          0.00    6.60   clock network delay (ideal)
                          0.00    6.60   clock reconvergence pessimism
                                  6.60 ^ _171_/CLK (sky130_fd_sc_hd__dfxtp_2)
                         -0.11    6.49   library setup time
                                  6.49   data required time
-----------------------------------------------------------------------------
                                  6.49   data required time
                                 -1.53   data arrival time
-----------------------------------------------------------------------------
                                  4.96   slack (MET)


Startpoint: _137_ (rising edge-triggered flip-flop clocked by core_clock)
Endpoint: _170_ (rising edge-triggered flip-flop clocked by core_clock)
Path Group: core_clock
Path Type: max

Fanout     Cap    Slew   Delay    Time   Description
-----------------------------------------------------------------------------
                  0.00    0.00    0.00   clock core_clock (rise edge)
                          0.00    0.00   clock network delay (ideal)
                  0.00    0.00    0.00 ^ _137_/CLK (sky130_fd_sc_hd__dfxtp_2)
     3    0.02    0.05    0.32    0.32 v _137_/Q (sky130_fd_sc_hd__dfxtp_2)
                                         x1.a (net)
                  0.05    0.00    0.32 v _062_/B (sky130_fd_sc_hd__or2_2)
     2    0.01    0.07    0.29    0.61 v _062_/X (sky130_fd_sc_hd__or2_2)
                                         _014_ (net)
                  0.07    0.00    0.61 v _116_/B (sky130_fd_sc_hd__nand2_2)
     1    0.01    0.07    0.09    0.70 ^ _116_/Y (sky130_fd_sc_hd__nand2_2)
                                         _007_ (net)
                  0.07    0.00    0.70 ^ _117_/B (sky130_fd_sc_hd__xnor2_2)
     1    0.00    0.04    0.05    0.75 v _117_/Y (sky130_fd_sc_hd__xnor2_2)
                                         x1.sum (net)
                  0.04    0.00    0.75 v _170_/D (sky130_fd_sc_hd__dfxtp_2)
                                  0.75   data arrival time

                  0.00    6.60    6.60   clock core_clock (rise edge)
                          0.00    6.60   clock network delay (ideal)
                          0.00    6.60   clock reconvergence pessimism
                                  6.60 ^ _170_/CLK (sky130_fd_sc_hd__dfxtp_2)
                         -0.12    6.48   library setup time
                                  6.48   data required time
-----------------------------------------------------------------------------
                                  6.48   data required time
                                 -0.75   data arrival time
-----------------------------------------------------------------------------
                                  5.72   slack (MET)



worst slack corner Typical: 0.0086
