Instance,Terminal,Layer,X location,Y location,Voltage
FILLER_0_21_120,VGND,li1,62.1000,70.7200,0.000001
FILLER_0_21_113,VGND,li1,58.4200,70.7200,0.000001
FILLER_0_21_111,VGND,li1,56.8100,70.7200,0.000001
FILLER_0_21_102,VGND,li1,53.8200,70.7200,0.000001
FILLER_0_21_93,VGND,li1,49.6800,70.7200,0.000002
FILLER_0_21_89,VGND,li1,46.6900,70.7200,0.000002
FILLER_0_21_85,VGND,li1,45.5400,70.7200,0.000002
FILLER_0_21_75,VGND,li1,41.4000,70.7200,0.000003
FILLER_0_21_66,VGND,li1,37.2600,70.7200,0.000004
FILLER_0_21_60,VGND,li1,33.8100,70.7200,0.000005
FILLER_0_21_48,VGND,li1,29.4400,70.7200,0.000007
FILLER_0_21_39,VGND,li1,24.8400,70.7200,0.000011
FILLER_0_21_32,VGND,li1,21.1600,70.7200,0.000014
FILLER_0_20_131,VGND,li1,66.0100,65.2800,0.000049
FILLER_0_20_113,VGND,li1,57.9600,65.2800,0.000058
FILLER_0_20_101,VGND,li1,54.7400,65.2800,0.000057
FILLER_0_20_83,VGND,li1,43.9300,65.2800,0.000063
FILLER_0_20_71,VGND,li1,40.9400,65.2800,0.000071
FILLER_0_20_51,VGND,li1,29.9000,65.2800,0.000071
FILLER_0_20_29,VGND,li1,20.2400,65.2800,0.000073
FILLER_0_19_107,VGND,li1,55.2000,65.2800,0.000057
FILLER_0_19_84,VGND,li1,44.3900,65.2800,0.000063
FILLER_0_19_65,VGND,li1,36.1100,65.2800,0.000070
FILLER_0_19_57,VGND,li1,33.5800,65.2800,0.000063
FILLER_0_19_39,VGND,li1,23.6900,65.2800,0.000078
FILLER_0_19_35,VGND,li1,22.5400,65.2800,0.000078
FILLER_0_19_23,VGND,li1,18.8600,65.2800,0.000073
FILLER_0_19_6,VGND,li1,8.5100,65.2800,0.000088
FILLER_0_18_131,VGND,li1,66.0100,59.8400,0.000037
FILLER_0_18_103,VGND,li1,55.6600,59.8400,0.000044
FILLER_0_18_80,VGND,li1,43.2400,59.8400,0.000048
FILLER_0_18_47,VGND,li1,27.3700,59.8400,0.000062
FILLER_0_18_41,VGND,li1,25.7600,59.8400,0.000062
FILLER_0_18_29,VGND,li1,21.6200,59.8400,0.000061
FILLER_0_18_27,VGND,li1,18.1700,59.8400,0.000059
FILLER_0_18_19,VGND,li1,16.1000,59.8400,0.000059
FILLER_0_17_119,VGND,li1,60.7200,59.8400,0.000040
FILLER_0_17_111,VGND,li1,56.8100,59.8400,0.000042
FILLER_0_17_93,VGND,li1,49.2200,59.8400,0.000039
FILLER_0_17_81,VGND,li1,45.5400,59.8400,0.000043
FILLER_0_17_69,VGND,li1,40.0200,59.8400,0.000056
FILLER_0_17_57,VGND,li1,34.5000,59.8400,0.000054
FILLER_0_17_54,VGND,li1,30.8200,59.8400,0.000052
FILLER_0_17_34,VGND,li1,22.0800,59.8400,0.000061
FILLER_0_17_22,VGND,li1,18.4000,59.8400,0.000059
FILLER_0_16_130,VGND,li1,65.7800,54.4000,0.000096
FILLER_0_16_89,VGND,li1,46.6900,54.4000,0.000100
FILLER_0_16_85,VGND,li1,45.5400,54.4000,0.000103
FILLER_0_16_83,VGND,li1,43.9300,54.4000,0.000103
FILLER_0_16_77,VGND,li1,42.3200,54.4000,0.000105
FILLER_0_16_65,VGND,li1,38.1800,54.4000,0.000109
FILLER_0_16_53,VGND,li1,32.6600,54.4000,0.000112
FILLER_0_16_41,VGND,li1,27.1400,54.4000,0.000156
FILLER_0_16_29,VGND,li1,21.6200,54.4000,0.000153
FILLER_0_16_27,VGND,li1,18.1700,54.4000,0.000120
FILLER_0_16_10,VGND,li1,10.3500,54.4000,0.000131
FILLER_0_16_6,VGND,li1,9.2000,54.4000,0.000131
FILLER_0_15_131,VGND,li1,66.0100,54.4000,0.000096
FILLER_0_15_125,VGND,li1,64.4000,54.4000,0.000096
FILLER_0_15_113,VGND,li1,60.2600,54.4000,0.000120
FILLER_0_15_98,VGND,li1,50.8300,54.4000,0.000137
FILLER_0_15_92,VGND,li1,49.2200,54.4000,0.000117
FILLER_0_15_80,VGND,li1,45.0800,54.4000,0.000103
FILLER_0_15_69,VGND,li1,38.6400,54.4000,0.000107
FILLER_0_15_57,VGND,li1,34.5000,54.4000,0.000111
FILLER_0_15_53,VGND,li1,30.5900,54.4000,0.000114
FILLER_0_15_15,VGND,li1,12.8800,54.4000,0.000130
FILLER_0_15_3,VGND,li1,9.6600,54.4000,0.000131
FILLER_0_14_131,VGND,li1,66.0100,48.9600,0.000028
FILLER_0_14_97,VGND,li1,50.8300,48.9600,0.000035
FILLER_0_14_85,VGND,li1,47.3800,48.9600,0.000030
FILLER_0_14_56,VGND,li1,33.1200,48.9600,0.000041
FILLER_0_14_37,VGND,li1,23.2300,48.9600,0.000057
FILLER_0_14_29,VGND,li1,20.7000,48.9600,0.000053
FILLER_0_14_27,VGND,li1,18.1700,48.9600,0.000049
FILLER_0_14_19,VGND,li1,16.1000,48.9600,0.000045
FILLER_0_13_131,VGND,li1,66.0100,48.9600,0.000028
FILLER_0_13_123,VGND,li1,63.9400,48.9600,0.000028
FILLER_0_13_109,VGND,li1,56.3500,48.9600,0.000039
FILLER_0_13_63,VGND,li1,34.7300,48.9600,0.000041
FILLER_0_13_57,VGND,li1,33.1200,48.9600,0.000041
FILLER_0_13_52,VGND,li1,30.3600,48.9600,0.000048
FILLER_0_13_34,VGND,li1,21.6200,48.9600,0.000053
FILLER_0_13_26,VGND,li1,19.3200,48.9600,0.000049
FILLER_0_13_19,VGND,li1,14.7200,48.9600,0.000053
FILLER_0_13_15,VGND,li1,12.6500,48.9600,0.000060
FILLER_0_13_9,VGND,li1,11.0400,48.9600,0.000060
FILLER_0_12_120,VGND,li1,63.4800,43.5200,0.000040
FILLER_0_12_108,VGND,li1,57.9600,43.5200,0.000066
FILLER_0_12_101,VGND,li1,52.2100,43.5200,0.000084
FILLER_0_12_97,VGND,li1,50.3700,43.5200,0.000090
FILLER_0_12_83,VGND,li1,43.9300,43.5200,0.000126
FILLER_0_12_63,VGND,li1,35.4200,43.5200,0.000125
FILLER_0_12_46,VGND,li1,26.9100,43.5200,0.000088
FILLER_0_12_29,VGND,li1,19.0900,43.5200,0.000073
FILLER_0_12_27,VGND,li1,18.1700,43.5200,0.000073
FILLER_0_11_131,VGND,li1,66.0100,43.5200,0.000040
FILLER_0_11_125,VGND,li1,64.4000,43.5200,0.000040
FILLER_0_11_113,VGND,li1,60.2600,43.5200,0.000052
FILLER_0_11_111,VGND,li1,56.8100,43.5200,0.000066
FILLER_0_11_87,VGND,li1,46.2300,43.5200,0.000101
FILLER_0_11_65,VGND,li1,35.8800,43.5200,0.000125
FILLER_0_11_57,VGND,li1,33.5800,43.5200,0.000112
FILLER_0_11_53,VGND,li1,30.5900,43.5200,0.000091
FILLER_0_11_41,VGND,li1,27.1400,43.5200,0.000088
FILLER_0_11_29,VGND,li1,21.6200,43.5200,0.000085
FILLER_0_11_18,VGND,li1,14.0300,43.5200,0.000070
FILLER_0_11_6,VGND,li1,11.0400,43.5200,0.000079
FILLER_0_10_129,VGND,li1,65.5500,38.0800,0.000018
FILLER_0_10_121,VGND,li1,63.0200,38.0800,0.000018
FILLER_0_10_85,VGND,li1,45.3100,38.0800,0.000024
FILLER_0_10_72,VGND,li1,41.4000,38.0800,0.000027
FILLER_0_10_45,VGND,li1,26.9100,38.0800,0.000034
FILLER_0_10_27,VGND,li1,18.1700,38.0800,0.000032
FILLER_0_10_19,VGND,li1,14.4900,38.0800,0.000030
FILLER_0_10_6,VGND,li1,9.6600,38.0800,0.000032
FILLER_0_9_131,VGND,li1,66.0100,38.0800,0.000018
FILLER_0_9_125,VGND,li1,64.4000,38.0800,0.000018
FILLER_0_9_113,VGND,li1,60.2600,38.0800,0.000024
FILLER_0_9_111,VGND,li1,56.8100,38.0800,0.000028
FILLER_0_9_101,VGND,li1,52.4400,38.0800,0.000030
FILLER_0_9_92,VGND,li1,48.5300,38.0800,0.000026
FILLER_0_9_80,VGND,li1,45.0800,38.0800,0.000024
FILLER_0_9_57,VGND,li1,31.9700,38.0800,0.000026
FILLER_0_9_48,VGND,li1,27.8300,38.0800,0.000034
FILLER_0_9_42,VGND,li1,26.2200,38.0800,0.000034
FILLER_0_9_30,VGND,li1,22.0800,38.0800,0.000038
FILLER_0_9_9,VGND,li1,9.8900,38.0800,0.000032
FILLER_0_9_3,VGND,li1,8.2800,38.0800,0.000032
FILLER_0_8_131,VGND,li1,66.0100,32.6400,0.000045
FILLER_0_8_114,VGND,li1,58.1900,32.6400,0.000054
FILLER_0_8_110,VGND,li1,57.0400,32.6400,0.000058
FILLER_0_8_97,VGND,li1,50.8300,32.6400,0.000056
FILLER_0_8_85,VGND,li1,47.3800,32.6400,0.000050
FILLER_0_8_72,VGND,li1,41.4000,32.6400,0.000067
FILLER_0_8_53,VGND,li1,30.1300,32.6400,0.000109
FILLER_0_8_49,VGND,li1,28.9800,32.6400,0.000109
FILLER_0_8_37,VGND,li1,25.3000,32.6400,0.000146
FILLER_0_8_32,VGND,li1,20.7000,32.6400,0.000123
FILLER_0_8_27,VGND,li1,18.1700,32.6400,0.000110
FILLER_0_8_19,VGND,li1,14.7200,32.6400,0.000099
FILLER_0_7_131,VGND,li1,66.0100,32.6400,0.000045
FILLER_0_7_113,VGND,li1,57.9600,32.6400,0.000054
FILLER_0_7_95,VGND,li1,49.4500,32.6400,0.000056
FILLER_0_7_83,VGND,li1,46.4600,32.6400,0.000050
FILLER_0_7_61,VGND,li1,33.8100,32.6400,0.000085
FILLER_0_7_57,VGND,li1,32.6600,32.6400,0.000088
FILLER_0_7_17,VGND,li1,13.5700,32.6400,0.000099
FILLER_0_7_9,VGND,li1,11.5000,32.6400,0.000106
FILLER_0_6_120,VGND,li1,63.4800,27.2000,0.000107
FILLER_0_6_97,VGND,li1,50.8300,27.2000,0.000145
FILLER_0_6_85,VGND,li1,47.3800,27.2000,0.000121
FILLER_0_6_83,VGND,li1,43.9300,27.2000,0.000129
FILLER_0_6_75,VGND,li1,41.8600,27.2000,0.000133
FILLER_0_6_32,VGND,li1,20.9300,27.2000,0.000145
FILLER_0_6_11,VGND,li1,11.2700,27.2000,0.000127
FILLER_0_6_3,VGND,li1,8.7400,27.2000,0.000127
FILLER_0_5_131,VGND,li1,66.0100,27.2000,0.000107
FILLER_0_5_125,VGND,li1,64.4000,27.2000,0.000107
FILLER_0_5_113,VGND,li1,60.2600,27.2000,0.000138
FILLER_0_5_109,VGND,li1,56.3500,27.2000,0.000182
FILLER_0_5_101,VGND,li1,53.8200,27.2000,0.000166
FILLER_0_5_61,VGND,li1,33.8100,27.2000,0.000133
FILLER_0_5_57,VGND,li1,32.6600,27.2000,0.000129
FILLER_0_5_47,VGND,li1,27.6000,27.2000,0.000186
FILLER_0_5_23,VGND,li1,16.3300,27.2000,0.000111
FILLER_0_5_19,VGND,li1,15.1800,27.2000,0.000119
FILLER_0_4_129,VGND,li1,65.5500,21.7600,0.000002
FILLER_0_4_121,VGND,li1,63.0200,21.7600,0.000002
FILLER_0_4_109,VGND,li1,58.4200,21.7600,0.000003
FILLER_0_4_97,VGND,li1,52.9000,21.7600,0.000004
FILLER_0_4_85,VGND,li1,47.3800,21.7600,0.000006
FILLER_0_4_83,VGND,li1,43.9300,21.7600,0.000008
FILLER_0_4_75,VGND,li1,41.8600,21.7600,0.000010
FILLER_0_4_70,VGND,li1,38.1800,21.7600,0.000013
FILLER_0_4_53,VGND,li1,30.1300,21.7600,0.000020
FILLER_0_4_41,VGND,li1,27.1400,21.7600,0.000028
FILLER_0_4_29,VGND,li1,19.7800,21.7600,0.000040
FILLER_0_4_27,VGND,li1,18.1700,21.7600,0.000040
FILLER_0_4_21,VGND,li1,16.5600,21.7600,0.000037
FILLER_0_4_9,VGND,li1,12.4200,21.7600,0.000044
FILLER_0_3_131,VGND,li1,66.0100,21.7600,0.000002
FILLER_0_3_125,VGND,li1,64.4000,21.7600,0.000002
FILLER_0_3_113,VGND,li1,60.2600,21.7600,0.000003
FILLER_0_3_111,VGND,li1,56.8100,21.7600,0.000004
FILLER_0_3_105,VGND,li1,55.2000,21.7600,0.000004
FILLER_0_3_93,VGND,li1,51.0600,21.7600,0.000005
FILLER_0_3_81,VGND,li1,45.5400,21.7600,0.000008
FILLER_0_3_69,VGND,li1,40.0200,21.7600,0.000011
FILLER_0_3_57,VGND,li1,34.5000,21.7600,0.000015
FILLER_0_3_50,VGND,li1,29.9000,21.7600,0.000020
FILLER_0_3_38,VGND,li1,25.7600,21.7600,0.000028
FILLER_0_3_19,VGND,li1,14.9500,21.7600,0.000037
FILLER_0_2_130,VGND,li1,65.7800,16.3200,0.000049
FILLER_0_2_122,VGND,li1,63.4800,16.3200,0.000049
FILLER_0_2_105,VGND,li1,54.0500,16.3200,0.000068
FILLER_0_2_97,VGND,li1,51.9800,16.3200,0.000068
FILLER_0_2_85,VGND,li1,47.3800,16.3200,0.000059
FILLER_0_2_78,VGND,li1,42.7800,16.3200,0.000074
FILLER_0_2_66,VGND,li1,38.6400,16.3200,0.000078
FILLER_0_2_49,VGND,li1,28.2900,16.3200,0.000086
FILLER_0_2_45,VGND,li1,27.1400,16.3200,0.000086
FILLER_0_2_27,VGND,li1,18.1700,16.3200,0.000080
FILLER_0_2_19,VGND,li1,16.1000,16.3200,0.000076
FILLER_0_1_129,VGND,li1,65.5500,16.3200,0.000049
FILLER_0_1_106,VGND,li1,55.6600,16.3200,0.000068
FILLER_0_1_57,VGND,li1,31.9700,16.3200,0.000073
FILLER_0_1_34,VGND,li1,22.5400,16.3200,0.000089
FILLER_0_1_12,VGND,li1,12.4200,16.3200,0.000087
FILLER_0_0_120,VGND,li1,62.1000,10.8800,0.000006
FILLER_0_0_113,VGND,li1,58.4200,10.8800,0.000008
FILLER_0_0_111,VGND,li1,56.8100,10.8800,0.000010
FILLER_0_0_102,VGND,li1,53.8200,10.8800,0.000011
FILLER_0_0_93,VGND,li1,49.6800,10.8800,0.000013
FILLER_0_0_88,VGND,li1,46.4600,10.8800,0.000015
FILLER_0_0_60,VGND,li1,33.5800,10.8800,0.000026
FILLER_0_0_55,VGND,li1,31.0500,10.8800,0.000025
FILLER_0_0_32,VGND,li1,20.4700,10.8800,0.000030
rebuffer9,VGND,li1,58.4200,48.9600,0.000040
rebuffer8,VGND,li1,16.7900,27.2000,0.000111
rebuffer7,VGND,li1,16.3300,38.0800,0.000028
rebuffer6,VGND,li1,38.8700,32.6400,0.000074
rebuffer5,VGND,li1,35.6500,32.6400,0.000082
rebuffer4,VGND,li1,42.0900,32.6400,0.000067
rebuffer3,VGND,li1,45.5400,48.9600,0.000035
rebuffer2,VGND,li1,37.0300,43.5200,0.000125
rebuffer1,VGND,li1,42.0900,43.5200,0.000161
clkload2,VGND,li1,51.7500,59.8400,0.000045
clkload1,VGND,li1,53.1300,32.6400,0.000062
clkload0,VGND,li1,25.7600,32.6400,0.000146
clkbuf_2_3__f_clk,VGND,li1,54.7400,54.4000,0.000171
clkbuf_2_2__f_clk,VGND,li1,56.1200,27.2000,0.000183
clkbuf_2_1__f_clk,VGND,li1,25.3000,54.4000,0.000178
clkbuf_2_0__f_clk,VGND,li1,26.2200,27.2000,0.000186
clkbuf_0_clk,VGND,li1,40.9400,43.5200,0.000161
output50,VGND,li1,8.9700,48.9600,0.000065
output49,VGND,li1,7.5900,43.5200,0.000079
output48,VGND,li1,7.5900,38.0800,0.000033
output47,VGND,li1,7.5900,32.6400,0.000114
output46,VGND,li1,8.9700,32.6400,0.000113
output45,VGND,li1,7.5900,21.7600,0.000054
output44,VGND,li1,8.9700,21.7600,0.000054
output43,VGND,li1,7.5900,16.3200,0.000097
output42,VGND,li1,8.9700,16.3200,0.000097
output41,VGND,li1,17.7100,70.7200,0.000018
output40,VGND,li1,8.9700,65.2800,0.000088
output39,VGND,li1,7.5900,65.2800,0.000088
output38,VGND,li1,7.5900,65.2800,0.000088
output37,VGND,li1,7.5900,59.8400,0.000089
output36,VGND,li1,7.5900,54.4000,0.000131
output35,VGND,li1,7.5900,48.9600,0.000066
output34,VGND,li1,10.3500,16.3200,0.000097
input33,VGND,li1,65.5500,59.8400,0.000037
input32,VGND,li1,45.3100,10.8800,0.000020
input31,VGND,li1,36.1100,10.8800,0.000027
input30,VGND,li1,34.7300,10.8800,0.000026
input29,VGND,li1,32.4300,10.8800,0.000025
input28,VGND,li1,22.7700,10.8800,0.000031
input27,VGND,li1,21.3900,10.8800,0.000030
input26,VGND,li1,19.5500,10.8800,0.000030
input25,VGND,li1,10.3500,10.8800,0.000033
input24,VGND,li1,8.9700,10.8800,0.000033
input23,VGND,li1,65.5500,10.8800,0.000006
input22,VGND,li1,64.1700,10.8800,0.000006
input21,VGND,li1,60.0300,10.8800,0.000008
input20,VGND,li1,55.8900,10.8800,0.000010
input19,VGND,li1,51.7500,10.8800,0.000012
input18,VGND,li1,47.6100,10.8800,0.000015
input17,VGND,li1,7.5900,10.8800,0.000033
input16,VGND,li1,43.4700,70.7200,0.000003
input15,VGND,li1,39.3300,70.7200,0.000004
input14,VGND,li1,35.1900,70.7200,0.000005
input13,VGND,li1,32.4300,70.7200,0.000006
input12,VGND,li1,26.9100,70.7200,0.000010
input11,VGND,li1,22.7700,70.7200,0.000014
input10,VGND,li1,19.5500,70.7200,0.000016
input9,VGND,li1,16.3300,70.7200,0.000018
input8,VGND,li1,10.3500,65.2800,0.000087
input7,VGND,li1,65.5500,70.7200,0.000001
input6,VGND,li1,64.1700,70.7200,0.000001
input5,VGND,li1,60.0300,70.7200,0.000001
input4,VGND,li1,55.8900,70.7200,0.000001
input3,VGND,li1,51.7500,70.7200,0.000001
input2,VGND,li1,47.6100,70.7200,0.000002
input1,VGND,li1,7.5900,70.7200,0.000029
TAP_TAPCELL_ROW_21_91,VGND,li1,57.2700,70.4280,0.000001
TAP_TAPCELL_ROW_21_90,VGND,li1,44.3900,70.4280,0.000003
TAP_TAPCELL_ROW_21_89,VGND,li1,31.5100,70.4280,0.000006
TAP_TAPCELL_ROW_21_88,VGND,li1,18.6300,70.4280,0.000016
TAP_TAPCELL_ROW_20_87,VGND,li1,44.3900,65.5710,0.000063
TAP_TAPCELL_ROW_20_86,VGND,li1,18.6300,65.5710,0.000073
TAP_TAPCELL_ROW_19_85,VGND,li1,57.2700,64.9880,0.000058
TAP_TAPCELL_ROW_19_84,VGND,li1,31.5100,64.9880,0.000071
TAP_TAPCELL_ROW_18_83,VGND,li1,44.3900,60.1310,0.000048
TAP_TAPCELL_ROW_18_82,VGND,li1,18.6300,60.1310,0.000059
TAP_TAPCELL_ROW_17_81,VGND,li1,57.2700,59.5480,0.000042
TAP_TAPCELL_ROW_17_80,VGND,li1,31.5100,59.5480,0.000052
TAP_TAPCELL_ROW_16_79,VGND,li1,44.3900,54.6910,0.000103
TAP_TAPCELL_ROW_16_78,VGND,li1,18.6300,54.6910,0.000134
TAP_TAPCELL_ROW_15_77,VGND,li1,57.2700,54.1080,0.000148
TAP_TAPCELL_ROW_15_76,VGND,li1,31.5100,54.1080,0.000114
TAP_TAPCELL_ROW_14_75,VGND,li1,44.3900,49.2510,0.000035
TAP_TAPCELL_ROW_14_74,VGND,li1,18.6300,49.2510,0.000049
TAP_TAPCELL_ROW_13_73,VGND,li1,57.2700,48.6680,0.000039
TAP_TAPCELL_ROW_13_72,VGND,li1,31.5100,48.6680,0.000048
TAP_TAPCELL_ROW_12_71,VGND,li1,44.3900,43.8110,0.000126
TAP_TAPCELL_ROW_12_70,VGND,li1,18.6300,43.8110,0.000073
TAP_TAPCELL_ROW_11_69,VGND,li1,57.2700,43.2280,0.000066
TAP_TAPCELL_ROW_11_68,VGND,li1,31.5100,43.2280,0.000091
TAP_TAPCELL_ROW_10_67,VGND,li1,44.3900,38.3710,0.000024
TAP_TAPCELL_ROW_10_66,VGND,li1,18.6300,38.3710,0.000032
TAP_TAPCELL_ROW_9_65,VGND,li1,57.2700,37.7880,0.000028
TAP_TAPCELL_ROW_9_64,VGND,li1,31.5100,37.7880,0.000026
TAP_TAPCELL_ROW_8_63,VGND,li1,44.3900,32.9310,0.000057
TAP_TAPCELL_ROW_8_62,VGND,li1,18.6300,32.9310,0.000110
TAP_TAPCELL_ROW_7_61,VGND,li1,57.2700,32.3480,0.000054
TAP_TAPCELL_ROW_7_60,VGND,li1,31.5100,32.3480,0.000088
TAP_TAPCELL_ROW_6_59,VGND,li1,44.3900,27.4910,0.000129
TAP_TAPCELL_ROW_6_58,VGND,li1,18.6300,27.4910,0.000129
TAP_TAPCELL_ROW_5_57,VGND,li1,57.2700,26.9080,0.000182
TAP_TAPCELL_ROW_5_56,VGND,li1,31.5100,26.9080,0.000129
TAP_TAPCELL_ROW_4_55,VGND,li1,44.3900,22.0510,0.000008
TAP_TAPCELL_ROW_4_54,VGND,li1,18.6300,22.0510,0.000040
TAP_TAPCELL_ROW_3_53,VGND,li1,57.2700,21.4680,0.000003
TAP_TAPCELL_ROW_3_52,VGND,li1,31.5100,21.4680,0.000020
TAP_TAPCELL_ROW_2_51,VGND,li1,44.3900,16.6110,0.000074
TAP_TAPCELL_ROW_2_50,VGND,li1,18.6300,16.6110,0.000080
TAP_TAPCELL_ROW_1_49,VGND,li1,57.2700,16.0280,0.000068
TAP_TAPCELL_ROW_1_48,VGND,li1,31.5100,16.0280,0.000073
TAP_TAPCELL_ROW_0_47,VGND,li1,57.2700,11.1710,0.000010
TAP_TAPCELL_ROW_0_46,VGND,li1,44.3900,11.1710,0.000020
TAP_TAPCELL_ROW_0_45,VGND,li1,31.5100,11.1710,0.000025
TAP_TAPCELL_ROW_0_44,VGND,li1,18.6300,11.1710,0.000030
PHY_EDGE_ROW_21_Left_43,VGND,li1,6.2100,70.7200,0.000029
PHY_EDGE_ROW_20_Left_42,VGND,li1,6.2100,65.2800,0.000088
PHY_EDGE_ROW_19_Left_41,VGND,li1,6.2100,65.2800,0.000088
PHY_EDGE_ROW_18_Left_40,VGND,li1,6.2100,59.8400,0.000089
PHY_EDGE_ROW_17_Left_39,VGND,li1,6.2100,59.8400,0.000089
PHY_EDGE_ROW_16_Left_38,VGND,li1,6.2100,54.4000,0.000131
PHY_EDGE_ROW_15_Left_37,VGND,li1,6.2100,54.4000,0.000131
PHY_EDGE_ROW_14_Left_36,VGND,li1,6.2100,48.9600,0.000066
PHY_EDGE_ROW_13_Left_35,VGND,li1,6.2100,48.9600,0.000066
PHY_EDGE_ROW_12_Left_34,VGND,li1,6.2100,43.5200,0.000079
PHY_EDGE_ROW_11_Left_33,VGND,li1,6.2100,43.5200,0.000079
PHY_EDGE_ROW_10_Left_32,VGND,li1,6.2100,38.0800,0.000033
PHY_EDGE_ROW_9_Left_31,VGND,li1,6.2100,38.0800,0.000033
PHY_EDGE_ROW_8_Left_30,VGND,li1,6.2100,32.6400,0.000114
PHY_EDGE_ROW_7_Left_29,VGND,li1,6.2100,32.6400,0.000114
PHY_EDGE_ROW_6_Left_28,VGND,li1,6.2100,27.2000,0.000127
PHY_EDGE_ROW_5_Left_27,VGND,li1,6.2100,27.2000,0.000127
PHY_EDGE_ROW_4_Left_26,VGND,li1,6.2100,21.7600,0.000054
PHY_EDGE_ROW_3_Left_25,VGND,li1,6.2100,21.7600,0.000054
PHY_EDGE_ROW_2_Left_24,VGND,li1,6.2100,16.3200,0.000097
PHY_EDGE_ROW_1_Left_23,VGND,li1,6.2100,16.3200,0.000097
PHY_EDGE_ROW_0_Left_22,VGND,li1,6.2100,10.8800,0.000033
PHY_EDGE_ROW_21_Right_21,VGND,li1,66.9300,70.7200,0.000001
PHY_EDGE_ROW_20_Right_20,VGND,li1,66.9300,65.2800,0.000049
PHY_EDGE_ROW_19_Right_19,VGND,li1,66.9300,65.2800,0.000049
PHY_EDGE_ROW_18_Right_18,VGND,li1,66.9300,59.8400,0.000037
PHY_EDGE_ROW_17_Right_17,VGND,li1,66.9300,59.8400,0.000037
PHY_EDGE_ROW_16_Right_16,VGND,li1,66.9300,54.4000,0.000096
PHY_EDGE_ROW_15_Right_15,VGND,li1,66.9300,54.4000,0.000096
PHY_EDGE_ROW_14_Right_14,VGND,li1,66.9300,48.9600,0.000028
PHY_EDGE_ROW_13_Right_13,VGND,li1,66.9300,48.9600,0.000028
PHY_EDGE_ROW_12_Right_12,VGND,li1,66.9300,43.5200,0.000040
PHY_EDGE_ROW_11_Right_11,VGND,li1,66.9300,43.5200,0.000040
PHY_EDGE_ROW_10_Right_10,VGND,li1,66.9300,38.0800,0.000018
PHY_EDGE_ROW_9_Right_9,VGND,li1,66.9300,38.0800,0.000018
PHY_EDGE_ROW_8_Right_8,VGND,li1,66.9300,32.6400,0.000045
PHY_EDGE_ROW_7_Right_7,VGND,li1,66.9300,32.6400,0.000045
PHY_EDGE_ROW_6_Right_6,VGND,li1,66.9300,27.2000,0.000107
PHY_EDGE_ROW_5_Right_5,VGND,li1,66.9300,27.2000,0.000107
PHY_EDGE_ROW_4_Right_4,VGND,li1,66.9300,21.7600,0.000002
PHY_EDGE_ROW_3_Right_3,VGND,li1,66.9300,21.7600,0.000002
PHY_EDGE_ROW_2_Right_2,VGND,li1,66.9300,16.3200,0.000049
PHY_EDGE_ROW_1_Right_1,VGND,li1,66.9300,16.3200,0.000049
PHY_EDGE_ROW_0_Right_0,VGND,li1,66.9300,10.8800,0.000006
_216_,VGND,li1,27.6000,48.9600,0.000059
_215_,VGND,li1,25.7600,48.9600,0.000061
_214_,VGND,li1,23.0000,43.5200,0.000085
_213_,VGND,li1,30.8200,43.5200,0.000091
_212_,VGND,li1,22.5400,38.0800,0.000038
_211_,VGND,li1,10.5800,32.6400,0.000113
_210_,VGND,li1,48.3000,27.2000,0.000121
_209_,VGND,li1,40.9400,27.2000,0.000139
_208_,VGND,li1,10.5800,27.2000,0.000127
_207_,VGND,li1,17.4800,16.3200,0.000076
_206_,VGND,li1,10.5800,16.3200,0.000097
_205_,VGND,li1,22.5400,16.3200,0.000089
_204_,VGND,li1,26.6800,59.8400,0.000062
_203_,VGND,li1,62.1000,32.6400,0.000045
_202_,VGND,li1,62.1000,32.6400,0.000045
_201_,VGND,li1,61.1800,16.3200,0.000059
_200_,VGND,li1,57.9600,16.3200,0.000068
_199_,VGND,li1,53.3600,32.6400,0.000062
_198_,VGND,li1,50.6000,16.3200,0.000068
_197_,VGND,li1,43.2400,16.3200,0.000074
_196_,VGND,li1,40.4800,10.8800,0.000028
_195_,VGND,li1,35.8800,16.3200,0.000080
_194_,VGND,li1,32.2000,16.3200,0.000073
_193_,VGND,li1,27.6000,16.3200,0.000086
_192_,VGND,li1,27.1400,10.8800,0.000033
_191_,VGND,li1,19.3200,21.7600,0.000040
_190_,VGND,li1,14.7200,10.8800,0.000033
_189_,VGND,li1,10.5800,21.7600,0.000054
_188_,VGND,li1,10.5800,43.5200,0.000079
_187_,VGND,li1,62.1000,65.2800,0.000058
_186_,VGND,li1,62.1000,59.8400,0.000037
_185_,VGND,li1,61.1800,65.2800,0.000058
_184_,VGND,li1,59.8000,48.9600,0.000040
_183_,VGND,li1,54.2800,38.0800,0.000032
_182_,VGND,li1,48.3000,65.2800,0.000055
_181_,VGND,li1,40.4800,65.2800,0.000071
_180_,VGND,li1,38.6400,59.8400,0.000056
_179_,VGND,li1,34.5000,65.2800,0.000070
_178_,VGND,li1,31.2800,59.8400,0.000052
_177_,VGND,li1,27.6000,65.2800,0.000080
_176_,VGND,li1,25.3000,65.2800,0.000082
_175_,VGND,li1,17.0200,54.4000,0.000120
_174_,VGND,li1,14.7200,65.2800,0.000080
_173_,VGND,li1,11.9600,70.7200,0.000029
_172_,VGND,li1,10.5800,48.9600,0.000065
_171_,VGND,li1,10.5800,59.8400,0.000089
_170_,VGND,li1,48.3000,65.2800,0.000055
_169_,VGND,li1,12.4200,65.2800,0.000087
_168_,VGND,li1,11.9600,59.8400,0.000089
_167_,VGND,li1,14.2600,54.4000,0.000130
_166_,VGND,li1,48.7600,59.8400,0.000039
_165_,VGND,li1,46.2300,59.8400,0.000043
_164_,VGND,li1,54.9700,59.8400,0.000044
_163_,VGND,li1,53.3600,65.2800,0.000057
_162_,VGND,li1,56.3500,65.2800,0.000057
_161_,VGND,li1,65.5500,65.2800,0.000049
_160_,VGND,li1,51.2900,59.8400,0.000045
_159_,VGND,li1,58.1900,59.8400,0.000042
_158_,VGND,li1,53.8200,48.9600,0.000037
_157_,VGND,li1,59.5700,59.8400,0.000040
_156_,VGND,li1,64.1700,59.8400,0.000037
_155_,VGND,li1,62.3300,59.8400,0.000037
_154_,VGND,li1,48.5300,54.4000,0.000117
_153_,VGND,li1,55.6600,54.4000,0.000171
_152_,VGND,li1,60.4900,54.4000,0.000120
_151_,VGND,li1,62.7900,54.4000,0.000096
_150_,VGND,li1,64.6300,54.4000,0.000096
_149_,VGND,li1,52.6700,54.4000,0.000153
_148_,VGND,li1,60.0300,48.9600,0.000040
_147_,VGND,li1,61.4100,48.9600,0.000032
_146_,VGND,li1,64.6300,48.9600,0.000028
_145_,VGND,li1,51.7500,48.9600,0.000035
_144_,VGND,li1,53.1300,43.5200,0.000084
_143_,VGND,li1,54.9700,43.5200,0.000075
_142_,VGND,li1,51.2900,43.5200,0.000090
_141_,VGND,li1,54.7400,38.0800,0.000032
_140_,VGND,li1,54.5100,43.5200,0.000075
_139_,VGND,li1,51.7500,43.5200,0.000090
_138_,VGND,li1,50.6000,38.0800,0.000028
_137_,VGND,li1,46.6900,38.0800,0.000023
_136_,VGND,li1,55.4300,32.6400,0.000058
_135_,VGND,li1,59.5700,38.0800,0.000024
_134_,VGND,li1,48.5300,43.5200,0.000095
_133_,VGND,li1,48.7600,43.5200,0.000095
_132_,VGND,li1,42.3200,48.9600,0.000037
_131_,VGND,li1,42.5500,48.9600,0.000037
_130_,VGND,li1,46.0000,43.5200,0.000101
_129_,VGND,li1,48.9900,38.0800,0.000026
_128_,VGND,li1,36.5700,48.9600,0.000041
_127_,VGND,li1,39.1000,43.5200,0.000150
_126_,VGND,li1,39.3300,48.9600,0.000040
_125_,VGND,li1,39.7900,48.9600,0.000040
_124_,VGND,li1,35.6500,48.9600,0.000041
_123_,VGND,li1,41.1700,54.4000,0.000105
_122_,VGND,li1,37.0300,48.9600,0.000041
_121_,VGND,li1,39.3300,38.0800,0.000028
_120_,VGND,li1,35.6500,38.0800,0.000028
_119_,VGND,li1,31.0500,32.6400,0.000088
_118_,VGND,li1,29.2100,38.0800,0.000030
_117_,VGND,li1,32.2000,38.0800,0.000026
_116_,VGND,li1,41.6300,38.0800,0.000027
_115_,VGND,li1,34.5000,32.6400,0.000085
_114_,VGND,li1,32.8900,38.0800,0.000026
_113_,VGND,li1,36.5700,38.0800,0.000028
_112_,VGND,li1,29.6700,38.0800,0.000030
_111_,VGND,li1,37.2600,32.6400,0.000082
_110_,VGND,li1,31.7400,27.2000,0.000129
_109_,VGND,li1,33.3500,21.7600,0.000016
_108_,VGND,li1,39.3300,27.2000,0.000139
_107_,VGND,li1,32.4300,32.6400,0.000088
_106_,VGND,li1,37.9500,38.0800,0.000028
_105_,VGND,li1,34.7300,38.0800,0.000028
_104_,VGND,li1,35.6500,27.2000,0.000136
_103_,VGND,li1,34.0400,27.2000,0.000133
_102_,VGND,li1,29.6700,27.2000,0.000149
_101_,VGND,li1,37.0300,27.2000,0.000136
_100_,VGND,li1,18.6300,32.6400,0.000110
_099_,VGND,li1,23.6900,21.7600,0.000032
_098_,VGND,li1,20.7000,27.2000,0.000145
_097_,VGND,li1,19.5500,27.2000,0.000129
_096_,VGND,li1,36.3400,21.7600,0.000014
_095_,VGND,li1,31.0500,21.7600,0.000020
_094_,VGND,li1,39.3300,21.7600,0.000013
_093_,VGND,li1,13.5700,27.2000,0.000119
_092_,VGND,li1,16.5600,32.6400,0.000094
_091_,VGND,li1,21.8500,21.7600,0.000035
_090_,VGND,li1,24.1500,27.2000,0.000171
_089_,VGND,li1,21.8500,32.6400,0.000123
_088_,VGND,li1,15.4100,32.6400,0.000094
_087_,VGND,li1,19.5500,32.6400,0.000110
_086_,VGND,li1,26.4500,27.2000,0.000186
_085_,VGND,li1,17.7100,27.2000,0.000111
_084_,VGND,li1,14.9500,38.0800,0.000030
_083_,VGND,li1,12.6500,38.0800,0.000031
_082_,VGND,li1,12.1900,38.0800,0.000032
_081_,VGND,li1,10.8100,38.0800,0.000032
_080_,VGND,li1,18.1700,38.0800,0.000032
_079_,VGND,li1,16.1000,43.5200,0.000065
_078_,VGND,li1,15.8700,43.5200,0.000065
_077_,VGND,li1,18.1700,43.5200,0.000073
_076_,VGND,li1,13.5700,48.9600,0.000053
_075_,VGND,li1,16.3300,48.9600,0.000045
