
===========================================================================
 report_power
============================================================================
======================= Fastest Corner ===================================

Group                  Internal  Switching    Leakage      Total
                          Power      Power      Power      Power (Watts)
----------------------------------------------------------------
Sequential             9.66e-04   4.56e-05   7.48e-10   1.01e-03  53.2%
Combinational          8.86e-05   7.45e-05   4.64e-10   1.63e-04   8.6%
Clock                  4.05e-04   3.23e-04   7.47e-10   7.28e-04  38.3%
Macro                  0.00e+00   0.00e+00   0.00e+00   0.00e+00   0.0%
Pad                    0.00e+00   0.00e+00   0.00e+00   0.00e+00   0.0%
----------------------------------------------------------------
Total                  1.46e-03   4.43e-04   1.96e-09   1.90e-03 100.0%
                          76.7%      23.3%       0.0%

======================= Slowest Corner ===================================

Group                  Internal  Switching    Leakage      Total
                          Power      Power      Power      Power (Watts)
----------------------------------------------------------------
Sequential             6.47e-04   3.02e-05   7.37e-07   6.78e-04  52.4%
Combinational          6.75e-05   4.92e-05   5.59e-07   1.17e-04   9.1%
Clock                  2.92e-04   2.06e-04   1.06e-07   4.98e-04  38.5%
Macro                  0.00e+00   0.00e+00   0.00e+00   0.00e+00   0.0%
Pad                    0.00e+00   0.00e+00   0.00e+00   0.00e+00   0.0%
----------------------------------------------------------------
Total                  1.01e-03   2.85e-04   1.40e-06   1.29e-03 100.0%
                          77.8%      22.0%       0.1%

======================= Typical Corner ===================================

Group                  Internal  Switching    Leakage      Total
                          Power      Power      Power      Power (Watts)
----------------------------------------------------------------
Sequential             8.32e-04   3.85e-05   4.22e-10   8.71e-04  53.1%
Combinational          8.16e-05   6.27e-05   3.29e-10   1.44e-04   8.8%
Clock                  3.54e-04   2.71e-04   4.62e-10   6.25e-04  38.1%
Macro                  0.00e+00   0.00e+00   0.00e+00   0.00e+00   0.0%
Pad                    0.00e+00   0.00e+00   0.00e+00   0.00e+00   0.0%
----------------------------------------------------------------
Total                  1.27e-03   3.72e-04   1.21e-09   1.64e-03 100.0%
                          77.3%      22.7%       0.0%

