
63. Printing statistics.

=== adder ===

   Number of wires:                161
   Number of wire bits:            161
   Number of public wires:         101
   Number of public wire bits:     101
   Number of memories:               0
   Number of memory bits:            0
   Number of processes:              0
   Number of cells:                127
     sky130_fd_sc_hd__a21bo_2        2
     sky130_fd_sc_hd__a21boi_2       1
     sky130_fd_sc_hd__a21o_2         6
     sky130_fd_sc_hd__a21oi_2        7
     sky130_fd_sc_hd__and2_2         1
     sky130_fd_sc_hd__and2b_2       10
     sky130_fd_sc_hd__and3_2         1
     sky130_fd_sc_hd__buf_1          1
     sky130_fd_sc_hd__dfxtp_2       50
     sky130_fd_sc_hd__inv_2          2
     sky130_fd_sc_hd__nand2_2        6
     sky130_fd_sc_hd__nand3b_2       1
     sky130_fd_sc_hd__o21a_2         2
     sky130_fd_sc_hd__or2_2          3
     sky130_fd_sc_hd__or2b_2         1
     sky130_fd_sc_hd__or4_2          1
     sky130_fd_sc_hd__xnor2_2       19
     sky130_fd_sc_hd__xor2_2        13

   Chip area for module '\adder': 1945.616000

