
===========================================================================
report_checks -path_delay max (Setup)
============================================================================
======================= Typical Corner ===================================

Startpoint: _137_ (rising edge-triggered flip-flop clocked by core_clock)
Endpoint: _186_ (rising edge-triggered flip-flop clocked by core_clock)
Path Group: core_clock
Path Type: max

Fanout     Cap    Slew   Delay    Time   Description
-----------------------------------------------------------------------------
                  0.00    0.00    0.00   clock core_clock (rise edge)
                          0.00    0.00   clock network delay (ideal)
                  0.00    0.00    0.00 ^ _137_/CLK (sky130_fd_sc_hd__dfxtp_2)
     3    0.01    0.05    0.31    0.31 v _137_/Q (sky130_fd_sc_hd__dfxtp_2)
                                         x1.a (net)
                  0.05    0.00    0.31 v _062_/B (sky130_fd_sc_hd__or2_2)
     2    0.01    0.07    0.29    0.60 v _062_/X (sky130_fd_sc_hd__or2_2)
                                         _014_ (net)
                  0.07    0.00    0.60 v _064_/A2 (sky130_fd_sc_hd__a21bo_2)
     2    0.01    0.06    0.25    0.85 v _064_/X (sky130_fd_sc_hd__a21bo_2)
                                         _016_ (net)
                  0.06    0.00    0.85 v _066_/B (sky130_fd_sc_hd__xor2_2)
     2    0.01    0.05    0.15    0.99 v _066_/X (sky130_fd_sc_hd__xor2_2)
                                         _018_ (net)
                  0.05    0.00    0.99 v _067_/B (sky130_fd_sc_hd__nand2_2)
     3    0.01    0.08    0.09    1.08 ^ _067_/Y (sky130_fd_sc_hd__nand2_2)
                                         _019_ (net)
                  0.08    0.00    1.08 ^ _068_/C (sky130_fd_sc_hd__nand3b_2)
     2    0.00    0.06    0.08    1.16 v _068_/Y (sky130_fd_sc_hd__nand3b_2)
                                         _020_ (net)
                  0.06    0.00    1.16 v _070_/A2 (sky130_fd_sc_hd__a21o_2)
     2    0.01    0.05    0.24    1.40 v _070_/X (sky130_fd_sc_hd__a21o_2)
                                         _022_ (net)
                  0.05    0.00    1.40 v _077_/A2 (sky130_fd_sc_hd__a21bo_2)
     1    0.00    0.03    0.21    1.60 v _077_/X (sky130_fd_sc_hd__a21bo_2)
                                         _029_ (net)
                  0.03    0.00    1.60 v _078_/B1 (sky130_fd_sc_hd__a21o_2)
     2    0.00    0.04    0.18    1.78 v _078_/X (sky130_fd_sc_hd__a21o_2)
                                         _030_ (net)
                  0.04    0.00    1.78 v _080_/A1 (sky130_fd_sc_hd__a21o_2)
     2    0.01    0.04    0.19    1.97 v _080_/X (sky130_fd_sc_hd__a21o_2)
                                         _032_ (net)
                  0.04    0.00    1.97 v _082_/A2 (sky130_fd_sc_hd__a21oi_2)
     2    0.01    0.16    0.18    2.15 ^ _082_/Y (sky130_fd_sc_hd__a21oi_2)
                                         _034_ (net)
                  0.16    0.00    2.15 ^ _084_/A_N (sky130_fd_sc_hd__and2b_2)
     1    0.00    0.04    0.24    2.39 v _084_/X (sky130_fd_sc_hd__and2b_2)
                                         _036_ (net)
                  0.04    0.00    2.39 v _085_/B1 (sky130_fd_sc_hd__a21oi_2)
     2    0.01    0.16    0.15    2.53 ^ _085_/Y (sky130_fd_sc_hd__a21oi_2)
                                         _037_ (net)
                  0.16    0.00    2.53 ^ _087_/A_N (sky130_fd_sc_hd__and2b_2)
     1    0.00    0.04    0.24    2.77 v _087_/X (sky130_fd_sc_hd__and2b_2)
                                         _039_ (net)
                  0.04    0.00    2.77 v _088_/B1 (sky130_fd_sc_hd__a21oi_2)
     2    0.01    0.16    0.15    2.92 ^ _088_/Y (sky130_fd_sc_hd__a21oi_2)
                                         _040_ (net)
                  0.16    0.00    2.92 ^ _090_/A_N (sky130_fd_sc_hd__and2b_2)
     1    0.00    0.03    0.23    3.15 v _090_/X (sky130_fd_sc_hd__and2b_2)
                                         _042_ (net)
                  0.03    0.00    3.15 v _091_/B1 (sky130_fd_sc_hd__a21o_2)
     2    0.01    0.06    0.21    3.36 v _091_/X (sky130_fd_sc_hd__a21o_2)
                                         _043_ (net)
                  0.06    0.00    3.36 v _092_/B (sky130_fd_sc_hd__xnor2_2)
     2    0.01    0.07    0.15    3.51 v _092_/Y (sky130_fd_sc_hd__xnor2_2)
                                         _044_ (net)
                  0.07    0.00    3.51 v _094_/A2 (sky130_fd_sc_hd__o21a_2)
     2    0.01    0.05    0.22    3.73 v _094_/X (sky130_fd_sc_hd__o21a_2)
                                         _046_ (net)
                  0.05    0.00    3.73 v _095_/B (sky130_fd_sc_hd__xnor2_2)
     2    0.01    0.08    0.15    3.88 v _095_/Y (sky130_fd_sc_hd__xnor2_2)
                                         _047_ (net)
                  0.08    0.00    3.88 v _097_/A2 (sky130_fd_sc_hd__a21oi_2)
     2    0.01    0.16    0.19    4.08 ^ _097_/Y (sky130_fd_sc_hd__a21oi_2)
                                         _049_ (net)
                  0.16    0.00    4.08 ^ _099_/A_N (sky130_fd_sc_hd__and2b_2)
     1    0.00    0.04    0.24    4.31 v _099_/X (sky130_fd_sc_hd__and2b_2)
                                         _051_ (net)
                  0.04    0.00    4.31 v _100_/B1 (sky130_fd_sc_hd__a21oi_2)
     2    0.01    0.16    0.15    4.46 ^ _100_/Y (sky130_fd_sc_hd__a21oi_2)
                                         _052_ (net)
                  0.16    0.00    4.46 ^ _102_/A_N (sky130_fd_sc_hd__and2b_2)
     1    0.00    0.03    0.23    4.69 v _102_/X (sky130_fd_sc_hd__and2b_2)
                                         _054_ (net)
                  0.03    0.00    4.69 v _103_/B1 (sky130_fd_sc_hd__a21o_2)
     2    0.01    0.06    0.21    4.90 v _103_/X (sky130_fd_sc_hd__a21o_2)
                                         _055_ (net)
                  0.06    0.00    4.90 v _104_/B (sky130_fd_sc_hd__xnor2_2)
     2    0.01    0.07    0.15    5.05 v _104_/Y (sky130_fd_sc_hd__xnor2_2)
                                         _056_ (net)
                  0.07    0.00    5.05 v _106_/A2 (sky130_fd_sc_hd__o21a_2)
     2    0.01    0.05    0.22    5.27 v _106_/X (sky130_fd_sc_hd__o21a_2)
                                         _058_ (net)
                  0.05    0.00    5.27 v _107_/B (sky130_fd_sc_hd__xnor2_2)
     2    0.01    0.08    0.15    5.43 v _107_/Y (sky130_fd_sc_hd__xnor2_2)
                                         _059_ (net)
                  0.08    0.00    5.43 v _109_/A2 (sky130_fd_sc_hd__a21oi_2)
     2    0.01    0.16    0.19    5.62 ^ _109_/Y (sky130_fd_sc_hd__a21oi_2)
                                         _001_ (net)
                  0.16    0.00    5.62 ^ _111_/A_N (sky130_fd_sc_hd__and2b_2)
     1    0.00    0.04    0.24    5.86 v _111_/X (sky130_fd_sc_hd__and2b_2)
                                         _003_ (net)
                  0.04    0.00    5.86 v _112_/B1 (sky130_fd_sc_hd__a21oi_2)
     2    0.01    0.16    0.15    6.00 ^ _112_/Y (sky130_fd_sc_hd__a21oi_2)
                                         _004_ (net)
                  0.16    0.00    6.00 ^ _114_/A_N (sky130_fd_sc_hd__and2b_2)
     1    0.00    0.03    0.23    6.23 v _114_/X (sky130_fd_sc_hd__and2b_2)
                                         _006_ (net)
                  0.03    0.00    6.23 v _115_/B1 (sky130_fd_sc_hd__a21o_2)
     1    0.00    0.03    0.17    6.40 v _115_/X (sky130_fd_sc_hd__a21o_2)
                                         x20.out (net)
                  0.03    0.00    6.40 v _186_/D (sky130_fd_sc_hd__dfxtp_2)
                                  6.40   data arrival time

                  0.00    6.60    6.60   clock core_clock (rise edge)
                          0.00    6.60   clock network delay (ideal)
                          0.00    6.60   clock reconvergence pessimism
                                  6.60 ^ _186_/CLK (sky130_fd_sc_hd__dfxtp_2)
                         -0.12    6.48   library setup time
                                  6.48   data required time
-----------------------------------------------------------------------------
                                  6.48   data required time
                                 -6.40   data arrival time
-----------------------------------------------------------------------------
                                  0.08   slack (MET)


Startpoint: _137_ (rising edge-triggered flip-flop clocked by core_clock)
Endpoint: _185_ (rising edge-triggered flip-flop clocked by core_clock)
Path Group: core_clock
Path Type: max

Fanout     Cap    Slew   Delay    Time   Description
-----------------------------------------------------------------------------
                  0.00    0.00    0.00   clock core_clock (rise edge)
                          0.00    0.00   clock network delay (ideal)
                  0.00    0.00    0.00 ^ _137_/CLK (sky130_fd_sc_hd__dfxtp_2)
     3    0.01    0.05    0.31    0.31 v _137_/Q (sky130_fd_sc_hd__dfxtp_2)
                                         x1.a (net)
                  0.05    0.00    0.31 v _062_/B (sky130_fd_sc_hd__or2_2)
     2    0.01    0.07    0.29    0.60 v _062_/X (sky130_fd_sc_hd__or2_2)
                                         _014_ (net)
                  0.07    0.00    0.60 v _064_/A2 (sky130_fd_sc_hd__a21bo_2)
     2    0.01    0.06    0.25    0.85 v _064_/X (sky130_fd_sc_hd__a21bo_2)
                                         _016_ (net)
                  0.06    0.00    0.85 v _066_/B (sky130_fd_sc_hd__xor2_2)
     2    0.01    0.05    0.15    0.99 v _066_/X (sky130_fd_sc_hd__xor2_2)
                                         _018_ (net)
                  0.05    0.00    0.99 v _067_/B (sky130_fd_sc_hd__nand2_2)
     3    0.01    0.08    0.09    1.08 ^ _067_/Y (sky130_fd_sc_hd__nand2_2)
                                         _019_ (net)
                  0.08    0.00    1.08 ^ _068_/C (sky130_fd_sc_hd__nand3b_2)
     2    0.00    0.06    0.08    1.16 v _068_/Y (sky130_fd_sc_hd__nand3b_2)
                                         _020_ (net)
                  0.06    0.00    1.16 v _070_/A2 (sky130_fd_sc_hd__a21o_2)
     2    0.01    0.05    0.24    1.40 v _070_/X (sky130_fd_sc_hd__a21o_2)
                                         _022_ (net)
                  0.05    0.00    1.40 v _077_/A2 (sky130_fd_sc_hd__a21bo_2)
     1    0.00    0.03    0.21    1.60 v _077_/X (sky130_fd_sc_hd__a21bo_2)
                                         _029_ (net)
                  0.03    0.00    1.60 v _078_/B1 (sky130_fd_sc_hd__a21o_2)
     2    0.00    0.04    0.18    1.78 v _078_/X (sky130_fd_sc_hd__a21o_2)
                                         _030_ (net)
                  0.04    0.00    1.78 v _080_/A1 (sky130_fd_sc_hd__a21o_2)
     2    0.01    0.04    0.19    1.97 v _080_/X (sky130_fd_sc_hd__a21o_2)
                                         _032_ (net)
                  0.04    0.00    1.97 v _082_/A2 (sky130_fd_sc_hd__a21oi_2)
     2    0.01    0.16    0.18    2.15 ^ _082_/Y (sky130_fd_sc_hd__a21oi_2)
                                         _034_ (net)
                  0.16    0.00    2.15 ^ _084_/A_N (sky130_fd_sc_hd__and2b_2)
     1    0.00    0.04    0.24    2.39 v _084_/X (sky130_fd_sc_hd__and2b_2)
                                         _036_ (net)
                  0.04    0.00    2.39 v _085_/B1 (sky130_fd_sc_hd__a21oi_2)
     2    0.01    0.16    0.15    2.53 ^ _085_/Y (sky130_fd_sc_hd__a21oi_2)
                                         _037_ (net)
                  0.16    0.00    2.53 ^ _087_/A_N (sky130_fd_sc_hd__and2b_2)
     1    0.00    0.04    0.24    2.77 v _087_/X (sky130_fd_sc_hd__and2b_2)
                                         _039_ (net)
                  0.04    0.00    2.77 v _088_/B1 (sky130_fd_sc_hd__a21oi_2)
     2    0.01    0.16    0.15    2.92 ^ _088_/Y (sky130_fd_sc_hd__a21oi_2)
                                         _040_ (net)
                  0.16    0.00    2.92 ^ _090_/A_N (sky130_fd_sc_hd__and2b_2)
     1    0.00    0.03    0.23    3.15 v _090_/X (sky130_fd_sc_hd__and2b_2)
                                         _042_ (net)
                  0.03    0.00    3.15 v _091_/B1 (sky130_fd_sc_hd__a21o_2)
     2    0.01    0.06    0.21    3.36 v _091_/X (sky130_fd_sc_hd__a21o_2)
                                         _043_ (net)
                  0.06    0.00    3.36 v _092_/B (sky130_fd_sc_hd__xnor2_2)
     2    0.01    0.07    0.15    3.51 v _092_/Y (sky130_fd_sc_hd__xnor2_2)
                                         _044_ (net)
                  0.07    0.00    3.51 v _094_/A2 (sky130_fd_sc_hd__o21a_2)
     2    0.01    0.05    0.22    3.73 v _094_/X (sky130_fd_sc_hd__o21a_2)
                                         _046_ (net)
                  0.05    0.00    3.73 v _095_/B (sky130_fd_sc_hd__xnor2_2)
     2    0.01    0.08    0.15    3.88 v _095_/Y (sky130_fd_sc_hd__xnor2_2)
                                         _047_ (net)
                  0.08    0.00    3.88 v _097_/A2 (sky130_fd_sc_hd__a21oi_2)
     2    0.01    0.16    0.19    4.08 ^ _097_/Y (sky130_fd_sc_hd__a21oi_2)
                                         _049_ (net)
                  0.16    0.00    4.08 ^ _099_/A_N (sky130_fd_sc_hd__and2b_2)
     1    0.00    0.04    0.24    4.31 v _099_/X (sky130_fd_sc_hd__and2b_2)
                                         _051_ (net)
                  0.04    0.00    4.31 v _100_/B1 (sky130_fd_sc_hd__a21oi_2)
     2    0.01    0.16    0.15    4.46 ^ _100_/Y (sky130_fd_sc_hd__a21oi_2)
                                         _052_ (net)
                  0.16    0.00    4.46 ^ _102_/A_N (sky130_fd_sc_hd__and2b_2)
     1    0.00    0.03    0.23    4.69 v _102_/X (sky130_fd_sc_hd__and2b_2)
                                         _054_ (net)
                  0.03    0.00    4.69 v _103_/B1 (sky130_fd_sc_hd__a21o_2)
     2    0.01    0.06    0.21    4.90 v _103_/X (sky130_fd_sc_hd__a21o_2)
                                         _055_ (net)
                  0.06    0.00    4.90 v _104_/B (sky130_fd_sc_hd__xnor2_2)
     2    0.01    0.07    0.15    5.05 v _104_/Y (sky130_fd_sc_hd__xnor2_2)
                                         _056_ (net)
                  0.07    0.00    5.05 v _106_/A2 (sky130_fd_sc_hd__o21a_2)
     2    0.01    0.05    0.22    5.27 v _106_/X (sky130_fd_sc_hd__o21a_2)
                                         _058_ (net)
                  0.05    0.00    5.27 v _107_/B (sky130_fd_sc_hd__xnor2_2)
     2    0.01    0.08    0.15    5.43 v _107_/Y (sky130_fd_sc_hd__xnor2_2)
                                         _059_ (net)
                  0.08    0.00    5.43 v _109_/A2 (sky130_fd_sc_hd__a21oi_2)
     2    0.01    0.16    0.19    5.62 ^ _109_/Y (sky130_fd_sc_hd__a21oi_2)
                                         _001_ (net)
                  0.16    0.00    5.62 ^ _111_/A_N (sky130_fd_sc_hd__and2b_2)
     1    0.00    0.04    0.24    5.86 v _111_/X (sky130_fd_sc_hd__and2b_2)
                                         _003_ (net)
                  0.04    0.00    5.86 v _112_/B1 (sky130_fd_sc_hd__a21oi_2)
     2    0.01    0.16    0.15    6.00 ^ _112_/Y (sky130_fd_sc_hd__a21oi_2)
                                         _004_ (net)
                  0.16    0.00    6.00 ^ _113_/B (sky130_fd_sc_hd__xnor2_2)
     2    0.01    0.07    0.10    6.10 v _113_/Y (sky130_fd_sc_hd__xnor2_2)
                                         _005_ (net)
                  0.07    0.00    6.10 v _135_/B (sky130_fd_sc_hd__xor2_2)
     1    0.00    0.05    0.14    6.24 v _135_/X (sky130_fd_sc_hd__xor2_2)
                                         x19.sum (net)
                  0.05    0.00    6.24 v _185_/D (sky130_fd_sc_hd__dfxtp_2)
                                  6.24   data arrival time

                  0.00    6.60    6.60   clock core_clock (rise edge)
                          0.00    6.60   clock network delay (ideal)
                          0.00    6.60   clock reconvergence pessimism
                                  6.60 ^ _185_/CLK (sky130_fd_sc_hd__dfxtp_2)
                         -0.13    6.47   library setup time
                                  6.47   data required time
-----------------------------------------------------------------------------
                                  6.47   data required time
                                 -6.24   data arrival time
-----------------------------------------------------------------------------
                                  0.23   slack (MET)


Startpoint: _137_ (rising edge-triggered flip-flop clocked by core_clock)
Endpoint: _184_ (rising edge-triggered flip-flop clocked by core_clock)
Path Group: core_clock
Path Type: max

Fanout     Cap    Slew   Delay    Time   Description
-----------------------------------------------------------------------------
                  0.00    0.00    0.00   clock core_clock (rise edge)
                          0.00    0.00   clock network delay (ideal)
                  0.00    0.00    0.00 ^ _137_/CLK (sky130_fd_sc_hd__dfxtp_2)
     3    0.01    0.05    0.31    0.31 v _137_/Q (sky130_fd_sc_hd__dfxtp_2)
                                         x1.a (net)
                  0.05    0.00    0.31 v _062_/B (sky130_fd_sc_hd__or2_2)
     2    0.01    0.07    0.29    0.60 v _062_/X (sky130_fd_sc_hd__or2_2)
                                         _014_ (net)
                  0.07    0.00    0.60 v _064_/A2 (sky130_fd_sc_hd__a21bo_2)
     2    0.01    0.06    0.25    0.85 v _064_/X (sky130_fd_sc_hd__a21bo_2)
                                         _016_ (net)
                  0.06    0.00    0.85 v _066_/B (sky130_fd_sc_hd__xor2_2)
     2    0.01    0.05    0.15    0.99 v _066_/X (sky130_fd_sc_hd__xor2_2)
                                         _018_ (net)
                  0.05    0.00    0.99 v _067_/B (sky130_fd_sc_hd__nand2_2)
     3    0.01    0.08    0.09    1.08 ^ _067_/Y (sky130_fd_sc_hd__nand2_2)
                                         _019_ (net)
                  0.08    0.00    1.08 ^ _068_/C (sky130_fd_sc_hd__nand3b_2)
     2    0.00    0.06    0.08    1.16 v _068_/Y (sky130_fd_sc_hd__nand3b_2)
                                         _020_ (net)
                  0.06    0.00    1.16 v _070_/A2 (sky130_fd_sc_hd__a21o_2)
     2    0.01    0.05    0.24    1.40 v _070_/X (sky130_fd_sc_hd__a21o_2)
                                         _022_ (net)
                  0.05    0.00    1.40 v _077_/A2 (sky130_fd_sc_hd__a21bo_2)
     1    0.00    0.03    0.21    1.60 v _077_/X (sky130_fd_sc_hd__a21bo_2)
                                         _029_ (net)
                  0.03    0.00    1.60 v _078_/B1 (sky130_fd_sc_hd__a21o_2)
     2    0.00    0.04    0.18    1.78 v _078_/X (sky130_fd_sc_hd__a21o_2)
                                         _030_ (net)
                  0.04    0.00    1.78 v _080_/A1 (sky130_fd_sc_hd__a21o_2)
     2    0.01    0.04    0.19    1.97 v _080_/X (sky130_fd_sc_hd__a21o_2)
                                         _032_ (net)
                  0.04    0.00    1.97 v _082_/A2 (sky130_fd_sc_hd__a21oi_2)
     2    0.01    0.16    0.18    2.15 ^ _082_/Y (sky130_fd_sc_hd__a21oi_2)
                                         _034_ (net)
                  0.16    0.00    2.15 ^ _084_/A_N (sky130_fd_sc_hd__and2b_2)
     1    0.00    0.04    0.24    2.39 v _084_/X (sky130_fd_sc_hd__and2b_2)
                                         _036_ (net)
                  0.04    0.00    2.39 v _085_/B1 (sky130_fd_sc_hd__a21oi_2)
     2    0.01    0.16    0.15    2.53 ^ _085_/Y (sky130_fd_sc_hd__a21oi_2)
                                         _037_ (net)
                  0.16    0.00    2.53 ^ _087_/A_N (sky130_fd_sc_hd__and2b_2)
     1    0.00    0.04    0.24    2.77 v _087_/X (sky130_fd_sc_hd__and2b_2)
                                         _039_ (net)
                  0.04    0.00    2.77 v _088_/B1 (sky130_fd_sc_hd__a21oi_2)
     2    0.01    0.16    0.15    2.92 ^ _088_/Y (sky130_fd_sc_hd__a21oi_2)
                                         _040_ (net)
                  0.16    0.00    2.92 ^ _090_/A_N (sky130_fd_sc_hd__and2b_2)
     1    0.00    0.03    0.23    3.15 v _090_/X (sky130_fd_sc_hd__and2b_2)
                                         _042_ (net)
                  0.03    0.00    3.15 v _091_/B1 (sky130_fd_sc_hd__a21o_2)
     2    0.01    0.06    0.21    3.36 v _091_/X (sky130_fd_sc_hd__a21o_2)
                                         _043_ (net)
                  0.06    0.00    3.36 v _092_/B (sky130_fd_sc_hd__xnor2_2)
     2    0.01    0.07    0.15    3.51 v _092_/Y (sky130_fd_sc_hd__xnor2_2)
                                         _044_ (net)
                  0.07    0.00    3.51 v _094_/A2 (sky130_fd_sc_hd__o21a_2)
     2    0.01    0.05    0.22    3.73 v _094_/X (sky130_fd_sc_hd__o21a_2)
                                         _046_ (net)
                  0.05    0.00    3.73 v _095_/B (sky130_fd_sc_hd__xnor2_2)
     2    0.01    0.08    0.15    3.88 v _095_/Y (sky130_fd_sc_hd__xnor2_2)
                                         _047_ (net)
                  0.08    0.00    3.88 v _097_/A2 (sky130_fd_sc_hd__a21oi_2)
     2    0.01    0.16    0.19    4.08 ^ _097_/Y (sky130_fd_sc_hd__a21oi_2)
                                         _049_ (net)
                  0.16    0.00    4.08 ^ _099_/A_N (sky130_fd_sc_hd__and2b_2)
     1    0.00    0.04    0.24    4.31 v _099_/X (sky130_fd_sc_hd__and2b_2)
                                         _051_ (net)
                  0.04    0.00    4.31 v _100_/B1 (sky130_fd_sc_hd__a21oi_2)
     2    0.01    0.16    0.15    4.46 ^ _100_/Y (sky130_fd_sc_hd__a21oi_2)
                                         _052_ (net)
                  0.16    0.00    4.46 ^ _102_/A_N (sky130_fd_sc_hd__and2b_2)
     1    0.00    0.03    0.23    4.69 v _102_/X (sky130_fd_sc_hd__and2b_2)
                                         _054_ (net)
                  0.03    0.00    4.69 v _103_/B1 (sky130_fd_sc_hd__a21o_2)
     2    0.01    0.06    0.21    4.90 v _103_/X (sky130_fd_sc_hd__a21o_2)
                                         _055_ (net)
                  0.06    0.00    4.90 v _104_/B (sky130_fd_sc_hd__xnor2_2)
     2    0.01    0.07    0.15    5.05 v _104_/Y (sky130_fd_sc_hd__xnor2_2)
                                         _056_ (net)
                  0.07    0.00    5.05 v _106_/A2 (sky130_fd_sc_hd__o21a_2)
     2    0.01    0.05    0.22    5.27 v _106_/X (sky130_fd_sc_hd__o21a_2)
                                         _058_ (net)
                  0.05    0.00    5.27 v _107_/B (sky130_fd_sc_hd__xnor2_2)
     2    0.01    0.22    0.20    5.47 ^ _107_/Y (sky130_fd_sc_hd__xnor2_2)
                                         _059_ (net)
                  0.22    0.00    5.47 ^ _109_/A2 (sky130_fd_sc_hd__a21oi_2)
     2    0.01    0.07    0.11    5.58 v _109_/Y (sky130_fd_sc_hd__a21oi_2)
                                         _001_ (net)
                  0.07    0.00    5.58 v _110_/B (sky130_fd_sc_hd__xnor2_2)
     2    0.01    0.08    0.16    5.74 v _110_/Y (sky130_fd_sc_hd__xnor2_2)
                                         _002_ (net)
                  0.08    0.00    5.74 v _126_/B (sky130_fd_sc_hd__xor2_2)
     1    0.00    0.06    0.14    5.89 v _126_/X (sky130_fd_sc_hd__xor2_2)
                                         x18.sum (net)
                  0.06    0.00    5.89 v _184_/D (sky130_fd_sc_hd__dfxtp_2)
                                  5.89   data arrival time

                  0.00    6.60    6.60   clock core_clock (rise edge)
                          0.00    6.60   clock network delay (ideal)
                          0.00    6.60   clock reconvergence pessimism
                                  6.60 ^ _184_/CLK (sky130_fd_sc_hd__dfxtp_2)
                         -0.13    6.47   library setup time
                                  6.47   data required time
-----------------------------------------------------------------------------
                                  6.47   data required time
                                 -5.89   data arrival time
-----------------------------------------------------------------------------
                                  0.58   slack (MET)


Startpoint: _137_ (rising edge-triggered flip-flop clocked by core_clock)
Endpoint: _183_ (rising edge-triggered flip-flop clocked by core_clock)
Path Group: core_clock
Path Type: max

Fanout     Cap    Slew   Delay    Time   Description
-----------------------------------------------------------------------------
                  0.00    0.00    0.00   clock core_clock (rise edge)
                          0.00    0.00   clock network delay (ideal)
                  0.00    0.00    0.00 ^ _137_/CLK (sky130_fd_sc_hd__dfxtp_2)
     3    0.01    0.05    0.31    0.31 v _137_/Q (sky130_fd_sc_hd__dfxtp_2)
                                         x1.a (net)
                  0.05    0.00    0.31 v _062_/B (sky130_fd_sc_hd__or2_2)
     2    0.01    0.07    0.29    0.60 v _062_/X (sky130_fd_sc_hd__or2_2)
                                         _014_ (net)
                  0.07    0.00    0.60 v _064_/A2 (sky130_fd_sc_hd__a21bo_2)
     2    0.01    0.06    0.25    0.85 v _064_/X (sky130_fd_sc_hd__a21bo_2)
                                         _016_ (net)
                  0.06    0.00    0.85 v _066_/B (sky130_fd_sc_hd__xor2_2)
     2    0.01    0.05    0.15    0.99 v _066_/X (sky130_fd_sc_hd__xor2_2)
                                         _018_ (net)
                  0.05    0.00    0.99 v _067_/B (sky130_fd_sc_hd__nand2_2)
     3    0.01    0.08    0.09    1.08 ^ _067_/Y (sky130_fd_sc_hd__nand2_2)
                                         _019_ (net)
                  0.08    0.00    1.08 ^ _068_/C (sky130_fd_sc_hd__nand3b_2)
     2    0.00    0.06    0.08    1.16 v _068_/Y (sky130_fd_sc_hd__nand3b_2)
                                         _020_ (net)
                  0.06    0.00    1.16 v _070_/A2 (sky130_fd_sc_hd__a21o_2)
     2    0.01    0.05    0.24    1.40 v _070_/X (sky130_fd_sc_hd__a21o_2)
                                         _022_ (net)
                  0.05    0.00    1.40 v _077_/A2 (sky130_fd_sc_hd__a21bo_2)
     1    0.00    0.03    0.21    1.60 v _077_/X (sky130_fd_sc_hd__a21bo_2)
                                         _029_ (net)
                  0.03    0.00    1.60 v _078_/B1 (sky130_fd_sc_hd__a21o_2)
     2    0.00    0.04    0.18    1.78 v _078_/X (sky130_fd_sc_hd__a21o_2)
                                         _030_ (net)
                  0.04    0.00    1.78 v _080_/A1 (sky130_fd_sc_hd__a21o_2)
     2    0.01    0.04    0.19    1.97 v _080_/X (sky130_fd_sc_hd__a21o_2)
                                         _032_ (net)
                  0.04    0.00    1.97 v _082_/A2 (sky130_fd_sc_hd__a21oi_2)
     2    0.01    0.16    0.18    2.15 ^ _082_/Y (sky130_fd_sc_hd__a21oi_2)
                                         _034_ (net)
                  0.16    0.00    2.15 ^ _084_/A_N (sky130_fd_sc_hd__and2b_2)
     1    0.00    0.04    0.24    2.39 v _084_/X (sky130_fd_sc_hd__and2b_2)
                                         _036_ (net)
                  0.04    0.00    2.39 v _085_/B1 (sky130_fd_sc_hd__a21oi_2)
     2    0.01    0.16    0.15    2.53 ^ _085_/Y (sky130_fd_sc_hd__a21oi_2)
                                         _037_ (net)
                  0.16    0.00    2.53 ^ _087_/A_N (sky130_fd_sc_hd__and2b_2)
     1    0.00    0.04    0.24    2.77 v _087_/X (sky130_fd_sc_hd__and2b_2)
                                         _039_ (net)
                  0.04    0.00    2.77 v _088_/B1 (sky130_fd_sc_hd__a21oi_2)
     2    0.01    0.16    0.15    2.92 ^ _088_/Y (sky130_fd_sc_hd__a21oi_2)
                                         _040_ (net)
                  0.16    0.00    2.92 ^ _090_/A_N (sky130_fd_sc_hd__and2b_2)
     1    0.00    0.03    0.23    3.15 v _090_/X (sky130_fd_sc_hd__and2b_2)
                                         _042_ (net)
                  0.03    0.00    3.15 v _091_/B1 (sky130_fd_sc_hd__a21o_2)
     2    0.01    0.06    0.21    3.36 v _091_/X (sky130_fd_sc_hd__a21o_2)
                                         _043_ (net)
                  0.06    0.00    3.36 v _092_/B (sky130_fd_sc_hd__xnor2_2)
     2    0.01    0.07    0.15    3.51 v _092_/Y (sky130_fd_sc_hd__xnor2_2)
                                         _044_ (net)
                  0.07    0.00    3.51 v _094_/A2 (sky130_fd_sc_hd__o21a_2)
     2    0.01    0.05    0.22    3.73 v _094_/X (sky130_fd_sc_hd__o21a_2)
                                         _046_ (net)
                  0.05    0.00    3.73 v _095_/B (sky130_fd_sc_hd__xnor2_2)
     2    0.01    0.08    0.15    3.88 v _095_/Y (sky130_fd_sc_hd__xnor2_2)
                                         _047_ (net)
                  0.08    0.00    3.88 v _097_/A2 (sky130_fd_sc_hd__a21oi_2)
     2    0.01    0.16    0.19    4.08 ^ _097_/Y (sky130_fd_sc_hd__a21oi_2)
                                         _049_ (net)
                  0.16    0.00    4.08 ^ _099_/A_N (sky130_fd_sc_hd__and2b_2)
     1    0.00    0.04    0.24    4.31 v _099_/X (sky130_fd_sc_hd__and2b_2)
                                         _051_ (net)
                  0.04    0.00    4.31 v _100_/B1 (sky130_fd_sc_hd__a21oi_2)
     2    0.01    0.16    0.15    4.46 ^ _100_/Y (sky130_fd_sc_hd__a21oi_2)
                                         _052_ (net)
                  0.16    0.00    4.46 ^ _102_/A_N (sky130_fd_sc_hd__and2b_2)
     1    0.00    0.03    0.23    4.69 v _102_/X (sky130_fd_sc_hd__and2b_2)
                                         _054_ (net)
                  0.03    0.00    4.69 v _103_/B1 (sky130_fd_sc_hd__a21o_2)
     2    0.01    0.06    0.21    4.90 v _103_/X (sky130_fd_sc_hd__a21o_2)
                                         _055_ (net)
                  0.06    0.00    4.90 v _104_/B (sky130_fd_sc_hd__xnor2_2)
     2    0.01    0.07    0.15    5.05 v _104_/Y (sky130_fd_sc_hd__xnor2_2)
                                         _056_ (net)
                  0.07    0.00    5.05 v _106_/A2 (sky130_fd_sc_hd__o21a_2)
     2    0.01    0.05    0.22    5.27 v _106_/X (sky130_fd_sc_hd__o21a_2)
                                         _058_ (net)
                  0.05    0.00    5.27 v _107_/B (sky130_fd_sc_hd__xnor2_2)
     2    0.01    0.08    0.15    5.43 v _107_/Y (sky130_fd_sc_hd__xnor2_2)
                                         _059_ (net)
                  0.08    0.00    5.43 v _125_/B (sky130_fd_sc_hd__xor2_2)
     1    0.00    0.06    0.14    5.57 v _125_/X (sky130_fd_sc_hd__xor2_2)
                                         x17.sum (net)
                  0.06    0.00    5.57 v _183_/D (sky130_fd_sc_hd__dfxtp_2)
                                  5.57   data arrival time

                  0.00    6.60    6.60   clock core_clock (rise edge)
                          0.00    6.60   clock network delay (ideal)
                          0.00    6.60   clock reconvergence pessimism
                                  6.60 ^ _183_/CLK (sky130_fd_sc_hd__dfxtp_2)
                         -0.13    6.47   library setup time
                                  6.47   data required time
-----------------------------------------------------------------------------
                                  6.47   data required time
                                 -5.57   data arrival time
-----------------------------------------------------------------------------
                                  0.90   slack (MET)


Startpoint: _137_ (rising edge-triggered flip-flop clocked by core_clock)
Endpoint: _182_ (rising edge-triggered flip-flop clocked by core_clock)
Path Group: core_clock
Path Type: max

Fanout     Cap    Slew   Delay    Time   Description
-----------------------------------------------------------------------------
                  0.00    0.00    0.00   clock core_clock (rise edge)
                          0.00    0.00   clock network delay (ideal)
                  0.00    0.00    0.00 ^ _137_/CLK (sky130_fd_sc_hd__dfxtp_2)
     3    0.01    0.05    0.31    0.31 v _137_/Q (sky130_fd_sc_hd__dfxtp_2)
                                         x1.a (net)
                  0.05    0.00    0.31 v _062_/B (sky130_fd_sc_hd__or2_2)
     2    0.01    0.07    0.29    0.60 v _062_/X (sky130_fd_sc_hd__or2_2)
                                         _014_ (net)
                  0.07    0.00    0.60 v _064_/A2 (sky130_fd_sc_hd__a21bo_2)
     2    0.01    0.06    0.25    0.85 v _064_/X (sky130_fd_sc_hd__a21bo_2)
                                         _016_ (net)
                  0.06    0.00    0.85 v _066_/B (sky130_fd_sc_hd__xor2_2)
     2    0.01    0.05    0.15    0.99 v _066_/X (sky130_fd_sc_hd__xor2_2)
                                         _018_ (net)
                  0.05    0.00    0.99 v _067_/B (sky130_fd_sc_hd__nand2_2)
     3    0.01    0.08    0.09    1.08 ^ _067_/Y (sky130_fd_sc_hd__nand2_2)
                                         _019_ (net)
                  0.08    0.00    1.08 ^ _068_/C (sky130_fd_sc_hd__nand3b_2)
     2    0.00    0.06    0.08    1.16 v _068_/Y (sky130_fd_sc_hd__nand3b_2)
                                         _020_ (net)
                  0.06    0.00    1.16 v _070_/A2 (sky130_fd_sc_hd__a21o_2)
     2    0.01    0.05    0.24    1.40 v _070_/X (sky130_fd_sc_hd__a21o_2)
                                         _022_ (net)
                  0.05    0.00    1.40 v _077_/A2 (sky130_fd_sc_hd__a21bo_2)
     1    0.00    0.03    0.21    1.60 v _077_/X (sky130_fd_sc_hd__a21bo_2)
                                         _029_ (net)
                  0.03    0.00    1.60 v _078_/B1 (sky130_fd_sc_hd__a21o_2)
     2    0.00    0.04    0.18    1.78 v _078_/X (sky130_fd_sc_hd__a21o_2)
                                         _030_ (net)
                  0.04    0.00    1.78 v _080_/A1 (sky130_fd_sc_hd__a21o_2)
     2    0.01    0.04    0.19    1.97 v _080_/X (sky130_fd_sc_hd__a21o_2)
                                         _032_ (net)
                  0.04    0.00    1.97 v _082_/A2 (sky130_fd_sc_hd__a21oi_2)
     2    0.01    0.16    0.18    2.15 ^ _082_/Y (sky130_fd_sc_hd__a21oi_2)
                                         _034_ (net)
                  0.16    0.00    2.15 ^ _084_/A_N (sky130_fd_sc_hd__and2b_2)
     1    0.00    0.04    0.24    2.39 v _084_/X (sky130_fd_sc_hd__and2b_2)
                                         _036_ (net)
                  0.04    0.00    2.39 v _085_/B1 (sky130_fd_sc_hd__a21oi_2)
     2    0.01    0.16    0.15    2.53 ^ _085_/Y (sky130_fd_sc_hd__a21oi_2)
                                         _037_ (net)
                  0.16    0.00    2.53 ^ _087_/A_N (sky130_fd_sc_hd__and2b_2)
     1    0.00    0.04    0.24    2.77 v _087_/X (sky130_fd_sc_hd__and2b_2)
                                         _039_ (net)
                  0.04    0.00    2.77 v _088_/B1 (sky130_fd_sc_hd__a21oi_2)
     2    0.01    0.16    0.15    2.92 ^ _088_/Y (sky130_fd_sc_hd__a21oi_2)
                                         _040_ (net)
                  0.16    0.00    2.92 ^ _090_/A_N (sky130_fd_sc_hd__and2b_2)
     1    0.00    0.03    0.23    3.15 v _090_/X (sky130_fd_sc_hd__and2b_2)
                                         _042_ (net)
                  0.03    0.00    3.15 v _091_/B1 (sky130_fd_sc_hd__a21o_2)
     2    0.01    0.06    0.21    3.36 v _091_/X (sky130_fd_sc_hd__a21o_2)
                                         _043_ (net)
                  0.06    0.00    3.36 v _092_/B (sky130_fd_sc_hd__xnor2_2)
     2    0.01    0.07    0.15    3.51 v _092_/Y (sky130_fd_sc_hd__xnor2_2)
                                         _044_ (net)
                  0.07    0.00    3.51 v _094_/A2 (sky130_fd_sc_hd__o21a_2)
     2    0.01    0.05    0.22    3.73 v _094_/X (sky130_fd_sc_hd__o21a_2)
                                         _046_ (net)
                  0.05    0.00    3.73 v _095_/B (sky130_fd_sc_hd__xnor2_2)
     2    0.01    0.08    0.15    3.88 v _095_/Y (sky130_fd_sc_hd__xnor2_2)
                                         _047_ (net)
                  0.08    0.00    3.88 v _097_/A2 (sky130_fd_sc_hd__a21oi_2)
     2    0.01    0.16    0.19    4.08 ^ _097_/Y (sky130_fd_sc_hd__a21oi_2)
                                         _049_ (net)
                  0.16    0.00    4.08 ^ _099_/A_N (sky130_fd_sc_hd__and2b_2)
     1    0.00    0.04    0.24    4.31 v _099_/X (sky130_fd_sc_hd__and2b_2)
                                         _051_ (net)
                  0.04    0.00    4.31 v _100_/B1 (sky130_fd_sc_hd__a21oi_2)
     2    0.01    0.16    0.15    4.46 ^ _100_/Y (sky130_fd_sc_hd__a21oi_2)
                                         _052_ (net)
                  0.16    0.00    4.46 ^ _102_/A_N (sky130_fd_sc_hd__and2b_2)
     1    0.00    0.03    0.23    4.69 v _102_/X (sky130_fd_sc_hd__and2b_2)
                                         _054_ (net)
                  0.03    0.00    4.69 v _103_/B1 (sky130_fd_sc_hd__a21o_2)
     2    0.01    0.06    0.21    4.90 v _103_/X (sky130_fd_sc_hd__a21o_2)
                                         _055_ (net)
                  0.06    0.00    4.90 v _104_/B (sky130_fd_sc_hd__xnor2_2)
     2    0.01    0.07    0.15    5.05 v _104_/Y (sky130_fd_sc_hd__xnor2_2)
                                         _056_ (net)
                  0.07    0.00    5.05 v _124_/B (sky130_fd_sc_hd__xnor2_2)
     1    0.00    0.04    0.13    5.18 v _124_/Y (sky130_fd_sc_hd__xnor2_2)
                                         x16.sum (net)
                  0.04    0.00    5.18 v _182_/D (sky130_fd_sc_hd__dfxtp_2)
                                  5.18   data arrival time

                  0.00    6.60    6.60   clock core_clock (rise edge)
                          0.00    6.60   clock network delay (ideal)
                          0.00    6.60   clock reconvergence pessimism
                                  6.60 ^ _182_/CLK (sky130_fd_sc_hd__dfxtp_2)
                         -0.12    6.48   library setup time
                                  6.48   data required time
-----------------------------------------------------------------------------
                                  6.48   data required time
                                 -5.18   data arrival time
-----------------------------------------------------------------------------
                                  1.30   slack (MET)


Startpoint: _137_ (rising edge-triggered flip-flop clocked by core_clock)
Endpoint: _181_ (rising edge-triggered flip-flop clocked by core_clock)
Path Group: core_clock
Path Type: max

Fanout     Cap    Slew   Delay    Time   Description
-----------------------------------------------------------------------------
                  0.00    0.00    0.00   clock core_clock (rise edge)
                          0.00    0.00   clock network delay (ideal)
                  0.00    0.00    0.00 ^ _137_/CLK (sky130_fd_sc_hd__dfxtp_2)
     3    0.01    0.05    0.31    0.31 v _137_/Q (sky130_fd_sc_hd__dfxtp_2)
                                         x1.a (net)
                  0.05    0.00    0.31 v _062_/B (sky130_fd_sc_hd__or2_2)
     2    0.01    0.07    0.29    0.60 v _062_/X (sky130_fd_sc_hd__or2_2)
                                         _014_ (net)
                  0.07    0.00    0.60 v _064_/A2 (sky130_fd_sc_hd__a21bo_2)
     2    0.01    0.06    0.25    0.85 v _064_/X (sky130_fd_sc_hd__a21bo_2)
                                         _016_ (net)
                  0.06    0.00    0.85 v _066_/B (sky130_fd_sc_hd__xor2_2)
     2    0.01    0.05    0.15    0.99 v _066_/X (sky130_fd_sc_hd__xor2_2)
                                         _018_ (net)
                  0.05    0.00    0.99 v _067_/B (sky130_fd_sc_hd__nand2_2)
     3    0.01    0.08    0.09    1.08 ^ _067_/Y (sky130_fd_sc_hd__nand2_2)
                                         _019_ (net)
                  0.08    0.00    1.08 ^ _068_/C (sky130_fd_sc_hd__nand3b_2)
     2    0.00    0.06    0.08    1.16 v _068_/Y (sky130_fd_sc_hd__nand3b_2)
                                         _020_ (net)
                  0.06    0.00    1.16 v _070_/A2 (sky130_fd_sc_hd__a21o_2)
     2    0.01    0.05    0.24    1.40 v _070_/X (sky130_fd_sc_hd__a21o_2)
                                         _022_ (net)
                  0.05    0.00    1.40 v _077_/A2 (sky130_fd_sc_hd__a21bo_2)
     1    0.00    0.03    0.21    1.60 v _077_/X (sky130_fd_sc_hd__a21bo_2)
                                         _029_ (net)
                  0.03    0.00    1.60 v _078_/B1 (sky130_fd_sc_hd__a21o_2)
     2    0.00    0.04    0.18    1.78 v _078_/X (sky130_fd_sc_hd__a21o_2)
                                         _030_ (net)
                  0.04    0.00    1.78 v _080_/A1 (sky130_fd_sc_hd__a21o_2)
     2    0.01    0.04    0.19    1.97 v _080_/X (sky130_fd_sc_hd__a21o_2)
                                         _032_ (net)
                  0.04    0.00    1.97 v _082_/A2 (sky130_fd_sc_hd__a21oi_2)
     2    0.01    0.16    0.18    2.15 ^ _082_/Y (sky130_fd_sc_hd__a21oi_2)
                                         _034_ (net)
                  0.16    0.00    2.15 ^ _084_/A_N (sky130_fd_sc_hd__and2b_2)
     1    0.00    0.04    0.24    2.39 v _084_/X (sky130_fd_sc_hd__and2b_2)
                                         _036_ (net)
                  0.04    0.00    2.39 v _085_/B1 (sky130_fd_sc_hd__a21oi_2)
     2    0.01    0.16    0.15    2.53 ^ _085_/Y (sky130_fd_sc_hd__a21oi_2)
                                         _037_ (net)
                  0.16    0.00    2.53 ^ _087_/A_N (sky130_fd_sc_hd__and2b_2)
     1    0.00    0.04    0.24    2.77 v _087_/X (sky130_fd_sc_hd__and2b_2)
                                         _039_ (net)
                  0.04    0.00    2.77 v _088_/B1 (sky130_fd_sc_hd__a21oi_2)
     2    0.01    0.16    0.15    2.92 ^ _088_/Y (sky130_fd_sc_hd__a21oi_2)
                                         _040_ (net)
                  0.16    0.00    2.92 ^ _090_/A_N (sky130_fd_sc_hd__and2b_2)
     1    0.00    0.03    0.23    3.15 v _090_/X (sky130_fd_sc_hd__and2b_2)
                                         _042_ (net)
                  0.03    0.00    3.15 v _091_/B1 (sky130_fd_sc_hd__a21o_2)
     2    0.01    0.06    0.21    3.36 v _091_/X (sky130_fd_sc_hd__a21o_2)
                                         _043_ (net)
                  0.06    0.00    3.36 v _092_/B (sky130_fd_sc_hd__xnor2_2)
     2    0.01    0.07    0.15    3.51 v _092_/Y (sky130_fd_sc_hd__xnor2_2)
                                         _044_ (net)
                  0.07    0.00    3.51 v _094_/A2 (sky130_fd_sc_hd__o21a_2)
     2    0.01    0.05    0.22    3.73 v _094_/X (sky130_fd_sc_hd__o21a_2)
                                         _046_ (net)
                  0.05    0.00    3.73 v _095_/B (sky130_fd_sc_hd__xnor2_2)
     2    0.01    0.08    0.15    3.88 v _095_/Y (sky130_fd_sc_hd__xnor2_2)
                                         _047_ (net)
                  0.08    0.00    3.88 v _097_/A2 (sky130_fd_sc_hd__a21oi_2)
     2    0.01    0.16    0.19    4.08 ^ _097_/Y (sky130_fd_sc_hd__a21oi_2)
                                         _049_ (net)
                  0.16    0.00    4.08 ^ _099_/A_N (sky130_fd_sc_hd__and2b_2)
     1    0.00    0.04    0.24    4.31 v _099_/X (sky130_fd_sc_hd__and2b_2)
                                         _051_ (net)
                  0.04    0.00    4.31 v _100_/B1 (sky130_fd_sc_hd__a21oi_2)
     2    0.01    0.16    0.15    4.46 ^ _100_/Y (sky130_fd_sc_hd__a21oi_2)
                                         _052_ (net)
                  0.16    0.00    4.46 ^ _101_/B (sky130_fd_sc_hd__xnor2_2)
     2    0.01    0.07    0.10    4.56 v _101_/Y (sky130_fd_sc_hd__xnor2_2)
                                         _053_ (net)
                  0.07    0.00    4.56 v _130_/B (sky130_fd_sc_hd__xor2_2)
     1    0.00    0.05    0.14    4.70 v _130_/X (sky130_fd_sc_hd__xor2_2)
                                         x14.sum (net)
                  0.05    0.00    4.70 v _181_/D (sky130_fd_sc_hd__dfxtp_2)
                                  4.70   data arrival time

                  0.00    6.60    6.60   clock core_clock (rise edge)
                          0.00    6.60   clock network delay (ideal)
                          0.00    6.60   clock reconvergence pessimism
                                  6.60 ^ _181_/CLK (sky130_fd_sc_hd__dfxtp_2)
                         -0.13    6.47   library setup time
                                  6.47   data required time
-----------------------------------------------------------------------------
                                  6.47   data required time
                                 -4.70   data arrival time
-----------------------------------------------------------------------------
                                  1.77   slack (MET)


Startpoint: _137_ (rising edge-triggered flip-flop clocked by core_clock)
Endpoint: _180_ (rising edge-triggered flip-flop clocked by core_clock)
Path Group: core_clock
Path Type: max

Fanout     Cap    Slew   Delay    Time   Description
-----------------------------------------------------------------------------
                  0.00    0.00    0.00   clock core_clock (rise edge)
                          0.00    0.00   clock network delay (ideal)
                  0.00    0.00    0.00 ^ _137_/CLK (sky130_fd_sc_hd__dfxtp_2)
     3    0.01    0.05    0.31    0.31 v _137_/Q (sky130_fd_sc_hd__dfxtp_2)
                                         x1.a (net)
                  0.05    0.00    0.31 v _062_/B (sky130_fd_sc_hd__or2_2)
     2    0.01    0.07    0.29    0.60 v _062_/X (sky130_fd_sc_hd__or2_2)
                                         _014_ (net)
                  0.07    0.00    0.60 v _064_/A2 (sky130_fd_sc_hd__a21bo_2)
     2    0.01    0.06    0.25    0.85 v _064_/X (sky130_fd_sc_hd__a21bo_2)
                                         _016_ (net)
                  0.06    0.00    0.85 v _066_/B (sky130_fd_sc_hd__xor2_2)
     2    0.01    0.05    0.15    0.99 v _066_/X (sky130_fd_sc_hd__xor2_2)
                                         _018_ (net)
                  0.05    0.00    0.99 v _067_/B (sky130_fd_sc_hd__nand2_2)
     3    0.01    0.08    0.09    1.08 ^ _067_/Y (sky130_fd_sc_hd__nand2_2)
                                         _019_ (net)
                  0.08    0.00    1.08 ^ _068_/C (sky130_fd_sc_hd__nand3b_2)
     2    0.00    0.06    0.08    1.16 v _068_/Y (sky130_fd_sc_hd__nand3b_2)
                                         _020_ (net)
                  0.06    0.00    1.16 v _070_/A2 (sky130_fd_sc_hd__a21o_2)
     2    0.01    0.05    0.24    1.40 v _070_/X (sky130_fd_sc_hd__a21o_2)
                                         _022_ (net)
                  0.05    0.00    1.40 v _077_/A2 (sky130_fd_sc_hd__a21bo_2)
     1    0.00    0.03    0.21    1.60 v _077_/X (sky130_fd_sc_hd__a21bo_2)
                                         _029_ (net)
                  0.03    0.00    1.60 v _078_/B1 (sky130_fd_sc_hd__a21o_2)
     2    0.00    0.04    0.18    1.78 v _078_/X (sky130_fd_sc_hd__a21o_2)
                                         _030_ (net)
                  0.04    0.00    1.78 v _080_/A1 (sky130_fd_sc_hd__a21o_2)
     2    0.01    0.04    0.19    1.97 v _080_/X (sky130_fd_sc_hd__a21o_2)
                                         _032_ (net)
                  0.04    0.00    1.97 v _082_/A2 (sky130_fd_sc_hd__a21oi_2)
     2    0.01    0.16    0.18    2.15 ^ _082_/Y (sky130_fd_sc_hd__a21oi_2)
                                         _034_ (net)
                  0.16    0.00    2.15 ^ _084_/A_N (sky130_fd_sc_hd__and2b_2)
     1    0.00    0.04    0.24    2.39 v _084_/X (sky130_fd_sc_hd__and2b_2)
                                         _036_ (net)
                  0.04    0.00    2.39 v _085_/B1 (sky130_fd_sc_hd__a21oi_2)
     2    0.01    0.16    0.15    2.53 ^ _085_/Y (sky130_fd_sc_hd__a21oi_2)
                                         _037_ (net)
                  0.16    0.00    2.53 ^ _087_/A_N (sky130_fd_sc_hd__and2b_2)
     1    0.00    0.04    0.24    2.77 v _087_/X (sky130_fd_sc_hd__and2b_2)
                                         _039_ (net)
                  0.04    0.00    2.77 v _088_/B1 (sky130_fd_sc_hd__a21oi_2)
     2    0.01    0.16    0.15    2.92 ^ _088_/Y (sky130_fd_sc_hd__a21oi_2)
                                         _040_ (net)
                  0.16    0.00    2.92 ^ _090_/A_N (sky130_fd_sc_hd__and2b_2)
     1    0.00    0.03    0.23    3.15 v _090_/X (sky130_fd_sc_hd__and2b_2)
                                         _042_ (net)
                  0.03    0.00    3.15 v _091_/B1 (sky130_fd_sc_hd__a21o_2)
     2    0.01    0.06    0.21    3.36 v _091_/X (sky130_fd_sc_hd__a21o_2)
                                         _043_ (net)
                  0.06    0.00    3.36 v _092_/B (sky130_fd_sc_hd__xnor2_2)
     2    0.01    0.07    0.15    3.51 v _092_/Y (sky130_fd_sc_hd__xnor2_2)
                                         _044_ (net)
                  0.07    0.00    3.51 v _094_/A2 (sky130_fd_sc_hd__o21a_2)
     2    0.01    0.05    0.22    3.73 v _094_/X (sky130_fd_sc_hd__o21a_2)
                                         _046_ (net)
                  0.05    0.00    3.73 v _095_/B (sky130_fd_sc_hd__xnor2_2)
     2    0.01    0.22    0.20    3.93 ^ _095_/Y (sky130_fd_sc_hd__xnor2_2)
                                         _047_ (net)
                  0.22    0.00    3.93 ^ _097_/A2 (sky130_fd_sc_hd__a21oi_2)
     2    0.01    0.07    0.11    4.04 v _097_/Y (sky130_fd_sc_hd__a21oi_2)
                                         _049_ (net)
                  0.07    0.00    4.04 v _098_/B (sky130_fd_sc_hd__xnor2_2)
     2    0.01    0.08    0.16    4.20 v _098_/Y (sky130_fd_sc_hd__xnor2_2)
                                         _050_ (net)
                  0.08    0.00    4.20 v _129_/B (sky130_fd_sc_hd__xor2_2)
     1    0.00    0.06    0.14    4.34 v _129_/X (sky130_fd_sc_hd__xor2_2)
                                         x13.sum (net)
                  0.06    0.00    4.34 v _180_/D (sky130_fd_sc_hd__dfxtp_2)
                                  4.34   data arrival time

                  0.00    6.60    6.60   clock core_clock (rise edge)
                          0.00    6.60   clock network delay (ideal)
                          0.00    6.60   clock reconvergence pessimism
                                  6.60 ^ _180_/CLK (sky130_fd_sc_hd__dfxtp_2)
                         -0.13    6.47   library setup time
                                  6.47   data required time
-----------------------------------------------------------------------------
                                  6.47   data required time
                                 -4.34   data arrival time
-----------------------------------------------------------------------------
                                  2.13   slack (MET)


Startpoint: _137_ (rising edge-triggered flip-flop clocked by core_clock)
Endpoint: _179_ (rising edge-triggered flip-flop clocked by core_clock)
Path Group: core_clock
Path Type: max

Fanout     Cap    Slew   Delay    Time   Description
-----------------------------------------------------------------------------
                  0.00    0.00    0.00   clock core_clock (rise edge)
                          0.00    0.00   clock network delay (ideal)
                  0.00    0.00    0.00 ^ _137_/CLK (sky130_fd_sc_hd__dfxtp_2)
     3    0.01    0.05    0.31    0.31 v _137_/Q (sky130_fd_sc_hd__dfxtp_2)
                                         x1.a (net)
                  0.05    0.00    0.31 v _062_/B (sky130_fd_sc_hd__or2_2)
     2    0.01    0.07    0.29    0.60 v _062_/X (sky130_fd_sc_hd__or2_2)
                                         _014_ (net)
                  0.07    0.00    0.60 v _064_/A2 (sky130_fd_sc_hd__a21bo_2)
     2    0.01    0.06    0.25    0.85 v _064_/X (sky130_fd_sc_hd__a21bo_2)
                                         _016_ (net)
                  0.06    0.00    0.85 v _066_/B (sky130_fd_sc_hd__xor2_2)
     2    0.01    0.05    0.15    0.99 v _066_/X (sky130_fd_sc_hd__xor2_2)
                                         _018_ (net)
                  0.05    0.00    0.99 v _067_/B (sky130_fd_sc_hd__nand2_2)
     3    0.01    0.08    0.09    1.08 ^ _067_/Y (sky130_fd_sc_hd__nand2_2)
                                         _019_ (net)
                  0.08    0.00    1.08 ^ _068_/C (sky130_fd_sc_hd__nand3b_2)
     2    0.00    0.06    0.08    1.16 v _068_/Y (sky130_fd_sc_hd__nand3b_2)
                                         _020_ (net)
                  0.06    0.00    1.16 v _070_/A2 (sky130_fd_sc_hd__a21o_2)
     2    0.01    0.05    0.24    1.40 v _070_/X (sky130_fd_sc_hd__a21o_2)
                                         _022_ (net)
                  0.05    0.00    1.40 v _077_/A2 (sky130_fd_sc_hd__a21bo_2)
     1    0.00    0.03    0.21    1.60 v _077_/X (sky130_fd_sc_hd__a21bo_2)
                                         _029_ (net)
                  0.03    0.00    1.60 v _078_/B1 (sky130_fd_sc_hd__a21o_2)
     2    0.00    0.04    0.18    1.78 v _078_/X (sky130_fd_sc_hd__a21o_2)
                                         _030_ (net)
                  0.04    0.00    1.78 v _080_/A1 (sky130_fd_sc_hd__a21o_2)
     2    0.01    0.04    0.19    1.97 v _080_/X (sky130_fd_sc_hd__a21o_2)
                                         _032_ (net)
                  0.04    0.00    1.97 v _082_/A2 (sky130_fd_sc_hd__a21oi_2)
     2    0.01    0.16    0.18    2.15 ^ _082_/Y (sky130_fd_sc_hd__a21oi_2)
                                         _034_ (net)
                  0.16    0.00    2.15 ^ _084_/A_N (sky130_fd_sc_hd__and2b_2)
     1    0.00    0.04    0.24    2.39 v _084_/X (sky130_fd_sc_hd__and2b_2)
                                         _036_ (net)
                  0.04    0.00    2.39 v _085_/B1 (sky130_fd_sc_hd__a21oi_2)
     2    0.01    0.16    0.15    2.53 ^ _085_/Y (sky130_fd_sc_hd__a21oi_2)
                                         _037_ (net)
                  0.16    0.00    2.53 ^ _087_/A_N (sky130_fd_sc_hd__and2b_2)
     1    0.00    0.04    0.24    2.77 v _087_/X (sky130_fd_sc_hd__and2b_2)
                                         _039_ (net)
                  0.04    0.00    2.77 v _088_/B1 (sky130_fd_sc_hd__a21oi_2)
     2    0.01    0.16    0.15    2.92 ^ _088_/Y (sky130_fd_sc_hd__a21oi_2)
                                         _040_ (net)
                  0.16    0.00    2.92 ^ _090_/A_N (sky130_fd_sc_hd__and2b_2)
     1    0.00    0.03    0.23    3.15 v _090_/X (sky130_fd_sc_hd__and2b_2)
                                         _042_ (net)
                  0.03    0.00    3.15 v _091_/B1 (sky130_fd_sc_hd__a21o_2)
     2    0.01    0.06    0.21    3.36 v _091_/X (sky130_fd_sc_hd__a21o_2)
                                         _043_ (net)
                  0.06    0.00    3.36 v _092_/B (sky130_fd_sc_hd__xnor2_2)
     2    0.01    0.07    0.15    3.51 v _092_/Y (sky130_fd_sc_hd__xnor2_2)
                                         _044_ (net)
                  0.07    0.00    3.51 v _094_/A2 (sky130_fd_sc_hd__o21a_2)
     2    0.01    0.05    0.22    3.73 v _094_/X (sky130_fd_sc_hd__o21a_2)
                                         _046_ (net)
                  0.05    0.00    3.73 v _095_/B (sky130_fd_sc_hd__xnor2_2)
     2    0.01    0.08    0.15    3.88 v _095_/Y (sky130_fd_sc_hd__xnor2_2)
                                         _047_ (net)
                  0.08    0.00    3.88 v _128_/B (sky130_fd_sc_hd__xor2_2)
     1    0.00    0.06    0.14    4.03 v _128_/X (sky130_fd_sc_hd__xor2_2)
                                         x12.sum (net)
                  0.06    0.00    4.03 v _179_/D (sky130_fd_sc_hd__dfxtp_2)
                                  4.03   data arrival time

                  0.00    6.60    6.60   clock core_clock (rise edge)
                          0.00    6.60   clock network delay (ideal)
                          0.00    6.60   clock reconvergence pessimism
                                  6.60 ^ _179_/CLK (sky130_fd_sc_hd__dfxtp_2)
                         -0.13    6.47   library setup time
                                  6.47   data required time
-----------------------------------------------------------------------------
                                  6.47   data required time
                                 -4.03   data arrival time
-----------------------------------------------------------------------------
                                  2.44   slack (MET)


Startpoint: _137_ (rising edge-triggered flip-flop clocked by core_clock)
Endpoint: _178_ (rising edge-triggered flip-flop clocked by core_clock)
Path Group: core_clock
Path Type: max

Fanout     Cap    Slew   Delay    Time   Description
-----------------------------------------------------------------------------
                  0.00    0.00    0.00   clock core_clock (rise edge)
                          0.00    0.00   clock network delay (ideal)
                  0.00    0.00    0.00 ^ _137_/CLK (sky130_fd_sc_hd__dfxtp_2)
     3    0.01    0.05    0.31    0.31 v _137_/Q (sky130_fd_sc_hd__dfxtp_2)
                                         x1.a (net)
                  0.05    0.00    0.31 v _062_/B (sky130_fd_sc_hd__or2_2)
     2    0.01    0.07    0.29    0.60 v _062_/X (sky130_fd_sc_hd__or2_2)
                                         _014_ (net)
                  0.07    0.00    0.60 v _064_/A2 (sky130_fd_sc_hd__a21bo_2)
     2    0.01    0.06    0.25    0.85 v _064_/X (sky130_fd_sc_hd__a21bo_2)
                                         _016_ (net)
                  0.06    0.00    0.85 v _066_/B (sky130_fd_sc_hd__xor2_2)
     2    0.01    0.05    0.15    0.99 v _066_/X (sky130_fd_sc_hd__xor2_2)
                                         _018_ (net)
                  0.05    0.00    0.99 v _067_/B (sky130_fd_sc_hd__nand2_2)
     3    0.01    0.08    0.09    1.08 ^ _067_/Y (sky130_fd_sc_hd__nand2_2)
                                         _019_ (net)
                  0.08    0.00    1.08 ^ _068_/C (sky130_fd_sc_hd__nand3b_2)
     2    0.00    0.06    0.08    1.16 v _068_/Y (sky130_fd_sc_hd__nand3b_2)
                                         _020_ (net)
                  0.06    0.00    1.16 v _070_/A2 (sky130_fd_sc_hd__a21o_2)
     2    0.01    0.05    0.24    1.40 v _070_/X (sky130_fd_sc_hd__a21o_2)
                                         _022_ (net)
                  0.05    0.00    1.40 v _077_/A2 (sky130_fd_sc_hd__a21bo_2)
     1    0.00    0.03    0.21    1.60 v _077_/X (sky130_fd_sc_hd__a21bo_2)
                                         _029_ (net)
                  0.03    0.00    1.60 v _078_/B1 (sky130_fd_sc_hd__a21o_2)
     2    0.00    0.04    0.18    1.78 v _078_/X (sky130_fd_sc_hd__a21o_2)
                                         _030_ (net)
                  0.04    0.00    1.78 v _080_/A1 (sky130_fd_sc_hd__a21o_2)
     2    0.01    0.04    0.19    1.97 v _080_/X (sky130_fd_sc_hd__a21o_2)
                                         _032_ (net)
                  0.04    0.00    1.97 v _082_/A2 (sky130_fd_sc_hd__a21oi_2)
     2    0.01    0.16    0.18    2.15 ^ _082_/Y (sky130_fd_sc_hd__a21oi_2)
                                         _034_ (net)
                  0.16    0.00    2.15 ^ _084_/A_N (sky130_fd_sc_hd__and2b_2)
     1    0.00    0.04    0.24    2.39 v _084_/X (sky130_fd_sc_hd__and2b_2)
                                         _036_ (net)
                  0.04    0.00    2.39 v _085_/B1 (sky130_fd_sc_hd__a21oi_2)
     2    0.01    0.16    0.15    2.53 ^ _085_/Y (sky130_fd_sc_hd__a21oi_2)
                                         _037_ (net)
                  0.16    0.00    2.53 ^ _087_/A_N (sky130_fd_sc_hd__and2b_2)
     1    0.00    0.04    0.24    2.77 v _087_/X (sky130_fd_sc_hd__and2b_2)
                                         _039_ (net)
                  0.04    0.00    2.77 v _088_/B1 (sky130_fd_sc_hd__a21oi_2)
     2    0.01    0.16    0.15    2.92 ^ _088_/Y (sky130_fd_sc_hd__a21oi_2)
                                         _040_ (net)
                  0.16    0.00    2.92 ^ _090_/A_N (sky130_fd_sc_hd__and2b_2)
     1    0.00    0.03    0.23    3.15 v _090_/X (sky130_fd_sc_hd__and2b_2)
                                         _042_ (net)
                  0.03    0.00    3.15 v _091_/B1 (sky130_fd_sc_hd__a21o_2)
     2    0.01    0.06    0.21    3.36 v _091_/X (sky130_fd_sc_hd__a21o_2)
                                         _043_ (net)
                  0.06    0.00    3.36 v _092_/B (sky130_fd_sc_hd__xnor2_2)
     2    0.01    0.07    0.15    3.51 v _092_/Y (sky130_fd_sc_hd__xnor2_2)
                                         _044_ (net)
                  0.07    0.00    3.51 v _127_/B (sky130_fd_sc_hd__xnor2_2)
     1    0.00    0.04    0.13    3.64 v _127_/Y (sky130_fd_sc_hd__xnor2_2)
                                         x11.sum (net)
                  0.04    0.00    3.64 v _178_/D (sky130_fd_sc_hd__dfxtp_2)
                                  3.64   data arrival time

                  0.00    6.60    6.60   clock core_clock (rise edge)
                          0.00    6.60   clock network delay (ideal)
                          0.00    6.60   clock reconvergence pessimism
                                  6.60 ^ _178_/CLK (sky130_fd_sc_hd__dfxtp_2)
                         -0.12    6.48   library setup time
                                  6.48   data required time
-----------------------------------------------------------------------------
                                  6.48   data required time
                                 -3.64   data arrival time
-----------------------------------------------------------------------------
                                  2.84   slack (MET)


Startpoint: _137_ (rising edge-triggered flip-flop clocked by core_clock)
Endpoint: _177_ (rising edge-triggered flip-flop clocked by core_clock)
Path Group: core_clock
Path Type: max

Fanout     Cap    Slew   Delay    Time   Description
-----------------------------------------------------------------------------
                  0.00    0.00    0.00   clock core_clock (rise edge)
                          0.00    0.00   clock network delay (ideal)
                  0.00    0.00    0.00 ^ _137_/CLK (sky130_fd_sc_hd__dfxtp_2)
     3    0.01    0.05    0.31    0.31 v _137_/Q (sky130_fd_sc_hd__dfxtp_2)
                                         x1.a (net)
                  0.05    0.00    0.31 v _062_/B (sky130_fd_sc_hd__or2_2)
     2    0.01    0.07    0.29    0.60 v _062_/X (sky130_fd_sc_hd__or2_2)
                                         _014_ (net)
                  0.07    0.00    0.60 v _064_/A2 (sky130_fd_sc_hd__a21bo_2)
     2    0.01    0.06    0.25    0.85 v _064_/X (sky130_fd_sc_hd__a21bo_2)
                                         _016_ (net)
                  0.06    0.00    0.85 v _066_/B (sky130_fd_sc_hd__xor2_2)
     2    0.01    0.05    0.15    0.99 v _066_/X (sky130_fd_sc_hd__xor2_2)
                                         _018_ (net)
                  0.05    0.00    0.99 v _067_/B (sky130_fd_sc_hd__nand2_2)
     3    0.01    0.08    0.09    1.08 ^ _067_/Y (sky130_fd_sc_hd__nand2_2)
                                         _019_ (net)
                  0.08    0.00    1.08 ^ _068_/C (sky130_fd_sc_hd__nand3b_2)
     2    0.00    0.06    0.08    1.16 v _068_/Y (sky130_fd_sc_hd__nand3b_2)
                                         _020_ (net)
                  0.06    0.00    1.16 v _070_/A2 (sky130_fd_sc_hd__a21o_2)
     2    0.01    0.05    0.24    1.40 v _070_/X (sky130_fd_sc_hd__a21o_2)
                                         _022_ (net)
                  0.05    0.00    1.40 v _077_/A2 (sky130_fd_sc_hd__a21bo_2)
     1    0.00    0.03    0.21    1.60 v _077_/X (sky130_fd_sc_hd__a21bo_2)
                                         _029_ (net)
                  0.03    0.00    1.60 v _078_/B1 (sky130_fd_sc_hd__a21o_2)
     2    0.00    0.04    0.18    1.78 v _078_/X (sky130_fd_sc_hd__a21o_2)
                                         _030_ (net)
                  0.04    0.00    1.78 v _080_/A1 (sky130_fd_sc_hd__a21o_2)
     2    0.01    0.04    0.19    1.97 v _080_/X (sky130_fd_sc_hd__a21o_2)
                                         _032_ (net)
                  0.04    0.00    1.97 v _082_/A2 (sky130_fd_sc_hd__a21oi_2)
     2    0.01    0.16    0.18    2.15 ^ _082_/Y (sky130_fd_sc_hd__a21oi_2)
                                         _034_ (net)
                  0.16    0.00    2.15 ^ _084_/A_N (sky130_fd_sc_hd__and2b_2)
     1    0.00    0.04    0.24    2.39 v _084_/X (sky130_fd_sc_hd__and2b_2)
                                         _036_ (net)
                  0.04    0.00    2.39 v _085_/B1 (sky130_fd_sc_hd__a21oi_2)
     2    0.01    0.16    0.15    2.53 ^ _085_/Y (sky130_fd_sc_hd__a21oi_2)
                                         _037_ (net)
                  0.16    0.00    2.53 ^ _087_/A_N (sky130_fd_sc_hd__and2b_2)
     1    0.00    0.04    0.24    2.77 v _087_/X (sky130_fd_sc_hd__and2b_2)
                                         _039_ (net)
                  0.04    0.00    2.77 v _088_/B1 (sky130_fd_sc_hd__a21oi_2)
     2    0.01    0.16    0.15    2.92 ^ _088_/Y (sky130_fd_sc_hd__a21oi_2)
                                         _040_ (net)
                  0.16    0.00    2.92 ^ _089_/B (sky130_fd_sc_hd__xnor2_2)
     2    0.01    0.07    0.10    3.02 v _089_/Y (sky130_fd_sc_hd__xnor2_2)
                                         _041_ (net)
                  0.07    0.00    3.02 v _136_/B (sky130_fd_sc_hd__xor2_2)
     1    0.00    0.05    0.14    3.16 v _136_/X (sky130_fd_sc_hd__xor2_2)
                                         x9.sum (net)
                  0.05    0.00    3.16 v _177_/D (sky130_fd_sc_hd__dfxtp_2)
                                  3.16   data arrival time

                  0.00    6.60    6.60   clock core_clock (rise edge)
                          0.00    6.60   clock network delay (ideal)
                          0.00    6.60   clock reconvergence pessimism
                                  6.60 ^ _177_/CLK (sky130_fd_sc_hd__dfxtp_2)
                         -0.13    6.47   library setup time
                                  6.47   data required time
-----------------------------------------------------------------------------
                                  6.47   data required time
                                 -3.16   data arrival time
-----------------------------------------------------------------------------
                                  3.31   slack (MET)


Startpoint: _137_ (rising edge-triggered flip-flop clocked by core_clock)
Endpoint: _176_ (rising edge-triggered flip-flop clocked by core_clock)
Path Group: core_clock
Path Type: max

Fanout     Cap    Slew   Delay    Time   Description
-----------------------------------------------------------------------------
                  0.00    0.00    0.00   clock core_clock (rise edge)
                          0.00    0.00   clock network delay (ideal)
                  0.00    0.00    0.00 ^ _137_/CLK (sky130_fd_sc_hd__dfxtp_2)
     3    0.01    0.05    0.31    0.31 v _137_/Q (sky130_fd_sc_hd__dfxtp_2)
                                         x1.a (net)
                  0.05    0.00    0.31 v _062_/B (sky130_fd_sc_hd__or2_2)
     2    0.01    0.07    0.29    0.60 v _062_/X (sky130_fd_sc_hd__or2_2)
                                         _014_ (net)
                  0.07    0.00    0.60 v _064_/A2 (sky130_fd_sc_hd__a21bo_2)
     2    0.01    0.06    0.25    0.85 v _064_/X (sky130_fd_sc_hd__a21bo_2)
                                         _016_ (net)
                  0.06    0.00    0.85 v _066_/B (sky130_fd_sc_hd__xor2_2)
     2    0.01    0.05    0.15    0.99 v _066_/X (sky130_fd_sc_hd__xor2_2)
                                         _018_ (net)
                  0.05    0.00    0.99 v _067_/B (sky130_fd_sc_hd__nand2_2)
     3    0.01    0.08    0.09    1.08 ^ _067_/Y (sky130_fd_sc_hd__nand2_2)
                                         _019_ (net)
                  0.08    0.00    1.08 ^ _068_/C (sky130_fd_sc_hd__nand3b_2)
     2    0.00    0.06    0.08    1.16 v _068_/Y (sky130_fd_sc_hd__nand3b_2)
                                         _020_ (net)
                  0.06    0.00    1.16 v _070_/A2 (sky130_fd_sc_hd__a21o_2)
     2    0.01    0.05    0.24    1.40 v _070_/X (sky130_fd_sc_hd__a21o_2)
                                         _022_ (net)
                  0.05    0.00    1.40 v _077_/A2 (sky130_fd_sc_hd__a21bo_2)
     1    0.00    0.03    0.21    1.60 v _077_/X (sky130_fd_sc_hd__a21bo_2)
                                         _029_ (net)
                  0.03    0.00    1.60 v _078_/B1 (sky130_fd_sc_hd__a21o_2)
     2    0.00    0.04    0.18    1.78 v _078_/X (sky130_fd_sc_hd__a21o_2)
                                         _030_ (net)
                  0.04    0.00    1.78 v _080_/A1 (sky130_fd_sc_hd__a21o_2)
     2    0.01    0.04    0.19    1.97 v _080_/X (sky130_fd_sc_hd__a21o_2)
                                         _032_ (net)
                  0.04    0.00    1.97 v _082_/A2 (sky130_fd_sc_hd__a21oi_2)
     2    0.01    0.16    0.18    2.15 ^ _082_/Y (sky130_fd_sc_hd__a21oi_2)
                                         _034_ (net)
                  0.16    0.00    2.15 ^ _084_/A_N (sky130_fd_sc_hd__and2b_2)
     1    0.00    0.04    0.24    2.39 v _084_/X (sky130_fd_sc_hd__and2b_2)
                                         _036_ (net)
                  0.04    0.00    2.39 v _085_/B1 (sky130_fd_sc_hd__a21oi_2)
     2    0.01    0.16    0.15    2.53 ^ _085_/Y (sky130_fd_sc_hd__a21oi_2)
                                         _037_ (net)
                  0.16    0.00    2.53 ^ _086_/B (sky130_fd_sc_hd__xnor2_2)
     2    0.01    0.08    0.11    2.64 v _086_/Y (sky130_fd_sc_hd__xnor2_2)
                                         _038_ (net)
                  0.08    0.00    2.64 v _134_/B (sky130_fd_sc_hd__xor2_2)
     1    0.00    0.06    0.14    2.79 v _134_/X (sky130_fd_sc_hd__xor2_2)
                                         x8.sum (net)
                  0.06    0.00    2.79 v _176_/D (sky130_fd_sc_hd__dfxtp_2)
                                  2.79   data arrival time

                  0.00    6.60    6.60   clock core_clock (rise edge)
                          0.00    6.60   clock network delay (ideal)
                          0.00    6.60   clock reconvergence pessimism
                                  6.60 ^ _176_/CLK (sky130_fd_sc_hd__dfxtp_2)
                         -0.13    6.47   library setup time
                                  6.47   data required time
-----------------------------------------------------------------------------
                                  6.47   data required time
                                 -2.79   data arrival time
-----------------------------------------------------------------------------
                                  3.69   slack (MET)


Startpoint: _137_ (rising edge-triggered flip-flop clocked by core_clock)
Endpoint: _174_ (rising edge-triggered flip-flop clocked by core_clock)
Path Group: core_clock
Path Type: max

Fanout     Cap    Slew   Delay    Time   Description
-----------------------------------------------------------------------------
                  0.00    0.00    0.00   clock core_clock (rise edge)
                          0.00    0.00   clock network delay (ideal)
                  0.00    0.00    0.00 ^ _137_/CLK (sky130_fd_sc_hd__dfxtp_2)
     3    0.01    0.05    0.31    0.31 v _137_/Q (sky130_fd_sc_hd__dfxtp_2)
                                         x1.a (net)
                  0.05    0.00    0.31 v _062_/B (sky130_fd_sc_hd__or2_2)
     2    0.01    0.07    0.29    0.60 v _062_/X (sky130_fd_sc_hd__or2_2)
                                         _014_ (net)
                  0.07    0.00    0.60 v _064_/A2 (sky130_fd_sc_hd__a21bo_2)
     2    0.01    0.06    0.25    0.85 v _064_/X (sky130_fd_sc_hd__a21bo_2)
                                         _016_ (net)
                  0.06    0.00    0.85 v _066_/B (sky130_fd_sc_hd__xor2_2)
     2    0.01    0.05    0.15    0.99 v _066_/X (sky130_fd_sc_hd__xor2_2)
                                         _018_ (net)
                  0.05    0.00    0.99 v _067_/B (sky130_fd_sc_hd__nand2_2)
     3    0.01    0.08    0.09    1.08 ^ _067_/Y (sky130_fd_sc_hd__nand2_2)
                                         _019_ (net)
                  0.08    0.00    1.08 ^ _068_/C (sky130_fd_sc_hd__nand3b_2)
     2    0.00    0.06    0.08    1.16 v _068_/Y (sky130_fd_sc_hd__nand3b_2)
                                         _020_ (net)
                  0.06    0.00    1.16 v _070_/A2 (sky130_fd_sc_hd__a21o_2)
     2    0.01    0.05    0.24    1.40 v _070_/X (sky130_fd_sc_hd__a21o_2)
                                         _022_ (net)
                  0.05    0.00    1.40 v _077_/A2 (sky130_fd_sc_hd__a21bo_2)
     1    0.00    0.03    0.21    1.60 v _077_/X (sky130_fd_sc_hd__a21bo_2)
                                         _029_ (net)
                  0.03    0.00    1.60 v _078_/B1 (sky130_fd_sc_hd__a21o_2)
     2    0.00    0.04    0.18    1.78 v _078_/X (sky130_fd_sc_hd__a21o_2)
                                         _030_ (net)
                  0.04    0.00    1.78 v _081_/B (sky130_fd_sc_hd__and3_2)
     2    0.01    0.05    0.20    1.98 v _081_/X (sky130_fd_sc_hd__and3_2)
                                         _033_ (net)
                  0.05    0.00    1.98 v _131_/A (sky130_fd_sc_hd__or2b_2)
     1    0.01    0.07    0.31    2.29 v _131_/X (sky130_fd_sc_hd__or2b_2)
                                         _011_ (net)
                  0.07    0.00    2.29 v _132_/B (sky130_fd_sc_hd__xnor2_2)
     1    0.00    0.04    0.13    2.41 v _132_/Y (sky130_fd_sc_hd__xnor2_2)
                                         x6.sum (net)
                  0.04    0.00    2.41 v _174_/D (sky130_fd_sc_hd__dfxtp_2)
                                  2.41   data arrival time

                  0.00    6.60    6.60   clock core_clock (rise edge)
                          0.00    6.60   clock network delay (ideal)
                          0.00    6.60   clock reconvergence pessimism
                                  6.60 ^ _174_/CLK (sky130_fd_sc_hd__dfxtp_2)
                         -0.12    6.48   library setup time
                                  6.48   data required time
-----------------------------------------------------------------------------
                                  6.48   data required time
                                 -2.41   data arrival time
-----------------------------------------------------------------------------
                                  4.07   slack (MET)


Startpoint: _137_ (rising edge-triggered flip-flop clocked by core_clock)
Endpoint: _175_ (rising edge-triggered flip-flop clocked by core_clock)
Path Group: core_clock
Path Type: max

Fanout     Cap    Slew   Delay    Time   Description
-----------------------------------------------------------------------------
                  0.00    0.00    0.00   clock core_clock (rise edge)
                          0.00    0.00   clock network delay (ideal)
                  0.00    0.00    0.00 ^ _137_/CLK (sky130_fd_sc_hd__dfxtp_2)
     3    0.01    0.05    0.31    0.31 v _137_/Q (sky130_fd_sc_hd__dfxtp_2)
                                         x1.a (net)
                  0.05    0.00    0.31 v _062_/B (sky130_fd_sc_hd__or2_2)
     2    0.01    0.07    0.29    0.60 v _062_/X (sky130_fd_sc_hd__or2_2)
                                         _014_ (net)
                  0.07    0.00    0.60 v _064_/A2 (sky130_fd_sc_hd__a21bo_2)
     2    0.01    0.06    0.25    0.85 v _064_/X (sky130_fd_sc_hd__a21bo_2)
                                         _016_ (net)
                  0.06    0.00    0.85 v _066_/B (sky130_fd_sc_hd__xor2_2)
     2    0.01    0.05    0.15    0.99 v _066_/X (sky130_fd_sc_hd__xor2_2)
                                         _018_ (net)
                  0.05    0.00    0.99 v _067_/B (sky130_fd_sc_hd__nand2_2)
     3    0.01    0.08    0.09    1.08 ^ _067_/Y (sky130_fd_sc_hd__nand2_2)
                                         _019_ (net)
                  0.08    0.00    1.08 ^ _068_/C (sky130_fd_sc_hd__nand3b_2)
     2    0.00    0.06    0.08    1.16 v _068_/Y (sky130_fd_sc_hd__nand3b_2)
                                         _020_ (net)
                  0.06    0.00    1.16 v _070_/A2 (sky130_fd_sc_hd__a21o_2)
     2    0.01    0.05    0.24    1.40 v _070_/X (sky130_fd_sc_hd__a21o_2)
                                         _022_ (net)
                  0.05    0.00    1.40 v _077_/A2 (sky130_fd_sc_hd__a21bo_2)
     1    0.00    0.03    0.21    1.60 v _077_/X (sky130_fd_sc_hd__a21bo_2)
                                         _029_ (net)
                  0.03    0.00    1.60 v _078_/B1 (sky130_fd_sc_hd__a21o_2)
     2    0.00    0.04    0.18    1.78 v _078_/X (sky130_fd_sc_hd__a21o_2)
                                         _030_ (net)
                  0.04    0.00    1.78 v _080_/A1 (sky130_fd_sc_hd__a21o_2)
     2    0.01    0.04    0.19    1.97 v _080_/X (sky130_fd_sc_hd__a21o_2)
                                         _032_ (net)
                  0.04    0.00    1.97 v _082_/A2 (sky130_fd_sc_hd__a21oi_2)
     2    0.01    0.16    0.18    2.15 ^ _082_/Y (sky130_fd_sc_hd__a21oi_2)
                                         _034_ (net)
                  0.16    0.00    2.15 ^ _083_/B (sky130_fd_sc_hd__xnor2_2)
     2    0.01    0.08    0.11    2.26 v _083_/Y (sky130_fd_sc_hd__xnor2_2)
                                         _035_ (net)
                  0.08    0.00    2.26 v _133_/B (sky130_fd_sc_hd__xor2_2)
     1    0.00    0.06    0.14    2.40 v _133_/X (sky130_fd_sc_hd__xor2_2)
                                         x7.sum (net)
                  0.06    0.00    2.40 v _175_/D (sky130_fd_sc_hd__dfxtp_2)
                                  2.40   data arrival time

                  0.00    6.60    6.60   clock core_clock (rise edge)
                          0.00    6.60   clock network delay (ideal)
                          0.00    6.60   clock reconvergence pessimism
                                  6.60 ^ _175_/CLK (sky130_fd_sc_hd__dfxtp_2)
                         -0.13    6.47   library setup time
                                  6.47   data required time
-----------------------------------------------------------------------------
                                  6.47   data required time
                                 -2.40   data arrival time
-----------------------------------------------------------------------------
                                  4.07   slack (MET)


Startpoint: _137_ (rising edge-triggered flip-flop clocked by core_clock)
Endpoint: _173_ (rising edge-triggered flip-flop clocked by core_clock)
Path Group: core_clock
Path Type: max

Fanout     Cap    Slew   Delay    Time   Description
-----------------------------------------------------------------------------
                  0.00    0.00    0.00   clock core_clock (rise edge)
                          0.00    0.00   clock network delay (ideal)
                  0.00    0.00    0.00 ^ _137_/CLK (sky130_fd_sc_hd__dfxtp_2)
     3    0.01    0.05    0.31    0.31 v _137_/Q (sky130_fd_sc_hd__dfxtp_2)
                                         x1.a (net)
                  0.05    0.00    0.31 v _062_/B (sky130_fd_sc_hd__or2_2)
     2    0.01    0.07    0.29    0.60 v _062_/X (sky130_fd_sc_hd__or2_2)
                                         _014_ (net)
                  0.07    0.00    0.60 v _064_/A2 (sky130_fd_sc_hd__a21bo_2)
     2    0.01    0.06    0.25    0.85 v _064_/X (sky130_fd_sc_hd__a21bo_2)
                                         _016_ (net)
                  0.06    0.00    0.85 v _066_/B (sky130_fd_sc_hd__xor2_2)
     2    0.01    0.05    0.15    0.99 v _066_/X (sky130_fd_sc_hd__xor2_2)
                                         _018_ (net)
                  0.05    0.00    0.99 v _067_/B (sky130_fd_sc_hd__nand2_2)
     3    0.01    0.08    0.09    1.08 ^ _067_/Y (sky130_fd_sc_hd__nand2_2)
                                         _019_ (net)
                  0.08    0.00    1.08 ^ _068_/C (sky130_fd_sc_hd__nand3b_2)
     2    0.00    0.06    0.08    1.16 v _068_/Y (sky130_fd_sc_hd__nand3b_2)
                                         _020_ (net)
                  0.06    0.00    1.16 v _070_/A2 (sky130_fd_sc_hd__a21o_2)
     2    0.01    0.05    0.24    1.40 v _070_/X (sky130_fd_sc_hd__a21o_2)
                                         _022_ (net)
                  0.05    0.00    1.40 v _071_/B (sky130_fd_sc_hd__xor2_2)
     2    0.01    0.07    0.16    1.56 v _071_/X (sky130_fd_sc_hd__xor2_2)
                                         _023_ (net)
                  0.07    0.00    1.56 v _123_/B (sky130_fd_sc_hd__xor2_2)
     1    0.00    0.05    0.14    1.69 v _123_/X (sky130_fd_sc_hd__xor2_2)
                                         x4.sum (net)
                  0.05    0.00    1.69 v _173_/D (sky130_fd_sc_hd__dfxtp_2)
                                  1.69   data arrival time

                  0.00    6.60    6.60   clock core_clock (rise edge)
                          0.00    6.60   clock network delay (ideal)
                          0.00    6.60   clock reconvergence pessimism
                                  6.60 ^ _173_/CLK (sky130_fd_sc_hd__dfxtp_2)
                         -0.13    6.47   library setup time
                                  6.47   data required time
-----------------------------------------------------------------------------
                                  6.47   data required time
                                 -1.69   data arrival time
-----------------------------------------------------------------------------
                                  4.78   slack (MET)


Startpoint: _137_ (rising edge-triggered flip-flop clocked by core_clock)
Endpoint: _172_ (rising edge-triggered flip-flop clocked by core_clock)
Path Group: core_clock
Path Type: max

Fanout     Cap    Slew   Delay    Time   Description
-----------------------------------------------------------------------------
                  0.00    0.00    0.00   clock core_clock (rise edge)
                          0.00    0.00   clock network delay (ideal)
                  0.00    0.00    0.00 ^ _137_/CLK (sky130_fd_sc_hd__dfxtp_2)
     3    0.01    0.05    0.31    0.31 v _137_/Q (sky130_fd_sc_hd__dfxtp_2)
                                         x1.a (net)
                  0.05    0.00    0.31 v _062_/B (sky130_fd_sc_hd__or2_2)
     2    0.01    0.07    0.29    0.60 v _062_/X (sky130_fd_sc_hd__or2_2)
                                         _014_ (net)
                  0.07    0.00    0.60 v _064_/A2 (sky130_fd_sc_hd__a21bo_2)
     2    0.01    0.06    0.25    0.85 v _064_/X (sky130_fd_sc_hd__a21bo_2)
                                         _016_ (net)
                  0.06    0.00    0.85 v _066_/B (sky130_fd_sc_hd__xor2_2)
     2    0.01    0.13    0.14    0.99 ^ _066_/X (sky130_fd_sc_hd__xor2_2)
                                         _018_ (net)
                  0.13    0.00    0.99 ^ _067_/B (sky130_fd_sc_hd__nand2_2)
     3    0.01    0.06    0.09    1.07 v _067_/Y (sky130_fd_sc_hd__nand2_2)
                                         _019_ (net)
                  0.06    0.00    1.07 v _069_/A2 (sky130_fd_sc_hd__a21boi_2)
     2    0.00    0.09    0.14    1.21 ^ _069_/Y (sky130_fd_sc_hd__a21boi_2)
                                         _021_ (net)
                  0.09    0.00    1.21 ^ _121_/A_N (sky130_fd_sc_hd__and2b_2)
     1    0.01    0.05    0.24    1.45 v _121_/X (sky130_fd_sc_hd__and2b_2)
                                         _010_ (net)
                  0.05    0.00    1.45 v _122_/B (sky130_fd_sc_hd__xor2_2)
     1    0.00    0.04    0.13    1.58 v _122_/X (sky130_fd_sc_hd__xor2_2)
                                         x3.sum (net)
                  0.04    0.00    1.58 v _172_/D (sky130_fd_sc_hd__dfxtp_2)
                                  1.58   data arrival time

                  0.00    6.60    6.60   clock core_clock (rise edge)
                          0.00    6.60   clock network delay (ideal)
                          0.00    6.60   clock reconvergence pessimism
                                  6.60 ^ _172_/CLK (sky130_fd_sc_hd__dfxtp_2)
                         -0.12    6.48   library setup time
                                  6.48   data required time
-----------------------------------------------------------------------------
                                  6.48   data required time
                                 -1.58   data arrival time
-----------------------------------------------------------------------------
                                  4.90   slack (MET)


Startpoint: _137_ (rising edge-triggered flip-flop clocked by core_clock)
Endpoint: _171_ (rising edge-triggered flip-flop clocked by core_clock)
Path Group: core_clock
Path Type: max

Fanout     Cap    Slew   Delay    Time   Description
-----------------------------------------------------------------------------
                  0.00    0.00    0.00   clock core_clock (rise edge)
                          0.00    0.00   clock network delay (ideal)
                  0.00    0.00    0.00 ^ _137_/CLK (sky130_fd_sc_hd__dfxtp_2)
     3    0.01    0.05    0.31    0.31 v _137_/Q (sky130_fd_sc_hd__dfxtp_2)
                                         x1.a (net)
                  0.05    0.00    0.31 v _062_/B (sky130_fd_sc_hd__or2_2)
     2    0.01    0.07    0.29    0.60 v _062_/X (sky130_fd_sc_hd__or2_2)
                                         _014_ (net)
                  0.07    0.00    0.60 v _064_/A2 (sky130_fd_sc_hd__a21bo_2)
     2    0.01    0.06    0.25    0.85 v _064_/X (sky130_fd_sc_hd__a21bo_2)
                                         _016_ (net)
                  0.06    0.00    0.85 v _066_/B (sky130_fd_sc_hd__xor2_2)
     2    0.01    0.05    0.15    0.99 v _066_/X (sky130_fd_sc_hd__xor2_2)
                                         _018_ (net)
                  0.05    0.00    0.99 v _118_/B (sky130_fd_sc_hd__or2_2)
     1    0.00    0.05    0.26    1.25 v _118_/X (sky130_fd_sc_hd__or2_2)
                                         _008_ (net)
                  0.05    0.00    1.25 v _119_/B (sky130_fd_sc_hd__and2_2)
     1    0.00    0.03    0.18    1.43 v _119_/X (sky130_fd_sc_hd__and2_2)
                                         _009_ (net)
                  0.03    0.00    1.43 v _120_/A (sky130_fd_sc_hd__buf_1)
     1    0.00    0.02    0.08    1.51 v _120_/X (sky130_fd_sc_hd__buf_1)
                                         x2.sum (net)
                  0.02    0.00    1.51 v _171_/D (sky130_fd_sc_hd__dfxtp_2)
                                  1.51   data arrival time

                  0.00    6.60    6.60   clock core_clock (rise edge)
                          0.00    6.60   clock network delay (ideal)
                          0.00    6.60   clock reconvergence pessimism
                                  6.60 ^ _171_/CLK (sky130_fd_sc_hd__dfxtp_2)
                         -0.11    6.49   library setup time
                                  6.49   data required time
-----------------------------------------------------------------------------
                                  6.49   data required time
                                 -1.51   data arrival time
-----------------------------------------------------------------------------
                                  4.98   slack (MET)


Startpoint: _137_ (rising edge-triggered flip-flop clocked by core_clock)
Endpoint: _170_ (rising edge-triggered flip-flop clocked by core_clock)
Path Group: core_clock
Path Type: max

Fanout     Cap    Slew   Delay    Time   Description
-----------------------------------------------------------------------------
                  0.00    0.00    0.00   clock core_clock (rise edge)
                          0.00    0.00   clock network delay (ideal)
                  0.00    0.00    0.00 ^ _137_/CLK (sky130_fd_sc_hd__dfxtp_2)
     3    0.01    0.05    0.31    0.31 v _137_/Q (sky130_fd_sc_hd__dfxtp_2)
                                         x1.a (net)
                  0.05    0.00    0.31 v _062_/B (sky130_fd_sc_hd__or2_2)
     2    0.01    0.07    0.29    0.60 v _062_/X (sky130_fd_sc_hd__or2_2)
                                         _014_ (net)
                  0.07    0.00    0.60 v _116_/B (sky130_fd_sc_hd__nand2_2)
     1    0.01    0.06    0.09    0.69 ^ _116_/Y (sky130_fd_sc_hd__nand2_2)
                                         _007_ (net)
                  0.06    0.00    0.69 ^ _117_/B (sky130_fd_sc_hd__xnor2_2)
     1    0.00    0.04    0.05    0.74 v _117_/Y (sky130_fd_sc_hd__xnor2_2)
                                         x1.sum (net)
                  0.04    0.00    0.74 v _170_/D (sky130_fd_sc_hd__dfxtp_2)
                                  0.74   data arrival time

                  0.00    6.60    6.60   clock core_clock (rise edge)
                          0.00    6.60   clock network delay (ideal)
                          0.00    6.60   clock reconvergence pessimism
                                  6.60 ^ _170_/CLK (sky130_fd_sc_hd__dfxtp_2)
                         -0.12    6.48   library setup time
                                  6.48   data required time
-----------------------------------------------------------------------------
                                  6.48   data required time
                                 -0.74   data arrival time
-----------------------------------------------------------------------------
                                  5.74   slack (MET)



worst slack corner Typical: 0.0797
