
===========================================================================
report_checks -path_delay max (Setup)
============================================================================
======================= Typical Corner ===================================

Startpoint: _176_ (rising edge-triggered flip-flop clocked by core_clock)
Endpoint: _168_ (rising edge-triggered flip-flop clocked by core_clock)
Path Group: core_clock
Path Type: max

Fanout     Cap    Slew   Delay    Time   Description
-----------------------------------------------------------------------------
                          0.00    0.00   clock core_clock (rise edge)
                          0.00    0.00   clock source latency
     1    0.01    0.00    0.00    0.00 ^ clk (in)
                                         clk (net)
                  0.00    0.00    0.00 ^ clkbuf_0_clk/A (sky130_fd_sc_hd__clkbuf_16)
     4    0.03    0.05    0.12    0.12 ^ clkbuf_0_clk/X (sky130_fd_sc_hd__clkbuf_16)
                                         clknet_0_clk (net)
                  0.05    0.00    0.12 ^ clkbuf_2_0__f_clk/A (sky130_fd_sc_hd__clkbuf_16)
    16    0.04    0.06    0.15    0.27 ^ clkbuf_2_0__f_clk/X (sky130_fd_sc_hd__clkbuf_16)
                                         clknet_2_0__leaf_clk (net)
                  0.06    0.00    0.27 ^ _176_/CLK (sky130_fd_sc_hd__dfxtp_2)
     4    0.01    0.04    0.33    0.60 v _176_/Q (sky130_fd_sc_hd__dfxtp_2)
                                         x10.A (net)
                  0.04    0.00    0.60 v _092_/A2 (sky130_fd_sc_hd__a22o_1)
     3    0.01    0.07    0.25    0.85 v _092_/X (sky130_fd_sc_hd__a22o_1)
                                         _048_ (net)
                  0.07    0.00    0.85 v _101_/A (sky130_fd_sc_hd__or4b_4)
     2    0.01    0.09    0.54    1.40 v _101_/X (sky130_fd_sc_hd__or4b_4)
                                         _055_ (net)
                  0.09    0.00    1.40 v rebuffer6/A (sky130_fd_sc_hd__buf_6)
     2    0.01    0.02    0.13    1.53 v rebuffer6/X (sky130_fd_sc_hd__buf_6)
                                         net56 (net)
                  0.02    0.00    1.53 v rebuffer7/A (sky130_fd_sc_hd__clkbuf_2)
     1    0.00    0.03    0.09    1.62 v rebuffer7/X (sky130_fd_sc_hd__clkbuf_2)
                                         net57 (net)
                  0.03    0.00    1.62 v _106_/B1 (sky130_fd_sc_hd__a21o_1)
     4    0.01    0.08    0.19    1.81 v _106_/X (sky130_fd_sc_hd__a21o_1)
                                         _060_ (net)
                  0.08    0.00    1.81 v _127_/A3 (sky130_fd_sc_hd__a31o_1)
     3    0.01    0.06    0.26    2.07 v _127_/X (sky130_fd_sc_hd__a31o_1)
                                         _008_ (net)
                  0.06    0.00    2.07 v _135_/A2 (sky130_fd_sc_hd__a21o_1)
     2    0.01    0.05    0.19    2.26 v _135_/X (sky130_fd_sc_hd__a21o_1)
                                         _014_ (net)
                  0.05    0.00    2.26 v _137_/A (sky130_fd_sc_hd__and2_4)
     1    0.00    0.03    0.13    2.39 v _137_/X (sky130_fd_sc_hd__and2_4)
                                         _016_ (net)
                  0.03    0.00    2.39 v _138_/A (sky130_fd_sc_hd__clkbuf_1)
     1    0.00    0.03    0.08    2.48 v _138_/X (sky130_fd_sc_hd__clkbuf_1)
                                         x76.S (net)
                  0.03    0.00    2.48 v _168_/D (sky130_fd_sc_hd__dfxtp_1)
                                  2.48   data arrival time

                          2.67    2.67   clock core_clock (rise edge)
                          0.00    2.67   clock source latency
     1    0.01    0.00    0.00    2.67 ^ clk (in)
                                         clk (net)
                  0.00    0.00    2.67 ^ clkbuf_0_clk/A (sky130_fd_sc_hd__clkbuf_16)
     4    0.03    0.05    0.12    2.79 ^ clkbuf_0_clk/X (sky130_fd_sc_hd__clkbuf_16)
                                         clknet_0_clk (net)
                  0.05    0.00    2.79 ^ clkbuf_2_3__f_clk/A (sky130_fd_sc_hd__clkbuf_16)
    14    0.04    0.06    0.14    2.93 ^ clkbuf_2_3__f_clk/X (sky130_fd_sc_hd__clkbuf_16)
                                         clknet_2_3__leaf_clk (net)
                  0.06    0.00    2.94 ^ _168_/CLK (sky130_fd_sc_hd__dfxtp_1)
                          0.00    2.94   clock reconvergence pessimism
                         -0.10    2.84   library setup time
                                  2.84   data required time
-----------------------------------------------------------------------------
                                  2.84   data required time
                                 -2.48   data arrival time
-----------------------------------------------------------------------------
                                  0.36   slack (MET)


Startpoint: _176_ (rising edge-triggered flip-flop clocked by core_clock)
Endpoint: _170_ (rising edge-triggered flip-flop clocked by core_clock)
Path Group: core_clock
Path Type: max

Fanout     Cap    Slew   Delay    Time   Description
-----------------------------------------------------------------------------
                          0.00    0.00   clock core_clock (rise edge)
                          0.00    0.00   clock source latency
     1    0.01    0.00    0.00    0.00 ^ clk (in)
                                         clk (net)
                  0.00    0.00    0.00 ^ clkbuf_0_clk/A (sky130_fd_sc_hd__clkbuf_16)
     4    0.03    0.05    0.12    0.12 ^ clkbuf_0_clk/X (sky130_fd_sc_hd__clkbuf_16)
                                         clknet_0_clk (net)
                  0.05    0.00    0.12 ^ clkbuf_2_0__f_clk/A (sky130_fd_sc_hd__clkbuf_16)
    16    0.04    0.06    0.15    0.27 ^ clkbuf_2_0__f_clk/X (sky130_fd_sc_hd__clkbuf_16)
                                         clknet_2_0__leaf_clk (net)
                  0.06    0.00    0.27 ^ _176_/CLK (sky130_fd_sc_hd__dfxtp_2)
     4    0.01    0.04    0.33    0.60 v _176_/Q (sky130_fd_sc_hd__dfxtp_2)
                                         x10.A (net)
                  0.04    0.00    0.60 v _092_/A2 (sky130_fd_sc_hd__a22o_1)
     3    0.01    0.07    0.25    0.85 v _092_/X (sky130_fd_sc_hd__a22o_1)
                                         _048_ (net)
                  0.07    0.00    0.85 v _101_/A (sky130_fd_sc_hd__or4b_4)
     2    0.01    0.09    0.54    1.40 v _101_/X (sky130_fd_sc_hd__or4b_4)
                                         _055_ (net)
                  0.09    0.00    1.40 v rebuffer6/A (sky130_fd_sc_hd__buf_6)
     2    0.01    0.02    0.13    1.53 v rebuffer6/X (sky130_fd_sc_hd__buf_6)
                                         net56 (net)
                  0.02    0.00    1.53 v _102_/B (sky130_fd_sc_hd__or2_4)
     2    0.01    0.05    0.22    1.75 v _102_/X (sky130_fd_sc_hd__or2_4)
                                         _056_ (net)
                  0.05    0.00    1.75 v _148_/C (sky130_fd_sc_hd__or3_4)
     2    0.01    0.07    0.34    2.09 v _148_/X (sky130_fd_sc_hd__or3_4)
                                         _025_ (net)
                  0.07    0.00    2.09 v _153_/S (sky130_fd_sc_hd__mux2_4)
     1    0.00    0.05    0.30    2.39 v _153_/X (sky130_fd_sc_hd__mux2_4)
                                         _029_ (net)
                  0.05    0.00    2.39 v _154_/A (sky130_fd_sc_hd__clkbuf_1)
     1    0.00    0.03    0.09    2.48 v _154_/X (sky130_fd_sc_hd__clkbuf_1)
                                         x78.S (net)
                  0.03    0.00    2.48 v _170_/D (sky130_fd_sc_hd__dfxtp_1)
                                  2.48   data arrival time

                          2.67    2.67   clock core_clock (rise edge)
                          0.00    2.67   clock source latency
     1    0.01    0.00    0.00    2.67 ^ clk (in)
                                         clk (net)
                  0.00    0.00    2.67 ^ clkbuf_0_clk/A (sky130_fd_sc_hd__clkbuf_16)
     4    0.03    0.05    0.12    2.79 ^ clkbuf_0_clk/X (sky130_fd_sc_hd__clkbuf_16)
                                         clknet_0_clk (net)
                  0.05    0.00    2.79 ^ clkbuf_2_2__f_clk/A (sky130_fd_sc_hd__clkbuf_16)
    13    0.04    0.06    0.15    2.94 ^ clkbuf_2_2__f_clk/X (sky130_fd_sc_hd__clkbuf_16)
                                         clknet_2_2__leaf_clk (net)
                  0.06    0.00    2.94 ^ _170_/CLK (sky130_fd_sc_hd__dfxtp_1)
                          0.00    2.94   clock reconvergence pessimism
                         -0.10    2.84   library setup time
                                  2.84   data required time
-----------------------------------------------------------------------------
                                  2.84   data required time
                                 -2.48   data arrival time
-----------------------------------------------------------------------------
                                  0.36   slack (MET)


Startpoint: _176_ (rising edge-triggered flip-flop clocked by core_clock)
Endpoint: _169_ (rising edge-triggered flip-flop clocked by core_clock)
Path Group: core_clock
Path Type: max

Fanout     Cap    Slew   Delay    Time   Description
-----------------------------------------------------------------------------
                          0.00    0.00   clock core_clock (rise edge)
                          0.00    0.00   clock source latency
     1    0.01    0.00    0.00    0.00 ^ clk (in)
                                         clk (net)
                  0.00    0.00    0.00 ^ clkbuf_0_clk/A (sky130_fd_sc_hd__clkbuf_16)
     4    0.03    0.05    0.12    0.12 ^ clkbuf_0_clk/X (sky130_fd_sc_hd__clkbuf_16)
                                         clknet_0_clk (net)
                  0.05    0.00    0.12 ^ clkbuf_2_0__f_clk/A (sky130_fd_sc_hd__clkbuf_16)
    16    0.04    0.06    0.15    0.27 ^ clkbuf_2_0__f_clk/X (sky130_fd_sc_hd__clkbuf_16)
                                         clknet_2_0__leaf_clk (net)
                  0.06    0.00    0.27 ^ _176_/CLK (sky130_fd_sc_hd__dfxtp_2)
     4    0.01    0.04    0.33    0.60 v _176_/Q (sky130_fd_sc_hd__dfxtp_2)
                                         x10.A (net)
                  0.04    0.00    0.60 v _092_/A2 (sky130_fd_sc_hd__a22o_1)
     3    0.01    0.07    0.25    0.85 v _092_/X (sky130_fd_sc_hd__a22o_1)
                                         _048_ (net)
                  0.07    0.00    0.85 v _101_/A (sky130_fd_sc_hd__or4b_4)
     2    0.01    0.09    0.54    1.40 v _101_/X (sky130_fd_sc_hd__or4b_4)
                                         _055_ (net)
                  0.09    0.00    1.40 v rebuffer6/A (sky130_fd_sc_hd__buf_6)
     2    0.01    0.02    0.13    1.53 v rebuffer6/X (sky130_fd_sc_hd__buf_6)
                                         net56 (net)
                  0.02    0.00    1.53 v rebuffer7/A (sky130_fd_sc_hd__clkbuf_2)
     1    0.00    0.03    0.09    1.62 v rebuffer7/X (sky130_fd_sc_hd__clkbuf_2)
                                         net57 (net)
                  0.03    0.00    1.62 v _106_/B1 (sky130_fd_sc_hd__a21o_1)
     4    0.01    0.08    0.19    1.81 v _106_/X (sky130_fd_sc_hd__a21o_1)
                                         _060_ (net)
                  0.08    0.00    1.81 v _127_/A3 (sky130_fd_sc_hd__a31o_1)
     3    0.01    0.06    0.26    2.07 v _127_/X (sky130_fd_sc_hd__a31o_1)
                                         _008_ (net)
                  0.06    0.00    2.07 v _135_/A2 (sky130_fd_sc_hd__a21o_1)
     2    0.01    0.05    0.19    2.26 v _135_/X (sky130_fd_sc_hd__a21o_1)
                                         _014_ (net)
                  0.05    0.00    2.26 v _141_/B1 (sky130_fd_sc_hd__a22o_1)
     1    0.00    0.04    0.17    2.44 v _141_/X (sky130_fd_sc_hd__a22o_1)
                                         x77.S (net)
                  0.04    0.00    2.44 v _169_/D (sky130_fd_sc_hd__dfxtp_1)
                                  2.44   data arrival time

                          2.67    2.67   clock core_clock (rise edge)
                          0.00    2.67   clock source latency
     1    0.01    0.00    0.00    2.67 ^ clk (in)
                                         clk (net)
                  0.00    0.00    2.67 ^ clkbuf_0_clk/A (sky130_fd_sc_hd__clkbuf_16)
     4    0.03    0.05    0.12    2.79 ^ clkbuf_0_clk/X (sky130_fd_sc_hd__clkbuf_16)
                                         clknet_0_clk (net)
                  0.05    0.00    2.79 ^ clkbuf_2_3__f_clk/A (sky130_fd_sc_hd__clkbuf_16)
    14    0.04    0.06    0.14    2.93 ^ clkbuf_2_3__f_clk/X (sky130_fd_sc_hd__clkbuf_16)
                                         clknet_2_3__leaf_clk (net)
                  0.06    0.00    2.94 ^ _169_/CLK (sky130_fd_sc_hd__dfxtp_1)
                          0.00    2.94   clock reconvergence pessimism
                         -0.11    2.83   library setup time
                                  2.83   data required time
-----------------------------------------------------------------------------
                                  2.83   data required time
                                 -2.44   data arrival time
-----------------------------------------------------------------------------
                                  0.39   slack (MET)


Startpoint: _172_ (rising edge-triggered flip-flop clocked by core_clock)
Endpoint: _165_ (rising edge-triggered flip-flop clocked by core_clock)
Path Group: core_clock
Path Type: max

Fanout     Cap    Slew   Delay    Time   Description
-----------------------------------------------------------------------------
                          0.00    0.00   clock core_clock (rise edge)
                          0.00    0.00   clock source latency
     1    0.01    0.00    0.00    0.00 ^ clk (in)
                                         clk (net)
                  0.00    0.00    0.00 ^ clkbuf_0_clk/A (sky130_fd_sc_hd__clkbuf_16)
     4    0.03    0.05    0.12    0.12 ^ clkbuf_0_clk/X (sky130_fd_sc_hd__clkbuf_16)
                                         clknet_0_clk (net)
                  0.05    0.00    0.12 ^ clkbuf_2_2__f_clk/A (sky130_fd_sc_hd__clkbuf_16)
    13    0.04    0.06    0.15    0.27 ^ clkbuf_2_2__f_clk/X (sky130_fd_sc_hd__clkbuf_16)
                                         clknet_2_2__leaf_clk (net)
                  0.06    0.00    0.27 ^ _172_/CLK (sky130_fd_sc_hd__dfxtp_2)
     3    0.01    0.04    0.32    0.59 v _172_/Q (sky130_fd_sc_hd__dfxtp_2)
                                         x2.A (net)
                  0.04    0.00    0.59 v _072_/A2 (sky130_fd_sc_hd__a22o_1)
     3    0.01    0.07    0.25    0.84 v _072_/X (sky130_fd_sc_hd__a22o_1)
                                         _032_ (net)
                  0.07    0.00    0.84 v _074_/B (sky130_fd_sc_hd__or3b_4)
     4    0.01    0.08    0.39    1.23 v _074_/X (sky130_fd_sc_hd__or3b_4)
                                         _034_ (net)
                  0.08    0.00    1.23 v rebuffer1/A (sky130_fd_sc_hd__clkbuf_2)
     1    0.00    0.02    0.11    1.34 v rebuffer1/X (sky130_fd_sc_hd__clkbuf_2)
                                         net51 (net)
                  0.02    0.00    1.34 v _108_/B (sky130_fd_sc_hd__or4_4)
     2    0.01    0.09    0.51    1.85 v _108_/X (sky130_fd_sc_hd__or4_4)
                                         _061_ (net)
                  0.09    0.00    1.85 v _109_/C (sky130_fd_sc_hd__nand3_2)
     4    0.01    0.10    0.12    1.97 ^ _109_/Y (sky130_fd_sc_hd__nand3_2)
                                         _062_ (net)
                  0.10    0.00    1.97 ^ _119_/B_N (sky130_fd_sc_hd__or2b_1)
     1    0.00    0.04    0.23    2.20 v _119_/X (sky130_fd_sc_hd__or2b_1)
                                         _001_ (net)
                  0.04    0.00    2.20 v _121_/A3 (sky130_fd_sc_hd__a31o_1)
     1    0.00    0.03    0.20    2.40 v _121_/X (sky130_fd_sc_hd__a31o_1)
                                         x73.S (net)
                  0.03    0.00    2.40 v _165_/D (sky130_fd_sc_hd__dfxtp_1)
                                  2.40   data arrival time

                          2.67    2.67   clock core_clock (rise edge)
                          0.00    2.67   clock source latency
     1    0.01    0.00    0.00    2.67 ^ clk (in)
                                         clk (net)
                  0.00    0.00    2.67 ^ clkbuf_0_clk/A (sky130_fd_sc_hd__clkbuf_16)
     4    0.03    0.05    0.12    2.79 ^ clkbuf_0_clk/X (sky130_fd_sc_hd__clkbuf_16)
                                         clknet_0_clk (net)
                  0.05    0.00    2.79 ^ clkbuf_2_3__f_clk/A (sky130_fd_sc_hd__clkbuf_16)
    14    0.04    0.06    0.14    2.93 ^ clkbuf_2_3__f_clk/X (sky130_fd_sc_hd__clkbuf_16)
                                         clknet_2_3__leaf_clk (net)
                  0.06    0.00    2.94 ^ _165_/CLK (sky130_fd_sc_hd__dfxtp_1)
                          0.00    2.94   clock reconvergence pessimism
                         -0.10    2.83   library setup time
                                  2.83   data required time
-----------------------------------------------------------------------------
                                  2.83   data required time
                                 -2.40   data arrival time
-----------------------------------------------------------------------------
                                  0.43   slack (MET)


Startpoint: _176_ (rising edge-triggered flip-flop clocked by core_clock)
Endpoint: _167_ (rising edge-triggered flip-flop clocked by core_clock)
Path Group: core_clock
Path Type: max

Fanout     Cap    Slew   Delay    Time   Description
-----------------------------------------------------------------------------
                          0.00    0.00   clock core_clock (rise edge)
                          0.00    0.00   clock source latency
     1    0.01    0.00    0.00    0.00 ^ clk (in)
                                         clk (net)
                  0.00    0.00    0.00 ^ clkbuf_0_clk/A (sky130_fd_sc_hd__clkbuf_16)
     4    0.03    0.05    0.12    0.12 ^ clkbuf_0_clk/X (sky130_fd_sc_hd__clkbuf_16)
                                         clknet_0_clk (net)
                  0.05    0.00    0.12 ^ clkbuf_2_0__f_clk/A (sky130_fd_sc_hd__clkbuf_16)
    16    0.04    0.06    0.15    0.27 ^ clkbuf_2_0__f_clk/X (sky130_fd_sc_hd__clkbuf_16)
                                         clknet_2_0__leaf_clk (net)
                  0.06    0.00    0.27 ^ _176_/CLK (sky130_fd_sc_hd__dfxtp_2)
     4    0.01    0.04    0.33    0.60 v _176_/Q (sky130_fd_sc_hd__dfxtp_2)
                                         x10.A (net)
                  0.04    0.00    0.60 v _092_/A2 (sky130_fd_sc_hd__a22o_1)
     3    0.01    0.07    0.25    0.85 v _092_/X (sky130_fd_sc_hd__a22o_1)
                                         _048_ (net)
                  0.07    0.00    0.85 v _101_/A (sky130_fd_sc_hd__or4b_4)
     2    0.01    0.09    0.54    1.40 v _101_/X (sky130_fd_sc_hd__or4b_4)
                                         _055_ (net)
                  0.09    0.00    1.40 v rebuffer6/A (sky130_fd_sc_hd__buf_6)
     2    0.01    0.02    0.13    1.53 v rebuffer6/X (sky130_fd_sc_hd__buf_6)
                                         net56 (net)
                  0.02    0.00    1.53 v rebuffer7/A (sky130_fd_sc_hd__clkbuf_2)
     1    0.00    0.03    0.09    1.62 v rebuffer7/X (sky130_fd_sc_hd__clkbuf_2)
                                         net57 (net)
                  0.03    0.00    1.62 v _106_/B1 (sky130_fd_sc_hd__a21o_1)
     4    0.01    0.08    0.19    1.81 v _106_/X (sky130_fd_sc_hd__a21o_1)
                                         _060_ (net)
                  0.08    0.00    1.81 v _127_/A3 (sky130_fd_sc_hd__a31o_1)
     3    0.01    0.06    0.26    2.07 v _127_/X (sky130_fd_sc_hd__a31o_1)
                                         _008_ (net)
                  0.06    0.00    2.07 v _130_/C1 (sky130_fd_sc_hd__o211a_1)
     1    0.00    0.04    0.11    2.18 v _130_/X (sky130_fd_sc_hd__o211a_1)
                                         _010_ (net)
                  0.04    0.00    2.18 v _131_/B1 (sky130_fd_sc_hd__a21o_1)
     1    0.00    0.04    0.15    2.33 v _131_/X (sky130_fd_sc_hd__a21o_1)
                                         x75.S (net)
                  0.04    0.00    2.33 v _167_/D (sky130_fd_sc_hd__dfxtp_1)
                                  2.33   data arrival time

                          2.67    2.67   clock core_clock (rise edge)
                          0.00    2.67   clock source latency
     1    0.01    0.00    0.00    2.67 ^ clk (in)
                                         clk (net)
                  0.00    0.00    2.67 ^ clkbuf_0_clk/A (sky130_fd_sc_hd__clkbuf_16)
     4    0.03    0.05    0.12    2.79 ^ clkbuf_0_clk/X (sky130_fd_sc_hd__clkbuf_16)
                                         clknet_0_clk (net)
                  0.05    0.00    2.79 ^ clkbuf_2_3__f_clk/A (sky130_fd_sc_hd__clkbuf_16)
    14    0.04    0.06    0.14    2.93 ^ clkbuf_2_3__f_clk/X (sky130_fd_sc_hd__clkbuf_16)
                                         clknet_2_3__leaf_clk (net)
                  0.06    0.00    2.94 ^ _167_/CLK (sky130_fd_sc_hd__dfxtp_1)
                          0.00    2.94   clock reconvergence pessimism
                         -0.10    2.83   library setup time
                                  2.83   data required time
-----------------------------------------------------------------------------
                                  2.83   data required time
                                 -2.33   data arrival time
-----------------------------------------------------------------------------
                                  0.50   slack (MET)


Startpoint: _176_ (rising edge-triggered flip-flop clocked by core_clock)
Endpoint: _166_ (rising edge-triggered flip-flop clocked by core_clock)
Path Group: core_clock
Path Type: max

Fanout     Cap    Slew   Delay    Time   Description
-----------------------------------------------------------------------------
                          0.00    0.00   clock core_clock (rise edge)
                          0.00    0.00   clock source latency
     1    0.01    0.00    0.00    0.00 ^ clk (in)
                                         clk (net)
                  0.00    0.00    0.00 ^ clkbuf_0_clk/A (sky130_fd_sc_hd__clkbuf_16)
     4    0.03    0.05    0.12    0.12 ^ clkbuf_0_clk/X (sky130_fd_sc_hd__clkbuf_16)
                                         clknet_0_clk (net)
                  0.05    0.00    0.12 ^ clkbuf_2_0__f_clk/A (sky130_fd_sc_hd__clkbuf_16)
    16    0.04    0.06    0.15    0.27 ^ clkbuf_2_0__f_clk/X (sky130_fd_sc_hd__clkbuf_16)
                                         clknet_2_0__leaf_clk (net)
                  0.06    0.00    0.27 ^ _176_/CLK (sky130_fd_sc_hd__dfxtp_2)
     4    0.01    0.04    0.33    0.60 v _176_/Q (sky130_fd_sc_hd__dfxtp_2)
                                         x10.A (net)
                  0.04    0.00    0.60 v _092_/A2 (sky130_fd_sc_hd__a22o_1)
     3    0.01    0.07    0.25    0.85 v _092_/X (sky130_fd_sc_hd__a22o_1)
                                         _048_ (net)
                  0.07    0.00    0.85 v _101_/A (sky130_fd_sc_hd__or4b_4)
     2    0.01    0.09    0.54    1.40 v _101_/X (sky130_fd_sc_hd__or4b_4)
                                         _055_ (net)
                  0.09    0.00    1.40 v rebuffer6/A (sky130_fd_sc_hd__buf_6)
     2    0.01    0.02    0.13    1.53 v rebuffer6/X (sky130_fd_sc_hd__buf_6)
                                         net56 (net)
                  0.02    0.00    1.53 v rebuffer7/A (sky130_fd_sc_hd__clkbuf_2)
     1    0.00    0.03    0.09    1.62 v rebuffer7/X (sky130_fd_sc_hd__clkbuf_2)
                                         net57 (net)
                  0.03    0.00    1.62 v _106_/B1 (sky130_fd_sc_hd__a21o_1)
     4    0.01    0.08    0.19    1.81 v _106_/X (sky130_fd_sc_hd__a21o_1)
                                         _060_ (net)
                  0.08    0.00    1.81 v _127_/A3 (sky130_fd_sc_hd__a31o_1)
     3    0.01    0.06    0.26    2.07 v _127_/X (sky130_fd_sc_hd__a31o_1)
                                         _008_ (net)
                  0.06    0.00    2.07 v _128_/B1_N (sky130_fd_sc_hd__a21bo_1)
     1    0.01    0.06    0.20    2.27 ^ _128_/X (sky130_fd_sc_hd__a21bo_1)
                                         _009_ (net)
                  0.06    0.00    2.27 ^ _129_/A (sky130_fd_sc_hd__inv_2)
     1    0.00    0.02    0.03    2.30 v _129_/Y (sky130_fd_sc_hd__inv_2)
                                         x74.S (net)
                  0.02    0.00    2.30 v _166_/D (sky130_fd_sc_hd__dfxtp_1)
                                  2.30   data arrival time

                          2.67    2.67   clock core_clock (rise edge)
                          0.00    2.67   clock source latency
     1    0.01    0.00    0.00    2.67 ^ clk (in)
                                         clk (net)
                  0.00    0.00    2.67 ^ clkbuf_0_clk/A (sky130_fd_sc_hd__clkbuf_16)
     4    0.03    0.05    0.12    2.79 ^ clkbuf_0_clk/X (sky130_fd_sc_hd__clkbuf_16)
                                         clknet_0_clk (net)
                  0.05    0.00    2.79 ^ clkbuf_2_2__f_clk/A (sky130_fd_sc_hd__clkbuf_16)
    13    0.04    0.06    0.15    2.94 ^ clkbuf_2_2__f_clk/X (sky130_fd_sc_hd__clkbuf_16)
                                         clknet_2_2__leaf_clk (net)
                  0.06    0.00    2.94 ^ _166_/CLK (sky130_fd_sc_hd__dfxtp_1)
                          0.00    2.94   clock reconvergence pessimism
                         -0.10    2.84   library setup time
                                  2.84   data required time
-----------------------------------------------------------------------------
                                  2.84   data required time
                                 -2.30   data arrival time
-----------------------------------------------------------------------------
                                  0.54   slack (MET)


Startpoint: _176_ (rising edge-triggered flip-flop clocked by core_clock)
Endpoint: _171_ (rising edge-triggered flip-flop clocked by core_clock)
Path Group: core_clock
Path Type: max

Fanout     Cap    Slew   Delay    Time   Description
-----------------------------------------------------------------------------
                          0.00    0.00   clock core_clock (rise edge)
                          0.00    0.00   clock source latency
     1    0.01    0.00    0.00    0.00 ^ clk (in)
                                         clk (net)
                  0.00    0.00    0.00 ^ clkbuf_0_clk/A (sky130_fd_sc_hd__clkbuf_16)
     4    0.03    0.05    0.12    0.12 ^ clkbuf_0_clk/X (sky130_fd_sc_hd__clkbuf_16)
                                         clknet_0_clk (net)
                  0.05    0.00    0.12 ^ clkbuf_2_0__f_clk/A (sky130_fd_sc_hd__clkbuf_16)
    16    0.04    0.06    0.15    0.27 ^ clkbuf_2_0__f_clk/X (sky130_fd_sc_hd__clkbuf_16)
                                         clknet_2_0__leaf_clk (net)
                  0.06    0.00    0.27 ^ _176_/CLK (sky130_fd_sc_hd__dfxtp_2)
     4    0.01    0.04    0.33    0.60 v _176_/Q (sky130_fd_sc_hd__dfxtp_2)
                                         x10.A (net)
                  0.04    0.00    0.60 v _092_/A2 (sky130_fd_sc_hd__a22o_1)
     3    0.01    0.07    0.25    0.85 v _092_/X (sky130_fd_sc_hd__a22o_1)
                                         _048_ (net)
                  0.07    0.00    0.85 v _101_/A (sky130_fd_sc_hd__or4b_4)
     2    0.01    0.09    0.54    1.40 v _101_/X (sky130_fd_sc_hd__or4b_4)
                                         _055_ (net)
                  0.09    0.00    1.40 v rebuffer6/A (sky130_fd_sc_hd__buf_6)
     2    0.01    0.02    0.13    1.53 v rebuffer6/X (sky130_fd_sc_hd__buf_6)
                                         net56 (net)
                  0.02    0.00    1.53 v rebuffer7/A (sky130_fd_sc_hd__clkbuf_2)
     1    0.00    0.03    0.09    1.62 v rebuffer7/X (sky130_fd_sc_hd__clkbuf_2)
                                         net57 (net)
                  0.03    0.00    1.62 v _106_/B1 (sky130_fd_sc_hd__a21o_1)
     4    0.01    0.08    0.19    1.81 v _106_/X (sky130_fd_sc_hd__a21o_1)
                                         _060_ (net)
                  0.08    0.00    1.81 v _149_/A1 (sky130_fd_sc_hd__a211o_1)
     1    0.00    0.05    0.26    2.07 v _149_/X (sky130_fd_sc_hd__a211o_1)
                                         _026_ (net)
                  0.05    0.00    2.07 v _151_/B1 (sky130_fd_sc_hd__o211ai_1)
     2    0.01    0.19    0.11    2.18 ^ _151_/Y (sky130_fd_sc_hd__o211ai_1)
                                         _028_ (net)
                  0.19    0.00    2.18 ^ _152_/B1_N (sky130_fd_sc_hd__o21bai_1)
     1    0.00    0.09    0.13    2.31 ^ _152_/Y (sky130_fd_sc_hd__o21bai_1)
                                         x58.C (net)
                  0.09    0.00    2.31 ^ _171_/D (sky130_fd_sc_hd__dfxtp_1)
                                  2.31   data arrival time

                          2.67    2.67   clock core_clock (rise edge)
                          0.00    2.67   clock source latency
     1    0.01    0.00    0.00    2.67 ^ clk (in)
                                         clk (net)
                  0.00    0.00    2.67 ^ clkbuf_0_clk/A (sky130_fd_sc_hd__clkbuf_16)
     4    0.03    0.05    0.12    2.79 ^ clkbuf_0_clk/X (sky130_fd_sc_hd__clkbuf_16)
                                         clknet_0_clk (net)
                  0.05    0.00    2.79 ^ clkbuf_2_2__f_clk/A (sky130_fd_sc_hd__clkbuf_16)
    13    0.04    0.06    0.15    2.94 ^ clkbuf_2_2__f_clk/X (sky130_fd_sc_hd__clkbuf_16)
                                         clknet_2_2__leaf_clk (net)
                  0.06    0.00    2.94 ^ _171_/CLK (sky130_fd_sc_hd__dfxtp_1)
                          0.00    2.94   clock reconvergence pessimism
                         -0.06    2.87   library setup time
                                  2.87   data required time
-----------------------------------------------------------------------------
                                  2.87   data required time
                                 -2.31   data arrival time
-----------------------------------------------------------------------------
                                  0.57   slack (MET)


Startpoint: _172_ (rising edge-triggered flip-flop clocked by core_clock)
Endpoint: _161_ (rising edge-triggered flip-flop clocked by core_clock)
Path Group: core_clock
Path Type: max

Fanout     Cap    Slew   Delay    Time   Description
-----------------------------------------------------------------------------
                          0.00    0.00   clock core_clock (rise edge)
                          0.00    0.00   clock source latency
     1    0.01    0.00    0.00    0.00 ^ clk (in)
                                         clk (net)
                  0.00    0.00    0.00 ^ clkbuf_0_clk/A (sky130_fd_sc_hd__clkbuf_16)
     4    0.03    0.05    0.12    0.12 ^ clkbuf_0_clk/X (sky130_fd_sc_hd__clkbuf_16)
                                         clknet_0_clk (net)
                  0.05    0.00    0.12 ^ clkbuf_2_2__f_clk/A (sky130_fd_sc_hd__clkbuf_16)
    13    0.04    0.06    0.15    0.27 ^ clkbuf_2_2__f_clk/X (sky130_fd_sc_hd__clkbuf_16)
                                         clknet_2_2__leaf_clk (net)
                  0.06    0.00    0.27 ^ _172_/CLK (sky130_fd_sc_hd__dfxtp_2)
     3    0.01    0.06    0.33    0.60 ^ _172_/Q (sky130_fd_sc_hd__dfxtp_2)
                                         x2.A (net)
                  0.06    0.00    0.60 ^ _072_/A2 (sky130_fd_sc_hd__a22o_1)
     3    0.01    0.10    0.17    0.77 ^ _072_/X (sky130_fd_sc_hd__a22o_1)
                                         _032_ (net)
                  0.10    0.00    0.77 ^ rebuffer8/A (sky130_fd_sc_hd__dlygate4sd1_1)
     1    0.00    0.03    0.19    0.97 ^ rebuffer8/X (sky130_fd_sc_hd__dlygate4sd1_1)
                                         net58 (net)
                  0.03    0.00    0.97 ^ _085_/C_N (sky130_fd_sc_hd__or4bb_4)
     2    0.01    0.09    0.52    1.49 v _085_/X (sky130_fd_sc_hd__or4bb_4)
                                         _043_ (net)
                  0.09    0.00    1.49 v _086_/B (sky130_fd_sc_hd__nand2_1)
     2    0.01    0.07    0.10    1.59 ^ _086_/Y (sky130_fd_sc_hd__nand2_1)
                                         _044_ (net)
                  0.07    0.00    1.59 ^ _088_/B1_N (sky130_fd_sc_hd__o21ba_1)
     3    0.01    0.06    0.17    1.76 v _088_/X (sky130_fd_sc_hd__o21ba_1)
                                         _045_ (net)
                  0.06    0.00    1.76 v _097_/B1 (sky130_fd_sc_hd__o221a_1)
     1    0.00    0.05    0.23    1.99 v _097_/X (sky130_fd_sc_hd__o221a_1)
                                         _052_ (net)
                  0.05    0.00    1.99 v _098_/B1 (sky130_fd_sc_hd__a21o_1)
     1    0.00    0.04    0.16    2.15 v _098_/X (sky130_fd_sc_hd__a21o_1)
                                         x69.S (net)
                  0.04    0.00    2.15 v _161_/D (sky130_fd_sc_hd__dfxtp_1)
                                  2.15   data arrival time

                          2.67    2.67   clock core_clock (rise edge)
                          0.00    2.67   clock source latency
     1    0.01    0.00    0.00    2.67 ^ clk (in)
                                         clk (net)
                  0.00    0.00    2.67 ^ clkbuf_0_clk/A (sky130_fd_sc_hd__clkbuf_16)
     4    0.03    0.05    0.12    2.79 ^ clkbuf_0_clk/X (sky130_fd_sc_hd__clkbuf_16)
                                         clknet_0_clk (net)
                  0.05    0.00    2.79 ^ clkbuf_2_0__f_clk/A (sky130_fd_sc_hd__clkbuf_16)
    16    0.04    0.06    0.15    2.94 ^ clkbuf_2_0__f_clk/X (sky130_fd_sc_hd__clkbuf_16)
                                         clknet_2_0__leaf_clk (net)
                  0.06    0.00    2.94 ^ _161_/CLK (sky130_fd_sc_hd__dfxtp_1)
                          0.00    2.94   clock reconvergence pessimism
                         -0.11    2.83   library setup time
                                  2.83   data required time
-----------------------------------------------------------------------------
                                  2.83   data required time
                                 -2.15   data arrival time
-----------------------------------------------------------------------------
                                  0.68   slack (MET)


Startpoint: _172_ (rising edge-triggered flip-flop clocked by core_clock)
Endpoint: _164_ (rising edge-triggered flip-flop clocked by core_clock)
Path Group: core_clock
Path Type: max

Fanout     Cap    Slew   Delay    Time   Description
-----------------------------------------------------------------------------
                          0.00    0.00   clock core_clock (rise edge)
                          0.00    0.00   clock source latency
     1    0.01    0.00    0.00    0.00 ^ clk (in)
                                         clk (net)
                  0.00    0.00    0.00 ^ clkbuf_0_clk/A (sky130_fd_sc_hd__clkbuf_16)
     4    0.03    0.05    0.12    0.12 ^ clkbuf_0_clk/X (sky130_fd_sc_hd__clkbuf_16)
                                         clknet_0_clk (net)
                  0.05    0.00    0.12 ^ clkbuf_2_2__f_clk/A (sky130_fd_sc_hd__clkbuf_16)
    13    0.04    0.06    0.15    0.27 ^ clkbuf_2_2__f_clk/X (sky130_fd_sc_hd__clkbuf_16)
                                         clknet_2_2__leaf_clk (net)
                  0.06    0.00    0.27 ^ _172_/CLK (sky130_fd_sc_hd__dfxtp_2)
     3    0.01    0.04    0.32    0.59 v _172_/Q (sky130_fd_sc_hd__dfxtp_2)
                                         x2.A (net)
                  0.04    0.00    0.59 v _072_/A2 (sky130_fd_sc_hd__a22o_1)
     3    0.01    0.07    0.25    0.84 v _072_/X (sky130_fd_sc_hd__a22o_1)
                                         _032_ (net)
                  0.07    0.00    0.84 v _074_/B (sky130_fd_sc_hd__or3b_4)
     4    0.01    0.08    0.39    1.23 v _074_/X (sky130_fd_sc_hd__or3b_4)
                                         _034_ (net)
                  0.08    0.00    1.23 v rebuffer1/A (sky130_fd_sc_hd__clkbuf_2)
     1    0.00    0.02    0.11    1.34 v rebuffer1/X (sky130_fd_sc_hd__clkbuf_2)
                                         net51 (net)
                  0.02    0.00    1.34 v _108_/B (sky130_fd_sc_hd__or4_4)
     2    0.01    0.09    0.51    1.85 v _108_/X (sky130_fd_sc_hd__or4_4)
                                         _061_ (net)
                  0.09    0.00    1.85 v _109_/C (sky130_fd_sc_hd__nand3_2)
     4    0.01    0.10    0.12    1.97 ^ _109_/Y (sky130_fd_sc_hd__nand3_2)
                                         _062_ (net)
                  0.10    0.00    1.97 ^ _117_/A1 (sky130_fd_sc_hd__o21ai_1)
     1    0.01    0.08    0.09    2.06 v _117_/Y (sky130_fd_sc_hd__o21ai_1)
                                         x72.S (net)
                  0.08    0.00    2.06 v _164_/D (sky130_fd_sc_hd__dfxtp_1)
                                  2.06   data arrival time

                          2.67    2.67   clock core_clock (rise edge)
                          0.00    2.67   clock source latency
     1    0.01    0.00    0.00    2.67 ^ clk (in)
                                         clk (net)
                  0.00    0.00    2.67 ^ clkbuf_0_clk/A (sky130_fd_sc_hd__clkbuf_16)
     4    0.03    0.05    0.12    2.79 ^ clkbuf_0_clk/X (sky130_fd_sc_hd__clkbuf_16)
                                         clknet_0_clk (net)
                  0.05    0.00    2.79 ^ clkbuf_2_2__f_clk/A (sky130_fd_sc_hd__clkbuf_16)
    13    0.04    0.06    0.15    2.94 ^ clkbuf_2_2__f_clk/X (sky130_fd_sc_hd__clkbuf_16)
                                         clknet_2_2__leaf_clk (net)
                  0.06    0.00    2.94 ^ _164_/CLK (sky130_fd_sc_hd__dfxtp_1)
                          0.00    2.94   clock reconvergence pessimism
                         -0.12    2.81   library setup time
                                  2.81   data required time
-----------------------------------------------------------------------------
                                  2.81   data required time
                                 -2.06   data arrival time
-----------------------------------------------------------------------------
                                  0.75   slack (MET)


Startpoint: _172_ (rising edge-triggered flip-flop clocked by core_clock)
Endpoint: _163_ (rising edge-triggered flip-flop clocked by core_clock)
Path Group: core_clock
Path Type: max

Fanout     Cap    Slew   Delay    Time   Description
-----------------------------------------------------------------------------
                          0.00    0.00   clock core_clock (rise edge)
                          0.00    0.00   clock source latency
     1    0.01    0.00    0.00    0.00 ^ clk (in)
                                         clk (net)
                  0.00    0.00    0.00 ^ clkbuf_0_clk/A (sky130_fd_sc_hd__clkbuf_16)
     4    0.03    0.05    0.12    0.12 ^ clkbuf_0_clk/X (sky130_fd_sc_hd__clkbuf_16)
                                         clknet_0_clk (net)
                  0.05    0.00    0.12 ^ clkbuf_2_2__f_clk/A (sky130_fd_sc_hd__clkbuf_16)
    13    0.04    0.06    0.15    0.27 ^ clkbuf_2_2__f_clk/X (sky130_fd_sc_hd__clkbuf_16)
                                         clknet_2_2__leaf_clk (net)
                  0.06    0.00    0.27 ^ _172_/CLK (sky130_fd_sc_hd__dfxtp_2)
     3    0.01    0.04    0.32    0.59 v _172_/Q (sky130_fd_sc_hd__dfxtp_2)
                                         x2.A (net)
                  0.04    0.00    0.59 v _072_/A2 (sky130_fd_sc_hd__a22o_1)
     3    0.01    0.07    0.25    0.84 v _072_/X (sky130_fd_sc_hd__a22o_1)
                                         _032_ (net)
                  0.07    0.00    0.84 v _074_/B (sky130_fd_sc_hd__or3b_4)
     4    0.01    0.08    0.39    1.23 v _074_/X (sky130_fd_sc_hd__or3b_4)
                                         _034_ (net)
                  0.08    0.00    1.23 v rebuffer1/A (sky130_fd_sc_hd__clkbuf_2)
     1    0.00    0.02    0.11    1.34 v rebuffer1/X (sky130_fd_sc_hd__clkbuf_2)
                                         net51 (net)
                  0.02    0.00    1.34 v _108_/B (sky130_fd_sc_hd__or4_4)
     2    0.01    0.09    0.51    1.85 v _108_/X (sky130_fd_sc_hd__or4_4)
                                         _061_ (net)
                  0.09    0.00    1.85 v _109_/C (sky130_fd_sc_hd__nand3_2)
     4    0.01    0.10    0.12    1.97 ^ _109_/Y (sky130_fd_sc_hd__nand3_2)
                                         _062_ (net)
                  0.10    0.00    1.97 ^ _112_/A1 (sky130_fd_sc_hd__a21oi_1)
     1    0.00    0.05    0.07    2.04 v _112_/Y (sky130_fd_sc_hd__a21oi_1)
                                         x71.S (net)
                  0.05    0.00    2.04 v _163_/D (sky130_fd_sc_hd__dfxtp_1)
                                  2.04   data arrival time

                          2.67    2.67   clock core_clock (rise edge)
                          0.00    2.67   clock source latency
     1    0.01    0.00    0.00    2.67 ^ clk (in)
                                         clk (net)
                  0.00    0.00    2.67 ^ clkbuf_0_clk/A (sky130_fd_sc_hd__clkbuf_16)
     4    0.03    0.05    0.12    2.79 ^ clkbuf_0_clk/X (sky130_fd_sc_hd__clkbuf_16)
                                         clknet_0_clk (net)
                  0.05    0.00    2.79 ^ clkbuf_2_1__f_clk/A (sky130_fd_sc_hd__clkbuf_16)
    10    0.04    0.06    0.14    2.93 ^ clkbuf_2_1__f_clk/X (sky130_fd_sc_hd__clkbuf_16)
                                         clknet_2_1__leaf_clk (net)
                  0.06    0.00    2.93 ^ _163_/CLK (sky130_fd_sc_hd__dfxtp_1)
                          0.00    2.93   clock reconvergence pessimism
                         -0.11    2.82   library setup time
                                  2.82   data required time
-----------------------------------------------------------------------------
                                  2.82   data required time
                                 -2.04   data arrival time
-----------------------------------------------------------------------------
                                  0.79   slack (MET)


Startpoint: _172_ (rising edge-triggered flip-flop clocked by core_clock)
Endpoint: _159_ (rising edge-triggered flip-flop clocked by core_clock)
Path Group: core_clock
Path Type: max

Fanout     Cap    Slew   Delay    Time   Description
-----------------------------------------------------------------------------
                          0.00    0.00   clock core_clock (rise edge)
                          0.00    0.00   clock source latency
     1    0.01    0.00    0.00    0.00 ^ clk (in)
                                         clk (net)
                  0.00    0.00    0.00 ^ clkbuf_0_clk/A (sky130_fd_sc_hd__clkbuf_16)
     4    0.03    0.05    0.12    0.12 ^ clkbuf_0_clk/X (sky130_fd_sc_hd__clkbuf_16)
                                         clknet_0_clk (net)
                  0.05    0.00    0.12 ^ clkbuf_2_2__f_clk/A (sky130_fd_sc_hd__clkbuf_16)
    13    0.04    0.06    0.15    0.27 ^ clkbuf_2_2__f_clk/X (sky130_fd_sc_hd__clkbuf_16)
                                         clknet_2_2__leaf_clk (net)
                  0.06    0.00    0.27 ^ _172_/CLK (sky130_fd_sc_hd__dfxtp_2)
     3    0.01    0.06    0.33    0.60 ^ _172_/Q (sky130_fd_sc_hd__dfxtp_2)
                                         x2.A (net)
                  0.06    0.00    0.60 ^ _072_/A2 (sky130_fd_sc_hd__a22o_1)
     3    0.01    0.10    0.17    0.77 ^ _072_/X (sky130_fd_sc_hd__a22o_1)
                                         _032_ (net)
                  0.10    0.00    0.77 ^ rebuffer8/A (sky130_fd_sc_hd__dlygate4sd1_1)
     1    0.00    0.03    0.19    0.97 ^ rebuffer8/X (sky130_fd_sc_hd__dlygate4sd1_1)
                                         net58 (net)
                  0.03    0.00    0.97 ^ _085_/C_N (sky130_fd_sc_hd__or4bb_4)
     2    0.01    0.09    0.52    1.49 v _085_/X (sky130_fd_sc_hd__or4bb_4)
                                         _043_ (net)
                  0.09    0.00    1.49 v _086_/B (sky130_fd_sc_hd__nand2_1)
     2    0.01    0.07    0.10    1.59 ^ _086_/Y (sky130_fd_sc_hd__nand2_1)
                                         _044_ (net)
                  0.07    0.00    1.59 ^ _088_/B1_N (sky130_fd_sc_hd__o21ba_1)
     3    0.01    0.06    0.17    1.76 v _088_/X (sky130_fd_sc_hd__o21ba_1)
                                         _045_ (net)
                  0.06    0.00    1.76 v _089_/B1 (sky130_fd_sc_hd__o21a_1)
     1    0.00    0.04    0.11    1.87 v _089_/X (sky130_fd_sc_hd__o21a_1)
                                         _046_ (net)
                  0.04    0.00    1.87 v _090_/B1 (sky130_fd_sc_hd__a21o_1)
     1    0.00    0.03    0.15    2.02 v _090_/X (sky130_fd_sc_hd__a21o_1)
                                         x67.S (net)
                  0.03    0.00    2.02 v _159_/D (sky130_fd_sc_hd__dfxtp_1)
                                  2.02   data arrival time

                          2.67    2.67   clock core_clock (rise edge)
                          0.00    2.67   clock source latency
     1    0.01    0.00    0.00    2.67 ^ clk (in)
                                         clk (net)
                  0.00    0.00    2.67 ^ clkbuf_0_clk/A (sky130_fd_sc_hd__clkbuf_16)
     4    0.03    0.05    0.12    2.79 ^ clkbuf_0_clk/X (sky130_fd_sc_hd__clkbuf_16)
                                         clknet_0_clk (net)
                  0.05    0.00    2.79 ^ clkbuf_2_0__f_clk/A (sky130_fd_sc_hd__clkbuf_16)
    16    0.04    0.06    0.15    2.94 ^ clkbuf_2_0__f_clk/X (sky130_fd_sc_hd__clkbuf_16)
                                         clknet_2_0__leaf_clk (net)
                  0.06    0.00    2.94 ^ _159_/CLK (sky130_fd_sc_hd__dfxtp_1)
                          0.00    2.94   clock reconvergence pessimism
                         -0.10    2.83   library setup time
                                  2.83   data required time
-----------------------------------------------------------------------------
                                  2.83   data required time
                                 -2.02   data arrival time
-----------------------------------------------------------------------------
                                  0.82   slack (MET)


Startpoint: _172_ (rising edge-triggered flip-flop clocked by core_clock)
Endpoint: _160_ (rising edge-triggered flip-flop clocked by core_clock)
Path Group: core_clock
Path Type: max

Fanout     Cap    Slew   Delay    Time   Description
-----------------------------------------------------------------------------
                          0.00    0.00   clock core_clock (rise edge)
                          0.00    0.00   clock source latency
     1    0.01    0.00    0.00    0.00 ^ clk (in)
                                         clk (net)
                  0.00    0.00    0.00 ^ clkbuf_0_clk/A (sky130_fd_sc_hd__clkbuf_16)
     4    0.03    0.05    0.12    0.12 ^ clkbuf_0_clk/X (sky130_fd_sc_hd__clkbuf_16)
                                         clknet_0_clk (net)
                  0.05    0.00    0.12 ^ clkbuf_2_2__f_clk/A (sky130_fd_sc_hd__clkbuf_16)
    13    0.04    0.06    0.15    0.27 ^ clkbuf_2_2__f_clk/X (sky130_fd_sc_hd__clkbuf_16)
                                         clknet_2_2__leaf_clk (net)
                  0.06    0.00    0.27 ^ _172_/CLK (sky130_fd_sc_hd__dfxtp_2)
     3    0.01    0.06    0.33    0.60 ^ _172_/Q (sky130_fd_sc_hd__dfxtp_2)
                                         x2.A (net)
                  0.06    0.00    0.60 ^ _072_/A2 (sky130_fd_sc_hd__a22o_1)
     3    0.01    0.10    0.17    0.77 ^ _072_/X (sky130_fd_sc_hd__a22o_1)
                                         _032_ (net)
                  0.10    0.00    0.77 ^ rebuffer8/A (sky130_fd_sc_hd__dlygate4sd1_1)
     1    0.00    0.03    0.19    0.97 ^ rebuffer8/X (sky130_fd_sc_hd__dlygate4sd1_1)
                                         net58 (net)
                  0.03    0.00    0.97 ^ _085_/C_N (sky130_fd_sc_hd__or4bb_4)
     2    0.01    0.09    0.52    1.49 v _085_/X (sky130_fd_sc_hd__or4bb_4)
                                         _043_ (net)
                  0.09    0.00    1.49 v _086_/B (sky130_fd_sc_hd__nand2_1)
     2    0.01    0.07    0.10    1.59 ^ _086_/Y (sky130_fd_sc_hd__nand2_1)
                                         _044_ (net)
                  0.07    0.00    1.59 ^ _088_/B1_N (sky130_fd_sc_hd__o21ba_1)
     3    0.01    0.06    0.17    1.76 v _088_/X (sky130_fd_sc_hd__o21ba_1)
                                         _045_ (net)
                  0.06    0.00    1.76 v _091_/A (sky130_fd_sc_hd__inv_2)
     1    0.00    0.03    0.05    1.81 ^ _091_/Y (sky130_fd_sc_hd__inv_2)
                                         _047_ (net)
                  0.03    0.00    1.81 ^ _096_/A1 (sky130_fd_sc_hd__o21ai_1)
     1    0.00    0.06    0.06    1.87 v _096_/Y (sky130_fd_sc_hd__o21ai_1)
                                         x68.S (net)
                  0.06    0.00    1.87 v _160_/D (sky130_fd_sc_hd__dfxtp_1)
                                  1.87   data arrival time

                          2.67    2.67   clock core_clock (rise edge)
                          0.00    2.67   clock source latency
     1    0.01    0.00    0.00    2.67 ^ clk (in)
                                         clk (net)
                  0.00    0.00    2.67 ^ clkbuf_0_clk/A (sky130_fd_sc_hd__clkbuf_16)
     4    0.03    0.05    0.12    2.79 ^ clkbuf_0_clk/X (sky130_fd_sc_hd__clkbuf_16)
                                         clknet_0_clk (net)
                  0.05    0.00    2.79 ^ clkbuf_2_0__f_clk/A (sky130_fd_sc_hd__clkbuf_16)
    16    0.04    0.06    0.15    2.94 ^ clkbuf_2_0__f_clk/X (sky130_fd_sc_hd__clkbuf_16)
                                         clknet_2_0__leaf_clk (net)
                  0.06    0.00    2.94 ^ _160_/CLK (sky130_fd_sc_hd__dfxtp_1)
                          0.00    2.94   clock reconvergence pessimism
                         -0.12    2.82   library setup time
                                  2.82   data required time
-----------------------------------------------------------------------------
                                  2.82   data required time
                                 -1.87   data arrival time
-----------------------------------------------------------------------------
                                  0.95   slack (MET)


Startpoint: _176_ (rising edge-triggered flip-flop clocked by core_clock)
Endpoint: _162_ (rising edge-triggered flip-flop clocked by core_clock)
Path Group: core_clock
Path Type: max

Fanout     Cap    Slew   Delay    Time   Description
-----------------------------------------------------------------------------
                          0.00    0.00   clock core_clock (rise edge)
                          0.00    0.00   clock source latency
     1    0.01    0.00    0.00    0.00 ^ clk (in)
                                         clk (net)
                  0.00    0.00    0.00 ^ clkbuf_0_clk/A (sky130_fd_sc_hd__clkbuf_16)
     4    0.03    0.05    0.12    0.12 ^ clkbuf_0_clk/X (sky130_fd_sc_hd__clkbuf_16)
                                         clknet_0_clk (net)
                  0.05    0.00    0.12 ^ clkbuf_2_0__f_clk/A (sky130_fd_sc_hd__clkbuf_16)
    16    0.04    0.06    0.15    0.27 ^ clkbuf_2_0__f_clk/X (sky130_fd_sc_hd__clkbuf_16)
                                         clknet_2_0__leaf_clk (net)
                  0.06    0.00    0.27 ^ _176_/CLK (sky130_fd_sc_hd__dfxtp_2)
     4    0.01    0.04    0.33    0.60 v _176_/Q (sky130_fd_sc_hd__dfxtp_2)
                                         x10.A (net)
                  0.04    0.00    0.60 v _092_/A2 (sky130_fd_sc_hd__a22o_1)
     3    0.01    0.07    0.25    0.85 v _092_/X (sky130_fd_sc_hd__a22o_1)
                                         _048_ (net)
                  0.07    0.00    0.85 v _101_/A (sky130_fd_sc_hd__or4b_4)
     2    0.01    0.09    0.54    1.40 v _101_/X (sky130_fd_sc_hd__or4b_4)
                                         _055_ (net)
                  0.09    0.00    1.40 v rebuffer6/A (sky130_fd_sc_hd__buf_6)
     2    0.01    0.02    0.13    1.53 v rebuffer6/X (sky130_fd_sc_hd__buf_6)
                                         net56 (net)
                  0.02    0.00    1.53 v rebuffer7/A (sky130_fd_sc_hd__clkbuf_2)
     1    0.00    0.03    0.09    1.62 v rebuffer7/X (sky130_fd_sc_hd__clkbuf_2)
                                         net57 (net)
                  0.03    0.00    1.62 v _106_/B1 (sky130_fd_sc_hd__a21o_1)
     4    0.01    0.08    0.19    1.81 v _106_/X (sky130_fd_sc_hd__a21o_1)
                                         _060_ (net)
                  0.08    0.00    1.81 v _107_/C1 (sky130_fd_sc_hd__o211ai_1)
     1    0.00    0.12    0.08    1.89 ^ _107_/Y (sky130_fd_sc_hd__o211ai_1)
                                         x70.S (net)
                  0.12    0.00    1.89 ^ _162_/D (sky130_fd_sc_hd__dfxtp_1)
                                  1.89   data arrival time

                          2.67    2.67   clock core_clock (rise edge)
                          0.00    2.67   clock source latency
     1    0.01    0.00    0.00    2.67 ^ clk (in)
                                         clk (net)
                  0.00    0.00    2.67 ^ clkbuf_0_clk/A (sky130_fd_sc_hd__clkbuf_16)
     4    0.03    0.05    0.12    2.79 ^ clkbuf_0_clk/X (sky130_fd_sc_hd__clkbuf_16)
                                         clknet_0_clk (net)
                  0.05    0.00    2.79 ^ clkbuf_2_0__f_clk/A (sky130_fd_sc_hd__clkbuf_16)
    16    0.04    0.06    0.15    2.94 ^ clkbuf_2_0__f_clk/X (sky130_fd_sc_hd__clkbuf_16)
                                         clknet_2_0__leaf_clk (net)
                  0.06    0.00    2.94 ^ _162_/CLK (sky130_fd_sc_hd__dfxtp_1)
                          0.00    2.94   clock reconvergence pessimism
                         -0.07    2.87   library setup time
                                  2.87   data required time
-----------------------------------------------------------------------------
                                  2.87   data required time
                                 -1.89   data arrival time
-----------------------------------------------------------------------------
                                  0.97   slack (MET)


Startpoint: _172_ (rising edge-triggered flip-flop clocked by core_clock)
Endpoint: _157_ (rising edge-triggered flip-flop clocked by core_clock)
Path Group: core_clock
Path Type: max

Fanout     Cap    Slew   Delay    Time   Description
-----------------------------------------------------------------------------
                          0.00    0.00   clock core_clock (rise edge)
                          0.00    0.00   clock source latency
     1    0.01    0.00    0.00    0.00 ^ clk (in)
                                         clk (net)
                  0.00    0.00    0.00 ^ clkbuf_0_clk/A (sky130_fd_sc_hd__clkbuf_16)
     4    0.03    0.05    0.12    0.12 ^ clkbuf_0_clk/X (sky130_fd_sc_hd__clkbuf_16)
                                         clknet_0_clk (net)
                  0.05    0.00    0.12 ^ clkbuf_2_2__f_clk/A (sky130_fd_sc_hd__clkbuf_16)
    13    0.04    0.06    0.15    0.27 ^ clkbuf_2_2__f_clk/X (sky130_fd_sc_hd__clkbuf_16)
                                         clknet_2_2__leaf_clk (net)
                  0.06    0.00    0.27 ^ _172_/CLK (sky130_fd_sc_hd__dfxtp_2)
     3    0.01    0.04    0.32    0.59 v _172_/Q (sky130_fd_sc_hd__dfxtp_2)
                                         x2.A (net)
                  0.04    0.00    0.59 v _072_/A2 (sky130_fd_sc_hd__a22o_1)
     3    0.01    0.07    0.25    0.84 v _072_/X (sky130_fd_sc_hd__a22o_1)
                                         _032_ (net)
                  0.07    0.00    0.84 v _074_/B (sky130_fd_sc_hd__or3b_4)
     4    0.01    0.08    0.39    1.23 v _074_/X (sky130_fd_sc_hd__or3b_4)
                                         _034_ (net)
                  0.08    0.00    1.23 v rebuffer2/A (sky130_fd_sc_hd__dlygate4sd1_1)
     1    0.00    0.03    0.24    1.47 v rebuffer2/X (sky130_fd_sc_hd__dlygate4sd1_1)
                                         net52 (net)
                  0.03    0.00    1.47 v _078_/B1 (sky130_fd_sc_hd__o221a_1)
     1    0.00    0.05    0.21    1.68 v _078_/X (sky130_fd_sc_hd__o221a_1)
                                         _037_ (net)
                  0.05    0.00    1.68 v _079_/B1 (sky130_fd_sc_hd__a21o_1)
     1    0.01    0.04    0.16    1.84 v _079_/X (sky130_fd_sc_hd__a21o_1)
                                         x65.S (net)
                  0.04    0.00    1.84 v _157_/D (sky130_fd_sc_hd__dfxtp_1)
                                  1.84   data arrival time

                          2.67    2.67   clock core_clock (rise edge)
                          0.00    2.67   clock source latency
     1    0.01    0.00    0.00    2.67 ^ clk (in)
                                         clk (net)
                  0.00    0.00    2.67 ^ clkbuf_0_clk/A (sky130_fd_sc_hd__clkbuf_16)
     4    0.03    0.05    0.12    2.79 ^ clkbuf_0_clk/X (sky130_fd_sc_hd__clkbuf_16)
                                         clknet_0_clk (net)
                  0.05    0.00    2.79 ^ clkbuf_2_0__f_clk/A (sky130_fd_sc_hd__clkbuf_16)
    16    0.04    0.06    0.15    2.94 ^ clkbuf_2_0__f_clk/X (sky130_fd_sc_hd__clkbuf_16)
                                         clknet_2_0__leaf_clk (net)
                  0.06    0.00    2.94 ^ _157_/CLK (sky130_fd_sc_hd__dfxtp_1)
                          0.00    2.94   clock reconvergence pessimism
                         -0.11    2.83   library setup time
                                  2.83   data required time
-----------------------------------------------------------------------------
                                  2.83   data required time
                                 -1.84   data arrival time
-----------------------------------------------------------------------------
                                  0.99   slack (MET)


Startpoint: _172_ (rising edge-triggered flip-flop clocked by core_clock)
Endpoint: _158_ (rising edge-triggered flip-flop clocked by core_clock)
Path Group: core_clock
Path Type: max

Fanout     Cap    Slew   Delay    Time   Description
-----------------------------------------------------------------------------
                          0.00    0.00   clock core_clock (rise edge)
                          0.00    0.00   clock source latency
     1    0.01    0.00    0.00    0.00 ^ clk (in)
                                         clk (net)
                  0.00    0.00    0.00 ^ clkbuf_0_clk/A (sky130_fd_sc_hd__clkbuf_16)
     4    0.03    0.05    0.12    0.12 ^ clkbuf_0_clk/X (sky130_fd_sc_hd__clkbuf_16)
                                         clknet_0_clk (net)
                  0.05    0.00    0.12 ^ clkbuf_2_2__f_clk/A (sky130_fd_sc_hd__clkbuf_16)
    13    0.04    0.06    0.15    0.27 ^ clkbuf_2_2__f_clk/X (sky130_fd_sc_hd__clkbuf_16)
                                         clknet_2_2__leaf_clk (net)
                  0.06    0.00    0.27 ^ _172_/CLK (sky130_fd_sc_hd__dfxtp_2)
     3    0.01    0.06    0.33    0.60 ^ _172_/Q (sky130_fd_sc_hd__dfxtp_2)
                                         x2.A (net)
                  0.06    0.00    0.60 ^ _072_/A2 (sky130_fd_sc_hd__a22o_1)
     3    0.01    0.10    0.17    0.77 ^ _072_/X (sky130_fd_sc_hd__a22o_1)
                                         _032_ (net)
                  0.10    0.00    0.77 ^ rebuffer8/A (sky130_fd_sc_hd__dlygate4sd1_1)
     1    0.00    0.03    0.19    0.97 ^ rebuffer8/X (sky130_fd_sc_hd__dlygate4sd1_1)
                                         net58 (net)
                  0.03    0.00    0.97 ^ _085_/C_N (sky130_fd_sc_hd__or4bb_4)
     2    0.01    0.09    0.52    1.49 v _085_/X (sky130_fd_sc_hd__or4bb_4)
                                         _043_ (net)
                  0.09    0.00    1.49 v _086_/B (sky130_fd_sc_hd__nand2_1)
     2    0.01    0.07    0.10    1.59 ^ _086_/Y (sky130_fd_sc_hd__nand2_1)
                                         _044_ (net)
                  0.07    0.00    1.59 ^ _087_/B1_N (sky130_fd_sc_hd__o21bai_1)
     1    0.01    0.15    0.12    1.71 ^ _087_/Y (sky130_fd_sc_hd__o21bai_1)
                                         x66.S (net)
                  0.15    0.00    1.71 ^ _158_/D (sky130_fd_sc_hd__dfxtp_1)
                                  1.71   data arrival time

                          2.67    2.67   clock core_clock (rise edge)
                          0.00    2.67   clock source latency
     1    0.01    0.00    0.00    2.67 ^ clk (in)
                                         clk (net)
                  0.00    0.00    2.67 ^ clkbuf_0_clk/A (sky130_fd_sc_hd__clkbuf_16)
     4    0.03    0.05    0.12    2.79 ^ clkbuf_0_clk/X (sky130_fd_sc_hd__clkbuf_16)
                                         clknet_0_clk (net)
                  0.05    0.00    2.79 ^ clkbuf_2_0__f_clk/A (sky130_fd_sc_hd__clkbuf_16)
    16    0.04    0.06    0.15    2.94 ^ clkbuf_2_0__f_clk/X (sky130_fd_sc_hd__clkbuf_16)
                                         clknet_2_0__leaf_clk (net)
                  0.06    0.00    2.94 ^ _158_/CLK (sky130_fd_sc_hd__dfxtp_1)
                          0.00    2.94   clock reconvergence pessimism
                         -0.08    2.86   library setup time
                                  2.86   data required time
-----------------------------------------------------------------------------
                                  2.86   data required time
                                 -1.71   data arrival time
-----------------------------------------------------------------------------
                                  1.15   slack (MET)


Startpoint: _172_ (rising edge-triggered flip-flop clocked by core_clock)
Endpoint: _156_ (rising edge-triggered flip-flop clocked by core_clock)
Path Group: core_clock
Path Type: max

Fanout     Cap    Slew   Delay    Time   Description
-----------------------------------------------------------------------------
                          0.00    0.00   clock core_clock (rise edge)
                          0.00    0.00   clock source latency
     1    0.01    0.00    0.00    0.00 ^ clk (in)
                                         clk (net)
                  0.00    0.00    0.00 ^ clkbuf_0_clk/A (sky130_fd_sc_hd__clkbuf_16)
     4    0.03    0.05    0.12    0.12 ^ clkbuf_0_clk/X (sky130_fd_sc_hd__clkbuf_16)
                                         clknet_0_clk (net)
                  0.05    0.00    0.12 ^ clkbuf_2_2__f_clk/A (sky130_fd_sc_hd__clkbuf_16)
    13    0.04    0.06    0.15    0.27 ^ clkbuf_2_2__f_clk/X (sky130_fd_sc_hd__clkbuf_16)
                                         clknet_2_2__leaf_clk (net)
                  0.06    0.00    0.27 ^ _172_/CLK (sky130_fd_sc_hd__dfxtp_2)
     3    0.01    0.04    0.32    0.59 v _172_/Q (sky130_fd_sc_hd__dfxtp_2)
                                         x2.A (net)
                  0.04    0.00    0.59 v _072_/A2 (sky130_fd_sc_hd__a22o_1)
     3    0.01    0.07    0.25    0.84 v _072_/X (sky130_fd_sc_hd__a22o_1)
                                         _032_ (net)
                  0.07    0.00    0.84 v _074_/B (sky130_fd_sc_hd__or3b_4)
     4    0.01    0.08    0.39    1.23 v _074_/X (sky130_fd_sc_hd__or3b_4)
                                         _034_ (net)
                  0.08    0.00    1.23 v rebuffer3/A (sky130_fd_sc_hd__dlygate4sd1_1)
     1    0.00    0.03    0.24    1.47 v rebuffer3/X (sky130_fd_sc_hd__dlygate4sd1_1)
                                         net53 (net)
                  0.03    0.00    1.47 v _076_/A2 (sky130_fd_sc_hd__o21ai_1)
     1    0.00    0.08    0.09    1.56 ^ _076_/Y (sky130_fd_sc_hd__o21ai_1)
                                         x64.S (net)
                  0.08    0.00    1.56 ^ _156_/D (sky130_fd_sc_hd__dfxtp_1)
                                  1.56   data arrival time

                          2.67    2.67   clock core_clock (rise edge)
                          0.00    2.67   clock source latency
     1    0.01    0.00    0.00    2.67 ^ clk (in)
                                         clk (net)
                  0.00    0.00    2.67 ^ clkbuf_0_clk/A (sky130_fd_sc_hd__clkbuf_16)
     4    0.03    0.05    0.12    2.79 ^ clkbuf_0_clk/X (sky130_fd_sc_hd__clkbuf_16)
                                         clknet_0_clk (net)
                  0.05    0.00    2.79 ^ clkbuf_2_0__f_clk/A (sky130_fd_sc_hd__clkbuf_16)
    16    0.04    0.06    0.15    2.94 ^ clkbuf_2_0__f_clk/X (sky130_fd_sc_hd__clkbuf_16)
                                         clknet_2_0__leaf_clk (net)
                  0.06    0.00    2.94 ^ _156_/CLK (sky130_fd_sc_hd__dfxtp_1)
                          0.00    2.94   clock reconvergence pessimism
                         -0.06    2.88   library setup time
                                  2.88   data required time
-----------------------------------------------------------------------------
                                  2.88   data required time
                                 -1.56   data arrival time
-----------------------------------------------------------------------------
                                  1.31   slack (MET)


Startpoint: _188_ (rising edge-triggered flip-flop clocked by core_clock)
Endpoint: _155_ (rising edge-triggered flip-flop clocked by core_clock)
Path Group: core_clock
Path Type: max

Fanout     Cap    Slew   Delay    Time   Description
-----------------------------------------------------------------------------
                          0.00    0.00   clock core_clock (rise edge)
                          0.00    0.00   clock source latency
     1    0.01    0.00    0.00    0.00 ^ clk (in)
                                         clk (net)
                  0.00    0.00    0.00 ^ clkbuf_0_clk/A (sky130_fd_sc_hd__clkbuf_16)
     4    0.03    0.05    0.12    0.12 ^ clkbuf_0_clk/X (sky130_fd_sc_hd__clkbuf_16)
                                         clknet_0_clk (net)
                  0.05    0.00    0.12 ^ clkbuf_2_2__f_clk/A (sky130_fd_sc_hd__clkbuf_16)
    13    0.04    0.06    0.15    0.27 ^ clkbuf_2_2__f_clk/X (sky130_fd_sc_hd__clkbuf_16)
                                         clknet_2_2__leaf_clk (net)
                  0.06    0.00    0.27 ^ _188_/CLK (sky130_fd_sc_hd__dfxtp_2)
     3    0.01    0.04    0.33    0.59 v _188_/Q (sky130_fd_sc_hd__dfxtp_2)
                                         x2.B (net)
                  0.04    0.00    0.59 v _070_/A (sky130_fd_sc_hd__nor2_1)
     2    0.01    0.14    0.14    0.73 ^ _070_/Y (sky130_fd_sc_hd__nor2_1)
                                         _031_ (net)
                  0.14    0.00    0.73 ^ _071_/B1 (sky130_fd_sc_hd__a21oi_1)
     1    0.01    0.08    0.08    0.81 v _071_/Y (sky130_fd_sc_hd__a21oi_1)
                                         x63.S (net)
                  0.08    0.00    0.81 v _155_/D (sky130_fd_sc_hd__dfxtp_1)
                                  0.81   data arrival time

                          2.67    2.67   clock core_clock (rise edge)
                          0.00    2.67   clock source latency
     1    0.01    0.00    0.00    2.67 ^ clk (in)
                                         clk (net)
                  0.00    0.00    2.67 ^ clkbuf_0_clk/A (sky130_fd_sc_hd__clkbuf_16)
     4    0.03    0.05    0.12    2.79 ^ clkbuf_0_clk/X (sky130_fd_sc_hd__clkbuf_16)
                                         clknet_0_clk (net)
                  0.05    0.00    2.79 ^ clkbuf_2_0__f_clk/A (sky130_fd_sc_hd__clkbuf_16)
    16    0.04    0.06    0.15    2.94 ^ clkbuf_2_0__f_clk/X (sky130_fd_sc_hd__clkbuf_16)
                                         clknet_2_0__leaf_clk (net)
                  0.06    0.00    2.94 ^ _155_/CLK (sky130_fd_sc_hd__dfxtp_1)
                          0.00    2.94   clock reconvergence pessimism
                         -0.12    2.81   library setup time
                                  2.81   data required time
-----------------------------------------------------------------------------
                                  2.81   data required time
                                 -0.81   data arrival time
-----------------------------------------------------------------------------
                                  2.00   slack (MET)



worst slack corner Typical: 0.3608
