
===========================================================================
report_checks -path_delay max (Setup)
============================================================================
======================= Typical Corner ===================================

Startpoint: _176_ (rising edge-triggered flip-flop clocked by core_clock)
Endpoint: _170_ (rising edge-triggered flip-flop clocked by core_clock)
Path Group: core_clock
Path Type: max

Fanout     Cap    Slew   Delay    Time   Description
-----------------------------------------------------------------------------
                          0.00    0.00   clock core_clock (rise edge)
                          0.00    0.00   clock source latency
     1    0.01    0.00    0.00    0.00 ^ clk (in)
                                         clk (net)
                  0.00    0.00    0.00 ^ clkbuf_0_clk/A (sky130_fd_sc_hd__clkbuf_16)
     4    0.03    0.05    0.12    0.12 ^ clkbuf_0_clk/X (sky130_fd_sc_hd__clkbuf_16)
                                         clknet_0_clk (net)
                  0.05    0.00    0.12 ^ clkbuf_2_0__f_clk/A (sky130_fd_sc_hd__clkbuf_16)
    16    0.03    0.05    0.14    0.26 ^ clkbuf_2_0__f_clk/X (sky130_fd_sc_hd__clkbuf_16)
                                         clknet_2_0__leaf_clk (net)
                  0.05    0.00    0.26 ^ _176_/CLK (sky130_fd_sc_hd__dfxtp_2)
     4    0.01    0.04    0.32    0.58 v _176_/Q (sky130_fd_sc_hd__dfxtp_2)
                                         x10.A (net)
                  0.04    0.00    0.58 v _092_/A2 (sky130_fd_sc_hd__a22o_1)
     3    0.01    0.06    0.24    0.82 v _092_/X (sky130_fd_sc_hd__a22o_1)
                                         _048_ (net)
                  0.06    0.00    0.82 v _101_/A (sky130_fd_sc_hd__or4b_4)
     2    0.01    0.09    0.54    1.36 v _101_/X (sky130_fd_sc_hd__or4b_4)
                                         _055_ (net)
                  0.09    0.00    1.36 v rebuffer6/A (sky130_fd_sc_hd__buf_6)
     2    0.00    0.02    0.13    1.48 v rebuffer6/X (sky130_fd_sc_hd__buf_6)
                                         net56 (net)
                  0.02    0.00    1.48 v _102_/B (sky130_fd_sc_hd__or2_4)
     2    0.00    0.05    0.21    1.70 v _102_/X (sky130_fd_sc_hd__or2_4)
                                         _056_ (net)
                  0.05    0.00    1.70 v _148_/C (sky130_fd_sc_hd__or3_4)
     2    0.01    0.07    0.33    2.03 v _148_/X (sky130_fd_sc_hd__or3_4)
                                         _025_ (net)
                  0.07    0.00    2.03 v _153_/S (sky130_fd_sc_hd__mux2_4)
     1    0.00    0.05    0.29    2.33 v _153_/X (sky130_fd_sc_hd__mux2_4)
                                         _029_ (net)
                  0.05    0.00    2.33 v _154_/A (sky130_fd_sc_hd__clkbuf_1)
     1    0.00    0.02    0.08    2.41 v _154_/X (sky130_fd_sc_hd__clkbuf_1)
                                         x78.S (net)
                  0.02    0.00    2.41 v _170_/D (sky130_fd_sc_hd__dfxtp_1)
                                  2.41   data arrival time

                          2.67    2.67   clock core_clock (rise edge)
                          0.00    2.67   clock source latency
     1    0.01    0.00    0.00    2.67 ^ clk (in)
                                         clk (net)
                  0.00    0.00    2.67 ^ clkbuf_0_clk/A (sky130_fd_sc_hd__clkbuf_16)
     4    0.03    0.05    0.12    2.79 ^ clkbuf_0_clk/X (sky130_fd_sc_hd__clkbuf_16)
                                         clknet_0_clk (net)
                  0.05    0.00    2.79 ^ clkbuf_2_2__f_clk/A (sky130_fd_sc_hd__clkbuf_16)
    13    0.03    0.05    0.14    2.93 ^ clkbuf_2_2__f_clk/X (sky130_fd_sc_hd__clkbuf_16)
                                         clknet_2_2__leaf_clk (net)
                  0.05    0.00    2.93 ^ _170_/CLK (sky130_fd_sc_hd__dfxtp_1)
                          0.00    2.93   clock reconvergence pessimism
                         -0.10    2.83   library setup time
                                  2.83   data required time
-----------------------------------------------------------------------------
                                  2.83   data required time
                                 -2.41   data arrival time
-----------------------------------------------------------------------------
                                  0.42   slack (MET)


Startpoint: _172_ (rising edge-triggered flip-flop clocked by core_clock)
Endpoint: _168_ (rising edge-triggered flip-flop clocked by core_clock)
Path Group: core_clock
Path Type: max

Fanout     Cap    Slew   Delay    Time   Description
-----------------------------------------------------------------------------
                          0.00    0.00   clock core_clock (rise edge)
                          0.00    0.00   clock source latency
     1    0.01    0.00    0.00    0.00 ^ clk (in)
                                         clk (net)
                  0.00    0.00    0.00 ^ clkbuf_0_clk/A (sky130_fd_sc_hd__clkbuf_16)
     4    0.03    0.05    0.12    0.12 ^ clkbuf_0_clk/X (sky130_fd_sc_hd__clkbuf_16)
                                         clknet_0_clk (net)
                  0.05    0.00    0.12 ^ clkbuf_2_2__f_clk/A (sky130_fd_sc_hd__clkbuf_16)
    13    0.03    0.05    0.14    0.26 ^ clkbuf_2_2__f_clk/X (sky130_fd_sc_hd__clkbuf_16)
                                         clknet_2_2__leaf_clk (net)
                  0.05    0.00    0.26 ^ _172_/CLK (sky130_fd_sc_hd__dfxtp_2)
     3    0.01    0.03    0.32    0.57 v _172_/Q (sky130_fd_sc_hd__dfxtp_2)
                                         x2.A (net)
                  0.03    0.00    0.57 v _072_/A2 (sky130_fd_sc_hd__a22o_1)
     3    0.01    0.06    0.24    0.81 v _072_/X (sky130_fd_sc_hd__a22o_1)
                                         _032_ (net)
                  0.06    0.00    0.81 v _074_/B (sky130_fd_sc_hd__or3b_4)
     4    0.01    0.07    0.38    1.19 v _074_/X (sky130_fd_sc_hd__or3b_4)
                                         _034_ (net)
                  0.07    0.00    1.19 v rebuffer1/A (sky130_fd_sc_hd__clkbuf_2)
     1    0.00    0.02    0.11    1.30 v rebuffer1/X (sky130_fd_sc_hd__clkbuf_2)
                                         net51 (net)
                  0.02    0.00    1.30 v _108_/B (sky130_fd_sc_hd__or4_4)
     2    0.01    0.09    0.51    1.80 v _108_/X (sky130_fd_sc_hd__or4_4)
                                         _061_ (net)
                  0.09    0.00    1.80 v _127_/A1 (sky130_fd_sc_hd__a31o_1)
     3    0.01    0.05    0.20    2.01 v _127_/X (sky130_fd_sc_hd__a31o_1)
                                         _008_ (net)
                  0.05    0.00    2.01 v _135_/A2 (sky130_fd_sc_hd__a21o_1)
     2    0.00    0.04    0.18    2.19 v _135_/X (sky130_fd_sc_hd__a21o_1)
                                         _014_ (net)
                  0.04    0.00    2.19 v _137_/A (sky130_fd_sc_hd__and2_4)
     1    0.00    0.03    0.13    2.31 v _137_/X (sky130_fd_sc_hd__and2_4)
                                         _016_ (net)
                  0.03    0.00    2.31 v _138_/A (sky130_fd_sc_hd__clkbuf_1)
     1    0.00    0.02    0.07    2.39 v _138_/X (sky130_fd_sc_hd__clkbuf_1)
                                         x76.S (net)
                  0.02    0.00    2.39 v _168_/D (sky130_fd_sc_hd__dfxtp_1)
                                  2.39   data arrival time

                          2.67    2.67   clock core_clock (rise edge)
                          0.00    2.67   clock source latency
     1    0.01    0.00    0.00    2.67 ^ clk (in)
                                         clk (net)
                  0.00    0.00    2.67 ^ clkbuf_0_clk/A (sky130_fd_sc_hd__clkbuf_16)
     4    0.03    0.05    0.12    2.79 ^ clkbuf_0_clk/X (sky130_fd_sc_hd__clkbuf_16)
                                         clknet_0_clk (net)
                  0.05    0.00    2.79 ^ clkbuf_2_3__f_clk/A (sky130_fd_sc_hd__clkbuf_16)
    14    0.03    0.05    0.14    2.93 ^ clkbuf_2_3__f_clk/X (sky130_fd_sc_hd__clkbuf_16)
                                         clknet_2_3__leaf_clk (net)
                  0.05    0.00    2.93 ^ _168_/CLK (sky130_fd_sc_hd__dfxtp_1)
                          0.00    2.93   clock reconvergence pessimism
                         -0.10    2.83   library setup time
                                  2.83   data required time
-----------------------------------------------------------------------------
                                  2.83   data required time
                                 -2.39   data arrival time
-----------------------------------------------------------------------------
                                  0.44   slack (MET)


Startpoint: _172_ (rising edge-triggered flip-flop clocked by core_clock)
Endpoint: _169_ (rising edge-triggered flip-flop clocked by core_clock)
Path Group: core_clock
Path Type: max

Fanout     Cap    Slew   Delay    Time   Description
-----------------------------------------------------------------------------
                          0.00    0.00   clock core_clock (rise edge)
                          0.00    0.00   clock source latency
     1    0.01    0.00    0.00    0.00 ^ clk (in)
                                         clk (net)
                  0.00    0.00    0.00 ^ clkbuf_0_clk/A (sky130_fd_sc_hd__clkbuf_16)
     4    0.03    0.05    0.12    0.12 ^ clkbuf_0_clk/X (sky130_fd_sc_hd__clkbuf_16)
                                         clknet_0_clk (net)
                  0.05    0.00    0.12 ^ clkbuf_2_2__f_clk/A (sky130_fd_sc_hd__clkbuf_16)
    13    0.03    0.05    0.14    0.26 ^ clkbuf_2_2__f_clk/X (sky130_fd_sc_hd__clkbuf_16)
                                         clknet_2_2__leaf_clk (net)
                  0.05    0.00    0.26 ^ _172_/CLK (sky130_fd_sc_hd__dfxtp_2)
     3    0.01    0.03    0.32    0.57 v _172_/Q (sky130_fd_sc_hd__dfxtp_2)
                                         x2.A (net)
                  0.03    0.00    0.57 v _072_/A2 (sky130_fd_sc_hd__a22o_1)
     3    0.01    0.06    0.24    0.81 v _072_/X (sky130_fd_sc_hd__a22o_1)
                                         _032_ (net)
                  0.06    0.00    0.81 v _074_/B (sky130_fd_sc_hd__or3b_4)
     4    0.01    0.07    0.38    1.19 v _074_/X (sky130_fd_sc_hd__or3b_4)
                                         _034_ (net)
                  0.07    0.00    1.19 v rebuffer1/A (sky130_fd_sc_hd__clkbuf_2)
     1    0.00    0.02    0.11    1.30 v rebuffer1/X (sky130_fd_sc_hd__clkbuf_2)
                                         net51 (net)
                  0.02    0.00    1.30 v _108_/B (sky130_fd_sc_hd__or4_4)
     2    0.01    0.09    0.51    1.80 v _108_/X (sky130_fd_sc_hd__or4_4)
                                         _061_ (net)
                  0.09    0.00    1.80 v _127_/A1 (sky130_fd_sc_hd__a31o_1)
     3    0.01    0.05    0.20    2.01 v _127_/X (sky130_fd_sc_hd__a31o_1)
                                         _008_ (net)
                  0.05    0.00    2.01 v _135_/A2 (sky130_fd_sc_hd__a21o_1)
     2    0.00    0.04    0.18    2.19 v _135_/X (sky130_fd_sc_hd__a21o_1)
                                         _014_ (net)
                  0.04    0.00    2.19 v _141_/B1 (sky130_fd_sc_hd__a22o_1)
     1    0.00    0.04    0.16    2.35 v _141_/X (sky130_fd_sc_hd__a22o_1)
                                         x77.S (net)
                  0.04    0.00    2.35 v _169_/D (sky130_fd_sc_hd__dfxtp_1)
                                  2.35   data arrival time

                          2.67    2.67   clock core_clock (rise edge)
                          0.00    2.67   clock source latency
     1    0.01    0.00    0.00    2.67 ^ clk (in)
                                         clk (net)
                  0.00    0.00    2.67 ^ clkbuf_0_clk/A (sky130_fd_sc_hd__clkbuf_16)
     4    0.03    0.05    0.12    2.79 ^ clkbuf_0_clk/X (sky130_fd_sc_hd__clkbuf_16)
                                         clknet_0_clk (net)
                  0.05    0.00    2.79 ^ clkbuf_2_3__f_clk/A (sky130_fd_sc_hd__clkbuf_16)
    14    0.03    0.05    0.14    2.93 ^ clkbuf_2_3__f_clk/X (sky130_fd_sc_hd__clkbuf_16)
                                         clknet_2_3__leaf_clk (net)
                  0.05    0.00    2.93 ^ _169_/CLK (sky130_fd_sc_hd__dfxtp_1)
                          0.00    2.93   clock reconvergence pessimism
                         -0.10    2.82   library setup time
                                  2.82   data required time
-----------------------------------------------------------------------------
                                  2.82   data required time
                                 -2.35   data arrival time
-----------------------------------------------------------------------------
                                  0.47   slack (MET)


Startpoint: _172_ (rising edge-triggered flip-flop clocked by core_clock)
Endpoint: _165_ (rising edge-triggered flip-flop clocked by core_clock)
Path Group: core_clock
Path Type: max

Fanout     Cap    Slew   Delay    Time   Description
-----------------------------------------------------------------------------
                          0.00    0.00   clock core_clock (rise edge)
                          0.00    0.00   clock source latency
     1    0.01    0.00    0.00    0.00 ^ clk (in)
                                         clk (net)
                  0.00    0.00    0.00 ^ clkbuf_0_clk/A (sky130_fd_sc_hd__clkbuf_16)
     4    0.03    0.05    0.12    0.12 ^ clkbuf_0_clk/X (sky130_fd_sc_hd__clkbuf_16)
                                         clknet_0_clk (net)
                  0.05    0.00    0.12 ^ clkbuf_2_2__f_clk/A (sky130_fd_sc_hd__clkbuf_16)
    13    0.03    0.05    0.14    0.26 ^ clkbuf_2_2__f_clk/X (sky130_fd_sc_hd__clkbuf_16)
                                         clknet_2_2__leaf_clk (net)
                  0.05    0.00    0.26 ^ _172_/CLK (sky130_fd_sc_hd__dfxtp_2)
     3    0.01    0.03    0.32    0.57 v _172_/Q (sky130_fd_sc_hd__dfxtp_2)
                                         x2.A (net)
                  0.03    0.00    0.57 v _072_/A2 (sky130_fd_sc_hd__a22o_1)
     3    0.01    0.06    0.24    0.81 v _072_/X (sky130_fd_sc_hd__a22o_1)
                                         _032_ (net)
                  0.06    0.00    0.81 v _074_/B (sky130_fd_sc_hd__or3b_4)
     4    0.01    0.07    0.38    1.19 v _074_/X (sky130_fd_sc_hd__or3b_4)
                                         _034_ (net)
                  0.07    0.00    1.19 v rebuffer1/A (sky130_fd_sc_hd__clkbuf_2)
     1    0.00    0.02    0.11    1.30 v rebuffer1/X (sky130_fd_sc_hd__clkbuf_2)
                                         net51 (net)
                  0.02    0.00    1.30 v _108_/B (sky130_fd_sc_hd__or4_4)
     2    0.01    0.09    0.51    1.80 v _108_/X (sky130_fd_sc_hd__or4_4)
                                         _061_ (net)
                  0.09    0.00    1.80 v _109_/C (sky130_fd_sc_hd__nand3_2)
     4    0.01    0.08    0.11    1.91 ^ _109_/Y (sky130_fd_sc_hd__nand3_2)
                                         _062_ (net)
                  0.08    0.00    1.91 ^ _119_/B_N (sky130_fd_sc_hd__or2b_1)
     1    0.00    0.04    0.22    2.14 v _119_/X (sky130_fd_sc_hd__or2b_1)
                                         _001_ (net)
                  0.04    0.00    2.14 v _121_/A3 (sky130_fd_sc_hd__a31o_1)
     1    0.00    0.03    0.20    2.34 v _121_/X (sky130_fd_sc_hd__a31o_1)
                                         x73.S (net)
                  0.03    0.00    2.34 v _165_/D (sky130_fd_sc_hd__dfxtp_1)
                                  2.34   data arrival time

                          2.67    2.67   clock core_clock (rise edge)
                          0.00    2.67   clock source latency
     1    0.01    0.00    0.00    2.67 ^ clk (in)
                                         clk (net)
                  0.00    0.00    2.67 ^ clkbuf_0_clk/A (sky130_fd_sc_hd__clkbuf_16)
     4    0.03    0.05    0.12    2.79 ^ clkbuf_0_clk/X (sky130_fd_sc_hd__clkbuf_16)
                                         clknet_0_clk (net)
                  0.05    0.00    2.79 ^ clkbuf_2_3__f_clk/A (sky130_fd_sc_hd__clkbuf_16)
    14    0.03    0.05    0.14    2.93 ^ clkbuf_2_3__f_clk/X (sky130_fd_sc_hd__clkbuf_16)
                                         clknet_2_3__leaf_clk (net)
                  0.05    0.00    2.93 ^ _165_/CLK (sky130_fd_sc_hd__dfxtp_1)
                          0.00    2.93   clock reconvergence pessimism
                         -0.10    2.82   library setup time
                                  2.82   data required time
-----------------------------------------------------------------------------
                                  2.82   data required time
                                 -2.34   data arrival time
-----------------------------------------------------------------------------
                                  0.49   slack (MET)


Startpoint: _172_ (rising edge-triggered flip-flop clocked by core_clock)
Endpoint: _167_ (rising edge-triggered flip-flop clocked by core_clock)
Path Group: core_clock
Path Type: max

Fanout     Cap    Slew   Delay    Time   Description
-----------------------------------------------------------------------------
                          0.00    0.00   clock core_clock (rise edge)
                          0.00    0.00   clock source latency
     1    0.01    0.00    0.00    0.00 ^ clk (in)
                                         clk (net)
                  0.00    0.00    0.00 ^ clkbuf_0_clk/A (sky130_fd_sc_hd__clkbuf_16)
     4    0.03    0.05    0.12    0.12 ^ clkbuf_0_clk/X (sky130_fd_sc_hd__clkbuf_16)
                                         clknet_0_clk (net)
                  0.05    0.00    0.12 ^ clkbuf_2_2__f_clk/A (sky130_fd_sc_hd__clkbuf_16)
    13    0.03    0.05    0.14    0.26 ^ clkbuf_2_2__f_clk/X (sky130_fd_sc_hd__clkbuf_16)
                                         clknet_2_2__leaf_clk (net)
                  0.05    0.00    0.26 ^ _172_/CLK (sky130_fd_sc_hd__dfxtp_2)
     3    0.01    0.03    0.32    0.57 v _172_/Q (sky130_fd_sc_hd__dfxtp_2)
                                         x2.A (net)
                  0.03    0.00    0.57 v _072_/A2 (sky130_fd_sc_hd__a22o_1)
     3    0.01    0.06    0.24    0.81 v _072_/X (sky130_fd_sc_hd__a22o_1)
                                         _032_ (net)
                  0.06    0.00    0.81 v _074_/B (sky130_fd_sc_hd__or3b_4)
     4    0.01    0.07    0.38    1.19 v _074_/X (sky130_fd_sc_hd__or3b_4)
                                         _034_ (net)
                  0.07    0.00    1.19 v rebuffer1/A (sky130_fd_sc_hd__clkbuf_2)
     1    0.00    0.02    0.11    1.30 v rebuffer1/X (sky130_fd_sc_hd__clkbuf_2)
                                         net51 (net)
                  0.02    0.00    1.30 v _108_/B (sky130_fd_sc_hd__or4_4)
     2    0.01    0.09    0.51    1.80 v _108_/X (sky130_fd_sc_hd__or4_4)
                                         _061_ (net)
                  0.09    0.00    1.80 v _127_/A1 (sky130_fd_sc_hd__a31o_1)
     3    0.01    0.05    0.20    2.01 v _127_/X (sky130_fd_sc_hd__a31o_1)
                                         _008_ (net)
                  0.05    0.00    2.01 v _130_/C1 (sky130_fd_sc_hd__o211a_1)
     1    0.00    0.04    0.10    2.11 v _130_/X (sky130_fd_sc_hd__o211a_1)
                                         _010_ (net)
                  0.04    0.00    2.11 v _131_/B1 (sky130_fd_sc_hd__a21o_1)
     1    0.00    0.03    0.14    2.25 v _131_/X (sky130_fd_sc_hd__a21o_1)
                                         x75.S (net)
                  0.03    0.00    2.25 v _167_/D (sky130_fd_sc_hd__dfxtp_1)
                                  2.25   data arrival time

                          2.67    2.67   clock core_clock (rise edge)
                          0.00    2.67   clock source latency
     1    0.01    0.00    0.00    2.67 ^ clk (in)
                                         clk (net)
                  0.00    0.00    2.67 ^ clkbuf_0_clk/A (sky130_fd_sc_hd__clkbuf_16)
     4    0.03    0.05    0.12    2.79 ^ clkbuf_0_clk/X (sky130_fd_sc_hd__clkbuf_16)
                                         clknet_0_clk (net)
                  0.05    0.00    2.79 ^ clkbuf_2_3__f_clk/A (sky130_fd_sc_hd__clkbuf_16)
    14    0.03    0.05    0.14    2.93 ^ clkbuf_2_3__f_clk/X (sky130_fd_sc_hd__clkbuf_16)
                                         clknet_2_3__leaf_clk (net)
                  0.05    0.00    2.93 ^ _167_/CLK (sky130_fd_sc_hd__dfxtp_1)
                          0.00    2.93   clock reconvergence pessimism
                         -0.10    2.83   library setup time
                                  2.83   data required time
-----------------------------------------------------------------------------
                                  2.83   data required time
                                 -2.25   data arrival time
-----------------------------------------------------------------------------
                                  0.58   slack (MET)


Startpoint: _172_ (rising edge-triggered flip-flop clocked by core_clock)
Endpoint: _166_ (rising edge-triggered flip-flop clocked by core_clock)
Path Group: core_clock
Path Type: max

Fanout     Cap    Slew   Delay    Time   Description
-----------------------------------------------------------------------------
                          0.00    0.00   clock core_clock (rise edge)
                          0.00    0.00   clock source latency
     1    0.01    0.00    0.00    0.00 ^ clk (in)
                                         clk (net)
                  0.00    0.00    0.00 ^ clkbuf_0_clk/A (sky130_fd_sc_hd__clkbuf_16)
     4    0.03    0.05    0.12    0.12 ^ clkbuf_0_clk/X (sky130_fd_sc_hd__clkbuf_16)
                                         clknet_0_clk (net)
                  0.05    0.00    0.12 ^ clkbuf_2_2__f_clk/A (sky130_fd_sc_hd__clkbuf_16)
    13    0.03    0.05    0.14    0.26 ^ clkbuf_2_2__f_clk/X (sky130_fd_sc_hd__clkbuf_16)
                                         clknet_2_2__leaf_clk (net)
                  0.05    0.00    0.26 ^ _172_/CLK (sky130_fd_sc_hd__dfxtp_2)
     3    0.01    0.03    0.32    0.57 v _172_/Q (sky130_fd_sc_hd__dfxtp_2)
                                         x2.A (net)
                  0.03    0.00    0.57 v _072_/A2 (sky130_fd_sc_hd__a22o_1)
     3    0.01    0.06    0.24    0.81 v _072_/X (sky130_fd_sc_hd__a22o_1)
                                         _032_ (net)
                  0.06    0.00    0.81 v _074_/B (sky130_fd_sc_hd__or3b_4)
     4    0.01    0.07    0.38    1.19 v _074_/X (sky130_fd_sc_hd__or3b_4)
                                         _034_ (net)
                  0.07    0.00    1.19 v rebuffer1/A (sky130_fd_sc_hd__clkbuf_2)
     1    0.00    0.02    0.11    1.30 v rebuffer1/X (sky130_fd_sc_hd__clkbuf_2)
                                         net51 (net)
                  0.02    0.00    1.30 v _108_/B (sky130_fd_sc_hd__or4_4)
     2    0.01    0.09    0.51    1.80 v _108_/X (sky130_fd_sc_hd__or4_4)
                                         _061_ (net)
                  0.09    0.00    1.80 v _127_/A1 (sky130_fd_sc_hd__a31o_1)
     3    0.01    0.05    0.20    2.01 v _127_/X (sky130_fd_sc_hd__a31o_1)
                                         _008_ (net)
                  0.05    0.00    2.01 v _128_/B1_N (sky130_fd_sc_hd__a21bo_1)
     1    0.00    0.05    0.18    2.19 ^ _128_/X (sky130_fd_sc_hd__a21bo_1)
                                         _009_ (net)
                  0.05    0.00    2.19 ^ _129_/A (sky130_fd_sc_hd__inv_2)
     1    0.00    0.01    0.02    2.21 v _129_/Y (sky130_fd_sc_hd__inv_2)
                                         x74.S (net)
                  0.01    0.00    2.21 v _166_/D (sky130_fd_sc_hd__dfxtp_1)
                                  2.21   data arrival time

                          2.67    2.67   clock core_clock (rise edge)
                          0.00    2.67   clock source latency
     1    0.01    0.00    0.00    2.67 ^ clk (in)
                                         clk (net)
                  0.00    0.00    2.67 ^ clkbuf_0_clk/A (sky130_fd_sc_hd__clkbuf_16)
     4    0.03    0.05    0.12    2.79 ^ clkbuf_0_clk/X (sky130_fd_sc_hd__clkbuf_16)
                                         clknet_0_clk (net)
                  0.05    0.00    2.79 ^ clkbuf_2_2__f_clk/A (sky130_fd_sc_hd__clkbuf_16)
    13    0.03    0.05    0.14    2.93 ^ clkbuf_2_2__f_clk/X (sky130_fd_sc_hd__clkbuf_16)
                                         clknet_2_2__leaf_clk (net)
                  0.05    0.00    2.93 ^ _166_/CLK (sky130_fd_sc_hd__dfxtp_1)
                          0.00    2.93   clock reconvergence pessimism
                         -0.10    2.83   library setup time
                                  2.83   data required time
-----------------------------------------------------------------------------
                                  2.83   data required time
                                 -2.21   data arrival time
-----------------------------------------------------------------------------
                                  0.62   slack (MET)


Startpoint: _176_ (rising edge-triggered flip-flop clocked by core_clock)
Endpoint: _171_ (rising edge-triggered flip-flop clocked by core_clock)
Path Group: core_clock
Path Type: max

Fanout     Cap    Slew   Delay    Time   Description
-----------------------------------------------------------------------------
                          0.00    0.00   clock core_clock (rise edge)
                          0.00    0.00   clock source latency
     1    0.01    0.00    0.00    0.00 ^ clk (in)
                                         clk (net)
                  0.00    0.00    0.00 ^ clkbuf_0_clk/A (sky130_fd_sc_hd__clkbuf_16)
     4    0.03    0.05    0.12    0.12 ^ clkbuf_0_clk/X (sky130_fd_sc_hd__clkbuf_16)
                                         clknet_0_clk (net)
                  0.05    0.00    0.12 ^ clkbuf_2_0__f_clk/A (sky130_fd_sc_hd__clkbuf_16)
    16    0.03    0.05    0.14    0.26 ^ clkbuf_2_0__f_clk/X (sky130_fd_sc_hd__clkbuf_16)
                                         clknet_2_0__leaf_clk (net)
                  0.05    0.00    0.26 ^ _176_/CLK (sky130_fd_sc_hd__dfxtp_2)
     4    0.01    0.04    0.32    0.58 v _176_/Q (sky130_fd_sc_hd__dfxtp_2)
                                         x10.A (net)
                  0.04    0.00    0.58 v _092_/A2 (sky130_fd_sc_hd__a22o_1)
     3    0.01    0.06    0.24    0.82 v _092_/X (sky130_fd_sc_hd__a22o_1)
                                         _048_ (net)
                  0.06    0.00    0.82 v _101_/A (sky130_fd_sc_hd__or4b_4)
     2    0.01    0.09    0.54    1.36 v _101_/X (sky130_fd_sc_hd__or4b_4)
                                         _055_ (net)
                  0.09    0.00    1.36 v rebuffer6/A (sky130_fd_sc_hd__buf_6)
     2    0.00    0.02    0.13    1.48 v rebuffer6/X (sky130_fd_sc_hd__buf_6)
                                         net56 (net)
                  0.02    0.00    1.48 v rebuffer7/A (sky130_fd_sc_hd__clkbuf_2)
     1    0.00    0.02    0.08    1.57 v rebuffer7/X (sky130_fd_sc_hd__clkbuf_2)
                                         net57 (net)
                  0.02    0.00    1.57 v _106_/B1 (sky130_fd_sc_hd__a21o_1)
     4    0.01    0.07    0.18    1.75 v _106_/X (sky130_fd_sc_hd__a21o_1)
                                         _060_ (net)
                  0.07    0.00    1.75 v _149_/A1 (sky130_fd_sc_hd__a211o_1)
     1    0.00    0.05    0.25    2.00 v _149_/X (sky130_fd_sc_hd__a211o_1)
                                         _026_ (net)
                  0.05    0.00    2.00 v _151_/B1 (sky130_fd_sc_hd__o211ai_1)
     2    0.00    0.17    0.10    2.10 ^ _151_/Y (sky130_fd_sc_hd__o211ai_1)
                                         _028_ (net)
                  0.17    0.00    2.10 ^ _152_/B1_N (sky130_fd_sc_hd__o21bai_1)
     1    0.00    0.09    0.12    2.22 ^ _152_/Y (sky130_fd_sc_hd__o21bai_1)
                                         x58.C (net)
                  0.09    0.00    2.22 ^ _171_/D (sky130_fd_sc_hd__dfxtp_1)
                                  2.22   data arrival time

                          2.67    2.67   clock core_clock (rise edge)
                          0.00    2.67   clock source latency
     1    0.01    0.00    0.00    2.67 ^ clk (in)
                                         clk (net)
                  0.00    0.00    2.67 ^ clkbuf_0_clk/A (sky130_fd_sc_hd__clkbuf_16)
     4    0.03    0.05    0.12    2.79 ^ clkbuf_0_clk/X (sky130_fd_sc_hd__clkbuf_16)
                                         clknet_0_clk (net)
                  0.05    0.00    2.79 ^ clkbuf_2_2__f_clk/A (sky130_fd_sc_hd__clkbuf_16)
    13    0.03    0.05    0.14    2.93 ^ clkbuf_2_2__f_clk/X (sky130_fd_sc_hd__clkbuf_16)
                                         clknet_2_2__leaf_clk (net)
                  0.05    0.00    2.93 ^ _171_/CLK (sky130_fd_sc_hd__dfxtp_1)
                          0.00    2.93   clock reconvergence pessimism
                         -0.06    2.86   library setup time
                                  2.86   data required time
-----------------------------------------------------------------------------
                                  2.86   data required time
                                 -2.22   data arrival time
-----------------------------------------------------------------------------
                                  0.64   slack (MET)


Startpoint: _172_ (rising edge-triggered flip-flop clocked by core_clock)
Endpoint: _161_ (rising edge-triggered flip-flop clocked by core_clock)
Path Group: core_clock
Path Type: max

Fanout     Cap    Slew   Delay    Time   Description
-----------------------------------------------------------------------------
                          0.00    0.00   clock core_clock (rise edge)
                          0.00    0.00   clock source latency
     1    0.01    0.00    0.00    0.00 ^ clk (in)
                                         clk (net)
                  0.00    0.00    0.00 ^ clkbuf_0_clk/A (sky130_fd_sc_hd__clkbuf_16)
     4    0.03    0.05    0.12    0.12 ^ clkbuf_0_clk/X (sky130_fd_sc_hd__clkbuf_16)
                                         clknet_0_clk (net)
                  0.05    0.00    0.12 ^ clkbuf_2_2__f_clk/A (sky130_fd_sc_hd__clkbuf_16)
    13    0.03    0.05    0.14    0.26 ^ clkbuf_2_2__f_clk/X (sky130_fd_sc_hd__clkbuf_16)
                                         clknet_2_2__leaf_clk (net)
                  0.05    0.00    0.26 ^ _172_/CLK (sky130_fd_sc_hd__dfxtp_2)
     3    0.01    0.05    0.33    0.58 ^ _172_/Q (sky130_fd_sc_hd__dfxtp_2)
                                         x2.A (net)
                  0.05    0.00    0.58 ^ _072_/A2 (sky130_fd_sc_hd__a22o_1)
     3    0.01    0.08    0.16    0.74 ^ _072_/X (sky130_fd_sc_hd__a22o_1)
                                         _032_ (net)
                  0.08    0.00    0.74 ^ rebuffer8/A (sky130_fd_sc_hd__dlygate4sd1_1)
     1    0.00    0.03    0.19    0.93 ^ rebuffer8/X (sky130_fd_sc_hd__dlygate4sd1_1)
                                         net58 (net)
                  0.03    0.00    0.93 ^ _085_/C_N (sky130_fd_sc_hd__or4bb_4)
     2    0.00    0.08    0.51    1.44 v _085_/X (sky130_fd_sc_hd__or4bb_4)
                                         _043_ (net)
                  0.08    0.00    1.44 v _086_/B (sky130_fd_sc_hd__nand2_1)
     2    0.00    0.05    0.08    1.52 ^ _086_/Y (sky130_fd_sc_hd__nand2_1)
                                         _044_ (net)
                  0.05    0.00    1.52 ^ _088_/B1_N (sky130_fd_sc_hd__o21ba_1)
     3    0.01    0.06    0.17    1.69 v _088_/X (sky130_fd_sc_hd__o21ba_1)
                                         _045_ (net)
                  0.06    0.00    1.69 v _097_/B1 (sky130_fd_sc_hd__o221a_1)
     1    0.00    0.04    0.22    1.91 v _097_/X (sky130_fd_sc_hd__o221a_1)
                                         _052_ (net)
                  0.04    0.00    1.91 v _098_/B1 (sky130_fd_sc_hd__a21o_1)
     1    0.00    0.03    0.14    2.05 v _098_/X (sky130_fd_sc_hd__a21o_1)
                                         x69.S (net)
                  0.03    0.00    2.05 v _161_/D (sky130_fd_sc_hd__dfxtp_1)
                                  2.05   data arrival time

                          2.67    2.67   clock core_clock (rise edge)
                          0.00    2.67   clock source latency
     1    0.01    0.00    0.00    2.67 ^ clk (in)
                                         clk (net)
                  0.00    0.00    2.67 ^ clkbuf_0_clk/A (sky130_fd_sc_hd__clkbuf_16)
     4    0.03    0.05    0.12    2.79 ^ clkbuf_0_clk/X (sky130_fd_sc_hd__clkbuf_16)
                                         clknet_0_clk (net)
                  0.05    0.00    2.79 ^ clkbuf_2_0__f_clk/A (sky130_fd_sc_hd__clkbuf_16)
    16    0.03    0.05    0.14    2.93 ^ clkbuf_2_0__f_clk/X (sky130_fd_sc_hd__clkbuf_16)
                                         clknet_2_0__leaf_clk (net)
                  0.05    0.00    2.93 ^ _161_/CLK (sky130_fd_sc_hd__dfxtp_1)
                          0.00    2.93   clock reconvergence pessimism
                         -0.10    2.83   library setup time
                                  2.83   data required time
-----------------------------------------------------------------------------
                                  2.83   data required time
                                 -2.05   data arrival time
-----------------------------------------------------------------------------
                                  0.78   slack (MET)


Startpoint: _172_ (rising edge-triggered flip-flop clocked by core_clock)
Endpoint: _164_ (rising edge-triggered flip-flop clocked by core_clock)
Path Group: core_clock
Path Type: max

Fanout     Cap    Slew   Delay    Time   Description
-----------------------------------------------------------------------------
                          0.00    0.00   clock core_clock (rise edge)
                          0.00    0.00   clock source latency
     1    0.01    0.00    0.00    0.00 ^ clk (in)
                                         clk (net)
                  0.00    0.00    0.00 ^ clkbuf_0_clk/A (sky130_fd_sc_hd__clkbuf_16)
     4    0.03    0.05    0.12    0.12 ^ clkbuf_0_clk/X (sky130_fd_sc_hd__clkbuf_16)
                                         clknet_0_clk (net)
                  0.05    0.00    0.12 ^ clkbuf_2_2__f_clk/A (sky130_fd_sc_hd__clkbuf_16)
    13    0.03    0.05    0.14    0.26 ^ clkbuf_2_2__f_clk/X (sky130_fd_sc_hd__clkbuf_16)
                                         clknet_2_2__leaf_clk (net)
                  0.05    0.00    0.26 ^ _172_/CLK (sky130_fd_sc_hd__dfxtp_2)
     3    0.01    0.03    0.32    0.57 v _172_/Q (sky130_fd_sc_hd__dfxtp_2)
                                         x2.A (net)
                  0.03    0.00    0.57 v _072_/A2 (sky130_fd_sc_hd__a22o_1)
     3    0.01    0.06    0.24    0.81 v _072_/X (sky130_fd_sc_hd__a22o_1)
                                         _032_ (net)
                  0.06    0.00    0.81 v _074_/B (sky130_fd_sc_hd__or3b_4)
     4    0.01    0.07    0.38    1.19 v _074_/X (sky130_fd_sc_hd__or3b_4)
                                         _034_ (net)
                  0.07    0.00    1.19 v rebuffer1/A (sky130_fd_sc_hd__clkbuf_2)
     1    0.00    0.02    0.11    1.30 v rebuffer1/X (sky130_fd_sc_hd__clkbuf_2)
                                         net51 (net)
                  0.02    0.00    1.30 v _108_/B (sky130_fd_sc_hd__or4_4)
     2    0.01    0.09    0.51    1.80 v _108_/X (sky130_fd_sc_hd__or4_4)
                                         _061_ (net)
                  0.09    0.00    1.80 v _109_/C (sky130_fd_sc_hd__nand3_2)
     4    0.01    0.08    0.11    1.91 ^ _109_/Y (sky130_fd_sc_hd__nand3_2)
                                         _062_ (net)
                  0.08    0.00    1.91 ^ _117_/A1 (sky130_fd_sc_hd__o21ai_1)
     1    0.00    0.05    0.07    1.98 v _117_/Y (sky130_fd_sc_hd__o21ai_1)
                                         x72.S (net)
                  0.05    0.00    1.98 v _164_/D (sky130_fd_sc_hd__dfxtp_1)
                                  1.98   data arrival time

                          2.67    2.67   clock core_clock (rise edge)
                          0.00    2.67   clock source latency
     1    0.01    0.00    0.00    2.67 ^ clk (in)
                                         clk (net)
                  0.00    0.00    2.67 ^ clkbuf_0_clk/A (sky130_fd_sc_hd__clkbuf_16)
     4    0.03    0.05    0.12    2.79 ^ clkbuf_0_clk/X (sky130_fd_sc_hd__clkbuf_16)
                                         clknet_0_clk (net)
                  0.05    0.00    2.79 ^ clkbuf_2_2__f_clk/A (sky130_fd_sc_hd__clkbuf_16)
    13    0.03    0.05    0.14    2.93 ^ clkbuf_2_2__f_clk/X (sky130_fd_sc_hd__clkbuf_16)
                                         clknet_2_2__leaf_clk (net)
                  0.05    0.00    2.93 ^ _164_/CLK (sky130_fd_sc_hd__dfxtp_1)
                          0.00    2.93   clock reconvergence pessimism
                         -0.11    2.82   library setup time
                                  2.82   data required time
-----------------------------------------------------------------------------
                                  2.82   data required time
                                 -1.98   data arrival time
-----------------------------------------------------------------------------
                                  0.84   slack (MET)


Startpoint: _172_ (rising edge-triggered flip-flop clocked by core_clock)
Endpoint: _163_ (rising edge-triggered flip-flop clocked by core_clock)
Path Group: core_clock
Path Type: max

Fanout     Cap    Slew   Delay    Time   Description
-----------------------------------------------------------------------------
                          0.00    0.00   clock core_clock (rise edge)
                          0.00    0.00   clock source latency
     1    0.01    0.00    0.00    0.00 ^ clk (in)
                                         clk (net)
                  0.00    0.00    0.00 ^ clkbuf_0_clk/A (sky130_fd_sc_hd__clkbuf_16)
     4    0.03    0.05    0.12    0.12 ^ clkbuf_0_clk/X (sky130_fd_sc_hd__clkbuf_16)
                                         clknet_0_clk (net)
                  0.05    0.00    0.12 ^ clkbuf_2_2__f_clk/A (sky130_fd_sc_hd__clkbuf_16)
    13    0.03    0.05    0.14    0.26 ^ clkbuf_2_2__f_clk/X (sky130_fd_sc_hd__clkbuf_16)
                                         clknet_2_2__leaf_clk (net)
                  0.05    0.00    0.26 ^ _172_/CLK (sky130_fd_sc_hd__dfxtp_2)
     3    0.01    0.03    0.32    0.57 v _172_/Q (sky130_fd_sc_hd__dfxtp_2)
                                         x2.A (net)
                  0.03    0.00    0.57 v _072_/A2 (sky130_fd_sc_hd__a22o_1)
     3    0.01    0.06    0.24    0.81 v _072_/X (sky130_fd_sc_hd__a22o_1)
                                         _032_ (net)
                  0.06    0.00    0.81 v _074_/B (sky130_fd_sc_hd__or3b_4)
     4    0.01    0.07    0.38    1.19 v _074_/X (sky130_fd_sc_hd__or3b_4)
                                         _034_ (net)
                  0.07    0.00    1.19 v rebuffer1/A (sky130_fd_sc_hd__clkbuf_2)
     1    0.00    0.02    0.11    1.30 v rebuffer1/X (sky130_fd_sc_hd__clkbuf_2)
                                         net51 (net)
                  0.02    0.00    1.30 v _108_/B (sky130_fd_sc_hd__or4_4)
     2    0.01    0.09    0.51    1.80 v _108_/X (sky130_fd_sc_hd__or4_4)
                                         _061_ (net)
                  0.09    0.00    1.80 v _109_/C (sky130_fd_sc_hd__nand3_2)
     4    0.01    0.08    0.11    1.91 ^ _109_/Y (sky130_fd_sc_hd__nand3_2)
                                         _062_ (net)
                  0.08    0.00    1.91 ^ _112_/A1 (sky130_fd_sc_hd__a21oi_1)
     1    0.00    0.04    0.06    1.97 v _112_/Y (sky130_fd_sc_hd__a21oi_1)
                                         x71.S (net)
                  0.04    0.00    1.97 v _163_/D (sky130_fd_sc_hd__dfxtp_1)
                                  1.97   data arrival time

                          2.67    2.67   clock core_clock (rise edge)
                          0.00    2.67   clock source latency
     1    0.01    0.00    0.00    2.67 ^ clk (in)
                                         clk (net)
                  0.00    0.00    2.67 ^ clkbuf_0_clk/A (sky130_fd_sc_hd__clkbuf_16)
     4    0.03    0.05    0.12    2.79 ^ clkbuf_0_clk/X (sky130_fd_sc_hd__clkbuf_16)
                                         clknet_0_clk (net)
                  0.05    0.00    2.79 ^ clkbuf_2_1__f_clk/A (sky130_fd_sc_hd__clkbuf_16)
    10    0.03    0.05    0.14    2.93 ^ clkbuf_2_1__f_clk/X (sky130_fd_sc_hd__clkbuf_16)
                                         clknet_2_1__leaf_clk (net)
                  0.05    0.00    2.93 ^ _163_/CLK (sky130_fd_sc_hd__dfxtp_1)
                          0.00    2.93   clock reconvergence pessimism
                         -0.11    2.82   library setup time
                                  2.82   data required time
-----------------------------------------------------------------------------
                                  2.82   data required time
                                 -1.97   data arrival time
-----------------------------------------------------------------------------
                                  0.85   slack (MET)


Startpoint: _172_ (rising edge-triggered flip-flop clocked by core_clock)
Endpoint: _159_ (rising edge-triggered flip-flop clocked by core_clock)
Path Group: core_clock
Path Type: max

Fanout     Cap    Slew   Delay    Time   Description
-----------------------------------------------------------------------------
                          0.00    0.00   clock core_clock (rise edge)
                          0.00    0.00   clock source latency
     1    0.01    0.00    0.00    0.00 ^ clk (in)
                                         clk (net)
                  0.00    0.00    0.00 ^ clkbuf_0_clk/A (sky130_fd_sc_hd__clkbuf_16)
     4    0.03    0.05    0.12    0.12 ^ clkbuf_0_clk/X (sky130_fd_sc_hd__clkbuf_16)
                                         clknet_0_clk (net)
                  0.05    0.00    0.12 ^ clkbuf_2_2__f_clk/A (sky130_fd_sc_hd__clkbuf_16)
    13    0.03    0.05    0.14    0.26 ^ clkbuf_2_2__f_clk/X (sky130_fd_sc_hd__clkbuf_16)
                                         clknet_2_2__leaf_clk (net)
                  0.05    0.00    0.26 ^ _172_/CLK (sky130_fd_sc_hd__dfxtp_2)
     3    0.01    0.05    0.33    0.58 ^ _172_/Q (sky130_fd_sc_hd__dfxtp_2)
                                         x2.A (net)
                  0.05    0.00    0.58 ^ _072_/A2 (sky130_fd_sc_hd__a22o_1)
     3    0.01    0.08    0.16    0.74 ^ _072_/X (sky130_fd_sc_hd__a22o_1)
                                         _032_ (net)
                  0.08    0.00    0.74 ^ rebuffer8/A (sky130_fd_sc_hd__dlygate4sd1_1)
     1    0.00    0.03    0.19    0.93 ^ rebuffer8/X (sky130_fd_sc_hd__dlygate4sd1_1)
                                         net58 (net)
                  0.03    0.00    0.93 ^ _085_/C_N (sky130_fd_sc_hd__or4bb_4)
     2    0.00    0.08    0.51    1.44 v _085_/X (sky130_fd_sc_hd__or4bb_4)
                                         _043_ (net)
                  0.08    0.00    1.44 v _086_/B (sky130_fd_sc_hd__nand2_1)
     2    0.00    0.05    0.08    1.52 ^ _086_/Y (sky130_fd_sc_hd__nand2_1)
                                         _044_ (net)
                  0.05    0.00    1.52 ^ _088_/B1_N (sky130_fd_sc_hd__o21ba_1)
     3    0.01    0.06    0.17    1.69 v _088_/X (sky130_fd_sc_hd__o21ba_1)
                                         _045_ (net)
                  0.06    0.00    1.69 v _089_/B1 (sky130_fd_sc_hd__o21a_1)
     1    0.00    0.03    0.10    1.79 v _089_/X (sky130_fd_sc_hd__o21a_1)
                                         _046_ (net)
                  0.03    0.00    1.79 v _090_/B1 (sky130_fd_sc_hd__a21o_1)
     1    0.00    0.03    0.14    1.93 v _090_/X (sky130_fd_sc_hd__a21o_1)
                                         x67.S (net)
                  0.03    0.00    1.93 v _159_/D (sky130_fd_sc_hd__dfxtp_1)
                                  1.93   data arrival time

                          2.67    2.67   clock core_clock (rise edge)
                          0.00    2.67   clock source latency
     1    0.01    0.00    0.00    2.67 ^ clk (in)
                                         clk (net)
                  0.00    0.00    2.67 ^ clkbuf_0_clk/A (sky130_fd_sc_hd__clkbuf_16)
     4    0.03    0.05    0.12    2.79 ^ clkbuf_0_clk/X (sky130_fd_sc_hd__clkbuf_16)
                                         clknet_0_clk (net)
                  0.05    0.00    2.79 ^ clkbuf_2_0__f_clk/A (sky130_fd_sc_hd__clkbuf_16)
    16    0.03    0.05    0.14    2.93 ^ clkbuf_2_0__f_clk/X (sky130_fd_sc_hd__clkbuf_16)
                                         clknet_2_0__leaf_clk (net)
                  0.05    0.00    2.93 ^ _159_/CLK (sky130_fd_sc_hd__dfxtp_1)
                          0.00    2.93   clock reconvergence pessimism
                         -0.10    2.83   library setup time
                                  2.83   data required time
-----------------------------------------------------------------------------
                                  2.83   data required time
                                 -1.93   data arrival time
-----------------------------------------------------------------------------
                                  0.90   slack (MET)


Startpoint: _176_ (rising edge-triggered flip-flop clocked by core_clock)
Endpoint: _162_ (rising edge-triggered flip-flop clocked by core_clock)
Path Group: core_clock
Path Type: max

Fanout     Cap    Slew   Delay    Time   Description
-----------------------------------------------------------------------------
                          0.00    0.00   clock core_clock (rise edge)
                          0.00    0.00   clock source latency
     1    0.01    0.00    0.00    0.00 ^ clk (in)
                                         clk (net)
                  0.00    0.00    0.00 ^ clkbuf_0_clk/A (sky130_fd_sc_hd__clkbuf_16)
     4    0.03    0.05    0.12    0.12 ^ clkbuf_0_clk/X (sky130_fd_sc_hd__clkbuf_16)
                                         clknet_0_clk (net)
                  0.05    0.00    0.12 ^ clkbuf_2_0__f_clk/A (sky130_fd_sc_hd__clkbuf_16)
    16    0.03    0.05    0.14    0.26 ^ clkbuf_2_0__f_clk/X (sky130_fd_sc_hd__clkbuf_16)
                                         clknet_2_0__leaf_clk (net)
                  0.05    0.00    0.26 ^ _176_/CLK (sky130_fd_sc_hd__dfxtp_2)
     4    0.01    0.04    0.32    0.58 v _176_/Q (sky130_fd_sc_hd__dfxtp_2)
                                         x10.A (net)
                  0.04    0.00    0.58 v _092_/A2 (sky130_fd_sc_hd__a22o_1)
     3    0.01    0.06    0.24    0.82 v _092_/X (sky130_fd_sc_hd__a22o_1)
                                         _048_ (net)
                  0.06    0.00    0.82 v _101_/A (sky130_fd_sc_hd__or4b_4)
     2    0.01    0.09    0.54    1.36 v _101_/X (sky130_fd_sc_hd__or4b_4)
                                         _055_ (net)
                  0.09    0.00    1.36 v rebuffer6/A (sky130_fd_sc_hd__buf_6)
     2    0.00    0.02    0.13    1.48 v rebuffer6/X (sky130_fd_sc_hd__buf_6)
                                         net56 (net)
                  0.02    0.00    1.48 v _102_/B (sky130_fd_sc_hd__or2_4)
     2    0.00    0.05    0.21    1.70 v _102_/X (sky130_fd_sc_hd__or2_4)
                                         _056_ (net)
                  0.05    0.00    1.70 v _107_/A2 (sky130_fd_sc_hd__o211ai_1)
     1    0.00    0.12    0.14    1.83 ^ _107_/Y (sky130_fd_sc_hd__o211ai_1)
                                         x70.S (net)
                  0.12    0.00    1.83 ^ _162_/D (sky130_fd_sc_hd__dfxtp_1)
                                  1.83   data arrival time

                          2.67    2.67   clock core_clock (rise edge)
                          0.00    2.67   clock source latency
     1    0.01    0.00    0.00    2.67 ^ clk (in)
                                         clk (net)
                  0.00    0.00    2.67 ^ clkbuf_0_clk/A (sky130_fd_sc_hd__clkbuf_16)
     4    0.03    0.05    0.12    2.79 ^ clkbuf_0_clk/X (sky130_fd_sc_hd__clkbuf_16)
                                         clknet_0_clk (net)
                  0.05    0.00    2.79 ^ clkbuf_2_0__f_clk/A (sky130_fd_sc_hd__clkbuf_16)
    16    0.03    0.05    0.14    2.93 ^ clkbuf_2_0__f_clk/X (sky130_fd_sc_hd__clkbuf_16)
                                         clknet_2_0__leaf_clk (net)
                  0.05    0.00    2.93 ^ _162_/CLK (sky130_fd_sc_hd__dfxtp_1)
                          0.00    2.93   clock reconvergence pessimism
                         -0.07    2.86   library setup time
                                  2.86   data required time
-----------------------------------------------------------------------------
                                  2.86   data required time
                                 -1.83   data arrival time
-----------------------------------------------------------------------------
                                  1.02   slack (MET)


Startpoint: _172_ (rising edge-triggered flip-flop clocked by core_clock)
Endpoint: _160_ (rising edge-triggered flip-flop clocked by core_clock)
Path Group: core_clock
Path Type: max

Fanout     Cap    Slew   Delay    Time   Description
-----------------------------------------------------------------------------
                          0.00    0.00   clock core_clock (rise edge)
                          0.00    0.00   clock source latency
     1    0.01    0.00    0.00    0.00 ^ clk (in)
                                         clk (net)
                  0.00    0.00    0.00 ^ clkbuf_0_clk/A (sky130_fd_sc_hd__clkbuf_16)
     4    0.03    0.05    0.12    0.12 ^ clkbuf_0_clk/X (sky130_fd_sc_hd__clkbuf_16)
                                         clknet_0_clk (net)
                  0.05    0.00    0.12 ^ clkbuf_2_2__f_clk/A (sky130_fd_sc_hd__clkbuf_16)
    13    0.03    0.05    0.14    0.26 ^ clkbuf_2_2__f_clk/X (sky130_fd_sc_hd__clkbuf_16)
                                         clknet_2_2__leaf_clk (net)
                  0.05    0.00    0.26 ^ _172_/CLK (sky130_fd_sc_hd__dfxtp_2)
     3    0.01    0.05    0.33    0.58 ^ _172_/Q (sky130_fd_sc_hd__dfxtp_2)
                                         x2.A (net)
                  0.05    0.00    0.58 ^ _072_/A2 (sky130_fd_sc_hd__a22o_1)
     3    0.01    0.08    0.16    0.74 ^ _072_/X (sky130_fd_sc_hd__a22o_1)
                                         _032_ (net)
                  0.08    0.00    0.74 ^ rebuffer8/A (sky130_fd_sc_hd__dlygate4sd1_1)
     1    0.00    0.03    0.19    0.93 ^ rebuffer8/X (sky130_fd_sc_hd__dlygate4sd1_1)
                                         net58 (net)
                  0.03    0.00    0.93 ^ _085_/C_N (sky130_fd_sc_hd__or4bb_4)
     2    0.00    0.08    0.51    1.44 v _085_/X (sky130_fd_sc_hd__or4bb_4)
                                         _043_ (net)
                  0.08    0.00    1.44 v _086_/B (sky130_fd_sc_hd__nand2_1)
     2    0.00    0.05    0.08    1.52 ^ _086_/Y (sky130_fd_sc_hd__nand2_1)
                                         _044_ (net)
                  0.05    0.00    1.52 ^ _088_/B1_N (sky130_fd_sc_hd__o21ba_1)
     3    0.01    0.06    0.17    1.69 v _088_/X (sky130_fd_sc_hd__o21ba_1)
                                         _045_ (net)
                  0.06    0.00    1.69 v _091_/A (sky130_fd_sc_hd__inv_2)
     1    0.00    0.03    0.05    1.73 ^ _091_/Y (sky130_fd_sc_hd__inv_2)
                                         _047_ (net)
                  0.03    0.00    1.73 ^ _096_/A1 (sky130_fd_sc_hd__o21ai_1)
     1    0.00    0.05    0.05    1.78 v _096_/Y (sky130_fd_sc_hd__o21ai_1)
                                         x68.S (net)
                  0.05    0.00    1.78 v _160_/D (sky130_fd_sc_hd__dfxtp_1)
                                  1.78   data arrival time

                          2.67    2.67   clock core_clock (rise edge)
                          0.00    2.67   clock source latency
     1    0.01    0.00    0.00    2.67 ^ clk (in)
                                         clk (net)
                  0.00    0.00    2.67 ^ clkbuf_0_clk/A (sky130_fd_sc_hd__clkbuf_16)
     4    0.03    0.05    0.12    2.79 ^ clkbuf_0_clk/X (sky130_fd_sc_hd__clkbuf_16)
                                         clknet_0_clk (net)
                  0.05    0.00    2.79 ^ clkbuf_2_0__f_clk/A (sky130_fd_sc_hd__clkbuf_16)
    16    0.03    0.05    0.14    2.93 ^ clkbuf_2_0__f_clk/X (sky130_fd_sc_hd__clkbuf_16)
                                         clknet_2_0__leaf_clk (net)
                  0.05    0.00    2.93 ^ _160_/CLK (sky130_fd_sc_hd__dfxtp_1)
                          0.00    2.93   clock reconvergence pessimism
                         -0.11    2.82   library setup time
                                  2.82   data required time
-----------------------------------------------------------------------------
                                  2.82   data required time
                                 -1.78   data arrival time
-----------------------------------------------------------------------------
                                  1.04   slack (MET)


Startpoint: _172_ (rising edge-triggered flip-flop clocked by core_clock)
Endpoint: _157_ (rising edge-triggered flip-flop clocked by core_clock)
Path Group: core_clock
Path Type: max

Fanout     Cap    Slew   Delay    Time   Description
-----------------------------------------------------------------------------
                          0.00    0.00   clock core_clock (rise edge)
                          0.00    0.00   clock source latency
     1    0.01    0.00    0.00    0.00 ^ clk (in)
                                         clk (net)
                  0.00    0.00    0.00 ^ clkbuf_0_clk/A (sky130_fd_sc_hd__clkbuf_16)
     4    0.03    0.05    0.12    0.12 ^ clkbuf_0_clk/X (sky130_fd_sc_hd__clkbuf_16)
                                         clknet_0_clk (net)
                  0.05    0.00    0.12 ^ clkbuf_2_2__f_clk/A (sky130_fd_sc_hd__clkbuf_16)
    13    0.03    0.05    0.14    0.26 ^ clkbuf_2_2__f_clk/X (sky130_fd_sc_hd__clkbuf_16)
                                         clknet_2_2__leaf_clk (net)
                  0.05    0.00    0.26 ^ _172_/CLK (sky130_fd_sc_hd__dfxtp_2)
     3    0.01    0.03    0.32    0.57 v _172_/Q (sky130_fd_sc_hd__dfxtp_2)
                                         x2.A (net)
                  0.03    0.00    0.57 v _072_/A2 (sky130_fd_sc_hd__a22o_1)
     3    0.01    0.06    0.24    0.81 v _072_/X (sky130_fd_sc_hd__a22o_1)
                                         _032_ (net)
                  0.06    0.00    0.81 v _074_/B (sky130_fd_sc_hd__or3b_4)
     4    0.01    0.07    0.38    1.19 v _074_/X (sky130_fd_sc_hd__or3b_4)
                                         _034_ (net)
                  0.07    0.00    1.19 v rebuffer2/A (sky130_fd_sc_hd__dlygate4sd1_1)
     1    0.00    0.03    0.24    1.42 v rebuffer2/X (sky130_fd_sc_hd__dlygate4sd1_1)
                                         net52 (net)
                  0.03    0.00    1.42 v _078_/B1 (sky130_fd_sc_hd__o221a_1)
     1    0.00    0.04    0.21    1.63 v _078_/X (sky130_fd_sc_hd__o221a_1)
                                         _037_ (net)
                  0.04    0.00    1.63 v _079_/B1 (sky130_fd_sc_hd__a21o_1)
     1    0.00    0.03    0.14    1.77 v _079_/X (sky130_fd_sc_hd__a21o_1)
                                         x65.S (net)
                  0.03    0.00    1.77 v _157_/D (sky130_fd_sc_hd__dfxtp_1)
                                  1.77   data arrival time

                          2.67    2.67   clock core_clock (rise edge)
                          0.00    2.67   clock source latency
     1    0.01    0.00    0.00    2.67 ^ clk (in)
                                         clk (net)
                  0.00    0.00    2.67 ^ clkbuf_0_clk/A (sky130_fd_sc_hd__clkbuf_16)
     4    0.03    0.05    0.12    2.79 ^ clkbuf_0_clk/X (sky130_fd_sc_hd__clkbuf_16)
                                         clknet_0_clk (net)
                  0.05    0.00    2.79 ^ clkbuf_2_0__f_clk/A (sky130_fd_sc_hd__clkbuf_16)
    16    0.03    0.05    0.14    2.93 ^ clkbuf_2_0__f_clk/X (sky130_fd_sc_hd__clkbuf_16)
                                         clknet_2_0__leaf_clk (net)
                  0.05    0.00    2.93 ^ _157_/CLK (sky130_fd_sc_hd__dfxtp_1)
                          0.00    2.93   clock reconvergence pessimism
                         -0.10    2.83   library setup time
                                  2.83   data required time
-----------------------------------------------------------------------------
                                  2.83   data required time
                                 -1.77   data arrival time
-----------------------------------------------------------------------------
                                  1.06   slack (MET)


Startpoint: _172_ (rising edge-triggered flip-flop clocked by core_clock)
Endpoint: _158_ (rising edge-triggered flip-flop clocked by core_clock)
Path Group: core_clock
Path Type: max

Fanout     Cap    Slew   Delay    Time   Description
-----------------------------------------------------------------------------
                          0.00    0.00   clock core_clock (rise edge)
                          0.00    0.00   clock source latency
     1    0.01    0.00    0.00    0.00 ^ clk (in)
                                         clk (net)
                  0.00    0.00    0.00 ^ clkbuf_0_clk/A (sky130_fd_sc_hd__clkbuf_16)
     4    0.03    0.05    0.12    0.12 ^ clkbuf_0_clk/X (sky130_fd_sc_hd__clkbuf_16)
                                         clknet_0_clk (net)
                  0.05    0.00    0.12 ^ clkbuf_2_2__f_clk/A (sky130_fd_sc_hd__clkbuf_16)
    13    0.03    0.05    0.14    0.26 ^ clkbuf_2_2__f_clk/X (sky130_fd_sc_hd__clkbuf_16)
                                         clknet_2_2__leaf_clk (net)
                  0.05    0.00    0.26 ^ _172_/CLK (sky130_fd_sc_hd__dfxtp_2)
     3    0.01    0.05    0.33    0.58 ^ _172_/Q (sky130_fd_sc_hd__dfxtp_2)
                                         x2.A (net)
                  0.05    0.00    0.58 ^ _072_/A2 (sky130_fd_sc_hd__a22o_1)
     3    0.01    0.08    0.16    0.74 ^ _072_/X (sky130_fd_sc_hd__a22o_1)
                                         _032_ (net)
                  0.08    0.00    0.74 ^ rebuffer8/A (sky130_fd_sc_hd__dlygate4sd1_1)
     1    0.00    0.03    0.19    0.93 ^ rebuffer8/X (sky130_fd_sc_hd__dlygate4sd1_1)
                                         net58 (net)
                  0.03    0.00    0.93 ^ _085_/C_N (sky130_fd_sc_hd__or4bb_4)
     2    0.00    0.08    0.51    1.44 v _085_/X (sky130_fd_sc_hd__or4bb_4)
                                         _043_ (net)
                  0.08    0.00    1.44 v _086_/B (sky130_fd_sc_hd__nand2_1)
     2    0.00    0.05    0.08    1.52 ^ _086_/Y (sky130_fd_sc_hd__nand2_1)
                                         _044_ (net)
                  0.05    0.00    1.52 ^ _087_/B1_N (sky130_fd_sc_hd__o21bai_1)
     1    0.00    0.09    0.09    1.61 ^ _087_/Y (sky130_fd_sc_hd__o21bai_1)
                                         x66.S (net)
                  0.09    0.00    1.61 ^ _158_/D (sky130_fd_sc_hd__dfxtp_1)
                                  1.61   data arrival time

                          2.67    2.67   clock core_clock (rise edge)
                          0.00    2.67   clock source latency
     1    0.01    0.00    0.00    2.67 ^ clk (in)
                                         clk (net)
                  0.00    0.00    2.67 ^ clkbuf_0_clk/A (sky130_fd_sc_hd__clkbuf_16)
     4    0.03    0.05    0.12    2.79 ^ clkbuf_0_clk/X (sky130_fd_sc_hd__clkbuf_16)
                                         clknet_0_clk (net)
                  0.05    0.00    2.79 ^ clkbuf_2_0__f_clk/A (sky130_fd_sc_hd__clkbuf_16)
    16    0.03    0.05    0.14    2.93 ^ clkbuf_2_0__f_clk/X (sky130_fd_sc_hd__clkbuf_16)
                                         clknet_2_0__leaf_clk (net)
                  0.05    0.00    2.93 ^ _158_/CLK (sky130_fd_sc_hd__dfxtp_1)
                          0.00    2.93   clock reconvergence pessimism
                         -0.06    2.87   library setup time
                                  2.87   data required time
-----------------------------------------------------------------------------
                                  2.87   data required time
                                 -1.61   data arrival time
-----------------------------------------------------------------------------
                                  1.26   slack (MET)


Startpoint: _172_ (rising edge-triggered flip-flop clocked by core_clock)
Endpoint: _156_ (rising edge-triggered flip-flop clocked by core_clock)
Path Group: core_clock
Path Type: max

Fanout     Cap    Slew   Delay    Time   Description
-----------------------------------------------------------------------------
                          0.00    0.00   clock core_clock (rise edge)
                          0.00    0.00   clock source latency
     1    0.01    0.00    0.00    0.00 ^ clk (in)
                                         clk (net)
                  0.00    0.00    0.00 ^ clkbuf_0_clk/A (sky130_fd_sc_hd__clkbuf_16)
     4    0.03    0.05    0.12    0.12 ^ clkbuf_0_clk/X (sky130_fd_sc_hd__clkbuf_16)
                                         clknet_0_clk (net)
                  0.05    0.00    0.12 ^ clkbuf_2_2__f_clk/A (sky130_fd_sc_hd__clkbuf_16)
    13    0.03    0.05    0.14    0.26 ^ clkbuf_2_2__f_clk/X (sky130_fd_sc_hd__clkbuf_16)
                                         clknet_2_2__leaf_clk (net)
                  0.05    0.00    0.26 ^ _172_/CLK (sky130_fd_sc_hd__dfxtp_2)
     3    0.01    0.03    0.32    0.57 v _172_/Q (sky130_fd_sc_hd__dfxtp_2)
                                         x2.A (net)
                  0.03    0.00    0.57 v _072_/A2 (sky130_fd_sc_hd__a22o_1)
     3    0.01    0.06    0.24    0.81 v _072_/X (sky130_fd_sc_hd__a22o_1)
                                         _032_ (net)
                  0.06    0.00    0.81 v _074_/B (sky130_fd_sc_hd__or3b_4)
     4    0.01    0.07    0.38    1.19 v _074_/X (sky130_fd_sc_hd__or3b_4)
                                         _034_ (net)
                  0.07    0.00    1.19 v rebuffer3/A (sky130_fd_sc_hd__dlygate4sd1_1)
     1    0.00    0.03    0.24    1.42 v rebuffer3/X (sky130_fd_sc_hd__dlygate4sd1_1)
                                         net53 (net)
                  0.03    0.00    1.42 v _076_/A2 (sky130_fd_sc_hd__o21ai_1)
     1    0.00    0.08    0.09    1.51 ^ _076_/Y (sky130_fd_sc_hd__o21ai_1)
                                         x64.S (net)
                  0.08    0.00    1.51 ^ _156_/D (sky130_fd_sc_hd__dfxtp_1)
                                  1.51   data arrival time

                          2.67    2.67   clock core_clock (rise edge)
                          0.00    2.67   clock source latency
     1    0.01    0.00    0.00    2.67 ^ clk (in)
                                         clk (net)
                  0.00    0.00    2.67 ^ clkbuf_0_clk/A (sky130_fd_sc_hd__clkbuf_16)
     4    0.03    0.05    0.12    2.79 ^ clkbuf_0_clk/X (sky130_fd_sc_hd__clkbuf_16)
                                         clknet_0_clk (net)
                  0.05    0.00    2.79 ^ clkbuf_2_0__f_clk/A (sky130_fd_sc_hd__clkbuf_16)
    16    0.03    0.05    0.14    2.93 ^ clkbuf_2_0__f_clk/X (sky130_fd_sc_hd__clkbuf_16)
                                         clknet_2_0__leaf_clk (net)
                  0.05    0.00    2.93 ^ _156_/CLK (sky130_fd_sc_hd__dfxtp_1)
                          0.00    2.93   clock reconvergence pessimism
                         -0.06    2.87   library setup time
                                  2.87   data required time
-----------------------------------------------------------------------------
                                  2.87   data required time
                                 -1.51   data arrival time
-----------------------------------------------------------------------------
                                  1.35   slack (MET)


Startpoint: _188_ (rising edge-triggered flip-flop clocked by core_clock)
Endpoint: _155_ (rising edge-triggered flip-flop clocked by core_clock)
Path Group: core_clock
Path Type: max

Fanout     Cap    Slew   Delay    Time   Description
-----------------------------------------------------------------------------
                          0.00    0.00   clock core_clock (rise edge)
                          0.00    0.00   clock source latency
     1    0.01    0.00    0.00    0.00 ^ clk (in)
                                         clk (net)
                  0.00    0.00    0.00 ^ clkbuf_0_clk/A (sky130_fd_sc_hd__clkbuf_16)
     4    0.03    0.05    0.12    0.12 ^ clkbuf_0_clk/X (sky130_fd_sc_hd__clkbuf_16)
                                         clknet_0_clk (net)
                  0.05    0.00    0.12 ^ clkbuf_2_2__f_clk/A (sky130_fd_sc_hd__clkbuf_16)
    13    0.03    0.05    0.14    0.26 ^ clkbuf_2_2__f_clk/X (sky130_fd_sc_hd__clkbuf_16)
                                         clknet_2_2__leaf_clk (net)
                  0.05    0.00    0.26 ^ _188_/CLK (sky130_fd_sc_hd__dfxtp_2)
     3    0.01    0.03    0.32    0.57 v _188_/Q (sky130_fd_sc_hd__dfxtp_2)
                                         x2.B (net)
                  0.03    0.00    0.57 v _070_/A (sky130_fd_sc_hd__nor2_1)
     2    0.01    0.12    0.12    0.69 ^ _070_/Y (sky130_fd_sc_hd__nor2_1)
                                         _031_ (net)
                  0.12    0.00    0.69 ^ _071_/B1 (sky130_fd_sc_hd__a21oi_1)
     1    0.00    0.05    0.05    0.74 v _071_/Y (sky130_fd_sc_hd__a21oi_1)
                                         x63.S (net)
                  0.05    0.00    0.74 v _155_/D (sky130_fd_sc_hd__dfxtp_1)
                                  0.74   data arrival time

                          2.67    2.67   clock core_clock (rise edge)
                          0.00    2.67   clock source latency
     1    0.01    0.00    0.00    2.67 ^ clk (in)
                                         clk (net)
                  0.00    0.00    2.67 ^ clkbuf_0_clk/A (sky130_fd_sc_hd__clkbuf_16)
     4    0.03    0.05    0.12    2.79 ^ clkbuf_0_clk/X (sky130_fd_sc_hd__clkbuf_16)
                                         clknet_0_clk (net)
                  0.05    0.00    2.79 ^ clkbuf_2_0__f_clk/A (sky130_fd_sc_hd__clkbuf_16)
    16    0.03    0.05    0.14    2.93 ^ clkbuf_2_0__f_clk/X (sky130_fd_sc_hd__clkbuf_16)
                                         clknet_2_0__leaf_clk (net)
                  0.05    0.00    2.93 ^ _155_/CLK (sky130_fd_sc_hd__dfxtp_1)
                          0.00    2.93   clock reconvergence pessimism
                         -0.11    2.82   library setup time
                                  2.82   data required time
-----------------------------------------------------------------------------
                                  2.82   data required time
                                 -0.74   data arrival time
-----------------------------------------------------------------------------
                                  2.08   slack (MET)



worst slack corner Typical: 0.4223
