
===========================================================================
report_checks -path_delay min (Hold)
============================================================================
======================= Typical Corner ===================================

Startpoint: _192_ (rising edge-triggered flip-flop clocked by core_clock)
Endpoint: _159_ (rising edge-triggered flip-flop clocked by core_clock)
Path Group: core_clock
Path Type: min

Fanout     Cap    Slew   Delay    Time   Description
-----------------------------------------------------------------------------
                          0.00    0.00   clock core_clock (rise edge)
                          0.00    0.00   clock source latency
     1    0.01    0.00    0.00    0.00 ^ clk (in)
                                         clk (net)
                  0.00    0.00    0.00 ^ clkbuf_0_clk/A (sky130_fd_sc_hd__clkbuf_16)
     4    0.03    0.05    0.12    0.12 ^ clkbuf_0_clk/X (sky130_fd_sc_hd__clkbuf_16)
                                         clknet_0_clk (net)
                  0.05    0.00    0.12 ^ clkbuf_2_0__f_clk/A (sky130_fd_sc_hd__clkbuf_16)
    16    0.03    0.05    0.14    0.26 ^ clkbuf_2_0__f_clk/X (sky130_fd_sc_hd__clkbuf_16)
                                         clknet_2_0__leaf_clk (net)
                  0.05    0.00    0.26 ^ _192_/CLK (sky130_fd_sc_hd__dfxtp_2)
     4    0.01    0.06    0.33    0.59 ^ _192_/Q (sky130_fd_sc_hd__dfxtp_2)
                                         x10.B (net)
                  0.06    0.00    0.59 ^ _090_/A1 (sky130_fd_sc_hd__a21o_1)
     1    0.00    0.03    0.10    0.69 ^ _090_/X (sky130_fd_sc_hd__a21o_1)
                                         x67.S (net)
                  0.03    0.00    0.69 ^ _159_/D (sky130_fd_sc_hd__dfxtp_1)
                                  0.69   data arrival time

                          0.00    0.00   clock core_clock (rise edge)
                          0.00    0.00   clock source latency
     1    0.01    0.00    0.00    0.00 ^ clk (in)
                                         clk (net)
                  0.00    0.00    0.00 ^ clkbuf_0_clk/A (sky130_fd_sc_hd__clkbuf_16)
     4    0.03    0.05    0.12    0.12 ^ clkbuf_0_clk/X (sky130_fd_sc_hd__clkbuf_16)
                                         clknet_0_clk (net)
                  0.05    0.00    0.12 ^ clkbuf_2_0__f_clk/A (sky130_fd_sc_hd__clkbuf_16)
    16    0.03    0.05    0.14    0.26 ^ clkbuf_2_0__f_clk/X (sky130_fd_sc_hd__clkbuf_16)
                                         clknet_2_0__leaf_clk (net)
                  0.05    0.00    0.26 ^ _159_/CLK (sky130_fd_sc_hd__dfxtp_1)
                          0.00    0.26   clock reconvergence pessimism
                         -0.03    0.23   library hold time
                                  0.23   data required time
-----------------------------------------------------------------------------
                                  0.23   data required time
                                 -0.69   data arrival time
-----------------------------------------------------------------------------
                                  0.46   slack (MET)


Startpoint: _196_ (rising edge-triggered flip-flop clocked by core_clock)
Endpoint: _163_ (rising edge-triggered flip-flop clocked by core_clock)
Path Group: core_clock
Path Type: min

Fanout     Cap    Slew   Delay    Time   Description
-----------------------------------------------------------------------------
                          0.00    0.00   clock core_clock (rise edge)
                          0.00    0.00   clock source latency
     1    0.01    0.00    0.00    0.00 ^ clk (in)
                                         clk (net)
                  0.00    0.00    0.00 ^ clkbuf_0_clk/A (sky130_fd_sc_hd__clkbuf_16)
     4    0.03    0.05    0.12    0.12 ^ clkbuf_0_clk/X (sky130_fd_sc_hd__clkbuf_16)
                                         clknet_0_clk (net)
                  0.05    0.00    0.12 ^ clkbuf_2_1__f_clk/A (sky130_fd_sc_hd__clkbuf_16)
    10    0.03    0.05    0.14    0.26 ^ clkbuf_2_1__f_clk/X (sky130_fd_sc_hd__clkbuf_16)
                                         clknet_2_1__leaf_clk (net)
                  0.05    0.00    0.26 ^ _196_/CLK (sky130_fd_sc_hd__dfxtp_1)
     3    0.01    0.04    0.31    0.57 v _196_/Q (sky130_fd_sc_hd__dfxtp_1)
                                         x18.B (net)
                  0.04    0.00    0.57 v _110_/A (sky130_fd_sc_hd__nand2_1)
     1    0.00    0.04    0.05    0.62 ^ _110_/Y (sky130_fd_sc_hd__nand2_1)
                                         _063_ (net)
                  0.04    0.00    0.62 ^ _112_/A2 (sky130_fd_sc_hd__a21oi_1)
     1    0.00    0.03    0.05    0.67 v _112_/Y (sky130_fd_sc_hd__a21oi_1)
                                         x71.S (net)
                  0.03    0.00    0.67 v _163_/D (sky130_fd_sc_hd__dfxtp_1)
                                  0.67   data arrival time

                          0.00    0.00   clock core_clock (rise edge)
                          0.00    0.00   clock source latency
     1    0.01    0.00    0.00    0.00 ^ clk (in)
                                         clk (net)
                  0.00    0.00    0.00 ^ clkbuf_0_clk/A (sky130_fd_sc_hd__clkbuf_16)
     4    0.03    0.05    0.12    0.12 ^ clkbuf_0_clk/X (sky130_fd_sc_hd__clkbuf_16)
                                         clknet_0_clk (net)
                  0.05    0.00    0.12 ^ clkbuf_2_1__f_clk/A (sky130_fd_sc_hd__clkbuf_16)
    10    0.03    0.05    0.14    0.26 ^ clkbuf_2_1__f_clk/X (sky130_fd_sc_hd__clkbuf_16)
                                         clknet_2_1__leaf_clk (net)
                  0.05    0.00    0.26 ^ _163_/CLK (sky130_fd_sc_hd__dfxtp_1)
                          0.00    0.26   clock reconvergence pessimism
                         -0.05    0.21   library hold time
                                  0.21   data required time
-----------------------------------------------------------------------------
                                  0.21   data required time
                                 -0.67   data arrival time
-----------------------------------------------------------------------------
                                  0.46   slack (MET)


Startpoint: _194_ (rising edge-triggered flip-flop clocked by core_clock)
Endpoint: _161_ (rising edge-triggered flip-flop clocked by core_clock)
Path Group: core_clock
Path Type: min

Fanout     Cap    Slew   Delay    Time   Description
-----------------------------------------------------------------------------
                          0.00    0.00   clock core_clock (rise edge)
                          0.00    0.00   clock source latency
     1    0.01    0.00    0.00    0.00 ^ clk (in)
                                         clk (net)
                  0.00    0.00    0.00 ^ clkbuf_0_clk/A (sky130_fd_sc_hd__clkbuf_16)
     4    0.03    0.05    0.12    0.12 ^ clkbuf_0_clk/X (sky130_fd_sc_hd__clkbuf_16)
                                         clknet_0_clk (net)
                  0.05    0.00    0.12 ^ clkbuf_2_0__f_clk/A (sky130_fd_sc_hd__clkbuf_16)
    16    0.03    0.05    0.14    0.26 ^ clkbuf_2_0__f_clk/X (sky130_fd_sc_hd__clkbuf_16)
                                         clknet_2_0__leaf_clk (net)
                  0.05    0.00    0.26 ^ _194_/CLK (sky130_fd_sc_hd__dfxtp_2)
     4    0.01    0.06    0.33    0.59 ^ _194_/Q (sky130_fd_sc_hd__dfxtp_2)
                                         x14.B (net)
                  0.06    0.00    0.59 ^ _098_/A1 (sky130_fd_sc_hd__a21o_1)
     1    0.00    0.03    0.10    0.69 ^ _098_/X (sky130_fd_sc_hd__a21o_1)
                                         x69.S (net)
                  0.03    0.00    0.69 ^ _161_/D (sky130_fd_sc_hd__dfxtp_1)
                                  0.69   data arrival time

                          0.00    0.00   clock core_clock (rise edge)
                          0.00    0.00   clock source latency
     1    0.01    0.00    0.00    0.00 ^ clk (in)
                                         clk (net)
                  0.00    0.00    0.00 ^ clkbuf_0_clk/A (sky130_fd_sc_hd__clkbuf_16)
     4    0.03    0.05    0.12    0.12 ^ clkbuf_0_clk/X (sky130_fd_sc_hd__clkbuf_16)
                                         clknet_0_clk (net)
                  0.05    0.00    0.12 ^ clkbuf_2_0__f_clk/A (sky130_fd_sc_hd__clkbuf_16)
    16    0.03    0.05    0.14    0.26 ^ clkbuf_2_0__f_clk/X (sky130_fd_sc_hd__clkbuf_16)
                                         clknet_2_0__leaf_clk (net)
                  0.05    0.00    0.26 ^ _161_/CLK (sky130_fd_sc_hd__dfxtp_1)
                          0.00    0.26   clock reconvergence pessimism
                         -0.03    0.23   library hold time
                                  0.23   data required time
-----------------------------------------------------------------------------
                                  0.23   data required time
                                 -0.69   data arrival time
-----------------------------------------------------------------------------
                                  0.46   slack (MET)


Startpoint: _188_ (rising edge-triggered flip-flop clocked by core_clock)
Endpoint: _155_ (rising edge-triggered flip-flop clocked by core_clock)
Path Group: core_clock
Path Type: min

Fanout     Cap    Slew   Delay    Time   Description
-----------------------------------------------------------------------------
                          0.00    0.00   clock core_clock (rise edge)
                          0.00    0.00   clock source latency
     1    0.01    0.00    0.00    0.00 ^ clk (in)
                                         clk (net)
                  0.00    0.00    0.00 ^ clkbuf_0_clk/A (sky130_fd_sc_hd__clkbuf_16)
     4    0.03    0.05    0.12    0.12 ^ clkbuf_0_clk/X (sky130_fd_sc_hd__clkbuf_16)
                                         clknet_0_clk (net)
                  0.05    0.00    0.12 ^ clkbuf_2_2__f_clk/A (sky130_fd_sc_hd__clkbuf_16)
    13    0.03    0.05    0.14    0.26 ^ clkbuf_2_2__f_clk/X (sky130_fd_sc_hd__clkbuf_16)
                                         clknet_2_2__leaf_clk (net)
                  0.05    0.00    0.26 ^ _188_/CLK (sky130_fd_sc_hd__dfxtp_2)
     3    0.01    0.03    0.32    0.57 v _188_/Q (sky130_fd_sc_hd__dfxtp_2)
                                         x2.B (net)
                  0.03    0.00    0.57 v _069_/A (sky130_fd_sc_hd__nand2_1)
     1    0.00    0.04    0.05    0.62 ^ _069_/Y (sky130_fd_sc_hd__nand2_1)
                                         _030_ (net)
                  0.04    0.00    0.62 ^ _071_/A2 (sky130_fd_sc_hd__a21oi_1)
     1    0.00    0.03    0.05    0.67 v _071_/Y (sky130_fd_sc_hd__a21oi_1)
                                         x63.S (net)
                  0.03    0.00    0.67 v _155_/D (sky130_fd_sc_hd__dfxtp_1)
                                  0.67   data arrival time

                          0.00    0.00   clock core_clock (rise edge)
                          0.00    0.00   clock source latency
     1    0.01    0.00    0.00    0.00 ^ clk (in)
                                         clk (net)
                  0.00    0.00    0.00 ^ clkbuf_0_clk/A (sky130_fd_sc_hd__clkbuf_16)
     4    0.03    0.05    0.12    0.12 ^ clkbuf_0_clk/X (sky130_fd_sc_hd__clkbuf_16)
                                         clknet_0_clk (net)
                  0.05    0.00    0.12 ^ clkbuf_2_0__f_clk/A (sky130_fd_sc_hd__clkbuf_16)
    16    0.03    0.05    0.14    0.26 ^ clkbuf_2_0__f_clk/X (sky130_fd_sc_hd__clkbuf_16)
                                         clknet_2_0__leaf_clk (net)
                  0.05    0.00    0.26 ^ _155_/CLK (sky130_fd_sc_hd__dfxtp_1)
                          0.00    0.26   clock reconvergence pessimism
                         -0.05    0.21   library hold time
                                  0.21   data required time
-----------------------------------------------------------------------------
                                  0.21   data required time
                                 -0.67   data arrival time
-----------------------------------------------------------------------------
                                  0.46   slack (MET)


Startpoint: _200_ (rising edge-triggered flip-flop clocked by core_clock)
Endpoint: _167_ (rising edge-triggered flip-flop clocked by core_clock)
Path Group: core_clock
Path Type: min

Fanout     Cap    Slew   Delay    Time   Description
-----------------------------------------------------------------------------
                          0.00    0.00   clock core_clock (rise edge)
                          0.00    0.00   clock source latency
     1    0.01    0.00    0.00    0.00 ^ clk (in)
                                         clk (net)
                  0.00    0.00    0.00 ^ clkbuf_0_clk/A (sky130_fd_sc_hd__clkbuf_16)
     4    0.03    0.05    0.12    0.12 ^ clkbuf_0_clk/X (sky130_fd_sc_hd__clkbuf_16)
                                         clknet_0_clk (net)
                  0.05    0.00    0.12 ^ clkbuf_2_1__f_clk/A (sky130_fd_sc_hd__clkbuf_16)
    10    0.03    0.05    0.14    0.26 ^ clkbuf_2_1__f_clk/X (sky130_fd_sc_hd__clkbuf_16)
                                         clknet_2_1__leaf_clk (net)
                  0.05    0.00    0.26 ^ _200_/CLK (sky130_fd_sc_hd__dfxtp_1)
     4    0.01    0.10    0.35    0.60 ^ _200_/Q (sky130_fd_sc_hd__dfxtp_1)
                                         x26.B (net)
                  0.10    0.00    0.60 ^ _131_/A1 (sky130_fd_sc_hd__a21o_1)
     1    0.00    0.03    0.11    0.71 ^ _131_/X (sky130_fd_sc_hd__a21o_1)
                                         x75.S (net)
                  0.03    0.00    0.71 ^ _167_/D (sky130_fd_sc_hd__dfxtp_1)
                                  0.71   data arrival time

                          0.00    0.00   clock core_clock (rise edge)
                          0.00    0.00   clock source latency
     1    0.01    0.00    0.00    0.00 ^ clk (in)
                                         clk (net)
                  0.00    0.00    0.00 ^ clkbuf_0_clk/A (sky130_fd_sc_hd__clkbuf_16)
     4    0.03    0.05    0.12    0.12 ^ clkbuf_0_clk/X (sky130_fd_sc_hd__clkbuf_16)
                                         clknet_0_clk (net)
                  0.05    0.00    0.12 ^ clkbuf_2_3__f_clk/A (sky130_fd_sc_hd__clkbuf_16)
    14    0.03    0.05    0.14    0.26 ^ clkbuf_2_3__f_clk/X (sky130_fd_sc_hd__clkbuf_16)
                                         clknet_2_3__leaf_clk (net)
                  0.05    0.00    0.26 ^ _167_/CLK (sky130_fd_sc_hd__dfxtp_1)
                          0.00    0.26   clock reconvergence pessimism
                         -0.03    0.23   library hold time
                                  0.23   data required time
-----------------------------------------------------------------------------
                                  0.23   data required time
                                 -0.71   data arrival time
-----------------------------------------------------------------------------
                                  0.48   slack (MET)


Startpoint: _190_ (rising edge-triggered flip-flop clocked by core_clock)
Endpoint: _157_ (rising edge-triggered flip-flop clocked by core_clock)
Path Group: core_clock
Path Type: min

Fanout     Cap    Slew   Delay    Time   Description
-----------------------------------------------------------------------------
                          0.00    0.00   clock core_clock (rise edge)
                          0.00    0.00   clock source latency
     1    0.01    0.00    0.00    0.00 ^ clk (in)
                                         clk (net)
                  0.00    0.00    0.00 ^ clkbuf_0_clk/A (sky130_fd_sc_hd__clkbuf_16)
     4    0.03    0.05    0.12    0.12 ^ clkbuf_0_clk/X (sky130_fd_sc_hd__clkbuf_16)
                                         clknet_0_clk (net)
                  0.05    0.00    0.12 ^ clkbuf_2_0__f_clk/A (sky130_fd_sc_hd__clkbuf_16)
    16    0.03    0.05    0.14    0.26 ^ clkbuf_2_0__f_clk/X (sky130_fd_sc_hd__clkbuf_16)
                                         clknet_2_0__leaf_clk (net)
                  0.05    0.00    0.26 ^ _190_/CLK (sky130_fd_sc_hd__dfxtp_1)
     4    0.01    0.10    0.35    0.61 ^ _190_/Q (sky130_fd_sc_hd__dfxtp_1)
                                         x6.B (net)
                  0.10    0.00    0.61 ^ _079_/A1 (sky130_fd_sc_hd__a21o_1)
     1    0.00    0.03    0.11    0.72 ^ _079_/X (sky130_fd_sc_hd__a21o_1)
                                         x65.S (net)
                  0.03    0.00    0.72 ^ _157_/D (sky130_fd_sc_hd__dfxtp_1)
                                  0.72   data arrival time

                          0.00    0.00   clock core_clock (rise edge)
                          0.00    0.00   clock source latency
     1    0.01    0.00    0.00    0.00 ^ clk (in)
                                         clk (net)
                  0.00    0.00    0.00 ^ clkbuf_0_clk/A (sky130_fd_sc_hd__clkbuf_16)
     4    0.03    0.05    0.12    0.12 ^ clkbuf_0_clk/X (sky130_fd_sc_hd__clkbuf_16)
                                         clknet_0_clk (net)
                  0.05    0.00    0.12 ^ clkbuf_2_0__f_clk/A (sky130_fd_sc_hd__clkbuf_16)
    16    0.03    0.05    0.14    0.26 ^ clkbuf_2_0__f_clk/X (sky130_fd_sc_hd__clkbuf_16)
                                         clknet_2_0__leaf_clk (net)
                  0.05    0.00    0.26 ^ _157_/CLK (sky130_fd_sc_hd__dfxtp_1)
                          0.00    0.26   clock reconvergence pessimism
                         -0.03    0.23   library hold time
                                  0.23   data required time
-----------------------------------------------------------------------------
                                  0.23   data required time
                                 -0.72   data arrival time
-----------------------------------------------------------------------------
                                  0.49   slack (MET)


Startpoint: _204_ (rising edge-triggered flip-flop clocked by core_clock)
Endpoint: _156_ (rising edge-triggered flip-flop clocked by core_clock)
Path Group: core_clock
Path Type: min

Fanout     Cap    Slew   Delay    Time   Description
-----------------------------------------------------------------------------
                          0.00    0.00   clock core_clock (rise edge)
                          0.00    0.00   clock source latency
     1    0.01    0.00    0.00    0.00 ^ clk (in)
                                         clk (net)
                  0.00    0.00    0.00 ^ clkbuf_0_clk/A (sky130_fd_sc_hd__clkbuf_16)
     4    0.03    0.05    0.12    0.12 ^ clkbuf_0_clk/X (sky130_fd_sc_hd__clkbuf_16)
                                         clknet_0_clk (net)
                  0.05    0.00    0.12 ^ clkbuf_2_3__f_clk/A (sky130_fd_sc_hd__clkbuf_16)
    14    0.03    0.05    0.14    0.26 ^ clkbuf_2_3__f_clk/X (sky130_fd_sc_hd__clkbuf_16)
                                         clknet_2_3__leaf_clk (net)
                  0.05    0.00    0.26 ^ _204_/CLK (sky130_fd_sc_hd__dfxtp_1)
     5    0.01    0.07    0.33    0.59 v _204_/Q (sky130_fd_sc_hd__dfxtp_1)
                                         x47.c (net)
                  0.07    0.00    0.59 v _076_/A1 (sky130_fd_sc_hd__o21ai_1)
     1    0.00    0.06    0.12    0.71 ^ _076_/Y (sky130_fd_sc_hd__o21ai_1)
                                         x64.S (net)
                  0.06    0.00    0.71 ^ _156_/D (sky130_fd_sc_hd__dfxtp_1)
                                  0.71   data arrival time

                          0.00    0.00   clock core_clock (rise edge)
                          0.00    0.00   clock source latency
     1    0.01    0.00    0.00    0.00 ^ clk (in)
                                         clk (net)
                  0.00    0.00    0.00 ^ clkbuf_0_clk/A (sky130_fd_sc_hd__clkbuf_16)
     4    0.03    0.05    0.12    0.12 ^ clkbuf_0_clk/X (sky130_fd_sc_hd__clkbuf_16)
                                         clknet_0_clk (net)
                  0.05    0.00    0.12 ^ clkbuf_2_0__f_clk/A (sky130_fd_sc_hd__clkbuf_16)
    16    0.03    0.05    0.14    0.26 ^ clkbuf_2_0__f_clk/X (sky130_fd_sc_hd__clkbuf_16)
                                         clknet_2_0__leaf_clk (net)
                  0.05    0.00    0.26 ^ _156_/CLK (sky130_fd_sc_hd__dfxtp_1)
                          0.00    0.26   clock reconvergence pessimism
                         -0.03    0.22   library hold time
                                  0.22   data required time
-----------------------------------------------------------------------------
                                  0.22   data required time
                                 -0.71   data arrival time
-----------------------------------------------------------------------------
                                  0.49   slack (MET)


Startpoint: _204_ (rising edge-triggered flip-flop clocked by core_clock)
Endpoint: _158_ (rising edge-triggered flip-flop clocked by core_clock)
Path Group: core_clock
Path Type: min

Fanout     Cap    Slew   Delay    Time   Description
-----------------------------------------------------------------------------
                          0.00    0.00   clock core_clock (rise edge)
                          0.00    0.00   clock source latency
     1    0.01    0.00    0.00    0.00 ^ clk (in)
                                         clk (net)
                  0.00    0.00    0.00 ^ clkbuf_0_clk/A (sky130_fd_sc_hd__clkbuf_16)
     4    0.03    0.05    0.12    0.12 ^ clkbuf_0_clk/X (sky130_fd_sc_hd__clkbuf_16)
                                         clknet_0_clk (net)
                  0.05    0.00    0.12 ^ clkbuf_2_3__f_clk/A (sky130_fd_sc_hd__clkbuf_16)
    14    0.03    0.05    0.14    0.26 ^ clkbuf_2_3__f_clk/X (sky130_fd_sc_hd__clkbuf_16)
                                         clknet_2_3__leaf_clk (net)
                  0.05    0.00    0.26 ^ _204_/CLK (sky130_fd_sc_hd__dfxtp_1)
     5    0.01    0.07    0.33    0.59 v _204_/Q (sky130_fd_sc_hd__dfxtp_1)
                                         x47.c (net)
                  0.07    0.00    0.59 v _087_/A1 (sky130_fd_sc_hd__o21bai_1)
     1    0.00    0.05    0.12    0.72 ^ _087_/Y (sky130_fd_sc_hd__o21bai_1)
                                         x66.S (net)
                  0.05    0.00    0.72 ^ _158_/D (sky130_fd_sc_hd__dfxtp_1)
                                  0.72   data arrival time

                          0.00    0.00   clock core_clock (rise edge)
                          0.00    0.00   clock source latency
     1    0.01    0.00    0.00    0.00 ^ clk (in)
                                         clk (net)
                  0.00    0.00    0.00 ^ clkbuf_0_clk/A (sky130_fd_sc_hd__clkbuf_16)
     4    0.03    0.05    0.12    0.12 ^ clkbuf_0_clk/X (sky130_fd_sc_hd__clkbuf_16)
                                         clknet_0_clk (net)
                  0.05    0.00    0.12 ^ clkbuf_2_0__f_clk/A (sky130_fd_sc_hd__clkbuf_16)
    16    0.03    0.05    0.14    0.26 ^ clkbuf_2_0__f_clk/X (sky130_fd_sc_hd__clkbuf_16)
                                         clknet_2_0__leaf_clk (net)
                  0.05    0.00    0.26 ^ _158_/CLK (sky130_fd_sc_hd__dfxtp_1)
                          0.00    0.26   clock reconvergence pessimism
                         -0.03    0.23   library hold time
                                  0.23   data required time
-----------------------------------------------------------------------------
                                  0.23   data required time
                                 -0.72   data arrival time
-----------------------------------------------------------------------------
                                  0.49   slack (MET)


Startpoint: _181_ (rising edge-triggered flip-flop clocked by core_clock)
Endpoint: _164_ (rising edge-triggered flip-flop clocked by core_clock)
Path Group: core_clock
Path Type: min

Fanout     Cap    Slew   Delay    Time   Description
-----------------------------------------------------------------------------
                          0.00    0.00   clock core_clock (rise edge)
                          0.00    0.00   clock source latency
     1    0.01    0.00    0.00    0.00 ^ clk (in)
                                         clk (net)
                  0.00    0.00    0.00 ^ clkbuf_0_clk/A (sky130_fd_sc_hd__clkbuf_16)
     4    0.03    0.05    0.12    0.12 ^ clkbuf_0_clk/X (sky130_fd_sc_hd__clkbuf_16)
                                         clknet_0_clk (net)
                  0.05    0.00    0.12 ^ clkbuf_2_3__f_clk/A (sky130_fd_sc_hd__clkbuf_16)
    14    0.03    0.05    0.14    0.26 ^ clkbuf_2_3__f_clk/X (sky130_fd_sc_hd__clkbuf_16)
                                         clknet_2_3__leaf_clk (net)
                  0.05    0.00    0.26 ^ _181_/CLK (sky130_fd_sc_hd__dfxtp_1)
     3    0.01    0.08    0.33    0.59 ^ _181_/Q (sky130_fd_sc_hd__dfxtp_1)
                                         x20.A (net)
                  0.08    0.00    0.59 ^ _116_/A2 (sky130_fd_sc_hd__o21ai_1)
     3    0.01    0.05    0.08    0.67 v _116_/Y (sky130_fd_sc_hd__o21ai_1)
                                         _068_ (net)
                  0.05    0.00    0.67 v _117_/B1 (sky130_fd_sc_hd__o21ai_1)
     1    0.00    0.06    0.06    0.73 ^ _117_/Y (sky130_fd_sc_hd__o21ai_1)
                                         x72.S (net)
                  0.06    0.00    0.73 ^ _164_/D (sky130_fd_sc_hd__dfxtp_1)
                                  0.73   data arrival time

                          0.00    0.00   clock core_clock (rise edge)
                          0.00    0.00   clock source latency
     1    0.01    0.00    0.00    0.00 ^ clk (in)
                                         clk (net)
                  0.00    0.00    0.00 ^ clkbuf_0_clk/A (sky130_fd_sc_hd__clkbuf_16)
     4    0.03    0.05    0.12    0.12 ^ clkbuf_0_clk/X (sky130_fd_sc_hd__clkbuf_16)
                                         clknet_0_clk (net)
                  0.05    0.00    0.12 ^ clkbuf_2_2__f_clk/A (sky130_fd_sc_hd__clkbuf_16)
    13    0.03    0.05    0.14    0.26 ^ clkbuf_2_2__f_clk/X (sky130_fd_sc_hd__clkbuf_16)
                                         clknet_2_2__leaf_clk (net)
                  0.05    0.00    0.26 ^ _164_/CLK (sky130_fd_sc_hd__dfxtp_1)
                          0.00    0.26   clock reconvergence pessimism
                         -0.03    0.22   library hold time
                                  0.22   data required time
-----------------------------------------------------------------------------
                                  0.22   data required time
                                 -0.73   data arrival time
-----------------------------------------------------------------------------
                                  0.51   slack (MET)


Startpoint: _202_ (rising edge-triggered flip-flop clocked by core_clock)
Endpoint: _169_ (rising edge-triggered flip-flop clocked by core_clock)
Path Group: core_clock
Path Type: min

Fanout     Cap    Slew   Delay    Time   Description
-----------------------------------------------------------------------------
                          0.00    0.00   clock core_clock (rise edge)
                          0.00    0.00   clock source latency
     1    0.01    0.00    0.00    0.00 ^ clk (in)
                                         clk (net)
                  0.00    0.00    0.00 ^ clkbuf_0_clk/A (sky130_fd_sc_hd__clkbuf_16)
     4    0.03    0.05    0.12    0.12 ^ clkbuf_0_clk/X (sky130_fd_sc_hd__clkbuf_16)
                                         clknet_0_clk (net)
                  0.05    0.00    0.12 ^ clkbuf_2_1__f_clk/A (sky130_fd_sc_hd__clkbuf_16)
    10    0.03    0.05    0.14    0.26 ^ clkbuf_2_1__f_clk/X (sky130_fd_sc_hd__clkbuf_16)
                                         clknet_2_1__leaf_clk (net)
                  0.05    0.00    0.26 ^ _202_/CLK (sky130_fd_sc_hd__dfxtp_1)
     4    0.01    0.10    0.35    0.60 ^ _202_/Q (sky130_fd_sc_hd__dfxtp_1)
                                         x30.B (net)
                  0.10    0.00    0.60 ^ _141_/A1 (sky130_fd_sc_hd__a22o_1)
     1    0.00    0.03    0.13    0.74 ^ _141_/X (sky130_fd_sc_hd__a22o_1)
                                         x77.S (net)
                  0.03    0.00    0.74 ^ _169_/D (sky130_fd_sc_hd__dfxtp_1)
                                  0.74   data arrival time

                          0.00    0.00   clock core_clock (rise edge)
                          0.00    0.00   clock source latency
     1    0.01    0.00    0.00    0.00 ^ clk (in)
                                         clk (net)
                  0.00    0.00    0.00 ^ clkbuf_0_clk/A (sky130_fd_sc_hd__clkbuf_16)
     4    0.03    0.05    0.12    0.12 ^ clkbuf_0_clk/X (sky130_fd_sc_hd__clkbuf_16)
                                         clknet_0_clk (net)
                  0.05    0.00    0.12 ^ clkbuf_2_3__f_clk/A (sky130_fd_sc_hd__clkbuf_16)
    14    0.03    0.05    0.14    0.26 ^ clkbuf_2_3__f_clk/X (sky130_fd_sc_hd__clkbuf_16)
                                         clknet_2_3__leaf_clk (net)
                  0.05    0.00    0.26 ^ _169_/CLK (sky130_fd_sc_hd__dfxtp_1)
                          0.00    0.26   clock reconvergence pessimism
                         -0.03    0.23   library hold time
                                  0.23   data required time
-----------------------------------------------------------------------------
                                  0.23   data required time
                                 -0.74   data arrival time
-----------------------------------------------------------------------------
                                  0.51   slack (MET)


Startpoint: _177_ (rising edge-triggered flip-flop clocked by core_clock)
Endpoint: _160_ (rising edge-triggered flip-flop clocked by core_clock)
Path Group: core_clock
Path Type: min

Fanout     Cap    Slew   Delay    Time   Description
-----------------------------------------------------------------------------
                          0.00    0.00   clock core_clock (rise edge)
                          0.00    0.00   clock source latency
     1    0.01    0.00    0.00    0.00 ^ clk (in)
                                         clk (net)
                  0.00    0.00    0.00 ^ clkbuf_0_clk/A (sky130_fd_sc_hd__clkbuf_16)
     4    0.03    0.05    0.12    0.12 ^ clkbuf_0_clk/X (sky130_fd_sc_hd__clkbuf_16)
                                         clknet_0_clk (net)
                  0.05    0.00    0.12 ^ clkbuf_2_2__f_clk/A (sky130_fd_sc_hd__clkbuf_16)
    13    0.03    0.05    0.14    0.26 ^ clkbuf_2_2__f_clk/X (sky130_fd_sc_hd__clkbuf_16)
                                         clknet_2_2__leaf_clk (net)
                  0.05    0.00    0.26 ^ _177_/CLK (sky130_fd_sc_hd__dfxtp_1)
     4    0.01    0.11    0.35    0.61 ^ _177_/Q (sky130_fd_sc_hd__dfxtp_1)
                                         x12.A (net)
                  0.11    0.00    0.61 ^ _095_/A2 (sky130_fd_sc_hd__o21ai_1)
     2    0.00    0.05    0.08    0.68 v _095_/Y (sky130_fd_sc_hd__o21ai_1)
                                         _051_ (net)
                  0.05    0.00    0.68 v _096_/B1 (sky130_fd_sc_hd__o21ai_1)
     1    0.00    0.06    0.06    0.74 ^ _096_/Y (sky130_fd_sc_hd__o21ai_1)
                                         x68.S (net)
                  0.06    0.00    0.74 ^ _160_/D (sky130_fd_sc_hd__dfxtp_1)
                                  0.74   data arrival time

                          0.00    0.00   clock core_clock (rise edge)
                          0.00    0.00   clock source latency
     1    0.01    0.00    0.00    0.00 ^ clk (in)
                                         clk (net)
                  0.00    0.00    0.00 ^ clkbuf_0_clk/A (sky130_fd_sc_hd__clkbuf_16)
     4    0.03    0.05    0.12    0.12 ^ clkbuf_0_clk/X (sky130_fd_sc_hd__clkbuf_16)
                                         clknet_0_clk (net)
                  0.05    0.00    0.12 ^ clkbuf_2_0__f_clk/A (sky130_fd_sc_hd__clkbuf_16)
    16    0.03    0.05    0.14    0.26 ^ clkbuf_2_0__f_clk/X (sky130_fd_sc_hd__clkbuf_16)
                                         clknet_2_0__leaf_clk (net)
                  0.05    0.00    0.26 ^ _160_/CLK (sky130_fd_sc_hd__dfxtp_1)
                          0.00    0.26   clock reconvergence pessimism
                         -0.03    0.22   library hold time
                                  0.22   data required time
-----------------------------------------------------------------------------
                                  0.22   data required time
                                 -0.74   data arrival time
-----------------------------------------------------------------------------
                                  0.52   slack (MET)


Startpoint: _204_ (rising edge-triggered flip-flop clocked by core_clock)
Endpoint: _162_ (rising edge-triggered flip-flop clocked by core_clock)
Path Group: core_clock
Path Type: min

Fanout     Cap    Slew   Delay    Time   Description
-----------------------------------------------------------------------------
                          0.00    0.00   clock core_clock (rise edge)
                          0.00    0.00   clock source latency
     1    0.01    0.00    0.00    0.00 ^ clk (in)
                                         clk (net)
                  0.00    0.00    0.00 ^ clkbuf_0_clk/A (sky130_fd_sc_hd__clkbuf_16)
     4    0.03    0.05    0.12    0.12 ^ clkbuf_0_clk/X (sky130_fd_sc_hd__clkbuf_16)
                                         clknet_0_clk (net)
                  0.05    0.00    0.12 ^ clkbuf_2_3__f_clk/A (sky130_fd_sc_hd__clkbuf_16)
    14    0.03    0.05    0.14    0.26 ^ clkbuf_2_3__f_clk/X (sky130_fd_sc_hd__clkbuf_16)
                                         clknet_2_3__leaf_clk (net)
                  0.05    0.00    0.26 ^ _204_/CLK (sky130_fd_sc_hd__dfxtp_1)
     5    0.01    0.07    0.33    0.59 v _204_/Q (sky130_fd_sc_hd__dfxtp_1)
                                         x47.c (net)
                  0.07    0.00    0.59 v _107_/A1 (sky130_fd_sc_hd__o211ai_1)
     1    0.00    0.06    0.16    0.75 ^ _107_/Y (sky130_fd_sc_hd__o211ai_1)
                                         x70.S (net)
                  0.06    0.00    0.75 ^ _162_/D (sky130_fd_sc_hd__dfxtp_1)
                                  0.75   data arrival time

                          0.00    0.00   clock core_clock (rise edge)
                          0.00    0.00   clock source latency
     1    0.01    0.00    0.00    0.00 ^ clk (in)
                                         clk (net)
                  0.00    0.00    0.00 ^ clkbuf_0_clk/A (sky130_fd_sc_hd__clkbuf_16)
     4    0.03    0.05    0.12    0.12 ^ clkbuf_0_clk/X (sky130_fd_sc_hd__clkbuf_16)
                                         clknet_0_clk (net)
                  0.05    0.00    0.12 ^ clkbuf_2_0__f_clk/A (sky130_fd_sc_hd__clkbuf_16)
    16    0.03    0.05    0.14    0.26 ^ clkbuf_2_0__f_clk/X (sky130_fd_sc_hd__clkbuf_16)
                                         clknet_2_0__leaf_clk (net)
                  0.05    0.00    0.26 ^ _162_/CLK (sky130_fd_sc_hd__dfxtp_1)
                          0.00    0.26   clock reconvergence pessimism
                         -0.03    0.22   library hold time
                                  0.22   data required time
-----------------------------------------------------------------------------
                                  0.22   data required time
                                 -0.75   data arrival time
-----------------------------------------------------------------------------
                                  0.53   slack (MET)


Startpoint: _198_ (rising edge-triggered flip-flop clocked by core_clock)
Endpoint: _165_ (rising edge-triggered flip-flop clocked by core_clock)
Path Group: core_clock
Path Type: min

Fanout     Cap    Slew   Delay    Time   Description
-----------------------------------------------------------------------------
                          0.00    0.00   clock core_clock (rise edge)
                          0.00    0.00   clock source latency
     1    0.01    0.00    0.00    0.00 ^ clk (in)
                                         clk (net)
                  0.00    0.00    0.00 ^ clkbuf_0_clk/A (sky130_fd_sc_hd__clkbuf_16)
     4    0.03    0.05    0.12    0.12 ^ clkbuf_0_clk/X (sky130_fd_sc_hd__clkbuf_16)
                                         clknet_0_clk (net)
                  0.05    0.00    0.12 ^ clkbuf_2_1__f_clk/A (sky130_fd_sc_hd__clkbuf_16)
    10    0.03    0.05    0.14    0.26 ^ clkbuf_2_1__f_clk/X (sky130_fd_sc_hd__clkbuf_16)
                                         clknet_2_1__leaf_clk (net)
                  0.05    0.00    0.26 ^ _198_/CLK (sky130_fd_sc_hd__dfxtp_1)
     2    0.00    0.04    0.30    0.56 ^ _198_/Q (sky130_fd_sc_hd__dfxtp_1)
                                         x22.B (net)
                  0.04    0.00    0.56 ^ _120_/A (sky130_fd_sc_hd__and2_1)
     2    0.01    0.07    0.13    0.69 ^ _120_/X (sky130_fd_sc_hd__and2_1)
                                         _002_ (net)
                  0.07    0.00    0.69 ^ _121_/B1 (sky130_fd_sc_hd__a31o_1)
     1    0.00    0.03    0.09    0.77 ^ _121_/X (sky130_fd_sc_hd__a31o_1)
                                         x73.S (net)
                  0.03    0.00    0.77 ^ _165_/D (sky130_fd_sc_hd__dfxtp_1)
                                  0.77   data arrival time

                          0.00    0.00   clock core_clock (rise edge)
                          0.00    0.00   clock source latency
     1    0.01    0.00    0.00    0.00 ^ clk (in)
                                         clk (net)
                  0.00    0.00    0.00 ^ clkbuf_0_clk/A (sky130_fd_sc_hd__clkbuf_16)
     4    0.03    0.05    0.12    0.12 ^ clkbuf_0_clk/X (sky130_fd_sc_hd__clkbuf_16)
                                         clknet_0_clk (net)
                  0.05    0.00    0.12 ^ clkbuf_2_3__f_clk/A (sky130_fd_sc_hd__clkbuf_16)
    14    0.03    0.05    0.14    0.26 ^ clkbuf_2_3__f_clk/X (sky130_fd_sc_hd__clkbuf_16)
                                         clknet_2_3__leaf_clk (net)
                  0.05    0.00    0.26 ^ _165_/CLK (sky130_fd_sc_hd__dfxtp_1)
                          0.00    0.26   clock reconvergence pessimism
                         -0.03    0.23   library hold time
                                  0.23   data required time
-----------------------------------------------------------------------------
                                  0.23   data required time
                                 -0.77   data arrival time
-----------------------------------------------------------------------------
                                  0.54   slack (MET)


Startpoint: _201_ (rising edge-triggered flip-flop clocked by core_clock)
Endpoint: _168_ (rising edge-triggered flip-flop clocked by core_clock)
Path Group: core_clock
Path Type: min

Fanout     Cap    Slew   Delay    Time   Description
-----------------------------------------------------------------------------
                          0.00    0.00   clock core_clock (rise edge)
                          0.00    0.00   clock source latency
     1    0.01    0.00    0.00    0.00 ^ clk (in)
                                         clk (net)
                  0.00    0.00    0.00 ^ clkbuf_0_clk/A (sky130_fd_sc_hd__clkbuf_16)
     4    0.03    0.05    0.12    0.12 ^ clkbuf_0_clk/X (sky130_fd_sc_hd__clkbuf_16)
                                         clknet_0_clk (net)
                  0.05    0.00    0.12 ^ clkbuf_2_1__f_clk/A (sky130_fd_sc_hd__clkbuf_16)
    10    0.03    0.05    0.14    0.26 ^ clkbuf_2_1__f_clk/X (sky130_fd_sc_hd__clkbuf_16)
                                         clknet_2_1__leaf_clk (net)
                  0.05    0.00    0.26 ^ _201_/CLK (sky130_fd_sc_hd__dfxtp_1)
     4    0.01    0.10    0.35    0.60 ^ _201_/Q (sky130_fd_sc_hd__dfxtp_1)
                                         x28.B (net)
                  0.10    0.00    0.60 ^ _136_/A1 (sky130_fd_sc_hd__a21o_1)
     1    0.00    0.03    0.12    0.72 ^ _136_/X (sky130_fd_sc_hd__a21o_1)
                                         _015_ (net)
                  0.03    0.00    0.72 ^ _137_/B (sky130_fd_sc_hd__and2_4)
     1    0.00    0.03    0.12    0.84 ^ _137_/X (sky130_fd_sc_hd__and2_4)
                                         _016_ (net)
                  0.03    0.00    0.84 ^ _138_/A (sky130_fd_sc_hd__clkbuf_1)
     1    0.00    0.03    0.07    0.91 ^ _138_/X (sky130_fd_sc_hd__clkbuf_1)
                                         x76.S (net)
                  0.03    0.00    0.91 ^ _168_/D (sky130_fd_sc_hd__dfxtp_1)
                                  0.91   data arrival time

                          0.00    0.00   clock core_clock (rise edge)
                          0.00    0.00   clock source latency
     1    0.01    0.00    0.00    0.00 ^ clk (in)
                                         clk (net)
                  0.00    0.00    0.00 ^ clkbuf_0_clk/A (sky130_fd_sc_hd__clkbuf_16)
     4    0.03    0.05    0.12    0.12 ^ clkbuf_0_clk/X (sky130_fd_sc_hd__clkbuf_16)
                                         clknet_0_clk (net)
                  0.05    0.00    0.12 ^ clkbuf_2_3__f_clk/A (sky130_fd_sc_hd__clkbuf_16)
    14    0.03    0.05    0.14    0.26 ^ clkbuf_2_3__f_clk/X (sky130_fd_sc_hd__clkbuf_16)
                                         clknet_2_3__leaf_clk (net)
                  0.05    0.00    0.26 ^ _168_/CLK (sky130_fd_sc_hd__dfxtp_1)
                          0.00    0.26   clock reconvergence pessimism
                         -0.03    0.23   library hold time
                                  0.23   data required time
-----------------------------------------------------------------------------
                                  0.23   data required time
                                 -0.91   data arrival time
-----------------------------------------------------------------------------
                                  0.68   slack (MET)


Startpoint: _199_ (rising edge-triggered flip-flop clocked by core_clock)
Endpoint: _166_ (rising edge-triggered flip-flop clocked by core_clock)
Path Group: core_clock
Path Type: min

Fanout     Cap    Slew   Delay    Time   Description
-----------------------------------------------------------------------------
                          0.00    0.00   clock core_clock (rise edge)
                          0.00    0.00   clock source latency
     1    0.01    0.00    0.00    0.00 ^ clk (in)
                                         clk (net)
                  0.00    0.00    0.00 ^ clkbuf_0_clk/A (sky130_fd_sc_hd__clkbuf_16)
     4    0.03    0.05    0.12    0.12 ^ clkbuf_0_clk/X (sky130_fd_sc_hd__clkbuf_16)
                                         clknet_0_clk (net)
                  0.05    0.00    0.12 ^ clkbuf_2_1__f_clk/A (sky130_fd_sc_hd__clkbuf_16)
    10    0.03    0.05    0.14    0.26 ^ clkbuf_2_1__f_clk/X (sky130_fd_sc_hd__clkbuf_16)
                                         clknet_2_1__leaf_clk (net)
                  0.05    0.00    0.26 ^ _199_/CLK (sky130_fd_sc_hd__dfxtp_1)
     2    0.00    0.05    0.31    0.57 ^ _199_/Q (sky130_fd_sc_hd__dfxtp_1)
                                         x24.B (net)
                  0.05    0.00    0.57 ^ _122_/A1 (sky130_fd_sc_hd__a21o_1)
     2    0.00    0.05    0.11    0.67 ^ _122_/X (sky130_fd_sc_hd__a21o_1)
                                         _003_ (net)
                  0.05    0.00    0.67 ^ _125_/B (sky130_fd_sc_hd__or3_4)
     4    0.01    0.05    0.12    0.80 ^ _125_/X (sky130_fd_sc_hd__or3_4)
                                         _006_ (net)
                  0.05    0.00    0.80 ^ _128_/A1 (sky130_fd_sc_hd__a21bo_1)
     1    0.00    0.05    0.11    0.90 ^ _128_/X (sky130_fd_sc_hd__a21bo_1)
                                         _009_ (net)
                  0.05    0.00    0.90 ^ _129_/A (sky130_fd_sc_hd__inv_2)
     1    0.00    0.01    0.02    0.93 v _129_/Y (sky130_fd_sc_hd__inv_2)
                                         x74.S (net)
                  0.01    0.00    0.93 v _166_/D (sky130_fd_sc_hd__dfxtp_1)
                                  0.93   data arrival time

                          0.00    0.00   clock core_clock (rise edge)
                          0.00    0.00   clock source latency
     1    0.01    0.00    0.00    0.00 ^ clk (in)
                                         clk (net)
                  0.00    0.00    0.00 ^ clkbuf_0_clk/A (sky130_fd_sc_hd__clkbuf_16)
     4    0.03    0.05    0.12    0.12 ^ clkbuf_0_clk/X (sky130_fd_sc_hd__clkbuf_16)
                                         clknet_0_clk (net)
                  0.05    0.00    0.12 ^ clkbuf_2_2__f_clk/A (sky130_fd_sc_hd__clkbuf_16)
    13    0.03    0.05    0.14    0.26 ^ clkbuf_2_2__f_clk/X (sky130_fd_sc_hd__clkbuf_16)
                                         clknet_2_2__leaf_clk (net)
                  0.05    0.00    0.26 ^ _166_/CLK (sky130_fd_sc_hd__dfxtp_1)
                          0.00    0.26   clock reconvergence pessimism
                         -0.04    0.22   library hold time
                                  0.22   data required time
-----------------------------------------------------------------------------
                                  0.22   data required time
                                 -0.93   data arrival time
-----------------------------------------------------------------------------
                                  0.71   slack (MET)


Startpoint: _199_ (rising edge-triggered flip-flop clocked by core_clock)
Endpoint: _171_ (rising edge-triggered flip-flop clocked by core_clock)
Path Group: core_clock
Path Type: min

Fanout     Cap    Slew   Delay    Time   Description
-----------------------------------------------------------------------------
                          0.00    0.00   clock core_clock (rise edge)
                          0.00    0.00   clock source latency
     1    0.01    0.00    0.00    0.00 ^ clk (in)
                                         clk (net)
                  0.00    0.00    0.00 ^ clkbuf_0_clk/A (sky130_fd_sc_hd__clkbuf_16)
     4    0.03    0.05    0.12    0.12 ^ clkbuf_0_clk/X (sky130_fd_sc_hd__clkbuf_16)
                                         clknet_0_clk (net)
                  0.05    0.00    0.12 ^ clkbuf_2_1__f_clk/A (sky130_fd_sc_hd__clkbuf_16)
    10    0.03    0.05    0.14    0.26 ^ clkbuf_2_1__f_clk/X (sky130_fd_sc_hd__clkbuf_16)
                                         clknet_2_1__leaf_clk (net)
                  0.05    0.00    0.26 ^ _199_/CLK (sky130_fd_sc_hd__dfxtp_1)
     2    0.00    0.05    0.31    0.57 ^ _199_/Q (sky130_fd_sc_hd__dfxtp_1)
                                         x24.B (net)
                  0.05    0.00    0.57 ^ _122_/A1 (sky130_fd_sc_hd__a21o_1)
     2    0.00    0.05    0.11    0.67 ^ _122_/X (sky130_fd_sc_hd__a21o_1)
                                         _003_ (net)
                  0.05    0.00    0.67 ^ _125_/B (sky130_fd_sc_hd__or3_4)
     4    0.01    0.05    0.12    0.80 ^ _125_/X (sky130_fd_sc_hd__or3_4)
                                         _006_ (net)
                  0.05    0.00    0.80 ^ _148_/B (sky130_fd_sc_hd__or3_4)
     2    0.01    0.04    0.12    0.91 ^ _148_/X (sky130_fd_sc_hd__or3_4)
                                         _025_ (net)
                  0.04    0.00    0.91 ^ _152_/A2 (sky130_fd_sc_hd__o21bai_1)
     1    0.00    0.03    0.05    0.96 v _152_/Y (sky130_fd_sc_hd__o21bai_1)
                                         x58.C (net)
                  0.03    0.00    0.96 v _171_/D (sky130_fd_sc_hd__dfxtp_1)
                                  0.96   data arrival time

                          0.00    0.00   clock core_clock (rise edge)
                          0.00    0.00   clock source latency
     1    0.01    0.00    0.00    0.00 ^ clk (in)
                                         clk (net)
                  0.00    0.00    0.00 ^ clkbuf_0_clk/A (sky130_fd_sc_hd__clkbuf_16)
     4    0.03    0.05    0.12    0.12 ^ clkbuf_0_clk/X (sky130_fd_sc_hd__clkbuf_16)
                                         clknet_0_clk (net)
                  0.05    0.00    0.12 ^ clkbuf_2_2__f_clk/A (sky130_fd_sc_hd__clkbuf_16)
    13    0.03    0.05    0.14    0.26 ^ clkbuf_2_2__f_clk/X (sky130_fd_sc_hd__clkbuf_16)
                                         clknet_2_2__leaf_clk (net)
                  0.05    0.00    0.26 ^ _171_/CLK (sky130_fd_sc_hd__dfxtp_1)
                          0.00    0.26   clock reconvergence pessimism
                         -0.04    0.21   library hold time
                                  0.21   data required time
-----------------------------------------------------------------------------
                                  0.21   data required time
                                 -0.96   data arrival time
-----------------------------------------------------------------------------
                                  0.75   slack (MET)


Startpoint: _199_ (rising edge-triggered flip-flop clocked by core_clock)
Endpoint: _170_ (rising edge-triggered flip-flop clocked by core_clock)
Path Group: core_clock
Path Type: min

Fanout     Cap    Slew   Delay    Time   Description
-----------------------------------------------------------------------------
                          0.00    0.00   clock core_clock (rise edge)
                          0.00    0.00   clock source latency
     1    0.01    0.00    0.00    0.00 ^ clk (in)
                                         clk (net)
                  0.00    0.00    0.00 ^ clkbuf_0_clk/A (sky130_fd_sc_hd__clkbuf_16)
     4    0.03    0.05    0.12    0.12 ^ clkbuf_0_clk/X (sky130_fd_sc_hd__clkbuf_16)
                                         clknet_0_clk (net)
                  0.05    0.00    0.12 ^ clkbuf_2_1__f_clk/A (sky130_fd_sc_hd__clkbuf_16)
    10    0.03    0.05    0.14    0.26 ^ clkbuf_2_1__f_clk/X (sky130_fd_sc_hd__clkbuf_16)
                                         clknet_2_1__leaf_clk (net)
                  0.05    0.00    0.26 ^ _199_/CLK (sky130_fd_sc_hd__dfxtp_1)
     2    0.00    0.05    0.31    0.57 ^ _199_/Q (sky130_fd_sc_hd__dfxtp_1)
                                         x24.B (net)
                  0.05    0.00    0.57 ^ _122_/A1 (sky130_fd_sc_hd__a21o_1)
     2    0.00    0.05    0.11    0.67 ^ _122_/X (sky130_fd_sc_hd__a21o_1)
                                         _003_ (net)
                  0.05    0.00    0.67 ^ _125_/B (sky130_fd_sc_hd__or3_4)
     4    0.01    0.05    0.12    0.80 ^ _125_/X (sky130_fd_sc_hd__or3_4)
                                         _006_ (net)
                  0.05    0.00    0.80 ^ _148_/B (sky130_fd_sc_hd__or3_4)
     2    0.01    0.04    0.12    0.91 ^ _148_/X (sky130_fd_sc_hd__or3_4)
                                         _025_ (net)
                  0.04    0.00    0.91 ^ _153_/S (sky130_fd_sc_hd__mux2_4)
     1    0.00    0.03    0.14    1.05 ^ _153_/X (sky130_fd_sc_hd__mux2_4)
                                         _029_ (net)
                  0.03    0.00    1.05 ^ _154_/A (sky130_fd_sc_hd__clkbuf_1)
     1    0.00    0.03    0.07    1.12 ^ _154_/X (sky130_fd_sc_hd__clkbuf_1)
                                         x78.S (net)
                  0.03    0.00    1.12 ^ _170_/D (sky130_fd_sc_hd__dfxtp_1)
                                  1.12   data arrival time

                          0.00    0.00   clock core_clock (rise edge)
                          0.00    0.00   clock source latency
     1    0.01    0.00    0.00    0.00 ^ clk (in)
                                         clk (net)
                  0.00    0.00    0.00 ^ clkbuf_0_clk/A (sky130_fd_sc_hd__clkbuf_16)
     4    0.03    0.05    0.12    0.12 ^ clkbuf_0_clk/X (sky130_fd_sc_hd__clkbuf_16)
                                         clknet_0_clk (net)
                  0.05    0.00    0.12 ^ clkbuf_2_2__f_clk/A (sky130_fd_sc_hd__clkbuf_16)
    13    0.03    0.05    0.14    0.26 ^ clkbuf_2_2__f_clk/X (sky130_fd_sc_hd__clkbuf_16)
                                         clknet_2_2__leaf_clk (net)
                  0.05    0.00    0.26 ^ _170_/CLK (sky130_fd_sc_hd__dfxtp_1)
                          0.00    0.26   clock reconvergence pessimism
                         -0.03    0.23   library hold time
                                  0.23   data required time
-----------------------------------------------------------------------------
                                  0.23   data required time
                                 -1.12   data arrival time
-----------------------------------------------------------------------------
                                  0.89   slack (MET)



worst slack corner Typical: 0.4566
