
===========================================================================
 report_power
============================================================================
======================= Fastest Corner ===================================

Group                  Internal  Switching    Leakage      Total
                          Power      Power      Power      Power (Watts)
----------------------------------------------------------------
Sequential             4.46e-04   2.27e-05   7.29e-10   4.69e-04  50.1%
Combinational          5.41e-05   4.33e-05   5.18e-10   9.74e-05  10.4%
Clock                  2.35e-04   1.34e-04   8.68e-10   3.69e-04  39.5%
Macro                  0.00e+00   0.00e+00   0.00e+00   0.00e+00   0.0%
Pad                    0.00e+00   0.00e+00   0.00e+00   0.00e+00   0.0%
----------------------------------------------------------------
Total                  7.36e-04   2.00e-04   2.12e-09   9.35e-04 100.0%
                          78.6%      21.4%       0.0%

======================= Slowest Corner ===================================

Group                  Internal  Switching    Leakage      Total
                          Power      Power      Power      Power (Watts)
----------------------------------------------------------------
Sequential             2.99e-04   1.50e-05   7.33e-07   3.15e-04  49.3%
Combinational          4.03e-05   2.86e-05   6.30e-07   6.95e-05  10.9%
Clock                  1.69e-04   8.48e-05   1.21e-07   2.54e-04  39.8%
Macro                  0.00e+00   0.00e+00   0.00e+00   0.00e+00   0.0%
Pad                    0.00e+00   0.00e+00   0.00e+00   0.00e+00   0.0%
----------------------------------------------------------------
Total                  5.08e-04   1.28e-04   1.48e-06   6.38e-04 100.0%
                          79.7%      20.1%       0.2%

======================= Typical Corner ===================================

Group                  Internal  Switching    Leakage      Total
                          Power      Power      Power      Power (Watts)
----------------------------------------------------------------
Sequential             3.84e-04   1.92e-05   4.22e-10   4.03e-04  50.0%
Combinational          4.90e-05   3.65e-05   3.82e-10   8.55e-05  10.6%
Clock                  2.06e-04   1.12e-04   5.34e-10   3.18e-04  39.4%
Macro                  0.00e+00   0.00e+00   0.00e+00   0.00e+00   0.0%
Pad                    0.00e+00   0.00e+00   0.00e+00   0.00e+00   0.0%
----------------------------------------------------------------
Total                  6.39e-04   1.68e-04   1.34e-09   8.07e-04 100.0%
                          79.2%      20.8%       0.0%

