
===========================================================================
report_checks -unconstrained
===========================================================================
======================= Fastest Corner ===================================

Startpoint: _137_ (rising edge-triggered flip-flop clocked by core_clock)
Endpoint: _185_ (rising edge-triggered flip-flop clocked by core_clock)
Path Group: core_clock
Path Type: max
Corner: Fastest

Fanout     Cap    Slew   Delay    Time   Description
-----------------------------------------------------------------------------
                          0.00    0.00   clock core_clock (rise edge)
                          0.00    0.00   clock source latency
     1    0.02    0.00    0.00    0.00 ^ clk (in)
                                         clk (net)
                  0.00    0.00    0.00 ^ clkbuf_0_clk/A (sky130_fd_sc_hd__clkbuf_16)
     4    0.04    0.04    0.09    0.09 ^ clkbuf_0_clk/X (sky130_fd_sc_hd__clkbuf_16)
                                         clknet_0_clk (net)
                  0.04    0.00    0.09 ^ clkbuf_2_1__f_clk/A (sky130_fd_sc_hd__clkbuf_16)
    15    0.04    0.05    0.10    0.19 ^ clkbuf_2_1__f_clk/X (sky130_fd_sc_hd__clkbuf_16)
                                         clknet_2_1__leaf_clk (net)
                  0.05    0.00    0.19 ^ _137_/CLK (sky130_fd_sc_hd__dfxtp_2)
     3    0.01    0.03    0.21    0.40 v _137_/Q (sky130_fd_sc_hd__dfxtp_2)
                                         x1.a (net)
                  0.03    0.00    0.40 v _062_/B (sky130_fd_sc_hd__or2_4)
     2    0.01    0.03    0.14    0.54 v _062_/X (sky130_fd_sc_hd__or2_4)
                                         _014_ (net)
                  0.03    0.00    0.54 v _064_/A2 (sky130_fd_sc_hd__a21bo_1)
     2    0.01    0.05    0.15    0.68 v _064_/X (sky130_fd_sc_hd__a21bo_1)
                                         _016_ (net)
                  0.05    0.00    0.68 v _066_/B (sky130_fd_sc_hd__xor2_2)
     2    0.01    0.05    0.10    0.79 v _066_/X (sky130_fd_sc_hd__xor2_2)
                                         _018_ (net)
                  0.05    0.00    0.79 v _067_/A (sky130_fd_sc_hd__nand2_2)
     3    0.02    0.07    0.07    0.86 ^ _067_/Y (sky130_fd_sc_hd__nand2_2)
                                         _019_ (net)
                  0.07    0.00    0.86 ^ _068_/B (sky130_fd_sc_hd__nand3b_4)
     2    0.01    0.03    0.04    0.90 v _068_/Y (sky130_fd_sc_hd__nand3b_4)
                                         _020_ (net)
                  0.03    0.00    0.90 v _070_/A2 (sky130_fd_sc_hd__a21o_1)
     2    0.01    0.05    0.14    1.05 v _070_/X (sky130_fd_sc_hd__a21o_1)
                                         _022_ (net)
                  0.05    0.00    1.05 v _071_/B (sky130_fd_sc_hd__xor2_2)
     2    0.01    0.05    0.11    1.15 v _071_/X (sky130_fd_sc_hd__xor2_2)
                                         _023_ (net)
                  0.05    0.00    1.15 v _078_/A1 (sky130_fd_sc_hd__a21o_1)
     2    0.00    0.03    0.11    1.26 v _078_/X (sky130_fd_sc_hd__a21o_1)
                                         _030_ (net)
                  0.03    0.00    1.26 v _080_/A1 (sky130_fd_sc_hd__a21o_1)
     2    0.01    0.04    0.11    1.38 v _080_/X (sky130_fd_sc_hd__a21o_1)
                                         _032_ (net)
                  0.04    0.00    1.38 v _082_/A2 (sky130_fd_sc_hd__a21oi_2)
     2    0.01    0.10    0.12    1.49 ^ _082_/Y (sky130_fd_sc_hd__a21oi_2)
                                         _034_ (net)
                  0.10    0.00    1.49 ^ _083_/B (sky130_fd_sc_hd__xnor2_1)
     2    0.01    0.20    0.12    1.62 ^ _083_/Y (sky130_fd_sc_hd__xnor2_1)
                                         _035_ (net)
                  0.20    0.00    1.62 ^ _085_/A2 (sky130_fd_sc_hd__a21oi_2)
     2    0.01    0.05    0.05    1.67 v _085_/Y (sky130_fd_sc_hd__a21oi_2)
                                         _037_ (net)
                  0.05    0.00    1.67 v _086_/B (sky130_fd_sc_hd__xnor2_1)
     2    0.01    0.19    0.17    1.84 ^ _086_/Y (sky130_fd_sc_hd__xnor2_1)
                                         _038_ (net)
                  0.19    0.00    1.84 ^ _088_/A2 (sky130_fd_sc_hd__a21oi_2)
     2    0.01    0.05    0.05    1.89 v _088_/Y (sky130_fd_sc_hd__a21oi_2)
                                         _040_ (net)
                  0.05    0.00    1.89 v _089_/B (sky130_fd_sc_hd__xnor2_1)
     2    0.01    0.05    0.10    1.99 v _089_/Y (sky130_fd_sc_hd__xnor2_1)
                                         _041_ (net)
                  0.05    0.00    1.99 v _091_/A2 (sky130_fd_sc_hd__a21o_1)
     2    0.01    0.05    0.15    2.14 v _091_/X (sky130_fd_sc_hd__a21o_1)
                                         _043_ (net)
                  0.05    0.00    2.14 v _092_/B (sky130_fd_sc_hd__xnor2_2)
     2    0.01    0.04    0.09    2.23 v _092_/Y (sky130_fd_sc_hd__xnor2_2)
                                         _044_ (net)
                  0.04    0.00    2.23 v _094_/A2 (sky130_fd_sc_hd__o21a_1)
     2    0.01    0.05    0.14    2.36 v _094_/X (sky130_fd_sc_hd__o21a_1)
                                         _046_ (net)
                  0.05    0.00    2.36 v _095_/B (sky130_fd_sc_hd__xnor2_2)
     2    0.01    0.13    0.13    2.49 ^ _095_/Y (sky130_fd_sc_hd__xnor2_2)
                                         _047_ (net)
                  0.13    0.00    2.49 ^ _097_/A1 (sky130_fd_sc_hd__a21oi_2)
     2    0.01    0.05    0.04    2.54 v _097_/Y (sky130_fd_sc_hd__a21oi_2)
                                         _049_ (net)
                  0.05    0.00    2.54 v _098_/A (sky130_fd_sc_hd__xnor2_1)
     2    0.01    0.15    0.16    2.69 ^ _098_/Y (sky130_fd_sc_hd__xnor2_1)
                                         _050_ (net)
                  0.15    0.00    2.69 ^ _100_/A2 (sky130_fd_sc_hd__a21oi_2)
     2    0.01    0.05    0.05    2.74 v _100_/Y (sky130_fd_sc_hd__a21oi_2)
                                         _052_ (net)
                  0.05    0.00    2.74 v _101_/B (sky130_fd_sc_hd__xnor2_1)
     2    0.01    0.05    0.10    2.84 v _101_/Y (sky130_fd_sc_hd__xnor2_1)
                                         _053_ (net)
                  0.05    0.00    2.84 v _103_/A2 (sky130_fd_sc_hd__a21o_1)
     2    0.01    0.05    0.15    2.99 v _103_/X (sky130_fd_sc_hd__a21o_1)
                                         _055_ (net)
                  0.05    0.00    2.99 v _104_/B (sky130_fd_sc_hd__xnor2_2)
     2    0.00    0.04    0.09    3.08 v _104_/Y (sky130_fd_sc_hd__xnor2_2)
                                         _056_ (net)
                  0.04    0.00    3.08 v _106_/A2 (sky130_fd_sc_hd__o21a_1)
     2    0.01    0.05    0.13    3.21 v _106_/X (sky130_fd_sc_hd__o21a_1)
                                         _058_ (net)
                  0.05    0.00    3.21 v _107_/B (sky130_fd_sc_hd__xnor2_2)
     2    0.01    0.13    0.13    3.34 ^ _107_/Y (sky130_fd_sc_hd__xnor2_2)
                                         _059_ (net)
                  0.13    0.00    3.34 ^ _109_/A1 (sky130_fd_sc_hd__a21oi_2)
     2    0.01    0.05    0.05    3.39 v _109_/Y (sky130_fd_sc_hd__a21oi_2)
                                         _001_ (net)
                  0.05    0.00    3.39 v _110_/B (sky130_fd_sc_hd__xnor2_1)
     2    0.01    0.20    0.18    3.57 ^ _110_/Y (sky130_fd_sc_hd__xnor2_1)
                                         _002_ (net)
                  0.20    0.00    3.57 ^ _112_/A2 (sky130_fd_sc_hd__a21oi_2)
     2    0.01    0.05    0.05    3.62 v _112_/Y (sky130_fd_sc_hd__a21oi_2)
                                         _004_ (net)
                  0.05    0.00    3.62 v _113_/B (sky130_fd_sc_hd__xnor2_1)
     2    0.01    0.15    0.15    3.77 ^ _113_/Y (sky130_fd_sc_hd__xnor2_1)
                                         _005_ (net)
                  0.15    0.00    3.77 ^ _135_/B (sky130_fd_sc_hd__xor2_1)
     1    0.00    0.11    0.11    3.88 ^ _135_/X (sky130_fd_sc_hd__xor2_1)
                                         x19.sum (net)
                  0.11    0.00    3.88 ^ _185_/D (sky130_fd_sc_hd__dfxtp_1)
                                  3.88   data arrival time

                          3.00    3.00   clock core_clock (rise edge)
                          0.00    3.00   clock source latency
     1    0.02    0.00    0.00    3.00 ^ clk (in)
                                         clk (net)
                  0.00    0.00    3.00 ^ clkbuf_0_clk/A (sky130_fd_sc_hd__clkbuf_16)
     4    0.04    0.04    0.09    3.09 ^ clkbuf_0_clk/X (sky130_fd_sc_hd__clkbuf_16)
                                         clknet_0_clk (net)
                  0.04    0.00    3.09 ^ clkbuf_2_1__f_clk/A (sky130_fd_sc_hd__clkbuf_16)
    15    0.04    0.05    0.10    3.19 ^ clkbuf_2_1__f_clk/X (sky130_fd_sc_hd__clkbuf_16)
                                         clknet_2_1__leaf_clk (net)
                  0.05    0.00    3.19 ^ _185_/CLK (sky130_fd_sc_hd__dfxtp_1)
                          0.00    3.19   clock reconvergence pessimism
                         -0.04    3.15   library setup time
                                  3.15   data required time
-----------------------------------------------------------------------------
                                  3.15   data required time
                                 -3.88   data arrival time
-----------------------------------------------------------------------------
                                 -0.73   slack (VIOLATED)



======================= Slowest Corner ===================================

Startpoint: _137_ (rising edge-triggered flip-flop clocked by core_clock)
Endpoint: _186_ (rising edge-triggered flip-flop clocked by core_clock)
Path Group: core_clock
Path Type: max
Corner: Slowest

Fanout     Cap    Slew   Delay    Time   Description
-----------------------------------------------------------------------------
                          0.00    0.00   clock core_clock (rise edge)
                          0.00    0.00   clock source latency
     1    0.02    0.00    0.00    0.00 ^ clk (in)
                                         clk (net)
                  0.00    0.00    0.00 ^ clkbuf_0_clk/A (sky130_fd_sc_hd__clkbuf_16)
     4    0.04    0.09    0.22    0.22 ^ clkbuf_0_clk/X (sky130_fd_sc_hd__clkbuf_16)
                                         clknet_0_clk (net)
                  0.09    0.00    0.22 ^ clkbuf_2_1__f_clk/A (sky130_fd_sc_hd__clkbuf_16)
    15    0.04    0.09    0.26    0.47 ^ clkbuf_2_1__f_clk/X (sky130_fd_sc_hd__clkbuf_16)
                                         clknet_2_1__leaf_clk (net)
                  0.09    0.00    0.47 ^ _137_/CLK (sky130_fd_sc_hd__dfxtp_2)
     3    0.01    0.07    0.64    1.11 v _137_/Q (sky130_fd_sc_hd__dfxtp_2)
                                         x1.a (net)
                  0.07    0.00    1.11 v _062_/B (sky130_fd_sc_hd__or2_4)
     2    0.01    0.08    0.44    1.55 v _062_/X (sky130_fd_sc_hd__or2_4)
                                         _014_ (net)
                  0.08    0.00    1.55 v _064_/A2 (sky130_fd_sc_hd__a21bo_1)
     2    0.01    0.13    0.41    1.96 v _064_/X (sky130_fd_sc_hd__a21bo_1)
                                         _016_ (net)
                  0.13    0.00    1.96 v _066_/B (sky130_fd_sc_hd__xor2_2)
     2    0.01    0.12    0.30    2.27 v _066_/X (sky130_fd_sc_hd__xor2_2)
                                         _018_ (net)
                  0.12    0.00    2.27 v _067_/A (sky130_fd_sc_hd__nand2_2)
     3    0.02    0.15    0.17    2.44 ^ _067_/Y (sky130_fd_sc_hd__nand2_2)
                                         _019_ (net)
                  0.15    0.00    2.44 ^ _068_/B (sky130_fd_sc_hd__nand3b_4)
     2    0.00    0.10    0.16    2.60 v _068_/Y (sky130_fd_sc_hd__nand3b_4)
                                         _020_ (net)
                  0.10    0.00    2.60 v _070_/A2 (sky130_fd_sc_hd__a21o_1)
     2    0.01    0.14    0.41    3.02 v _070_/X (sky130_fd_sc_hd__a21o_1)
                                         _022_ (net)
                  0.14    0.00    3.02 v _071_/B (sky130_fd_sc_hd__xor2_2)
     2    0.01    0.14    0.32    3.33 v _071_/X (sky130_fd_sc_hd__xor2_2)
                                         _023_ (net)
                  0.14    0.00    3.33 v _078_/A1 (sky130_fd_sc_hd__a21o_1)
     2    0.00    0.08    0.33    3.66 v _078_/X (sky130_fd_sc_hd__a21o_1)
                                         _030_ (net)
                  0.08    0.00    3.66 v _080_/A1 (sky130_fd_sc_hd__a21o_1)
     2    0.01    0.11    0.34    4.00 v _080_/X (sky130_fd_sc_hd__a21o_1)
                                         _032_ (net)
                  0.11    0.00    4.00 v _082_/A2 (sky130_fd_sc_hd__a21oi_2)
     2    0.01    0.21    0.29    4.29 ^ _082_/Y (sky130_fd_sc_hd__a21oi_2)
                                         _034_ (net)
                  0.21    0.00    4.29 ^ _083_/B (sky130_fd_sc_hd__xnor2_1)
     2    0.01    0.48    0.34    4.64 ^ _083_/Y (sky130_fd_sc_hd__xnor2_1)
                                         _035_ (net)
                  0.48    0.00    4.64 ^ _085_/A2 (sky130_fd_sc_hd__a21oi_2)
     2    0.01    0.12    0.26    4.89 v _085_/Y (sky130_fd_sc_hd__a21oi_2)
                                         _037_ (net)
                  0.12    0.00    4.89 v _086_/B (sky130_fd_sc_hd__xnor2_1)
     2    0.01    0.45    0.43    5.32 ^ _086_/Y (sky130_fd_sc_hd__xnor2_1)
                                         _038_ (net)
                  0.45    0.00    5.32 ^ _088_/A2 (sky130_fd_sc_hd__a21oi_2)
     2    0.01    0.12    0.26    5.58 v _088_/Y (sky130_fd_sc_hd__a21oi_2)
                                         _040_ (net)
                  0.12    0.00    5.58 v _089_/B (sky130_fd_sc_hd__xnor2_1)
     2    0.01    0.38    0.37    5.96 ^ _089_/Y (sky130_fd_sc_hd__xnor2_1)
                                         _041_ (net)
                  0.38    0.00    5.96 ^ _091_/A2 (sky130_fd_sc_hd__a21o_1)
     2    0.01    0.19    0.42    6.38 ^ _091_/X (sky130_fd_sc_hd__a21o_1)
                                         _043_ (net)
                  0.19    0.00    6.38 ^ _092_/B (sky130_fd_sc_hd__xnor2_2)
     2    0.01    0.20    0.25    6.63 ^ _092_/Y (sky130_fd_sc_hd__xnor2_2)
                                         _044_ (net)
                  0.20    0.00    6.63 ^ _094_/A2 (sky130_fd_sc_hd__o21a_1)
     2    0.01    0.20    0.35    6.98 ^ _094_/X (sky130_fd_sc_hd__o21a_1)
                                         _046_ (net)
                  0.20    0.00    6.98 ^ _096_/A_N (sky130_fd_sc_hd__and2b_1)
     1    0.01    0.08    0.43    7.41 v _096_/X (sky130_fd_sc_hd__and2b_1)
                                         _048_ (net)
                  0.08    0.00    7.41 v _097_/B1 (sky130_fd_sc_hd__a21oi_2)
     2    0.01    0.21    0.22    7.64 ^ _097_/Y (sky130_fd_sc_hd__a21oi_2)
                                         _049_ (net)
                  0.21    0.00    7.64 ^ _099_/A_N (sky130_fd_sc_hd__and2b_1)
     1    0.01    0.09    0.44    8.07 v _099_/X (sky130_fd_sc_hd__and2b_1)
                                         _051_ (net)
                  0.09    0.00    8.07 v _100_/B1 (sky130_fd_sc_hd__a21oi_2)
     2    0.01    0.21    0.23    8.30 ^ _100_/Y (sky130_fd_sc_hd__a21oi_2)
                                         _052_ (net)
                  0.21    0.00    8.30 ^ _102_/A_N (sky130_fd_sc_hd__and2b_1)
     1    0.00    0.08    0.43    8.74 v _102_/X (sky130_fd_sc_hd__and2b_1)
                                         _054_ (net)
                  0.08    0.00    8.74 v _103_/B1 (sky130_fd_sc_hd__a21o_1)
     2    0.01    0.14    0.36    9.09 v _103_/X (sky130_fd_sc_hd__a21o_1)
                                         _055_ (net)
                  0.14    0.00    9.09 v rebuffer4/A (sky130_fd_sc_hd__clkbuf_1)
     1    0.00    0.05    0.19    9.28 v rebuffer4/X (sky130_fd_sc_hd__clkbuf_1)
                                         net54 (net)
                  0.05    0.00    9.28 v _105_/B (sky130_fd_sc_hd__nand2_1)
     1    0.00    0.07    0.09    9.37 ^ _105_/Y (sky130_fd_sc_hd__nand2_1)
                                         _057_ (net)
                  0.07    0.00    9.37 ^ _106_/B1 (sky130_fd_sc_hd__o21a_1)
     2    0.01    0.19    0.31    9.68 ^ _106_/X (sky130_fd_sc_hd__o21a_1)
                                         _058_ (net)
                  0.19    0.00    9.69 ^ _108_/A_N (sky130_fd_sc_hd__and2b_1)
     1    0.00    0.08    0.43   10.11 v _108_/X (sky130_fd_sc_hd__and2b_1)
                                         _000_ (net)
                  0.08    0.00   10.11 v _109_/B1 (sky130_fd_sc_hd__a21oi_2)
     2    0.01    0.22    0.24   10.35 ^ _109_/Y (sky130_fd_sc_hd__a21oi_2)
                                         _001_ (net)
                  0.22    0.00   10.35 ^ _111_/A_N (sky130_fd_sc_hd__and2b_1)
     1    0.01    0.09    0.45   10.80 v _111_/X (sky130_fd_sc_hd__and2b_1)
                                         _003_ (net)
                  0.09    0.00   10.80 v _112_/B1 (sky130_fd_sc_hd__a21oi_2)
     2    0.01    0.21    0.23   11.03 ^ _112_/Y (sky130_fd_sc_hd__a21oi_2)
                                         _004_ (net)
                  0.21    0.00   11.03 ^ _114_/A_N (sky130_fd_sc_hd__and2b_1)
     1    0.00    0.07    0.42   11.45 v _114_/X (sky130_fd_sc_hd__and2b_1)
                                         _006_ (net)
                  0.07    0.00   11.45 v _115_/B1 (sky130_fd_sc_hd__a21o_1)
     1    0.00    0.06    0.27   11.72 v _115_/X (sky130_fd_sc_hd__a21o_1)
                                         x20.out (net)
                  0.06    0.00   11.72 v _186_/D (sky130_fd_sc_hd__dfxtp_1)
                                 11.72   data arrival time

                          3.00    3.00   clock core_clock (rise edge)
                          0.00    3.00   clock source latency
     1    0.02    0.00    0.00    3.00 ^ clk (in)
                                         clk (net)
                  0.00    0.00    3.00 ^ clkbuf_0_clk/A (sky130_fd_sc_hd__clkbuf_16)
     4    0.04    0.09    0.22    3.22 ^ clkbuf_0_clk/X (sky130_fd_sc_hd__clkbuf_16)
                                         clknet_0_clk (net)
                  0.09    0.00    3.22 ^ clkbuf_2_3__f_clk/A (sky130_fd_sc_hd__clkbuf_16)
    12    0.04    0.09    0.26    3.48 ^ clkbuf_2_3__f_clk/X (sky130_fd_sc_hd__clkbuf_16)
                                         clknet_2_3__leaf_clk (net)
                  0.09    0.00    3.48 ^ _186_/CLK (sky130_fd_sc_hd__dfxtp_1)
                          0.00    3.48   clock reconvergence pessimism
                         -0.26    3.22   library setup time
                                  3.22   data required time
-----------------------------------------------------------------------------
                                  3.22   data required time
                                -11.72   data arrival time
-----------------------------------------------------------------------------
                                 -8.50   slack (VIOLATED)



======================= Typical Corner ===================================

Startpoint: _137_ (rising edge-triggered flip-flop clocked by core_clock)
Endpoint: _185_ (rising edge-triggered flip-flop clocked by core_clock)
Path Group: core_clock
Path Type: max
Corner: Typical

Fanout     Cap    Slew   Delay    Time   Description
-----------------------------------------------------------------------------
                          0.00    0.00   clock core_clock (rise edge)
                          0.00    0.00   clock source latency
     1    0.02    0.00    0.00    0.00 ^ clk (in)
                                         clk (net)
                  0.00    0.00    0.00 ^ clkbuf_0_clk/A (sky130_fd_sc_hd__clkbuf_16)
     4    0.04    0.06    0.12    0.12 ^ clkbuf_0_clk/X (sky130_fd_sc_hd__clkbuf_16)
                                         clknet_0_clk (net)
                  0.06    0.00    0.12 ^ clkbuf_2_1__f_clk/A (sky130_fd_sc_hd__clkbuf_16)
    15    0.04    0.06    0.15    0.27 ^ clkbuf_2_1__f_clk/X (sky130_fd_sc_hd__clkbuf_16)
                                         clknet_2_1__leaf_clk (net)
                  0.06    0.00    0.27 ^ _137_/CLK (sky130_fd_sc_hd__dfxtp_2)
     3    0.01    0.04    0.33    0.60 v _137_/Q (sky130_fd_sc_hd__dfxtp_2)
                                         x1.a (net)
                  0.04    0.00    0.60 v _062_/B (sky130_fd_sc_hd__or2_4)
     2    0.01    0.05    0.22    0.83 v _062_/X (sky130_fd_sc_hd__or2_4)
                                         _014_ (net)
                  0.05    0.00    0.83 v _064_/A2 (sky130_fd_sc_hd__a21bo_1)
     2    0.01    0.07    0.22    1.05 v _064_/X (sky130_fd_sc_hd__a21bo_1)
                                         _016_ (net)
                  0.07    0.00    1.05 v _066_/B (sky130_fd_sc_hd__xor2_2)
     2    0.01    0.07    0.16    1.21 v _066_/X (sky130_fd_sc_hd__xor2_2)
                                         _018_ (net)
                  0.07    0.00    1.21 v _067_/A (sky130_fd_sc_hd__nand2_2)
     3    0.02    0.09    0.10    1.31 ^ _067_/Y (sky130_fd_sc_hd__nand2_2)
                                         _019_ (net)
                  0.09    0.00    1.31 ^ _068_/B (sky130_fd_sc_hd__nand3b_4)
     2    0.00    0.05    0.07    1.38 v _068_/Y (sky130_fd_sc_hd__nand3b_4)
                                         _020_ (net)
                  0.05    0.00    1.38 v _070_/A2 (sky130_fd_sc_hd__a21o_1)
     2    0.01    0.08    0.22    1.60 v _070_/X (sky130_fd_sc_hd__a21o_1)
                                         _022_ (net)
                  0.08    0.00    1.60 v _071_/B (sky130_fd_sc_hd__xor2_2)
     2    0.01    0.07    0.17    1.77 v _071_/X (sky130_fd_sc_hd__xor2_2)
                                         _023_ (net)
                  0.07    0.00    1.77 v _078_/A1 (sky130_fd_sc_hd__a21o_1)
     2    0.00    0.04    0.17    1.94 v _078_/X (sky130_fd_sc_hd__a21o_1)
                                         _030_ (net)
                  0.04    0.00    1.94 v _080_/A1 (sky130_fd_sc_hd__a21o_1)
     2    0.01    0.06    0.18    2.12 v _080_/X (sky130_fd_sc_hd__a21o_1)
                                         _032_ (net)
                  0.06    0.00    2.12 v _082_/A2 (sky130_fd_sc_hd__a21oi_2)
     2    0.01    0.13    0.17    2.29 ^ _082_/Y (sky130_fd_sc_hd__a21oi_2)
                                         _034_ (net)
                  0.13    0.00    2.29 ^ _083_/B (sky130_fd_sc_hd__xnor2_1)
     2    0.01    0.29    0.19    2.48 ^ _083_/Y (sky130_fd_sc_hd__xnor2_1)
                                         _035_ (net)
                  0.29    0.00    2.48 ^ _085_/A2 (sky130_fd_sc_hd__a21oi_2)
     2    0.01    0.07    0.11    2.59 v _085_/Y (sky130_fd_sc_hd__a21oi_2)
                                         _037_ (net)
                  0.07    0.00    2.59 v _086_/B (sky130_fd_sc_hd__xnor2_1)
     2    0.01    0.28    0.25    2.84 ^ _086_/Y (sky130_fd_sc_hd__xnor2_1)
                                         _038_ (net)
                  0.28    0.00    2.84 ^ _088_/A2 (sky130_fd_sc_hd__a21oi_2)
     2    0.01    0.07    0.11    2.96 v _088_/Y (sky130_fd_sc_hd__a21oi_2)
                                         _040_ (net)
                  0.07    0.00    2.96 v _089_/B (sky130_fd_sc_hd__xnor2_1)
     2    0.01    0.23    0.22    3.18 ^ _089_/Y (sky130_fd_sc_hd__xnor2_1)
                                         _041_ (net)
                  0.23    0.00    3.18 ^ _091_/A2 (sky130_fd_sc_hd__a21o_1)
     2    0.01    0.12    0.21    3.39 ^ _091_/X (sky130_fd_sc_hd__a21o_1)
                                         _043_ (net)
                  0.12    0.00    3.39 ^ _092_/B (sky130_fd_sc_hd__xnor2_2)
     2    0.01    0.13    0.12    3.51 ^ _092_/Y (sky130_fd_sc_hd__xnor2_2)
                                         _044_ (net)
                  0.13    0.00    3.51 ^ _094_/A2 (sky130_fd_sc_hd__o21a_1)
     2    0.01    0.12    0.18    3.70 ^ _094_/X (sky130_fd_sc_hd__o21a_1)
                                         _046_ (net)
                  0.12    0.00    3.70 ^ _096_/A_N (sky130_fd_sc_hd__and2b_1)
     1    0.00    0.04    0.20    3.90 v _096_/X (sky130_fd_sc_hd__and2b_1)
                                         _048_ (net)
                  0.04    0.00    3.90 v _097_/B1 (sky130_fd_sc_hd__a21oi_2)
     2    0.01    0.13    0.13    4.03 ^ _097_/Y (sky130_fd_sc_hd__a21oi_2)
                                         _049_ (net)
                  0.13    0.00    4.03 ^ _099_/A_N (sky130_fd_sc_hd__and2b_1)
     1    0.01    0.04    0.20    4.23 v _099_/X (sky130_fd_sc_hd__and2b_1)
                                         _051_ (net)
                  0.04    0.00    4.23 v _100_/B1 (sky130_fd_sc_hd__a21oi_2)
     2    0.01    0.13    0.13    4.37 ^ _100_/Y (sky130_fd_sc_hd__a21oi_2)
                                         _052_ (net)
                  0.13    0.00    4.37 ^ _102_/A_N (sky130_fd_sc_hd__and2b_1)
     1    0.00    0.04    0.20    4.57 v _102_/X (sky130_fd_sc_hd__and2b_1)
                                         _054_ (net)
                  0.04    0.00    4.57 v _103_/B1 (sky130_fd_sc_hd__a21o_1)
     2    0.01    0.07    0.19    4.76 v _103_/X (sky130_fd_sc_hd__a21o_1)
                                         _055_ (net)
                  0.07    0.00    4.76 v _104_/B (sky130_fd_sc_hd__xnor2_2)
     2    0.00    0.05    0.14    4.90 v _104_/Y (sky130_fd_sc_hd__xnor2_2)
                                         _056_ (net)
                  0.05    0.00    4.90 v _106_/A2 (sky130_fd_sc_hd__o21a_1)
     2    0.01    0.07    0.20    5.10 v _106_/X (sky130_fd_sc_hd__o21a_1)
                                         _058_ (net)
                  0.07    0.00    5.10 v _107_/B (sky130_fd_sc_hd__xnor2_2)
     2    0.01    0.18    0.18    5.28 ^ _107_/Y (sky130_fd_sc_hd__xnor2_2)
                                         _059_ (net)
                  0.18    0.00    5.28 ^ _109_/A1 (sky130_fd_sc_hd__a21oi_2)
     2    0.01    0.07    0.09    5.37 v _109_/Y (sky130_fd_sc_hd__a21oi_2)
                                         _001_ (net)
                  0.07    0.00    5.37 v _110_/B (sky130_fd_sc_hd__xnor2_1)
     2    0.01    0.29    0.27    5.64 ^ _110_/Y (sky130_fd_sc_hd__xnor2_1)
                                         _002_ (net)
                  0.29    0.00    5.64 ^ _112_/A2 (sky130_fd_sc_hd__a21oi_2)
     2    0.01    0.07    0.11    5.75 v _112_/Y (sky130_fd_sc_hd__a21oi_2)
                                         _004_ (net)
                  0.07    0.00    5.75 v _113_/B (sky130_fd_sc_hd__xnor2_1)
     2    0.01    0.22    0.22    5.97 ^ _113_/Y (sky130_fd_sc_hd__xnor2_1)
                                         _005_ (net)
                  0.22    0.00    5.97 ^ _135_/B (sky130_fd_sc_hd__xor2_1)
     1    0.00    0.15    0.19    6.16 ^ _135_/X (sky130_fd_sc_hd__xor2_1)
                                         x19.sum (net)
                  0.15    0.00    6.16 ^ _185_/D (sky130_fd_sc_hd__dfxtp_1)
                                  6.16   data arrival time

                          3.00    3.00   clock core_clock (rise edge)
                          0.00    3.00   clock source latency
     1    0.02    0.00    0.00    3.00 ^ clk (in)
                                         clk (net)
                  0.00    0.00    3.00 ^ clkbuf_0_clk/A (sky130_fd_sc_hd__clkbuf_16)
     4    0.04    0.06    0.12    3.12 ^ clkbuf_0_clk/X (sky130_fd_sc_hd__clkbuf_16)
                                         clknet_0_clk (net)
                  0.06    0.00    3.12 ^ clkbuf_2_1__f_clk/A (sky130_fd_sc_hd__clkbuf_16)
    15    0.04    0.06    0.15    3.27 ^ clkbuf_2_1__f_clk/X (sky130_fd_sc_hd__clkbuf_16)
                                         clknet_2_1__leaf_clk (net)
                  0.06    0.00    3.27 ^ _185_/CLK (sky130_fd_sc_hd__dfxtp_1)
                          0.00    3.27   clock reconvergence pessimism
                         -0.08    3.20   library setup time
                                  3.20   data required time
-----------------------------------------------------------------------------
                                  3.20   data required time
                                 -6.16   data arrival time
-----------------------------------------------------------------------------
                                 -2.97   slack (VIOLATED)




===========================================================================
report_checks --slack_max -0.01
============================================================================
======================= Fastest Corner ===================================

Startpoint: _137_ (rising edge-triggered flip-flop clocked by core_clock)
Endpoint: _185_ (rising edge-triggered flip-flop clocked by core_clock)
Path Group: core_clock
Path Type: max
Corner: Fastest

Fanout     Cap    Slew   Delay    Time   Description
-----------------------------------------------------------------------------
                          0.00    0.00   clock core_clock (rise edge)
                          0.00    0.00   clock source latency
     1    0.02    0.00    0.00    0.00 ^ clk (in)
                                         clk (net)
                  0.00    0.00    0.00 ^ clkbuf_0_clk/A (sky130_fd_sc_hd__clkbuf_16)
     4    0.04    0.04    0.09    0.09 ^ clkbuf_0_clk/X (sky130_fd_sc_hd__clkbuf_16)
                                         clknet_0_clk (net)
                  0.04    0.00    0.09 ^ clkbuf_2_1__f_clk/A (sky130_fd_sc_hd__clkbuf_16)
    15    0.04    0.05    0.10    0.19 ^ clkbuf_2_1__f_clk/X (sky130_fd_sc_hd__clkbuf_16)
                                         clknet_2_1__leaf_clk (net)
                  0.05    0.00    0.19 ^ _137_/CLK (sky130_fd_sc_hd__dfxtp_2)
     3    0.01    0.03    0.21    0.40 v _137_/Q (sky130_fd_sc_hd__dfxtp_2)
                                         x1.a (net)
                  0.03    0.00    0.40 v _062_/B (sky130_fd_sc_hd__or2_4)
     2    0.01    0.03    0.14    0.54 v _062_/X (sky130_fd_sc_hd__or2_4)
                                         _014_ (net)
                  0.03    0.00    0.54 v _064_/A2 (sky130_fd_sc_hd__a21bo_1)
     2    0.01    0.05    0.15    0.68 v _064_/X (sky130_fd_sc_hd__a21bo_1)
                                         _016_ (net)
                  0.05    0.00    0.68 v _066_/B (sky130_fd_sc_hd__xor2_2)
     2    0.01    0.05    0.10    0.79 v _066_/X (sky130_fd_sc_hd__xor2_2)
                                         _018_ (net)
                  0.05    0.00    0.79 v _067_/A (sky130_fd_sc_hd__nand2_2)
     3    0.02    0.07    0.07    0.86 ^ _067_/Y (sky130_fd_sc_hd__nand2_2)
                                         _019_ (net)
                  0.07    0.00    0.86 ^ _068_/B (sky130_fd_sc_hd__nand3b_4)
     2    0.01    0.03    0.04    0.90 v _068_/Y (sky130_fd_sc_hd__nand3b_4)
                                         _020_ (net)
                  0.03    0.00    0.90 v _070_/A2 (sky130_fd_sc_hd__a21o_1)
     2    0.01    0.05    0.14    1.05 v _070_/X (sky130_fd_sc_hd__a21o_1)
                                         _022_ (net)
                  0.05    0.00    1.05 v _071_/B (sky130_fd_sc_hd__xor2_2)
     2    0.01    0.05    0.11    1.15 v _071_/X (sky130_fd_sc_hd__xor2_2)
                                         _023_ (net)
                  0.05    0.00    1.15 v _078_/A1 (sky130_fd_sc_hd__a21o_1)
     2    0.00    0.03    0.11    1.26 v _078_/X (sky130_fd_sc_hd__a21o_1)
                                         _030_ (net)
                  0.03    0.00    1.26 v _080_/A1 (sky130_fd_sc_hd__a21o_1)
     2    0.01    0.04    0.11    1.38 v _080_/X (sky130_fd_sc_hd__a21o_1)
                                         _032_ (net)
                  0.04    0.00    1.38 v _082_/A2 (sky130_fd_sc_hd__a21oi_2)
     2    0.01    0.10    0.12    1.49 ^ _082_/Y (sky130_fd_sc_hd__a21oi_2)
                                         _034_ (net)
                  0.10    0.00    1.49 ^ _083_/B (sky130_fd_sc_hd__xnor2_1)
     2    0.01    0.20    0.12    1.62 ^ _083_/Y (sky130_fd_sc_hd__xnor2_1)
                                         _035_ (net)
                  0.20    0.00    1.62 ^ _085_/A2 (sky130_fd_sc_hd__a21oi_2)
     2    0.01    0.05    0.05    1.67 v _085_/Y (sky130_fd_sc_hd__a21oi_2)
                                         _037_ (net)
                  0.05    0.00    1.67 v _086_/B (sky130_fd_sc_hd__xnor2_1)
     2    0.01    0.19    0.17    1.84 ^ _086_/Y (sky130_fd_sc_hd__xnor2_1)
                                         _038_ (net)
                  0.19    0.00    1.84 ^ _088_/A2 (sky130_fd_sc_hd__a21oi_2)
     2    0.01    0.05    0.05    1.89 v _088_/Y (sky130_fd_sc_hd__a21oi_2)
                                         _040_ (net)
                  0.05    0.00    1.89 v _089_/B (sky130_fd_sc_hd__xnor2_1)
     2    0.01    0.05    0.10    1.99 v _089_/Y (sky130_fd_sc_hd__xnor2_1)
                                         _041_ (net)
                  0.05    0.00    1.99 v _091_/A2 (sky130_fd_sc_hd__a21o_1)
     2    0.01    0.05    0.15    2.14 v _091_/X (sky130_fd_sc_hd__a21o_1)
                                         _043_ (net)
                  0.05    0.00    2.14 v _092_/B (sky130_fd_sc_hd__xnor2_2)
     2    0.01    0.04    0.09    2.23 v _092_/Y (sky130_fd_sc_hd__xnor2_2)
                                         _044_ (net)
                  0.04    0.00    2.23 v _094_/A2 (sky130_fd_sc_hd__o21a_1)
     2    0.01    0.05    0.14    2.36 v _094_/X (sky130_fd_sc_hd__o21a_1)
                                         _046_ (net)
                  0.05    0.00    2.36 v _095_/B (sky130_fd_sc_hd__xnor2_2)
     2    0.01    0.13    0.13    2.49 ^ _095_/Y (sky130_fd_sc_hd__xnor2_2)
                                         _047_ (net)
                  0.13    0.00    2.49 ^ _097_/A1 (sky130_fd_sc_hd__a21oi_2)
     2    0.01    0.05    0.04    2.54 v _097_/Y (sky130_fd_sc_hd__a21oi_2)
                                         _049_ (net)
                  0.05    0.00    2.54 v _098_/A (sky130_fd_sc_hd__xnor2_1)
     2    0.01    0.15    0.16    2.69 ^ _098_/Y (sky130_fd_sc_hd__xnor2_1)
                                         _050_ (net)
                  0.15    0.00    2.69 ^ _100_/A2 (sky130_fd_sc_hd__a21oi_2)
     2    0.01    0.05    0.05    2.74 v _100_/Y (sky130_fd_sc_hd__a21oi_2)
                                         _052_ (net)
                  0.05    0.00    2.74 v _101_/B (sky130_fd_sc_hd__xnor2_1)
     2    0.01    0.05    0.10    2.84 v _101_/Y (sky130_fd_sc_hd__xnor2_1)
                                         _053_ (net)
                  0.05    0.00    2.84 v _103_/A2 (sky130_fd_sc_hd__a21o_1)
     2    0.01    0.05    0.15    2.99 v _103_/X (sky130_fd_sc_hd__a21o_1)
                                         _055_ (net)
                  0.05    0.00    2.99 v _104_/B (sky130_fd_sc_hd__xnor2_2)
     2    0.00    0.04    0.09    3.08 v _104_/Y (sky130_fd_sc_hd__xnor2_2)
                                         _056_ (net)
                  0.04    0.00    3.08 v _106_/A2 (sky130_fd_sc_hd__o21a_1)
     2    0.01    0.05    0.13    3.21 v _106_/X (sky130_fd_sc_hd__o21a_1)
                                         _058_ (net)
                  0.05    0.00    3.21 v _107_/B (sky130_fd_sc_hd__xnor2_2)
     2    0.01    0.13    0.13    3.34 ^ _107_/Y (sky130_fd_sc_hd__xnor2_2)
                                         _059_ (net)
                  0.13    0.00    3.34 ^ _109_/A1 (sky130_fd_sc_hd__a21oi_2)
     2    0.01    0.05    0.05    3.39 v _109_/Y (sky130_fd_sc_hd__a21oi_2)
                                         _001_ (net)
                  0.05    0.00    3.39 v _110_/B (sky130_fd_sc_hd__xnor2_1)
     2    0.01    0.20    0.18    3.57 ^ _110_/Y (sky130_fd_sc_hd__xnor2_1)
                                         _002_ (net)
                  0.20    0.00    3.57 ^ _112_/A2 (sky130_fd_sc_hd__a21oi_2)
     2    0.01    0.05    0.05    3.62 v _112_/Y (sky130_fd_sc_hd__a21oi_2)
                                         _004_ (net)
                  0.05    0.00    3.62 v _113_/B (sky130_fd_sc_hd__xnor2_1)
     2    0.01    0.15    0.15    3.77 ^ _113_/Y (sky130_fd_sc_hd__xnor2_1)
                                         _005_ (net)
                  0.15    0.00    3.77 ^ _135_/B (sky130_fd_sc_hd__xor2_1)
     1    0.00    0.11    0.11    3.88 ^ _135_/X (sky130_fd_sc_hd__xor2_1)
                                         x19.sum (net)
                  0.11    0.00    3.88 ^ _185_/D (sky130_fd_sc_hd__dfxtp_1)
                                  3.88   data arrival time

                          3.00    3.00   clock core_clock (rise edge)
                          0.00    3.00   clock source latency
     1    0.02    0.00    0.00    3.00 ^ clk (in)
                                         clk (net)
                  0.00    0.00    3.00 ^ clkbuf_0_clk/A (sky130_fd_sc_hd__clkbuf_16)
     4    0.04    0.04    0.09    3.09 ^ clkbuf_0_clk/X (sky130_fd_sc_hd__clkbuf_16)
                                         clknet_0_clk (net)
                  0.04    0.00    3.09 ^ clkbuf_2_1__f_clk/A (sky130_fd_sc_hd__clkbuf_16)
    15    0.04    0.05    0.10    3.19 ^ clkbuf_2_1__f_clk/X (sky130_fd_sc_hd__clkbuf_16)
                                         clknet_2_1__leaf_clk (net)
                  0.05    0.00    3.19 ^ _185_/CLK (sky130_fd_sc_hd__dfxtp_1)
                          0.00    3.19   clock reconvergence pessimism
                         -0.04    3.15   library setup time
                                  3.15   data required time
-----------------------------------------------------------------------------
                                  3.15   data required time
                                 -3.88   data arrival time
-----------------------------------------------------------------------------
                                 -0.73   slack (VIOLATED)



======================= Slowest Corner ===================================

Startpoint: _137_ (rising edge-triggered flip-flop clocked by core_clock)
Endpoint: _186_ (rising edge-triggered flip-flop clocked by core_clock)
Path Group: core_clock
Path Type: max
Corner: Slowest

Fanout     Cap    Slew   Delay    Time   Description
-----------------------------------------------------------------------------
                          0.00    0.00   clock core_clock (rise edge)
                          0.00    0.00   clock source latency
     1    0.02    0.00    0.00    0.00 ^ clk (in)
                                         clk (net)
                  0.00    0.00    0.00 ^ clkbuf_0_clk/A (sky130_fd_sc_hd__clkbuf_16)
     4    0.04    0.09    0.22    0.22 ^ clkbuf_0_clk/X (sky130_fd_sc_hd__clkbuf_16)
                                         clknet_0_clk (net)
                  0.09    0.00    0.22 ^ clkbuf_2_1__f_clk/A (sky130_fd_sc_hd__clkbuf_16)
    15    0.04    0.09    0.26    0.47 ^ clkbuf_2_1__f_clk/X (sky130_fd_sc_hd__clkbuf_16)
                                         clknet_2_1__leaf_clk (net)
                  0.09    0.00    0.47 ^ _137_/CLK (sky130_fd_sc_hd__dfxtp_2)
     3    0.01    0.07    0.64    1.11 v _137_/Q (sky130_fd_sc_hd__dfxtp_2)
                                         x1.a (net)
                  0.07    0.00    1.11 v _062_/B (sky130_fd_sc_hd__or2_4)
     2    0.01    0.08    0.44    1.55 v _062_/X (sky130_fd_sc_hd__or2_4)
                                         _014_ (net)
                  0.08    0.00    1.55 v _064_/A2 (sky130_fd_sc_hd__a21bo_1)
     2    0.01    0.13    0.41    1.96 v _064_/X (sky130_fd_sc_hd__a21bo_1)
                                         _016_ (net)
                  0.13    0.00    1.96 v _066_/B (sky130_fd_sc_hd__xor2_2)
     2    0.01    0.12    0.30    2.27 v _066_/X (sky130_fd_sc_hd__xor2_2)
                                         _018_ (net)
                  0.12    0.00    2.27 v _067_/A (sky130_fd_sc_hd__nand2_2)
     3    0.02    0.15    0.17    2.44 ^ _067_/Y (sky130_fd_sc_hd__nand2_2)
                                         _019_ (net)
                  0.15    0.00    2.44 ^ _068_/B (sky130_fd_sc_hd__nand3b_4)
     2    0.00    0.10    0.16    2.60 v _068_/Y (sky130_fd_sc_hd__nand3b_4)
                                         _020_ (net)
                  0.10    0.00    2.60 v _070_/A2 (sky130_fd_sc_hd__a21o_1)
     2    0.01    0.14    0.41    3.02 v _070_/X (sky130_fd_sc_hd__a21o_1)
                                         _022_ (net)
                  0.14    0.00    3.02 v _071_/B (sky130_fd_sc_hd__xor2_2)
     2    0.01    0.14    0.32    3.33 v _071_/X (sky130_fd_sc_hd__xor2_2)
                                         _023_ (net)
                  0.14    0.00    3.33 v _078_/A1 (sky130_fd_sc_hd__a21o_1)
     2    0.00    0.08    0.33    3.66 v _078_/X (sky130_fd_sc_hd__a21o_1)
                                         _030_ (net)
                  0.08    0.00    3.66 v _080_/A1 (sky130_fd_sc_hd__a21o_1)
     2    0.01    0.11    0.34    4.00 v _080_/X (sky130_fd_sc_hd__a21o_1)
                                         _032_ (net)
                  0.11    0.00    4.00 v _082_/A2 (sky130_fd_sc_hd__a21oi_2)
     2    0.01    0.21    0.29    4.29 ^ _082_/Y (sky130_fd_sc_hd__a21oi_2)
                                         _034_ (net)
                  0.21    0.00    4.29 ^ _083_/B (sky130_fd_sc_hd__xnor2_1)
     2    0.01    0.48    0.34    4.64 ^ _083_/Y (sky130_fd_sc_hd__xnor2_1)
                                         _035_ (net)
                  0.48    0.00    4.64 ^ _085_/A2 (sky130_fd_sc_hd__a21oi_2)
     2    0.01    0.12    0.26    4.89 v _085_/Y (sky130_fd_sc_hd__a21oi_2)
                                         _037_ (net)
                  0.12    0.00    4.89 v _086_/B (sky130_fd_sc_hd__xnor2_1)
     2    0.01    0.45    0.43    5.32 ^ _086_/Y (sky130_fd_sc_hd__xnor2_1)
                                         _038_ (net)
                  0.45    0.00    5.32 ^ _088_/A2 (sky130_fd_sc_hd__a21oi_2)
     2    0.01    0.12    0.26    5.58 v _088_/Y (sky130_fd_sc_hd__a21oi_2)
                                         _040_ (net)
                  0.12    0.00    5.58 v _089_/B (sky130_fd_sc_hd__xnor2_1)
     2    0.01    0.38    0.37    5.96 ^ _089_/Y (sky130_fd_sc_hd__xnor2_1)
                                         _041_ (net)
                  0.38    0.00    5.96 ^ _091_/A2 (sky130_fd_sc_hd__a21o_1)
     2    0.01    0.19    0.42    6.38 ^ _091_/X (sky130_fd_sc_hd__a21o_1)
                                         _043_ (net)
                  0.19    0.00    6.38 ^ _092_/B (sky130_fd_sc_hd__xnor2_2)
     2    0.01    0.20    0.25    6.63 ^ _092_/Y (sky130_fd_sc_hd__xnor2_2)
                                         _044_ (net)
                  0.20    0.00    6.63 ^ _094_/A2 (sky130_fd_sc_hd__o21a_1)
     2    0.01    0.20    0.35    6.98 ^ _094_/X (sky130_fd_sc_hd__o21a_1)
                                         _046_ (net)
                  0.20    0.00    6.98 ^ _096_/A_N (sky130_fd_sc_hd__and2b_1)
     1    0.01    0.08    0.43    7.41 v _096_/X (sky130_fd_sc_hd__and2b_1)
                                         _048_ (net)
                  0.08    0.00    7.41 v _097_/B1 (sky130_fd_sc_hd__a21oi_2)
     2    0.01    0.21    0.22    7.64 ^ _097_/Y (sky130_fd_sc_hd__a21oi_2)
                                         _049_ (net)
                  0.21    0.00    7.64 ^ _099_/A_N (sky130_fd_sc_hd__and2b_1)
     1    0.01    0.09    0.44    8.07 v _099_/X (sky130_fd_sc_hd__and2b_1)
                                         _051_ (net)
                  0.09    0.00    8.07 v _100_/B1 (sky130_fd_sc_hd__a21oi_2)
     2    0.01    0.21    0.23    8.30 ^ _100_/Y (sky130_fd_sc_hd__a21oi_2)
                                         _052_ (net)
                  0.21    0.00    8.30 ^ _102_/A_N (sky130_fd_sc_hd__and2b_1)
     1    0.00    0.08    0.43    8.74 v _102_/X (sky130_fd_sc_hd__and2b_1)
                                         _054_ (net)
                  0.08    0.00    8.74 v _103_/B1 (sky130_fd_sc_hd__a21o_1)
     2    0.01    0.14    0.36    9.09 v _103_/X (sky130_fd_sc_hd__a21o_1)
                                         _055_ (net)
                  0.14    0.00    9.09 v rebuffer4/A (sky130_fd_sc_hd__clkbuf_1)
     1    0.00    0.05    0.19    9.28 v rebuffer4/X (sky130_fd_sc_hd__clkbuf_1)
                                         net54 (net)
                  0.05    0.00    9.28 v _105_/B (sky130_fd_sc_hd__nand2_1)
     1    0.00    0.07    0.09    9.37 ^ _105_/Y (sky130_fd_sc_hd__nand2_1)
                                         _057_ (net)
                  0.07    0.00    9.37 ^ _106_/B1 (sky130_fd_sc_hd__o21a_1)
     2    0.01    0.19    0.31    9.68 ^ _106_/X (sky130_fd_sc_hd__o21a_1)
                                         _058_ (net)
                  0.19    0.00    9.69 ^ _108_/A_N (sky130_fd_sc_hd__and2b_1)
     1    0.00    0.08    0.43   10.11 v _108_/X (sky130_fd_sc_hd__and2b_1)
                                         _000_ (net)
                  0.08    0.00   10.11 v _109_/B1 (sky130_fd_sc_hd__a21oi_2)
     2    0.01    0.22    0.24   10.35 ^ _109_/Y (sky130_fd_sc_hd__a21oi_2)
                                         _001_ (net)
                  0.22    0.00   10.35 ^ _111_/A_N (sky130_fd_sc_hd__and2b_1)
     1    0.01    0.09    0.45   10.80 v _111_/X (sky130_fd_sc_hd__and2b_1)
                                         _003_ (net)
                  0.09    0.00   10.80 v _112_/B1 (sky130_fd_sc_hd__a21oi_2)
     2    0.01    0.21    0.23   11.03 ^ _112_/Y (sky130_fd_sc_hd__a21oi_2)
                                         _004_ (net)
                  0.21    0.00   11.03 ^ _114_/A_N (sky130_fd_sc_hd__and2b_1)
     1    0.00    0.07    0.42   11.45 v _114_/X (sky130_fd_sc_hd__and2b_1)
                                         _006_ (net)
                  0.07    0.00   11.45 v _115_/B1 (sky130_fd_sc_hd__a21o_1)
     1    0.00    0.06    0.27   11.72 v _115_/X (sky130_fd_sc_hd__a21o_1)
                                         x20.out (net)
                  0.06    0.00   11.72 v _186_/D (sky130_fd_sc_hd__dfxtp_1)
                                 11.72   data arrival time

                          3.00    3.00   clock core_clock (rise edge)
                          0.00    3.00   clock source latency
     1    0.02    0.00    0.00    3.00 ^ clk (in)
                                         clk (net)
                  0.00    0.00    3.00 ^ clkbuf_0_clk/A (sky130_fd_sc_hd__clkbuf_16)
     4    0.04    0.09    0.22    3.22 ^ clkbuf_0_clk/X (sky130_fd_sc_hd__clkbuf_16)
                                         clknet_0_clk (net)
                  0.09    0.00    3.22 ^ clkbuf_2_3__f_clk/A (sky130_fd_sc_hd__clkbuf_16)
    12    0.04    0.09    0.26    3.48 ^ clkbuf_2_3__f_clk/X (sky130_fd_sc_hd__clkbuf_16)
                                         clknet_2_3__leaf_clk (net)
                  0.09    0.00    3.48 ^ _186_/CLK (sky130_fd_sc_hd__dfxtp_1)
                          0.00    3.48   clock reconvergence pessimism
                         -0.26    3.22   library setup time
                                  3.22   data required time
-----------------------------------------------------------------------------
                                  3.22   data required time
                                -11.72   data arrival time
-----------------------------------------------------------------------------
                                 -8.50   slack (VIOLATED)



======================= Typical Corner ===================================

Startpoint: _137_ (rising edge-triggered flip-flop clocked by core_clock)
Endpoint: _185_ (rising edge-triggered flip-flop clocked by core_clock)
Path Group: core_clock
Path Type: max
Corner: Typical

Fanout     Cap    Slew   Delay    Time   Description
-----------------------------------------------------------------------------
                          0.00    0.00   clock core_clock (rise edge)
                          0.00    0.00   clock source latency
     1    0.02    0.00    0.00    0.00 ^ clk (in)
                                         clk (net)
                  0.00    0.00    0.00 ^ clkbuf_0_clk/A (sky130_fd_sc_hd__clkbuf_16)
     4    0.04    0.06    0.12    0.12 ^ clkbuf_0_clk/X (sky130_fd_sc_hd__clkbuf_16)
                                         clknet_0_clk (net)
                  0.06    0.00    0.12 ^ clkbuf_2_1__f_clk/A (sky130_fd_sc_hd__clkbuf_16)
    15    0.04    0.06    0.15    0.27 ^ clkbuf_2_1__f_clk/X (sky130_fd_sc_hd__clkbuf_16)
                                         clknet_2_1__leaf_clk (net)
                  0.06    0.00    0.27 ^ _137_/CLK (sky130_fd_sc_hd__dfxtp_2)
     3    0.01    0.04    0.33    0.60 v _137_/Q (sky130_fd_sc_hd__dfxtp_2)
                                         x1.a (net)
                  0.04    0.00    0.60 v _062_/B (sky130_fd_sc_hd__or2_4)
     2    0.01    0.05    0.22    0.83 v _062_/X (sky130_fd_sc_hd__or2_4)
                                         _014_ (net)
                  0.05    0.00    0.83 v _064_/A2 (sky130_fd_sc_hd__a21bo_1)
     2    0.01    0.07    0.22    1.05 v _064_/X (sky130_fd_sc_hd__a21bo_1)
                                         _016_ (net)
                  0.07    0.00    1.05 v _066_/B (sky130_fd_sc_hd__xor2_2)
     2    0.01    0.07    0.16    1.21 v _066_/X (sky130_fd_sc_hd__xor2_2)
                                         _018_ (net)
                  0.07    0.00    1.21 v _067_/A (sky130_fd_sc_hd__nand2_2)
     3    0.02    0.09    0.10    1.31 ^ _067_/Y (sky130_fd_sc_hd__nand2_2)
                                         _019_ (net)
                  0.09    0.00    1.31 ^ _068_/B (sky130_fd_sc_hd__nand3b_4)
     2    0.00    0.05    0.07    1.38 v _068_/Y (sky130_fd_sc_hd__nand3b_4)
                                         _020_ (net)
                  0.05    0.00    1.38 v _070_/A2 (sky130_fd_sc_hd__a21o_1)
     2    0.01    0.08    0.22    1.60 v _070_/X (sky130_fd_sc_hd__a21o_1)
                                         _022_ (net)
                  0.08    0.00    1.60 v _071_/B (sky130_fd_sc_hd__xor2_2)
     2    0.01    0.07    0.17    1.77 v _071_/X (sky130_fd_sc_hd__xor2_2)
                                         _023_ (net)
                  0.07    0.00    1.77 v _078_/A1 (sky130_fd_sc_hd__a21o_1)
     2    0.00    0.04    0.17    1.94 v _078_/X (sky130_fd_sc_hd__a21o_1)
                                         _030_ (net)
                  0.04    0.00    1.94 v _080_/A1 (sky130_fd_sc_hd__a21o_1)
     2    0.01    0.06    0.18    2.12 v _080_/X (sky130_fd_sc_hd__a21o_1)
                                         _032_ (net)
                  0.06    0.00    2.12 v _082_/A2 (sky130_fd_sc_hd__a21oi_2)
     2    0.01    0.13    0.17    2.29 ^ _082_/Y (sky130_fd_sc_hd__a21oi_2)
                                         _034_ (net)
                  0.13    0.00    2.29 ^ _083_/B (sky130_fd_sc_hd__xnor2_1)
     2    0.01    0.29    0.19    2.48 ^ _083_/Y (sky130_fd_sc_hd__xnor2_1)
                                         _035_ (net)
                  0.29    0.00    2.48 ^ _085_/A2 (sky130_fd_sc_hd__a21oi_2)
     2    0.01    0.07    0.11    2.59 v _085_/Y (sky130_fd_sc_hd__a21oi_2)
                                         _037_ (net)
                  0.07    0.00    2.59 v _086_/B (sky130_fd_sc_hd__xnor2_1)
     2    0.01    0.28    0.25    2.84 ^ _086_/Y (sky130_fd_sc_hd__xnor2_1)
                                         _038_ (net)
                  0.28    0.00    2.84 ^ _088_/A2 (sky130_fd_sc_hd__a21oi_2)
     2    0.01    0.07    0.11    2.96 v _088_/Y (sky130_fd_sc_hd__a21oi_2)
                                         _040_ (net)
                  0.07    0.00    2.96 v _089_/B (sky130_fd_sc_hd__xnor2_1)
     2    0.01    0.23    0.22    3.18 ^ _089_/Y (sky130_fd_sc_hd__xnor2_1)
                                         _041_ (net)
                  0.23    0.00    3.18 ^ _091_/A2 (sky130_fd_sc_hd__a21o_1)
     2    0.01    0.12    0.21    3.39 ^ _091_/X (sky130_fd_sc_hd__a21o_1)
                                         _043_ (net)
                  0.12    0.00    3.39 ^ _092_/B (sky130_fd_sc_hd__xnor2_2)
     2    0.01    0.13    0.12    3.51 ^ _092_/Y (sky130_fd_sc_hd__xnor2_2)
                                         _044_ (net)
                  0.13    0.00    3.51 ^ _094_/A2 (sky130_fd_sc_hd__o21a_1)
     2    0.01    0.12    0.18    3.70 ^ _094_/X (sky130_fd_sc_hd__o21a_1)
                                         _046_ (net)
                  0.12    0.00    3.70 ^ _096_/A_N (sky130_fd_sc_hd__and2b_1)
     1    0.00    0.04    0.20    3.90 v _096_/X (sky130_fd_sc_hd__and2b_1)
                                         _048_ (net)
                  0.04    0.00    3.90 v _097_/B1 (sky130_fd_sc_hd__a21oi_2)
     2    0.01    0.13    0.13    4.03 ^ _097_/Y (sky130_fd_sc_hd__a21oi_2)
                                         _049_ (net)
                  0.13    0.00    4.03 ^ _099_/A_N (sky130_fd_sc_hd__and2b_1)
     1    0.01    0.04    0.20    4.23 v _099_/X (sky130_fd_sc_hd__and2b_1)
                                         _051_ (net)
                  0.04    0.00    4.23 v _100_/B1 (sky130_fd_sc_hd__a21oi_2)
     2    0.01    0.13    0.13    4.37 ^ _100_/Y (sky130_fd_sc_hd__a21oi_2)
                                         _052_ (net)
                  0.13    0.00    4.37 ^ _102_/A_N (sky130_fd_sc_hd__and2b_1)
     1    0.00    0.04    0.20    4.57 v _102_/X (sky130_fd_sc_hd__and2b_1)
                                         _054_ (net)
                  0.04    0.00    4.57 v _103_/B1 (sky130_fd_sc_hd__a21o_1)
     2    0.01    0.07    0.19    4.76 v _103_/X (sky130_fd_sc_hd__a21o_1)
                                         _055_ (net)
                  0.07    0.00    4.76 v _104_/B (sky130_fd_sc_hd__xnor2_2)
     2    0.00    0.05    0.14    4.90 v _104_/Y (sky130_fd_sc_hd__xnor2_2)
                                         _056_ (net)
                  0.05    0.00    4.90 v _106_/A2 (sky130_fd_sc_hd__o21a_1)
     2    0.01    0.07    0.20    5.10 v _106_/X (sky130_fd_sc_hd__o21a_1)
                                         _058_ (net)
                  0.07    0.00    5.10 v _107_/B (sky130_fd_sc_hd__xnor2_2)
     2    0.01    0.18    0.18    5.28 ^ _107_/Y (sky130_fd_sc_hd__xnor2_2)
                                         _059_ (net)
                  0.18    0.00    5.28 ^ _109_/A1 (sky130_fd_sc_hd__a21oi_2)
     2    0.01    0.07    0.09    5.37 v _109_/Y (sky130_fd_sc_hd__a21oi_2)
                                         _001_ (net)
                  0.07    0.00    5.37 v _110_/B (sky130_fd_sc_hd__xnor2_1)
     2    0.01    0.29    0.27    5.64 ^ _110_/Y (sky130_fd_sc_hd__xnor2_1)
                                         _002_ (net)
                  0.29    0.00    5.64 ^ _112_/A2 (sky130_fd_sc_hd__a21oi_2)
     2    0.01    0.07    0.11    5.75 v _112_/Y (sky130_fd_sc_hd__a21oi_2)
                                         _004_ (net)
                  0.07    0.00    5.75 v _113_/B (sky130_fd_sc_hd__xnor2_1)
     2    0.01    0.22    0.22    5.97 ^ _113_/Y (sky130_fd_sc_hd__xnor2_1)
                                         _005_ (net)
                  0.22    0.00    5.97 ^ _135_/B (sky130_fd_sc_hd__xor2_1)
     1    0.00    0.15    0.19    6.16 ^ _135_/X (sky130_fd_sc_hd__xor2_1)
                                         x19.sum (net)
                  0.15    0.00    6.16 ^ _185_/D (sky130_fd_sc_hd__dfxtp_1)
                                  6.16   data arrival time

                          3.00    3.00   clock core_clock (rise edge)
                          0.00    3.00   clock source latency
     1    0.02    0.00    0.00    3.00 ^ clk (in)
                                         clk (net)
                  0.00    0.00    3.00 ^ clkbuf_0_clk/A (sky130_fd_sc_hd__clkbuf_16)
     4    0.04    0.06    0.12    3.12 ^ clkbuf_0_clk/X (sky130_fd_sc_hd__clkbuf_16)
                                         clknet_0_clk (net)
                  0.06    0.00    3.12 ^ clkbuf_2_1__f_clk/A (sky130_fd_sc_hd__clkbuf_16)
    15    0.04    0.06    0.15    3.27 ^ clkbuf_2_1__f_clk/X (sky130_fd_sc_hd__clkbuf_16)
                                         clknet_2_1__leaf_clk (net)
                  0.06    0.00    3.27 ^ _185_/CLK (sky130_fd_sc_hd__dfxtp_1)
                          0.00    3.27   clock reconvergence pessimism
                         -0.08    3.20   library setup time
                                  3.20   data required time
-----------------------------------------------------------------------------
                                  3.20   data required time
                                 -6.16   data arrival time
-----------------------------------------------------------------------------
                                 -2.97   slack (VIOLATED)




===========================================================================
 report_check_types -max_slew -max_cap -max_fanout -violators
============================================================================
======================= Fastest Corner ===================================


max slew violations count Fastest: 0
max fanout violations count Fastest: 0
max cap violations count Fastest: 0
======================= Slowest Corner ===================================


max slew violations count Slowest: 0
max fanout violations count Slowest: 0
max cap violations count Slowest: 0
======================= Typical Corner ===================================


max slew violations count Typical: 0
max fanout violations count Typical: 0
max cap violations count Typical: 0

===========================================================================
report_parasitic_annotation -report_unannotated
============================================================================
Found 3 unannotated drivers.
 clkload0/Y
 clkload1/Y
 clkload2/Y
Found 0 partially unannotated drivers.

===========================================================================
max slew violation count 0
max fanout violation count 0
max cap violation count 0
============================================================================

===========================================================================
check_setup -verbose -unconstrained_endpoints -multiple_clock -no_clock -no_input_delay -loops -generated_clocks
===========================================================================
Warning: There are 33 input ports missing set_input_delay.
  a1
  a10
  a11
  a12
  a13
  a14
  a15
  a16
  a2
  a3
  a4
  a5
  a6
  a7
  a8
  a9
  b1
  b10
  b11
  b12
  b13
  b14
  b15
  b16
  b2
  b3
  b4
  b5
  b6
  b7
  b8
  b9
  cin
Warning: There are 50 unconstrained endpoints.
  cout
  s1
  s10
  s11
  s12
  s13
  s14
  s15
  s16
  s2
  s3
  s4
  s5
  s6
  s7
  s8
  s9
  _137_/D
  _138_/D
  _139_/D
  _140_/D
  _141_/D
  _142_/D
  _143_/D
  _144_/D
  _145_/D
  _146_/D
  _147_/D
  _148_/D
  _149_/D
  _150_/D
  _151_/D
  _152_/D
  _153_/D
  _154_/D
  _155_/D
  _156_/D
  _157_/D
  _158_/D
  _159_/D
  _160_/D
  _161_/D
  _162_/D
  _163_/D
  _164_/D
  _165_/D
  _166_/D
  _167_/D
  _168_/D
  _169_/D
