
===========================================================================
 report_power
============================================================================
======================= Fastest Corner ===================================

Group                  Internal  Switching    Leakage      Total
                          Power      Power      Power      Power (Watts)
----------------------------------------------------------------
Sequential             9.66e-04   4.19e-05   7.48e-10   1.01e-03  53.7%
Combinational          8.85e-05   6.92e-05   4.64e-10   1.58e-04   8.4%
Clock                  4.04e-04   3.06e-04   7.47e-10   7.10e-04  37.9%
Macro                  0.00e+00   0.00e+00   0.00e+00   0.00e+00   0.0%
Pad                    0.00e+00   0.00e+00   0.00e+00   0.00e+00   0.0%
----------------------------------------------------------------
Total                  1.46e-03   4.17e-04   1.96e-09   1.88e-03 100.0%
                          77.8%      22.2%       0.0%

======================= Slowest Corner ===================================

Group                  Internal  Switching    Leakage      Total
                          Power      Power      Power      Power (Watts)
----------------------------------------------------------------
Sequential             6.48e-04   2.77e-05   7.37e-07   6.76e-04  53.0%
Combinational          6.74e-05   4.56e-05   5.59e-07   1.14e-04   8.9%
Clock                  2.91e-04   1.94e-04   1.06e-07   4.86e-04  38.1%
Macro                  0.00e+00   0.00e+00   0.00e+00   0.00e+00   0.0%
Pad                    0.00e+00   0.00e+00   0.00e+00   0.00e+00   0.0%
----------------------------------------------------------------
Total                  1.01e-03   2.68e-04   1.40e-06   1.28e-03 100.0%
                          78.9%      21.0%       0.1%

======================= Typical Corner ===================================

Group                  Internal  Switching    Leakage      Total
                          Power      Power      Power      Power (Watts)
----------------------------------------------------------------
Sequential             8.33e-04   3.54e-05   4.22e-10   8.68e-04  53.7%
Combinational          8.15e-05   5.82e-05   3.29e-10   1.40e-04   8.6%
Clock                  3.54e-04   2.56e-04   4.62e-10   6.10e-04  37.7%
Macro                  0.00e+00   0.00e+00   0.00e+00   0.00e+00   0.0%
Pad                    0.00e+00   0.00e+00   0.00e+00   0.00e+00   0.0%
----------------------------------------------------------------
Total                  1.27e-03   3.50e-04   1.21e-09   1.62e-03 100.0%
                          78.4%      21.6%       0.0%

