OpenROAD b16bda7e82721d10566ff7e2b68f1ff0be9f9e38 
Features included (+) or not (-): +Charts +GPU +GUI +Python
This program is licensed under the BSD-3 license. See the LICENSE file for details.
Components of this program may be licensed under more restrictive licenses which must be honored.
Top-level design name: adder
Block boundaries: 0 0 75180 85900
Horizontal Tracks Origin: 340, Count: 126, Step: 680
Vertical Tracks Origin: 230, Count: 163, Step: 460
Placement details for the #N side
Virtual pin count:  0
Actual pin count:  16
Total pin count:  16
Tracks count:  163
Tracks per pin:  10
Used tracks count:  151
Unused track count:  12
Starting track index:  6
Placement Map:
[230, 690, 1150, 1610, 2070, 2530, [91m2990[0m, 3450, 3910, 4370, 4830, 5290, 5750, 6210, 6670, 7130, [91m7590[0m, 8050, 8510, 8970, 9430, 9890, 10350, 10810, 11270, 11730, [91m12190[0m, 12650, 13110, 13570, 14030, 14490, 14950, 15410, 15870, 16330, [91m16790[0m, 17250, 17710, 18170, 18630, 19090, 19550, 20010, 20470, 20930, [91m21390[0m, 21850, 22310, 22770, 23230, 23690, 24150, 24610, 25070, 25530, [91m25990[0m, 26450, 26910, 27370, 27830, 28290, 28750, 29210, 29670, 30130, [91m30590[0m, 31050, 31510, 31970, 32430, 32890, 33350, 33810, 34270, 34730, [91m35190[0m, 35650, 36110, 36570, 37030, 37490, 37950, 38410, 38870, 39330, [91m39790[0m, 40250, 40710, 41170, 41630, 42090, 42550, 43010, 43470, 43930, [91m44390[0m, 44850, 45310, 45770, 46230, 46690, 47150, 47610, 48070, 48530, [91m48990[0m, 49450, 49910, 50370, 50830, 51290, 51750, 52210, 52670, 53130, [91m53590[0m, 54050, 54510, 54970, 55430, 55890, 56350, 56810, 57270, 57730, [91m58190[0m, 58650, 59110, 59570, 60030, 60490, 60950, 61410, 61870, 62330, [91m62790[0m, 63250, 63710, 64170, 64630, 65090, 65550, 66010, 66470, 66930, [91m67390[0m, 67850, 68310, 68770, 69230, 69690, 70150, 70610, 71070, 71530, [91m71990[0m, 72450, 72910, 73370, 73830, 74290, 74750, ]
Indices of used tracks: [6, 16, 26, 36, 46, 56, 66, 76, 86, 96, 106, 116, 126, 136, 146, 156]
---
Placement details for the #E side
Virtual pin count:  0
Actual pin count:  2
Total pin count:  2
Tracks count:  63
Tracks per pin:  31
Used tracks count:  32
Unused track count:  31
Starting track index:  15
Placement Map:
[340, 1700, 3060, 4420, 5780, 7140, 8500, 9860, 11220, 12580, 13940, 15300, 16660, 18020, 19380, [91m20740[0m, 22100, 23460, 24820, 26180, 27540, 28900, 30260, 31620, 32980, 34340, 35700, 37060, 38420, 39780, 41140, 42500, 43860, 45220, 46580, 47940, 49300, 50660, 52020, 53380, 54740, 56100, 57460, 58820, 60180, 61540, [91m62900[0m, 64260, 65620, 66980, 68340, 69700, 71060, 72420, 73780, 75140, 76500, 77860, 79220, 80580, 81940, 83300, 84660, ]
Indices of used tracks: [15, 46]
---
Placement details for the #S side
Virtual pin count:  0
Actual pin count:  16
Total pin count:  16
Tracks count:  163
Tracks per pin:  10
Used tracks count:  151
Unused track count:  12
Starting track index:  6
Placement Map:
[230, 690, 1150, 1610, 2070, 2530, [91m2990[0m, 3450, 3910, 4370, 4830, 5290, 5750, 6210, 6670, 7130, [91m7590[0m, 8050, 8510, 8970, 9430, 9890, 10350, 10810, 11270, 11730, [91m12190[0m, 12650, 13110, 13570, 14030, 14490, 14950, 15410, 15870, 16330, [91m16790[0m, 17250, 17710, 18170, 18630, 19090, 19550, 20010, 20470, 20930, [91m21390[0m, 21850, 22310, 22770, 23230, 23690, 24150, 24610, 25070, 25530, [91m25990[0m, 26450, 26910, 27370, 27830, 28290, 28750, 29210, 29670, 30130, [91m30590[0m, 31050, 31510, 31970, 32430, 32890, 33350, 33810, 34270, 34730, [91m35190[0m, 35650, 36110, 36570, 37030, 37490, 37950, 38410, 38870, 39330, [91m39790[0m, 40250, 40710, 41170, 41630, 42090, 42550, 43010, 43470, 43930, [91m44390[0m, 44850, 45310, 45770, 46230, 46690, 47150, 47610, 48070, 48530, [91m48990[0m, 49450, 49910, 50370, 50830, 51290, 51750, 52210, 52670, 53130, [91m53590[0m, 54050, 54510, 54970, 55430, 55890, 56350, 56810, 57270, 57730, [91m58190[0m, 58650, 59110, 59570, 60030, 60490, 60950, 61410, 61870, 62330, [91m62790[0m, 63250, 63710, 64170, 64630, 65090, 65550, 66010, 66470, 66930, [91m67390[0m, 67850, 68310, 68770, 69230, 69690, 70150, 70610, 71070, 71530, [91m71990[0m, 72450, 72910, 73370, 73830, 74290, 74750, ]
Indices of used tracks: [6, 16, 26, 36, 46, 56, 66, 76, 86, 96, 106, 116, 126, 136, 146, 156]
---
Placement details for the #W side
Virtual pin count:  0
Actual pin count:  17
Total pin count:  17
Tracks count:  63
Tracks per pin:  3
Used tracks count:  49
Unused track count:  14
Starting track index:  7
Placement Map:
[340, 1700, 3060, 4420, 5780, 7140, 8500, [91m9860[0m, 11220, 12580, [91m13940[0m, 15300, 16660, [91m18020[0m, 19380, 20740, [91m22100[0m, 23460, 24820, [91m26180[0m, 27540, 28900, [91m30260[0m, 31620, 32980, [91m34340[0m, 35700, 37060, [91m38420[0m, 39780, 41140, [91m42500[0m, 43860, 45220, [91m46580[0m, 47940, 49300, [91m50660[0m, 52020, 53380, [91m54740[0m, 56100, 57460, [91m58820[0m, 60180, 61540, [91m62900[0m, 64260, 65620, [91m66980[0m, 68340, 69700, [91m71060[0m, 72420, 73780, [91m75140[0m, 76500, 77860, 79220, 80580, 81940, 83300, 84660, ]
Indices of used tracks: [7, 10, 13, 16, 19, 22, 25, 28, 31, 34, 37, 40, 43, 46, 49, 52, 55]
---
