
===========================================================================
report_checks -path_delay max (Setup)
============================================================================
======================= Typical Corner ===================================

Startpoint: _286_ (rising edge-triggered flip-flop clocked by core_clock)
Endpoint: _280_ (rising edge-triggered flip-flop clocked by core_clock)
Path Group: core_clock
Path Type: max

Fanout     Cap    Slew   Delay    Time   Description
-----------------------------------------------------------------------------
                  0.00    0.00    0.00   clock core_clock (rise edge)
                          0.00    0.00   clock network delay (ideal)
                  0.00    0.00    0.00 ^ _286_/CLK (sky130_fd_sc_hd__dfxtp_2)
     4    0.01    0.04    0.31    0.31 v _286_/Q (sky130_fd_sc_hd__dfxtp_2)
                                         x2.A (net)
                  0.04    0.00    0.31 v _129_/B (sky130_fd_sc_hd__and2_2)
     2    0.00    0.04    0.18    0.49 v _129_/X (sky130_fd_sc_hd__and2_2)
                                         _085_ (net)
                  0.04    0.00    0.49 v _137_/A (sky130_fd_sc_hd__or4_2)
     5    0.02    0.16    0.74    1.23 v _137_/X (sky130_fd_sc_hd__or4_2)
                                         _092_ (net)
                  0.16    0.00    1.23 v _181_/B1 (sky130_fd_sc_hd__o221a_2)
     2    0.00    0.05    0.29    1.51 v _181_/X (sky130_fd_sc_hd__o221a_2)
                                         _005_ (net)
                  0.05    0.00    1.51 v _222_/A (sky130_fd_sc_hd__or2_2)
     1    0.00    0.06    0.30    1.81 v _222_/X (sky130_fd_sc_hd__or2_2)
                                         _042_ (net)
                  0.06    0.00    1.81 v _223_/A3 (sky130_fd_sc_hd__a31oi_2)
     1    0.00    0.14    0.19    2.00 ^ _223_/Y (sky130_fd_sc_hd__a31oi_2)
                                         _043_ (net)
                  0.14    0.00    2.00 ^ _227_/A3 (sky130_fd_sc_hd__o31ai_2)
     1    0.00    0.04    0.06    2.06 v _227_/Y (sky130_fd_sc_hd__o31ai_2)
                                         x74.S (net)
                  0.04    0.00    2.06 v _280_/D (sky130_fd_sc_hd__dfxtp_2)
                                  2.06   data arrival time

                  0.00    2.19    2.19   clock core_clock (rise edge)
                          0.00    2.19   clock network delay (ideal)
                          0.00    2.19   clock reconvergence pessimism
                                  2.19 ^ _280_/CLK (sky130_fd_sc_hd__dfxtp_2)
                         -0.12    2.07   library setup time
                                  2.07   data required time
-----------------------------------------------------------------------------
                                  2.07   data required time
                                 -2.06   data arrival time
-----------------------------------------------------------------------------
                                  0.01   slack (MET)


Startpoint: _290_ (rising edge-triggered flip-flop clocked by core_clock)
Endpoint: _284_ (rising edge-triggered flip-flop clocked by core_clock)
Path Group: core_clock
Path Type: max

Fanout     Cap    Slew   Delay    Time   Description
-----------------------------------------------------------------------------
                  0.00    0.00    0.00   clock core_clock (rise edge)
                          0.00    0.00   clock network delay (ideal)
                  0.00    0.00    0.00 ^ _290_/CLK (sky130_fd_sc_hd__dfxtp_2)
     3    0.01    0.04    0.30    0.30 v _290_/Q (sky130_fd_sc_hd__dfxtp_2)
                                         x10.A (net)
                  0.04    0.00    0.30 v _151_/B (sky130_fd_sc_hd__and2_2)
     2    0.00    0.04    0.18    0.48 v _151_/X (sky130_fd_sc_hd__and2_2)
                                         _104_ (net)
                  0.04    0.00    0.48 v _165_/A (sky130_fd_sc_hd__or4b_2)
     3    0.01    0.13    0.71    1.19 v _165_/X (sky130_fd_sc_hd__or4b_2)
                                         _117_ (net)
                  0.13    0.00    1.19 v _185_/A (sky130_fd_sc_hd__or2_2)
     3    0.01    0.08    0.36    1.55 v _185_/X (sky130_fd_sc_hd__or2_2)
                                         _009_ (net)
                  0.08    0.00    1.55 v _190_/A2 (sky130_fd_sc_hd__o21ai_2)
     4    0.01    0.17    0.18    1.73 ^ _190_/Y (sky130_fd_sc_hd__o21ai_2)
                                         _014_ (net)
                  0.17    0.00    1.73 ^ _267_/B (sky130_fd_sc_hd__nor2_2)
     1    0.00    0.04    0.04    1.77 v _267_/Y (sky130_fd_sc_hd__nor2_2)
                                         _082_ (net)
                  0.04    0.00    1.77 v _268_/A2 (sky130_fd_sc_hd__a21o_2)
     1    0.00    0.03    0.19    1.96 v _268_/X (sky130_fd_sc_hd__a21o_2)
                                         x78.S (net)
                  0.03    0.00    1.96 v _284_/D (sky130_fd_sc_hd__dfxtp_2)
                                  1.96   data arrival time

                  0.00    2.19    2.19   clock core_clock (rise edge)
                          0.00    2.19   clock network delay (ideal)
                          0.00    2.19   clock reconvergence pessimism
                                  2.19 ^ _284_/CLK (sky130_fd_sc_hd__dfxtp_2)
                         -0.12    2.07   library setup time
                                  2.07   data required time
-----------------------------------------------------------------------------
                                  2.07   data required time
                                 -1.96   data arrival time
-----------------------------------------------------------------------------
                                  0.11   slack (MET)


Startpoint: _290_ (rising edge-triggered flip-flop clocked by core_clock)
Endpoint: _285_ (rising edge-triggered flip-flop clocked by core_clock)
Path Group: core_clock
Path Type: max

Fanout     Cap    Slew   Delay    Time   Description
-----------------------------------------------------------------------------
                  0.00    0.00    0.00   clock core_clock (rise edge)
                          0.00    0.00   clock network delay (ideal)
                  0.00    0.00    0.00 ^ _290_/CLK (sky130_fd_sc_hd__dfxtp_2)
     3    0.01    0.04    0.30    0.30 v _290_/Q (sky130_fd_sc_hd__dfxtp_2)
                                         x10.A (net)
                  0.04    0.00    0.30 v _151_/B (sky130_fd_sc_hd__and2_2)
     2    0.00    0.04    0.18    0.48 v _151_/X (sky130_fd_sc_hd__and2_2)
                                         _104_ (net)
                  0.04    0.00    0.48 v _165_/A (sky130_fd_sc_hd__or4b_2)
     3    0.01    0.13    0.71    1.19 v _165_/X (sky130_fd_sc_hd__or4b_2)
                                         _117_ (net)
                  0.13    0.00    1.19 v _185_/A (sky130_fd_sc_hd__or2_2)
     3    0.01    0.08    0.36    1.55 v _185_/X (sky130_fd_sc_hd__or2_2)
                                         _009_ (net)
                  0.08    0.00    1.55 v _190_/A2 (sky130_fd_sc_hd__o21ai_2)
     4    0.01    0.17    0.18    1.73 ^ _190_/Y (sky130_fd_sc_hd__o21ai_2)
                                         _014_ (net)
                  0.17    0.00    1.73 ^ _265_/A1 (sky130_fd_sc_hd__a211o_2)
     2    0.01    0.04    0.16    1.89 ^ _265_/X (sky130_fd_sc_hd__a211o_2)
                                         _081_ (net)
                  0.04    0.00    1.89 ^ _266_/B1 (sky130_fd_sc_hd__a21o_2)
     1    0.00    0.03    0.07    1.97 ^ _266_/X (sky130_fd_sc_hd__a21o_2)
                                         x113.C (net)
                  0.03    0.00    1.97 ^ _285_/D (sky130_fd_sc_hd__dfxtp_2)
                                  1.97   data arrival time

                  0.00    2.19    2.19   clock core_clock (rise edge)
                          0.00    2.19   clock network delay (ideal)
                          0.00    2.19   clock reconvergence pessimism
                                  2.19 ^ _285_/CLK (sky130_fd_sc_hd__dfxtp_2)
                         -0.06    2.13   library setup time
                                  2.13   data required time
-----------------------------------------------------------------------------
                                  2.13   data required time
                                 -1.97   data arrival time
-----------------------------------------------------------------------------
                                  0.16   slack (MET)


Startpoint: _286_ (rising edge-triggered flip-flop clocked by core_clock)
Endpoint: _283_ (rising edge-triggered flip-flop clocked by core_clock)
Path Group: core_clock
Path Type: max

Fanout     Cap    Slew   Delay    Time   Description
-----------------------------------------------------------------------------
                  0.00    0.00    0.00   clock core_clock (rise edge)
                          0.00    0.00   clock network delay (ideal)
                  0.00    0.00    0.00 ^ _286_/CLK (sky130_fd_sc_hd__dfxtp_2)
     4    0.01    0.04    0.31    0.31 v _286_/Q (sky130_fd_sc_hd__dfxtp_2)
                                         x2.A (net)
                  0.04    0.00    0.31 v _129_/B (sky130_fd_sc_hd__and2_2)
     2    0.00    0.04    0.18    0.49 v _129_/X (sky130_fd_sc_hd__and2_2)
                                         _085_ (net)
                  0.04    0.00    0.49 v _131_/A (sky130_fd_sc_hd__or3_2)
     3    0.01    0.11    0.51    1.00 v _131_/X (sky130_fd_sc_hd__or3_2)
                                         _087_ (net)
                  0.11    0.00    1.00 v _155_/A2 (sky130_fd_sc_hd__o21a_2)
     2    0.00    0.04    0.22    1.22 v _155_/X (sky130_fd_sc_hd__o21a_2)
                                         _108_ (net)
                  0.04    0.00    1.22 v _179_/A2 (sky130_fd_sc_hd__a31o_2)
     1    0.00    0.04    0.22    1.44 v _179_/X (sky130_fd_sc_hd__a31o_2)
                                         _004_ (net)
                  0.04    0.00    1.44 v _180_/B1 (sky130_fd_sc_hd__a21o_2)
     2    0.00    0.04    0.18    1.62 v _180_/X (sky130_fd_sc_hd__a21o_2)
                                         x69.S (net)
                  0.04    0.00    1.62 v _254_/A1 (sky130_fd_sc_hd__a211o_2)
     1    0.00    0.04    0.28    1.89 v _254_/X (sky130_fd_sc_hd__a211o_2)
                                         x77.S (net)
                  0.04    0.00    1.89 v _283_/D (sky130_fd_sc_hd__dfxtp_2)
                                  1.89   data arrival time

                  0.00    2.19    2.19   clock core_clock (rise edge)
                          0.00    2.19   clock network delay (ideal)
                          0.00    2.19   clock reconvergence pessimism
                                  2.19 ^ _283_/CLK (sky130_fd_sc_hd__dfxtp_2)
                         -0.12    2.07   library setup time
                                  2.07   data required time
-----------------------------------------------------------------------------
                                  2.07   data required time
                                 -1.89   data arrival time
-----------------------------------------------------------------------------
                                  0.18   slack (MET)


Startpoint: _286_ (rising edge-triggered flip-flop clocked by core_clock)
Endpoint: _281_ (rising edge-triggered flip-flop clocked by core_clock)
Path Group: core_clock
Path Type: max

Fanout     Cap    Slew   Delay    Time   Description
-----------------------------------------------------------------------------
                  0.00    0.00    0.00   clock core_clock (rise edge)
                          0.00    0.00   clock network delay (ideal)
                  0.00    0.00    0.00 ^ _286_/CLK (sky130_fd_sc_hd__dfxtp_2)
     4    0.01    0.04    0.31    0.31 v _286_/Q (sky130_fd_sc_hd__dfxtp_2)
                                         x2.A (net)
                  0.04    0.00    0.31 v _129_/B (sky130_fd_sc_hd__and2_2)
     2    0.00    0.04    0.18    0.49 v _129_/X (sky130_fd_sc_hd__and2_2)
                                         _085_ (net)
                  0.04    0.00    0.49 v _131_/A (sky130_fd_sc_hd__or3_2)
     3    0.01    0.11    0.51    1.00 v _131_/X (sky130_fd_sc_hd__or3_2)
                                         _087_ (net)
                  0.11    0.00    1.00 v _155_/A2 (sky130_fd_sc_hd__o21a_2)
     2    0.00    0.04    0.22    1.22 v _155_/X (sky130_fd_sc_hd__o21a_2)
                                         _108_ (net)
                  0.04    0.00    1.22 v _161_/A2 (sky130_fd_sc_hd__a21bo_2)
     1    0.00    0.03    0.20    1.42 v _161_/X (sky130_fd_sc_hd__a21bo_2)
                                         _114_ (net)
                  0.03    0.00    1.42 v _162_/A (sky130_fd_sc_hd__buf_1)
     2    0.00    0.03    0.09    1.50 v _162_/X (sky130_fd_sc_hd__buf_1)
                                         x67.S (net)
                  0.03    0.00    1.50 v _235_/B2 (sky130_fd_sc_hd__a221o_2)
     1    0.00    0.05    0.34    1.84 v _235_/X (sky130_fd_sc_hd__a221o_2)
                                         x75.S (net)
                  0.05    0.00    1.84 v _281_/D (sky130_fd_sc_hd__dfxtp_2)
                                  1.84   data arrival time

                  0.00    2.19    2.19   clock core_clock (rise edge)
                          0.00    2.19   clock network delay (ideal)
                          0.00    2.19   clock reconvergence pessimism
                                  2.19 ^ _281_/CLK (sky130_fd_sc_hd__dfxtp_2)
                         -0.12    2.07   library setup time
                                  2.07   data required time
-----------------------------------------------------------------------------
                                  2.07   data required time
                                 -1.84   data arrival time
-----------------------------------------------------------------------------
                                  0.23   slack (MET)


Startpoint: _290_ (rising edge-triggered flip-flop clocked by core_clock)
Endpoint: _276_ (rising edge-triggered flip-flop clocked by core_clock)
Path Group: core_clock
Path Type: max

Fanout     Cap    Slew   Delay    Time   Description
-----------------------------------------------------------------------------
                  0.00    0.00    0.00   clock core_clock (rise edge)
                          0.00    0.00   clock network delay (ideal)
                  0.00    0.00    0.00 ^ _290_/CLK (sky130_fd_sc_hd__dfxtp_2)
     3    0.01    0.04    0.30    0.30 v _290_/Q (sky130_fd_sc_hd__dfxtp_2)
                                         x10.A (net)
                  0.04    0.00    0.30 v _151_/B (sky130_fd_sc_hd__and2_2)
     2    0.00    0.04    0.18    0.48 v _151_/X (sky130_fd_sc_hd__and2_2)
                                         _104_ (net)
                  0.04    0.00    0.48 v _165_/A (sky130_fd_sc_hd__or4b_2)
     3    0.01    0.13    0.71    1.19 v _165_/X (sky130_fd_sc_hd__or4b_2)
                                         _117_ (net)
                  0.13    0.00    1.19 v _185_/A (sky130_fd_sc_hd__or2_2)
     3    0.01    0.08    0.36    1.55 v _185_/X (sky130_fd_sc_hd__or2_2)
                                         _009_ (net)
                  0.08    0.00    1.55 v _190_/A2 (sky130_fd_sc_hd__o21ai_2)
     4    0.01    0.17    0.18    1.73 ^ _190_/Y (sky130_fd_sc_hd__o21ai_2)
                                         _014_ (net)
                  0.17    0.00    1.73 ^ _191_/B1 (sky130_fd_sc_hd__a21o_2)
     1    0.00    0.03    0.11    1.84 ^ _191_/X (sky130_fd_sc_hd__a21o_2)
                                         x70.S (net)
                  0.03    0.00    1.84 ^ _276_/D (sky130_fd_sc_hd__dfxtp_2)
                                  1.84   data arrival time

                  0.00    2.19    2.19   clock core_clock (rise edge)
                          0.00    2.19   clock network delay (ideal)
                          0.00    2.19   clock reconvergence pessimism
                                  2.19 ^ _276_/CLK (sky130_fd_sc_hd__dfxtp_2)
                         -0.06    2.13   library setup time
                                  2.13   data required time
-----------------------------------------------------------------------------
                                  2.13   data required time
                                 -1.84   data arrival time
-----------------------------------------------------------------------------
                                  0.29   slack (MET)


Startpoint: _290_ (rising edge-triggered flip-flop clocked by core_clock)
Endpoint: _279_ (rising edge-triggered flip-flop clocked by core_clock)
Path Group: core_clock
Path Type: max

Fanout     Cap    Slew   Delay    Time   Description
-----------------------------------------------------------------------------
                  0.00    0.00    0.00   clock core_clock (rise edge)
                          0.00    0.00   clock network delay (ideal)
                  0.00    0.00    0.00 ^ _290_/CLK (sky130_fd_sc_hd__dfxtp_2)
     3    0.01    0.04    0.30    0.30 v _290_/Q (sky130_fd_sc_hd__dfxtp_2)
                                         x10.A (net)
                  0.04    0.00    0.30 v _151_/B (sky130_fd_sc_hd__and2_2)
     2    0.00    0.04    0.18    0.48 v _151_/X (sky130_fd_sc_hd__and2_2)
                                         _104_ (net)
                  0.04    0.00    0.48 v _165_/A (sky130_fd_sc_hd__or4b_2)
     3    0.01    0.13    0.71    1.19 v _165_/X (sky130_fd_sc_hd__or4b_2)
                                         _117_ (net)
                  0.13    0.00    1.19 v _185_/A (sky130_fd_sc_hd__or2_2)
     3    0.01    0.08    0.36    1.55 v _185_/X (sky130_fd_sc_hd__or2_2)
                                         _009_ (net)
                  0.08    0.00    1.55 v _213_/A (sky130_fd_sc_hd__inv_2)
     1    0.00    0.03    0.05    1.60 ^ _213_/Y (sky130_fd_sc_hd__inv_2)
                                         _034_ (net)
                  0.03    0.00    1.60 ^ _214_/A2 (sky130_fd_sc_hd__a21bo_2)
     1    0.00    0.03    0.11    1.71 ^ _214_/X (sky130_fd_sc_hd__a21bo_2)
                                         _035_ (net)
                  0.03    0.00    1.71 ^ _218_/A2 (sky130_fd_sc_hd__a21o_2)
     1    0.00    0.03    0.10    1.81 ^ _218_/X (sky130_fd_sc_hd__a21o_2)
                                         x73.S (net)
                  0.03    0.00    1.81 ^ _279_/D (sky130_fd_sc_hd__dfxtp_2)
                                  1.81   data arrival time

                  0.00    2.19    2.19   clock core_clock (rise edge)
                          0.00    2.19   clock network delay (ideal)
                          0.00    2.19   clock reconvergence pessimism
                                  2.19 ^ _279_/CLK (sky130_fd_sc_hd__dfxtp_2)
                         -0.06    2.13   library setup time
                                  2.13   data required time
-----------------------------------------------------------------------------
                                  2.13   data required time
                                 -1.81   data arrival time
-----------------------------------------------------------------------------
                                  0.32   slack (MET)


Startpoint: _286_ (rising edge-triggered flip-flop clocked by core_clock)
Endpoint: _275_ (rising edge-triggered flip-flop clocked by core_clock)
Path Group: core_clock
Path Type: max

Fanout     Cap    Slew   Delay    Time   Description
-----------------------------------------------------------------------------
                  0.00    0.00    0.00   clock core_clock (rise edge)
                          0.00    0.00   clock network delay (ideal)
                  0.00    0.00    0.00 ^ _286_/CLK (sky130_fd_sc_hd__dfxtp_2)
     4    0.01    0.04    0.31    0.31 v _286_/Q (sky130_fd_sc_hd__dfxtp_2)
                                         x2.A (net)
                  0.04    0.00    0.31 v _129_/B (sky130_fd_sc_hd__and2_2)
     2    0.00    0.04    0.18    0.49 v _129_/X (sky130_fd_sc_hd__and2_2)
                                         _085_ (net)
                  0.04    0.00    0.49 v _131_/A (sky130_fd_sc_hd__or3_2)
     3    0.01    0.11    0.51    1.00 v _131_/X (sky130_fd_sc_hd__or3_2)
                                         _087_ (net)
                  0.11    0.00    1.00 v _155_/A2 (sky130_fd_sc_hd__o21a_2)
     2    0.00    0.04    0.22    1.22 v _155_/X (sky130_fd_sc_hd__o21a_2)
                                         _108_ (net)
                  0.04    0.00    1.22 v _179_/A2 (sky130_fd_sc_hd__a31o_2)
     1    0.00    0.04    0.22    1.44 v _179_/X (sky130_fd_sc_hd__a31o_2)
                                         _004_ (net)
                  0.04    0.00    1.44 v _180_/B1 (sky130_fd_sc_hd__a21o_2)
     2    0.00    0.04    0.18    1.62 v _180_/X (sky130_fd_sc_hd__a21o_2)
                                         x69.S (net)
                  0.04    0.00    1.62 v _275_/D (sky130_fd_sc_hd__dfxtp_2)
                                  1.62   data arrival time

                  0.00    2.19    2.19   clock core_clock (rise edge)
                          0.00    2.19   clock network delay (ideal)
                          0.00    2.19   clock reconvergence pessimism
                                  2.19 ^ _275_/CLK (sky130_fd_sc_hd__dfxtp_2)
                         -0.12    2.07   library setup time
                                  2.07   data required time
-----------------------------------------------------------------------------
                                  2.07   data required time
                                 -1.62   data arrival time
-----------------------------------------------------------------------------
                                  0.45   slack (MET)


Startpoint: _286_ (rising edge-triggered flip-flop clocked by core_clock)
Endpoint: _272_ (rising edge-triggered flip-flop clocked by core_clock)
Path Group: core_clock
Path Type: max

Fanout     Cap    Slew   Delay    Time   Description
-----------------------------------------------------------------------------
                  0.00    0.00    0.00   clock core_clock (rise edge)
                          0.00    0.00   clock network delay (ideal)
                  0.00    0.00    0.00 ^ _286_/CLK (sky130_fd_sc_hd__dfxtp_2)
     4    0.01    0.04    0.31    0.31 v _286_/Q (sky130_fd_sc_hd__dfxtp_2)
                                         x2.A (net)
                  0.04    0.00    0.31 v _129_/B (sky130_fd_sc_hd__and2_2)
     2    0.00    0.04    0.18    0.49 v _129_/X (sky130_fd_sc_hd__and2_2)
                                         _085_ (net)
                  0.04    0.00    0.49 v _137_/A (sky130_fd_sc_hd__or4_2)
     5    0.02    0.16    0.74    1.23 v _137_/X (sky130_fd_sc_hd__or4_2)
                                         _092_ (net)
                  0.16    0.00    1.23 v _150_/A2 (sky130_fd_sc_hd__o31a_2)
     1    0.00    0.05    0.35    1.58 v _150_/X (sky130_fd_sc_hd__o31a_2)
                                         x66.S (net)
                  0.05    0.00    1.58 v _272_/D (sky130_fd_sc_hd__dfxtp_2)
                                  1.58   data arrival time

                  0.00    2.19    2.19   clock core_clock (rise edge)
                          0.00    2.19   clock network delay (ideal)
                          0.00    2.19   clock reconvergence pessimism
                                  2.19 ^ _272_/CLK (sky130_fd_sc_hd__dfxtp_2)
                         -0.12    2.07   library setup time
                                  2.07   data required time
-----------------------------------------------------------------------------
                                  2.07   data required time
                                 -1.58   data arrival time
-----------------------------------------------------------------------------
                                  0.49   slack (MET)


Startpoint: _305_ (rising edge-triggered flip-flop clocked by core_clock)
Endpoint: _273_ (rising edge-triggered flip-flop clocked by core_clock)
Path Group: core_clock
Path Type: max

Fanout     Cap    Slew   Delay    Time   Description
-----------------------------------------------------------------------------
                  0.00    0.00    0.00   clock core_clock (rise edge)
                          0.00    0.00   clock network delay (ideal)
                  0.00    0.00    0.00 ^ _305_/CLK (sky130_fd_sc_hd__dfxtp_2)
     4    0.02    0.06    0.32    0.32 v _305_/Q (sky130_fd_sc_hd__dfxtp_2)
                                         x8.B (net)
                  0.06    0.00    0.32 v _144_/A (sky130_fd_sc_hd__xnor2_2)
     4    0.01    0.07    0.15    0.48 v _144_/Y (sky130_fd_sc_hd__xnor2_2)
                                         _098_ (net)
                  0.07    0.00    0.48 v _153_/A (sky130_fd_sc_hd__or3_2)
     5    0.02    0.12    0.54    1.02 v _153_/X (sky130_fd_sc_hd__or3_2)
                                         _106_ (net)
                  0.12    0.00    1.02 v _159_/A2 (sky130_fd_sc_hd__o21a_2)
     2    0.01    0.04    0.23    1.25 v _159_/X (sky130_fd_sc_hd__o21a_2)
                                         _112_ (net)
                  0.04    0.00    1.25 v _160_/B1 (sky130_fd_sc_hd__o31a_2)
     1    0.00    0.05    0.10    1.36 v _160_/X (sky130_fd_sc_hd__o31a_2)
                                         _113_ (net)
                  0.05    0.00    1.36 v _161_/B1_N (sky130_fd_sc_hd__a21bo_2)
     1    0.00    0.03    0.18    1.53 ^ _161_/X (sky130_fd_sc_hd__a21bo_2)
                                         _114_ (net)
                  0.03    0.00    1.53 ^ _162_/A (sky130_fd_sc_hd__buf_1)
     2    0.00    0.06    0.09    1.62 ^ _162_/X (sky130_fd_sc_hd__buf_1)
                                         x67.S (net)
                  0.06    0.00    1.62 ^ _273_/D (sky130_fd_sc_hd__dfxtp_2)
                                  1.62   data arrival time

                  0.00    2.19    2.19   clock core_clock (rise edge)
                          0.00    2.19   clock network delay (ideal)
                          0.00    2.19   clock reconvergence pessimism
                                  2.19 ^ _273_/CLK (sky130_fd_sc_hd__dfxtp_2)
                         -0.07    2.12   library setup time
                                  2.12   data required time
-----------------------------------------------------------------------------
                                  2.12   data required time
                                 -1.62   data arrival time
-----------------------------------------------------------------------------
                                  0.50   slack (MET)


Startpoint: _290_ (rising edge-triggered flip-flop clocked by core_clock)
Endpoint: _282_ (rising edge-triggered flip-flop clocked by core_clock)
Path Group: core_clock
Path Type: max

Fanout     Cap    Slew   Delay    Time   Description
-----------------------------------------------------------------------------
                  0.00    0.00    0.00   clock core_clock (rise edge)
                          0.00    0.00   clock network delay (ideal)
                  0.00    0.00    0.00 ^ _290_/CLK (sky130_fd_sc_hd__dfxtp_2)
     3    0.01    0.04    0.30    0.30 v _290_/Q (sky130_fd_sc_hd__dfxtp_2)
                                         x10.A (net)
                  0.04    0.00    0.30 v _151_/B (sky130_fd_sc_hd__and2_2)
     2    0.00    0.04    0.18    0.48 v _151_/X (sky130_fd_sc_hd__and2_2)
                                         _104_ (net)
                  0.04    0.00    0.48 v _165_/A (sky130_fd_sc_hd__or4b_2)
     3    0.01    0.13    0.71    1.19 v _165_/X (sky130_fd_sc_hd__or4b_2)
                                         _117_ (net)
                  0.13    0.00    1.19 v _169_/A2 (sky130_fd_sc_hd__o21ai_2)
     2    0.01    0.11    0.15    1.34 ^ _169_/Y (sky130_fd_sc_hd__o21ai_2)
                                         _121_ (net)
                  0.11    0.00    1.34 ^ _170_/B1 (sky130_fd_sc_hd__a21o_2)
     2    0.00    0.04    0.11    1.45 ^ _170_/X (sky130_fd_sc_hd__a21o_2)
                                         x68.S (net)
                  0.04    0.00    1.45 ^ _244_/A1 (sky130_fd_sc_hd__a41o_2)
     1    0.00    0.03    0.15    1.60 ^ _244_/X (sky130_fd_sc_hd__a41o_2)
                                         x76.S (net)
                  0.03    0.00    1.60 ^ _282_/D (sky130_fd_sc_hd__dfxtp_2)
                                  1.60   data arrival time

                  0.00    2.19    2.19   clock core_clock (rise edge)
                          0.00    2.19   clock network delay (ideal)
                          0.00    2.19   clock reconvergence pessimism
                                  2.19 ^ _282_/CLK (sky130_fd_sc_hd__dfxtp_2)
                         -0.06    2.13   library setup time
                                  2.13   data required time
-----------------------------------------------------------------------------
                                  2.13   data required time
                                 -1.60   data arrival time
-----------------------------------------------------------------------------
                                  0.53   slack (MET)


Startpoint: _290_ (rising edge-triggered flip-flop clocked by core_clock)
Endpoint: _277_ (rising edge-triggered flip-flop clocked by core_clock)
Path Group: core_clock
Path Type: max

Fanout     Cap    Slew   Delay    Time   Description
-----------------------------------------------------------------------------
                  0.00    0.00    0.00   clock core_clock (rise edge)
                          0.00    0.00   clock network delay (ideal)
                  0.00    0.00    0.00 ^ _290_/CLK (sky130_fd_sc_hd__dfxtp_2)
     3    0.01    0.04    0.30    0.30 v _290_/Q (sky130_fd_sc_hd__dfxtp_2)
                                         x10.A (net)
                  0.04    0.00    0.30 v _151_/B (sky130_fd_sc_hd__and2_2)
     2    0.00    0.04    0.18    0.48 v _151_/X (sky130_fd_sc_hd__and2_2)
                                         _104_ (net)
                  0.04    0.00    0.48 v _165_/A (sky130_fd_sc_hd__or4b_2)
     3    0.01    0.13    0.71    1.19 v _165_/X (sky130_fd_sc_hd__or4b_2)
                                         _117_ (net)
                  0.13    0.00    1.19 v _169_/A2 (sky130_fd_sc_hd__o21ai_2)
     2    0.01    0.11    0.15    1.34 ^ _169_/Y (sky130_fd_sc_hd__o21ai_2)
                                         _121_ (net)
                  0.11    0.00    1.34 ^ _197_/B1 (sky130_fd_sc_hd__a21o_2)
     1    0.00    0.03    0.10    1.44 ^ _197_/X (sky130_fd_sc_hd__a21o_2)
                                         _020_ (net)
                  0.03    0.00    1.44 ^ _200_/A2 (sky130_fd_sc_hd__a21o_2)
     1    0.00    0.03    0.10    1.54 ^ _200_/X (sky130_fd_sc_hd__a21o_2)
                                         x71.S (net)
                  0.03    0.00    1.54 ^ _277_/D (sky130_fd_sc_hd__dfxtp_2)
                                  1.54   data arrival time

                  0.00    2.19    2.19   clock core_clock (rise edge)
                          0.00    2.19   clock network delay (ideal)
                          0.00    2.19   clock reconvergence pessimism
                                  2.19 ^ _277_/CLK (sky130_fd_sc_hd__dfxtp_2)
                         -0.06    2.13   library setup time
                                  2.13   data required time
-----------------------------------------------------------------------------
                                  2.13   data required time
                                 -1.54   data arrival time
-----------------------------------------------------------------------------
                                  0.59   slack (MET)


Startpoint: _290_ (rising edge-triggered flip-flop clocked by core_clock)
Endpoint: _274_ (rising edge-triggered flip-flop clocked by core_clock)
Path Group: core_clock
Path Type: max

Fanout     Cap    Slew   Delay    Time   Description
-----------------------------------------------------------------------------
                  0.00    0.00    0.00   clock core_clock (rise edge)
                          0.00    0.00   clock network delay (ideal)
                  0.00    0.00    0.00 ^ _290_/CLK (sky130_fd_sc_hd__dfxtp_2)
     3    0.01    0.04    0.30    0.30 v _290_/Q (sky130_fd_sc_hd__dfxtp_2)
                                         x10.A (net)
                  0.04    0.00    0.30 v _151_/B (sky130_fd_sc_hd__and2_2)
     2    0.00    0.04    0.18    0.48 v _151_/X (sky130_fd_sc_hd__and2_2)
                                         _104_ (net)
                  0.04    0.00    0.48 v _165_/A (sky130_fd_sc_hd__or4b_2)
     3    0.01    0.13    0.71    1.19 v _165_/X (sky130_fd_sc_hd__or4b_2)
                                         _117_ (net)
                  0.13    0.00    1.19 v _169_/A2 (sky130_fd_sc_hd__o21ai_2)
     2    0.01    0.11    0.15    1.34 ^ _169_/Y (sky130_fd_sc_hd__o21ai_2)
                                         _121_ (net)
                  0.11    0.00    1.34 ^ _170_/B1 (sky130_fd_sc_hd__a21o_2)
     2    0.00    0.04    0.11    1.45 ^ _170_/X (sky130_fd_sc_hd__a21o_2)
                                         x68.S (net)
                  0.04    0.00    1.45 ^ _274_/D (sky130_fd_sc_hd__dfxtp_2)
                                  1.45   data arrival time

                  0.00    2.19    2.19   clock core_clock (rise edge)
                          0.00    2.19   clock network delay (ideal)
                          0.00    2.19   clock reconvergence pessimism
                                  2.19 ^ _274_/CLK (sky130_fd_sc_hd__dfxtp_2)
                         -0.06    2.13   library setup time
                                  2.13   data required time
-----------------------------------------------------------------------------
                                  2.13   data required time
                                 -1.45   data arrival time
-----------------------------------------------------------------------------
                                  0.68   slack (MET)


Startpoint: _286_ (rising edge-triggered flip-flop clocked by core_clock)
Endpoint: _271_ (rising edge-triggered flip-flop clocked by core_clock)
Path Group: core_clock
Path Type: max

Fanout     Cap    Slew   Delay    Time   Description
-----------------------------------------------------------------------------
                  0.00    0.00    0.00   clock core_clock (rise edge)
                          0.00    0.00   clock network delay (ideal)
                  0.00    0.00    0.00 ^ _286_/CLK (sky130_fd_sc_hd__dfxtp_2)
     4    0.01    0.04    0.31    0.31 v _286_/Q (sky130_fd_sc_hd__dfxtp_2)
                                         x2.A (net)
                  0.04    0.00    0.31 v _129_/B (sky130_fd_sc_hd__and2_2)
     2    0.00    0.04    0.18    0.49 v _129_/X (sky130_fd_sc_hd__and2_2)
                                         _085_ (net)
                  0.04    0.00    0.49 v _137_/A (sky130_fd_sc_hd__or4_2)
     5    0.02    0.16    0.74    1.23 v _137_/X (sky130_fd_sc_hd__or4_2)
                                         _092_ (net)
                  0.16    0.00    1.23 v _138_/A (sky130_fd_sc_hd__inv_2)
     2    0.00    0.05    0.09    1.31 ^ _138_/Y (sky130_fd_sc_hd__inv_2)
                                         _093_ (net)
                  0.05    0.00    1.31 ^ _143_/A2 (sky130_fd_sc_hd__a21o_2)
     2    0.00    0.04    0.12    1.43 ^ _143_/X (sky130_fd_sc_hd__a21o_2)
                                         x65.S (net)
                  0.04    0.00    1.43 ^ _271_/D (sky130_fd_sc_hd__dfxtp_2)
                                  1.43   data arrival time

                  0.00    2.19    2.19   clock core_clock (rise edge)
                          0.00    2.19   clock network delay (ideal)
                          0.00    2.19   clock reconvergence pessimism
                                  2.19 ^ _271_/CLK (sky130_fd_sc_hd__dfxtp_2)
                         -0.06    2.13   library setup time
                                  2.13   data required time
-----------------------------------------------------------------------------
                                  2.13   data required time
                                 -1.43   data arrival time
-----------------------------------------------------------------------------
                                  0.69   slack (MET)


Startpoint: _310_ (rising edge-triggered flip-flop clocked by core_clock)
Endpoint: _278_ (rising edge-triggered flip-flop clocked by core_clock)
Path Group: core_clock
Path Type: max

Fanout     Cap    Slew   Delay    Time   Description
-----------------------------------------------------------------------------
                  0.00    0.00    0.00   clock core_clock (rise edge)
                          0.00    0.00   clock network delay (ideal)
                  0.00    0.00    0.00 ^ _310_/CLK (sky130_fd_sc_hd__dfxtp_2)
     2    0.01    0.05    0.30    0.30 ^ _310_/Q (sky130_fd_sc_hd__dfxtp_2)
                                         x18.B (net)
                  0.05    0.00    0.30 ^ _193_/A (sky130_fd_sc_hd__or2_2)
     2    0.01    0.04    0.11    0.41 ^ _193_/X (sky130_fd_sc_hd__or2_2)
                                         _016_ (net)
                  0.04    0.00    0.41 ^ _194_/B (sky130_fd_sc_hd__nand2_2)
     2    0.00    0.03    0.04    0.45 v _194_/Y (sky130_fd_sc_hd__nand2_2)
                                         _017_ (net)
                  0.03    0.00    0.45 v _203_/A (sky130_fd_sc_hd__or3_2)
     4    0.01    0.12    0.52    0.97 v _203_/X (sky130_fd_sc_hd__or3_2)
                                         _025_ (net)
                  0.12    0.00    0.97 v _204_/B (sky130_fd_sc_hd__or2_2)
     2    0.01    0.06    0.31    1.28 v _204_/X (sky130_fd_sc_hd__or2_2)
                                         _026_ (net)
                  0.06    0.00    1.28 v _209_/A1 (sky130_fd_sc_hd__o21bai_2)
     1    0.00    0.08    0.12    1.40 ^ _209_/Y (sky130_fd_sc_hd__o21bai_2)
                                         x72.S (net)
                  0.08    0.00    1.40 ^ _278_/D (sky130_fd_sc_hd__dfxtp_2)
                                  1.40   data arrival time

                  0.00    2.19    2.19   clock core_clock (rise edge)
                          0.00    2.19   clock network delay (ideal)
                          0.00    2.19   clock reconvergence pessimism
                                  2.19 ^ _278_/CLK (sky130_fd_sc_hd__dfxtp_2)
                         -0.07    2.12   library setup time
                                  2.12   data required time
-----------------------------------------------------------------------------
                                  2.12   data required time
                                 -1.40   data arrival time
-----------------------------------------------------------------------------
                                  0.71   slack (MET)


Startpoint: _286_ (rising edge-triggered flip-flop clocked by core_clock)
Endpoint: _270_ (rising edge-triggered flip-flop clocked by core_clock)
Path Group: core_clock
Path Type: max

Fanout     Cap    Slew   Delay    Time   Description
-----------------------------------------------------------------------------
                  0.00    0.00    0.00   clock core_clock (rise edge)
                          0.00    0.00   clock network delay (ideal)
                  0.00    0.00    0.00 ^ _286_/CLK (sky130_fd_sc_hd__dfxtp_2)
     4    0.01    0.04    0.31    0.31 v _286_/Q (sky130_fd_sc_hd__dfxtp_2)
                                         x2.A (net)
                  0.04    0.00    0.31 v _129_/B (sky130_fd_sc_hd__and2_2)
     2    0.00    0.04    0.18    0.49 v _129_/X (sky130_fd_sc_hd__and2_2)
                                         _085_ (net)
                  0.04    0.00    0.49 v _131_/A (sky130_fd_sc_hd__or3_2)
     3    0.01    0.11    0.51    1.00 v _131_/X (sky130_fd_sc_hd__or3_2)
                                         _087_ (net)
                  0.11    0.00    1.00 v _134_/A2 (sky130_fd_sc_hd__o21ai_2)
     2    0.01    0.12    0.15    1.15 ^ _134_/Y (sky130_fd_sc_hd__o21ai_2)
                                         x64.S (net)
                  0.12    0.00    1.15 ^ _270_/D (sky130_fd_sc_hd__dfxtp_2)
                                  1.15   data arrival time

                  0.00    2.19    2.19   clock core_clock (rise edge)
                          0.00    2.19   clock network delay (ideal)
                          0.00    2.19   clock reconvergence pessimism
                                  2.19 ^ _270_/CLK (sky130_fd_sc_hd__dfxtp_2)
                         -0.08    2.11   library setup time
                                  2.11   data required time
-----------------------------------------------------------------------------
                                  2.11   data required time
                                 -1.15   data arrival time
-----------------------------------------------------------------------------
                                  0.96   slack (MET)


Startpoint: _286_ (rising edge-triggered flip-flop clocked by core_clock)
Endpoint: _269_ (rising edge-triggered flip-flop clocked by core_clock)
Path Group: core_clock
Path Type: max

Fanout     Cap    Slew   Delay    Time   Description
-----------------------------------------------------------------------------
                  0.00    0.00    0.00   clock core_clock (rise edge)
                          0.00    0.00   clock network delay (ideal)
                  0.00    0.00    0.00 ^ _286_/CLK (sky130_fd_sc_hd__dfxtp_2)
     4    0.01    0.08    0.33    0.33 ^ _286_/Q (sky130_fd_sc_hd__dfxtp_2)
                                         x2.A (net)
                  0.08    0.00    0.33 ^ _126_/B (sky130_fd_sc_hd__nand2_2)
     4    0.01    0.07    0.08    0.41 v _126_/Y (sky130_fd_sc_hd__nand2_2)
                                         _083_ (net)
                  0.07    0.00    0.41 v _128_/A2 (sky130_fd_sc_hd__a21oi_2)
     2    0.00    0.09    0.14    0.55 ^ _128_/Y (sky130_fd_sc_hd__a21oi_2)
                                         x63.S (net)
                  0.09    0.00    0.55 ^ _269_/D (sky130_fd_sc_hd__dfxtp_2)
                                  0.55   data arrival time

                  0.00    2.19    2.19   clock core_clock (rise edge)
                          0.00    2.19   clock network delay (ideal)
                          0.00    2.19   clock reconvergence pessimism
                                  2.19 ^ _269_/CLK (sky130_fd_sc_hd__dfxtp_2)
                         -0.08    2.11   library setup time
                                  2.11   data required time
-----------------------------------------------------------------------------
                                  2.11   data required time
                                 -0.55   data arrival time
-----------------------------------------------------------------------------
                                  1.56   slack (MET)



worst slack corner Typical: 0.0060
