
===========================================================================
report_checks -unconstrained
===========================================================================
======================= Fastest Corner ===================================

Startpoint: _169_ (rising edge-triggered flip-flop clocked by core_clock)
Endpoint: _185_ (rising edge-triggered flip-flop clocked by core_clock)
Path Group: core_clock
Path Type: max
Corner: Fastest

Fanout     Cap    Slew   Delay    Time   Description
-----------------------------------------------------------------------------
                          0.00    0.00   clock core_clock (rise edge)
                          0.00    0.00   clock source latency
     1    0.02    0.00    0.00    0.00 ^ clk (in)
                                         clk (net)
                  0.00    0.00    0.00 ^ clkbuf_0_clk/A (sky130_fd_sc_hd__clkbuf_16)
     4    0.04    0.05    0.09    0.09 ^ clkbuf_0_clk/X (sky130_fd_sc_hd__clkbuf_16)
                                         clknet_0_clk (net)
                  0.05    0.00    0.09 ^ clkbuf_2_1__f_clk/A (sky130_fd_sc_hd__clkbuf_16)
    16    0.04    0.05    0.10    0.20 ^ clkbuf_2_1__f_clk/X (sky130_fd_sc_hd__clkbuf_16)
                                         clknet_2_1__leaf_clk (net)
                  0.05    0.00    0.20 ^ _169_/CLK (sky130_fd_sc_hd__dfxtp_1)
     2    0.01    0.03    0.20    0.40 v _169_/Q (sky130_fd_sc_hd__dfxtp_1)
                                         x1.cin (net)
                  0.03    0.00    0.40 v _062_/A (sky130_fd_sc_hd__or2_4)
     2    0.01    0.03    0.15    0.55 v _062_/X (sky130_fd_sc_hd__or2_4)
                                         _014_ (net)
                  0.03    0.00    0.55 v _064_/A1 (sky130_fd_sc_hd__a21bo_1)
     2    0.01    0.04    0.12    0.66 v _064_/X (sky130_fd_sc_hd__a21bo_1)
                                         _016_ (net)
                  0.04    0.00    0.66 v _066_/B (sky130_fd_sc_hd__xor2_1)
     2    0.01    0.13    0.13    0.79 ^ _066_/X (sky130_fd_sc_hd__xor2_1)
                                         _018_ (net)
                  0.13    0.00    0.79 ^ _067_/A (sky130_fd_sc_hd__nand2_1)
     3    0.01    0.06    0.06    0.85 v _067_/Y (sky130_fd_sc_hd__nand2_1)
                                         _019_ (net)
                  0.06    0.00    0.85 v _069_/A2 (sky130_fd_sc_hd__a21boi_1)
     2    0.01    0.12    0.14    0.99 ^ _069_/Y (sky130_fd_sc_hd__a21boi_1)
                                         _021_ (net)
                  0.12    0.00    0.99 ^ _070_/B1 (sky130_fd_sc_hd__a21o_1)
     2    0.01    0.09    0.10    1.08 ^ _070_/X (sky130_fd_sc_hd__a21o_1)
                                         _022_ (net)
                  0.09    0.00    1.08 ^ _071_/B (sky130_fd_sc_hd__xor2_2)
     2    0.01    0.13    0.13    1.21 ^ _071_/X (sky130_fd_sc_hd__xor2_2)
                                         _023_ (net)
                  0.13    0.00    1.21 ^ _078_/A1 (sky130_fd_sc_hd__a21o_1)
     2    0.01    0.04    0.09    1.30 ^ _078_/X (sky130_fd_sc_hd__a21o_1)
                                         _030_ (net)
                  0.04    0.00    1.30 ^ _081_/A (sky130_fd_sc_hd__and3_1)
     2    0.01    0.07    0.11    1.41 ^ _081_/X (sky130_fd_sc_hd__and3_1)
                                         _033_ (net)
                  0.07    0.00    1.41 ^ _082_/B1 (sky130_fd_sc_hd__a21oi_2)
     2    0.01    0.04    0.03    1.44 v _082_/Y (sky130_fd_sc_hd__a21oi_2)
                                         _034_ (net)
                  0.04    0.00    1.44 v _083_/B (sky130_fd_sc_hd__xnor2_1)
     2    0.01    0.20    0.18    1.62 ^ _083_/Y (sky130_fd_sc_hd__xnor2_1)
                                         _035_ (net)
                  0.20    0.00    1.62 ^ _085_/A2 (sky130_fd_sc_hd__a21oi_2)
     2    0.01    0.05    0.05    1.67 v _085_/Y (sky130_fd_sc_hd__a21oi_2)
                                         _037_ (net)
                  0.05    0.00    1.67 v _086_/B (sky130_fd_sc_hd__xnor2_1)
     2    0.01    0.19    0.18    1.84 ^ _086_/Y (sky130_fd_sc_hd__xnor2_1)
                                         _038_ (net)
                  0.19    0.00    1.84 ^ _088_/A2 (sky130_fd_sc_hd__a21oi_2)
     2    0.01    0.05    0.05    1.89 v _088_/Y (sky130_fd_sc_hd__a21oi_2)
                                         _040_ (net)
                  0.05    0.00    1.89 v _089_/B (sky130_fd_sc_hd__xnor2_1)
     2    0.01    0.05    0.10    1.99 v _089_/Y (sky130_fd_sc_hd__xnor2_1)
                                         _041_ (net)
                  0.05    0.00    1.99 v _091_/A2 (sky130_fd_sc_hd__a21o_1)
     2    0.01    0.05    0.14    2.14 v _091_/X (sky130_fd_sc_hd__a21o_1)
                                         _043_ (net)
                  0.05    0.00    2.14 v _092_/B (sky130_fd_sc_hd__xnor2_2)
     2    0.01    0.04    0.09    2.23 v _092_/Y (sky130_fd_sc_hd__xnor2_2)
                                         _044_ (net)
                  0.04    0.00    2.23 v _094_/A2 (sky130_fd_sc_hd__o21a_1)
     2    0.01    0.05    0.13    2.36 v _094_/X (sky130_fd_sc_hd__o21a_1)
                                         _046_ (net)
                  0.05    0.00    2.36 v _095_/B (sky130_fd_sc_hd__xnor2_2)
     2    0.01    0.13    0.13    2.49 ^ _095_/Y (sky130_fd_sc_hd__xnor2_2)
                                         _047_ (net)
                  0.13    0.00    2.49 ^ _097_/A1 (sky130_fd_sc_hd__a21oi_2)
     2    0.01    0.05    0.05    2.53 v _097_/Y (sky130_fd_sc_hd__a21oi_2)
                                         _049_ (net)
                  0.05    0.00    2.53 v _098_/A (sky130_fd_sc_hd__xnor2_1)
     2    0.01    0.16    0.16    2.70 ^ _098_/Y (sky130_fd_sc_hd__xnor2_1)
                                         _050_ (net)
                  0.16    0.00    2.70 ^ _100_/A2 (sky130_fd_sc_hd__a21oi_2)
     2    0.01    0.05    0.05    2.75 v _100_/Y (sky130_fd_sc_hd__a21oi_2)
                                         _052_ (net)
                  0.05    0.00    2.75 v _101_/B (sky130_fd_sc_hd__xnor2_1)
     2    0.01    0.06    0.11    2.86 v _101_/Y (sky130_fd_sc_hd__xnor2_1)
                                         _053_ (net)
                  0.06    0.00    2.86 v _103_/A2 (sky130_fd_sc_hd__a21o_1)
     2    0.01    0.05    0.15    3.01 v _103_/X (sky130_fd_sc_hd__a21o_1)
                                         _055_ (net)
                  0.05    0.00    3.01 v _104_/B (sky130_fd_sc_hd__xnor2_2)
     2    0.01    0.04    0.09    3.10 v _104_/Y (sky130_fd_sc_hd__xnor2_2)
                                         _056_ (net)
                  0.04    0.00    3.10 v _106_/A2 (sky130_fd_sc_hd__o21a_1)
     2    0.01    0.05    0.13    3.23 v _106_/X (sky130_fd_sc_hd__o21a_1)
                                         _058_ (net)
                  0.05    0.00    3.23 v _107_/B (sky130_fd_sc_hd__xnor2_2)
     2    0.01    0.13    0.13    3.36 ^ _107_/Y (sky130_fd_sc_hd__xnor2_2)
                                         _059_ (net)
                  0.13    0.00    3.36 ^ _109_/A1 (sky130_fd_sc_hd__a21oi_2)
     2    0.01    0.05    0.05    3.41 v _109_/Y (sky130_fd_sc_hd__a21oi_2)
                                         _001_ (net)
                  0.05    0.00    3.41 v _110_/B (sky130_fd_sc_hd__xnor2_1)
     2    0.01    0.21    0.19    3.59 ^ _110_/Y (sky130_fd_sc_hd__xnor2_1)
                                         _002_ (net)
                  0.21    0.00    3.59 ^ _112_/A2 (sky130_fd_sc_hd__a21oi_2)
     2    0.01    0.06    0.06    3.65 v _112_/Y (sky130_fd_sc_hd__a21oi_2)
                                         _004_ (net)
                  0.06    0.00    3.65 v _113_/B (sky130_fd_sc_hd__xnor2_1)
     2    0.01    0.15    0.15    3.80 ^ _113_/Y (sky130_fd_sc_hd__xnor2_1)
                                         _005_ (net)
                  0.15    0.00    3.80 ^ _135_/B (sky130_fd_sc_hd__xor2_1)
     1    0.01    0.12    0.12    3.92 ^ _135_/X (sky130_fd_sc_hd__xor2_1)
                                         x19.sum (net)
                  0.12    0.00    3.92 ^ _185_/D (sky130_fd_sc_hd__dfxtp_1)
                                  3.92   data arrival time

                          6.60    6.60   clock core_clock (rise edge)
                          0.00    6.60   clock source latency
     1    0.02    0.00    0.00    6.60 ^ clk (in)
                                         clk (net)
                  0.00    0.00    6.60 ^ clkbuf_0_clk/A (sky130_fd_sc_hd__clkbuf_16)
     4    0.04    0.05    0.09    6.69 ^ clkbuf_0_clk/X (sky130_fd_sc_hd__clkbuf_16)
                                         clknet_0_clk (net)
                  0.05    0.00    6.69 ^ clkbuf_2_1__f_clk/A (sky130_fd_sc_hd__clkbuf_16)
    16    0.04    0.05    0.10    6.80 ^ clkbuf_2_1__f_clk/X (sky130_fd_sc_hd__clkbuf_16)
                                         clknet_2_1__leaf_clk (net)
                  0.05    0.00    6.80 ^ _185_/CLK (sky130_fd_sc_hd__dfxtp_1)
                          0.00    6.80   clock reconvergence pessimism
                         -0.04    6.76   library setup time
                                  6.76   data required time
-----------------------------------------------------------------------------
                                  6.76   data required time
                                 -3.92   data arrival time
-----------------------------------------------------------------------------
                                  2.84   slack (MET)



======================= Slowest Corner ===================================

Startpoint: _169_ (rising edge-triggered flip-flop clocked by core_clock)
Endpoint: _186_ (rising edge-triggered flip-flop clocked by core_clock)
Path Group: core_clock
Path Type: max
Corner: Slowest

Fanout     Cap    Slew   Delay    Time   Description
-----------------------------------------------------------------------------
                          0.00    0.00   clock core_clock (rise edge)
                          0.00    0.00   clock source latency
     1    0.02    0.00    0.00    0.00 ^ clk (in)
                                         clk (net)
                  0.00    0.00    0.00 ^ clkbuf_0_clk/A (sky130_fd_sc_hd__clkbuf_16)
     4    0.04    0.10    0.22    0.22 ^ clkbuf_0_clk/X (sky130_fd_sc_hd__clkbuf_16)
                                         clknet_0_clk (net)
                  0.10    0.00    0.23 ^ clkbuf_2_1__f_clk/A (sky130_fd_sc_hd__clkbuf_16)
    16    0.04    0.10    0.26    0.49 ^ clkbuf_2_1__f_clk/X (sky130_fd_sc_hd__clkbuf_16)
                                         clknet_2_1__leaf_clk (net)
                  0.10    0.00    0.49 ^ _169_/CLK (sky130_fd_sc_hd__dfxtp_1)
     2    0.01    0.07    0.61    1.10 v _169_/Q (sky130_fd_sc_hd__dfxtp_1)
                                         x1.cin (net)
                  0.07    0.00    1.10 v _062_/A (sky130_fd_sc_hd__or2_4)
     2    0.01    0.08    0.47    1.57 v _062_/X (sky130_fd_sc_hd__or2_4)
                                         _014_ (net)
                  0.08    0.00    1.57 v _064_/A1 (sky130_fd_sc_hd__a21bo_1)
     2    0.01    0.10    0.35    1.92 v _064_/X (sky130_fd_sc_hd__a21bo_1)
                                         _016_ (net)
                  0.10    0.00    1.92 v _066_/B (sky130_fd_sc_hd__xor2_1)
     2    0.01    0.14    0.30    2.22 v _066_/X (sky130_fd_sc_hd__xor2_1)
                                         _018_ (net)
                  0.14    0.00    2.22 v _067_/A (sky130_fd_sc_hd__nand2_1)
     3    0.01    0.14    0.18    2.40 ^ _067_/Y (sky130_fd_sc_hd__nand2_1)
                                         _019_ (net)
                  0.14    0.00    2.40 ^ _068_/B (sky130_fd_sc_hd__nand3b_1)
     2    0.01    0.18    0.22    2.62 v _068_/Y (sky130_fd_sc_hd__nand3b_1)
                                         _020_ (net)
                  0.18    0.00    2.62 v _070_/A2 (sky130_fd_sc_hd__a21o_1)
     2    0.01    0.13    0.43    3.06 v _070_/X (sky130_fd_sc_hd__a21o_1)
                                         _022_ (net)
                  0.13    0.00    3.06 v _071_/B (sky130_fd_sc_hd__xor2_2)
     2    0.01    0.14    0.32    3.37 v _071_/X (sky130_fd_sc_hd__xor2_2)
                                         _023_ (net)
                  0.14    0.00    3.37 v _078_/A1 (sky130_fd_sc_hd__a21o_1)
     2    0.01    0.08    0.34    3.71 v _078_/X (sky130_fd_sc_hd__a21o_1)
                                         _030_ (net)
                  0.08    0.00    3.71 v _080_/A2 (sky130_fd_sc_hd__a21o_1)
     2    0.01    0.09    0.36    4.07 v _080_/X (sky130_fd_sc_hd__a21o_1)
                                         _032_ (net)
                  0.09    0.00    4.07 v _082_/A1 (sky130_fd_sc_hd__a21oi_2)
     2    0.01    0.21    0.26    4.33 ^ _082_/Y (sky130_fd_sc_hd__a21oi_2)
                                         _034_ (net)
                  0.21    0.00    4.33 ^ _084_/A_N (sky130_fd_sc_hd__and2b_1)
     1    0.01    0.09    0.44    4.77 v _084_/X (sky130_fd_sc_hd__and2b_1)
                                         _036_ (net)
                  0.09    0.00    4.77 v _085_/B1 (sky130_fd_sc_hd__a21oi_2)
     2    0.01    0.20    0.22    4.99 ^ _085_/Y (sky130_fd_sc_hd__a21oi_2)
                                         _037_ (net)
                  0.20    0.00    4.99 ^ _087_/A_N (sky130_fd_sc_hd__and2b_1)
     1    0.01    0.09    0.44    5.43 v _087_/X (sky130_fd_sc_hd__and2b_1)
                                         _039_ (net)
                  0.09    0.00    5.43 v _088_/B1 (sky130_fd_sc_hd__a21oi_2)
     2    0.01    0.20    0.22    5.65 ^ _088_/Y (sky130_fd_sc_hd__a21oi_2)
                                         _040_ (net)
                  0.20    0.00    5.65 ^ _090_/A_N (sky130_fd_sc_hd__and2b_1)
     1    0.00    0.07    0.42    6.06 v _090_/X (sky130_fd_sc_hd__and2b_1)
                                         _042_ (net)
                  0.07    0.00    6.06 v _091_/B1 (sky130_fd_sc_hd__a21o_1)
     2    0.01    0.13    0.35    6.41 v _091_/X (sky130_fd_sc_hd__a21o_1)
                                         _043_ (net)
                  0.13    0.00    6.41 v _092_/B (sky130_fd_sc_hd__xnor2_2)
     2    0.01    0.21    0.24    6.66 ^ _092_/Y (sky130_fd_sc_hd__xnor2_2)
                                         _044_ (net)
                  0.21    0.00    6.66 ^ _094_/A2 (sky130_fd_sc_hd__o21a_1)
     2    0.01    0.19    0.35    7.01 ^ _094_/X (sky130_fd_sc_hd__o21a_1)
                                         _046_ (net)
                  0.19    0.00    7.01 ^ _096_/A_N (sky130_fd_sc_hd__and2b_1)
     1    0.00    0.08    0.43    7.43 v _096_/X (sky130_fd_sc_hd__and2b_1)
                                         _048_ (net)
                  0.08    0.00    7.43 v _097_/B1 (sky130_fd_sc_hd__a21oi_2)
     2    0.01    0.21    0.23    7.66 ^ _097_/Y (sky130_fd_sc_hd__a21oi_2)
                                         _049_ (net)
                  0.21    0.00    7.66 ^ _099_/A_N (sky130_fd_sc_hd__and2b_1)
     1    0.00    0.08    0.44    8.10 v _099_/X (sky130_fd_sc_hd__and2b_1)
                                         _051_ (net)
                  0.08    0.00    8.10 v _100_/B1 (sky130_fd_sc_hd__a21oi_2)
     2    0.01    0.22    0.23    8.33 ^ _100_/Y (sky130_fd_sc_hd__a21oi_2)
                                         _052_ (net)
                  0.22    0.00    8.33 ^ _101_/B (sky130_fd_sc_hd__xnor2_1)
     2    0.01    0.43    0.33    8.66 ^ _101_/Y (sky130_fd_sc_hd__xnor2_1)
                                         _053_ (net)
                  0.43    0.00    8.67 ^ _103_/A2 (sky130_fd_sc_hd__a21o_1)
     2    0.01    0.18    0.43    9.10 ^ _103_/X (sky130_fd_sc_hd__a21o_1)
                                         _055_ (net)
                  0.18    0.00    9.10 ^ _104_/B (sky130_fd_sc_hd__xnor2_2)
     2    0.01    0.21    0.25    9.34 ^ _104_/Y (sky130_fd_sc_hd__xnor2_2)
                                         _056_ (net)
                  0.21    0.00    9.34 ^ _106_/A2 (sky130_fd_sc_hd__o21a_1)
     2    0.01    0.19    0.35    9.69 ^ _106_/X (sky130_fd_sc_hd__o21a_1)
                                         _058_ (net)
                  0.19    0.00    9.69 ^ _108_/A_N (sky130_fd_sc_hd__and2b_1)
     1    0.00    0.08    0.43   10.12 v _108_/X (sky130_fd_sc_hd__and2b_1)
                                         _000_ (net)
                  0.08    0.00   10.12 v _109_/B1 (sky130_fd_sc_hd__a21oi_2)
     2    0.01    0.23    0.24   10.37 ^ _109_/Y (sky130_fd_sc_hd__a21oi_2)
                                         _001_ (net)
                  0.23    0.00   10.37 ^ _111_/A_N (sky130_fd_sc_hd__and2b_1)
     1    0.01    0.09    0.45   10.82 v _111_/X (sky130_fd_sc_hd__and2b_1)
                                         _003_ (net)
                  0.09    0.00   10.82 v _112_/B1 (sky130_fd_sc_hd__a21oi_2)
     2    0.01    0.25    0.26   11.08 ^ _112_/Y (sky130_fd_sc_hd__a21oi_2)
                                         _004_ (net)
                  0.25    0.00   11.08 ^ _114_/A_N (sky130_fd_sc_hd__and2b_1)
     1    0.00    0.08    0.45   11.53 v _114_/X (sky130_fd_sc_hd__and2b_1)
                                         _006_ (net)
                  0.08    0.00   11.53 v _115_/B1 (sky130_fd_sc_hd__a21o_1)
     1    0.00    0.06    0.28   11.81 v _115_/X (sky130_fd_sc_hd__a21o_1)
                                         x20.out (net)
                  0.06    0.00   11.81 v _186_/D (sky130_fd_sc_hd__dfxtp_1)
                                 11.81   data arrival time

                          6.60    6.60   clock core_clock (rise edge)
                          0.00    6.60   clock source latency
     1    0.02    0.00    0.00    6.60 ^ clk (in)
                                         clk (net)
                  0.00    0.00    6.60 ^ clkbuf_0_clk/A (sky130_fd_sc_hd__clkbuf_16)
     4    0.04    0.10    0.22    6.82 ^ clkbuf_0_clk/X (sky130_fd_sc_hd__clkbuf_16)
                                         clknet_0_clk (net)
                  0.10    0.00    6.83 ^ clkbuf_2_3__f_clk/A (sky130_fd_sc_hd__clkbuf_16)
    10    0.04    0.09    0.26    7.08 ^ clkbuf_2_3__f_clk/X (sky130_fd_sc_hd__clkbuf_16)
                                         clknet_2_3__leaf_clk (net)
                  0.09    0.00    7.09 ^ _186_/CLK (sky130_fd_sc_hd__dfxtp_1)
                          0.00    7.09   clock reconvergence pessimism
                         -0.26    6.83   library setup time
                                  6.83   data required time
-----------------------------------------------------------------------------
                                  6.83   data required time
                                -11.81   data arrival time
-----------------------------------------------------------------------------
                                 -4.98   slack (VIOLATED)



======================= Typical Corner ===================================

Startpoint: _169_ (rising edge-triggered flip-flop clocked by core_clock)
Endpoint: _185_ (rising edge-triggered flip-flop clocked by core_clock)
Path Group: core_clock
Path Type: max
Corner: Typical

Fanout     Cap    Slew   Delay    Time   Description
-----------------------------------------------------------------------------
                          0.00    0.00   clock core_clock (rise edge)
                          0.00    0.00   clock source latency
     1    0.02    0.00    0.00    0.00 ^ clk (in)
                                         clk (net)
                  0.00    0.00    0.00 ^ clkbuf_0_clk/A (sky130_fd_sc_hd__clkbuf_16)
     4    0.04    0.06    0.13    0.13 ^ clkbuf_0_clk/X (sky130_fd_sc_hd__clkbuf_16)
                                         clknet_0_clk (net)
                  0.06    0.00    0.13 ^ clkbuf_2_1__f_clk/A (sky130_fd_sc_hd__clkbuf_16)
    16    0.04    0.06    0.15    0.28 ^ clkbuf_2_1__f_clk/X (sky130_fd_sc_hd__clkbuf_16)
                                         clknet_2_1__leaf_clk (net)
                  0.06    0.00    0.28 ^ _169_/CLK (sky130_fd_sc_hd__dfxtp_1)
     2    0.01    0.04    0.31    0.59 v _169_/Q (sky130_fd_sc_hd__dfxtp_1)
                                         x1.cin (net)
                  0.04    0.00    0.59 v _062_/A (sky130_fd_sc_hd__or2_4)
     2    0.01    0.05    0.24    0.84 v _062_/X (sky130_fd_sc_hd__or2_4)
                                         _014_ (net)
                  0.05    0.00    0.84 v _064_/A1 (sky130_fd_sc_hd__a21bo_1)
     2    0.01    0.05    0.18    1.02 v _064_/X (sky130_fd_sc_hd__a21bo_1)
                                         _016_ (net)
                  0.05    0.00    1.02 v _066_/B (sky130_fd_sc_hd__xor2_1)
     2    0.01    0.18    0.18    1.20 ^ _066_/X (sky130_fd_sc_hd__xor2_1)
                                         _018_ (net)
                  0.18    0.00    1.20 ^ _067_/A (sky130_fd_sc_hd__nand2_1)
     3    0.01    0.08    0.11    1.31 v _067_/Y (sky130_fd_sc_hd__nand2_1)
                                         _019_ (net)
                  0.08    0.00    1.31 v _069_/A2 (sky130_fd_sc_hd__a21boi_1)
     2    0.01    0.17    0.20    1.51 ^ _069_/Y (sky130_fd_sc_hd__a21boi_1)
                                         _021_ (net)
                  0.17    0.00    1.51 ^ _070_/B1 (sky130_fd_sc_hd__a21o_1)
     2    0.01    0.12    0.16    1.67 ^ _070_/X (sky130_fd_sc_hd__a21o_1)
                                         _022_ (net)
                  0.12    0.00    1.67 ^ _071_/B (sky130_fd_sc_hd__xor2_2)
     2    0.01    0.18    0.20    1.87 ^ _071_/X (sky130_fd_sc_hd__xor2_2)
                                         _023_ (net)
                  0.18    0.00    1.87 ^ _078_/A1 (sky130_fd_sc_hd__a21o_1)
     2    0.01    0.06    0.15    2.02 ^ _078_/X (sky130_fd_sc_hd__a21o_1)
                                         _030_ (net)
                  0.06    0.00    2.02 ^ _081_/A (sky130_fd_sc_hd__and3_1)
     2    0.01    0.09    0.17    2.19 ^ _081_/X (sky130_fd_sc_hd__and3_1)
                                         _033_ (net)
                  0.09    0.00    2.19 ^ _082_/B1 (sky130_fd_sc_hd__a21oi_2)
     2    0.01    0.06    0.05    2.24 v _082_/Y (sky130_fd_sc_hd__a21oi_2)
                                         _034_ (net)
                  0.06    0.00    2.24 v _083_/B (sky130_fd_sc_hd__xnor2_1)
     2    0.01    0.28    0.26    2.50 ^ _083_/Y (sky130_fd_sc_hd__xnor2_1)
                                         _035_ (net)
                  0.28    0.00    2.50 ^ _085_/A2 (sky130_fd_sc_hd__a21oi_2)
     2    0.01    0.07    0.11    2.61 v _085_/Y (sky130_fd_sc_hd__a21oi_2)
                                         _037_ (net)
                  0.07    0.00    2.61 v _086_/B (sky130_fd_sc_hd__xnor2_1)
     2    0.01    0.27    0.26    2.87 ^ _086_/Y (sky130_fd_sc_hd__xnor2_1)
                                         _038_ (net)
                  0.27    0.00    2.87 ^ _088_/A2 (sky130_fd_sc_hd__a21oi_2)
     2    0.01    0.07    0.11    2.98 v _088_/Y (sky130_fd_sc_hd__a21oi_2)
                                         _040_ (net)
                  0.07    0.00    2.98 v _089_/B (sky130_fd_sc_hd__xnor2_1)
     2    0.01    0.21    0.21    3.19 ^ _089_/Y (sky130_fd_sc_hd__xnor2_1)
                                         _041_ (net)
                  0.21    0.00    3.19 ^ _091_/A2 (sky130_fd_sc_hd__a21o_1)
     2    0.01    0.11    0.20    3.39 ^ _091_/X (sky130_fd_sc_hd__a21o_1)
                                         _043_ (net)
                  0.11    0.00    3.39 ^ _092_/B (sky130_fd_sc_hd__xnor2_2)
     2    0.01    0.13    0.12    3.52 ^ _092_/Y (sky130_fd_sc_hd__xnor2_2)
                                         _044_ (net)
                  0.13    0.00    3.52 ^ _094_/A2 (sky130_fd_sc_hd__o21a_1)
     2    0.01    0.12    0.18    3.70 ^ _094_/X (sky130_fd_sc_hd__o21a_1)
                                         _046_ (net)
                  0.12    0.00    3.70 ^ _096_/A_N (sky130_fd_sc_hd__and2b_1)
     1    0.00    0.04    0.20    3.89 v _096_/X (sky130_fd_sc_hd__and2b_1)
                                         _048_ (net)
                  0.04    0.00    3.89 v _097_/B1 (sky130_fd_sc_hd__a21oi_2)
     2    0.01    0.13    0.13    4.03 ^ _097_/Y (sky130_fd_sc_hd__a21oi_2)
                                         _049_ (net)
                  0.13    0.00    4.03 ^ _099_/A_N (sky130_fd_sc_hd__and2b_1)
     1    0.00    0.04    0.20    4.23 v _099_/X (sky130_fd_sc_hd__and2b_1)
                                         _051_ (net)
                  0.04    0.00    4.23 v _100_/B1 (sky130_fd_sc_hd__a21oi_2)
     2    0.01    0.14    0.14    4.37 ^ _100_/Y (sky130_fd_sc_hd__a21oi_2)
                                         _052_ (net)
                  0.14    0.00    4.37 ^ _102_/A_N (sky130_fd_sc_hd__and2b_1)
     1    0.00    0.03    0.19    4.56 v _102_/X (sky130_fd_sc_hd__and2b_1)
                                         _054_ (net)
                  0.03    0.00    4.56 v _103_/B1 (sky130_fd_sc_hd__a21o_1)
     2    0.01    0.07    0.18    4.75 v _103_/X (sky130_fd_sc_hd__a21o_1)
                                         _055_ (net)
                  0.07    0.00    4.75 v _104_/B (sky130_fd_sc_hd__xnor2_2)
     2    0.01    0.05    0.14    4.89 v _104_/Y (sky130_fd_sc_hd__xnor2_2)
                                         _056_ (net)
                  0.05    0.00    4.89 v _106_/A2 (sky130_fd_sc_hd__o21a_1)
     2    0.01    0.07    0.21    5.09 v _106_/X (sky130_fd_sc_hd__o21a_1)
                                         _058_ (net)
                  0.07    0.00    5.09 v _107_/B (sky130_fd_sc_hd__xnor2_2)
     2    0.01    0.18    0.18    5.27 ^ _107_/Y (sky130_fd_sc_hd__xnor2_2)
                                         _059_ (net)
                  0.18    0.00    5.27 ^ _109_/A1 (sky130_fd_sc_hd__a21oi_2)
     2    0.01    0.07    0.09    5.37 v _109_/Y (sky130_fd_sc_hd__a21oi_2)
                                         _001_ (net)
                  0.07    0.00    5.37 v _110_/B (sky130_fd_sc_hd__xnor2_1)
     2    0.01    0.29    0.27    5.64 ^ _110_/Y (sky130_fd_sc_hd__xnor2_1)
                                         _002_ (net)
                  0.29    0.00    5.64 ^ _112_/A2 (sky130_fd_sc_hd__a21oi_2)
     2    0.01    0.08    0.12    5.76 v _112_/Y (sky130_fd_sc_hd__a21oi_2)
                                         _004_ (net)
                  0.08    0.00    5.76 v _113_/B (sky130_fd_sc_hd__xnor2_1)
     2    0.01    0.21    0.21    5.98 ^ _113_/Y (sky130_fd_sc_hd__xnor2_1)
                                         _005_ (net)
                  0.21    0.00    5.98 ^ _135_/B (sky130_fd_sc_hd__xor2_1)
     1    0.01    0.16    0.20    6.18 ^ _135_/X (sky130_fd_sc_hd__xor2_1)
                                         x19.sum (net)
                  0.16    0.00    6.18 ^ _185_/D (sky130_fd_sc_hd__dfxtp_1)
                                  6.18   data arrival time

                          6.60    6.60   clock core_clock (rise edge)
                          0.00    6.60   clock source latency
     1    0.02    0.00    0.00    6.60 ^ clk (in)
                                         clk (net)
                  0.00    0.00    6.60 ^ clkbuf_0_clk/A (sky130_fd_sc_hd__clkbuf_16)
     4    0.04    0.06    0.13    6.73 ^ clkbuf_0_clk/X (sky130_fd_sc_hd__clkbuf_16)
                                         clknet_0_clk (net)
                  0.06    0.00    6.73 ^ clkbuf_2_1__f_clk/A (sky130_fd_sc_hd__clkbuf_16)
    16    0.04    0.06    0.15    6.88 ^ clkbuf_2_1__f_clk/X (sky130_fd_sc_hd__clkbuf_16)
                                         clknet_2_1__leaf_clk (net)
                  0.06    0.00    6.88 ^ _185_/CLK (sky130_fd_sc_hd__dfxtp_1)
                          0.00    6.88   clock reconvergence pessimism
                         -0.08    6.80   library setup time
                                  6.80   data required time
-----------------------------------------------------------------------------
                                  6.80   data required time
                                 -6.18   data arrival time
-----------------------------------------------------------------------------
                                  0.62   slack (MET)




===========================================================================
report_checks --slack_max -0.01
============================================================================
======================= Fastest Corner ===================================

No paths found.

======================= Slowest Corner ===================================

Startpoint: _169_ (rising edge-triggered flip-flop clocked by core_clock)
Endpoint: _186_ (rising edge-triggered flip-flop clocked by core_clock)
Path Group: core_clock
Path Type: max
Corner: Slowest

Fanout     Cap    Slew   Delay    Time   Description
-----------------------------------------------------------------------------
                          0.00    0.00   clock core_clock (rise edge)
                          0.00    0.00   clock source latency
     1    0.02    0.00    0.00    0.00 ^ clk (in)
                                         clk (net)
                  0.00    0.00    0.00 ^ clkbuf_0_clk/A (sky130_fd_sc_hd__clkbuf_16)
     4    0.04    0.10    0.22    0.22 ^ clkbuf_0_clk/X (sky130_fd_sc_hd__clkbuf_16)
                                         clknet_0_clk (net)
                  0.10    0.00    0.23 ^ clkbuf_2_1__f_clk/A (sky130_fd_sc_hd__clkbuf_16)
    16    0.04    0.10    0.26    0.49 ^ clkbuf_2_1__f_clk/X (sky130_fd_sc_hd__clkbuf_16)
                                         clknet_2_1__leaf_clk (net)
                  0.10    0.00    0.49 ^ _169_/CLK (sky130_fd_sc_hd__dfxtp_1)
     2    0.01    0.07    0.61    1.10 v _169_/Q (sky130_fd_sc_hd__dfxtp_1)
                                         x1.cin (net)
                  0.07    0.00    1.10 v _062_/A (sky130_fd_sc_hd__or2_4)
     2    0.01    0.08    0.47    1.57 v _062_/X (sky130_fd_sc_hd__or2_4)
                                         _014_ (net)
                  0.08    0.00    1.57 v _064_/A1 (sky130_fd_sc_hd__a21bo_1)
     2    0.01    0.10    0.35    1.92 v _064_/X (sky130_fd_sc_hd__a21bo_1)
                                         _016_ (net)
                  0.10    0.00    1.92 v _066_/B (sky130_fd_sc_hd__xor2_1)
     2    0.01    0.14    0.30    2.22 v _066_/X (sky130_fd_sc_hd__xor2_1)
                                         _018_ (net)
                  0.14    0.00    2.22 v _067_/A (sky130_fd_sc_hd__nand2_1)
     3    0.01    0.14    0.18    2.40 ^ _067_/Y (sky130_fd_sc_hd__nand2_1)
                                         _019_ (net)
                  0.14    0.00    2.40 ^ _068_/B (sky130_fd_sc_hd__nand3b_1)
     2    0.01    0.18    0.22    2.62 v _068_/Y (sky130_fd_sc_hd__nand3b_1)
                                         _020_ (net)
                  0.18    0.00    2.62 v _070_/A2 (sky130_fd_sc_hd__a21o_1)
     2    0.01    0.13    0.43    3.06 v _070_/X (sky130_fd_sc_hd__a21o_1)
                                         _022_ (net)
                  0.13    0.00    3.06 v _071_/B (sky130_fd_sc_hd__xor2_2)
     2    0.01    0.14    0.32    3.37 v _071_/X (sky130_fd_sc_hd__xor2_2)
                                         _023_ (net)
                  0.14    0.00    3.37 v _078_/A1 (sky130_fd_sc_hd__a21o_1)
     2    0.01    0.08    0.34    3.71 v _078_/X (sky130_fd_sc_hd__a21o_1)
                                         _030_ (net)
                  0.08    0.00    3.71 v _080_/A2 (sky130_fd_sc_hd__a21o_1)
     2    0.01    0.09    0.36    4.07 v _080_/X (sky130_fd_sc_hd__a21o_1)
                                         _032_ (net)
                  0.09    0.00    4.07 v _082_/A1 (sky130_fd_sc_hd__a21oi_2)
     2    0.01    0.21    0.26    4.33 ^ _082_/Y (sky130_fd_sc_hd__a21oi_2)
                                         _034_ (net)
                  0.21    0.00    4.33 ^ _084_/A_N (sky130_fd_sc_hd__and2b_1)
     1    0.01    0.09    0.44    4.77 v _084_/X (sky130_fd_sc_hd__and2b_1)
                                         _036_ (net)
                  0.09    0.00    4.77 v _085_/B1 (sky130_fd_sc_hd__a21oi_2)
     2    0.01    0.20    0.22    4.99 ^ _085_/Y (sky130_fd_sc_hd__a21oi_2)
                                         _037_ (net)
                  0.20    0.00    4.99 ^ _087_/A_N (sky130_fd_sc_hd__and2b_1)
     1    0.01    0.09    0.44    5.43 v _087_/X (sky130_fd_sc_hd__and2b_1)
                                         _039_ (net)
                  0.09    0.00    5.43 v _088_/B1 (sky130_fd_sc_hd__a21oi_2)
     2    0.01    0.20    0.22    5.65 ^ _088_/Y (sky130_fd_sc_hd__a21oi_2)
                                         _040_ (net)
                  0.20    0.00    5.65 ^ _090_/A_N (sky130_fd_sc_hd__and2b_1)
     1    0.00    0.07    0.42    6.06 v _090_/X (sky130_fd_sc_hd__and2b_1)
                                         _042_ (net)
                  0.07    0.00    6.06 v _091_/B1 (sky130_fd_sc_hd__a21o_1)
     2    0.01    0.13    0.35    6.41 v _091_/X (sky130_fd_sc_hd__a21o_1)
                                         _043_ (net)
                  0.13    0.00    6.41 v _092_/B (sky130_fd_sc_hd__xnor2_2)
     2    0.01    0.21    0.24    6.66 ^ _092_/Y (sky130_fd_sc_hd__xnor2_2)
                                         _044_ (net)
                  0.21    0.00    6.66 ^ _094_/A2 (sky130_fd_sc_hd__o21a_1)
     2    0.01    0.19    0.35    7.01 ^ _094_/X (sky130_fd_sc_hd__o21a_1)
                                         _046_ (net)
                  0.19    0.00    7.01 ^ _096_/A_N (sky130_fd_sc_hd__and2b_1)
     1    0.00    0.08    0.43    7.43 v _096_/X (sky130_fd_sc_hd__and2b_1)
                                         _048_ (net)
                  0.08    0.00    7.43 v _097_/B1 (sky130_fd_sc_hd__a21oi_2)
     2    0.01    0.21    0.23    7.66 ^ _097_/Y (sky130_fd_sc_hd__a21oi_2)
                                         _049_ (net)
                  0.21    0.00    7.66 ^ _099_/A_N (sky130_fd_sc_hd__and2b_1)
     1    0.00    0.08    0.44    8.10 v _099_/X (sky130_fd_sc_hd__and2b_1)
                                         _051_ (net)
                  0.08    0.00    8.10 v _100_/B1 (sky130_fd_sc_hd__a21oi_2)
     2    0.01    0.22    0.23    8.33 ^ _100_/Y (sky130_fd_sc_hd__a21oi_2)
                                         _052_ (net)
                  0.22    0.00    8.33 ^ _101_/B (sky130_fd_sc_hd__xnor2_1)
     2    0.01    0.43    0.33    8.66 ^ _101_/Y (sky130_fd_sc_hd__xnor2_1)
                                         _053_ (net)
                  0.43    0.00    8.67 ^ _103_/A2 (sky130_fd_sc_hd__a21o_1)
     2    0.01    0.18    0.43    9.10 ^ _103_/X (sky130_fd_sc_hd__a21o_1)
                                         _055_ (net)
                  0.18    0.00    9.10 ^ _104_/B (sky130_fd_sc_hd__xnor2_2)
     2    0.01    0.21    0.25    9.34 ^ _104_/Y (sky130_fd_sc_hd__xnor2_2)
                                         _056_ (net)
                  0.21    0.00    9.34 ^ _106_/A2 (sky130_fd_sc_hd__o21a_1)
     2    0.01    0.19    0.35    9.69 ^ _106_/X (sky130_fd_sc_hd__o21a_1)
                                         _058_ (net)
                  0.19    0.00    9.69 ^ _108_/A_N (sky130_fd_sc_hd__and2b_1)
     1    0.00    0.08    0.43   10.12 v _108_/X (sky130_fd_sc_hd__and2b_1)
                                         _000_ (net)
                  0.08    0.00   10.12 v _109_/B1 (sky130_fd_sc_hd__a21oi_2)
     2    0.01    0.23    0.24   10.37 ^ _109_/Y (sky130_fd_sc_hd__a21oi_2)
                                         _001_ (net)
                  0.23    0.00   10.37 ^ _111_/A_N (sky130_fd_sc_hd__and2b_1)
     1    0.01    0.09    0.45   10.82 v _111_/X (sky130_fd_sc_hd__and2b_1)
                                         _003_ (net)
                  0.09    0.00   10.82 v _112_/B1 (sky130_fd_sc_hd__a21oi_2)
     2    0.01    0.25    0.26   11.08 ^ _112_/Y (sky130_fd_sc_hd__a21oi_2)
                                         _004_ (net)
                  0.25    0.00   11.08 ^ _114_/A_N (sky130_fd_sc_hd__and2b_1)
     1    0.00    0.08    0.45   11.53 v _114_/X (sky130_fd_sc_hd__and2b_1)
                                         _006_ (net)
                  0.08    0.00   11.53 v _115_/B1 (sky130_fd_sc_hd__a21o_1)
     1    0.00    0.06    0.28   11.81 v _115_/X (sky130_fd_sc_hd__a21o_1)
                                         x20.out (net)
                  0.06    0.00   11.81 v _186_/D (sky130_fd_sc_hd__dfxtp_1)
                                 11.81   data arrival time

                          6.60    6.60   clock core_clock (rise edge)
                          0.00    6.60   clock source latency
     1    0.02    0.00    0.00    6.60 ^ clk (in)
                                         clk (net)
                  0.00    0.00    6.60 ^ clkbuf_0_clk/A (sky130_fd_sc_hd__clkbuf_16)
     4    0.04    0.10    0.22    6.82 ^ clkbuf_0_clk/X (sky130_fd_sc_hd__clkbuf_16)
                                         clknet_0_clk (net)
                  0.10    0.00    6.83 ^ clkbuf_2_3__f_clk/A (sky130_fd_sc_hd__clkbuf_16)
    10    0.04    0.09    0.26    7.08 ^ clkbuf_2_3__f_clk/X (sky130_fd_sc_hd__clkbuf_16)
                                         clknet_2_3__leaf_clk (net)
                  0.09    0.00    7.09 ^ _186_/CLK (sky130_fd_sc_hd__dfxtp_1)
                          0.00    7.09   clock reconvergence pessimism
                         -0.26    6.83   library setup time
                                  6.83   data required time
-----------------------------------------------------------------------------
                                  6.83   data required time
                                -11.81   data arrival time
-----------------------------------------------------------------------------
                                 -4.98   slack (VIOLATED)



======================= Typical Corner ===================================

No paths found.


===========================================================================
 report_check_types -max_slew -max_cap -max_fanout -violators
============================================================================
======================= Fastest Corner ===================================


max slew violations count Fastest: 0
max fanout violations count Fastest: 0
max cap violations count Fastest: 0
======================= Slowest Corner ===================================


max slew violations count Slowest: 0
max fanout violations count Slowest: 0
max cap violations count Slowest: 0
======================= Typical Corner ===================================


max slew violations count Typical: 0
max fanout violations count Typical: 0
max cap violations count Typical: 0

===========================================================================
report_parasitic_annotation -report_unannotated
============================================================================
Found 3 unannotated drivers.
 clkload0/Y
 clkload1/Y
 clkload2/Y
Found 0 partially unannotated drivers.

===========================================================================
max slew violation count 0
max fanout violation count 0
max cap violation count 0
============================================================================

===========================================================================
check_setup -verbose -unconstrained_endpoints -multiple_clock -no_clock -no_input_delay -loops -generated_clocks
===========================================================================
Warning: There are 33 input ports missing set_input_delay.
  a1
  a10
  a11
  a12
  a13
  a14
  a15
  a16
  a2
  a3
  a4
  a5
  a6
  a7
  a8
  a9
  b1
  b10
  b11
  b12
  b13
  b14
  b15
  b16
  b2
  b3
  b4
  b5
  b6
  b7
  b8
  b9
  cin
Warning: There are 50 unconstrained endpoints.
  cout
  s1
  s10
  s11
  s12
  s13
  s14
  s15
  s16
  s2
  s3
  s4
  s5
  s6
  s7
  s8
  s9
  _137_/D
  _138_/D
  _139_/D
  _140_/D
  _141_/D
  _142_/D
  _143_/D
  _144_/D
  _145_/D
  _146_/D
  _147_/D
  _148_/D
  _149_/D
  _150_/D
  _151_/D
  _152_/D
  _153_/D
  _154_/D
  _155_/D
  _156_/D
  _157_/D
  _158_/D
  _159_/D
  _160_/D
  _161_/D
  _162_/D
  _163_/D
  _164_/D
  _165_/D
  _166_/D
  _167_/D
  _168_/D
  _169_/D
