
===========================================================================
 report_power
============================================================================
======================= Fastest Corner ===================================

Group                  Internal  Switching    Leakage      Total
                          Power      Power      Power      Power (Watts)
----------------------------------------------------------------
Sequential             3.81e-04   2.03e-05   7.29e-10   4.02e-04  52.1%
Combinational          4.66e-05   3.85e-05   5.14e-10   8.52e-05  11.0%
Clock                  1.59e-04   1.25e-04   8.04e-10   2.85e-04  36.9%
Macro                  0.00e+00   0.00e+00   0.00e+00   0.00e+00   0.0%
Pad                    0.00e+00   0.00e+00   0.00e+00   0.00e+00   0.0%
----------------------------------------------------------------
Total                  5.88e-04   1.84e-04   2.05e-09   7.72e-04 100.0%
                          76.1%      23.9%       0.0%

======================= Slowest Corner ===================================

Group                  Internal  Switching    Leakage      Total
                          Power      Power      Power      Power (Watts)
----------------------------------------------------------------
Sequential             2.56e-04   1.35e-05   7.33e-07   2.70e-04  51.4%
Combinational          3.46e-05   2.55e-05   6.51e-07   6.07e-05  11.6%
Clock                  1.15e-04   7.98e-05   1.06e-07   1.95e-04  37.1%
Macro                  0.00e+00   0.00e+00   0.00e+00   0.00e+00   0.0%
Pad                    0.00e+00   0.00e+00   0.00e+00   0.00e+00   0.0%
----------------------------------------------------------------
Total                  4.05e-04   1.19e-04   1.49e-06   5.26e-04 100.0%
                          77.1%      22.6%       0.3%

======================= Typical Corner ===================================

Group                  Internal  Switching    Leakage      Total
                          Power      Power      Power      Power (Watts)
----------------------------------------------------------------
Sequential             3.29e-04   1.72e-05   4.22e-10   3.46e-04  52.0%
Combinational          4.21e-05   3.25e-05   3.96e-10   7.47e-05  11.2%
Clock                  1.40e-04   1.05e-04   5.19e-10   2.45e-04  36.8%
Macro                  0.00e+00   0.00e+00   0.00e+00   0.00e+00   0.0%
Pad                    0.00e+00   0.00e+00   0.00e+00   0.00e+00   0.0%
----------------------------------------------------------------
Total                  5.11e-04   1.55e-04   1.34e-09   6.65e-04 100.0%
                          76.7%      23.3%       0.0%

